编号[25c88f4348d9ba303f0686dc5d548f46]
等级: 1
圣晶石: 2
圣晶片: 3
呼符: 0
金/银/铜/青苹果: 0/0/0/0
登陆天数: 14天 / 72天
从者: {"[11]卫宫(Archer)★4": 1, "[71]迪尔姆德·奥迪那(Lancer)★3": 3, "[35]梅菲斯托费勒斯(Caster)★3": 1, "[81]亨利·杰基尔＆海德(Assassin)★3": 1, "[1]玛修·基列莱特(Shielder)★3": 1}
礼装: {"[22]原始咒术★4": 1, "[25]绿之破音★4": 1, "[37]芦苇海★3": 1, "[39]抹大拉的圣骸布★4": 1, "[92]白鹳骑士★3": 1}

编号[9bd2abaea86a7063c75b4355252302c3]
等级: 1
圣晶石: 2
圣晶片: 3
呼符: 0
金/银/铜/青苹果: 0/0/0/0
登陆天数: 14天 / 72天
从者: {"[13]罗宾汉(Archer)★3": 1, "[71]迪尔姆德·奥迪那(Lancer)★3": 1, "[27]牛若丸(Rider)★3": 1, "[80]查尔斯·巴贝奇(Caster)★3": 1, "[42]匕见(Assassin)★3": 1, "[159]燕青(Assassin)★4": 1, "[56]清姬(Berserker)★3": 1, "[58]玉藻猫(Berserker)★4": 1, "[1]玛修·基列莱特(Shielder)★3": 1}
礼装: {"[22]原始咒术★4": 1, "[25]绿之破音★4": 1, "[56]指令咏唱★4": 1}

编号[31beb7c2fc325741c2b5f3c41411925e]
等级: 1
圣晶石: 2
圣晶片: 3
呼符: 0
金/银/铜/青苹果: 0/0/0/0
登陆天数: 14天 / 72天
从者: {"[325]芝诺比阿(Archer)★4": 1, "[71]迪尔姆德·奥迪那(Lancer)★3": 1, "[64]赫克托耳(Lancer)★3": 1, "[23]歌果(Rider)★3": 1, "[35]梅菲斯托费勒斯(Caster)★3": 1, "[49]虎狼(Berserker)★3": 1, "[56]清姬(Berserker)★3": 1, "[1]玛修·基列莱特(Shielder)★3": 1}
礼装: {"[26]宝石魔术·对影★4": 1, "[27]秉持优雅★4": 1, "[39]抹大拉的圣骸布★4": 1, "[96]鲁格的光环★3": 1}

编号[0e22d5ef231d2da89b5923c8afbf43f4]
等级: 1
圣晶石: 2
圣晶片: 3
呼符: 0
金/银/铜/青苹果: 0/0/0/0
登陆天数: 14天 / 72天
从者: {"[298]渡边纲(Saber)★4": 1, "[13]罗宾汉(Archer)★3": 1, "[17]库·丘林(Lancer)★3": 1, "[23]歌果(Rider)★3": 1, "[1]玛修·基列莱特(Shielder)★3": 1}
礼装: {"[39]抹大拉的圣骸布★4": 1, "[47]一之太刀★4": 1, "[65]魔猪★3": 1, "[73]死灵魔术★4": 1, "[90]魔力计★3": 1, "[91]爱之灵药★3": 1, "[94]摩托·装甲骑兵★3": 1}

编号[d9db3736b353b8b468da8d650dd75dde]
等级: 1
圣晶石: 2
圣晶片: 3
呼符: 0
金/银/铜/青苹果: 0/0/0/0
登陆天数: 14天 / 72天
从者: {"[325]芝诺比阿(Archer)★4": 1, "[64]赫克托耳(Lancer)★3": 2, "[79]冯·霍恩海姆·帕拉塞尔苏斯(Caster)★3": 1, "[42]匕见(Assassin)★3": 1, "[159]燕青(Assassin)★4": 1, "[1]玛修·基列莱特(Shielder)★3": 1}
礼装: {"[24]Gandr★4": 1, "[29]天之晚餐★4": 1, "[46]符文石★3": 1, "[92]白鹳骑士★3": 1, "[93]阿兰若★3": 1}

编号[481691d185a851c7f587fcd7b389bc2a]
等级: 1
圣晶石: 2
圣晶片: 3
呼符: 0
金/银/铜/青苹果: 0/0/0/0
登陆天数: 14天 / 72天
从者: {"[7]盖乌斯·尤利乌斯·恺撒(Saber)★3": 1, "[72]弗格斯·马克·罗伊(Saber)★3": 1, "[18]伊丽莎白·巴托里(Lancer)★4": 1, "[26]布狄卡(Rider)★3": 2, "[28]亚历山大(Rider)★3": 1, "[31]美狄亚(Caster)★3": 1, "[79]冯·霍恩海姆·帕拉塞尔苏斯(Caster)★3": 1, "[35]梅菲斯托费勒斯(Caster)★3": 1, "[55]大流士三世(Berserker)★3": 1, "[1]玛修·基列莱特(Shielder)★3": 1}
礼装: {"[25]绿之破音★4": 1}

编号[1e8e363219586d5e6b58a31270ea89ab]
等级: 1
圣晶石: 329
圣晶片: 3
呼符: 53
金/银/铜/青苹果: 44/0/0/0
登陆天数: 14天 / 73天
从者: {"[11]卫宫(Archer)★4": 1, "[20]库·丘林〔Prototype〕(Lancer)★3": 1, "[64]赫克托耳(Lancer)★3": 1, "[80]查尔斯·巴贝奇(Caster)★3": 1, "[56]清姬(Berserker)★3": 1, "[58]玉藻猫(Berserker)★4": 1, "[1]玛修·基列莱特(Shielder)★3": 1}
礼装: {"[29]天之晚餐★4": 1, "[30]天使之诗★4": 1, "[39]抹大拉的圣骸布★4": 1, "[47]一之太刀★4": 1, "[96]鲁格的光环★3": 1}

编号[5c32f2d2a0081e27a476cf8b39361a66]
等级: 1
圣晶石: 2
圣晶片: 3
呼符: 0
金/银/铜/青苹果: 0/0/0/0
登陆天数: 14天 / 72天
从者: {"[245]拉克什米·芭伊(Saber)★4": 1, "[22]罗穆路斯(Lancer)★3": 1, "[214]瓦尔基里(Lancer)★4": 1, "[28]亚历山大(Rider)★3": 1, "[120]尼托克丽丝(Caster)★4": 1, "[81]亨利·杰基尔＆海德(Assassin)★3": 1, "[1]玛修·基列莱特(Shielder)★3": 1}
礼装: {"[28]虚数魔术★4": 1, "[56]指令咏唱★4": 1, "[89]柳洞寺★3": 1, "[92]白鹳骑士★3": 1, "[94]摩托·装甲骑兵★3": 1}

编号[49019b622f046ca94e4d8b3dc86ef32c]
等级: 1
圣晶石: 311
圣晶片: 3
呼符: 52
金/银/铜/青苹果: 44/0/0/0
登陆天数: 14天 / 72天
从者: {"[7]盖乌斯·尤利乌斯·恺撒(Saber)★3": 1, "[13]罗宾汉(Archer)★3": 1, "[17]库·丘林(Lancer)★3": 1, "[71]迪尔姆德·奥迪那(Lancer)★3": 1, "[94]阿斯托尔福(Rider)★4": 1, "[81]亨利·杰基尔＆海德(Assassin)★3": 2, "[1]玛修·基列莱特(Shielder)★3": 1}
礼装: {"[21]钢之锻炼★4": 1, "[22]原始咒术★4": 1, "[27]秉持优雅★4": 1, "[92]白鹳骑士★3": 1}

编号[73d2850820f49644e8a2ba4b5a0a866a]
等级: 1
圣晶石: 2
圣晶片: 3
呼符: 0
金/银/铜/青苹果: 0/0/0/0
登陆天数: 14天 / 72天
从者: {"[9]吉尔·德·雷(Saber)★3": 1, "[22]罗穆路斯(Lancer)★3": 1, "[332]ドブルイニャ・ニキチッチ(Rider)★4": 1, "[81]亨利·杰基尔＆海德(Assassin)★3": 1, "[159]燕青(Assassin)★4": 1, "[49]虎狼(Berserker)★3": 1, "[1]玛修·基列莱特(Shielder)★3": 1}
礼装: {"[39]抹大拉的圣骸布★4": 1, "[95]狮子玩偶★3": 1, "[96]鲁格的光环★3": 1, "[98]千年黄金树★4": 2}

编号[122dd02d26d324503a0964594cad5765]
等级: 1
圣晶石: 2
圣晶片: 3
呼符: 0
金/银/铜/青苹果: 0/0/0/0
登陆天数: 14天 / 72天
从者: {"[298]渡边纲(Saber)★4": 1, "[13]罗宾汉(Archer)★3": 2, "[17]库·丘林(Lancer)★3": 1, "[20]库·丘林〔Prototype〕(Lancer)★3": 1, "[159]燕青(Assassin)★4": 1, "[1]玛修·基列莱特(Shielder)★3": 1}
礼装: {"[21]钢之锻炼★4": 1, "[24]Gandr★4": 1, "[27]秉持优雅★4": 1, "[46]符文石★3": 1, "[66]骑士的矜持★4": 1}

编号[3d60c381d39cc947f7b8a72a8f5bf598]
等级: 1
圣晶石: 2
圣晶片: 3
呼符: 0
金/银/铜/青苹果: 0/0/0/0
登陆天数: 14天 / 72天
从者: {"[72]弗格斯·马克·罗伊(Saber)★3": 1, "[9]吉尔·德·雷(Saber)★3": 1, "[245]拉克什米·芭伊(Saber)★4": 1, "[63]大卫(Archer)★3": 1, "[71]迪尔姆德·奥迪那(Lancer)★3": 1, "[49]虎狼(Berserker)★3": 1, "[55]大流士三世(Berserker)★3": 1, "[1]玛修·基列莱特(Shielder)★3": 1}
礼装: {"[27]秉持优雅★4": 1, "[37]芦苇海★3": 1, "[66]骑士的矜持★4": 1, "[94]摩托·装甲骑兵★3": 1}

编号[95f0b6a22d3f048ed711307ee4f2dead]
等级: 1
圣晶石: 2
圣晶片: 3
呼符: 0
金/银/铜/青苹果: 0/0/0/0
登陆天数: 14天 / 71天
从者: {"[72]弗格斯·马克·罗伊(Saber)★3": 1, "[11]卫宫(Archer)★4": 1, "[27]牛若丸(Rider)★3": 1, "[120]尼托克丽丝(Caster)★4": 1, "[49]虎狼(Berserker)★3": 2, "[1]玛修·基列莱特(Shielder)★3": 1}
礼装: {"[30]天使之诗★4": 1, "[39]抹大拉的圣骸布★4": 1, "[46]符文石★3": 2, "[94]摩托·装甲骑兵★3": 1}

编号[68d8affae057d836a5a4102a97aa116d]
等级: 1
圣晶石: 2
圣晶片: 3
呼符: 0
金/银/铜/青苹果: 0/0/0/0
登陆天数: 14天 / 72天
从者: {"[18]伊丽莎白·巴托里(Lancer)★4": 1, "[22]罗穆路斯(Lancer)★3": 1, "[64]赫克托耳(Lancer)★3": 1, "[35]梅菲斯托费勒斯(Caster)★3": 1, "[192]喀耳刻(Caster)★4": 1, "[49]虎狼(Berserker)★3": 1, "[56]清姬(Berserker)★3": 1, "[1]玛修·基列莱特(Shielder)★3": 1}
礼装: {"[23]投影魔术★4": 1, "[26]宝石魔术·对影★4": 1, "[42]Mooncell Automaton★3": 1, "[65]魔猪★3": 1}

编号[ca4bf170626e04e43ef55e230bdbb4b8]
等级: 1
圣晶石: 2
圣晶片: 3
呼符: 0
金/银/铜/青苹果: 0/0/0/0
登陆天数: 14天 / 72天
从者: {"[13]罗宾汉(Archer)★3": 1, "[325]芝诺比阿(Archer)★4": 1, "[20]库·丘林〔Prototype〕(Lancer)★3": 2, "[35]梅菲斯托费勒斯(Caster)★3": 1, "[47]赫拉克勒斯(Berserker)★4": 2, "[1]玛修·基列莱特(Shielder)★3": 1}
礼装: {"[26]宝石魔术·对影★4": 1, "[29]天之晚餐★4": 1, "[38]封印指定　执行者★4": 1, "[94]摩托·装甲骑兵★3": 1}

编号[5fd0061185b328f7442c1608f884c4fb]
等级: 1
圣晶石: 2
圣晶片: 3
呼符: 0
金/银/铜/青苹果: 0/0/0/0
登陆天数: 14天 / 72天
从者: {"[72]弗格斯·马克·罗伊(Saber)★3": 1, "[298]渡边纲(Saber)★4": 1, "[15]尤瑞艾莉(Archer)★3": 1, "[28]亚历山大(Rider)★3": 2, "[192]喀耳刻(Caster)★4": 1, "[56]清姬(Berserker)★3": 1, "[1]玛修·基列莱特(Shielder)★3": 1}
礼装: {"[29]天之晚餐★4": 1, "[74]觉醒的意志★4": 1, "[92]白鹳骑士★3": 1, "[98]千年黄金树★4": 1}

编号[780c7380a99c88451a8a0134aabef459]
等级: 1
圣晶石: 2
圣晶片: 3
呼符: 0
金/银/铜/青苹果: 0/0/0/0
登陆天数: 14天 / 72天
从者: {"[15]尤瑞艾莉(Archer)★3": 1, "[71]迪尔姆德·奥迪那(Lancer)★3": 1, "[18]伊丽莎白·巴托里(Lancer)★4": 1, "[120]尼托克丽丝(Caster)★4": 1, "[192]喀耳刻(Caster)★4": 1, "[41]斯忒诺(Assassin)★4": 1, "[47]赫拉克勒斯(Berserker)★4": 1, "[1]玛修·基列莱特(Shielder)★3": 1}
礼装: {"[21]钢之锻炼★4": 1, "[38]封印指定　执行者★4": 1, "[94]摩托·装甲骑兵★3": 1, "[96]鲁格的光环★3": 1}

编号[f6fe4bb0792e5a259ea479edc8c9d258]
等级: 1
圣晶石: 2
圣晶片: 3
呼符: 0
金/银/铜/青苹果: 0/0/0/0
登陆天数: 14天 / 72天
从者: {"[72]弗格斯·马克·罗伊(Saber)★3": 1, "[13]罗宾汉(Archer)★3": 1, "[63]大卫(Archer)★3": 1, "[17]库·丘林(Lancer)★3": 1, "[28]亚历山大(Rider)★3": 1, "[120]尼托克丽丝(Caster)★4": 1, "[42]匕见(Assassin)★3": 1, "[55]大流士三世(Berserker)★3": 1, "[1]玛修·基列莱特(Shielder)★3": 1}
礼装: {"[22]原始咒术★4": 1, "[26]宝石魔术·对影★4": 1, "[95]狮子玩偶★3": 1}

编号[ad9e8a87465c4d68ff7aef105d9e0dd1]
等级: 1
圣晶石: 2
圣晶片: 3
呼符: 0
金/银/铜/青苹果: 0/0/0/0
登陆天数: 14天 / 72天
从者: {"[9]吉尔·德·雷(Saber)★3": 1, "[245]拉克什米·芭伊(Saber)★4": 1, "[298]渡边纲(Saber)★4": 1, "[13]罗宾汉(Archer)★3": 1, "[20]库·丘林〔Prototype〕(Lancer)★3": 1, "[214]瓦尔基里(Lancer)★4": 1, "[26]布狄卡(Rider)★3": 1, "[27]牛若丸(Rider)★3": 1, "[47]赫拉克勒斯(Berserker)★4": 1, "[1]玛修·基列莱特(Shielder)★3": 1}
礼装: {"[47]一之太刀★4": 1, "[66]骑士的矜持★4": 1}

编号[eddfab065f1fa1ecff0b5dee8a8fdc17]
等级: 1
圣晶石: 2
圣晶片: 3
呼符: 0
金/银/铜/青苹果: 0/0/0/0
登陆天数: 14天 / 72天
从者: {"[9]吉尔·德·雷(Saber)★3": 1, "[22]罗穆路斯(Lancer)★3": 1, "[64]赫克托耳(Lancer)★3": 1, "[214]瓦尔基里(Lancer)★4": 1, "[27]牛若丸(Rider)★3": 1, "[31]美狄亚(Caster)★3": 1, "[81]亨利·杰基尔＆海德(Assassin)★3": 1, "[159]燕青(Assassin)★4": 1, "[1]玛修·基列莱特(Shielder)★3": 1}
礼装: {"[47]一之太刀★4": 1, "[94]摩托·装甲骑兵★3": 1, "[96]鲁格的光环★3": 1}

编号[5c9229f64a9c24f2b211ed230e578485]
等级: 1
圣晶石: 2
圣晶片: 3
呼符: 0
金/银/铜/青苹果: 0/0/0/0
登陆天数: 14天 / 72天
从者: {"[72]弗格斯·马克·罗伊(Saber)★3": 1, "[15]尤瑞艾莉(Archer)★3": 1, "[17]库·丘林(Lancer)★3": 1, "[71]迪尔姆德·奥迪那(Lancer)★3": 1, "[41]斯忒诺(Assassin)★4": 1, "[159]燕青(Assassin)★4": 1, "[49]虎狼(Berserker)★3": 1, "[1]玛修·基列莱特(Shielder)★3": 1}
礼装: {"[22]原始咒术★4": 1, "[55]扬帆远航★3": 1, "[65]魔猪★3": 1, "[93]阿兰若★3": 1}

编号[918650b99dbc88e6510b23145e071200]
等级: 1
圣晶石: 2
圣晶片: 3
呼符: 0
金/银/铜/青苹果: 0/0/0/0
登陆天数: 14天 / 72天
从者: {"[245]拉克什米·芭伊(Saber)★4": 1, "[63]大卫(Archer)★3": 1, "[332]ドブルイニャ・ニキチッチ(Rider)★4": 1, "[31]美狄亚(Caster)★3": 1, "[80]查尔斯·巴贝奇(Caster)★3": 1, "[49]虎狼(Berserker)★3": 1, "[55]大流士三世(Berserker)★3": 1, "[1]玛修·基列莱特(Shielder)★3": 1}
礼装: {"[22]原始咒术★4": 1, "[65]魔猪★3": 2, "[73]死灵魔术★4": 1}

编号[a968b9414b2eb545455bedcc2361a68c]
等级: 1
圣晶石: 2
圣晶片: 3
呼符: 0
金/银/铜/青苹果: 0/0/0/0
登陆天数: 14天 / 72天
从者: {"[7]盖乌斯·尤利乌斯·恺撒(Saber)★3": 1, "[72]弗格斯·马克·罗伊(Saber)★3": 1, "[71]迪尔姆德·奥迪那(Lancer)★3": 1, "[64]赫克托耳(Lancer)★3": 1, "[31]美狄亚(Caster)★3": 1, "[120]尼托克丽丝(Caster)★4": 1, "[192]喀耳刻(Caster)★4": 2, "[55]大流士三世(Berserker)★3": 1, "[1]玛修·基列莱特(Shielder)★3": 1}
礼装: {"[55]扬帆远航★3": 1, "[56]指令咏唱★4": 1}

编号[da992a3444da3177a03f7d09691eb789]
等级: 1
圣晶石: 2
圣晶片: 3
呼符: 0
金/银/铜/青苹果: 0/0/0/0
登陆天数: 14天 / 72天
从者: {"[245]拉克什米·芭伊(Saber)★4": 1, "[63]大卫(Archer)★3": 1, "[81]亨利·杰基尔＆海德(Assassin)★3": 2, "[47]赫拉克勒斯(Berserker)★4": 1, "[58]玉藻猫(Berserker)★4": 1, "[1]玛修·基列莱特(Shielder)★3": 1}
礼装: {"[28]虚数魔术★4": 2, "[42]Mooncell Automaton★3": 1, "[73]死灵魔术★4": 1, "[89]柳洞寺★3": 1}

编号[0e752819b370e1f6b5b0da9495621dea]
等级: 1
圣晶石: 2
圣晶片: 3
呼符: 0
金/银/铜/青苹果: 0/0/0/0
登陆天数: 14天 / 72天
从者: {"[15]尤瑞艾莉(Archer)★3": 1, "[71]迪尔姆德·奥迪那(Lancer)★3": 1, "[64]赫克托耳(Lancer)★3": 2, "[31]美狄亚(Caster)★3": 1, "[80]查尔斯·巴贝奇(Caster)★3": 1, "[35]梅菲斯托费勒斯(Caster)★3": 1, "[159]燕青(Assassin)★4": 1, "[49]虎狼(Berserker)★3": 1, "[1]玛修·基列莱特(Shielder)★3": 1}
礼装: {"[73]死灵魔术★4": 1, "[98]千年黄金树★4": 1}

编号[04c03babf009048574cbf8ce6acc7410]
等级: 1
圣晶石: 2
圣晶片: 3
呼符: 0
金/银/铜/青苹果: 0/0/0/0
登陆天数: 14天 / 72天
从者: {"[63]大卫(Archer)★3": 1, "[64]赫克托耳(Lancer)★3": 1, "[35]梅菲斯托费勒斯(Caster)★3": 2, "[47]赫拉克勒斯(Berserker)★4": 1, "[49]虎狼(Berserker)★3": 1, "[55]大流士三世(Berserker)★3": 1, "[58]玉藻猫(Berserker)★4": 1, "[1]玛修·基列莱特(Shielder)★3": 1}
礼装: {"[24]Gandr★4": 1, "[26]宝石魔术·对影★4": 1, "[72]时钟塔★3": 1}

编号[04eaefc926ef7444cc2bfe4b88790779]
等级: 1
圣晶石: 2
圣晶片: 3
呼符: 0
金/银/铜/青苹果: 0/0/0/0
登陆天数: 14天 / 72天
从者: {"[298]渡边纲(Saber)★4": 1, "[63]大卫(Archer)★3": 3, "[17]库·丘林(Lancer)★3": 1, "[94]阿斯托尔福(Rider)★4": 1, "[27]牛若丸(Rider)★3": 1, "[35]梅菲斯托费勒斯(Caster)★3": 1, "[1]玛修·基列莱特(Shielder)★3": 1}
礼装: {"[23]投影魔术★4": 1, "[65]魔猪★3": 1, "[91]爱之灵药★3": 1}

编号[65ffb0f54626d5d9ead39031e11570d4]
等级: 1
圣晶石: 2
圣晶片: 3
呼符: 0
金/银/铜/青苹果: 0/0/0/0
登陆天数: 14天 / 72天
从者: {"[72]弗格斯·马克·罗伊(Saber)★3": 2, "[298]渡边纲(Saber)★4": 1, "[17]库·丘林(Lancer)★3": 1, "[94]阿斯托尔福(Rider)★4": 1, "[159]燕青(Assassin)★4": 1, "[56]清姬(Berserker)★3": 2, "[1]玛修·基列莱特(Shielder)★3": 1}
礼装: {"[25]绿之破音★4": 1, "[27]秉持优雅★4": 1, "[37]芦苇海★3": 1}

编号[2d51513995dea038bbb7744f0ada2481]
等级: 1
圣晶石: 2
圣晶片: 3
呼符: 0
金/银/铜/青苹果: 0/0/0/0
登陆天数: 14天 / 72天
从者: {"[9]吉尔·德·雷(Saber)★3": 2, "[18]伊丽莎白·巴托里(Lancer)★4": 2, "[31]美狄亚(Caster)★3": 2, "[35]梅菲斯托费勒斯(Caster)★3": 1, "[49]虎狼(Berserker)★3": 1, "[1]玛修·基列莱特(Shielder)★3": 1}
礼装: {"[24]Gandr★4": 1, "[47]一之太刀★4": 1, "[93]阿兰若★3": 1}

编号[3603378c899b96178c7ec53c8ab71a8d]
等级: 1
圣晶石: 2
圣晶片: 3
呼符: 0
金/银/铜/青苹果: 0/0/0/0
登陆天数: 14天 / 72天
从者: {"[18]伊丽莎白·巴托里(Lancer)★4": 1, "[31]美狄亚(Caster)★3": 1, "[79]冯·霍恩海姆·帕拉塞尔苏斯(Caster)★3": 1, "[42]匕见(Assassin)★3": 1, "[49]虎狼(Berserker)★3": 3, "[55]大流士三世(Berserker)★3": 1, "[1]玛修·基列莱特(Shielder)★3": 1}
礼装: {"[22]原始咒术★4": 1, "[46]符文石★3": 1, "[94]摩托·装甲骑兵★3": 1}

编号[64146ea0d73d491bdfc77e0b1e960e1b]
等级: 1
圣晶石: 2
圣晶片: 3
呼符: 0
金/银/铜/青苹果: 0/0/0/0
登陆天数: 14天 / 72天
从者: {"[71]迪尔姆德·奥迪那(Lancer)★3": 1, "[20]库·丘林〔Prototype〕(Lancer)★3": 1, "[23]歌果(Rider)★3": 1, "[28]亚历山大(Rider)★3": 1, "[120]尼托克丽丝(Caster)★4": 1, "[192]喀耳刻(Caster)★4": 1, "[55]大流士三世(Berserker)★3": 1, "[1]玛修·基列莱特(Shielder)★3": 1}
礼装: {"[26]宝石魔术·对影★4": 1, "[89]柳洞寺★3": 1, "[92]白鹳骑士★3": 1, "[94]摩托·装甲骑兵★3": 1}

编号[c7d5251ddb319392638d4bfa8150cc6f]
等级: 1
圣晶石: 2
圣晶片: 3
呼符: 0
金/银/铜/青苹果: 0/0/0/0
登陆天数: 14天 / 72天
从者: {"[298]渡边纲(Saber)★4": 1, "[11]卫宫(Archer)★4": 1, "[13]罗宾汉(Archer)★3": 1, "[20]库·丘林〔Prototype〕(Lancer)★3": 1, "[26]布狄卡(Rider)★3": 2, "[80]查尔斯·巴贝奇(Caster)★3": 1, "[1]玛修·基列莱特(Shielder)★3": 1}
礼装: {"[22]原始咒术★4": 1, "[47]一之太刀★4": 1, "[73]死灵魔术★4": 1, "[92]白鹳骑士★3": 1}

编号[ace8d06360432558201da518dda61037]
等级: 1
圣晶石: 2
圣晶片: 3
呼符: 0
金/银/铜/青苹果: 0/0/0/0
登陆天数: 14天 / 72天
从者: {"[298]渡边纲(Saber)★4": 1, "[15]尤瑞艾莉(Archer)★3": 1, "[20]库·丘林〔Prototype〕(Lancer)★3": 1, "[31]美狄亚(Caster)★3": 1, "[80]查尔斯·巴贝奇(Caster)★3": 1, "[42]匕见(Assassin)★3": 2, "[55]大流士三世(Berserker)★3": 1, "[1]玛修·基列莱特(Shielder)★3": 1}
礼装: {"[29]天之晚餐★4": 1, "[38]封印指定　执行者★4": 1, "[42]Mooncell Automaton★3": 1}

编号[f64122e5f319a4840dcfd06c0c2f25e3]
等级: 1
圣晶石: 2
圣晶片: 3
呼符: 0
金/银/铜/青苹果: 0/0/0/0
登陆天数: 14天 / 72天
从者: {"[71]迪尔姆德·奥迪那(Lancer)★3": 1, "[64]赫克托耳(Lancer)★3": 1, "[79]冯·霍恩海姆·帕拉塞尔苏斯(Caster)★3": 1, "[81]亨利·杰基尔＆海德(Assassin)★3": 1, "[42]匕见(Assassin)★3": 1, "[159]燕青(Assassin)★4": 1, "[55]大流士三世(Berserker)★3": 1, "[1]玛修·基列莱特(Shielder)★3": 1}
礼装: {"[37]芦苇海★3": 1, "[42]Mooncell Automaton★3": 1, "[46]符文石★3": 1, "[66]骑士的矜持★4": 1}

编号[349dac6c9f0c35b3d1d7cffd548a4015]
等级: 1
圣晶石: 2
圣晶片: 3
呼符: 0
金/银/铜/青苹果: 0/0/0/0
登陆天数: 14天 / 72天
从者: {"[245]拉克什米·芭伊(Saber)★4": 1, "[26]布狄卡(Rider)★3": 2, "[120]尼托克丽丝(Caster)★4": 1, "[49]虎狼(Berserker)★3": 1, "[58]玉藻猫(Berserker)★4": 1, "[1]玛修·基列莱特(Shielder)★3": 1}
礼装: {"[24]Gandr★4": 1, "[38]封印指定　执行者★4": 1, "[47]一之太刀★4": 1, "[55]扬帆远航★3": 1, "[95]狮子玩偶★3": 1}

编号[0ac3f534bc98cfdf2dbef1e3e923ffdf]
等级: 1
圣晶石: 2
圣晶片: 3
呼符: 0
金/银/铜/青苹果: 0/0/0/0
登陆天数: 14天 / 72天
从者: {"[9]吉尔·德·雷(Saber)★3": 1, "[15]尤瑞艾莉(Archer)★3": 1, "[18]伊丽莎白·巴托里(Lancer)★4": 1, "[64]赫克托耳(Lancer)★3": 1, "[80]查尔斯·巴贝奇(Caster)★3": 1, "[120]尼托克丽丝(Caster)★4": 1, "[55]大流士三世(Berserker)★3": 1, "[58]玉藻猫(Berserker)★4": 1, "[1]玛修·基列莱特(Shielder)★3": 1}
礼装: {"[29]天之晚餐★4": 1, "[37]芦苇海★3": 1, "[93]阿兰若★3": 1}

编号[ae976db8fb2ddbe0fe843be29f27f33b]
等级: 1
圣晶石: 2
圣晶片: 3
呼符: 0
金/银/铜/青苹果: 0/0/0/0
登陆天数: 14天 / 72天
从者: {"[13]罗宾汉(Archer)★3": 1, "[18]伊丽莎白·巴托里(Lancer)★4": 2, "[31]美狄亚(Caster)★3": 1, "[42]匕见(Assassin)★3": 1, "[55]大流士三世(Berserker)★3": 1, "[56]清姬(Berserker)★3": 1, "[1]玛修·基列莱特(Shielder)★3": 1}
礼装: {"[28]虚数魔术★4": 1, "[29]天之晚餐★4": 1, "[37]芦苇海★3": 1, "[89]柳洞寺★3": 1}

编号[b5e77c7cd2d77546cc41550585b2a0d4]
等级: 1
圣晶石: 2
圣晶片: 3
呼符: 0
金/银/铜/青苹果: 0/0/0/0
登陆天数: 14天 / 72天
从者: {"[72]弗格斯·马克·罗伊(Saber)★3": 1, "[298]渡边纲(Saber)★4": 1, "[15]尤瑞艾莉(Archer)★3": 1, "[64]赫克托耳(Lancer)★3": 2, "[94]阿斯托尔福(Rider)★4": 1, "[81]亨利·杰基尔＆海德(Assassin)★3": 1, "[41]斯忒诺(Assassin)★4": 1, "[56]清姬(Berserker)★3": 1, "[1]玛修·基列莱特(Shielder)★3": 1}
礼装: {"[21]钢之锻炼★4": 1, "[27]秉持优雅★4": 1}

编号[70853b41a6042114e44ebf66199229bf]
等级: 1
圣晶石: 2
圣晶片: 3
呼符: 0
金/银/铜/青苹果: 0/0/0/0
登陆天数: 14天 / 72天
从者: {"[7]盖乌斯·尤利乌斯·恺撒(Saber)★3": 1, "[63]大卫(Archer)★3": 1, "[18]伊丽莎白·巴托里(Lancer)★4": 1, "[332]ドブルイニャ・ニキチッチ(Rider)★4": 1, "[79]冯·霍恩海姆·帕拉塞尔苏斯(Caster)★3": 1, "[81]亨利·杰基尔＆海德(Assassin)★3": 1, "[55]大流士三世(Berserker)★3": 2, "[1]玛修·基列莱特(Shielder)★3": 1}
礼装: {"[39]抹大拉的圣骸布★4": 2, "[46]符文石★3": 1}

编号[efc470dd4309a70f6ddf629c83318d92]
等级: 1
圣晶石: 2
圣晶片: 3
呼符: 0
金/银/铜/青苹果: 0/0/0/0
登陆天数: 14天 / 72天
从者: {"[13]罗宾汉(Archer)★3": 1, "[18]伊丽莎白·巴托里(Lancer)★4": 1, "[22]罗穆路斯(Lancer)★3": 1, "[64]赫克托耳(Lancer)★3": 1, "[80]查尔斯·巴贝奇(Caster)★3": 1, "[81]亨利·杰基尔＆海德(Assassin)★3": 1, "[42]匕见(Assassin)★3": 1, "[1]玛修·基列莱特(Shielder)★3": 1}
礼装: {"[26]宝石魔术·对影★4": 1, "[28]虚数魔术★4": 1, "[39]抹大拉的圣骸布★4": 1, "[95]狮子玩偶★3": 1}

编号[05859a3aabe12c71b020f58e802c053b]
等级: 1
圣晶石: 2
圣晶片: 3
呼符: 0
金/银/铜/青苹果: 0/0/0/0
登陆天数: 14天 / 72天
从者: {"[7]盖乌斯·尤利乌斯·恺撒(Saber)★3": 1, "[298]渡边纲(Saber)★4": 1, "[17]库·丘林(Lancer)★3": 1, "[22]罗穆路斯(Lancer)★3": 1, "[81]亨利·杰基尔＆海德(Assassin)★3": 2, "[47]赫拉克勒斯(Berserker)★4": 1, "[1]玛修·基列莱特(Shielder)★3": 1}
礼装: {"[38]封印指定　执行者★4": 2, "[66]骑士的矜持★4": 1, "[90]魔力计★3": 1}

编号[374937e02234fac7b20b22ecde4fac98]
等级: 1
圣晶石: 2
圣晶片: 3
呼符: 0
金/银/铜/青苹果: 0/0/0/0
登陆天数: 14天 / 72天
从者: {"[11]卫宫(Archer)★4": 1, "[15]尤瑞艾莉(Archer)★3": 1, "[17]库·丘林(Lancer)★3": 1, "[23]歌果(Rider)★3": 1, "[26]布狄卡(Rider)★3": 1, "[27]牛若丸(Rider)★3": 1, "[1]玛修·基列莱特(Shielder)★3": 1}
礼装: {"[30]天使之诗★4": 1, "[42]Mooncell Automaton★3": 1, "[55]扬帆远航★3": 1, "[65]魔猪★3": 1, "[73]死灵魔术★4": 1}

编号[63390b7815588459ca79462e38d3e86e]
等级: 1
圣晶石: 2
圣晶片: 3
呼符: 0
金/银/铜/青苹果: 0/0/0/0
登陆天数: 14天 / 72天
从者: {"[7]盖乌斯·尤利乌斯·恺撒(Saber)★3": 1, "[9]吉尔·德·雷(Saber)★3": 1, "[23]歌果(Rider)★3": 1, "[94]阿斯托尔福(Rider)★4": 1, "[27]牛若丸(Rider)★3": 1, "[192]喀耳刻(Caster)★4": 1, "[49]虎狼(Berserker)★3": 1, "[55]大流士三世(Berserker)★3": 1, "[58]玉藻猫(Berserker)★4": 1, "[1]玛修·基列莱特(Shielder)★3": 1}
礼装: {"[22]原始咒术★4": 1, "[38]封印指定　执行者★4": 1}

编号[08ff8c9efef4f062a25bc0f19d388ea8]
等级: 1
圣晶石: 2
圣晶片: 3
呼符: 0
金/银/铜/青苹果: 0/0/0/0
登陆天数: 14天 / 72天
从者: {"[72]弗格斯·马克·罗伊(Saber)★3": 1, "[9]吉尔·德·雷(Saber)★3": 1, "[17]库·丘林(Lancer)★3": 1, "[18]伊丽莎白·巴托里(Lancer)★4": 1, "[22]罗穆路斯(Lancer)★3": 1, "[64]赫克托耳(Lancer)★3": 1, "[28]亚历山大(Rider)★3": 1, "[80]查尔斯·巴贝奇(Caster)★3": 1, "[55]大流士三世(Berserker)★3": 1, "[1]玛修·基列莱特(Shielder)★3": 1}
礼装: {"[25]绿之破音★4": 1, "[73]死灵魔术★4": 1}

编号[7b36a605197f26f54a05a9aa195c1617]
等级: 1
圣晶石: 2
圣晶片: 3
呼符: 0
金/银/铜/青苹果: 0/0/0/0
登陆天数: 14天 / 72天
从者: {"[298]渡边纲(Saber)★4": 1, "[64]赫克托耳(Lancer)★3": 1, "[35]梅菲斯托费勒斯(Caster)★3": 1, "[159]燕青(Assassin)★4": 1, "[47]赫拉克勒斯(Berserker)★4": 1, "[49]虎狼(Berserker)★3": 1, "[55]大流士三世(Berserker)★3": 1, "[58]玉藻猫(Berserker)★4": 1, "[1]玛修·基列莱特(Shielder)★3": 1}
礼装: {"[37]芦苇海★3": 1, "[38]封印指定　执行者★4": 1, "[47]一之太刀★4": 1}

编号[98abbbcae4ac41eabfcc69311547df78]
等级: 1
圣晶石: 2
圣晶片: 3
呼符: 0
金/银/铜/青苹果: 0/0/0/0
登陆天数: 14天 / 72天
从者: {"[9]吉尔·德·雷(Saber)★3": 2, "[325]芝诺比阿(Archer)★4": 1, "[192]喀耳刻(Caster)★4": 1, "[41]斯忒诺(Assassin)★4": 1, "[1]玛修·基列莱特(Shielder)★3": 1}
礼装: {"[23]投影魔术★4": 1, "[26]宝石魔术·对影★4": 1, "[29]天之晚餐★4": 1, "[91]爱之灵药★3": 1, "[92]白鹳骑士★3": 1, "[93]阿兰若★3": 1}

编号[9d2db5998e1df354ba2498673cac0a15]
等级: 1
圣晶石: 2
圣晶片: 3
呼符: 0
金/银/铜/青苹果: 0/0/0/0
登陆天数: 14天 / 72天
从者: {"[17]库·丘林(Lancer)★3": 1, "[18]伊丽莎白·巴托里(Lancer)★4": 1, "[23]歌果(Rider)★3": 1, "[42]匕见(Assassin)★3": 1, "[1]玛修·基列莱特(Shielder)★3": 1}
礼装: {"[21]钢之锻炼★4": 1, "[30]天使之诗★4": 2, "[42]Mooncell Automaton★3": 1, "[55]扬帆远航★3": 1, "[90]魔力计★3": 1, "[91]爱之灵药★3": 1}

编号[cceec0e097f5debe0c04a52aa8099536]
等级: 1
圣晶石: 2
圣晶片: 3
呼符: 0
金/银/铜/青苹果: 0/0/0/0
登陆天数: 14天 / 72天
从者: {"[72]弗格斯·马克·罗伊(Saber)★3": 2, "[245]拉克什米·芭伊(Saber)★4": 1, "[63]大卫(Archer)★3": 1, "[15]尤瑞艾莉(Archer)★3": 1, "[325]芝诺比阿(Archer)★4": 1, "[27]牛若丸(Rider)★3": 1, "[31]美狄亚(Caster)★3": 1, "[1]玛修·基列莱特(Shielder)★3": 1}
礼装: {"[21]钢之锻炼★4": 1, "[28]虚数魔术★4": 1, "[38]封印指定　执行者★4": 1}

编号[d5ef1f0e8c03c2c78843a078a1e46784]
等级: 1
圣晶石: 2
圣晶片: 3
呼符: 0
金/银/铜/青苹果: 0/0/0/0
登陆天数: 14天 / 72天
从者: {"[72]弗格斯·马克·罗伊(Saber)★3": 1, "[9]吉尔·德·雷(Saber)★3": 1, "[17]库·丘林(Lancer)★3": 1, "[94]阿斯托尔福(Rider)★4": 1, "[28]亚历山大(Rider)★3": 1, "[42]匕见(Assassin)★3": 1, "[1]玛修·基列莱特(Shielder)★3": 1}
礼装: {"[47]一之太刀★4": 2, "[56]指令咏唱★4": 1, "[72]时钟塔★3": 1, "[94]摩托·装甲骑兵★3": 1}

