编号[aa3b1adbc2a0262720f9538b1c845509]
等级: 1
圣晶石: 2
圣晶片: 3
呼符: 0
金/银/铜/青苹果: 0/0/0/0
登陆天数: 3天 / 3天
从者: {"[13]罗宾汉(Archer)★3": 1, "[63]大卫(Archer)★3": 1, "[71]迪尔姆德·奥迪那(Lancer)★3": 1, "[20]库·丘林〔Prototype〕(Lancer)★3": 1, "[23]美杜莎(Rider)★3": 1, "[31]美狄亚(Caster)★3": 1, "[47]赫拉克勒斯(Berserker)★4": 1, "[1]玛修·基列莱特(Shielder)★3": 1}
礼装: {"[72]时钟塔★3": 1, "[73]死灵魔术★4": 1, "[96]鲁格的光环★3": 1, "[98]千年黄金树★4": 1}

编号[d851b1f1c176c2ea798acf1c3742ba7c]
等级: 1
圣晶石: 2
圣晶片: 3
呼符: 0
金/银/铜/青苹果: 0/0/0/0
登陆天数: 3天 / 3天
从者: {"[72]弗格斯·马克·罗伊(Saber)★3": 1, "[26]布狄卡(Rider)★3": 1, "[27]牛若丸(Rider)★3": 1, "[28]亚历山大(Rider)★3": 1, "[80]查尔斯·巴贝奇(Caster)★3": 1, "[192]喀耳刻(Caster)★4": 1, "[159]燕青(Assassin)★4": 1, "[49]虎狼(Berserker)★3": 1, "[1]玛修·基列莱特(Shielder)★3": 1}
礼装: {"[26]宝石魔术·对影★4": 1, "[56]指令咏唱★4": 1, "[65]魔猪★3": 1}

编号[ecf649b6058234567d3fe51417a5074a]
等级: 1
圣晶石: 2
圣晶片: 3
呼符: 0
金/银/铜/青苹果: 0/0/0/0
登陆天数: 3天 / 3天
从者: {"[13]罗宾汉(Archer)★3": 2, "[15]尤瑞艾莉(Archer)★3": 1, "[71]迪尔姆德·奥迪那(Lancer)★3": 1, "[64]赫克托耳(Lancer)★3": 1, "[214]瓦尔基里(Lancer)★4": 1, "[41]斯忒诺(Assassin)★4": 1, "[55]大流士三世(Berserker)★3": 1, "[1]玛修·基列莱特(Shielder)★3": 1}
礼装: {"[39]抹大拉的圣骸布★4": 1, "[93]阿兰若★3": 1, "[94]摩托·装甲骑兵★3": 1}

编号[c439b40e47c442c5f92f48c8207844a3]
等级: 1
圣晶石: 2
圣晶片: 3
呼符: 0
金/银/铜/青苹果: 0/0/0/0
登陆天数: 3天 / 3天
从者: {"[214]瓦尔基里(Lancer)★4": 1, "[28]亚历山大(Rider)★3": 1, "[192]喀耳刻(Caster)★4": 1, "[47]赫拉克勒斯(Berserker)★4": 1, "[55]大流士三世(Berserker)★3": 1, "[56]清姬(Berserker)★3": 1, "[1]玛修·基列莱特(Shielder)★3": 1}
礼装: {"[28]虚数魔术★4": 1, "[46]符文石★3": 1, "[65]魔猪★3": 1, "[90]魔力计★3": 1, "[92]白鹳骑士★3": 1}

编号[77fb3dbc46a7b077af69da3bca2e065f]
等级: 1
圣晶石: 2
圣晶片: 3
呼符: 0
金/银/铜/青苹果: 0/0/0/0
登陆天数: 3天 / 3天
从者: {"[7]盖乌斯·尤利乌斯·恺撒(Saber)★3": 1, "[15]尤瑞艾莉(Archer)★3": 1, "[27]牛若丸(Rider)★3": 1, "[28]亚历山大(Rider)★3": 1, "[332]ドブルイニャ・ニキチッチ(Rider)★4": 1, "[81]亨利·杰基尔＆海德(Assassin)★3": 1, "[49]虎狼(Berserker)★3": 1, "[55]大流士三世(Berserker)★3": 1, "[1]玛修·基列莱特(Shielder)★3": 1}
礼装: {"[26]宝石魔术·对影★4": 1, "[38]封印指定　执行者★4": 1, "[91]爱之灵药★3": 1}

编号[2311c1c87b038ad92d07a30ece495a8e]
等级: 1
圣晶石: 2
圣晶片: 3
呼符: 0
金/银/铜/青苹果: 0/0/0/0
登陆天数: 3天 / 3天
从者: {"[9]吉尔·德·雷(Saber)★3": 1, "[11]卫宫(Archer)★4": 1, "[23]美杜莎(Rider)★3": 1, "[94]阿斯托尔福(Rider)★4": 1, "[28]亚历山大(Rider)★3": 2, "[80]查尔斯·巴贝奇(Caster)★3": 1, "[81]亨利·杰基尔＆海德(Assassin)★3": 1, "[159]燕青(Assassin)★4": 1, "[1]玛修·基列莱特(Shielder)★3": 1}
礼装: {"[23]投影魔术★4": 1, "[66]骑士的矜持★4": 1}

编号[fe06c761cc43f2b811675263eff6ddc9]
等级: 1
圣晶石: 2
圣晶片: 3
呼符: 0
金/银/铜/青苹果: 0/0/0/0
登陆天数: 3天 / 3天
从者: {"[11]卫宫(Archer)★4": 1, "[71]迪尔姆德·奥迪那(Lancer)★3": 1, "[31]美狄亚(Caster)★3": 1, "[41]斯忒诺(Assassin)★4": 1, "[47]赫拉克勒斯(Berserker)★4": 1, "[55]大流士三世(Berserker)★3": 1, "[56]清姬(Berserker)★3": 2, "[1]玛修·基列莱特(Shielder)★3": 1}
礼装: {"[21]钢之锻炼★4": 1, "[42]Mooncell Automaton★3": 1, "[72]时钟塔★3": 1}

编号[6909607307ec1682fa86f0799f3eff16]
等级: 1
圣晶石: 2
圣晶片: 3
呼符: 0
金/银/铜/青苹果: 0/0/0/0
登陆天数: 3天 / 3天
从者: {"[7]盖乌斯·尤利乌斯·恺撒(Saber)★3": 2, "[17]库·丘林(Lancer)★3": 1, "[22]罗穆路斯(Lancer)★3": 1, "[35]梅菲斯托费勒斯(Caster)★3": 1, "[42]匕见(Assassin)★3": 1, "[49]虎狼(Berserker)★3": 1, "[58]玉藻猫(Berserker)★4": 1, "[1]玛修·基列莱特(Shielder)★3": 1}
礼装: {"[30]天使之诗★4": 1, "[55]扬帆远航★3": 1, "[65]魔猪★3": 1}

编号[9134ca923d5b1e75276c6e746299baa9]
等级: 1
圣晶石: 2
圣晶片: 3
呼符: 0
金/银/铜/青苹果: 0/0/0/0
登陆天数: 3天 / 3天
从者: {"[72]弗格斯·马克·罗伊(Saber)★3": 1, "[245]拉克什米·芭伊(Saber)★4": 1, "[27]牛若丸(Rider)★3": 1, "[35]梅菲斯托费勒斯(Caster)★3": 1, "[1]玛修·基列莱特(Shielder)★3": 1}
礼装: {"[47]一之太刀★4": 1, "[65]魔猪★3": 1, "[66]骑士的矜持★4": 1, "[92]白鹳骑士★3": 1, "[93]阿兰若★3": 1, "[96]鲁格的光环★3": 1, "[98]千年黄金树★4": 1}

编号[98cc7239e17ca0cae76ff165ee06d16f]
等级: 1
圣晶石: 2
圣晶片: 3
呼符: 0
金/银/铜/青苹果: 0/0/0/0
登陆天数: 3天 / 3天
从者: {"[13]罗宾汉(Archer)★3": 1, "[325]ゼノビア(Archer)★4": 1, "[17]库·丘林(Lancer)★3": 1, "[71]迪尔姆德·奥迪那(Lancer)★3": 1, "[18]伊丽莎白·巴托里(Lancer)★4": 1, "[80]查尔斯·巴贝奇(Caster)★3": 1, "[35]梅菲斯托费勒斯(Caster)★3": 1, "[56]清姬(Berserker)★3": 1, "[1]玛修·基列莱特(Shielder)★3": 1}
礼装: {"[30]天使之诗★4": 1, "[47]一之太刀★4": 1, "[73]死灵魔术★4": 1}

编号[4a0c8b212fee0ca02f52962a00ce450b]
等级: 1
圣晶石: 2
圣晶片: 3
呼符: 0
金/银/铜/青苹果: 0/0/0/0
登陆天数: 3天 / 3天
从者: {"[298]渡边纲(Saber)★4": 2, "[18]伊丽莎白·巴托里(Lancer)★4": 1, "[214]瓦尔基里(Lancer)★4": 1, "[28]亚历山大(Rider)★3": 2, "[35]梅菲斯托费勒斯(Caster)★3": 1, "[1]玛修·基列莱特(Shielder)★3": 1}
礼装: {"[23]投影魔术★4": 1, "[25]绿之破音★4": 1, "[38]封印指定　执行者★4": 1, "[98]千年黄金树★4": 1}

编号[46b8585fe96a2ff610a0ea15b11c5f29]
等级: 1
圣晶石: 2
圣晶片: 3
呼符: 0
金/银/铜/青苹果: 0/0/0/0
登陆天数: 3天 / 3天
从者: {"[7]盖乌斯·尤利乌斯·恺撒(Saber)★3": 1, "[9]吉尔·德·雷(Saber)★3": 1, "[15]尤瑞艾莉(Archer)★3": 2, "[64]赫克托耳(Lancer)★3": 1, "[192]喀耳刻(Caster)★4": 1, "[1]玛修·基列莱特(Shielder)★3": 1}
礼装: {"[21]钢之锻炼★4": 1, "[23]投影魔术★4": 1, "[26]宝石魔术·对影★4": 1, "[29]天之晚餐★4": 1, "[94]摩托·装甲骑兵★3": 1}

编号[177b41352d6eb0e876b4952c2027a6be]
等级: 1
圣晶石: 2
圣晶片: 3
呼符: 0
金/银/铜/青苹果: 0/0/0/0
登陆天数: 3天 / 3天
从者: {"[22]罗穆路斯(Lancer)★3": 1, "[214]瓦尔基里(Lancer)★4": 1, "[23]美杜莎(Rider)★3": 1, "[28]亚历山大(Rider)★3": 1, "[31]美狄亚(Caster)★3": 2, "[192]喀耳刻(Caster)★4": 1, "[47]赫拉克勒斯(Berserker)★4": 1, "[1]玛修·基列莱特(Shielder)★3": 1}
礼装: {"[21]钢之锻炼★4": 1, "[93]阿兰若★3": 2}

编号[245a1ea421139d91907ffd33c53337f7]
等级: 1
圣晶石: 2
圣晶片: 3
呼符: 0
金/银/铜/青苹果: 0/0/0/0
登陆天数: 3天 / 3天
从者: {"[18]伊丽莎白·巴托里(Lancer)★4": 1, "[23]美杜莎(Rider)★3": 1, "[26]布狄卡(Rider)★3": 1, "[27]牛若丸(Rider)★3": 1, "[79]冯·霍恩海姆·帕拉塞尔苏斯(Caster)★3": 1, "[80]查尔斯·巴贝奇(Caster)★3": 1, "[1]玛修·基列莱特(Shielder)★3": 1}
礼装: {"[27]秉持优雅★4": 1, "[28]虚数魔术★4": 1, "[30]天使之诗★4": 1, "[39]抹大拉的圣骸布★4": 1, "[90]魔力计★3": 1}

编号[345bda98781fff86a38354d084840504]
等级: 1
圣晶石: 2
圣晶片: 3
呼符: 0
金/银/铜/青苹果: 0/0/0/0
登陆天数: 3天 / 3天
从者: {"[9]吉尔·德·雷(Saber)★3": 1, "[20]库·丘林〔Prototype〕(Lancer)★3": 1, "[22]罗穆路斯(Lancer)★3": 1, "[80]查尔斯·巴贝奇(Caster)★3": 1, "[35]梅菲斯托费勒斯(Caster)★3": 1, "[192]喀耳刻(Caster)★4": 1, "[1]玛修·基列莱特(Shielder)★3": 1}
礼装: {"[22]原始咒术★4": 1, "[23]投影魔术★4": 1, "[27]秉持优雅★4": 1, "[55]扬帆远航★3": 1, "[90]魔力计★3": 1}

编号[38d78c262869de550624eeb371d6cfe7]
等级: 1
圣晶石: 2
圣晶片: 3
呼符: 0
金/银/铜/青苹果: 0/0/0/0
登陆天数: 3天 / 3天
从者: {"[63]大卫(Archer)★3": 1, "[325]ゼノビア(Archer)★4": 1, "[71]迪尔姆德·奥迪那(Lancer)★3": 1, "[18]伊丽莎白·巴托里(Lancer)★4": 1, "[20]库·丘林〔Prototype〕(Lancer)★3": 1, "[26]布狄卡(Rider)★3": 1, "[56]清姬(Berserker)★3": 1, "[58]玉藻猫(Berserker)★4": 1, "[1]玛修·基列莱特(Shielder)★3": 1}
礼装: {"[27]秉持优雅★4": 1, "[38]封印指定　执行者★4": 1, "[65]魔猪★3": 1}

编号[47943c9b457577ae0bcff5421ca4b5c4]
等级: 1
圣晶石: 2
圣晶片: 3
呼符: 0
金/银/铜/青苹果: 0/0/0/0
登陆天数: 3天 / 3天
从者: {"[22]罗穆路斯(Lancer)★3": 1, "[214]瓦尔基里(Lancer)★4": 1, "[80]查尔斯·巴贝奇(Caster)★3": 1, "[47]赫拉克勒斯(Berserker)★4": 1, "[1]玛修·基列莱特(Shielder)★3": 1}
礼装: {"[22]原始咒术★4": 1, "[74]觉醒的意志★4": 2, "[92]白鹳骑士★3": 1, "[95]狮子玩偶★3": 2, "[96]鲁格的光环★3": 1}

编号[bbb68aaf47a5306e9f2ec71561a09b07]
等级: 1
圣晶石: 2
圣晶片: 3
呼符: 0
金/银/铜/青苹果: 0/0/0/0
登陆天数: 3天 / 3天
从者: {"[72]弗格斯·马克·罗伊(Saber)★3": 2, "[325]ゼノビア(Archer)★4": 1, "[17]库·丘林(Lancer)★3": 1, "[64]赫克托耳(Lancer)★3": 1, "[27]牛若丸(Rider)★3": 1, "[35]梅菲斯托费勒斯(Caster)★3": 1, "[81]亨利·杰基尔＆海德(Assassin)★3": 1, "[1]玛修·基列莱特(Shielder)★3": 1}
礼装: {"[39]抹大拉的圣骸布★4": 1, "[65]魔猪★3": 1, "[91]爱之灵药★3": 1}

编号[2334394488fbf33bad91ad5bb5a91e1e]
等级: 1
圣晶石: 2
圣晶片: 3
呼符: 0
金/银/铜/青苹果: 0/0/0/0
登陆天数: 3天 / 3天
从者: {"[9]吉尔·德·雷(Saber)★3": 2, "[22]罗穆路斯(Lancer)★3": 2, "[31]美狄亚(Caster)★3": 1, "[120]尼托克丽丝(Caster)★4": 1, "[192]喀耳刻(Caster)★4": 1, "[56]清姬(Berserker)★3": 1, "[1]玛修·基列莱特(Shielder)★3": 1}
礼装: {"[24]Gandr★4": 1, "[55]扬帆远航★3": 1, "[89]柳洞寺★3": 1}

编号[b0ac0d3e5762f95aa6f874c91394027e]
等级: 1
圣晶石: 2
圣晶片: 3
呼符: 0
金/银/铜/青苹果: 0/0/0/0
登陆天数: 3天 / 3天
从者: {"[72]弗格斯·马克·罗伊(Saber)★3": 1, "[63]大卫(Archer)★3": 1, "[27]牛若丸(Rider)★3": 1, "[35]梅菲斯托费勒斯(Caster)★3": 1, "[81]亨利·杰基尔＆海德(Assassin)★3": 2, "[41]斯忒诺(Assassin)★4": 1, "[1]玛修·基列莱特(Shielder)★3": 1}
礼装: {"[29]天之晚餐★4": 1, "[37]芦苇海★3": 1, "[56]指令咏唱★4": 1, "[94]摩托·装甲骑兵★3": 1}

编号[4d7234a281d11151ec115530dae79982]
等级: 1
圣晶石: 2
圣晶片: 3
呼符: 0
金/银/铜/青苹果: 0/0/0/0
登陆天数: 3天 / 3天
从者: {"[7]盖乌斯·尤利乌斯·恺撒(Saber)★3": 1, "[325]ゼノビア(Archer)★4": 1, "[64]赫克托耳(Lancer)★3": 2, "[94]阿斯托尔福(Rider)★4": 2, "[27]牛若丸(Rider)★3": 1, "[1]玛修·基列莱特(Shielder)★3": 1}
礼装: {"[22]原始咒术★4": 1, "[30]天使之诗★4": 1, "[89]柳洞寺★3": 1, "[94]摩托·装甲骑兵★3": 1}

编号[7630a4d5060db48164806f8d9131fda4]
等级: 1
圣晶石: 2
圣晶片: 3
呼符: 0
金/银/铜/青苹果: 0/0/0/0
登陆天数: 3天 / 3天
从者: {"[17]库·丘林(Lancer)★3": 1, "[20]库·丘林〔Prototype〕(Lancer)★3": 1, "[214]瓦尔基里(Lancer)★4": 1, "[26]布狄卡(Rider)★3": 1, "[27]牛若丸(Rider)★3": 1, "[81]亨利·杰基尔＆海德(Assassin)★3": 1, "[41]斯忒诺(Assassin)★4": 1, "[1]玛修·基列莱特(Shielder)★3": 1}
礼装: {"[28]虚数魔术★4": 1, "[92]白鹳骑士★3": 2, "[94]摩托·装甲骑兵★3": 1}

编号[de2209db7973505cb1eeab76584c11cf]
等级: 1
圣晶石: 2
圣晶片: 3
呼符: 0
金/银/铜/青苹果: 0/0/0/0
登陆天数: 3天 / 3天
从者: {"[325]ゼノビア(Archer)★4": 1, "[17]库·丘林(Lancer)★3": 1, "[22]罗穆路斯(Lancer)★3": 1, "[28]亚历山大(Rider)★3": 1, "[79]冯·霍恩海姆·帕拉塞尔苏斯(Caster)★3": 1, "[49]虎狼(Berserker)★3": 1, "[55]大流士三世(Berserker)★3": 1, "[56]清姬(Berserker)★3": 1, "[1]玛修·基列莱特(Shielder)★3": 1}
礼装: {"[66]骑士的矜持★4": 1, "[74]觉醒的意志★4": 1, "[98]千年黄金树★4": 1}

编号[3d70e0967e39a2dc468fbd0c691fde8b]
等级: 1
圣晶石: 2
圣晶片: 3
呼符: 0
金/银/铜/青苹果: 0/0/0/0
登陆天数: 3天 / 3天
从者: {"[11]卫宫(Archer)★4": 1, "[63]大卫(Archer)★3": 1, "[15]尤瑞艾莉(Archer)★3": 1, "[18]伊丽莎白·巴托里(Lancer)★4": 1, "[49]虎狼(Berserker)★3": 1, "[1]玛修·基列莱特(Shielder)★3": 1}
礼装: {"[26]宝石魔术·对影★4": 1, "[27]秉持优雅★4": 1, "[55]扬帆远航★3": 1, "[56]指令咏唱★4": 1, "[72]时钟塔★3": 1, "[94]摩托·装甲骑兵★3": 1}

编号[f7adc01e12985b3d775973bbda391bb1]
等级: 1
圣晶石: 2
圣晶片: 3
呼符: 0
金/银/铜/青苹果: 0/0/0/0
登陆天数: 3天 / 3天
从者: {"[7]盖乌斯·尤利乌斯·恺撒(Saber)★3": 2, "[63]大卫(Archer)★3": 1, "[214]瓦尔基里(Lancer)★4": 1, "[81]亨利·杰基尔＆海德(Assassin)★3": 1, "[41]斯忒诺(Assassin)★4": 1, "[1]玛修·基列莱特(Shielder)★3": 1}
礼装: {"[30]天使之诗★4": 1, "[38]封印指定　执行者★4": 1, "[42]Mooncell Automaton★3": 1, "[94]摩托·装甲骑兵★3": 1, "[95]狮子玩偶★3": 1}

编号[7cfc47d917e37111965e96f9fea29d48]
等级: 1
圣晶石: 2
圣晶片: 3
呼符: 0
金/银/铜/青苹果: 0/0/0/0
登陆天数: 3天 / 3天
从者: {"[63]大卫(Archer)★3": 1, "[71]迪尔姆德·奥迪那(Lancer)★3": 1, "[20]库·丘林〔Prototype〕(Lancer)★3": 1, "[26]布狄卡(Rider)★3": 2, "[27]牛若丸(Rider)★3": 1, "[79]冯·霍恩海姆·帕拉塞尔苏斯(Caster)★3": 1, "[80]查尔斯·巴贝奇(Caster)★3": 1, "[41]斯忒诺(Assassin)★4": 1, "[56]清姬(Berserker)★3": 1, "[1]玛修·基列莱特(Shielder)★3": 1}
礼装: {"[26]宝石魔术·对影★4": 1}

编号[540bc44eb1df2c8fd3e48852fdc02012]
等级: 1
圣晶石: 2
圣晶片: 3
呼符: 0
金/银/铜/青苹果: 0/0/0/0
登陆天数: 3天 / 3天
从者: {"[63]大卫(Archer)★3": 1, "[23]美杜莎(Rider)★3": 1, "[26]布狄卡(Rider)★3": 1, "[27]牛若丸(Rider)★3": 1, "[28]亚历山大(Rider)★3": 2, "[120]尼托克丽丝(Caster)★4": 1, "[1]玛修·基列莱特(Shielder)★3": 1}
礼装: {"[21]钢之锻炼★4": 1, "[23]投影魔术★4": 1, "[47]一之太刀★4": 1, "[91]爱之灵药★3": 1}

编号[f72baafe6f936eee0dce6e9d12d65293]
等级: 1
圣晶石: 2
圣晶片: 3
呼符: 0
金/银/铜/青苹果: 0/0/0/0
登陆天数: 3天 / 3天
从者: {"[11]卫宫(Archer)★4": 1, "[13]罗宾汉(Archer)★3": 1, "[18]伊丽莎白·巴托里(Lancer)★4": 1, "[20]库·丘林〔Prototype〕(Lancer)★3": 1, "[42]匕见(Assassin)★3": 1, "[49]虎狼(Berserker)★3": 1, "[55]大流士三世(Berserker)★3": 1, "[56]清姬(Berserker)★3": 1, "[1]玛修·基列莱特(Shielder)★3": 1}
礼装: {"[21]钢之锻炼★4": 1, "[24]Gandr★4": 1, "[96]鲁格的光环★3": 1}

编号[dfda44eb425b01dfc7884a99bae4d8ff]
等级: 1
圣晶石: 2
圣晶片: 3
呼符: 0
金/银/铜/青苹果: 0/0/0/0
登陆天数: 3天 / 3天
从者: {"[13]罗宾汉(Archer)★3": 1, "[15]尤瑞艾莉(Archer)★3": 1, "[18]伊丽莎白·巴托里(Lancer)★4": 1, "[20]库·丘林〔Prototype〕(Lancer)★3": 2, "[64]赫克托耳(Lancer)★3": 1, "[214]瓦尔基里(Lancer)★4": 1, "[28]亚历山大(Rider)★3": 1, "[1]玛修·基列莱特(Shielder)★3": 1}
礼装: {"[27]秉持优雅★4": 1, "[37]芦苇海★3": 1, "[93]阿兰若★3": 1}

编号[0627522f34cf199fda823e343e88ed39]
等级: 1
圣晶石: 2
圣晶片: 3
呼符: 0
金/银/铜/青苹果: 0/0/0/0
登陆天数: 3天 / 3天
从者: {"[7]盖乌斯·尤利乌斯·恺撒(Saber)★3": 1, "[72]弗格斯·马克·罗伊(Saber)★3": 1, "[245]拉克什米·芭伊(Saber)★4": 1, "[11]卫宫(Archer)★4": 1, "[13]罗宾汉(Archer)★3": 1, "[192]喀耳刻(Caster)★4": 1, "[42]匕见(Assassin)★3": 1, "[55]大流士三世(Berserker)★3": 1, "[1]玛修·基列莱特(Shielder)★3": 1}
礼装: {"[22]原始咒术★4": 2, "[29]天之晚餐★4": 1}

编号[470136dabd2d7b2f8b14d4e88dde615c]
等级: 1
圣晶石: 2
圣晶片: 3
呼符: 0
金/银/铜/青苹果: 0/0/0/0
登陆天数: 3天 / 3天
从者: {"[332]ドブルイニャ・ニキチッチ(Rider)★4": 1, "[35]梅菲斯托费勒斯(Caster)★3": 1, "[81]亨利·杰基尔＆海德(Assassin)★3": 2, "[55]大流士三世(Berserker)★3": 3, "[58]玉藻猫(Berserker)★4": 1, "[1]玛修·基列莱特(Shielder)★3": 1}
礼装: {"[25]绿之破音★4": 1, "[29]天之晚餐★4": 1, "[56]指令咏唱★4": 1}

编号[d54538da55cc262e41f879b3e7b9a4ae]
等级: 1
圣晶石: 2
圣晶片: 3
呼符: 0
金/银/铜/青苹果: 0/0/0/0
登陆天数: 3天 / 3天
从者: {"[9]吉尔·德·雷(Saber)★3": 1, "[63]大卫(Archer)★3": 1, "[15]尤瑞艾莉(Archer)★3": 1, "[71]迪尔姆德·奥迪那(Lancer)★3": 1, "[23]美杜莎(Rider)★3": 1, "[27]牛若丸(Rider)★3": 1, "[80]查尔斯·巴贝奇(Caster)★3": 1, "[58]玉藻猫(Berserker)★4": 1, "[1]玛修·基列莱特(Shielder)★3": 1}
礼装: {"[23]投影魔术★4": 1, "[42]Mooncell Automaton★3": 1, "[46]符文石★3": 1}

编号[0d1d8bde8e5aa382d139c1ab9d632aaf]
等级: 1
圣晶石: 2
圣晶片: 3
呼符: 0
金/银/铜/青苹果: 0/0/0/0
登陆天数: 3天 / 3天
从者: {"[7]盖乌斯·尤利乌斯·恺撒(Saber)★3": 1, "[9]吉尔·德·雷(Saber)★3": 1, "[325]ゼノビア(Archer)★4": 1, "[214]瓦尔基里(Lancer)★4": 1, "[41]斯忒诺(Assassin)★4": 1, "[56]清姬(Berserker)★3": 1, "[1]玛修·基列莱特(Shielder)★3": 1}
礼装: {"[25]绿之破音★4": 1, "[39]抹大拉的圣骸布★4": 1, "[65]魔猪★3": 1, "[89]柳洞寺★3": 1, "[90]魔力计★3": 1}

编号[e2753f53e8030b7a17ada8d9bbe89069]
等级: 1
圣晶石: 2
圣晶片: 3
呼符: 0
金/银/铜/青苹果: 0/0/0/0
登陆天数: 3天 / 3天
从者: {"[325]ゼノビア(Archer)★4": 1, "[17]库·丘林(Lancer)★3": 1, "[27]牛若丸(Rider)★3": 1, "[28]亚历山大(Rider)★3": 1, "[81]亨利·杰基尔＆海德(Assassin)★3": 1, "[55]大流士三世(Berserker)★3": 2, "[56]清姬(Berserker)★3": 1, "[1]玛修·基列莱特(Shielder)★3": 1}
礼装: {"[47]一之太刀★4": 1, "[74]觉醒的意志★4": 1, "[92]白鹳骑士★3": 1}

编号[400cbcb03afcd28aa8a0057c3b25ec44]
等级: 1
圣晶石: 2
圣晶片: 3
呼符: 0
金/银/铜/青苹果: 0/0/0/0
登陆天数: 3天 / 3天
从者: {"[63]大卫(Archer)★3": 1, "[20]库·丘林〔Prototype〕(Lancer)★3": 1, "[64]赫克托耳(Lancer)★3": 1, "[120]尼托克丽丝(Caster)★4": 1, "[42]匕见(Assassin)★3": 1, "[55]大流士三世(Berserker)★3": 1, "[58]玉藻猫(Berserker)★4": 1, "[1]玛修·基列莱特(Shielder)★3": 1}
礼装: {"[21]钢之锻炼★4": 1, "[24]Gandr★4": 1, "[25]绿之破音★4": 1, "[93]阿兰若★3": 1}

编号[26921b9d447d946a39d977ab3197187b]
等级: 1
圣晶石: 2
圣晶片: 3
呼符: 0
金/银/铜/青苹果: 0/0/0/0
登陆天数: 3天 / 3天
从者: {"[9]吉尔·德·雷(Saber)★3": 1, "[245]拉克什米·芭伊(Saber)★4": 1, "[15]尤瑞艾莉(Archer)★3": 1, "[94]阿斯托尔福(Rider)★4": 1, "[80]查尔斯·巴贝奇(Caster)★3": 1, "[120]尼托克丽丝(Caster)★4": 1, "[41]斯忒诺(Assassin)★4": 1, "[1]玛修·基列莱特(Shielder)★3": 1}
礼装: {"[28]虚数魔术★4": 1, "[65]魔猪★3": 1, "[74]觉醒的意志★4": 1, "[96]鲁格的光环★3": 1}

编号[c88f2fd1751eb9df239bde26eea8cdfe]
等级: 1
圣晶石: 2
圣晶片: 3
呼符: 0
金/银/铜/青苹果: 0/0/0/0
登陆天数: 3天 / 3天
从者: {"[7]盖乌斯·尤利乌斯·恺撒(Saber)★3": 1, "[13]罗宾汉(Archer)★3": 1, "[15]尤瑞艾莉(Archer)★3": 1, "[26]布狄卡(Rider)★3": 1, "[192]喀耳刻(Caster)★4": 1, "[47]赫拉克勒斯(Berserker)★4": 1, "[55]大流士三世(Berserker)★3": 2, "[1]玛修·基列莱特(Shielder)★3": 1}
礼装: {"[26]宝石魔术·对影★4": 1, "[30]天使之诗★4": 1, "[94]摩托·装甲骑兵★3": 1}

编号[d025966bd39978a44285bbe927687ead]
等级: 1
圣晶石: 2
圣晶片: 3
呼符: 0
金/银/铜/青苹果: 0/0/0/0
登陆天数: 3天 / 3天
从者: {"[11]卫宫(Archer)★4": 1, "[63]大卫(Archer)★3": 1, "[94]阿斯托尔福(Rider)★4": 1, "[35]梅菲斯托费勒斯(Caster)★3": 1, "[47]赫拉克勒斯(Berserker)★4": 1, "[56]清姬(Berserker)★3": 1, "[1]玛修·基列莱特(Shielder)★3": 1}
礼装: {"[66]骑士的矜持★4": 1, "[73]死灵魔术★4": 1, "[89]柳洞寺★3": 1, "[94]摩托·装甲骑兵★3": 1, "[95]狮子玩偶★3": 1}

编号[965f2a7151496e06ae9dd5590fdfa2fc]
等级: 1
圣晶石: 2
圣晶片: 3
呼符: 0
金/银/铜/青苹果: 0/0/0/0
登陆天数: 3天 / 3天
从者: {"[298]渡边纲(Saber)★4": 1, "[11]卫宫(Archer)★4": 1, "[214]瓦尔基里(Lancer)★4": 1, "[94]阿斯托尔福(Rider)★4": 1, "[26]布狄卡(Rider)★3": 1, "[27]牛若丸(Rider)★3": 1, "[55]大流士三世(Berserker)★3": 1, "[1]玛修·基列莱特(Shielder)★3": 1}
礼装: {"[22]原始咒术★4": 1, "[47]一之太刀★4": 1, "[94]摩托·装甲骑兵★3": 1, "[95]狮子玩偶★3": 1}

编号[70b307b1b622ba4fd67299fc9276038c]
等级: 1
圣晶石: 2
圣晶片: 3
呼符: 0
金/银/铜/青苹果: 0/0/0/0
登陆天数: 3天 / 3天
从者: {"[72]弗格斯·马克·罗伊(Saber)★3": 1, "[245]拉克什米·芭伊(Saber)★4": 1, "[13]罗宾汉(Archer)★3": 1, "[325]ゼノビア(Archer)★4": 1, "[20]库·丘林〔Prototype〕(Lancer)★3": 1, "[27]牛若丸(Rider)★3": 1, "[159]燕青(Assassin)★4": 2, "[56]清姬(Berserker)★3": 1, "[1]玛修·基列莱特(Shielder)★3": 1}
礼装: {"[26]宝石魔术·对影★4": 1, "[73]死灵魔术★4": 1}

编号[9d72b53643bee5df0322d46947711f35]
等级: 1
圣晶石: 2
圣晶片: 3
呼符: 0
金/银/铜/青苹果: 0/0/0/0
登陆天数: 3天 / 3天
从者: {"[298]渡边纲(Saber)★4": 1, "[71]迪尔姆德·奥迪那(Lancer)★3": 1, "[22]罗穆路斯(Lancer)★3": 1, "[26]布狄卡(Rider)★3": 1, "[28]亚历山大(Rider)★3": 1, "[332]ドブルイニャ・ニキチッチ(Rider)★4": 1, "[81]亨利·杰基尔＆海德(Assassin)★3": 1, "[55]大流士三世(Berserker)★3": 1, "[1]玛修·基列莱特(Shielder)★3": 1}
礼装: {"[39]抹大拉的圣骸布★4": 1, "[65]魔猪★3": 1, "[66]骑士的矜持★4": 1}

编号[629c028ce50d126e8ceaf0d2ce6cc98a]
等级: 1
圣晶石: 2
圣晶片: 3
呼符: 0
金/银/铜/青苹果: 0/0/0/0
登陆天数: 3天 / 3天
从者: {"[7]盖乌斯·尤利乌斯·恺撒(Saber)★3": 1, "[63]大卫(Archer)★3": 1, "[71]迪尔姆德·奥迪那(Lancer)★3": 3, "[22]罗穆路斯(Lancer)★3": 1, "[94]阿斯托尔福(Rider)★4": 1, "[27]牛若丸(Rider)★3": 1, "[120]尼托克丽丝(Caster)★4": 1, "[42]匕见(Assassin)★3": 1, "[1]玛修·基列莱特(Shielder)★3": 1}
礼装: {"[22]原始咒术★4": 1}

编号[51cecbb3b5891ad483050cc7b20dc2d6]
等级: 1
圣晶石: 2
圣晶片: 3
呼符: 0
金/银/铜/青苹果: 0/0/0/0
登陆天数: 3天 / 3天
从者: {"[18]伊丽莎白·巴托里(Lancer)★4": 1, "[27]牛若丸(Rider)★3": 1, "[79]冯·霍恩海姆·帕拉塞尔苏斯(Caster)★3": 2, "[35]梅菲斯托费勒斯(Caster)★3": 1, "[47]赫拉克勒斯(Berserker)★4": 1, "[55]大流士三世(Berserker)★3": 1, "[1]玛修·基列莱特(Shielder)★3": 1}
礼装: {"[25]绿之破音★4": 1, "[26]宝石魔术·对影★4": 1, "[56]指令咏唱★4": 1, "[93]阿兰若★3": 1}

编号[2feb5559c68f5420645e9aceca594b8f]
等级: 1
圣晶石: 2
圣晶片: 3
呼符: 0
金/银/铜/青苹果: 0/0/0/0
登陆天数: 3天 / 3天
从者: {"[17]库·丘林(Lancer)★3": 1, "[18]伊丽莎白·巴托里(Lancer)★4": 1, "[214]瓦尔基里(Lancer)★4": 1, "[94]阿斯托尔福(Rider)★4": 1, "[28]亚历山大(Rider)★3": 1, "[80]查尔斯·巴贝奇(Caster)★3": 1, "[41]斯忒诺(Assassin)★4": 1, "[1]玛修·基列莱特(Shielder)★3": 1}
礼装: {"[29]天之晚餐★4": 1, "[30]天使之诗★4": 1, "[37]芦苇海★3": 1, "[96]鲁格的光环★3": 1}

编号[98945d279bfdf544819bc810156b8d88]
等级: 1
圣晶石: 2
圣晶片: 3
呼符: 0
金/银/铜/青苹果: 0/0/0/0
登陆天数: 3天 / 3天
从者: {"[245]拉克什米·芭伊(Saber)★4": 1, "[11]卫宫(Archer)★4": 1, "[13]罗宾汉(Archer)★3": 1, "[332]ドブルイニャ・ニキチッチ(Rider)★4": 1, "[31]美狄亚(Caster)★3": 1, "[81]亨利·杰基尔＆海德(Assassin)★3": 1, "[47]赫拉克勒斯(Berserker)★4": 1, "[1]玛修·基列莱特(Shielder)★3": 1}
礼装: {"[37]芦苇海★3": 1, "[47]一之太刀★4": 1, "[91]爱之灵药★3": 1, "[93]阿兰若★3": 1}

编号[5bceb6c300aaf6b402f3eb5890443d6f]
等级: 1
圣晶石: 2
圣晶片: 3
呼符: 0
金/银/铜/青苹果: 0/0/0/0
登陆天数: 3天 / 3天
从者: {"[72]弗格斯·马克·罗伊(Saber)★3": 2, "[298]渡边纲(Saber)★4": 1, "[15]尤瑞艾莉(Archer)★3": 1, "[17]库·丘林(Lancer)★3": 1, "[18]伊丽莎白·巴托里(Lancer)★4": 1, "[20]库·丘林〔Prototype〕(Lancer)★3": 1, "[79]冯·霍恩海姆·帕拉塞尔苏斯(Caster)★3": 2, "[1]玛修·基列莱特(Shielder)★3": 1}
礼装: {"[28]虚数魔术★4": 1, "[47]一之太刀★4": 1}

编号[71beff9520fbd67ededc3bcb42291f53]
等级: 1
圣晶石: 2
圣晶片: 3
呼符: 0
金/银/铜/青苹果: 0/0/0/0
登陆天数: 3天 / 3天
从者: {"[22]罗穆路斯(Lancer)★3": 2, "[214]瓦尔基里(Lancer)★4": 1, "[31]美狄亚(Caster)★3": 1, "[80]查尔斯·巴贝奇(Caster)★3": 1, "[81]亨利·杰基尔＆海德(Assassin)★3": 1, "[41]斯忒诺(Assassin)★4": 1, "[49]虎狼(Berserker)★3": 2, "[1]玛修·基列莱特(Shielder)★3": 1}
礼装: {"[91]爱之灵药★3": 1, "[98]千年黄金树★4": 1}

编号[834e80fa13dfd04bdf5e4ce4e9626446]
等级: 1
圣晶石: 2
圣晶片: 3
呼符: 0
金/银/铜/青苹果: 0/0/0/0
登陆天数: 3天 / 3天
从者: {"[7]盖乌斯·尤利乌斯·恺撒(Saber)★3": 1, "[72]弗格斯·马克·罗伊(Saber)★3": 1, "[245]拉克什米·芭伊(Saber)★4": 1, "[325]ゼノビア(Archer)★4": 1, "[71]迪尔姆德·奥迪那(Lancer)★3": 1, "[28]亚历山大(Rider)★3": 1, "[31]美狄亚(Caster)★3": 1, "[42]匕见(Assassin)★3": 1, "[1]玛修·基列莱特(Shielder)★3": 1}
礼装: {"[30]天使之诗★4": 1, "[65]魔猪★3": 1, "[73]死灵魔术★4": 1}

编号[914fc37d27282c70c720a7ba88c8e347]
等级: 1
圣晶石: 2
圣晶片: 3
呼符: 0
金/银/铜/青苹果: 0/0/0/0
登陆天数: 3天 / 3天
从者: {"[9]吉尔·德·雷(Saber)★3": 1, "[64]赫克托耳(Lancer)★3": 3, "[23]美杜莎(Rider)★3": 1, "[26]布狄卡(Rider)★3": 1, "[41]斯忒诺(Assassin)★4": 1, "[49]虎狼(Berserker)★3": 2, "[58]玉藻猫(Berserker)★4": 1, "[1]玛修·基列莱特(Shielder)★3": 1}
礼装: {"[24]Gandr★4": 1}

编号[7498602c9fc12ced1fff722970aef250]
等级: 1
圣晶石: 2
圣晶片: 3
呼符: 0
金/银/铜/青苹果: 0/0/0/0
登陆天数: 3天 / 3天
从者: {"[71]迪尔姆德·奥迪那(Lancer)★3": 1, "[20]库·丘林〔Prototype〕(Lancer)★3": 1, "[31]美狄亚(Caster)★3": 1, "[47]赫拉克勒斯(Berserker)★4": 1, "[49]虎狼(Berserker)★3": 1, "[1]玛修·基列莱特(Shielder)★3": 1}
礼装: {"[38]封印指定　执行者★4": 1, "[55]扬帆远航★3": 1, "[65]魔猪★3": 1, "[90]魔力计★3": 1, "[95]狮子玩偶★3": 1, "[96]鲁格的光环★3": 1}

