编号[24fa9ab5bf27d78d1cd3a13e2f3164cf]
等级: 1
圣晶石: 2
圣晶片: 3
呼符: 0
金/银/铜/青苹果: 0/0/0/0
登陆天数: 20天 / 58天
从者: {"[9]吉尔·德·雷(Saber)★3": 1, "[298]渡边纲(Saber)★4": 1, "[13]罗宾汉(Archer)★3": 1, "[15]尤瑞艾莉(Archer)★3": 1, "[17]库·丘林(Lancer)★3": 1, "[64]赫克托耳(Lancer)★3": 1, "[26]布狄卡(Rider)★3": 1, "[31]美狄亚(Caster)★3": 1, "[81]亨利·杰基尔＆海德(Assassin)★3": 1, "[1]玛修·基列莱特(Shielder)★3": 1}
礼装: {"[24]Gandr★4": 1, "[96]鲁格的光环★3": 1}

编号[61b897925c32eddcb4bb027e2192b939]
等级: 1
圣晶石: 2
圣晶片: 3
呼符: 0
金/银/铜/青苹果: 0/0/0/0
登陆天数: 20天 / 58天
从者: {"[9]吉尔·德·雷(Saber)★3": 1, "[11]卫宫(Archer)★4": 1, "[63]大卫(Archer)★3": 1, "[325]芝诺比阿(Archer)★4": 1, "[120]尼托克丽丝(Caster)★4": 1, "[42]匕见(Assassin)★3": 1, "[159]燕青(Assassin)★4": 1, "[58]玉藻猫(Berserker)★4": 1, "[1]玛修·基列莱特(Shielder)★3": 1}
礼装: {"[27]秉持优雅★4": 1, "[46]符文石★3": 1, "[91]爱之灵药★3": 1}

编号[94de829fc83caafce3f213f98fb8da8c]
等级: 1
圣晶石: 2
圣晶片: 3
呼符: 0
金/银/铜/青苹果: 0/0/0/0
登陆天数: 20天 / 58天
从者: {"[7]盖乌斯·尤利乌斯·恺撒(Saber)★3": 1, "[72]弗格斯·马克·罗伊(Saber)★3": 1, "[13]罗宾汉(Archer)★3": 1, "[63]大卫(Archer)★3": 1, "[15]尤瑞艾莉(Archer)★3": 1, "[192]喀耳刻(Caster)★4": 1, "[81]亨利·杰基尔＆海德(Assassin)★3": 1, "[49]虎狼(Berserker)★3": 1, "[1]玛修·基列莱特(Shielder)★3": 1}
礼装: {"[25]绿之破音★4": 1, "[65]魔猪★3": 1, "[66]骑士的矜持★4": 1}

编号[ecd09773a89044da78577bfd00f9a4a2]
等级: 1
圣晶石: 2
圣晶片: 3
呼符: 0
金/银/铜/青苹果: 0/0/0/0
登陆天数: 20天 / 58天
从者: {"[15]尤瑞艾莉(Archer)★3": 1, "[64]赫克托耳(Lancer)★3": 1, "[214]瓦尔基里(Lancer)★4": 1, "[26]布狄卡(Rider)★3": 1, "[31]美狄亚(Caster)★3": 1, "[55]大流士三世(Berserker)★3": 1, "[56]清姬(Berserker)★3": 1, "[1]玛修·基列莱特(Shielder)★3": 1}
礼装: {"[24]Gandr★4": 1, "[39]抹大拉的圣骸布★4": 1, "[74]觉醒的意志★4": 1, "[93]阿兰若★3": 1}

编号[a48aacd38e906a08654ead2f72ce7394]
等级: 1
圣晶石: 2
圣晶片: 3
呼符: 0
金/银/铜/青苹果: 0/0/0/0
登陆天数: 20天 / 58天
从者: {"[9]吉尔·德·雷(Saber)★3": 1, "[245]拉克什米·芭伊(Saber)★4": 1, "[63]大卫(Archer)★3": 1, "[15]尤瑞艾莉(Archer)★3": 1, "[214]瓦尔基里(Lancer)★4": 1, "[28]亚历山大(Rider)★3": 1, "[120]尼托克丽丝(Caster)★4": 1, "[35]梅菲斯托费勒斯(Caster)★3": 1, "[42]匕见(Assassin)★3": 1, "[56]清姬(Berserker)★3": 1, "[1]玛修·基列莱特(Shielder)★3": 1}
礼装: {"[28]虚数魔术★4": 1}

编号[69cac4fdb38d028a09e93538cf3d2336]
等级: 1
圣晶石: 2
圣晶片: 3
呼符: 0
金/银/铜/青苹果: 0/0/0/0
登陆天数: 20天 / 58天
从者: {"[7]盖乌斯·尤利乌斯·恺撒(Saber)★3": 1, "[15]尤瑞艾莉(Archer)★3": 1, "[22]罗穆路斯(Lancer)★3": 1, "[27]牛若丸(Rider)★3": 1, "[41]斯忒诺(Assassin)★4": 1, "[49]虎狼(Berserker)★3": 1, "[1]玛修·基列莱特(Shielder)★3": 1}
礼装: {"[38]封印指定　执行者★4": 1, "[42]Mooncell Automaton★3": 1, "[73]死灵魔术★4": 1, "[74]觉醒的意志★4": 1, "[96]鲁格的光环★3": 1}

编号[299c961117a1ec3f7460eb6e2ea9db97]
等级: 1
圣晶石: 2
圣晶片: 3
呼符: 0
金/银/铜/青苹果: 0/0/0/0
登陆天数: 20天 / 58天
从者: {"[9]吉尔·德·雷(Saber)★3": 1, "[214]瓦尔基里(Lancer)★4": 1, "[23]歌果(Rider)★3": 1, "[94]阿斯托尔福(Rider)★4": 1, "[28]亚历山大(Rider)★3": 1, "[35]梅菲斯托费勒斯(Caster)★3": 1, "[81]亨利·杰基尔＆海德(Assassin)★3": 1, "[41]斯忒诺(Assassin)★4": 1, "[42]匕见(Assassin)★3": 1, "[1]玛修·基列莱特(Shielder)★3": 1}
礼装: {"[66]骑士的矜持★4": 1, "[98]千年黄金树★4": 1}

编号[55c89a8e680c5ed46318766a91e5e5cf]
等级: 1
圣晶石: 2
圣晶片: 3
呼符: 0
金/银/铜/青苹果: 0/0/0/0
登陆天数: 20天 / 58天
从者: {"[245]拉克什米·芭伊(Saber)★4": 1, "[17]库·丘林(Lancer)★3": 1, "[71]迪尔姆德·奥迪那(Lancer)★3": 1, "[31]美狄亚(Caster)★3": 2, "[79]冯·霍恩海姆·帕拉塞尔苏斯(Caster)★3": 1, "[120]尼托克丽丝(Caster)★4": 1, "[81]亨利·杰基尔＆海德(Assassin)★3": 1, "[49]虎狼(Berserker)★3": 2, "[1]玛修·基列莱特(Shielder)★3": 1}
礼装: {"[47]一之太刀★4": 1}

编号[64b3e718d7f083cb53a07282754fd126]
等级: 1
圣晶石: 2
圣晶片: 3
呼符: 0
金/银/铜/青苹果: 0/0/0/0
登陆天数: 20天 / 58天
从者: {"[245]拉克什米·芭伊(Saber)★4": 1, "[298]渡边纲(Saber)★4": 1, "[11]卫宫(Archer)★4": 1, "[71]迪尔姆德·奥迪那(Lancer)★3": 1, "[214]瓦尔基里(Lancer)★4": 1, "[120]尼托克丽丝(Caster)★4": 1, "[1]玛修·基列莱特(Shielder)★3": 1}
礼装: {"[21]钢之锻炼★4": 1, "[25]绿之破音★4": 1, "[46]符文石★3": 1, "[55]扬帆远航★3": 1, "[65]魔猪★3": 1}

编号[03fefc2cfce1e9249dde5f1e991fbcf6]
等级: 1
圣晶石: 2
圣晶片: 3
呼符: 0
金/银/铜/青苹果: 0/0/0/0
登陆天数: 20天 / 58天
从者: {"[7]盖乌斯·尤利乌斯·恺撒(Saber)★3": 1, "[72]弗格斯·马克·罗伊(Saber)★3": 1, "[298]渡边纲(Saber)★4": 1, "[71]迪尔姆德·奥迪那(Lancer)★3": 1, "[18]伊丽莎白·巴托里(Lancer)★4": 1, "[22]罗穆路斯(Lancer)★3": 2, "[23]歌果(Rider)★3": 1, "[27]牛若丸(Rider)★3": 1, "[80]查尔斯·巴贝奇(Caster)★3": 1, "[1]玛修·基列莱特(Shielder)★3": 1}
礼装: {"[47]一之太刀★4": 1}

编号[5a754a7af6d991f5a666f91e320f8b22]
等级: 1
圣晶石: 2
圣晶片: 3
呼符: 0
金/银/铜/青苹果: 0/0/0/0
登陆天数: 20天 / 58天
从者: {"[72]弗格斯·马克·罗伊(Saber)★3": 1, "[63]大卫(Archer)★3": 2, "[17]库·丘林(Lancer)★3": 1, "[71]迪尔姆德·奥迪那(Lancer)★3": 1, "[22]罗穆路斯(Lancer)★3": 1, "[214]瓦尔基里(Lancer)★4": 1, "[80]查尔斯·巴贝奇(Caster)★3": 1, "[42]匕见(Assassin)★3": 1, "[1]玛修·基列莱特(Shielder)★3": 1}
礼装: {"[23]投影魔术★4": 1, "[27]秉持优雅★4": 1}

编号[3d5662d4644a847d1a477e41b4a8fb0e]
等级: 1
圣晶石: 2
圣晶片: 3
呼符: 0
金/银/铜/青苹果: 0/0/0/0
登陆天数: 20天 / 58天
从者: {"[18]伊丽莎白·巴托里(Lancer)★4": 1, "[214]瓦尔基里(Lancer)★4": 1, "[23]歌果(Rider)★3": 1, "[94]阿斯托尔福(Rider)★4": 1, "[26]布狄卡(Rider)★3": 2, "[81]亨利·杰基尔＆海德(Assassin)★3": 1, "[49]虎狼(Berserker)★3": 1, "[1]玛修·基列莱特(Shielder)★3": 1}
礼装: {"[39]抹大拉的圣骸布★4": 1, "[42]Mooncell Automaton★3": 1, "[89]柳洞寺★3": 1}

编号[6e5f15b276eed0aa28e2534c67b96bfe]
等级: 1
圣晶石: 2
圣晶片: 3
呼符: 0
金/银/铜/青苹果: 0/0/0/0
登陆天数: 20天 / 58天
从者: {"[63]大卫(Archer)★3": 1, "[15]尤瑞艾莉(Archer)★3": 1, "[20]库·丘林〔Prototype〕(Lancer)★3": 1, "[214]瓦尔基里(Lancer)★4": 1, "[28]亚历山大(Rider)★3": 2, "[79]冯·霍恩海姆·帕拉塞尔苏斯(Caster)★3": 1, "[120]尼托克丽丝(Caster)★4": 1, "[1]玛修·基列莱特(Shielder)★3": 1}
礼装: {"[26]宝石魔术·对影★4": 1, "[92]白鹳骑士★3": 1, "[94]摩托·装甲骑兵★3": 1}

编号[c1103089c8eb4c844c8f1ff582080fba]
等级: 1
圣晶石: 2
圣晶片: 3
呼符: 0
金/银/铜/青苹果: 0/0/0/0
登陆天数: 20天 / 58天
从者: {"[72]弗格斯·马克·罗伊(Saber)★3": 1, "[298]渡边纲(Saber)★4": 1, "[11]卫宫(Archer)★4": 1, "[26]布狄卡(Rider)★3": 1, "[35]梅菲斯托费勒斯(Caster)★3": 1, "[47]赫拉克勒斯(Berserker)★4": 2, "[1]玛修·基列莱特(Shielder)★3": 1}
礼装: {"[46]符文石★3": 1, "[72]时钟塔★3": 1, "[74]觉醒的意志★4": 1, "[95]狮子玩偶★3": 1}

编号[193c3a095d7769703232d8d4def38e04]
等级: 1
圣晶石: 2
圣晶片: 3
呼符: 0
金/银/铜/青苹果: 0/0/0/0
登陆天数: 20天 / 58天
从者: {"[63]大卫(Archer)★3": 1, "[17]库·丘林(Lancer)★3": 1, "[20]库·丘林〔Prototype〕(Lancer)★3": 1, "[94]阿斯托尔福(Rider)★4": 1, "[27]牛若丸(Rider)★3": 1, "[28]亚历山大(Rider)★3": 1, "[42]匕见(Assassin)★3": 1, "[49]虎狼(Berserker)★3": 1, "[56]清姬(Berserker)★3": 1, "[1]玛修·基列莱特(Shielder)★3": 1}
礼装: {"[47]一之太刀★4": 1, "[98]千年黄金树★4": 1}

编号[b2fa8dd1d82d7606bfc1a3231d45048f]
等级: 1
圣晶石: 2
圣晶片: 3
呼符: 0
金/银/铜/青苹果: 0/0/0/0
登陆天数: 20天 / 58天
从者: {"[9]吉尔·德·雷(Saber)★3": 1, "[13]罗宾汉(Archer)★3": 1, "[15]尤瑞艾莉(Archer)★3": 1, "[23]歌果(Rider)★3": 1, "[94]阿斯托尔福(Rider)★4": 1, "[28]亚历山大(Rider)★3": 1, "[81]亨利·杰基尔＆海德(Assassin)★3": 1, "[55]大流士三世(Berserker)★3": 1, "[1]玛修·基列莱特(Shielder)★3": 1}
礼装: {"[30]天使之诗★4": 1, "[66]骑士的矜持★4": 1, "[92]白鹳骑士★3": 1}

编号[8d0b6ec0ab0e8cb18edc33e8357cdf29]
等级: 1
圣晶石: 2
圣晶片: 3
呼符: 0
金/银/铜/青苹果: 0/0/0/0
登陆天数: 20天 / 58天
从者: {"[9]吉尔·德·雷(Saber)★3": 1, "[15]尤瑞艾莉(Archer)★3": 1, "[17]库·丘林(Lancer)★3": 1, "[26]布狄卡(Rider)★3": 1, "[120]尼托克丽丝(Caster)★4": 1, "[1]玛修·基列莱特(Shielder)★3": 1}
礼装: {"[22]原始咒术★4": 1, "[37]芦苇海★3": 1, "[39]抹大拉的圣骸布★4": 1, "[42]Mooncell Automaton★3": 1, "[65]魔猪★3": 1, "[92]白鹳骑士★3": 1}

编号[9a3b386f3e08186672a83c6286cc4c20]
等级: 1
圣晶石: 2
圣晶片: 3
呼符: 0
金/银/铜/青苹果: 0/0/0/0
登陆天数: 20天 / 58天
从者: {"[72]弗格斯·马克·罗伊(Saber)★3": 2, "[298]渡边纲(Saber)★4": 1, "[214]瓦尔基里(Lancer)★4": 1, "[81]亨利·杰基尔＆海德(Assassin)★3": 1, "[42]匕见(Assassin)★3": 1, "[49]虎狼(Berserker)★3": 1, "[1]玛修·基列莱特(Shielder)★3": 1}
礼装: {"[28]虚数魔术★4": 1, "[29]天之晚餐★4": 1, "[37]芦苇海★3": 1, "[95]狮子玩偶★3": 1}

编号[e5a9224d6a58666cca951068fb636c7e]
等级: 1
圣晶石: 2
圣晶片: 3
呼符: 0
金/银/铜/青苹果: 0/0/0/0
登陆天数: 20天 / 58天
从者: {"[13]罗宾汉(Archer)★3": 1, "[15]尤瑞艾莉(Archer)★3": 1, "[18]伊丽莎白·巴托里(Lancer)★4": 1, "[20]库·丘林〔Prototype〕(Lancer)★3": 1, "[214]瓦尔基里(Lancer)★4": 1, "[192]喀耳刻(Caster)★4": 1, "[42]匕见(Assassin)★3": 1, "[47]赫拉克勒斯(Berserker)★4": 1, "[55]大流士三世(Berserker)★3": 1, "[1]玛修·基列莱特(Shielder)★3": 1}
礼装: {"[22]原始咒术★4": 1, "[94]摩托·装甲骑兵★3": 1}

编号[d3b760e1226b5fee6af1ff439573fd85]
等级: 1
圣晶石: 2
圣晶片: 3
呼符: 0
金/银/铜/青苹果: 0/0/0/0
登陆天数: 20天 / 58天
从者: {"[72]弗格斯·马克·罗伊(Saber)★3": 1, "[9]吉尔·德·雷(Saber)★3": 1, "[245]拉克什米·芭伊(Saber)★4": 1, "[63]大卫(Archer)★3": 1, "[26]布狄卡(Rider)★3": 1, "[49]虎狼(Berserker)★3": 1, "[55]大流士三世(Berserker)★3": 2, "[1]玛修·基列莱特(Shielder)★3": 1}
礼装: {"[27]秉持优雅★4": 1, "[29]天之晚餐★4": 1, "[91]爱之灵药★3": 1}

编号[30aaf9b23a8372f4a6095a0514bd014c]
等级: 1
圣晶石: 2
圣晶片: 3
呼符: 0
金/银/铜/青苹果: 0/0/0/0
登陆天数: 20天 / 58天
从者: {"[298]渡边纲(Saber)★4": 1, "[325]芝诺比阿(Archer)★4": 1, "[17]库·丘林(Lancer)★3": 1, "[64]赫克托耳(Lancer)★3": 1, "[28]亚历山大(Rider)★3": 1, "[31]美狄亚(Caster)★3": 1, "[56]清姬(Berserker)★3": 1, "[1]玛修·基列莱特(Shielder)★3": 1}
礼装: {"[28]虚数魔术★4": 1, "[29]天之晚餐★4": 1, "[66]骑士的矜持★4": 1, "[90]魔力计★3": 1}

编号[7c95ce9d61024110ef11185f3f451fcd]
等级: 1
圣晶石: 2
圣晶片: 3
呼符: 0
金/银/铜/青苹果: 0/0/0/0
登陆天数: 20天 / 58天
从者: {"[7]盖乌斯·尤利乌斯·恺撒(Saber)★3": 1, "[325]芝诺比阿(Archer)★4": 1, "[17]库·丘林(Lancer)★3": 1, "[18]伊丽莎白·巴托里(Lancer)★4": 1, "[80]查尔斯·巴贝奇(Caster)★3": 1, "[192]喀耳刻(Caster)★4": 1, "[81]亨利·杰基尔＆海德(Assassin)★3": 1, "[1]玛修·基列莱特(Shielder)★3": 1}
礼装: {"[21]钢之锻炼★4": 1, "[30]天使之诗★4": 1, "[46]符文石★3": 1, "[94]摩托·装甲骑兵★3": 1}

编号[34210bbf702546a2c101ec8f03c0174b]
等级: 1
圣晶石: 2
圣晶片: 3
呼符: 0
金/银/铜/青苹果: 0/0/0/0
登陆天数: 20天 / 58天
从者: {"[63]大卫(Archer)★3": 2, "[18]伊丽莎白·巴托里(Lancer)★4": 1, "[26]布狄卡(Rider)★3": 2, "[47]赫拉克勒斯(Berserker)★4": 1, "[55]大流士三世(Berserker)★3": 1, "[1]玛修·基列莱特(Shielder)★3": 1}
礼装: {"[55]扬帆远航★3": 1, "[74]觉醒的意志★4": 1, "[93]阿兰若★3": 1, "[98]千年黄金树★4": 1}

编号[dacf3ad52711c403650f3b0145a25ec7]
等级: 1
圣晶石: 2
圣晶片: 3
呼符: 0
金/银/铜/青苹果: 0/0/0/0
登陆天数: 20天 / 58天
从者: {"[7]盖乌斯·尤利乌斯·恺撒(Saber)★3": 1, "[71]迪尔姆德·奥迪那(Lancer)★3": 1, "[64]赫克托耳(Lancer)★3": 1, "[94]阿斯托尔福(Rider)★4": 1, "[28]亚历山大(Rider)★3": 1, "[80]查尔斯·巴贝奇(Caster)★3": 2, "[81]亨利·杰基尔＆海德(Assassin)★3": 1, "[1]玛修·基列莱特(Shielder)★3": 1}
礼装: {"[22]原始咒术★4": 1, "[55]扬帆远航★3": 1, "[72]时钟塔★3": 1}

编号[601e89ae489d8dea1da5f498d6f14e1a]
等级: 1
圣晶石: 2
圣晶片: 3
呼符: 0
金/银/铜/青苹果: 0/0/0/0
登陆天数: 20天 / 58天
从者: {"[7]盖乌斯·尤利乌斯·恺撒(Saber)★3": 1, "[11]卫宫(Archer)★4": 1, "[15]尤瑞艾莉(Archer)★3": 1, "[31]美狄亚(Caster)★3": 1, "[1]玛修·基列莱特(Shielder)★3": 1}
礼装: {"[25]绿之破音★4": 1, "[38]封印指定　执行者★4": 1, "[39]抹大拉的圣骸布★4": 1, "[55]扬帆远航★3": 1, "[56]指令咏唱★4": 1, "[73]死灵魔术★4": 1, "[96]鲁格的光环★3": 1}

编号[04f950a415d5db9e1d669bea95da2567]
等级: 1
圣晶石: 2
圣晶片: 3
呼符: 0
金/银/铜/青苹果: 0/0/0/0
登陆天数: 20天 / 58天
从者: {"[7]盖乌斯·尤利乌斯·恺撒(Saber)★3": 1, "[13]罗宾汉(Archer)★3": 2, "[17]库·丘林(Lancer)★3": 1, "[20]库·丘林〔Prototype〕(Lancer)★3": 1, "[26]布狄卡(Rider)★3": 1, "[81]亨利·杰基尔＆海德(Assassin)★3": 1, "[159]燕青(Assassin)★4": 1, "[49]虎狼(Berserker)★3": 1, "[1]玛修·基列莱特(Shielder)★3": 1}
礼装: {"[56]指令咏唱★4": 1, "[91]爱之灵药★3": 1}

编号[94ef14351bc9351512badfc3f807ed54]
等级: 1
圣晶石: 2
圣晶片: 3
呼符: 0
金/银/铜/青苹果: 0/0/0/0
登陆天数: 20天 / 58天
从者: {"[27]牛若丸(Rider)★3": 1, "[332]ドブルイニャ・ニキチッチ(Rider)★4": 1, "[31]美狄亚(Caster)★3": 1, "[79]冯·霍恩海姆·帕拉塞尔苏斯(Caster)★3": 1, "[159]燕青(Assassin)★4": 1, "[49]虎狼(Berserker)★3": 1, "[56]清姬(Berserker)★3": 1, "[1]玛修·基列莱特(Shielder)★3": 1}
礼装: {"[73]死灵魔术★4": 2, "[90]魔力计★3": 1, "[95]狮子玩偶★3": 1}

编号[db44a551a91fc49b883e9520c6909309]
等级: 1
圣晶石: 2
圣晶片: 3
呼符: 0
金/银/铜/青苹果: 0/0/0/0
登陆天数: 20天 / 58天
从者: {"[17]库·丘林(Lancer)★3": 1, "[18]伊丽莎白·巴托里(Lancer)★4": 1, "[22]罗穆路斯(Lancer)★3": 1, "[31]美狄亚(Caster)★3": 1, "[35]梅菲斯托费勒斯(Caster)★3": 1, "[41]斯忒诺(Assassin)★4": 1, "[1]玛修·基列莱特(Shielder)★3": 1}
礼装: {"[29]天之晚餐★4": 1, "[42]Mooncell Automaton★3": 2, "[55]扬帆远航★3": 1, "[73]死灵魔术★4": 1}

编号[8b9c5e2d072d59ff03b2bbac01f1ea60]
等级: 1
圣晶石: 2
圣晶片: 3
呼符: 0
金/银/铜/青苹果: 0/0/0/0
登陆天数: 20天 / 58天
从者: {"[298]渡边纲(Saber)★4": 1, "[325]芝诺比阿(Archer)★4": 1, "[17]库·丘林(Lancer)★3": 1, "[18]伊丽莎白·巴托里(Lancer)★4": 1, "[214]瓦尔基里(Lancer)★4": 1, "[332]ドブルイニャ・ニキチッチ(Rider)★4": 1, "[79]冯·霍恩海姆·帕拉塞尔苏斯(Caster)★3": 1, "[120]尼托克丽丝(Caster)★4": 1, "[47]赫拉克勒斯(Berserker)★4": 1, "[1]玛修·基列莱特(Shielder)★3": 1}
礼装: {"[29]天之晚餐★4": 1, "[42]Mooncell Automaton★3": 1}

编号[28f1f97b5bc243709f546f557715a130]
等级: 1
圣晶石: 2
圣晶片: 3
呼符: 0
金/银/铜/青苹果: 0/0/0/0
登陆天数: 20天 / 58天
从者: {"[20]库·丘林〔Prototype〕(Lancer)★3": 1, "[22]罗穆路斯(Lancer)★3": 1, "[23]歌果(Rider)★3": 1, "[28]亚历山大(Rider)★3": 1, "[80]查尔斯·巴贝奇(Caster)★3": 1, "[81]亨利·杰基尔＆海德(Assassin)★3": 1, "[159]燕青(Assassin)★4": 1, "[55]大流士三世(Berserker)★3": 1, "[1]玛修·基列莱特(Shielder)★3": 1}
礼装: {"[30]天使之诗★4": 1, "[89]柳洞寺★3": 1, "[98]千年黄金树★4": 1}

编号[cefaee3496d51b53ab49b4c92fbf162b]
等级: 1
圣晶石: 2
圣晶片: 3
呼符: 0
金/银/铜/青苹果: 0/0/0/0
登陆天数: 20天 / 58天
从者: {"[7]盖乌斯·尤利乌斯·恺撒(Saber)★3": 2, "[20]库·丘林〔Prototype〕(Lancer)★3": 1, "[22]罗穆路斯(Lancer)★3": 1, "[214]瓦尔基里(Lancer)★4": 1, "[41]斯忒诺(Assassin)★4": 1, "[42]匕见(Assassin)★3": 1, "[47]赫拉克勒斯(Berserker)★4": 1, "[1]玛修·基列莱特(Shielder)★3": 1}
礼装: {"[25]绿之破音★4": 1, "[56]指令咏唱★4": 1, "[90]魔力计★3": 1}

编号[80a7c29dff6f3b1af34ac2641f3feab1]
等级: 1
圣晶石: 2
圣晶片: 3
呼符: 0
金/银/铜/青苹果: 0/0/0/0
登陆天数: 20天 / 58天
从者: {"[7]盖乌斯·尤利乌斯·恺撒(Saber)★3": 1, "[71]迪尔姆德·奥迪那(Lancer)★3": 1, "[42]匕见(Assassin)★3": 2, "[56]清姬(Berserker)★3": 1, "[58]玉藻猫(Berserker)★4": 1, "[1]玛修·基列莱特(Shielder)★3": 1}
礼装: {"[25]绿之破音★4": 1, "[37]芦苇海★3": 2, "[65]魔猪★3": 1, "[93]阿兰若★3": 1}

编号[f38470583d1af0235277fbacd5a7e404]
等级: 1
圣晶石: 2
圣晶片: 3
呼符: 0
金/银/铜/青苹果: 0/0/0/0
登陆天数: 20天 / 58天
从者: {"[72]弗格斯·马克·罗伊(Saber)★3": 1, "[325]芝诺比阿(Archer)★4": 1, "[18]伊丽莎白·巴托里(Lancer)★4": 1, "[192]喀耳刻(Caster)★4": 1, "[41]斯忒诺(Assassin)★4": 1, "[42]匕见(Assassin)★3": 1, "[1]玛修·基列莱特(Shielder)★3": 1}
礼装: {"[56]指令咏唱★4": 1, "[65]魔猪★3": 1, "[74]觉醒的意志★4": 2, "[98]千年黄金树★4": 1}

编号[e9fc62fae939809554af5ec02b804c1f]
等级: 1
圣晶石: 2
圣晶片: 3
呼符: 0
金/银/铜/青苹果: 0/0/0/0
登陆天数: 20天 / 58天
从者: {"[9]吉尔·德·雷(Saber)★3": 1, "[18]伊丽莎白·巴托里(Lancer)★4": 2, "[64]赫克托耳(Lancer)★3": 1, "[79]冯·霍恩海姆·帕拉塞尔苏斯(Caster)★3": 1, "[81]亨利·杰基尔＆海德(Assassin)★3": 1, "[49]虎狼(Berserker)★3": 1, "[1]玛修·基列莱特(Shielder)★3": 1}
礼装: {"[21]钢之锻炼★4": 1, "[28]虚数魔术★4": 1, "[91]爱之灵药★3": 1, "[92]白鹳骑士★3": 1}

编号[aabd6a30d1824d13a1930715779dea44]
等级: 1
圣晶石: 2
圣晶片: 3
呼符: 0
金/银/铜/青苹果: 0/0/0/0
登陆天数: 20天 / 58天
从者: {"[15]尤瑞艾莉(Archer)★3": 1, "[64]赫克托耳(Lancer)★3": 1, "[214]瓦尔基里(Lancer)★4": 1, "[27]牛若丸(Rider)★3": 1, "[31]美狄亚(Caster)★3": 1, "[80]查尔斯·巴贝奇(Caster)★3": 1, "[192]喀耳刻(Caster)★4": 1, "[47]赫拉克勒斯(Berserker)★4": 1, "[1]玛修·基列莱特(Shielder)★3": 1}
礼装: {"[74]觉醒的意志★4": 1, "[93]阿兰若★3": 1, "[98]千年黄金树★4": 1}

编号[1f9ad6b7b450a130aa6c08020f0f9a23]
等级: 1
圣晶石: 2
圣晶片: 3
呼符: 0
金/银/铜/青苹果: 0/0/0/0
登陆天数: 20天 / 58天
从者: {"[9]吉尔·德·雷(Saber)★3": 1, "[13]罗宾汉(Archer)★3": 1, "[22]罗穆路斯(Lancer)★3": 1, "[214]瓦尔基里(Lancer)★4": 1, "[23]歌果(Rider)★3": 1, "[120]尼托克丽丝(Caster)★4": 1, "[192]喀耳刻(Caster)★4": 1, "[1]玛修·基列莱特(Shielder)★3": 1}
礼装: {"[25]绿之破音★4": 1, "[27]秉持优雅★4": 1, "[90]魔力计★3": 1, "[91]爱之灵药★3": 1}

编号[99d9e6f923eaae0c58b7e73ab1e37b12]
等级: 1
圣晶石: 2
圣晶片: 3
呼符: 0
金/银/铜/青苹果: 0/0/0/0
登陆天数: 20天 / 58天
从者: {"[13]罗宾汉(Archer)★3": 2, "[17]库·丘林(Lancer)★3": 1, "[79]冯·霍恩海姆·帕拉塞尔苏斯(Caster)★3": 1, "[159]燕青(Assassin)★4": 1, "[56]清姬(Berserker)★3": 1, "[1]玛修·基列莱特(Shielder)★3": 1}
礼装: {"[38]封印指定　执行者★4": 1, "[39]抹大拉的圣骸布★4": 1, "[42]Mooncell Automaton★3": 1, "[74]觉醒的意志★4": 2}

编号[95c40535df0cf640e94f3d3547291070]
等级: 1
圣晶石: 2
圣晶片: 3
呼符: 0
金/银/铜/青苹果: 0/0/0/0
登陆天数: 20天 / 58天
从者: {"[63]大卫(Archer)★3": 1, "[22]罗穆路斯(Lancer)★3": 1, "[64]赫克托耳(Lancer)★3": 1, "[214]瓦尔基里(Lancer)★4": 1, "[35]梅菲斯托费勒斯(Caster)★3": 2, "[192]喀耳刻(Caster)★4": 1, "[58]玉藻猫(Berserker)★4": 1, "[1]玛修·基列莱特(Shielder)★3": 1}
礼装: {"[27]秉持优雅★4": 1, "[72]时钟塔★3": 1, "[95]狮子玩偶★3": 1}

编号[8c41855c382d7a1d5e62a781c9522a32]
等级: 1
圣晶石: 2
圣晶片: 3
呼符: 0
金/银/铜/青苹果: 0/0/0/0
登陆天数: 20天 / 58天
从者: {"[72]弗格斯·马克·罗伊(Saber)★3": 1, "[13]罗宾汉(Archer)★3": 2, "[23]歌果(Rider)★3": 1, "[26]布狄卡(Rider)★3": 1, "[192]喀耳刻(Caster)★4": 2, "[55]大流士三世(Berserker)★3": 1, "[56]清姬(Berserker)★3": 1, "[1]玛修·基列莱特(Shielder)★3": 1}
礼装: {"[22]原始咒术★4": 1, "[96]鲁格的光环★3": 1}

编号[f9c94fc32adefe5ea9daccf7ce31fa93]
等级: 1
圣晶石: 2
圣晶片: 3
呼符: 0
金/银/铜/青苹果: 0/0/0/0
登陆天数: 20天 / 58天
从者: {"[13]罗宾汉(Archer)★3": 2, "[71]迪尔姆德·奥迪那(Lancer)★3": 2, "[22]罗穆路斯(Lancer)★3": 2, "[26]布狄卡(Rider)★3": 1, "[35]梅菲斯托费勒斯(Caster)★3": 1, "[159]燕青(Assassin)★4": 1, "[56]清姬(Berserker)★3": 1, "[1]玛修·基列莱特(Shielder)★3": 1}
礼装: {"[21]钢之锻炼★4": 1}

编号[e1a5c8b0e09d01acd9c57fc1fbf57a73]
等级: 1
圣晶石: 2
圣晶片: 3
呼符: 0
金/银/铜/青苹果: 0/0/0/0
登陆天数: 20天 / 58天
从者: {"[9]吉尔·德·雷(Saber)★3": 1, "[298]渡边纲(Saber)★4": 1, "[13]罗宾汉(Archer)★3": 1, "[64]赫克托耳(Lancer)★3": 1, "[332]ドブルイニャ・ニキチッチ(Rider)★4": 2, "[49]虎狼(Berserker)★3": 1, "[1]玛修·基列莱特(Shielder)★3": 1}
礼装: {"[21]钢之锻炼★4": 1, "[42]Mooncell Automaton★3": 1, "[55]扬帆远航★3": 1, "[93]阿兰若★3": 1}

编号[cd6f58faa09c61cb3b1dfba17c3a8574]
等级: 1
圣晶石: 2
圣晶片: 3
呼符: 0
金/银/铜/青苹果: 0/0/0/0
登陆天数: 20天 / 58天
从者: {"[63]大卫(Archer)★3": 1, "[325]芝诺比阿(Archer)★4": 1, "[214]瓦尔基里(Lancer)★4": 2, "[26]布狄卡(Rider)★3": 1, "[35]梅菲斯托费勒斯(Caster)★3": 1, "[159]燕青(Assassin)★4": 1, "[58]玉藻猫(Berserker)★4": 1, "[1]玛修·基列莱特(Shielder)★3": 1}
礼装: {"[24]Gandr★4": 1, "[26]宝石魔术·对影★4": 1, "[96]鲁格的光环★3": 1}

编号[f6f04d9220787bb63e57d5ba6350f937]
等级: 1
圣晶石: 2
圣晶片: 3
呼符: 0
金/银/铜/青苹果: 0/0/0/0
登陆天数: 20天 / 58天
从者: {"[214]瓦尔基里(Lancer)★4": 1, "[94]阿斯托尔福(Rider)★4": 1, "[26]布狄卡(Rider)★3": 1, "[79]冯·霍恩海姆·帕拉塞尔苏斯(Caster)★3": 1, "[80]查尔斯·巴贝奇(Caster)★3": 1, "[81]亨利·杰基尔＆海德(Assassin)★3": 1, "[1]玛修·基列莱特(Shielder)★3": 1}
礼装: {"[26]宝石魔术·对影★4": 1, "[38]封印指定　执行者★4": 1, "[55]扬帆远航★3": 1, "[93]阿兰若★3": 1, "[98]千年黄金树★4": 1}

编号[8b204608057a362a593710ec145f6053]
等级: 1
圣晶石: 2
圣晶片: 3
呼符: 0
金/银/铜/青苹果: 0/0/0/0
登陆天数: 20天 / 58天
从者: {"[9]吉尔·德·雷(Saber)★3": 1, "[298]渡边纲(Saber)★4": 1, "[15]尤瑞艾莉(Archer)★3": 1, "[31]美狄亚(Caster)★3": 1, "[79]冯·霍恩海姆·帕拉塞尔苏斯(Caster)★3": 1, "[47]赫拉克勒斯(Berserker)★4": 1, "[1]玛修·基列莱特(Shielder)★3": 1}
礼装: {"[29]天之晚餐★4": 1, "[30]天使之诗★4": 2, "[92]白鹳骑士★3": 1, "[96]鲁格的光环★3": 1}

编号[0aef0364ae5efbe3472d97df1a2dd0a9]
等级: 1
圣晶石: 2
圣晶片: 3
呼符: 0
金/银/铜/青苹果: 0/0/0/0
登陆天数: 20天 / 58天
从者: {"[15]尤瑞艾莉(Archer)★3": 1, "[94]阿斯托尔福(Rider)★4": 1, "[27]牛若丸(Rider)★3": 1, "[28]亚历山大(Rider)★3": 1, "[120]尼托克丽丝(Caster)★4": 1, "[159]燕青(Assassin)★4": 1, "[49]虎狼(Berserker)★3": 1, "[1]玛修·基列莱特(Shielder)★3": 1}
礼装: {"[42]Mooncell Automaton★3": 2, "[47]一之太刀★4": 1, "[96]鲁格的光环★3": 1}

编号[64f094fe8a4231114a7dae3a799830a6]
等级: 1
圣晶石: 2
圣晶片: 3
呼符: 0
金/银/铜/青苹果: 0/0/0/0
登陆天数: 20天 / 58天
从者: {"[7]盖乌斯·尤利乌斯·恺撒(Saber)★3": 1, "[63]大卫(Archer)★3": 1, "[17]库·丘林(Lancer)★3": 1, "[26]布狄卡(Rider)★3": 1, "[80]查尔斯·巴贝奇(Caster)★3": 1, "[47]赫拉克勒斯(Berserker)★4": 1, "[55]大流士三世(Berserker)★3": 1, "[1]玛修·基列莱特(Shielder)★3": 1}
礼装: {"[29]天之晚餐★4": 1, "[30]天使之诗★4": 1, "[37]芦苇海★3": 1, "[93]阿兰若★3": 1}

编号[1b0701d435c8c807a3c65b8cd602de3b]
等级: 1
圣晶石: 2
圣晶片: 3
呼符: 0
金/银/铜/青苹果: 0/0/0/0
登陆天数: 20天 / 58天
从者: {"[17]库·丘林(Lancer)★3": 1, "[22]罗穆路斯(Lancer)★3": 1, "[64]赫克托耳(Lancer)★3": 1, "[28]亚历山大(Rider)★3": 1, "[31]美狄亚(Caster)★3": 1, "[80]查尔斯·巴贝奇(Caster)★3": 1, "[56]清姬(Berserker)★3": 1, "[58]玉藻猫(Berserker)★4": 1, "[1]玛修·基列莱特(Shielder)★3": 1}
礼装: {"[23]投影魔术★4": 1, "[29]天之晚餐★4": 1, "[47]一之太刀★4": 1}

编号[13b640cb7d2fe256eb8a5ea48bf81c6c]
等级: 1
圣晶石: 2
圣晶片: 3
呼符: 0
金/银/铜/青苹果: 0/0/0/0
登陆天数: 20天 / 58天
从者: {"[245]拉克什米·芭伊(Saber)★4": 1, "[13]罗宾汉(Archer)★3": 1, "[17]库·丘林(Lancer)★3": 2, "[27]牛若丸(Rider)★3": 1, "[28]亚历山大(Rider)★3": 1, "[31]美狄亚(Caster)★3": 1, "[192]喀耳刻(Caster)★4": 1, "[81]亨利·杰基尔＆海德(Assassin)★3": 1, "[1]玛修·基列莱特(Shielder)★3": 1}
礼装: {"[22]原始咒术★4": 1, "[30]天使之诗★4": 1}

编号[0ed571c1b16ce853829acc0d1ed3b296]
等级: 1
圣晶石: 2
圣晶片: 3
呼符: 0
金/银/铜/青苹果: 0/0/0/0
登陆天数: 20天 / 58天
从者: {"[63]大卫(Archer)★3": 1, "[71]迪尔姆德·奥迪那(Lancer)★3": 2, "[23]歌果(Rider)★3": 1, "[27]牛若丸(Rider)★3": 1, "[79]冯·霍恩海姆·帕拉塞尔苏斯(Caster)★3": 1, "[120]尼托克丽丝(Caster)★4": 1, "[49]虎狼(Berserker)★3": 1, "[56]清姬(Berserker)★3": 1, "[1]玛修·基列莱特(Shielder)★3": 1}
礼装: {"[38]封印指定　执行者★4": 1, "[93]阿兰若★3": 1}

编号[2ecb29dc4e5f95e51cae498fcd849e0e]
等级: 1
圣晶石: 2
圣晶片: 3
呼符: 0
金/银/铜/青苹果: 0/0/0/0
登陆天数: 20天 / 58天
从者: {"[298]渡边纲(Saber)★4": 1, "[15]尤瑞艾莉(Archer)★3": 1, "[94]阿斯托尔福(Rider)★4": 1, "[27]牛若丸(Rider)★3": 1, "[35]梅菲斯托费勒斯(Caster)★3": 1, "[55]大流士三世(Berserker)★3": 1, "[58]玉藻猫(Berserker)★4": 1, "[1]玛修·基列莱特(Shielder)★3": 1}
礼装: {"[24]Gandr★4": 1, "[55]扬帆远航★3": 1, "[65]魔猪★3": 1, "[96]鲁格的光环★3": 1}

