编号[89ef5e1786f09c47e916593acf1f993d]
等级: 1
圣晶石: 2
圣晶片: 3
呼符: 0
金/银/铜/青苹果: 0/0/0/0
登陆天数: 6天 / 44天
从者: {"[7]盖乌斯·尤利乌斯·恺撒(Saber)★3": 1, "[72]弗格斯·马克·罗伊(Saber)★3": 1, "[9]吉尔·德·雷(Saber)★3": 1, "[298]渡边纲(Saber)★4": 1, "[17]库·丘林(Lancer)★3": 1, "[159]燕青(Assassin)★4": 1, "[1]玛修·基列莱特(Shielder)★3": 1}
礼装: {"[28]虚数魔术★4": 1, "[37]芦苇海★3": 1, "[39]抹大拉的圣骸布★4": 1, "[74]觉醒的意志★4": 1, "[94]摩托·装甲骑兵★3": 1}

编号[25030e39cb470d8415c47907107c586f]
等级: 1
圣晶石: 2
圣晶片: 3
呼符: 0
金/银/铜/青苹果: 0/0/0/0
登陆天数: 6天 / 44天
从者: {"[9]吉尔·德·雷(Saber)★3": 1, "[15]尤瑞艾莉(Archer)★3": 1, "[71]迪尔姆德·奥迪那(Lancer)★3": 1, "[332]ドブルイニャ・ニキチッチ(Rider)★4": 2, "[79]冯·霍恩海姆·帕拉塞尔苏斯(Caster)★3": 1, "[120]尼托克丽丝(Caster)★4": 1, "[49]虎狼(Berserker)★3": 1, "[55]大流士三世(Berserker)★3": 1, "[1]玛修·基列莱特(Shielder)★3": 1}
礼装: {"[66]骑士的矜持★4": 1, "[94]摩托·装甲骑兵★3": 1}

编号[8dde95ad9441377ce576f8a3848e5e59]
等级: 1
圣晶石: 2
圣晶片: 3
呼符: 0
金/银/铜/青苹果: 0/0/0/0
登陆天数: 6天 / 44天
从者: {"[325]ゼノビア(Archer)★4": 1, "[23]歌果(Rider)★3": 1, "[26]布狄卡(Rider)★3": 1, "[27]牛若丸(Rider)★3": 1, "[80]查尔斯·巴贝奇(Caster)★3": 1, "[35]梅菲斯托费勒斯(Caster)★3": 1, "[81]亨利·杰基尔＆海德(Assassin)★3": 1, "[58]玉藻猫(Berserker)★4": 1, "[1]玛修·基列莱特(Shielder)★3": 1}
礼装: {"[24]Gandr★4": 1, "[27]秉持优雅★4": 1, "[56]指令咏唱★4": 1}

编号[08e7143ec1c6733857ec44fcaa848512]
等级: 1
圣晶石: 2
圣晶片: 3
呼符: 0
金/银/铜/青苹果: 0/0/0/0
登陆天数: 6天 / 44天
从者: {"[72]弗格斯·马克·罗伊(Saber)★3": 1, "[15]尤瑞艾莉(Archer)★3": 1, "[23]歌果(Rider)★3": 1, "[26]布狄卡(Rider)★3": 1, "[80]查尔斯·巴贝奇(Caster)★3": 1, "[120]尼托克丽丝(Caster)★4": 1, "[55]大流士三世(Berserker)★3": 1, "[1]玛修·基列莱特(Shielder)★3": 1}
礼装: {"[21]钢之锻炼★4": 1, "[30]天使之诗★4": 1, "[42]Mooncell Automaton★3": 1, "[92]白鹳骑士★3": 1}

编号[8047a4f2cd03c30671a362219bdfd62c]
等级: 1
圣晶石: 2
圣晶片: 3
呼符: 0
金/银/铜/青苹果: 0/0/0/0
登陆天数: 6天 / 44天
从者: {"[9]吉尔·德·雷(Saber)★3": 1, "[325]ゼノビア(Archer)★4": 1, "[94]阿斯托尔福(Rider)★4": 1, "[27]牛若丸(Rider)★3": 1, "[28]亚历山大(Rider)★3": 1, "[79]冯·霍恩海姆·帕拉塞尔苏斯(Caster)★3": 1, "[35]梅菲斯托费勒斯(Caster)★3": 2, "[1]玛修·基列莱特(Shielder)★3": 1}
礼装: {"[22]原始咒术★4": 1, "[90]魔力计★3": 1, "[92]白鹳骑士★3": 1}

编号[02bbd4ca6ba4e201dca484b935296fae]
等级: 1
圣晶石: 2
圣晶片: 3
呼符: 0
金/银/铜/青苹果: 0/0/0/0
登陆天数: 6天 / 44天
从者: {"[15]尤瑞艾莉(Archer)★3": 2, "[325]ゼノビア(Archer)★4": 1, "[17]库·丘林(Lancer)★3": 1, "[192]喀耳刻(Caster)★4": 1, "[1]玛修·基列莱特(Shielder)★3": 1}
礼装: {"[29]天之晚餐★4": 1, "[42]Mooncell Automaton★3": 1, "[56]指令咏唱★4": 1, "[66]骑士的矜持★4": 2, "[94]摩托·装甲骑兵★3": 1}

编号[409cbe14b1830a907f68e25e929401ed]
等级: 1
圣晶石: 2
圣晶片: 3
呼符: 0
金/银/铜/青苹果: 0/0/0/0
登陆天数: 6天 / 44天
从者: {"[72]弗格斯·马克·罗伊(Saber)★3": 1, "[11]卫宫(Archer)★4": 1, "[63]大卫(Archer)★3": 2, "[214]瓦尔基里(Lancer)★4": 1, "[31]美狄亚(Caster)★3": 1, "[79]冯·霍恩海姆·帕拉塞尔苏斯(Caster)★3": 1, "[47]赫拉克勒斯(Berserker)★4": 1, "[1]玛修·基列莱特(Shielder)★3": 1}
礼装: {"[74]觉醒的意志★4": 1, "[89]柳洞寺★3": 1, "[95]狮子玩偶★3": 1}

编号[8f2b019053ab0cc7fd53ee0672ce639d]
等级: 1
圣晶石: 2
圣晶片: 3
呼符: 0
金/银/铜/青苹果: 0/0/0/0
登陆天数: 6天 / 44天
从者: {"[298]渡边纲(Saber)★4": 1, "[11]卫宫(Archer)★4": 1, "[192]喀耳刻(Caster)★4": 1, "[42]匕见(Assassin)★3": 1, "[56]清姬(Berserker)★3": 1, "[58]玉藻猫(Berserker)★4": 1, "[1]玛修·基列莱特(Shielder)★3": 1}
礼装: {"[21]钢之锻炼★4": 1, "[27]秉持优雅★4": 1, "[30]天使之诗★4": 1, "[37]芦苇海★3": 1, "[95]狮子玩偶★3": 1}

编号[9deb32404860e920df55d35bd40e3bd7]
等级: 1
圣晶石: 2
圣晶片: 3
呼符: 0
金/银/铜/青苹果: 0/0/0/0
登陆天数: 6天 / 44天
从者: {"[298]渡边纲(Saber)★4": 1, "[63]大卫(Archer)★3": 1, "[79]冯·霍恩海姆·帕拉塞尔苏斯(Caster)★3": 1, "[120]尼托克丽丝(Caster)★4": 1, "[192]喀耳刻(Caster)★4": 1, "[1]玛修·基列莱特(Shielder)★3": 1}
礼装: {"[27]秉持优雅★4": 1, "[47]一之太刀★4": 1, "[55]扬帆远航★3": 1, "[73]死灵魔术★4": 1, "[94]摩托·装甲骑兵★3": 1, "[96]鲁格的光环★3": 1}

编号[8acc2d9f138c3dcf714dacbfeac6fe6f]
等级: 1
圣晶石: 2
圣晶片: 3
呼符: 0
金/银/铜/青苹果: 0/0/0/0
登陆天数: 6天 / 44天
从者: {"[64]赫克托耳(Lancer)★3": 1, "[27]牛若丸(Rider)★3": 1, "[47]赫拉克勒斯(Berserker)★4": 1, "[49]虎狼(Berserker)★3": 1, "[55]大流士三世(Berserker)★3": 1, "[56]清姬(Berserker)★3": 1, "[1]玛修·基列莱特(Shielder)★3": 1}
礼装: {"[28]虚数魔术★4": 1, "[30]天使之诗★4": 1, "[74]觉醒的意志★4": 1, "[93]阿兰若★3": 1, "[94]摩托·装甲骑兵★3": 1}

编号[349436530b5c6516a1af1d8b33ed346f]
等级: 1
圣晶石: 2
圣晶片: 3
呼符: 0
金/银/铜/青苹果: 0/0/0/0
登陆天数: 6天 / 44天
从者: {"[17]库·丘林(Lancer)★3": 1, "[28]亚历山大(Rider)★3": 1, "[31]美狄亚(Caster)★3": 1, "[42]匕见(Assassin)★3": 1, "[159]燕青(Assassin)★4": 1, "[47]赫拉克勒斯(Berserker)★4": 1, "[55]大流士三世(Berserker)★3": 1, "[1]玛修·基列莱特(Shielder)★3": 1}
礼装: {"[21]钢之锻炼★4": 1, "[55]扬帆远航★3": 1, "[89]柳洞寺★3": 1, "[93]阿兰若★3": 1}

编号[cde56408b4be88be236563ee9de15bfd]
等级: 1
圣晶石: 2
圣晶片: 3
呼符: 0
金/银/铜/青苹果: 0/0/0/0
登陆天数: 6天 / 44天
从者: {"[22]罗穆路斯(Lancer)★3": 2, "[41]斯忒诺(Assassin)★4": 1, "[42]匕见(Assassin)★3": 1, "[58]玉藻猫(Berserker)★4": 1, "[1]玛修·基列莱特(Shielder)★3": 1}
礼装: {"[26]宝石魔术·对影★4": 1, "[55]扬帆远航★3": 1, "[92]白鹳骑士★3": 2, "[95]狮子玩偶★3": 1, "[96]鲁格的光环★3": 1}

编号[bf22a36a49eb651f13cf528c79877859]
等级: 1
圣晶石: 2
圣晶片: 3
呼符: 0
金/银/铜/青苹果: 0/0/0/0
登陆天数: 6天 / 44天
从者: {"[13]罗宾汉(Archer)★3": 1, "[18]伊丽莎白·巴托里(Lancer)★4": 1, "[26]布狄卡(Rider)★3": 1, "[332]ドブルイニャ・ニキチッチ(Rider)★4": 1, "[80]查尔斯·巴贝奇(Caster)★3": 1, "[81]亨利·杰基尔＆海德(Assassin)★3": 1, "[49]虎狼(Berserker)★3": 1, "[1]玛修·基列莱特(Shielder)★3": 1}
礼装: {"[25]绿之破音★4": 1, "[26]宝石魔术·对影★4": 1, "[74]觉醒的意志★4": 1, "[89]柳洞寺★3": 1}

编号[08dc44c9615a4a354525885460f4c939]
等级: 1
圣晶石: 2
圣晶片: 3
呼符: 0
金/银/铜/青苹果: 0/0/0/0
登陆天数: 6天 / 44天
从者: {"[11]卫宫(Archer)★4": 1, "[63]大卫(Archer)★3": 1, "[64]赫克托耳(Lancer)★3": 2, "[332]ドブルイニャ・ニキチッチ(Rider)★4": 1, "[35]梅菲斯托费勒斯(Caster)★3": 1, "[81]亨利·杰基尔＆海德(Assassin)★3": 1, "[1]玛修·基列莱特(Shielder)★3": 1}
礼装: {"[24]Gandr★4": 1, "[29]天之晚餐★4": 1, "[30]天使之诗★4": 1, "[39]抹大拉的圣骸布★4": 1}

编号[eaa954896cda4f7bac52f438656211ff]
等级: 1
圣晶石: 2
圣晶片: 3
呼符: 0
金/银/铜/青苹果: 0/0/0/0
登陆天数: 6天 / 44天
从者: {"[7]盖乌斯·尤利乌斯·恺撒(Saber)★3": 1, "[72]弗格斯·马克·罗伊(Saber)★3": 1, "[245]拉克什米·芭伊(Saber)★4": 1, "[11]卫宫(Archer)★4": 1, "[64]赫克托耳(Lancer)★3": 1, "[26]布狄卡(Rider)★3": 1, "[1]玛修·基列莱特(Shielder)★3": 1}
礼装: {"[23]投影魔术★4": 1, "[29]天之晚餐★4": 1, "[39]抹大拉的圣骸布★4": 1, "[89]柳洞寺★3": 1, "[95]狮子玩偶★3": 1}

编号[43cf6c076f5caaddee271aaf2b59ce23]
等级: 1
圣晶石: 2
圣晶片: 3
呼符: 0
金/银/铜/青苹果: 0/0/0/0
登陆天数: 6天 / 44天
从者: {"[13]罗宾汉(Archer)★3": 1, "[15]尤瑞艾莉(Archer)★3": 1, "[71]迪尔姆德·奥迪那(Lancer)★3": 1, "[18]伊丽莎白·巴托里(Lancer)★4": 1, "[192]喀耳刻(Caster)★4": 1, "[42]匕见(Assassin)★3": 1, "[1]玛修·基列莱特(Shielder)★3": 1}
礼装: {"[25]绿之破音★4": 1, "[46]符文石★3": 1, "[55]扬帆远航★3": 1, "[56]指令咏唱★4": 1, "[93]阿兰若★3": 1}

编号[cc9bbb8bdd99bdd6b5fc5f6195f0c235]
等级: 1
圣晶石: 2
圣晶片: 3
呼符: 0
金/银/铜/青苹果: 0/0/0/0
登陆天数: 6天 / 44天
从者: {"[7]盖乌斯·尤利乌斯·恺撒(Saber)★3": 1, "[245]拉克什米·芭伊(Saber)★4": 1, "[71]迪尔姆德·奥迪那(Lancer)★3": 1, "[18]伊丽莎白·巴托里(Lancer)★4": 1, "[22]罗穆路斯(Lancer)★3": 2, "[27]牛若丸(Rider)★3": 1, "[332]ドブルイニャ・ニキチッチ(Rider)★4": 1, "[80]查尔斯·巴贝奇(Caster)★3": 1, "[1]玛修·基列莱特(Shielder)★3": 1}
礼装: {"[66]骑士的矜持★4": 1, "[92]白鹳骑士★3": 1}

编号[8b1a3721cb6879958e287a1db7903238]
等级: 1
圣晶石: 2
圣晶片: 3
呼符: 0
金/银/铜/青苹果: 0/0/0/0
登陆天数: 6天 / 44天
从者: {"[63]大卫(Archer)★3": 2, "[15]尤瑞艾莉(Archer)★3": 1, "[71]迪尔姆德·奥迪那(Lancer)★3": 1, "[31]美狄亚(Caster)★3": 1, "[192]喀耳刻(Caster)★4": 1, "[56]清姬(Berserker)★3": 1, "[1]玛修·基列莱特(Shielder)★3": 1}
礼装: {"[21]钢之锻炼★4": 1, "[25]绿之破音★4": 1, "[55]扬帆远航★3": 1, "[72]时钟塔★3": 1}

编号[7af6df3edf2cce868e4c001878a7978d]
等级: 1
圣晶石: 2
圣晶片: 3
呼符: 0
金/银/铜/青苹果: 0/0/0/0
登陆天数: 6天 / 44天
从者: {"[72]弗格斯·马克·罗伊(Saber)★3": 1, "[245]拉克什米·芭伊(Saber)★4": 1, "[15]尤瑞艾莉(Archer)★3": 1, "[23]歌果(Rider)★3": 1, "[26]布狄卡(Rider)★3": 1, "[31]美狄亚(Caster)★3": 2, "[79]冯·霍恩海姆·帕拉塞尔苏斯(Caster)★3": 1, "[1]玛修·基列莱特(Shielder)★3": 1}
礼装: {"[27]秉持优雅★4": 1, "[73]死灵魔术★4": 1, "[96]鲁格的光环★3": 1}

编号[9ab9c52c99b51fcf5e12c207c040ef67]
等级: 1
圣晶石: 2
圣晶片: 3
呼符: 0
金/银/铜/青苹果: 0/0/0/0
登陆天数: 6天 / 44天
从者: {"[9]吉尔·德·雷(Saber)★3": 1, "[63]大卫(Archer)★3": 1, "[28]亚历山大(Rider)★3": 1, "[35]梅菲斯托费勒斯(Caster)★3": 1, "[55]大流士三世(Berserker)★3": 1, "[58]玉藻猫(Berserker)★4": 1, "[1]玛修·基列莱特(Shielder)★3": 1}
礼装: {"[23]投影魔术★4": 1, "[25]绿之破音★4": 1, "[30]天使之诗★4": 1, "[73]死灵魔术★4": 1, "[95]狮子玩偶★3": 1}

编号[2f2587e4e616e71a48138b22069a416e]
等级: 1
圣晶石: 2
圣晶片: 3
呼符: 0
金/银/铜/青苹果: 0/0/0/0
登陆天数: 6天 / 44天
从者: {"[7]盖乌斯·尤利乌斯·恺撒(Saber)★3": 1, "[245]拉克什米·芭伊(Saber)★4": 1, "[17]库·丘林(Lancer)★3": 1, "[20]库·丘林〔Prototype〕(Lancer)★3": 1, "[22]罗穆路斯(Lancer)★3": 1, "[79]冯·霍恩海姆·帕拉塞尔苏斯(Caster)★3": 1, "[47]赫拉克勒斯(Berserker)★4": 1, "[55]大流士三世(Berserker)★3": 1, "[1]玛修·基列莱特(Shielder)★3": 1}
礼装: {"[26]宝石魔术·对影★4": 1, "[30]天使之诗★4": 1, "[92]白鹳骑士★3": 1}

编号[efa89334a221d689a8937ea81ad01dc7]
等级: 1
圣晶石: 2
圣晶片: 3
呼符: 0
金/银/铜/青苹果: 0/0/0/0
登陆天数: 6天 / 44天
从者: {"[71]迪尔姆德·奥迪那(Lancer)★3": 1, "[80]查尔斯·巴贝奇(Caster)★3": 1, "[120]尼托克丽丝(Caster)★4": 1, "[35]梅菲斯托费勒斯(Caster)★3": 1, "[42]匕见(Assassin)★3": 1, "[55]大流士三世(Berserker)★3": 1, "[1]玛修·基列莱特(Shielder)★3": 1}
礼装: {"[25]绿之破音★4": 1, "[28]虚数魔术★4": 1, "[55]扬帆远航★3": 1, "[65]魔猪★3": 2}

编号[4e2fb69852c4fd2f6a4d7e13a19d33b2]
等级: 1
圣晶石: 2
圣晶片: 3
呼符: 0
金/银/铜/青苹果: 0/0/0/0
登陆天数: 6天 / 44天
从者: {"[26]布狄卡(Rider)★3": 1, "[79]冯·霍恩海姆·帕拉塞尔苏斯(Caster)★3": 1, "[80]查尔斯·巴贝奇(Caster)★3": 1, "[192]喀耳刻(Caster)★4": 2, "[55]大流士三世(Berserker)★3": 1, "[1]玛修·基列莱特(Shielder)★3": 1}
礼装: {"[72]时钟塔★3": 1, "[89]柳洞寺★3": 1, "[92]白鹳骑士★3": 1, "[95]狮子玩偶★3": 1, "[98]千年黄金树★4": 1}

编号[76a231acd315681f7444f15a71cff289]
等级: 1
圣晶石: 2
圣晶片: 3
呼符: 0
金/银/铜/青苹果: 0/0/0/0
登陆天数: 6天 / 44天
从者: {"[7]盖乌斯·尤利乌斯·恺撒(Saber)★3": 1, "[22]罗穆路斯(Lancer)★3": 1, "[27]牛若丸(Rider)★3": 1, "[28]亚历山大(Rider)★3": 1, "[31]美狄亚(Caster)★3": 1, "[35]梅菲斯托费勒斯(Caster)★3": 1, "[192]喀耳刻(Caster)★4": 1, "[81]亨利·杰基尔＆海德(Assassin)★3": 1, "[1]玛修·基列莱特(Shielder)★3": 1}
礼装: {"[22]原始咒术★4": 1, "[23]投影魔术★4": 1, "[91]爱之灵药★3": 1}

编号[6d3b0341114fedbacbd1eff069db2153]
等级: 1
圣晶石: 2
圣晶片: 3
呼符: 0
金/银/铜/青苹果: 0/0/0/0
登陆天数: 6天 / 44天
从者: {"[15]尤瑞艾莉(Archer)★3": 1, "[17]库·丘林(Lancer)★3": 1, "[23]歌果(Rider)★3": 1, "[31]美狄亚(Caster)★3": 1, "[81]亨利·杰基尔＆海德(Assassin)★3": 1, "[47]赫拉克勒斯(Berserker)★4": 1, "[49]虎狼(Berserker)★3": 1, "[58]玉藻猫(Berserker)★4": 1, "[1]玛修·基列莱特(Shielder)★3": 1}
礼装: {"[47]一之太刀★4": 1, "[73]死灵魔术★4": 1, "[91]爱之灵药★3": 1}

编号[6ef5067027d5ff38154bcbc2998a00ed]
等级: 1
圣晶石: 2
圣晶片: 3
呼符: 0
金/银/铜/青苹果: 0/0/0/0
登陆天数: 6天 / 44天
从者: {"[7]盖乌斯·尤利乌斯·恺撒(Saber)★3": 1, "[72]弗格斯·马克·罗伊(Saber)★3": 1, "[9]吉尔·德·雷(Saber)★3": 1, "[64]赫克托耳(Lancer)★3": 1, "[31]美狄亚(Caster)★3": 1, "[192]喀耳刻(Caster)★4": 1, "[1]玛修·基列莱特(Shielder)★3": 1}
礼装: {"[26]宝石魔术·对影★4": 1, "[27]秉持优雅★4": 1, "[56]指令咏唱★4": 1, "[72]时钟塔★3": 1, "[94]摩托·装甲骑兵★3": 1}

编号[d204db7fac47f69f8da845ffdb5a43de]
等级: 1
圣晶石: 2
圣晶片: 3
呼符: 0
金/银/铜/青苹果: 0/0/0/0
登陆天数: 6天 / 44天
从者: {"[63]大卫(Archer)★3": 2, "[325]ゼノビア(Archer)★4": 1, "[17]库·丘林(Lancer)★3": 1, "[26]布狄卡(Rider)★3": 1, "[28]亚历山大(Rider)★3": 2, "[80]查尔斯·巴贝奇(Caster)★3": 1, "[81]亨利·杰基尔＆海德(Assassin)★3": 1, "[1]玛修·基列莱特(Shielder)★3": 1}
礼装: {"[25]绿之破音★4": 1, "[47]一之太刀★4": 1}

编号[6033511bd8c4a9b685990766437431bd]
等级: 1
圣晶石: 2
圣晶片: 3
呼符: 0
金/银/铜/青苹果: 0/0/0/0
登陆天数: 6天 / 44天
从者: {"[72]弗格斯·马克·罗伊(Saber)★3": 2, "[13]罗宾汉(Archer)★3": 1, "[325]ゼノビア(Archer)★4": 1, "[17]库·丘林(Lancer)★3": 2, "[71]迪尔姆德·奥迪那(Lancer)★3": 1, "[18]伊丽莎白·巴托里(Lancer)★4": 1, "[28]亚历山大(Rider)★3": 1, "[1]玛修·基列莱特(Shielder)★3": 1}
礼装: {"[56]指令咏唱★4": 1, "[98]千年黄金树★4": 1}

编号[ce030c94feb2162ac46ecae78d94e166]
等级: 1
圣晶石: 2
圣晶片: 3
呼符: 0
金/银/铜/青苹果: 0/0/0/0
登陆天数: 6天 / 44天
从者: {"[245]拉克什米·芭伊(Saber)★4": 1, "[325]ゼノビア(Archer)★4": 1, "[20]库·丘林〔Prototype〕(Lancer)★3": 1, "[64]赫克托耳(Lancer)★3": 2, "[26]布狄卡(Rider)★3": 1, "[56]清姬(Berserker)★3": 1, "[1]玛修·基列莱特(Shielder)★3": 1}
礼装: {"[22]原始咒术★4": 1, "[42]Mooncell Automaton★3": 1, "[46]符文石★3": 1, "[92]白鹳骑士★3": 1}

编号[4cb7ef8f81e4fcef3b4047344ad8eb0a]
等级: 1
圣晶石: 2
圣晶片: 3
呼符: 0
金/银/铜/青苹果: 0/0/0/0
登陆天数: 6天 / 44天
从者: {"[7]盖乌斯·尤利乌斯·恺撒(Saber)★3": 1, "[17]库·丘林(Lancer)★3": 1, "[22]罗穆路斯(Lancer)★3": 1, "[64]赫克托耳(Lancer)★3": 1, "[332]ドブルイニャ・ニキチッチ(Rider)★4": 1, "[192]喀耳刻(Caster)★4": 1, "[1]玛修·基列莱特(Shielder)★3": 1}
礼装: {"[38]封印指定　执行者★4": 1, "[56]指令咏唱★4": 1, "[72]时钟塔★3": 1, "[90]魔力计★3": 1, "[93]阿兰若★3": 1}

编号[1f9e5eaf8026eed65385c0bf6b557952]
等级: 1
圣晶石: 2
圣晶片: 3
呼符: 0
金/银/铜/青苹果: 0/0/0/0
登陆天数: 6天 / 44天
从者: {"[9]吉尔·德·雷(Saber)★3": 1, "[17]库·丘林(Lancer)★3": 1, "[41]斯忒诺(Assassin)★4": 1, "[42]匕见(Assassin)★3": 1, "[49]虎狼(Berserker)★3": 1, "[56]清姬(Berserker)★3": 1, "[1]玛修·基列莱特(Shielder)★3": 1}
礼装: {"[22]原始咒术★4": 1, "[56]指令咏唱★4": 1, "[72]时钟塔★3": 1, "[90]魔力计★3": 1, "[93]阿兰若★3": 1}

编号[f0341a47ff9a942484fcdfca2f01dba9]
等级: 1
圣晶石: 2
圣晶片: 3
呼符: 0
金/银/铜/青苹果: 0/0/0/0
登陆天数: 6天 / 44天
从者: {"[298]渡边纲(Saber)★4": 1, "[13]罗宾汉(Archer)★3": 2, "[71]迪尔姆德·奥迪那(Lancer)★3": 2, "[332]ドブルイニャ・ニキチッチ(Rider)★4": 1, "[79]冯·霍恩海姆·帕拉塞尔苏斯(Caster)★3": 1, "[80]查尔斯·巴贝奇(Caster)★3": 1, "[1]玛修·基列莱特(Shielder)★3": 1}
礼装: {"[24]Gandr★4": 1, "[47]一之太刀★4": 1, "[92]白鹳骑士★3": 1}

编号[d503211960720370cfd9f36c9bb81c59]
等级: 1
圣晶石: 2
圣晶片: 3
呼符: 0
金/银/铜/青苹果: 0/0/0/0
登陆天数: 6天 / 44天
从者: {"[9]吉尔·德·雷(Saber)★3": 1, "[63]大卫(Archer)★3": 2, "[64]赫克托耳(Lancer)★3": 1, "[35]梅菲斯托费勒斯(Caster)★3": 1, "[192]喀耳刻(Caster)★4": 1, "[159]燕青(Assassin)★4": 1, "[56]清姬(Berserker)★3": 1, "[1]玛修·基列莱特(Shielder)★3": 1}
礼装: {"[25]绿之破音★4": 1, "[47]一之太刀★4": 1, "[95]狮子玩偶★3": 1}

编号[8cad5ee484a0095b4903b39a2793195d]
等级: 2
圣晶石: 2
圣晶片: 3
呼符: 0
金/银/铜/青苹果: 0/0/0/0
登陆天数: 6天 / 44天
从者: {"[7]盖乌斯·尤利乌斯·恺撒(Saber)★3": 1, "[13]罗宾汉(Archer)★3": 1, "[18]伊丽莎白·巴托里(Lancer)★4": 1, "[20]库·丘林〔Prototype〕(Lancer)★3": 1, "[214]瓦尔基里(Lancer)★4": 1, "[26]布狄卡(Rider)★3": 1, "[27]牛若丸(Rider)★3": 1, "[49]虎狼(Berserker)★3": 2, "[1]玛修·基列莱特(Shielder)★3": 1}
礼装: {"[22]原始咒术★4": 1, "[39]抹大拉的圣骸布★4": 1}

编号[26d48c0d0bd03184d29d51352a2b680a]
等级: 1
圣晶石: 2
圣晶片: 3
呼符: 0
金/银/铜/青苹果: 0/0/0/0
登陆天数: 6天 / 44天
从者: {"[245]拉克什米·芭伊(Saber)★4": 1, "[13]罗宾汉(Archer)★3": 1, "[64]赫克托耳(Lancer)★3": 1, "[23]歌果(Rider)★3": 1, "[31]美狄亚(Caster)★3": 1, "[80]查尔斯·巴贝奇(Caster)★3": 2, "[42]匕见(Assassin)★3": 1, "[49]虎狼(Berserker)★3": 1, "[1]玛修·基列莱特(Shielder)★3": 1}
礼装: {"[30]天使之诗★4": 1, "[38]封印指定　执行者★4": 1}

编号[df2fe05c15625db50cf890b44fecaea0]
等级: 1
圣晶石: 2
圣晶片: 3
呼符: 0
金/银/铜/青苹果: 0/0/0/0
登陆天数: 6天 / 44天
从者: {"[325]ゼノビア(Archer)★4": 1, "[64]赫克托耳(Lancer)★3": 2, "[26]布狄卡(Rider)★3": 1, "[79]冯·霍恩海姆·帕拉塞尔苏斯(Caster)★3": 1, "[35]梅菲斯托费勒斯(Caster)★3": 1, "[1]玛修·基列莱特(Shielder)★3": 1}
礼装: {"[23]投影魔术★4": 1, "[55]扬帆远航★3": 2, "[65]魔猪★3": 1, "[93]阿兰若★3": 1}

编号[e339613c01380a1555d50fdc3e0a48cf]
等级: 1
圣晶石: 2
圣晶片: 3
呼符: 0
金/银/铜/青苹果: 0/0/0/0
登陆天数: 6天 / 44天
从者: {"[298]渡边纲(Saber)★4": 1, "[13]罗宾汉(Archer)★3": 1, "[18]伊丽莎白·巴托里(Lancer)★4": 1, "[22]罗穆路斯(Lancer)★3": 1, "[28]亚历山大(Rider)★3": 1, "[1]玛修·基列莱特(Shielder)★3": 1}
礼装: {"[21]钢之锻炼★4": 1, "[22]原始咒术★4": 1, "[23]投影魔术★4": 1, "[29]天之晚餐★4": 1, "[91]爱之灵药★3": 1, "[95]狮子玩偶★3": 1}

编号[993520f0ed5ba0278d66d20a9bef7a1a]
等级: 1
圣晶石: 2
圣晶片: 3
呼符: 0
金/银/铜/青苹果: 0/0/0/0
登陆天数: 6天 / 44天
从者: {"[298]渡边纲(Saber)★4": 1, "[325]ゼノビア(Archer)★4": 1, "[80]查尔斯·巴贝奇(Caster)★3": 1, "[120]尼托克丽丝(Caster)★4": 1, "[81]亨利·杰基尔＆海德(Assassin)★3": 2, "[49]虎狼(Berserker)★3": 1, "[1]玛修·基列莱特(Shielder)★3": 1}
礼装: {"[26]宝石魔术·对影★4": 1, "[29]天之晚餐★4": 1, "[56]指令咏唱★4": 1, "[74]觉醒的意志★4": 1}

编号[15ba34ea5d781e2d044526da7a3bace8]
等级: 1
圣晶石: 2
圣晶片: 3
呼符: 0
金/银/铜/青苹果: 0/0/0/0
登陆天数: 6天 / 44天
从者: {"[298]渡边纲(Saber)★4": 1, "[71]迪尔姆德·奥迪那(Lancer)★3": 1, "[22]罗穆路斯(Lancer)★3": 1, "[80]查尔斯·巴贝奇(Caster)★3": 1, "[35]梅菲斯托费勒斯(Caster)★3": 1, "[49]虎狼(Berserker)★3": 1, "[55]大流士三世(Berserker)★3": 1, "[1]玛修·基列莱特(Shielder)★3": 1}
礼装: {"[24]Gandr★4": 1, "[89]柳洞寺★3": 1, "[91]爱之灵药★3": 1, "[94]摩托·装甲骑兵★3": 1}

编号[880af0a73029cfdff6c035e7f0c1a30c]
等级: 1
圣晶石: 2
圣晶片: 3
呼符: 0
金/银/铜/青苹果: 0/0/0/0
登陆天数: 6天 / 44天
从者: {"[72]弗格斯·马克·罗伊(Saber)★3": 1, "[325]ゼノビア(Archer)★4": 1, "[22]罗穆路斯(Lancer)★3": 1, "[56]清姬(Berserker)★3": 1, "[1]玛修·基列莱特(Shielder)★3": 1}
礼装: {"[24]Gandr★4": 1, "[28]虚数魔术★4": 1, "[55]扬帆远航★3": 2, "[65]魔猪★3": 1, "[73]死灵魔术★4": 1, "[95]狮子玩偶★3": 1}

编号[1fb0085ee53896a8ac469f47830d7e71]
等级: 1
圣晶石: 2
圣晶片: 3
呼符: 0
金/银/铜/青苹果: 0/0/0/0
登陆天数: 6天 / 44天
从者: {"[72]弗格斯·马克·罗伊(Saber)★3": 1, "[11]卫宫(Archer)★4": 1, "[63]大卫(Archer)★3": 1, "[71]迪尔姆德·奥迪那(Lancer)★3": 1, "[120]尼托克丽丝(Caster)★4": 1, "[47]赫拉克勒斯(Berserker)★4": 1, "[49]虎狼(Berserker)★3": 1, "[56]清姬(Berserker)★3": 1, "[1]玛修·基列莱特(Shielder)★3": 1}
礼装: {"[22]原始咒术★4": 1, "[47]一之太刀★4": 1, "[93]阿兰若★3": 1}

编号[99ef6c6a08c8e68614dda6b1d57e4036]
等级: 1
圣晶石: 2
圣晶片: 3
呼符: 0
金/银/铜/青苹果: 0/0/0/0
登陆天数: 6天 / 44天
从者: {"[18]伊丽莎白·巴托里(Lancer)★4": 1, "[64]赫克托耳(Lancer)★3": 1, "[23]歌果(Rider)★3": 1, "[26]布狄卡(Rider)★3": 1, "[79]冯·霍恩海姆·帕拉塞尔苏斯(Caster)★3": 1, "[80]查尔斯·巴贝奇(Caster)★3": 1, "[120]尼托克丽丝(Caster)★4": 1, "[159]燕青(Assassin)★4": 1, "[1]玛修·基列莱特(Shielder)★3": 1}
礼装: {"[23]投影魔术★4": 1, "[89]柳洞寺★3": 1, "[92]白鹳骑士★3": 1}

编号[931762c785e5bca9792cfe037f450aba]
等级: 1
圣晶石: 2
圣晶片: 3
呼符: 0
金/银/铜/青苹果: 0/0/0/0
登陆天数: 6天 / 44天
从者: {"[7]盖乌斯·尤利乌斯·恺撒(Saber)★3": 1, "[245]拉克什米·芭伊(Saber)★4": 1, "[15]尤瑞艾莉(Archer)★3": 1, "[64]赫克托耳(Lancer)★3": 1, "[94]阿斯托尔福(Rider)★4": 1, "[58]玉藻猫(Berserker)★4": 1, "[1]玛修·基列莱特(Shielder)★3": 1}
礼装: {"[28]虚数魔术★4": 1, "[38]封印指定　执行者★4": 1, "[89]柳洞寺★3": 1, "[93]阿兰若★3": 1, "[94]摩托·装甲骑兵★3": 1}

编号[0fd8f596c03035051b72411b97f69759]
等级: 1
圣晶石: 2
圣晶片: 3
呼符: 0
金/银/铜/青苹果: 0/0/0/0
登陆天数: 6天 / 44天
从者: {"[13]罗宾汉(Archer)★3": 1, "[71]迪尔姆德·奥迪那(Lancer)★3": 1, "[22]罗穆路斯(Lancer)★3": 1, "[214]瓦尔基里(Lancer)★4": 1, "[94]阿斯托尔福(Rider)★4": 1, "[26]布狄卡(Rider)★3": 1, "[79]冯·霍恩海姆·帕拉塞尔苏斯(Caster)★3": 1, "[55]大流士三世(Berserker)★3": 1, "[1]玛修·基列莱特(Shielder)★3": 1}
礼装: {"[26]宝石魔术·对影★4": 1, "[55]扬帆远航★3": 1, "[89]柳洞寺★3": 1}

编号[f16809804b741e7b23faa578e9a62ccc]
等级: 1
圣晶石: 2
圣晶片: 3
呼符: 0
金/银/铜/青苹果: 0/0/0/0
登陆天数: 6天 / 44天
从者: {"[9]吉尔·德·雷(Saber)★3": 2, "[11]卫宫(Archer)★4": 1, "[214]瓦尔基里(Lancer)★4": 1, "[31]美狄亚(Caster)★3": 1, "[35]梅菲斯托费勒斯(Caster)★3": 1, "[41]斯忒诺(Assassin)★4": 1, "[42]匕见(Assassin)★3": 1, "[56]清姬(Berserker)★3": 1, "[1]玛修·基列莱特(Shielder)★3": 1}
礼装: {"[23]投影魔术★4": 1, "[25]绿之破音★4": 1}

编号[1d67a17c2308ccb81a9392a6a802b175]
等级: 1
圣晶石: 2
圣晶片: 3
呼符: 0
金/银/铜/青苹果: 0/0/0/0
登陆天数: 6天 / 44天
从者: {"[15]尤瑞艾莉(Archer)★3": 1, "[22]罗穆路斯(Lancer)★3": 1, "[64]赫克托耳(Lancer)★3": 1, "[28]亚历山大(Rider)★3": 1, "[42]匕见(Assassin)★3": 1, "[55]大流士三世(Berserker)★3": 1, "[58]玉藻猫(Berserker)★4": 1, "[1]玛修·基列莱特(Shielder)★3": 1}
礼装: {"[28]虚数魔术★4": 1, "[46]符文石★3": 1, "[73]死灵魔术★4": 1, "[92]白鹳骑士★3": 1}

编号[2613ac4104a23ffa69fb7f1654cff329]
等级: 1
圣晶石: 2
圣晶片: 3
呼符: 0
金/银/铜/青苹果: 0/0/0/0
登陆天数: 6天 / 44天
从者: {"[9]吉尔·德·雷(Saber)★3": 1, "[63]大卫(Archer)★3": 1, "[23]歌果(Rider)★3": 1, "[28]亚历山大(Rider)★3": 1, "[332]ドブルイニャ・ニキチッチ(Rider)★4": 1, "[81]亨利·杰基尔＆海德(Assassin)★3": 1, "[42]匕见(Assassin)★3": 1, "[49]虎狼(Berserker)★3": 1, "[1]玛修·基列莱特(Shielder)★3": 1}
礼装: {"[38]封印指定　执行者★4": 1, "[73]死灵魔术★4": 1, "[90]魔力计★3": 1}

编号[5ad902a7b1d48a0f08ea6daaacf7f618]
等级: 1
圣晶石: 2
圣晶片: 3
呼符: 0
金/银/铜/青苹果: 0/0/0/0
登陆天数: 6天 / 44天
从者: {"[9]吉尔·德·雷(Saber)★3": 1, "[245]拉克什米·芭伊(Saber)★4": 1, "[63]大卫(Archer)★3": 1, "[79]冯·霍恩海姆·帕拉塞尔苏斯(Caster)★3": 1, "[42]匕见(Assassin)★3": 2, "[1]玛修·基列莱特(Shielder)★3": 1}
礼装: {"[24]Gandr★4": 1, "[28]虚数魔术★4": 1, "[29]天之晚餐★4": 1, "[66]骑士的矜持★4": 1, "[96]鲁格的光环★3": 1}

编号[3c18f7a73529e6463134b02c240e221e]
等级: 1
圣晶石: 2
圣晶片: 3
呼符: 0
金/银/铜/青苹果: 0/0/0/0
登陆天数: 6天 / 44天
从者: {"[72]弗格斯·马克·罗伊(Saber)★3": 1, "[22]罗穆路斯(Lancer)★3": 1, "[28]亚历山大(Rider)★3": 1, "[79]冯·霍恩海姆·帕拉塞尔苏斯(Caster)★3": 1, "[35]梅菲斯托费勒斯(Caster)★3": 1, "[41]斯忒诺(Assassin)★4": 2, "[1]玛修·基列莱特(Shielder)★3": 1}
礼装: {"[21]钢之锻炼★4": 1, "[23]投影魔术★4": 1, "[94]摩托·装甲骑兵★3": 1, "[96]鲁格的光环★3": 1}

编号[d72b1c0f2547925c39f359ae8c6f2216]
等级: 1
圣晶石: 2
圣晶片: 3
呼符: 0
金/银/铜/青苹果: 0/0/0/0
登陆天数: 6天 / 44天
从者: {"[9]吉尔·德·雷(Saber)★3": 1, "[15]尤瑞艾莉(Archer)★3": 1, "[94]阿斯托尔福(Rider)★4": 1, "[27]牛若丸(Rider)★3": 2, "[192]喀耳刻(Caster)★4": 1, "[42]匕见(Assassin)★3": 1, "[1]玛修·基列莱特(Shielder)★3": 1}
礼装: {"[27]秉持优雅★4": 1, "[66]骑士的矜持★4": 1, "[90]魔力计★3": 1, "[98]千年黄金树★4": 1}

