编号[2534e7d09f170701888cd6b4f9105c5b]
等级: 1
圣晶石: 282
圣晶片: 3
呼符: 51
金/银/铜/青苹果: 43/0/0/0
登陆天数: 18天 / 97天
从者: {"[9]吉尔·德·雷(Saber)★3": 1, "[13]罗宾汉(Archer)★3": 1, "[140]弗拉德三世〔EXTRA〕(Lancer)★4": 1, "[193]莲偶(Lancer)★4": 1, "[214]瓦尔基里(Lancer)★4": 1, "[28]亚历山大(Rider)★3": 2, "[284]阿尔托莉雅·卡斯特(Caster)★5": 1, "[81]亨利·杰基尔＆海德(Assassin)★3": 1, "[42]匕见(Assassin)★3": 1, "[47]赫拉克勒斯(Berserker)★4": 1, "[55]大流士三世(Berserker)★3": 1, "[1]玛修·基列莱特(Shielder)★3": 1}
礼装: {"[98]千年黄金树★4": 1, "[1272]散状花★3": 1}

编号[dd554efbfb8322feaf52a00209d39aa8]
等级: 1
圣晶石: 45
圣晶片: 3
呼符: 51
金/银/铜/青苹果: 43/0/0/0
登陆天数: 18天 / 97天
从者: {"[7]盖乌斯·尤利乌斯·恺撒(Saber)★3": 3, "[10]骑士迪昂(Saber)★4": 1, "[227]兰陵王(Saber)★4": 1, "[13]罗宾汉(Archer)★3": 3, "[105]比利小子(Archer)★3": 3, "[15]尤瑞艾莉(Archer)★3": 1, "[125]俵藤太(Archer)★3": 1, "[95]幼吉尔(Archer)★3": 2, "[246]威廉·退尔(Archer)★3": 3, "[325]芝诺比阿(Archer)★4": 1, "[18]伊丽莎白·巴托里(Lancer)★4": 1, "[20]库·丘林〔Prototype〕(Lancer)★3": 2, "[22]罗穆路斯(Lancer)★3": 2, "[64]赫克托耳(Lancer)★3": 1, "[26]布狄卡(Rider)★3": 1, "[28]亚历山大(Rider)★3": 1, "[273]曼迪卡尔多(Rider)★3": 2, "[31]美狄亚(Caster)★3": 3, "[79]冯·霍恩海姆·帕拉塞尔苏斯(Caster)★3": 1, "[80]查尔斯·巴贝奇(Caster)★3": 1, "[104]杰罗尼莫(Caster)★3": 2, "[203]阿维斯布隆(Caster)★3": 1, "[284]阿尔托莉雅·卡斯特(Caster)★5": 1, "[81]亨利·杰基尔＆海德(Assassin)★3": 2, "[42]匕见(Assassin)★3": 1, "[48]兰斯洛特(Berserker)★4": 1, "[49]虎狼(Berserker)★3": 3, "[56]清姬(Berserker)★3": 4, "[1]玛修·基列莱特(Shielder)★3": 1, "[352]徐福(Alterego)★3": 5}
礼装: {"[26]宝石魔术·对影★4": 1, "[56]指令咏唱★4": 1, "[89]柳洞寺★3": 2, "[91]爱之灵药★3": 2, "[243]Bronze-Link Manipulators★3": 2, "[244]四枝之浅滩★3": 2, "[333]许德拉匕首★3": 2, "[246]特辣麻婆豆腐★3": 1, "[264]援护射击★4": 1, "[331]佛拉格拉克★3": 3, "[332]天之逆月★3": 2, "[418]固有结界★3": 2, "[419]返老还童的灵药★3": 2, "[420]谜之面具群★3": 2, "[580]瓦砾的圣堂★3": 1, "[582]阿特拉斯院★3": 1, "[585]幻想种★3": 1, "[691]噬魂★3": 1, "[1270]庆祝回忆★5": 1, "[1271]头脑风暴★4": 3, "[1272]散状花★3": 5, "[1415]匮乏之人★3": 1, "[1513]穂群原学園生徒会長★3": 2, "[1575]幻想の姫★5": 2, "[1576]華の楽土★4": 1, "[1608]悲願の継承★4": 1}

编号[85082d08c933538b2193d58aa178e33c]
等级: 1
圣晶石: 39
圣晶片: 3
呼符: 0
金/银/铜/青苹果: 44/0/0/0
登陆天数: 18天 / 97天
从者: {"[7]盖乌斯·尤利乌斯·恺撒(Saber)★3": 3, "[9]吉尔·德·雷(Saber)★3": 2, "[298]渡边纲(Saber)★4": 1, "[13]罗宾汉(Archer)★3": 1, "[63]大卫(Archer)★3": 1, "[105]比利小子(Archer)★3": 2, "[15]尤瑞艾莉(Archer)★3": 2, "[125]俵藤太(Archer)★3": 1, "[95]幼吉尔(Archer)★3": 3, "[207]喀戎(Archer)★4": 1, "[246]威廉·退尔(Archer)★3": 2, "[17]库·丘林(Lancer)★3": 1, "[71]迪尔姆德·奥迪那(Lancer)★3": 1, "[20]库·丘林〔Prototype〕(Lancer)★3": 1, "[22]罗穆路斯(Lancer)★3": 2, "[64]赫克托耳(Lancer)★3": 2, "[23]歌果(Rider)★3": 1, "[26]布狄卡(Rider)★3": 1, "[28]亚历山大(Rider)★3": 1, "[30]玛尔达(Rider)★4": 1, "[273]曼迪卡尔多(Rider)★3": 1, "[366]黄飛虎(Rider)★4": 1, "[79]冯·霍恩海姆·帕拉塞尔苏斯(Caster)★3": 2, "[80]查尔斯·巴贝奇(Caster)★3": 1, "[35]梅菲斯托费勒斯(Caster)★3": 1, "[104]杰罗尼莫(Caster)★3": 2, "[100]海伦娜·布拉瓦茨基(Caster)★4": 1, "[203]阿维斯布隆(Caster)★3": 2, "[284]阿尔托莉雅·卡斯特(Caster)★5": 1, "[348]張角(Caster)★3": 5, "[110]百貌哈桑(Assassin)★3": 1, "[81]亨利·杰基尔＆海德(Assassin)★3": 2, "[124]静谧哈桑(Assassin)★3": 2, "[42]匕见(Assassin)★3": 2, "[49]虎狼(Berserker)★3": 4, "[56]清姬(Berserker)★3": 1, "[306]伽拉忒亚(Berserker)★5": 1, "[1]玛修·基列莱特(Shielder)★3": 1, "[242]阿斯特赖亚(Ruler)★4": 1, "[352]徐福(Alterego)★3": 1}
礼装: {"[21]钢之锻炼★4": 1, "[26]宝石魔术·对影★4": 1, "[28]虚数魔术★4": 1, "[67]2030年的碎片★5": 1, "[89]柳洞寺★3": 1, "[91]爱之灵药★3": 2, "[98]千年黄金树★4": 1, "[182]毒蛇一艺★4": 1, "[183]死之艺术★4": 1, "[184]柔软的慈爱★4": 1, "[265]卡姆兰之战★3": 2, "[331]佛拉格拉克★3": 1, "[332]天之逆月★3": 1, "[401]私室警备员★4": 2, "[418]固有结界★3": 2, "[419]返老还童的灵药★3": 1, "[420]谜之面具群★3": 2, "[580]瓦砾的圣堂★3": 2, "[582]阿特拉斯院★3": 1, "[913]远方的前路★4": 1, "[1015]黄昏的王圣★5": 1, "[1207]黑魔术★5": 1, "[1270]庆祝回忆★5": 6, "[1271]头脑风暴★4": 6, "[1272]散状花★3": 7, "[1316]王者的气质★4": 1, "[1414]愿望之容器★4": 1, "[1415]匮乏之人★3": 1, "[1458]魔道元帅★5": 1, "[1485]冬之结晶★4": 1, "[1512]庭園の守り人★4": 1, "[1513]穂群原学園生徒会長★3": 1, "[1575]幻想の姫★5": 1, "[1577]告解の惑い場★4": 2, "[1607]投影装填★4": 1, "[1609]代償魔術★4": 1, "[1610]枯れない花★3": 2, "[1691]逆堕つ泥雨★5": 1}

编号[b0d276487d5c808b38ce99a0715b3561]
等级: 1
圣晶石: 252
圣晶片: 3
呼符: 51
金/银/铜/青苹果: 43/0/0/0
登陆天数: 18天 / 97天
从者: {"[72]弗格斯·马克·罗伊(Saber)★3": 1, "[11]卫宫(Archer)★4": 2, "[63]大卫(Archer)★3": 1, "[20]库·丘林〔Prototype〕(Lancer)★3": 1, "[186]宝藏院胤舜(Lancer)★3": 1, "[28]亚历山大(Rider)★3": 1, "[31]美狄亚(Caster)★3": 1, "[35]梅菲斯托费勒斯(Caster)★3": 1, "[284]阿尔托莉雅·卡斯特(Caster)★5": 1, "[46]卡米拉(Assassin)★4": 1, "[56]清姬(Berserker)★3": 1, "[1]玛修·基列莱特(Shielder)★3": 1, "[242]阿斯特赖亚(Ruler)★4": 1}
礼装: {"[39]抹大拉的圣骸布★4": 1, "[56]指令咏唱★4": 1, "[91]爱之灵药★3": 1, "[182]毒蛇一艺★4": 1, "[333]许德拉匕首★3": 1, "[265]卡姆兰之战★3": 1, "[401]私室警备员★4": 1, "[674]神造兵器★3": 1, "[691]噬魂★3": 1, "[1270]庆祝回忆★5": 1}

编号[2e7ab3e4862d485ee491a608ee309654]
等级: 1
圣晶石: 294
圣晶片: 3
呼符: 51
金/银/铜/青苹果: 43/0/0/0
登陆天数: 18天 / 97天
从者: {"[72]弗格斯·马克·罗伊(Saber)★3": 1, "[298]渡边纲(Saber)★4": 1, "[64]赫克托耳(Lancer)★3": 1, "[94]阿斯托尔福(Rider)★4": 1, "[26]布狄卡(Rider)★3": 1, "[79]冯·霍恩海姆·帕拉塞尔苏斯(Caster)★3": 1, "[80]查尔斯·巴贝奇(Caster)★3": 1, "[35]梅菲斯托费勒斯(Caster)★3": 1, "[284]阿尔托莉雅·卡斯特(Caster)★5": 1, "[1]玛修·基列莱特(Shielder)★3": 1}
礼装: {}

编号[b854d9eef80596885c784d0512728956]
等级: 1
圣晶石: 141
圣晶片: 3
呼符: 51
金/银/铜/青苹果: 43/0/0/0
登陆天数: 18天 / 97天
从者: {"[7]盖乌斯·尤利乌斯·恺撒(Saber)★3": 1, "[9]吉尔·德·雷(Saber)★3": 2, "[223]迪尔姆德·奥迪那(Saber)★4": 1, "[63]大卫(Archer)★3": 1, "[95]幼吉尔(Archer)★3": 2, "[246]威廉·退尔(Archer)★3": 1, "[20]库·丘林〔Prototype〕(Lancer)★3": 1, "[22]罗穆路斯(Lancer)★3": 1, "[64]赫克托耳(Lancer)★3": 2, "[183]帕尔瓦蒂(Lancer)★4": 1, "[23]歌果(Rider)★3": 2, "[27]牛若丸(Rider)★3": 1, "[31]美狄亚(Caster)★3": 3, "[79]冯·霍恩海姆·帕拉塞尔苏斯(Caster)★3": 1, "[80]查尔斯·巴贝奇(Caster)★3": 1, "[104]杰罗尼莫(Caster)★3": 2, "[284]阿尔托莉雅·卡斯特(Caster)★5": 1, "[348]張角(Caster)★3": 1, "[110]百貌哈桑(Assassin)★3": 1, "[124]静谧哈桑(Assassin)★3": 1, "[42]匕见(Assassin)★3": 2, "[47]赫拉克勒斯(Berserker)★4": 1, "[49]虎狼(Berserker)★3": 1, "[55]大流士三世(Berserker)★3": 2, "[1]玛修·基列莱特(Shielder)★3": 1}
礼装: {"[21]钢之锻炼★4": 1, "[89]柳洞寺★3": 2, "[91]爱之灵药★3": 1, "[183]死之艺术★4": 1, "[243]Bronze-Link Manipulators★3": 1, "[265]卡姆兰之战★3": 4, "[332]天之逆月★3": 1, "[420]谜之面具群★3": 2, "[582]阿特拉斯院★3": 1, "[585]幻想种★3": 1, "[674]神造兵器★3": 1, "[815]樱的特制便当★3": 1, "[1130]野心的嚆矢★4": 1, "[1271]头脑风暴★4": 3, "[1272]散状花★3": 6, "[1415]匮乏之人★3": 2, "[1485]冬之结晶★4": 1, "[1511]冬の聖女★5": 1, "[1513]穂群原学園生徒会長★3": 1, "[1610]枯れない花★3": 2}

编号[6d2d259724c6885d48bc55cbb56926bc]
等级: 1
圣晶石: 0
圣晶片: 3
呼符: 0
金/银/铜/青苹果: 44/0/0/0
登陆天数: 18天 / 97天
从者: {"[7]盖乌斯·尤利乌斯·恺撒(Saber)★3": 1, "[72]弗格斯·马克·罗伊(Saber)★3": 4, "[9]吉尔·德·雷(Saber)★3": 2, "[298]渡边纲(Saber)★4": 1, "[13]罗宾汉(Archer)★3": 1, "[63]大卫(Archer)★3": 2, "[105]比利小子(Archer)★3": 1, "[15]尤瑞艾莉(Archer)★3": 2, "[125]俵藤太(Archer)★3": 1, "[95]幼吉尔(Archer)★3": 1, "[207]喀戎(Archer)★4": 1, "[246]威廉·退尔(Archer)★3": 1, "[325]芝诺比阿(Archer)★4": 1, "[17]库·丘林(Lancer)★3": 2, "[71]迪尔姆德·奥迪那(Lancer)★3": 1, "[20]库·丘林〔Prototype〕(Lancer)★3": 1, "[22]罗穆路斯(Lancer)★3": 3, "[186]宝藏院胤舜(Lancer)★3": 2, "[64]赫克托耳(Lancer)★3": 2, "[214]瓦尔基里(Lancer)★4": 1, "[23]歌果(Rider)★3": 2, "[94]阿斯托尔福(Rider)★4": 1, "[26]布狄卡(Rider)★3": 1, "[27]牛若丸(Rider)★3": 2, "[28]亚历山大(Rider)★3": 1, "[273]曼迪卡尔多(Rider)★3": 1, "[31]美狄亚(Caster)★3": 1, "[79]冯·霍恩海姆·帕拉塞尔苏斯(Caster)★3": 1, "[80]查尔斯·巴贝奇(Caster)★3": 1, "[35]梅菲斯托费勒斯(Caster)★3": 1, "[203]阿维斯布隆(Caster)★3": 1, "[348]張角(Caster)★3": 1, "[110]百貌哈桑(Assassin)★3": 1, "[81]亨利·杰基尔＆海德(Assassin)★3": 2, "[124]静谧哈桑(Assassin)★3": 1, "[117]风魔小太郎(Assassin)★3": 1, "[49]虎狼(Berserker)★3": 6, "[89]贝奥武夫(Berserker)★4": 1, "[55]大流士三世(Berserker)★3": 2, "[56]清姬(Berserker)★3": 2, "[1]玛修·基列莱特(Shielder)★3": 1, "[352]徐福(Alterego)★3": 2}
礼装: {"[21]钢之锻炼★4": 1, "[89]柳洞寺★3": 1, "[186]情窦未开的千金★4": 1, "[244]四枝之浅滩★3": 1, "[333]许德拉匕首★3": 1, "[247]宝石剑泽尔里奇★3": 1, "[265]卡姆兰之战★3": 1, "[331]佛拉格拉克★3": 2, "[332]天之逆月★3": 1, "[418]固有结界★3": 1, "[420]谜之面具群★3": 2, "[580]瓦砾的圣堂★3": 1, "[585]幻想种★3": 2, "[691]噬魂★3": 2, "[774]最后的叙述者★4": 1, "[815]樱的特制便当★3": 2, "[1208]韵律诗节★4": 1, "[1270]庆祝回忆★5": 9, "[1271]头脑风暴★4": 10, "[1272]散状花★3": 17, "[1412]宝石的魔弹★4": 2, "[1415]匮乏之人★3": 3, "[1485]冬之结晶★4": 1, "[1512]庭園の守り人★4": 3, "[1513]穂群原学園生徒会長★3": 7, "[1610]枯れない花★3": 4, "[1670]狩人の夢★4": 1}

编号[da88e02ca4e453313eb29e38e72a45d8]
等级: 1
圣晶石: 0
圣晶片: 3
呼符: 0
金/银/铜/青苹果: 44/0/0/0
登陆天数: 18天 / 97天
从者: {"[7]盖乌斯·尤利乌斯·恺撒(Saber)★3": 1, "[121]兰斯洛特(Saber)★4": 1, "[223]迪尔姆德·奥迪那(Saber)★4": 2, "[344]ローラン(Saber)★4": 1, "[11]卫宫(Archer)★4": 1, "[13]罗宾汉(Archer)★3": 1, "[63]大卫(Archer)★3": 1, "[105]比利小子(Archer)★3": 2, "[15]尤瑞艾莉(Archer)★3": 1, "[125]俵藤太(Archer)★3": 2, "[95]幼吉尔(Archer)★3": 1, "[246]威廉·退尔(Archer)★3": 1, "[17]库·丘林(Lancer)★3": 1, "[71]迪尔姆德·奥迪那(Lancer)★3": 2, "[18]伊丽莎白·巴托里(Lancer)★4": 1, "[20]库·丘林〔Prototype〕(Lancer)★3": 1, "[22]罗穆路斯(Lancer)★3": 2, "[87]芬恩·麦克库尔(Lancer)★4": 1, "[186]宝藏院胤舜(Lancer)★3": 1, "[64]赫克托耳(Lancer)★3": 2, "[23]歌果(Rider)★3": 1, "[26]布狄卡(Rider)★3": 3, "[27]牛若丸(Rider)★3": 3, "[28]亚历山大(Rider)★3": 2, "[31]美狄亚(Caster)★3": 1, "[74]童谣(Caster)★4": 1, "[79]冯·霍恩海姆·帕拉塞尔苏斯(Caster)★3": 2, "[80]查尔斯·巴贝奇(Caster)★3": 2, "[35]梅菲斯托费勒斯(Caster)★3": 2, "[104]杰罗尼莫(Caster)★3": 3, "[203]阿维斯布隆(Caster)★3": 3, "[348]張角(Caster)★3": 1, "[110]百貌哈桑(Assassin)★3": 1, "[81]亨利·杰基尔＆海德(Assassin)★3": 2, "[124]静谧哈桑(Assassin)★3": 2, "[42]匕见(Assassin)★3": 1, "[117]风魔小太郎(Assassin)★3": 1, "[159]燕青(Assassin)★4": 1, "[185]望月千代女(Assassin)★4": 1, "[55]大流士三世(Berserker)★3": 1, "[56]清姬(Berserker)★3": 1, "[171]彭忒西勒亚(Berserker)★4": 1, "[1]玛修·基列莱特(Shielder)★3": 1, "[352]徐福(Alterego)★3": 5}
礼装: {"[22]原始咒术★4": 1, "[26]宝石魔术·对影★4": 1, "[58]另一个结局★5": 1, "[89]柳洞寺★3": 2, "[182]毒蛇一艺★4": 1, "[244]四枝之浅滩★3": 4, "[246]特辣麻婆豆腐★3": 1, "[265]卡姆兰之战★3": 3, "[331]佛拉格拉克★3": 3, "[332]天之逆月★3": 2, "[418]固有结界★3": 1, "[420]谜之面具群★3": 3, "[580]瓦砾的圣堂★3": 2, "[582]阿特拉斯院★3": 1, "[585]幻想种★3": 1, "[691]噬魂★3": 2, "[913]远方的前路★4": 1, "[1208]韵律诗节★4": 1, "[1270]庆祝回忆★5": 2, "[1271]头脑风暴★4": 7, "[1272]散状花★3": 13, "[1316]王者的气质★4": 1, "[1412]宝石的魔弹★4": 1, "[1414]愿望之容器★4": 1, "[1415]匮乏之人★3": 1, "[1512]庭園の守り人★4": 2, "[1513]穂群原学園生徒会長★3": 6, "[1577]告解の惑い場★4": 1, "[1608]悲願の継承★4": 1, "[1609]代償魔術★4": 2, "[1610]枯れない花★3": 2, "[1670]狩人の夢★4": 1, "[1692]免許皆伝★4": 1}

编号[e5e3e466444ea11b90c38db993bf33ed]
等级: 1
圣晶石: 231
圣晶片: 3
呼符: 51
金/银/铜/青苹果: 43/0/0/0
登陆天数: 18天 / 97天
从者: {"[7]盖乌斯·尤利乌斯·恺撒(Saber)★3": 1, "[72]弗格斯·马克·罗伊(Saber)★3": 1, "[9]吉尔·德·雷(Saber)★3": 1, "[298]渡边纲(Saber)★4": 1, "[63]大卫(Archer)★3": 2, "[17]库·丘林(Lancer)★3": 1, "[22]罗穆路斯(Lancer)★3": 2, "[64]赫克托耳(Lancer)★3": 1, "[23]歌果(Rider)★3": 2, "[26]布狄卡(Rider)★3": 1, "[27]牛若丸(Rider)★3": 2, "[31]美狄亚(Caster)★3": 1, "[80]查尔斯·巴贝奇(Caster)★3": 1, "[284]阿尔托莉雅·卡斯特(Caster)★5": 1, "[117]风魔小太郎(Assassin)★3": 1, "[49]虎狼(Berserker)★3": 1, "[1]玛修·基列莱特(Shielder)★3": 1}
礼装: {"[21]钢之锻炼★4": 1, "[243]Bronze-Link Manipulators★3": 3, "[247]宝石剑泽尔里奇★3": 1, "[264]援护射击★4": 1, "[265]卡姆兰之战★3": 1, "[418]固有结界★3": 1, "[1270]庆祝回忆★5": 1, "[1271]头脑风暴★4": 1, "[1272]散状花★3": 3, "[1513]穂群原学園生徒会長★3": 1}

编号[bee01d895a93f83fa7f60087dbf9e911]
等级: 1
圣晶石: 162
圣晶片: 3
呼符: 51
金/银/铜/青苹果: 43/0/0/0
登陆天数: 18天 / 97天
从者: {"[72]弗格斯·马克·罗伊(Saber)★3": 2, "[13]罗宾汉(Archer)★3": 1, "[63]大卫(Archer)★3": 1, "[95]幼吉尔(Archer)★3": 1, "[246]威廉·退尔(Archer)★3": 1, "[64]赫克托耳(Lancer)★3": 1, "[23]歌果(Rider)★3": 1, "[27]牛若丸(Rider)★3": 2, "[28]亚历山大(Rider)★3": 1, "[273]曼迪卡尔多(Rider)★3": 1, "[366]黄飛虎(Rider)★4": 1, "[31]美狄亚(Caster)★3": 1, "[79]冯·霍恩海姆·帕拉塞尔苏斯(Caster)★3": 1, "[80]查尔斯·巴贝奇(Caster)★3": 1, "[120]尼托克丽丝(Caster)★4": 1, "[35]梅菲斯托费勒斯(Caster)★3": 1, "[284]阿尔托莉雅·卡斯特(Caster)★5": 1, "[348]張角(Caster)★3": 1, "[42]匕见(Assassin)★3": 2, "[159]燕青(Assassin)★4": 1, "[58]玉藻猫(Berserker)★4": 1, "[1]玛修·基列莱特(Shielder)★3": 1, "[352]徐福(Alterego)★3": 2}
礼装: {"[73]死灵魔术★4": 1, "[89]柳洞寺★3": 1, "[91]爱之灵药★3": 1, "[98]千年黄金树★4": 1, "[183]死之艺术★4": 1, "[243]Bronze-Link Manipulators★3": 1, "[244]四枝之浅滩★3": 1, "[246]特辣麻婆豆腐★3": 3, "[247]宝石剑泽尔里奇★3": 1, "[264]援护射击★4": 1, "[331]佛拉格拉克★3": 1, "[332]天之逆月★3": 1, "[582]阿特拉斯院★3": 1, "[585]幻想种★3": 1, "[674]神造兵器★3": 1, "[814]清扫者★4": 1, "[815]樱的特制便当★3": 1, "[1130]野心的嚆矢★4": 2, "[1270]庆祝回忆★5": 1, "[1271]头脑风暴★4": 1, "[1272]散状花★3": 6, "[1576]華の楽土★4": 1}

编号[e036f6b141490c4b8c4f833dc982cc9c]
等级: 1
圣晶石: 129
圣晶片: 3
呼符: 51
金/银/铜/青苹果: 43/0/0/0
登陆天数: 18天 / 97天
从者: {"[101]罗摩(Saber)★4": 1, "[298]渡边纲(Saber)★4": 1, "[63]大卫(Archer)★3": 2, "[105]比利小子(Archer)★3": 1, "[125]俵藤太(Archer)★3": 1, "[95]幼吉尔(Archer)★3": 1, "[246]威廉·退尔(Archer)★3": 1, "[17]库·丘林(Lancer)★3": 1, "[71]迪尔姆德·奥迪那(Lancer)★3": 1, "[20]库·丘林〔Prototype〕(Lancer)★3": 2, "[22]罗穆路斯(Lancer)★3": 1, "[64]赫克托耳(Lancer)★3": 1, "[23]歌果(Rider)★3": 3, "[27]牛若丸(Rider)★3": 1, "[79]冯·霍恩海姆·帕拉塞尔苏斯(Caster)★3": 2, "[80]查尔斯·巴贝奇(Caster)★3": 2, "[35]梅菲斯托费勒斯(Caster)★3": 1, "[104]杰罗尼莫(Caster)★3": 2, "[192]喀耳刻(Caster)★4": 1, "[203]阿维斯布隆(Caster)★3": 2, "[284]阿尔托莉雅·卡斯特(Caster)★5": 1, "[81]亨利·杰基尔＆海德(Assassin)★3": 2, "[56]清姬(Berserker)★3": 1, "[1]玛修·基列莱特(Shielder)★3": 1, "[352]徐福(Alterego)★3": 1}
礼装: {"[37]芦苇海★3": 1, "[89]柳洞寺★3": 1, "[188]觉醒之前★5": 1, "[243]Bronze-Link Manipulators★3": 2, "[333]许德拉匕首★3": 4, "[247]宝石剑泽尔里奇★3": 2, "[265]卡姆兰之战★3": 1, "[419]返老还童的灵药★3": 2, "[420]谜之面具群★3": 2, "[581]手无寸铁慎二君★3": 1, "[582]阿特拉斯院★3": 1, "[585]幻想种★3": 1, "[815]樱的特制便当★3": 1, "[1270]庆祝回忆★5": 2, "[1271]头脑风暴★4": 4, "[1272]散状花★3": 7, "[1411]重责者孤寂于此★5": 1, "[1414]愿望之容器★4": 1, "[1670]狩人の夢★4": 1}

编号[fc8d146da545a02b63d74794cc3418b1]
等级: 1
圣晶石: 36
圣晶片: 3
呼符: 51
金/银/铜/青苹果: 43/0/0/0
登陆天数: 18天 / 97天
从者: {"[72]弗格斯·马克·罗伊(Saber)★3": 1, "[245]拉克什米·芭伊(Saber)★4": 1, "[298]渡边纲(Saber)★4": 1, "[13]罗宾汉(Archer)★3": 2, "[63]大卫(Archer)★3": 1, "[15]尤瑞艾莉(Archer)★3": 1, "[125]俵藤太(Archer)★3": 1, "[95]幼吉尔(Archer)★3": 2, "[17]库·丘林(Lancer)★3": 1, "[71]迪尔姆德·奥迪那(Lancer)★3": 1, "[20]库·丘林〔Prototype〕(Lancer)★3": 1, "[22]罗穆路斯(Lancer)★3": 1, "[186]宝藏院胤舜(Lancer)★3": 2, "[64]赫克托耳(Lancer)★3": 1, "[27]牛若丸(Rider)★3": 1, "[28]亚历山大(Rider)★3": 2, "[273]曼迪卡尔多(Rider)★3": 2, "[31]美狄亚(Caster)★3": 2, "[79]冯·霍恩海姆·帕拉塞尔苏斯(Caster)★3": 2, "[80]查尔斯·巴贝奇(Caster)★3": 1, "[120]尼托克丽丝(Caster)★4": 3, "[35]梅菲斯托费勒斯(Caster)★3": 1, "[192]喀耳刻(Caster)★4": 1, "[284]阿尔托莉雅·卡斯特(Caster)★5": 1, "[348]張角(Caster)★3": 1, "[124]静谧哈桑(Assassin)★3": 1, "[42]匕见(Assassin)★3": 3, "[46]卡米拉(Assassin)★4": 1, "[117]风魔小太郎(Assassin)★3": 2, "[49]虎狼(Berserker)★3": 2, "[56]清姬(Berserker)★3": 2, "[1]玛修·基列莱特(Shielder)★3": 1, "[352]徐福(Alterego)★3": 1}
礼装: {"[34]万华镜★5": 1, "[89]柳洞寺★3": 2, "[91]爱之灵药★3": 3, "[183]死之艺术★4": 1, "[244]四枝之浅滩★3": 1, "[333]许德拉匕首★3": 1, "[246]特辣麻婆豆腐★3": 1, "[247]宝石剑泽尔里奇★3": 2, "[264]援护射击★4": 1, "[265]卡姆兰之战★3": 2, "[332]天之逆月★3": 3, "[419]返老还童的灵药★3": 3, "[420]谜之面具群★3": 1, "[691]噬魂★3": 1, "[773]艳阳之下★5": 1, "[774]最后的叙述者★4": 2, "[815]樱的特制便当★3": 2, "[1208]韵律诗节★4": 1, "[1270]庆祝回忆★5": 3, "[1271]头脑风暴★4": 4, "[1272]散状花★3": 12, "[1415]匮乏之人★3": 1, "[1485]冬之结晶★4": 1, "[1512]庭園の守り人★4": 1, "[1513]穂群原学園生徒会長★3": 2, "[1576]華の楽土★4": 2, "[1610]枯れない花★3": 1, "[1670]狩人の夢★4": 1, "[1692]免許皆伝★4": 1}

编号[848f7a2c4fe4c0cb8f6b7f5f41e78d24]
等级: 1
圣晶石: 207
圣晶片: 3
呼符: 51
金/银/铜/青苹果: 43/0/0/0
登陆天数: 18天 / 97天
从者: {"[7]盖乌斯·尤利乌斯·恺撒(Saber)★3": 3, "[72]弗格斯·马克·罗伊(Saber)★3": 2, "[9]吉尔·德·雷(Saber)★3": 1, "[15]尤瑞艾莉(Archer)★3": 2, "[95]幼吉尔(Archer)★3": 1, "[246]威廉·退尔(Archer)★3": 1, "[325]芝诺比阿(Archer)★4": 1, "[17]库·丘林(Lancer)★3": 1, "[22]罗穆路斯(Lancer)★3": 1, "[186]宝藏院胤舜(Lancer)★3": 1, "[23]歌果(Rider)★3": 1, "[26]布狄卡(Rider)★3": 1, "[31]美狄亚(Caster)★3": 1, "[284]阿尔托莉雅·卡斯特(Caster)★5": 1, "[81]亨利·杰基尔＆海德(Assassin)★3": 1, "[117]风魔小太郎(Assassin)★3": 1, "[47]赫拉克勒斯(Berserker)★4": 1, "[58]玉藻猫(Berserker)★4": 1, "[1]玛修·基列莱特(Shielder)★3": 1, "[352]徐福(Alterego)★3": 1}
礼装: {"[91]爱之灵药★3": 2, "[244]四枝之浅滩★3": 2, "[246]特辣麻婆豆腐★3": 1, "[247]宝石剑泽尔里奇★3": 1, "[331]佛拉格拉克★3": 1, "[332]天之逆月★3": 1, "[418]固有结界★3": 1, "[691]噬魂★3": 2, "[1270]庆祝回忆★5": 1, "[1271]头脑风暴★4": 1, "[1272]散状花★3": 1, "[1415]匮乏之人★3": 1, "[1513]穂群原学園生徒会長★3": 3, "[1610]枯れない花★3": 1}

编号[343bf5433dc943a50ed81926000677dd]
等级: 1
圣晶石: 0
圣晶片: 3
呼符: 0
金/银/铜/青苹果: 44/0/0/0
登陆天数: 18天 / 97天
从者: {"[72]弗格斯·马克·罗伊(Saber)★3": 3, "[9]吉尔·德·雷(Saber)★3": 3, "[13]罗宾汉(Archer)★3": 2, "[63]大卫(Archer)★3": 1, "[105]比利小子(Archer)★3": 2, "[15]尤瑞艾莉(Archer)★3": 4, "[125]俵藤太(Archer)★3": 1, "[95]幼吉尔(Archer)★3": 2, "[246]威廉·退尔(Archer)★3": 2, "[71]迪尔姆德·奥迪那(Lancer)★3": 2, "[140]弗拉德三世〔EXTRA〕(Lancer)★4": 1, "[20]库·丘林〔Prototype〕(Lancer)★3": 3, "[64]赫克托耳(Lancer)★3": 1, "[23]歌果(Rider)★3": 1, "[94]阿斯托尔福(Rider)★4": 1, "[26]布狄卡(Rider)★3": 3, "[27]牛若丸(Rider)★3": 2, "[28]亚历山大(Rider)★3": 2, "[273]曼迪卡尔多(Rider)★3": 2, "[31]美狄亚(Caster)★3": 2, "[79]冯·霍恩海姆·帕拉塞尔苏斯(Caster)★3": 3, "[80]查尔斯·巴贝奇(Caster)★3": 1, "[35]梅菲斯托费勒斯(Caster)★3": 2, "[104]杰罗尼莫(Caster)★3": 4, "[192]喀耳刻(Caster)★4": 1, "[203]阿维斯布隆(Caster)★3": 3, "[348]張角(Caster)★3": 2, "[110]百貌哈桑(Assassin)★3": 1, "[81]亨利·杰基尔＆海德(Assassin)★3": 1, "[124]静谧哈桑(Assassin)★3": 1, "[42]匕见(Assassin)★3": 1, "[117]风魔小太郎(Assassin)★3": 2, "[47]赫拉克勒斯(Berserker)★4": 1, "[49]虎狼(Berserker)★3": 2, "[55]大流士三世(Berserker)★3": 2, "[56]清姬(Berserker)★3": 1, "[1]玛修·基列莱特(Shielder)★3": 1, "[352]徐福(Alterego)★3": 1}
礼装: {"[21]钢之锻炼★4": 1, "[39]抹大拉的圣骸布★4": 1, "[89]柳洞寺★3": 2, "[91]爱之灵药★3": 5, "[98]千年黄金树★4": 1, "[183]死之艺术★4": 1, "[184]柔软的慈爱★4": 1, "[243]Bronze-Link Manipulators★3": 1, "[244]四枝之浅滩★3": 1, "[333]许德拉匕首★3": 3, "[246]特辣麻婆豆腐★3": 3, "[247]宝石剑泽尔里奇★3": 2, "[263]起源弹★5": 1, "[265]卡姆兰之战★3": 1, "[332]天之逆月★3": 2, "[401]私室警备员★4": 1, "[418]固有结界★3": 3, "[420]谜之面具群★3": 1, "[581]手无寸铁慎二君★3": 1, "[582]阿特拉斯院★3": 3, "[691]噬魂★3": 1, "[813]阿特拉斯的婴儿★5": 1, "[913]远方的前路★4": 3, "[1270]庆祝回忆★5": 11, "[1271]头脑风暴★4": 9, "[1272]散状花★3": 16, "[1316]王者的气质★4": 1, "[1415]匮乏之人★3": 3, "[1513]穂群原学園生徒会長★3": 3, "[1577]告解の惑い場★4": 1, "[1606]五大元素使い★5": 1, "[1608]悲願の継承★4": 1, "[1610]枯れない花★3": 6}

编号[04410b3d7d2341c59f1ac97b03df1ea1]
等级: 1
圣晶石: 27
圣晶片: 3
呼符: 51
金/银/铜/青苹果: 43/0/0/0
登陆天数: 18天 / 97天
从者: {"[7]盖乌斯·尤利乌斯·恺撒(Saber)★3": 1, "[72]弗格斯·马克·罗伊(Saber)★3": 2, "[9]吉尔·德·雷(Saber)★3": 1, "[298]渡边纲(Saber)★4": 1, "[13]罗宾汉(Archer)★3": 2, "[63]大卫(Archer)★3": 2, "[15]尤瑞艾莉(Archer)★3": 1, "[95]幼吉尔(Archer)★3": 1, "[184]巴御前(Archer)★4": 1, "[17]库·丘林(Lancer)★3": 5, "[18]伊丽莎白·巴托里(Lancer)★4": 1, "[22]罗穆路斯(Lancer)★3": 3, "[186]宝藏院胤舜(Lancer)★3": 1, "[64]赫克托耳(Lancer)★3": 1, "[228]忠贞(Lancer)★4": 1, "[23]歌果(Rider)★3": 1, "[27]牛若丸(Rider)★3": 3, "[28]亚历山大(Rider)★3": 3, "[273]曼迪卡尔多(Rider)★3": 1, "[31]美狄亚(Caster)★3": 2, "[79]冯·霍恩海姆·帕拉塞尔苏斯(Caster)★3": 2, "[80]查尔斯·巴贝奇(Caster)★3": 3, "[35]梅菲斯托费勒斯(Caster)★3": 1, "[104]杰罗尼莫(Caster)★3": 3, "[284]阿尔托莉雅·卡斯特(Caster)★5": 1, "[110]百貌哈桑(Assassin)★3": 1, "[42]匕见(Assassin)★3": 1, "[117]风魔小太郎(Assassin)★3": 2, "[47]赫拉克勒斯(Berserker)★4": 1, "[56]清姬(Berserker)★3": 1, "[58]玉藻猫(Berserker)★4": 1, "[1]玛修·基列莱特(Shielder)★3": 1}
礼装: {"[73]死灵魔术★4": 1, "[89]柳洞寺★3": 2, "[91]爱之灵药★3": 1, "[184]柔软的慈爱★4": 1, "[243]Bronze-Link Manipulators★3": 1, "[244]四枝之浅滩★3": 2, "[333]许德拉匕首★3": 2, "[246]特辣麻婆豆腐★3": 4, "[247]宝石剑泽尔里奇★3": 1, "[265]卡姆兰之战★3": 2, "[332]天之逆月★3": 1, "[419]返老还童的灵药★3": 1, "[420]谜之面具群★3": 2, "[580]瓦砾的圣堂★3": 1, "[581]手无寸铁慎二君★3": 2, "[582]阿特拉斯院★3": 1, "[585]幻想种★3": 2, "[674]神造兵器★3": 1, "[691]噬魂★3": 1, "[815]樱的特制便当★3": 1, "[912]火炎伯爵★5": 1, "[1130]野心的嚆矢★4": 1, "[1208]韵律诗节★4": 1, "[1270]庆祝回忆★5": 2, "[1271]头脑风暴★4": 4, "[1272]散状花★3": 10, "[1316]王者的气质★4": 1, "[1415]匮乏之人★3": 1, "[1512]庭園の守り人★4": 1, "[1513]穂群原学園生徒会長★3": 2, "[1607]投影装填★4": 1, "[1670]狩人の夢★4": 1}

编号[200565b5d51fdac9cbe312fdf288e11c]
等级: 1
圣晶石: 219
圣晶片: 3
呼符: 51
金/银/铜/青苹果: 43/0/0/0
登陆天数: 18天 / 97天
从者: {"[72]弗格斯·马克·罗伊(Saber)★3": 1, "[165]铃鹿御前(Saber)★4": 1, "[13]罗宾汉(Archer)★3": 2, "[105]比利小子(Archer)★3": 1, "[15]尤瑞艾莉(Archer)★3": 1, "[95]幼吉尔(Archer)★3": 1, "[246]威廉·退尔(Archer)★3": 1, "[325]芝诺比阿(Archer)★4": 1, "[17]库·丘林(Lancer)★3": 1, "[64]赫克托耳(Lancer)★3": 1, "[27]牛若丸(Rider)★3": 2, "[28]亚历山大(Rider)★3": 1, "[31]美狄亚(Caster)★3": 1, "[284]阿尔托莉雅·卡斯特(Caster)★5": 1, "[348]張角(Caster)★3": 1, "[81]亨利·杰基尔＆海德(Assassin)★3": 1, "[42]匕见(Assassin)★3": 1, "[58]玉藻猫(Berserker)★4": 1, "[1]玛修·基列莱特(Shielder)★3": 1}
礼装: {"[22]原始咒术★4": 1, "[182]毒蛇一艺★4": 1, "[580]瓦砾的圣堂★3": 1, "[582]阿特拉斯院★3": 1, "[1271]头脑风暴★4": 3, "[1272]散状花★3": 1, "[1415]匮乏之人★3": 1, "[1485]冬之结晶★4": 1, "[1513]穂群原学園生徒会長★3": 1, "[1576]華の楽土★4": 1, "[1610]枯れない花★3": 2, "[1670]狩人の夢★4": 1}

编号[8577fe3b92ef0a303abb016e9288a8f0]
等级: 1
圣晶石: 93
圣晶片: 3
呼符: 51
金/银/铜/青苹果: 43/0/0/0
登陆天数: 18天 / 97天
从者: {"[7]盖乌斯·尤利乌斯·恺撒(Saber)★3": 1, "[72]弗格斯·马克·罗伊(Saber)★3": 1, "[9]吉尔·德·雷(Saber)★3": 1, "[13]罗宾汉(Archer)★3": 1, "[63]大卫(Archer)★3": 2, "[105]比利小子(Archer)★3": 3, "[95]幼吉尔(Archer)★3": 2, "[246]威廉·退尔(Archer)★3": 4, "[20]库·丘林〔Prototype〕(Lancer)★3": 1, "[22]罗穆路斯(Lancer)★3": 1, "[64]赫克托耳(Lancer)★3": 2, "[214]瓦尔基里(Lancer)★4": 1, "[23]歌果(Rider)★3": 1, "[26]布狄卡(Rider)★3": 1, "[28]亚历山大(Rider)★3": 3, "[273]曼迪卡尔多(Rider)★3": 1, "[31]美狄亚(Caster)★3": 2, "[80]查尔斯·巴贝奇(Caster)★3": 3, "[203]阿维斯布隆(Caster)★3": 2, "[284]阿尔托莉雅·卡斯特(Caster)★5": 1, "[110]百貌哈桑(Assassin)★3": 1, "[81]亨利·杰基尔＆海德(Assassin)★3": 2, "[124]静谧哈桑(Assassin)★3": 1, "[117]风魔小太郎(Assassin)★3": 1, "[159]燕青(Assassin)★4": 1, "[47]赫拉克勒斯(Berserker)★4": 1, "[82]弗兰肯斯坦(Berserker)★4": 1, "[55]大流士三世(Berserker)★3": 1, "[56]清姬(Berserker)★3": 5, "[202]阿塔兰忒〔Alter〕(Berserker)★4": 1, "[1]玛修·基列莱特(Shielder)★3": 1, "[352]徐福(Alterego)★3": 1}
礼装: {"[21]钢之锻炼★4": 1, "[26]宝石魔术·对影★4": 1, "[91]爱之灵药★3": 2, "[243]Bronze-Link Manipulators★3": 1, "[333]许德拉匕首★3": 1, "[247]宝石剑泽尔里奇★3": 1, "[331]佛拉格拉克★3": 1, "[332]天之逆月★3": 1, "[418]固有结界★3": 1, "[419]返老还童的灵药★3": 1, "[581]手无寸铁慎二君★3": 1, "[582]阿特拉斯院★3": 2, "[674]神造兵器★3": 1, "[814]清扫者★4": 1, "[815]樱的特制便当★3": 2, "[1016]狂舞曲★4": 1, "[1270]庆祝回忆★5": 1, "[1271]头脑风暴★4": 4, "[1272]散状花★3": 3, "[1415]匮乏之人★3": 3, "[1512]庭園の守り人★4": 1, "[1513]穂群原学園生徒会長★3": 1, "[1610]枯れない花★3": 1}

编号[b6f22cfb12a0be47045ef7a75e1393ba]
等级: 1
圣晶石: 48
圣晶片: 3
呼符: 53
金/银/铜/青苹果: 44/0/0/0
登陆天数: 18天 / 97天
从者: {"[72]弗格斯·马克·罗伊(Saber)★3": 1, "[9]吉尔·德·雷(Saber)★3": 1, "[245]拉克什米·芭伊(Saber)★4": 1, "[13]罗宾汉(Archer)★3": 1, "[14]阿塔兰忒(Archer)★4": 1, "[63]大卫(Archer)★3": 1, "[125]俵藤太(Archer)★3": 1, "[95]幼吉尔(Archer)★3": 1, "[246]威廉·退尔(Archer)★3": 1, "[71]迪尔姆德·奥迪那(Lancer)★3": 1, "[18]伊丽莎白·巴托里(Lancer)★4": 1, "[22]罗穆路斯(Lancer)★3": 1, "[87]芬恩·麦克库尔(Lancer)★4": 1, "[186]宝藏院胤舜(Lancer)★3": 1, "[23]歌果(Rider)★3": 1, "[26]布狄卡(Rider)★3": 1, "[27]牛若丸(Rider)★3": 1, "[28]亚历山大(Rider)★3": 1, "[29]玛丽·安托瓦内特(Rider)★4": 1, "[273]曼迪卡尔多(Rider)★3": 1, "[31]美狄亚(Caster)★3": 1, "[79]冯·霍恩海姆·帕拉塞尔苏斯(Caster)★3": 1, "[80]查尔斯·巴贝奇(Caster)★3": 1, "[35]梅菲斯托费勒斯(Caster)★3": 1, "[203]阿维斯布隆(Caster)★3": 1, "[284]阿尔托莉雅·卡斯特(Caster)★5": 1, "[110]百貌哈桑(Assassin)★3": 1, "[42]匕见(Assassin)★3": 1, "[49]虎狼(Berserker)★3": 1, "[89]贝奥武夫(Berserker)★4": 1, "[55]大流士三世(Berserker)★3": 1, "[56]清姬(Berserker)★3": 1, "[1]玛修·基列莱特(Shielder)★3": 1, "[352]徐福(Alterego)★3": 1}
礼装: {"[21]钢之锻炼★4": 3, "[56]指令咏唱★4": 1, "[401]私室警备员★4": 1, "[420]谜之面具群★3": 3, "[580]瓦砾的圣堂★3": 1, "[1271]头脑风暴★4": 6, "[1272]散状花★3": 10, "[1412]宝石的魔弹★4": 1, "[1415]匮乏之人★3": 5, "[1485]冬之结晶★4": 1, "[1513]穂群原学園生徒会長★3": 1, "[1610]枯れない花★3": 1, "[1670]狩人の夢★4": 1}

编号[b3e235c77143fed554a4d4c0ab704a54]
等级: 1
圣晶石: 0
圣晶片: 3
呼符: 0
金/银/铜/青苹果: 44/0/0/0
登陆天数: 18天 / 97天
从者: {"[7]盖乌斯·尤利乌斯·恺撒(Saber)★3": 2, "[72]弗格斯·马克·罗伊(Saber)★3": 3, "[8]阿蒂拉(Saber)★5": 1, "[9]吉尔·德·雷(Saber)★3": 1, "[223]迪尔姆德·奥迪那(Saber)★4": 1, "[13]罗宾汉(Archer)★3": 1, "[63]大卫(Archer)★3": 1, "[125]俵藤太(Archer)★3": 5, "[95]幼吉尔(Archer)★3": 1, "[212]拿破仑(Archer)★5": 1, "[246]威廉·退尔(Archer)★3": 2, "[17]库·丘林(Lancer)★3": 2, "[71]迪尔姆德·奥迪那(Lancer)★3": 2, "[20]库·丘林〔Prototype〕(Lancer)★3": 2, "[87]芬恩·麦克库尔(Lancer)★4": 1, "[186]宝藏院胤舜(Lancer)★3": 1, "[64]赫克托耳(Lancer)★3": 7, "[313]珀西瓦尔(Lancer)★4": 1, "[23]歌果(Rider)★3": 2, "[28]亚历山大(Rider)★3": 4, "[273]曼迪卡尔多(Rider)★3": 1, "[31]美狄亚(Caster)★3": 2, "[79]冯·霍恩海姆·帕拉塞尔苏斯(Caster)★3": 2, "[80]查尔斯·巴贝奇(Caster)★3": 1, "[35]梅菲斯托费勒斯(Caster)★3": 2, "[104]杰罗尼莫(Caster)★3": 3, "[203]阿维斯布隆(Caster)★3": 2, "[348]張角(Caster)★3": 2, "[110]百貌哈桑(Assassin)★3": 2, "[81]亨利·杰基尔＆海德(Assassin)★3": 2, "[124]静谧哈桑(Assassin)★3": 2, "[41]斯忒诺(Assassin)★4": 1, "[42]匕见(Assassin)★3": 1, "[46]卡米拉(Assassin)★4": 1, "[117]风魔小太郎(Assassin)★3": 2, "[49]虎狼(Berserker)★3": 3, "[52]弗拉德三世(Berserker)★5": 1, "[55]大流士三世(Berserker)★3": 4, "[56]清姬(Berserker)★3": 3, "[58]玉藻猫(Berserker)★4": 1, "[1]玛修·基列莱特(Shielder)★3": 1, "[352]徐福(Alterego)★3": 4, "[158]黑森·罗伯(Avenger)★4": 1}
礼装: {"[26]宝石魔术·对影★4": 2, "[37]芦苇海★3": 2, "[89]柳洞寺★3": 2, "[91]爱之灵药★3": 4, "[182]毒蛇一艺★4": 1, "[183]死之艺术★4": 1, "[243]Bronze-Link Manipulators★3": 3, "[333]许德拉匕首★3": 1, "[246]特辣麻婆豆腐★3": 3, "[247]宝石剑泽尔里奇★3": 2, "[264]援护射击★4": 2, "[265]卡姆兰之战★3": 1, "[331]佛拉格拉克★3": 9, "[332]天之逆月★3": 3, "[418]固有结界★3": 4, "[419]返老还童的灵药★3": 1, "[420]谜之面具群★3": 2, "[580]瓦砾的圣堂★3": 3, "[581]手无寸铁慎二君★3": 4, "[582]阿特拉斯院★3": 3, "[585]幻想种★3": 2, "[674]神造兵器★3": 2, "[691]噬魂★3": 5, "[815]樱的特制便当★3": 1, "[1016]狂舞曲★4": 1, "[1270]庆祝回忆★5": 5, "[1271]头脑风暴★4": 4, "[1272]散状花★3": 19, "[1315]恋之诅咒★5": 1, "[1316]王者的气质★4": 1, "[1415]匮乏之人★3": 1, "[1485]冬之结晶★4": 1, "[1513]穂群原学園生徒会長★3": 3, "[1607]投影装填★4": 1, "[1610]枯れない花★3": 3}

编号[6c2fe1047cbaf3108fbb330d2154fa1b]
等级: 1
圣晶石: 48
圣晶片: 3
呼符: 33
金/银/铜/青苹果: 44/0/0/0
登陆天数: 18天 / 97天
从者: {"[7]盖乌斯·尤利乌斯·恺撒(Saber)★3": 1, "[72]弗格斯·马克·罗伊(Saber)★3": 2, "[10]骑士迪昂(Saber)★4": 1, "[223]迪尔姆德·奥迪那(Saber)★4": 1, "[63]大卫(Archer)★3": 2, "[105]比利小子(Archer)★3": 1, "[15]尤瑞艾莉(Archer)★3": 1, "[125]俵藤太(Archer)★3": 1, "[95]幼吉尔(Archer)★3": 2, "[246]威廉·退尔(Archer)★3": 1, "[71]迪尔姆德·奥迪那(Lancer)★3": 1, "[140]弗拉德三世〔EXTRA〕(Lancer)★4": 1, "[18]伊丽莎白·巴托里(Lancer)★4": 1, "[22]罗穆路斯(Lancer)★3": 1, "[186]宝藏院胤舜(Lancer)★3": 1, "[64]赫克托耳(Lancer)★3": 1, "[23]歌果(Rider)★3": 1, "[94]阿斯托尔福(Rider)★4": 1, "[27]牛若丸(Rider)★3": 1, "[28]亚历山大(Rider)★3": 1, "[273]曼迪卡尔多(Rider)★3": 1, "[31]美狄亚(Caster)★3": 1, "[62]玉藻前(Caster)★5": 1, "[79]冯·霍恩海姆·帕拉塞尔苏斯(Caster)★3": 1, "[80]查尔斯·巴贝奇(Caster)★3": 1, "[203]阿维斯布隆(Caster)★3": 2, "[284]阿尔托莉雅·卡斯特(Caster)★5": 1, "[110]百貌哈桑(Assassin)★3": 2, "[81]亨利·杰基尔＆海德(Assassin)★3": 1, "[124]静谧哈桑(Assassin)★3": 1, "[42]匕见(Assassin)★3": 1, "[49]虎狼(Berserker)★3": 1, "[89]贝奥武夫(Berserker)★4": 1, "[55]大流士三世(Berserker)★3": 2, "[56]清姬(Berserker)★3": 1, "[58]玉藻猫(Berserker)★4": 1, "[1]玛修·基列莱特(Shielder)★3": 1, "[352]徐福(Alterego)★3": 1}
礼装: {"[35]天之杯★5": 1, "[56]指令咏唱★4": 1, "[89]柳洞寺★3": 2, "[183]死之艺术★4": 1, "[333]许德拉匕首★3": 1, "[265]卡姆兰之战★3": 2, "[332]天之逆月★3": 1, "[420]谜之面具群★3": 2, "[585]幻想种★3": 3, "[774]最后的叙述者★4": 1, "[1270]庆祝回忆★5": 4, "[1271]头脑风暴★4": 2, "[1272]散状花★3": 16, "[1316]王者的气质★4": 1, "[1415]匮乏之人★3": 2, "[1513]穂群原学園生徒会長★3": 1, "[1576]華の楽土★4": 1, "[1577]告解の惑い場★4": 1, "[1609]代償魔術★4": 2, "[1610]枯れない花★3": 2, "[1669]熾天の王★5": 1}

编号[5230e8e0fc95cf33527319023918accb]
等级: 1
圣晶石: 54
圣晶片: 3
呼符: 51
金/银/铜/青苹果: 43/0/0/0
登陆天数: 18天 / 97天
从者: {"[7]盖乌斯·尤利乌斯·恺撒(Saber)★3": 1, "[72]弗格斯·马克·罗伊(Saber)★3": 1, "[9]吉尔·德·雷(Saber)★3": 1, "[63]大卫(Archer)★3": 2, "[105]比利小子(Archer)★3": 1, "[125]俵藤太(Archer)★3": 1, "[95]幼吉尔(Archer)★3": 3, "[246]威廉·退尔(Archer)★3": 3, "[17]库·丘林(Lancer)★3": 1, "[20]库·丘林〔Prototype〕(Lancer)★3": 1, "[22]罗穆路斯(Lancer)★3": 3, "[186]宝藏院胤舜(Lancer)★3": 1, "[64]赫克托耳(Lancer)★3": 2, "[23]歌果(Rider)★3": 2, "[26]布狄卡(Rider)★3": 1, "[27]牛若丸(Rider)★3": 3, "[28]亚历山大(Rider)★3": 2, "[30]玛尔达(Rider)★4": 1, "[366]黄飛虎(Rider)★4": 1, "[31]美狄亚(Caster)★3": 1, "[79]冯·霍恩海姆·帕拉塞尔苏斯(Caster)★3": 1, "[80]查尔斯·巴贝奇(Caster)★3": 2, "[203]阿维斯布隆(Caster)★3": 3, "[284]阿尔托莉雅·卡斯特(Caster)★5": 1, "[348]張角(Caster)★3": 3, "[41]斯忒诺(Assassin)★4": 1, "[117]风魔小太郎(Assassin)★3": 3, "[56]清姬(Berserker)★3": 3, "[58]玉藻猫(Berserker)★4": 1, "[1]玛修·基列莱特(Shielder)★3": 1}
礼装: {"[21]钢之锻炼★4": 1, "[37]芦苇海★3": 1, "[74]觉醒的意志★4": 1, "[75]五百年的执着★5": 1, "[97]圣者凭依之躯★5": 1, "[98]千年黄金树★4": 1, "[176]记录保持者★4": 1, "[182]毒蛇一艺★4": 1, "[186]情窦未开的千金★4": 1, "[333]许德拉匕首★3": 3, "[246]特辣麻婆豆腐★3": 1, "[247]宝石剑泽尔里奇★3": 1, "[264]援护射击★4": 1, "[265]卡姆兰之战★3": 2, "[332]天之逆月★3": 1, "[419]返老还童的灵药★3": 1, "[420]谜之面具群★3": 2, "[582]阿特拉斯院★3": 1, "[585]幻想种★3": 3, "[691]噬魂★3": 2, "[814]清扫者★4": 1, "[815]樱的特制便当★3": 1, "[1270]庆祝回忆★5": 1, "[1271]头脑风暴★4": 5, "[1272]散状花★3": 6, "[1415]匮乏之人★3": 1, "[1513]穂群原学園生徒会長★3": 1, "[1608]悲願の継承★4": 1, "[1609]代償魔術★4": 1, "[1610]枯れない花★3": 4}

编号[0adc33f39d83da8da6379d2197de7ed6]
等级: 1
圣晶石: 207
圣晶片: 3
呼符: 51
金/银/铜/青苹果: 43/0/0/0
登陆天数: 18天 / 97天
从者: {"[72]弗格斯·马克·罗伊(Saber)★3": 3, "[245]拉克什米·芭伊(Saber)★4": 1, "[63]大卫(Archer)★3": 1, "[105]比利小子(Archer)★3": 2, "[95]幼吉尔(Archer)★3": 1, "[17]库·丘林(Lancer)★3": 1, "[22]罗穆路斯(Lancer)★3": 1, "[64]赫克托耳(Lancer)★3": 1, "[23]歌果(Rider)★3": 2, "[31]美狄亚(Caster)★3": 1, "[284]阿尔托莉雅·卡斯特(Caster)★5": 1, "[348]張角(Caster)★3": 1, "[81]亨利·杰基尔＆海德(Assassin)★3": 2, "[124]静谧哈桑(Assassin)★3": 1, "[42]匕见(Assassin)★3": 1, "[46]卡米拉(Assassin)★4": 1, "[47]赫拉克勒斯(Berserker)★4": 1, "[49]虎狼(Berserker)★3": 2, "[56]清姬(Berserker)★3": 3, "[1]玛修·基列莱特(Shielder)★3": 1, "[352]徐福(Alterego)★3": 1, "[335]ヘファイスティオン(Pretender)★4": 1}
礼装: {"[265]卡姆兰之战★3": 2, "[332]天之逆月★3": 2, "[418]固有结界★3": 1, "[419]返老还童的灵药★3": 1, "[674]神造兵器★3": 2, "[1270]庆祝回忆★5": 1, "[1271]头脑风暴★4": 2, "[1272]散状花★3": 2}

编号[d4281514ca3ed16a4195b80cbdf88709]
等级: 1
圣晶石: 0
圣晶片: 3
呼符: 0
金/银/铜/青苹果: 44/0/0/0
登陆天数: 18天 / 97天
从者: {"[7]盖乌斯·尤利乌斯·恺撒(Saber)★3": 2, "[72]弗格斯·马克·罗伊(Saber)★3": 5, "[121]兰斯洛特(Saber)★4": 1, "[9]吉尔·德·雷(Saber)★3": 2, "[165]铃鹿御前(Saber)★4": 1, "[13]罗宾汉(Archer)★3": 3, "[63]大卫(Archer)★3": 3, "[105]比利小子(Archer)★3": 1, "[15]尤瑞艾莉(Archer)★3": 3, "[125]俵藤太(Archer)★3": 1, "[95]幼吉尔(Archer)★3": 2, "[246]威廉·退尔(Archer)★3": 1, "[17]库·丘林(Lancer)★3": 1, "[71]迪尔姆德·奥迪那(Lancer)★3": 1, "[140]弗拉德三世〔EXTRA〕(Lancer)★4": 1, "[18]伊丽莎白·巴托里(Lancer)★4": 1, "[20]库·丘林〔Prototype〕(Lancer)★3": 4, "[22]罗穆路斯(Lancer)★3": 1, "[186]宝藏院胤舜(Lancer)★3": 2, "[64]赫克托耳(Lancer)★3": 3, "[23]歌果(Rider)★3": 2, "[94]阿斯托尔福(Rider)★4": 1, "[26]布狄卡(Rider)★3": 1, "[28]亚历山大(Rider)★3": 2, "[273]曼迪卡尔多(Rider)★3": 1, "[332]ドブルイニャ・ニキチッチ(Rider)★4": 1, "[31]美狄亚(Caster)★3": 2, "[79]冯·霍恩海姆·帕拉塞尔苏斯(Caster)★3": 1, "[80]查尔斯·巴贝奇(Caster)★3": 2, "[35]梅菲斯托费勒斯(Caster)★3": 1, "[104]杰罗尼莫(Caster)★3": 1, "[203]阿维斯布隆(Caster)★3": 3, "[348]張角(Caster)★3": 3, "[110]百貌哈桑(Assassin)★3": 2, "[81]亨利·杰基尔＆海德(Assassin)★3": 3, "[124]静谧哈桑(Assassin)★3": 1, "[41]斯忒诺(Assassin)★4": 1, "[42]匕见(Assassin)★3": 2, "[117]风魔小太郎(Assassin)★3": 4, "[49]虎狼(Berserker)★3": 3, "[55]大流士三世(Berserker)★3": 2, "[1]玛修·基列莱特(Shielder)★3": 1, "[352]徐福(Alterego)★3": 2}
礼装: {"[34]万华镜★5": 1, "[48]黑之圣杯★5": 1, "[56]指令咏唱★4": 1, "[89]柳洞寺★3": 2, "[91]爱之灵药★3": 1, "[176]记录保持者★4": 1, "[182]毒蛇一艺★4": 1, "[183]死之艺术★4": 1, "[243]Bronze-Link Manipulators★3": 1, "[247]宝石剑泽尔里奇★3": 2, "[264]援护射击★4": 1, "[265]卡姆兰之战★3": 2, "[332]天之逆月★3": 1, "[418]固有结界★3": 1, "[419]返老还童的灵药★3": 2, "[420]谜之面具群★3": 1, "[691]噬魂★3": 3, "[774]最后的叙述者★4": 1, "[1270]庆祝回忆★5": 2, "[1271]头脑风暴★4": 3, "[1272]散状花★3": 11, "[1316]王者的气质★4": 1, "[1414]愿望之容器★4": 1, "[1415]匮乏之人★3": 4, "[1485]冬之结晶★4": 1, "[1513]穂群原学園生徒会長★3": 2, "[1576]華の楽土★4": 1, "[1606]五大元素使い★5": 2, "[1607]投影装填★4": 1, "[1609]代償魔術★4": 3, "[1610]枯れない花★3": 3, "[1670]狩人の夢★4": 1}

编号[4086e2d8c3348e337a84ca366037498a]
等级: 1
圣晶石: 93
圣晶片: 3
呼符: 51
金/银/铜/青苹果: 43/0/0/0
登陆天数: 18天 / 97天
从者: {"[7]盖乌斯·尤利乌斯·恺撒(Saber)★3": 1, "[72]弗格斯·马克·罗伊(Saber)★3": 1, "[9]吉尔·德·雷(Saber)★3": 1, "[13]罗宾汉(Archer)★3": 2, "[105]比利小子(Archer)★3": 1, "[15]尤瑞艾莉(Archer)★3": 1, "[17]库·丘林(Lancer)★3": 2, "[20]库·丘林〔Prototype〕(Lancer)★3": 2, "[22]罗穆路斯(Lancer)★3": 1, "[64]赫克托耳(Lancer)★3": 2, "[23]歌果(Rider)★3": 2, "[94]阿斯托尔福(Rider)★4": 1, "[27]牛若丸(Rider)★3": 3, "[28]亚历山大(Rider)★3": 6, "[273]曼迪卡尔多(Rider)★3": 1, "[31]美狄亚(Caster)★3": 1, "[104]杰罗尼莫(Caster)★3": 1, "[284]阿尔托莉雅·卡斯特(Caster)★5": 1, "[110]百貌哈桑(Assassin)★3": 1, "[81]亨利·杰基尔＆海德(Assassin)★3": 1, "[124]静谧哈桑(Assassin)★3": 1, "[49]虎狼(Berserker)★3": 2, "[82]弗兰肯斯坦(Berserker)★4": 1, "[1]玛修·基列莱特(Shielder)★3": 1, "[352]徐福(Alterego)★3": 3}
礼装: {"[21]钢之锻炼★4": 1, "[26]宝石魔术·对影★4": 1, "[74]觉醒的意志★4": 1, "[89]柳洞寺★3": 2, "[98]千年黄金树★4": 1, "[243]Bronze-Link Manipulators★3": 3, "[247]宝石剑泽尔里奇★3": 1, "[265]卡姆兰之战★3": 1, "[331]佛拉格拉克★3": 2, "[332]天之逆月★3": 1, "[400]天堂之孔★5": 1, "[418]固有结界★3": 1, "[419]返老还童的灵药★3": 2, "[420]谜之面具群★3": 2, "[580]瓦砾的圣堂★3": 2, "[581]手无寸铁慎二君★3": 2, "[582]阿特拉斯院★3": 3, "[674]神造兵器★3": 1, "[815]樱的特制便当★3": 2, "[1270]庆祝回忆★5": 2, "[1271]头脑风暴★4": 1, "[1272]散状花★3": 8, "[1415]匮乏之人★3": 1, "[1511]冬の聖女★5": 1, "[1513]穂群原学園生徒会長★3": 1, "[1609]代償魔術★4": 1}

编号[e3d9042f99fdf86e1135c156560ffa08]
等级: 1
圣晶石: 150
圣晶片: 3
呼符: 51
金/银/铜/青苹果: 43/0/0/0
登陆天数: 18天 / 97天
从者: {"[121]兰斯洛特(Saber)★4": 1, "[63]大卫(Archer)★3": 2, "[15]尤瑞艾莉(Archer)★3": 1, "[125]俵藤太(Archer)★3": 1, "[71]迪尔姆德·奥迪那(Lancer)★3": 1, "[20]库·丘林〔Prototype〕(Lancer)★3": 2, "[186]宝藏院胤舜(Lancer)★3": 1, "[64]赫克托耳(Lancer)★3": 1, "[214]瓦尔基里(Lancer)★4": 1, "[94]阿斯托尔福(Rider)★4": 1, "[26]布狄卡(Rider)★3": 1, "[31]美狄亚(Caster)★3": 2, "[80]查尔斯·巴贝奇(Caster)★3": 1, "[35]梅菲斯托费勒斯(Caster)★3": 1, "[104]杰罗尼莫(Caster)★3": 2, "[192]喀耳刻(Caster)★4": 1, "[203]阿维斯布隆(Caster)★3": 1, "[284]阿尔托莉雅·卡斯特(Caster)★5": 1, "[348]張角(Caster)★3": 2, "[81]亨利·杰基尔＆海德(Assassin)★3": 1, "[41]斯忒诺(Assassin)★4": 1, "[117]风魔小太郎(Assassin)★3": 1, "[47]赫拉克勒斯(Berserker)★4": 1, "[52]弗拉德三世(Berserker)★5": 1, "[55]大流士三世(Berserker)★3": 1, "[56]清姬(Berserker)★3": 3, "[1]玛修·基列莱特(Shielder)★3": 1}
礼装: {"[26]宝石魔术·对影★4": 1, "[56]指令咏唱★4": 1, "[89]柳洞寺★3": 1, "[183]死之艺术★4": 1, "[243]Bronze-Link Manipulators★3": 1, "[244]四枝之浅滩★3": 1, "[247]宝石剑泽尔里奇★3": 2, "[265]卡姆兰之战★3": 2, "[420]谜之面具群★3": 1, "[580]瓦砾的圣堂★3": 2, "[581]手无寸铁慎二君★3": 1, "[582]阿特拉斯院★3": 2, "[1270]庆祝回忆★5": 4, "[1271]头脑风暴★4": 2, "[1272]散状花★3": 3, "[1415]匮乏之人★3": 3, "[1610]枯れない花★3": 1}

编号[bb4097aa344238729fd5e5a5309ffcbb]
等级: 1
圣晶石: 294
圣晶片: 3
呼符: 51
金/银/铜/青苹果: 43/0/0/0
登陆天数: 18天 / 97天
从者: {"[22]罗穆路斯(Lancer)★3": 1, "[332]ドブルイニャ・ニキチッチ(Rider)★4": 1, "[79]冯·霍恩海姆·帕拉塞尔苏斯(Caster)★3": 1, "[35]梅菲斯托费勒斯(Caster)★3": 1, "[192]喀耳刻(Caster)★4": 1, "[284]阿尔托莉雅·卡斯特(Caster)★5": 1, "[41]斯忒诺(Assassin)★4": 1, "[42]匕见(Assassin)★3": 1, "[58]玉藻猫(Berserker)★4": 1, "[1]玛修·基列莱特(Shielder)★3": 1}
礼装: {"[21]钢之锻炼★4": 1, "[28]虚数魔术★4": 1}

编号[a29516af15a7dc47e2fa9d4c7387104d]
等级: 1
圣晶石: 0
圣晶片: 3
呼符: 0
金/银/铜/青苹果: 44/0/0/0
登陆天数: 18天 / 97天
从者: {"[7]盖乌斯·尤利乌斯·恺撒(Saber)★3": 2, "[72]弗格斯·马克·罗伊(Saber)★3": 4, "[9]吉尔·德·雷(Saber)★3": 1, "[223]迪尔姆德·奥迪那(Saber)★4": 1, "[298]渡边纲(Saber)★4": 1, "[13]罗宾汉(Archer)★3": 2, "[63]大卫(Archer)★3": 1, "[105]比利小子(Archer)★3": 2, "[15]尤瑞艾莉(Archer)★3": 2, "[125]俵藤太(Archer)★3": 1, "[95]幼吉尔(Archer)★3": 4, "[246]威廉·退尔(Archer)★3": 1, "[17]库·丘林(Lancer)★3": 5, "[71]迪尔姆德·奥迪那(Lancer)★3": 2, "[20]库·丘林〔Prototype〕(Lancer)★3": 2, "[22]罗穆路斯(Lancer)★3": 3, "[186]宝藏院胤舜(Lancer)★3": 1, "[64]赫克托耳(Lancer)★3": 2, "[23]歌果(Rider)★3": 1, "[26]布狄卡(Rider)★3": 1, "[27]牛若丸(Rider)★3": 1, "[28]亚历山大(Rider)★3": 2, "[273]曼迪卡尔多(Rider)★3": 2, "[31]美狄亚(Caster)★3": 2, "[79]冯·霍恩海姆·帕拉塞尔苏斯(Caster)★3": 2, "[80]查尔斯·巴贝奇(Caster)★3": 2, "[35]梅菲斯托费勒斯(Caster)★3": 2, "[203]阿维斯布隆(Caster)★3": 1, "[348]張角(Caster)★3": 1, "[110]百貌哈桑(Assassin)★3": 2, "[81]亨利·杰基尔＆海德(Assassin)★3": 1, "[124]静谧哈桑(Assassin)★3": 1, "[41]斯忒诺(Assassin)★4": 1, "[42]匕见(Assassin)★3": 3, "[46]卡米拉(Assassin)★4": 1, "[159]燕青(Assassin)★4": 1, "[185]望月千代女(Assassin)★4": 1, "[49]虎狼(Berserker)★3": 2, "[55]大流士三世(Berserker)★3": 3, "[56]清姬(Berserker)★3": 3, "[58]玉藻猫(Berserker)★4": 1, "[306]伽拉忒亚(Berserker)★5": 1, "[1]玛修·基列莱特(Shielder)★3": 1}
礼装: {"[21]钢之锻炼★4": 1, "[56]指令咏唱★4": 1, "[57]月之胜利者★5": 1, "[73]死灵魔术★4": 2, "[89]柳洞寺★3": 2, "[91]爱之灵药★3": 1, "[98]千年黄金树★4": 1, "[182]毒蛇一艺★4": 1, "[243]Bronze-Link Manipulators★3": 1, "[244]四枝之浅滩★3": 2, "[246]特辣麻婆豆腐★3": 1, "[331]佛拉格拉克★3": 2, "[332]天之逆月★3": 1, "[400]天堂之孔★5": 1, "[418]固有结界★3": 1, "[420]谜之面具群★3": 1, "[580]瓦砾的圣堂★3": 2, "[774]最后的叙述者★4": 1, "[815]樱的特制便当★3": 1, "[1208]韵律诗节★4": 1, "[1270]庆祝回忆★5": 6, "[1271]头脑风暴★4": 3, "[1272]散状花★3": 11, "[1412]宝石的魔弹★4": 1, "[1413]虚数属性★4": 2, "[1414]愿望之容器★4": 1, "[1415]匮乏之人★3": 7, "[1485]冬之结晶★4": 2, "[1512]庭園の守り人★4": 2, "[1513]穂群原学園生徒会長★3": 2, "[1608]悲願の継承★4": 1, "[1692]免許皆伝★4": 1}

编号[3a99c957761a83bae7f595739b1833a8]
等级: 1
圣晶石: 0
圣晶片: 3
呼符: 0
金/银/铜/青苹果: 44/0/0/0
登陆天数: 18天 / 97天
从者: {"[7]盖乌斯·尤利乌斯·恺撒(Saber)★3": 2, "[72]弗格斯·马克·罗伊(Saber)★3": 4, "[223]迪尔姆德·奥迪那(Saber)★4": 1, "[11]卫宫(Archer)★4": 1, "[13]罗宾汉(Archer)★3": 2, "[63]大卫(Archer)★3": 2, "[105]比利小子(Archer)★3": 1, "[15]尤瑞艾莉(Archer)★3": 1, "[125]俵藤太(Archer)★3": 2, "[95]幼吉尔(Archer)★3": 2, "[246]威廉·退尔(Archer)★3": 2, "[17]库·丘林(Lancer)★3": 2, "[71]迪尔姆德·奥迪那(Lancer)★3": 1, "[20]库·丘林〔Prototype〕(Lancer)★3": 2, "[22]罗穆路斯(Lancer)★3": 2, "[186]宝藏院胤舜(Lancer)★3": 1, "[64]赫克托耳(Lancer)★3": 2, "[146]美杜莎(Lancer)★4": 2, "[23]歌果(Rider)★3": 3, "[94]阿斯托尔福(Rider)★4": 1, "[26]布狄卡(Rider)★3": 4, "[27]牛若丸(Rider)★3": 1, "[273]曼迪卡尔多(Rider)★3": 1, "[31]美狄亚(Caster)★3": 1, "[79]冯·霍恩海姆·帕拉塞尔苏斯(Caster)★3": 3, "[80]查尔斯·巴贝奇(Caster)★3": 2, "[120]尼托克丽丝(Caster)★4": 1, "[35]梅菲斯托费勒斯(Caster)★3": 3, "[104]杰罗尼莫(Caster)★3": 1, "[192]喀耳刻(Caster)★4": 1, "[203]阿维斯布隆(Caster)★3": 3, "[348]張角(Caster)★3": 3, "[110]百貌哈桑(Assassin)★3": 3, "[81]亨利·杰基尔＆海德(Assassin)★3": 3, "[124]静谧哈桑(Assassin)★3": 3, "[42]匕见(Assassin)★3": 2, "[117]风魔小太郎(Assassin)★3": 1, "[49]虎狼(Berserker)★3": 1, "[55]大流士三世(Berserker)★3": 1, "[56]清姬(Berserker)★3": 1, "[1]玛修·基列莱特(Shielder)★3": 1, "[352]徐福(Alterego)★3": 1}
礼装: {"[26]宝石魔术·对影★4": 2, "[91]爱之灵药★3": 3, "[176]记录保持者★4": 1, "[183]死之艺术★4": 1, "[243]Bronze-Link Manipulators★3": 1, "[244]四枝之浅滩★3": 3, "[333]许德拉匕首★3": 3, "[246]特辣麻婆豆腐★3": 1, "[247]宝石剑泽尔里奇★3": 4, "[265]卡姆兰之战★3": 1, "[332]天之逆月★3": 3, "[418]固有结界★3": 2, "[419]返老还童的灵药★3": 2, "[420]谜之面具群★3": 1, "[580]瓦砾的圣堂★3": 3, "[581]手无寸铁慎二君★3": 1, "[582]阿特拉斯院★3": 2, "[585]幻想种★3": 3, "[674]神造兵器★3": 1, "[691]噬魂★3": 2, "[774]最后的叙述者★4": 1, "[1270]庆祝回忆★5": 10, "[1271]头脑风暴★4": 5, "[1272]散状花★3": 11, "[1316]王者的气质★4": 1, "[1415]匮乏之人★3": 7, "[1512]庭園の守り人★4": 1, "[1513]穂群原学園生徒会長★3": 2, "[1577]告解の惑い場★4": 1, "[1607]投影装填★4": 2, "[1609]代償魔術★4": 3, "[1610]枯れない花★3": 3}

编号[a6857de1c389b010ed455bf5695691db]
等级: 1
圣晶石: 0
圣晶片: 3
呼符: 0
金/银/铜/青苹果: 44/0/0/0
登陆天数: 18天 / 97天
从者: {"[7]盖乌斯·尤利乌斯·恺撒(Saber)★3": 3, "[72]弗格斯·马克·罗伊(Saber)★3": 1, "[9]吉尔·德·雷(Saber)★3": 2, "[227]兰陵王(Saber)★4": 1, "[245]拉克什米·芭伊(Saber)★4": 1, "[298]渡边纲(Saber)★4": 1, "[13]罗宾汉(Archer)★3": 3, "[63]大卫(Archer)★3": 2, "[105]比利小子(Archer)★3": 2, "[15]尤瑞艾莉(Archer)★3": 2, "[125]俵藤太(Archer)★3": 1, "[95]幼吉尔(Archer)★3": 2, "[246]威廉·退尔(Archer)★3": 1, "[350]源為朝(Archer)★5": 1, "[18]伊丽莎白·巴托里(Lancer)★4": 1, "[20]库·丘林〔Prototype〕(Lancer)★3": 1, "[186]宝藏院胤舜(Lancer)★3": 1, "[64]赫克托耳(Lancer)★3": 2, "[23]歌果(Rider)★3": 2, "[26]布狄卡(Rider)★3": 2, "[27]牛若丸(Rider)★3": 2, "[28]亚历山大(Rider)★3": 2, "[273]曼迪卡尔多(Rider)★3": 1, "[31]美狄亚(Caster)★3": 2, "[79]冯·霍恩海姆·帕拉塞尔苏斯(Caster)★3": 5, "[80]查尔斯·巴贝奇(Caster)★3": 1, "[35]梅菲斯托费勒斯(Caster)★3": 1, "[104]杰罗尼莫(Caster)★3": 1, "[192]喀耳刻(Caster)★4": 1, "[203]阿维斯布隆(Caster)★3": 1, "[348]張角(Caster)★3": 1, "[110]百貌哈桑(Assassin)★3": 2, "[81]亨利·杰基尔＆海德(Assassin)★3": 2, "[124]静谧哈桑(Assassin)★3": 2, "[117]风魔小太郎(Assassin)★3": 1, "[47]赫拉克勒斯(Berserker)★4": 1, "[49]虎狼(Berserker)★3": 3, "[55]大流士三世(Berserker)★3": 2, "[56]清姬(Berserker)★3": 1, "[1]玛修·基列莱特(Shielder)★3": 1, "[59]贞德(Ruler)★5": 1, "[352]徐福(Alterego)★3": 2}
礼装: {"[21]钢之锻炼★4": 1, "[22]原始咒术★4": 1, "[26]宝石魔术·对影★4": 1, "[74]觉醒的意志★4": 1, "[89]柳洞寺★3": 1, "[91]爱之灵药★3": 1, "[184]柔软的慈爱★4": 1, "[243]Bronze-Link Manipulators★3": 2, "[244]四枝之浅滩★3": 1, "[247]宝石剑泽尔里奇★3": 1, "[265]卡姆兰之战★3": 3, "[331]佛拉格拉克★3": 2, "[418]固有结界★3": 1, "[420]谜之面具群★3": 3, "[580]瓦砾的圣堂★3": 1, "[581]手无寸铁慎二君★3": 1, "[582]阿特拉斯院★3": 1, "[585]幻想种★3": 1, "[674]神造兵器★3": 2, "[691]噬魂★3": 1, "[774]最后的叙述者★4": 2, "[813]阿特拉斯的婴儿★5": 1, "[815]樱的特制便当★3": 2, "[913]远方的前路★4": 1, "[1270]庆祝回忆★5": 5, "[1271]头脑风暴★4": 10, "[1272]散状花★3": 7, "[1316]王者的气质★4": 2, "[1415]匮乏之人★3": 3, "[1512]庭園の守り人★4": 1, "[1513]穂群原学園生徒会長★3": 3, "[1609]代償魔術★4": 2, "[1610]枯れない花★3": 3, "[1692]免許皆伝★4": 1}

编号[38abaad4a4044bdb42923e9db8120f04]
等级: 1
圣晶石: 198
圣晶片: 3
呼符: 0
金/银/铜/青苹果: 44/0/0/0
登陆天数: 18天 / 97天
从者: {"[6]齐格飞(Saber)★4": 2, "[7]盖乌斯·尤利乌斯·恺撒(Saber)★3": 1, "[10]骑士迪昂(Saber)★4": 1, "[105]比利小子(Archer)★3": 2, "[125]俵藤太(Archer)★3": 1, "[246]威廉·退尔(Archer)★3": 1, "[325]芝诺比阿(Archer)★4": 1, "[17]库·丘林(Lancer)★3": 1, "[71]迪尔姆德·奥迪那(Lancer)★3": 2, "[140]弗拉德三世〔EXTRA〕(Lancer)★4": 1, "[20]库·丘林〔Prototype〕(Lancer)★3": 2, "[22]罗穆路斯(Lancer)★3": 1, "[186]宝藏院胤舜(Lancer)★3": 1, "[23]歌果(Rider)★3": 3, "[26]布狄卡(Rider)★3": 3, "[27]牛若丸(Rider)★3": 2, "[28]亚历山大(Rider)★3": 1, "[273]曼迪卡尔多(Rider)★3": 1, "[31]美狄亚(Caster)★3": 2, "[79]冯·霍恩海姆·帕拉塞尔苏斯(Caster)★3": 2, "[35]梅菲斯托费勒斯(Caster)★3": 2, "[104]杰罗尼莫(Caster)★3": 1, "[100]海伦娜·布拉瓦茨基(Caster)★4": 1, "[192]喀耳刻(Caster)★4": 1, "[284]阿尔托莉雅·卡斯特(Caster)★5": 1, "[348]張角(Caster)★3": 1, "[81]亨利·杰基尔＆海德(Assassin)★3": 2, "[124]静谧哈桑(Assassin)★3": 2, "[41]斯忒诺(Assassin)★4": 1, "[42]匕见(Assassin)★3": 2, "[117]风魔小太郎(Assassin)★3": 1, "[49]虎狼(Berserker)★3": 1, "[55]大流士三世(Berserker)★3": 3, "[56]清姬(Berserker)★3": 1, "[58]玉藻猫(Berserker)★4": 1, "[1]玛修·基列莱特(Shielder)★3": 1}
礼装: {"[42]Mooncell Automaton★3": 1, "[74]觉醒的意志★4": 1, "[89]柳洞寺★3": 2, "[91]爱之灵药★3": 2, "[243]Bronze-Link Manipulators★3": 4, "[244]四枝之浅滩★3": 1, "[333]许德拉匕首★3": 1, "[246]特辣麻婆豆腐★3": 3, "[247]宝石剑泽尔里奇★3": 3, "[264]援护射击★4": 1, "[265]卡姆兰之战★3": 1, "[331]佛拉格拉克★3": 2, "[332]天之逆月★3": 1, "[419]返老还童的灵药★3": 1, "[420]谜之面具群★3": 1, "[580]瓦砾的圣堂★3": 1, "[581]手无寸铁慎二君★3": 1, "[582]阿特拉斯院★3": 1, "[585]幻想种★3": 5, "[674]神造兵器★3": 2, "[691]噬魂★3": 1, "[774]最后的叙述者★4": 1, "[1270]庆祝回忆★5": 5, "[1271]头脑风暴★4": 9, "[1272]散状花★3": 5, "[1315]恋之诅咒★5": 1, "[1412]宝石的魔弹★4": 1, "[1415]匮乏之人★3": 3, "[1513]穂群原学園生徒会長★3": 3, "[1577]告解の惑い場★4": 1, "[1607]投影装填★4": 1, "[1608]悲願の継承★4": 1, "[1610]枯れない花★3": 1, "[1670]狩人の夢★4": 1, "[1691]逆堕つ泥雨★5": 1}

编号[7be3a33bdcbb997b5278b9e5ec5848ac]
等级: 1
圣晶石: 48
圣晶片: 3
呼符: 1
金/银/铜/青苹果: 44/0/0/0
登陆天数: 18天 / 97天
从者: {"[7]盖乌斯·尤利乌斯·恺撒(Saber)★3": 3, "[9]吉尔·德·雷(Saber)★3": 2, "[165]铃鹿御前(Saber)★4": 1, "[223]迪尔姆德·奥迪那(Saber)★4": 1, "[13]罗宾汉(Archer)★3": 1, "[105]比利小子(Archer)★3": 1, "[125]俵藤太(Archer)★3": 1, "[95]幼吉尔(Archer)★3": 2, "[17]库·丘林(Lancer)★3": 1, "[71]迪尔姆德·奥迪那(Lancer)★3": 1, "[20]库·丘林〔Prototype〕(Lancer)★3": 1, "[22]罗穆路斯(Lancer)★3": 3, "[186]宝藏院胤舜(Lancer)★3": 2, "[64]赫克托耳(Lancer)★3": 2, "[23]歌果(Rider)★3": 2, "[94]阿斯托尔福(Rider)★4": 2, "[26]布狄卡(Rider)★3": 1, "[28]亚历山大(Rider)★3": 2, "[29]玛丽·安托瓦内特(Rider)★4": 1, "[31]美狄亚(Caster)★3": 1, "[79]冯·霍恩海姆·帕拉塞尔苏斯(Caster)★3": 2, "[80]查尔斯·巴贝奇(Caster)★3": 1, "[35]梅菲斯托费勒斯(Caster)★3": 1, "[203]阿维斯布隆(Caster)★3": 2, "[284]阿尔托莉雅·卡斯特(Caster)★5": 1, "[110]百貌哈桑(Assassin)★3": 1, "[81]亨利·杰基尔＆海德(Assassin)★3": 2, "[124]静谧哈桑(Assassin)★3": 1, "[42]匕见(Assassin)★3": 2, "[117]风魔小太郎(Assassin)★3": 2, "[47]赫拉克勒斯(Berserker)★4": 1, "[49]虎狼(Berserker)★3": 2, "[55]大流士三世(Berserker)★3": 2, "[56]清姬(Berserker)★3": 3, "[116]茨木童子(Berserker)★4": 2, "[1]玛修·基列莱特(Shielder)★3": 1, "[352]徐福(Alterego)★3": 3}
礼装: {"[26]宝石魔术·对影★4": 1, "[28]虚数魔术★4": 1, "[56]指令咏唱★4": 1, "[67]2030年的碎片★5": 1, "[74]觉醒的意志★4": 1, "[98]千年黄金树★4": 1, "[243]Bronze-Link Manipulators★3": 1, "[244]四枝之浅滩★3": 3, "[333]许德拉匕首★3": 2, "[246]特辣麻婆豆腐★3": 1, "[419]返老还童的灵药★3": 1, "[420]谜之面具群★3": 3, "[580]瓦砾的圣堂★3": 1, "[581]手无寸铁慎二君★3": 3, "[582]阿特拉斯院★3": 1, "[585]幻想种★3": 2, "[674]神造兵器★3": 1, "[773]艳阳之下★5": 1, "[774]最后的叙述者★4": 1, "[815]樱的特制便当★3": 1, "[1270]庆祝回忆★5": 9, "[1271]头脑风暴★4": 5, "[1272]散状花★3": 12, "[1316]王者的气质★4": 1, "[1415]匮乏之人★3": 2, "[1511]冬の聖女★5": 1, "[1512]庭園の守り人★4": 1, "[1513]穂群原学園生徒会長★3": 3, "[1576]華の楽土★4": 1, "[1577]告解の惑い場★4": 1, "[1608]悲願の継承★4": 1}

编号[87cb165d77c150ab7fb1789ca9d2e18d]
等级: 1
圣晶石: 261
圣晶片: 3
呼符: 51
金/银/铜/青苹果: 43/0/0/0
登陆天数: 18天 / 97天
从者: {"[7]盖乌斯·尤利乌斯·恺撒(Saber)★3": 2, "[72]弗格斯·马克·罗伊(Saber)★3": 1, "[125]俵藤太(Archer)★3": 1, "[246]威廉·退尔(Archer)★3": 1, "[22]罗穆路斯(Lancer)★3": 1, "[64]赫克托耳(Lancer)★3": 2, "[23]歌果(Rider)★3": 1, "[104]杰罗尼莫(Caster)★3": 1, "[203]阿维斯布隆(Caster)★3": 1, "[284]阿尔托莉雅·卡斯特(Caster)★5": 1, "[42]匕见(Assassin)★3": 1, "[109]卫宫〔Assassin〕(Assassin)★4": 1, "[55]大流士三世(Berserker)★3": 1, "[58]玉藻猫(Berserker)★4": 1, "[1]玛修·基列莱特(Shielder)★3": 1, "[352]徐福(Alterego)★3": 1}
礼装: {"[98]千年黄金树★4": 1, "[580]瓦砾的圣堂★3": 1, "[1271]头脑风暴★4": 1}

编号[dac2b7b503413c8c148f70e2e02cc909]
等级: 1
圣晶石: 48
圣晶片: 3
呼符: 23
金/银/铜/青苹果: 44/0/0/0
登陆天数: 18天 / 97天
从者: {"[7]盖乌斯·尤利乌斯·恺撒(Saber)★3": 1, "[72]弗格斯·马克·罗伊(Saber)★3": 3, "[9]吉尔·德·雷(Saber)★3": 3, "[13]罗宾汉(Archer)★3": 1, "[105]比利小子(Archer)★3": 1, "[15]尤瑞艾莉(Archer)★3": 1, "[125]俵藤太(Archer)★3": 2, "[246]威廉·退尔(Archer)★3": 2, "[71]迪尔姆德·奥迪那(Lancer)★3": 1, "[20]库·丘林〔Prototype〕(Lancer)★3": 1, "[22]罗穆路斯(Lancer)★3": 1, "[186]宝藏院胤舜(Lancer)★3": 1, "[64]赫克托耳(Lancer)★3": 2, "[23]歌果(Rider)★3": 1, "[26]布狄卡(Rider)★3": 1, "[27]牛若丸(Rider)★3": 2, "[29]玛丽·安托瓦内特(Rider)★4": 1, "[30]玛尔达(Rider)★4": 1, "[273]曼迪卡尔多(Rider)★3": 1, "[79]冯·霍恩海姆·帕拉塞尔苏斯(Caster)★3": 2, "[80]查尔斯·巴贝奇(Caster)★3": 1, "[104]杰罗尼莫(Caster)★3": 1, "[203]阿维斯布隆(Caster)★3": 2, "[284]阿尔托莉雅·卡斯特(Caster)★5": 1, "[348]張角(Caster)★3": 2, "[110]百貌哈桑(Assassin)★3": 1, "[124]静谧哈桑(Assassin)★3": 1, "[42]匕见(Assassin)★3": 1, "[159]燕青(Assassin)★4": 2, "[49]虎狼(Berserker)★3": 1, "[55]大流士三世(Berserker)★3": 1, "[56]清姬(Berserker)★3": 1, "[1]玛修·基列莱特(Shielder)★3": 1}
礼装: {"[21]钢之锻炼★4": 1, "[24]Gandr★4": 1, "[26]宝石魔术·对影★4": 1, "[35]天之杯★5": 1, "[56]指令咏唱★4": 1, "[185]月灵髓液★5": 1, "[186]情窦未开的千金★4": 1, "[244]四枝之浅滩★3": 1, "[333]许德拉匕首★3": 1, "[247]宝石剑泽尔里奇★3": 1, "[264]援护射击★4": 1, "[265]卡姆兰之战★3": 1, "[331]佛拉格拉克★3": 1, "[420]谜之面具群★3": 2, "[580]瓦砾的圣堂★3": 2, "[582]阿特拉斯院★3": 2, "[773]艳阳之下★5": 1, "[912]火炎伯爵★5": 1, "[1270]庆祝回忆★5": 5, "[1271]头脑风暴★4": 6, "[1272]散状花★3": 13, "[1413]虚数属性★4": 1, "[1414]愿望之容器★4": 1, "[1415]匮乏之人★3": 1, "[1485]冬之结晶★4": 1, "[1513]穂群原学園生徒会長★3": 4, "[1609]代償魔術★4": 2, "[1610]枯れない花★3": 2, "[1670]狩人の夢★4": 2, "[1692]免許皆伝★4": 1}

编号[15986c8ac046f30f027df5a9b3c8c236]
等级: 1
圣晶石: 198
圣晶片: 3
呼符: 50
金/银/铜/青苹果: 43/0/0/0
登陆天数: 18天 / 96天
从者: {"[7]盖乌斯·尤利乌斯·恺撒(Saber)★3": 1, "[72]弗格斯·马克·罗伊(Saber)★3": 1, "[223]迪尔姆德·奥迪那(Saber)★4": 1, "[63]大卫(Archer)★3": 2, "[95]幼吉尔(Archer)★3": 2, "[17]库·丘林(Lancer)★3": 1, "[20]库·丘林〔Prototype〕(Lancer)★3": 1, "[28]亚历山大(Rider)★3": 4, "[332]ドブルイニャ・ニキチッチ(Rider)★4": 1, "[31]美狄亚(Caster)★3": 1, "[79]冯·霍恩海姆·帕拉塞尔苏斯(Caster)★3": 1, "[80]查尔斯·巴贝奇(Caster)★3": 1, "[35]梅菲斯托费勒斯(Caster)★3": 1, "[104]杰罗尼莫(Caster)★3": 1, "[192]喀耳刻(Caster)★4": 1, "[284]阿尔托莉雅·卡斯特(Caster)★5": 1, "[110]百貌哈桑(Assassin)★3": 1, "[42]匕见(Assassin)★3": 1, "[56]清姬(Berserker)★3": 1, "[58]玉藻猫(Berserker)★4": 1, "[1]玛修·基列莱特(Shielder)★3": 1}
礼装: {"[39]抹大拉的圣骸布★4": 1, "[56]指令咏唱★4": 1, "[57]月之胜利者★5": 1, "[89]柳洞寺★3": 1, "[91]爱之灵药★3": 1, "[246]特辣麻婆豆腐★3": 1, "[580]瓦砾的圣堂★3": 2, "[581]手无寸铁慎二君★3": 1, "[582]阿特拉斯院★3": 1, "[691]噬魂★3": 1, "[913]远方的前路★4": 1, "[1271]头脑风暴★4": 2, "[1272]散状花★3": 3, "[1316]王者的气质★4": 1, "[1415]匮乏之人★3": 1, "[1513]穂群原学園生徒会長★3": 1, "[1610]枯れない花★3": 2}

编号[cd3558505eda290e5228249b4287dbf9]
等级: 1
圣晶石: 147
圣晶片: 3
呼符: 51
金/银/铜/青苹果: 43/0/0/0
登陆天数: 18天 / 97天
从者: {"[72]弗格斯·马克·罗伊(Saber)★3": 2, "[9]吉尔·德·雷(Saber)★3": 2, "[344]ローラン(Saber)★4": 1, "[11]卫宫(Archer)★4": 1, "[63]大卫(Archer)★3": 1, "[95]幼吉尔(Archer)★3": 1, "[20]库·丘林〔Prototype〕(Lancer)★3": 1, "[186]宝藏院胤舜(Lancer)★3": 1, "[23]歌果(Rider)★3": 1, "[26]布狄卡(Rider)★3": 2, "[28]亚历山大(Rider)★3": 1, "[273]曼迪卡尔多(Rider)★3": 2, "[332]ドブルイニャ・ニキチッチ(Rider)★4": 1, "[31]美狄亚(Caster)★3": 1, "[79]冯·霍恩海姆·帕拉塞尔苏斯(Caster)★3": 3, "[284]阿尔托莉雅·卡斯特(Caster)★5": 1, "[348]張角(Caster)★3": 1, "[110]百貌哈桑(Assassin)★3": 1, "[81]亨利·杰基尔＆海德(Assassin)★3": 3, "[124]静谧哈桑(Assassin)★3": 1, "[117]风魔小太郎(Assassin)★3": 1, "[49]虎狼(Berserker)★3": 2, "[82]弗兰肯斯坦(Berserker)★4": 1, "[56]清姬(Berserker)★3": 1, "[1]玛修·基列莱特(Shielder)★3": 1, "[352]徐福(Alterego)★3": 1}
礼装: {"[22]原始咒术★4": 1, "[26]宝石魔术·对影★4": 1, "[184]柔软的慈爱★4": 1, "[333]许德拉匕首★3": 1, "[332]天之逆月★3": 1, "[418]固有结界★3": 2, "[420]谜之面具群★3": 1, "[581]手无寸铁慎二君★3": 3, "[582]阿特拉斯院★3": 2, "[585]幻想种★3": 2, "[691]噬魂★3": 2, "[815]樱的特制便当★3": 1, "[1270]庆祝回忆★5": 1, "[1271]头脑风暴★4": 2, "[1272]散状花★3": 7, "[1512]庭園の守り人★4": 1}

编号[28e757890d457030592cb039e7665a5e]
等级: 1
圣晶石: 0
圣晶片: 3
呼符: 0
金/银/铜/青苹果: 44/0/0/0
登陆天数: 18天 / 97天
从者: {"[7]盖乌斯·尤利乌斯·恺撒(Saber)★3": 3, "[9]吉尔·德·雷(Saber)★3": 5, "[344]ローラン(Saber)★4": 1, "[11]卫宫(Archer)★4": 1, "[63]大卫(Archer)★3": 3, "[15]尤瑞艾莉(Archer)★3": 3, "[125]俵藤太(Archer)★3": 3, "[95]幼吉尔(Archer)★3": 1, "[246]威廉·退尔(Archer)★3": 3, "[17]库·丘林(Lancer)★3": 1, "[71]迪尔姆德·奥迪那(Lancer)★3": 2, "[20]库·丘林〔Prototype〕(Lancer)★3": 3, "[22]罗穆路斯(Lancer)★3": 1, "[186]宝藏院胤舜(Lancer)★3": 3, "[64]赫克托耳(Lancer)★3": 1, "[23]歌果(Rider)★3": 2, "[26]布狄卡(Rider)★3": 2, "[28]亚历山大(Rider)★3": 2, "[273]曼迪卡尔多(Rider)★3": 3, "[332]ドブルイニャ・ニキチッチ(Rider)★4": 1, "[31]美狄亚(Caster)★3": 2, "[79]冯·霍恩海姆·帕拉塞尔苏斯(Caster)★3": 1, "[80]查尔斯·巴贝奇(Caster)★3": 4, "[35]梅菲斯托费勒斯(Caster)★3": 2, "[104]杰罗尼莫(Caster)★3": 2, "[203]阿维斯布隆(Caster)★3": 1, "[348]張角(Caster)★3": 2, "[110]百貌哈桑(Assassin)★3": 2, "[81]亨利·杰基尔＆海德(Assassin)★3": 1, "[124]静谧哈桑(Assassin)★3": 1, "[41]斯忒诺(Assassin)★4": 1, "[42]匕见(Assassin)★3": 2, "[49]虎狼(Berserker)★3": 4, "[82]弗兰肯斯坦(Berserker)★4": 1, "[89]贝奥武夫(Berserker)★4": 1, "[55]大流士三世(Berserker)★3": 2, "[56]清姬(Berserker)★3": 2, "[1]玛修·基列莱特(Shielder)★3": 1, "[352]徐福(Alterego)★3": 4}
礼装: {"[34]万华镜★5": 1, "[37]芦苇海★3": 1, "[40]宇宙棱镜★5": 1, "[73]死灵魔术★4": 2, "[74]觉醒的意志★4": 1, "[89]柳洞寺★3": 5, "[91]爱之灵药★3": 1, "[98]千年黄金树★4": 3, "[176]记录保持者★4": 1, "[243]Bronze-Link Manipulators★3": 1, "[244]四枝之浅滩★3": 1, "[333]许德拉匕首★3": 2, "[246]特辣麻婆豆腐★3": 1, "[247]宝石剑泽尔里奇★3": 4, "[265]卡姆兰之战★3": 2, "[331]佛拉格拉克★3": 1, "[332]天之逆月★3": 2, "[401]私室警备员★4": 1, "[419]返老还童的灵药★3": 2, "[420]谜之面具群★3": 3, "[580]瓦砾的圣堂★3": 3, "[581]手无寸铁慎二君★3": 3, "[582]阿特拉斯院★3": 1, "[585]幻想种★3": 2, "[674]神造兵器★3": 3, "[691]噬魂★3": 3, "[815]樱的特制便当★3": 2, "[1129]祈祷救济之人★5": 1, "[1270]庆祝回忆★5": 8, "[1271]头脑风暴★4": 5, "[1272]散状花★3": 17, "[1316]王者的气质★4": 1, "[1412]宝石的魔弹★4": 1, "[1415]匮乏之人★3": 3, "[1485]冬之结晶★4": 1, "[1512]庭園の守り人★4": 1, "[1513]穂群原学園生徒会長★3": 7, "[1577]告解の惑い場★4": 1, "[1608]悲願の継承★4": 1}

编号[70097a5bf24f8a421e38a53771e0df35]
等级: 1
圣晶石: 54
圣晶片: 3
呼符: 51
金/银/铜/青苹果: 43/0/0/0
登陆天数: 18天 / 97天
从者: {"[7]盖乌斯·尤利乌斯·恺撒(Saber)★3": 1, "[9]吉尔·德·雷(Saber)★3": 2, "[245]拉克什米·芭伊(Saber)★4": 1, "[63]大卫(Archer)★3": 5, "[105]比利小子(Archer)★3": 2, "[15]尤瑞艾莉(Archer)★3": 1, "[125]俵藤太(Archer)★3": 1, "[95]幼吉尔(Archer)★3": 2, "[246]威廉·退尔(Archer)★3": 3, "[325]芝诺比阿(Archer)★4": 1, "[20]库·丘林〔Prototype〕(Lancer)★3": 1, "[186]宝藏院胤舜(Lancer)★3": 1, "[214]瓦尔基里(Lancer)★4": 1, "[26]布狄卡(Rider)★3": 2, "[118]奥斯曼狄斯(Rider)★5": 1, "[28]亚历山大(Rider)★3": 2, "[31]美狄亚(Caster)★3": 1, "[80]查尔斯·巴贝奇(Caster)★3": 2, "[120]尼托克丽丝(Caster)★4": 1, "[35]梅菲斯托费勒斯(Caster)★3": 1, "[104]杰罗尼莫(Caster)★3": 1, "[203]阿维斯布隆(Caster)★3": 1, "[284]阿尔托莉雅·卡斯特(Caster)★5": 1, "[348]張角(Caster)★3": 2, "[81]亨利·杰基尔＆海德(Assassin)★3": 1, "[124]静谧哈桑(Assassin)★3": 1, "[42]匕见(Assassin)★3": 3, "[117]风魔小太郎(Assassin)★3": 1, "[159]燕青(Assassin)★4": 2, "[55]大流士三世(Berserker)★3": 2, "[56]清姬(Berserker)★3": 2, "[1]玛修·基列莱特(Shielder)★3": 1}
礼装: {"[21]钢之锻炼★4": 1, "[73]死灵魔术★4": 1, "[91]爱之灵药★3": 1, "[243]Bronze-Link Manipulators★3": 1, "[244]四枝之浅滩★3": 1, "[265]卡姆兰之战★3": 1, "[331]佛拉格拉克★3": 5, "[332]天之逆月★3": 1, "[418]固有结界★3": 2, "[419]返老还童的灵药★3": 1, "[420]谜之面具群★3": 2, "[581]手无寸铁慎二君★3": 2, "[582]阿特拉斯院★3": 3, "[585]幻想种★3": 1, "[674]神造兵器★3": 1, "[815]樱的特制便当★3": 1, "[1270]庆祝回忆★5": 2, "[1271]头脑风暴★4": 6, "[1272]散状花★3": 8, "[1415]匮乏之人★3": 1, "[1513]穂群原学園生徒会長★3": 1, "[1610]枯れない花★3": 2, "[1670]狩人の夢★4": 1, "[1692]免許皆伝★4": 1}

编号[3581c2865f0f16ad6fd221e6718b9457]
等级: 1
圣晶石: 0
圣晶片: 3
呼符: 0
金/银/铜/青苹果: 44/0/0/0
登陆天数: 18天 / 97天
从者: {"[7]盖乌斯·尤利乌斯·恺撒(Saber)★3": 2, "[9]吉尔·德·雷(Saber)★3": 2, "[165]铃鹿御前(Saber)★4": 1, "[245]拉克什米·芭伊(Saber)★4": 1, "[13]罗宾汉(Archer)★3": 2, "[63]大卫(Archer)★3": 2, "[105]比利小子(Archer)★3": 2, "[15]尤瑞艾莉(Archer)★3": 1, "[125]俵藤太(Archer)★3": 1, "[95]幼吉尔(Archer)★3": 1, "[246]威廉·退尔(Archer)★3": 1, "[325]芝诺比阿(Archer)★4": 1, "[17]库·丘林(Lancer)★3": 2, "[71]迪尔姆德·奥迪那(Lancer)★3": 2, "[143]恩奇都(Lancer)★5": 1, "[22]罗穆路斯(Lancer)★3": 1, "[23]歌果(Rider)★3": 1, "[26]布狄卡(Rider)★3": 1, "[27]牛若丸(Rider)★3": 1, "[28]亚历山大(Rider)★3": 2, "[273]曼迪卡尔多(Rider)★3": 2, "[366]黄飛虎(Rider)★4": 1, "[79]冯·霍恩海姆·帕拉塞尔苏斯(Caster)★3": 2, "[80]查尔斯·巴贝奇(Caster)★3": 2, "[35]梅菲斯托费勒斯(Caster)★3": 2, "[104]杰罗尼莫(Caster)★3": 1, "[203]阿维斯布隆(Caster)★3": 1, "[348]張角(Caster)★3": 2, "[110]百貌哈桑(Assassin)★3": 2, "[81]亨利·杰基尔＆海德(Assassin)★3": 2, "[124]静谧哈桑(Assassin)★3": 3, "[41]斯忒诺(Assassin)★4": 1, "[42]匕见(Assassin)★3": 1, "[117]风魔小太郎(Assassin)★3": 2, "[49]虎狼(Berserker)★3": 2, "[55]大流士三世(Berserker)★3": 2, "[56]清姬(Berserker)★3": 2, "[58]玉藻猫(Berserker)★4": 1, "[1]玛修·基列莱特(Shielder)★3": 1, "[352]徐福(Alterego)★3": 3}
礼装: {"[21]钢之锻炼★4": 1, "[24]Gandr★4": 1, "[56]指令咏唱★4": 1, "[89]柳洞寺★3": 1, "[98]千年黄金树★4": 2, "[176]记录保持者★4": 2, "[186]情窦未开的千金★4": 2, "[243]Bronze-Link Manipulators★3": 2, "[246]特辣麻婆豆腐★3": 2, "[247]宝石剑泽尔里奇★3": 5, "[331]佛拉格拉克★3": 1, "[332]天之逆月★3": 2, "[418]固有结界★3": 1, "[420]谜之面具群★3": 2, "[581]手无寸铁慎二君★3": 1, "[585]幻想种★3": 2, "[674]神造兵器★3": 1, "[815]樱的特制便当★3": 2, "[1270]庆祝回忆★5": 6, "[1271]头脑风暴★4": 4, "[1272]散状花★3": 19, "[1414]愿望之容器★4": 1, "[1415]匮乏之人★3": 1, "[1512]庭園の守り人★4": 1, "[1513]穂群原学園生徒会長★3": 5, "[1576]華の楽土★4": 1, "[1607]投影装填★4": 1, "[1610]枯れない花★3": 4}

编号[90b06f9f8a7d14e66ef5e19fdc917c5c]
等级: 1
圣晶石: 87
圣晶片: 3
呼符: 51
金/银/铜/青苹果: 43/0/0/0
登陆天数: 18天 / 97天
从者: {"[7]盖乌斯·尤利乌斯·恺撒(Saber)★3": 1, "[72]弗格斯·马克·罗伊(Saber)★3": 3, "[9]吉尔·德·雷(Saber)★3": 3, "[344]ローラン(Saber)★4": 1, "[105]比利小子(Archer)★3": 1, "[15]尤瑞艾莉(Archer)★3": 1, "[125]俵藤太(Archer)★3": 1, "[95]幼吉尔(Archer)★3": 2, "[246]威廉·退尔(Archer)★3": 1, "[71]迪尔姆德·奥迪那(Lancer)★3": 1, "[18]伊丽莎白·巴托里(Lancer)★4": 1, "[87]芬恩·麦克库尔(Lancer)★4": 1, "[193]莲偶(Lancer)★4": 1, "[313]珀西瓦尔(Lancer)★4": 1, "[23]歌果(Rider)★3": 2, "[94]阿斯托尔福(Rider)★4": 1, "[26]布狄卡(Rider)★3": 1, "[27]牛若丸(Rider)★3": 3, "[28]亚历山大(Rider)★3": 1, "[80]查尔斯·巴贝奇(Caster)★3": 3, "[120]尼托克丽丝(Caster)★4": 1, "[104]杰罗尼莫(Caster)★3": 1, "[192]喀耳刻(Caster)★4": 2, "[284]阿尔托莉雅·卡斯特(Caster)★5": 1, "[124]静谧哈桑(Assassin)★3": 3, "[41]斯忒诺(Assassin)★4": 1, "[42]匕见(Assassin)★3": 2, "[117]风魔小太郎(Assassin)★3": 2, "[49]虎狼(Berserker)★3": 1, "[55]大流士三世(Berserker)★3": 2, "[56]清姬(Berserker)★3": 1, "[171]彭忒西勒亚(Berserker)★4": 1, "[1]玛修·基列莱特(Shielder)★3": 1}
礼装: {"[31]元素转换★5": 1, "[37]芦苇海★3": 1, "[89]柳洞寺★3": 1, "[91]爱之灵药★3": 2, "[98]千年黄金树★4": 1, "[243]Bronze-Link Manipulators★3": 2, "[333]许德拉匕首★3": 2, "[246]特辣麻婆豆腐★3": 2, "[265]卡姆兰之战★3": 1, "[332]天之逆月★3": 1, "[419]返老还童的灵药★3": 1, "[420]谜之面具群★3": 2, "[580]瓦砾的圣堂★3": 2, "[674]神造兵器★3": 1, "[691]噬魂★3": 1, "[815]樱的特制便当★3": 4, "[1270]庆祝回忆★5": 1, "[1271]头脑风暴★4": 2, "[1272]散状花★3": 6, "[1316]王者的气质★4": 1, "[1576]華の楽土★4": 1, "[1577]告解の惑い場★4": 1}

编号[b91ace702fccb8282796fdb99ea442c6]
等级: 1
圣晶石: 78
圣晶片: 3
呼符: 0
金/银/铜/青苹果: 44/0/0/0
登陆天数: 18天 / 97天
从者: {"[7]盖乌斯·尤利乌斯·恺撒(Saber)★3": 3, "[72]弗格斯·马克·罗伊(Saber)★3": 1, "[9]吉尔·德·雷(Saber)★3": 2, "[245]拉克什米·芭伊(Saber)★4": 1, "[344]ローラン(Saber)★4": 1, "[11]卫宫(Archer)★4": 1, "[13]罗宾汉(Archer)★3": 5, "[63]大卫(Archer)★3": 3, "[105]比利小子(Archer)★3": 1, "[15]尤瑞艾莉(Archer)★3": 2, "[95]幼吉尔(Archer)★3": 2, "[246]威廉·退尔(Archer)★3": 1, "[17]库·丘林(Lancer)★3": 1, "[71]迪尔姆德·奥迪那(Lancer)★3": 1, "[20]库·丘林〔Prototype〕(Lancer)★3": 4, "[186]宝藏院胤舜(Lancer)★3": 2, "[214]瓦尔基里(Lancer)★4": 1, "[23]歌果(Rider)★3": 1, "[94]阿斯托尔福(Rider)★4": 1, "[26]布狄卡(Rider)★3": 1, "[27]牛若丸(Rider)★3": 1, "[28]亚历山大(Rider)★3": 2, "[273]曼迪卡尔多(Rider)★3": 5, "[31]美狄亚(Caster)★3": 5, "[79]冯·霍恩海姆·帕拉塞尔苏斯(Caster)★3": 1, "[80]查尔斯·巴贝奇(Caster)★3": 3, "[35]梅菲斯托费勒斯(Caster)★3": 2, "[104]杰罗尼莫(Caster)★3": 1, "[203]阿维斯布隆(Caster)★3": 4, "[284]阿尔托莉雅·卡斯特(Caster)★5": 1, "[348]張角(Caster)★3": 2, "[81]亨利·杰基尔＆海德(Assassin)★3": 1, "[124]静谧哈桑(Assassin)★3": 1, "[42]匕见(Assassin)★3": 2, "[46]卡米拉(Assassin)★4": 1, "[117]风魔小太郎(Assassin)★3": 1, "[55]大流士三世(Berserker)★3": 1, "[56]清姬(Berserker)★3": 1, "[202]阿塔兰忒〔Alter〕(Berserker)★4": 1, "[1]玛修·基列莱特(Shielder)★3": 1, "[352]徐福(Alterego)★3": 1}
礼装: {"[33]限制/零毁★5": 1, "[56]指令咏唱★4": 1, "[89]柳洞寺★3": 4, "[91]爱之灵药★3": 3, "[176]记录保持者★4": 1, "[186]情窦未开的千金★4": 1, "[243]Bronze-Link Manipulators★3": 4, "[244]四枝之浅滩★3": 2, "[333]许德拉匕首★3": 3, "[246]特辣麻婆豆腐★3": 2, "[247]宝石剑泽尔里奇★3": 4, "[263]起源弹★5": 1, "[264]援护射击★4": 1, "[265]卡姆兰之战★3": 2, "[331]佛拉格拉克★3": 5, "[332]天之逆月★3": 1, "[418]固有结界★3": 3, "[419]返老还童的灵药★3": 2, "[420]谜之面具群★3": 1, "[580]瓦砾的圣堂★3": 3, "[581]手无寸铁慎二君★3": 2, "[585]幻想种★3": 3, "[674]神造兵器★3": 1, "[815]樱的特制便当★3": 3, "[1015]黄昏的王圣★5": 1, "[1016]狂舞曲★4": 1, "[1130]野心的嚆矢★4": 1, "[1270]庆祝回忆★5": 2, "[1271]头脑风暴★4": 5, "[1272]散状花★3": 11, "[1316]王者的气质★4": 1, "[1415]匮乏之人★3": 3, "[1512]庭園の守り人★4": 1, "[1513]穂群原学園生徒会長★3": 2, "[1576]華の楽土★4": 1, "[1610]枯れない花★3": 3, "[1691]逆堕つ泥雨★5": 1}

编号[fb268131327821252a043c76c8674d85]
等级: 1
圣晶石: 48
圣晶片: 3
呼符: 40
金/银/铜/青苹果: 44/0/0/0
登陆天数: 18天 / 97天
从者: {"[7]盖乌斯·尤利乌斯·恺撒(Saber)★3": 1, "[72]弗格斯·马克·罗伊(Saber)★3": 1, "[9]吉尔·德·雷(Saber)★3": 1, "[165]铃鹿御前(Saber)★4": 1, "[11]卫宫(Archer)★4": 2, "[13]罗宾汉(Archer)★3": 1, "[63]大卫(Archer)★3": 1, "[125]俵藤太(Archer)★3": 2, "[95]幼吉尔(Archer)★3": 1, "[246]威廉·退尔(Archer)★3": 1, "[71]迪尔姆德·奥迪那(Lancer)★3": 1, "[20]库·丘林〔Prototype〕(Lancer)★3": 1, "[22]罗穆路斯(Lancer)★3": 1, "[186]宝藏院胤舜(Lancer)★3": 1, "[64]赫克托耳(Lancer)★3": 1, "[23]歌果(Rider)★3": 1, "[94]阿斯托尔福(Rider)★4": 1, "[26]布狄卡(Rider)★3": 1, "[28]亚历山大(Rider)★3": 1, "[30]玛尔达(Rider)★4": 1, "[273]曼迪卡尔多(Rider)★3": 1, "[31]美狄亚(Caster)★3": 1, "[79]冯·霍恩海姆·帕拉塞尔苏斯(Caster)★3": 1, "[35]梅菲斯托费勒斯(Caster)★3": 1, "[192]喀耳刻(Caster)★4": 1, "[284]阿尔托莉雅·卡斯特(Caster)★5": 1, "[110]百貌哈桑(Assassin)★3": 1, "[81]亨利·杰基尔＆海德(Assassin)★3": 1, "[124]静谧哈桑(Assassin)★3": 1, "[41]斯忒诺(Assassin)★4": 1, "[42]匕见(Assassin)★3": 1, "[117]风魔小太郎(Assassin)★3": 2, "[55]大流士三世(Berserker)★3": 1, "[56]清姬(Berserker)★3": 2, "[97]南丁格尔(Berserker)★5": 1, "[1]玛修·基列莱特(Shielder)★3": 1, "[352]徐福(Alterego)★3": 1}
礼装: {"[21]钢之锻炼★4": 1, "[56]指令咏唱★4": 1, "[91]爱之灵药★3": 1, "[98]千年黄金树★4": 1, "[176]记录保持者★4": 1, "[184]柔软的慈爱★4": 1, "[243]Bronze-Link Manipulators★3": 1, "[247]宝石剑泽尔里奇★3": 3, "[420]谜之面具群★3": 1, "[580]瓦砾的圣堂★3": 1, "[585]幻想种★3": 1, "[691]噬魂★3": 1, "[1208]韵律诗节★4": 1, "[1270]庆祝回忆★5": 5, "[1271]头脑风暴★4": 3, "[1272]散状花★3": 8, "[1412]宝石的魔弹★4": 1, "[1415]匮乏之人★3": 1, "[1513]穂群原学園生徒会長★3": 2, "[1692]免許皆伝★4": 1}

编号[f071e31dbf586fd81a644d4167723d5d]
等级: 1
圣晶石: 129
圣晶片: 3
呼符: 51
金/银/铜/青苹果: 43/0/0/0
登陆天数: 18天 / 97天
从者: {"[7]盖乌斯·尤利乌斯·恺撒(Saber)★3": 2, "[245]拉克什米·芭伊(Saber)★4": 1, "[298]渡边纲(Saber)★4": 1, "[63]大卫(Archer)★3": 2, "[125]俵藤太(Archer)★3": 2, "[95]幼吉尔(Archer)★3": 1, "[246]威廉·退尔(Archer)★3": 1, "[17]库·丘林(Lancer)★3": 1, "[20]库·丘林〔Prototype〕(Lancer)★3": 2, "[22]罗穆路斯(Lancer)★3": 2, "[64]赫克托耳(Lancer)★3": 2, "[23]歌果(Rider)★3": 2, "[26]布狄卡(Rider)★3": 3, "[35]梅菲斯托费勒斯(Caster)★3": 1, "[104]杰罗尼莫(Caster)★3": 1, "[203]阿维斯布隆(Caster)★3": 2, "[284]阿尔托莉雅·卡斯特(Caster)★5": 1, "[110]百貌哈桑(Assassin)★3": 1, "[81]亨利·杰基尔＆海德(Assassin)★3": 2, "[124]静谧哈桑(Assassin)★3": 2, "[42]匕见(Assassin)★3": 1, "[117]风魔小太郎(Assassin)★3": 1, "[1]玛修·基列莱特(Shielder)★3": 1}
礼装: {"[24]Gandr★4": 1, "[98]千年黄金树★4": 1, "[183]死之艺术★4": 1, "[184]柔软的慈爱★4": 1, "[333]许德拉匕首★3": 1, "[246]特辣麻婆豆腐★3": 2, "[247]宝石剑泽尔里奇★3": 1, "[264]援护射击★4": 1, "[265]卡姆兰之战★3": 1, "[331]佛拉格拉克★3": 4, "[580]瓦砾的圣堂★3": 1, "[581]手无寸铁慎二君★3": 1, "[585]幻想种★3": 1, "[674]神造兵器★3": 2, "[1208]韵律诗节★4": 2, "[1270]庆祝回忆★5": 4, "[1271]头脑风暴★4": 2, "[1272]散状花★3": 5, "[1316]王者的气质★4": 1, "[1512]庭園の守り人★4": 1, "[1608]悲願の継承★4": 1}

编号[17a51d966c0ef54845a51f9123bed365]
等级: 1
圣晶石: 105
圣晶片: 3
呼符: 51
金/银/铜/青苹果: 43/0/0/0
登陆天数: 18天 / 97天
从者: {"[7]盖乌斯·尤利乌斯·恺撒(Saber)★3": 1, "[101]罗摩(Saber)★4": 1, "[9]吉尔·德·雷(Saber)★3": 2, "[63]大卫(Archer)★3": 2, "[105]比利小子(Archer)★3": 2, "[15]尤瑞艾莉(Archer)★3": 2, "[246]威廉·退尔(Archer)★3": 2, "[325]芝诺比阿(Archer)★4": 1, "[20]库·丘林〔Prototype〕(Lancer)★3": 2, "[87]芬恩·麦克库尔(Lancer)★4": 1, "[64]赫克托耳(Lancer)★3": 2, "[23]歌果(Rider)★3": 2, "[26]布狄卡(Rider)★3": 1, "[27]牛若丸(Rider)★3": 2, "[79]冯·霍恩海姆·帕拉塞尔苏斯(Caster)★3": 2, "[80]查尔斯·巴贝奇(Caster)★3": 1, "[35]梅菲斯托费勒斯(Caster)★3": 1, "[104]杰罗尼莫(Caster)★3": 1, "[284]阿尔托莉雅·卡斯特(Caster)★5": 1, "[348]張角(Caster)★3": 1, "[81]亨利·杰基尔＆海德(Assassin)★3": 1, "[124]静谧哈桑(Assassin)★3": 1, "[41]斯忒诺(Assassin)★4": 1, "[42]匕见(Assassin)★3": 1, "[47]赫拉克勒斯(Berserker)★4": 1, "[49]虎狼(Berserker)★3": 2, "[58]玉藻猫(Berserker)★4": 1, "[1]玛修·基列莱特(Shielder)★3": 1, "[352]徐福(Alterego)★3": 1}
礼装: {"[24]Gandr★4": 1, "[89]柳洞寺★3": 1, "[91]爱之灵药★3": 2, "[186]情窦未开的千金★4": 1, "[246]特辣麻婆豆腐★3": 1, "[247]宝石剑泽尔里奇★3": 1, "[265]卡姆兰之战★3": 1, "[331]佛拉格拉克★3": 1, "[418]固有结界★3": 1, "[420]谜之面具群★3": 1, "[580]瓦砾的圣堂★3": 1, "[581]手无寸铁慎二君★3": 1, "[582]阿特拉斯院★3": 2, "[674]神造兵器★3": 2, "[691]噬魂★3": 2, "[774]最后的叙述者★4": 1, "[815]樱的特制便当★3": 1, "[1130]野心的嚆矢★4": 1, "[1271]头脑风暴★4": 2, "[1272]散状花★3": 8, "[1315]恋之诅咒★5": 1, "[1414]愿望之容器★4": 1, "[1512]庭園の守り人★4": 1, "[1610]枯れない花★3": 2, "[1670]狩人の夢★4": 1, "[1692]免許皆伝★4": 1}

编号[2886cdafdebc0134bf3d9ede9f37d7ca]
等级: 1
圣晶石: 291
圣晶片: 3
呼符: 51
金/银/铜/青苹果: 43/0/0/0
登陆天数: 18天 / 97天
从者: {"[245]拉克什米·芭伊(Saber)★4": 1, "[71]迪尔姆德·奥迪那(Lancer)★3": 1, "[94]阿斯托尔福(Rider)★4": 1, "[332]ドブルイニャ・ニキチッチ(Rider)★4": 1, "[120]尼托克丽丝(Caster)★4": 1, "[284]阿尔托莉雅·卡斯特(Caster)★5": 1, "[81]亨利·杰基尔＆海德(Assassin)★3": 1, "[1]玛修·基列莱特(Shielder)★3": 1}
礼装: {"[56]指令咏唱★4": 1, "[98]千年黄金树★4": 1, "[1270]庆祝回忆★5": 1}

编号[395d81b2c2724b0da4e0e6f7d32c45c3]
等级: 1
圣晶石: 267
圣晶片: 3
呼符: 51
金/银/铜/青苹果: 43/0/0/0
登陆天数: 18天 / 97天
从者: {"[9]吉尔·德·雷(Saber)★3": 1, "[63]大卫(Archer)★3": 1, "[105]比利小子(Archer)★3": 1, "[325]芝诺比阿(Archer)★4": 1, "[18]伊丽莎白·巴托里(Lancer)★4": 1, "[22]罗穆路斯(Lancer)★3": 1, "[332]ドブルイニャ・ニキチッチ(Rider)★4": 1, "[31]美狄亚(Caster)★3": 1, "[284]阿尔托莉雅·卡斯特(Caster)★5": 1, "[81]亨利·杰基尔＆海德(Assassin)★3": 1, "[56]清姬(Berserker)★3": 2, "[1]玛修·基列莱特(Shielder)★3": 1}
礼装: {"[26]宝石魔术·对影★4": 1, "[28]虚数魔术★4": 1, "[58]另一个结局★5": 1, "[419]返老还童的灵药★3": 1, "[1272]散状花★3": 3, "[1513]穂群原学園生徒会長★3": 1}

编号[1c9ee95f67e9bc0b9c6e1c35279a9324]
等级: 1
圣晶石: 267
圣晶片: 3
呼符: 51
金/银/铜/青苹果: 43/0/0/0
登陆天数: 18天 / 97天
从者: {"[72]弗格斯·马克·罗伊(Saber)★3": 1, "[13]罗宾汉(Archer)★3": 1, "[22]罗穆路斯(Lancer)★3": 1, "[214]瓦尔基里(Lancer)★4": 1, "[35]梅菲斯托费勒斯(Caster)★3": 1, "[284]阿尔托莉雅·卡斯特(Caster)★5": 1, "[348]張角(Caster)★3": 2, "[124]静谧哈桑(Assassin)★3": 1, "[55]大流士三世(Berserker)★3": 2, "[56]清姬(Berserker)★3": 1, "[1]玛修·基列莱特(Shielder)★3": 1}
礼装: {"[24]Gandr★4": 1, "[75]五百年的执着★5": 1, "[91]爱之灵药★3": 1, "[93]阿兰若★3": 1, "[332]天之逆月★3": 1}

编号[ee12e27111d5cebf516b529a369ee84d]
等级: 1
圣晶石: 51
圣晶片: 3
呼符: 0
金/银/铜/青苹果: 44/0/0/0
登陆天数: 18天 / 97天
从者: {"[7]盖乌斯·尤利乌斯·恺撒(Saber)★3": 1, "[72]弗格斯·马克·罗伊(Saber)★3": 4, "[344]ローラン(Saber)★4": 1, "[13]罗宾汉(Archer)★3": 3, "[14]阿塔兰忒(Archer)★4": 1, "[63]大卫(Archer)★3": 3, "[105]比利小子(Archer)★3": 1, "[125]俵藤太(Archer)★3": 1, "[95]幼吉尔(Archer)★3": 1, "[207]喀戎(Archer)★4": 2, "[246]威廉·退尔(Archer)★3": 3, "[325]芝诺比阿(Archer)★4": 1, "[17]库·丘林(Lancer)★3": 1, "[71]迪尔姆德·奥迪那(Lancer)★3": 1, "[20]库·丘林〔Prototype〕(Lancer)★3": 2, "[22]罗穆路斯(Lancer)★3": 1, "[186]宝藏院胤舜(Lancer)★3": 2, "[64]赫克托耳(Lancer)★3": 3, "[23]歌果(Rider)★3": 1, "[26]布狄卡(Rider)★3": 1, "[27]牛若丸(Rider)★3": 1, "[28]亚历山大(Rider)★3": 2, "[31]美狄亚(Caster)★3": 1, "[35]梅菲斯托费勒斯(Caster)★3": 3, "[104]杰罗尼莫(Caster)★3": 1, "[192]喀耳刻(Caster)★4": 1, "[203]阿维斯布隆(Caster)★3": 2, "[284]阿尔托莉雅·卡斯特(Caster)★5": 1, "[110]百貌哈桑(Assassin)★3": 1, "[81]亨利·杰基尔＆海德(Assassin)★3": 2, "[124]静谧哈桑(Assassin)★3": 1, "[41]斯忒诺(Assassin)★4": 1, "[42]匕见(Assassin)★3": 2, "[117]风魔小太郎(Assassin)★3": 2, "[49]虎狼(Berserker)★3": 1, "[56]清姬(Berserker)★3": 2, "[58]玉藻猫(Berserker)★4": 1, "[1]玛修·基列莱特(Shielder)★3": 1, "[352]徐福(Alterego)★3": 1, "[158]黑森·罗伯(Avenger)★4": 1}
礼装: {"[56]指令咏唱★4": 1, "[89]柳洞寺★3": 4, "[93]阿兰若★3": 1, "[243]Bronze-Link Manipulators★3": 4, "[244]四枝之浅滩★3": 1, "[333]许德拉匕首★3": 1, "[246]特辣麻婆豆腐★3": 4, "[247]宝石剑泽尔里奇★3": 2, "[420]谜之面具群★3": 1, "[582]阿特拉斯院★3": 1, "[585]幻想种★3": 1, "[674]神造兵器★3": 1, "[691]噬魂★3": 2, "[815]樱的特制便当★3": 1, "[1130]野心的嚆矢★4": 1, "[1270]庆祝回忆★5": 7, "[1271]头脑风暴★4": 8, "[1272]散状花★3": 8, "[1414]愿望之容器★4": 1, "[1415]匮乏之人★3": 2, "[1513]穂群原学園生徒会長★3": 2, "[1607]投影装填★4": 1, "[1608]悲願の継承★4": 1, "[1609]代償魔術★4": 2, "[1610]枯れない花★3": 6, "[1670]狩人の夢★4": 1}

编号[b80285ea5aa683bfd9588a0fed4e3865]
等级: 1
圣晶石: 48
圣晶片: 3
呼符: 28
金/银/铜/青苹果: 44/0/0/0
登陆天数: 18天 / 97天
从者: {"[7]盖乌斯·尤利乌斯·恺撒(Saber)★3": 1, "[72]弗格斯·马克·罗伊(Saber)★3": 1, "[13]罗宾汉(Archer)★3": 1, "[63]大卫(Archer)★3": 2, "[105]比利小子(Archer)★3": 1, "[15]尤瑞艾莉(Archer)★3": 2, "[246]威廉·退尔(Archer)★3": 2, "[17]库·丘林(Lancer)★3": 1, "[71]迪尔姆德·奥迪那(Lancer)★3": 1, "[20]库·丘林〔Prototype〕(Lancer)★3": 2, "[22]罗穆路斯(Lancer)★3": 1, "[186]宝藏院胤舜(Lancer)★3": 1, "[64]赫克托耳(Lancer)★3": 2, "[228]忠贞(Lancer)★4": 1, "[23]歌果(Rider)★3": 1, "[28]亚历山大(Rider)★3": 2, "[29]玛丽·安托瓦内特(Rider)★4": 1, "[273]曼迪卡尔多(Rider)★3": 2, "[31]美狄亚(Caster)★3": 2, "[79]冯·霍恩海姆·帕拉塞尔苏斯(Caster)★3": 2, "[80]查尔斯·巴贝奇(Caster)★3": 1, "[35]梅菲斯托费勒斯(Caster)★3": 2, "[104]杰罗尼莫(Caster)★3": 1, "[203]阿维斯布隆(Caster)★3": 1, "[284]阿尔托莉雅·卡斯特(Caster)★5": 1, "[348]張角(Caster)★3": 3, "[110]百貌哈桑(Assassin)★3": 1, "[81]亨利·杰基尔＆海德(Assassin)★3": 1, "[124]静谧哈桑(Assassin)★3": 2, "[42]匕见(Assassin)★3": 1, "[117]风魔小太郎(Assassin)★3": 2, "[159]燕青(Assassin)★4": 1, "[185]望月千代女(Assassin)★4": 1, "[55]大流士三世(Berserker)★3": 2, "[56]清姬(Berserker)★3": 2, "[1]玛修·基列莱特(Shielder)★3": 1, "[352]徐福(Alterego)★3": 1}
礼装: {"[28]虚数魔术★4": 1, "[56]指令咏唱★4": 1, "[91]爱之灵药★3": 1, "[98]千年黄金树★4": 1, "[243]Bronze-Link Manipulators★3": 1, "[333]许德拉匕首★3": 1, "[246]特辣麻婆豆腐★3": 1, "[265]卡姆兰之战★3": 1, "[400]天堂之孔★5": 1, "[420]谜之面具群★3": 1, "[580]瓦砾的圣堂★3": 1, "[585]幻想种★3": 1, "[1270]庆祝回忆★5": 3, "[1271]头脑风暴★4": 5, "[1272]散状花★3": 16, "[1412]宝石的魔弹★4": 1, "[1414]愿望之容器★4": 1, "[1415]匮乏之人★3": 1, "[1513]穂群原学園生徒会長★3": 2, "[1577]告解の惑い場★4": 1, "[1607]投影装填★4": 1, "[1610]枯れない花★3": 2}

编号[167dbbfda98672637341f619460d018c]
等级: 1
圣晶石: 210
圣晶片: 3
呼符: 51
金/银/铜/青苹果: 43/0/0/0
登陆天数: 18天 / 97天
从者: {"[11]卫宫(Archer)★4": 1, "[22]罗穆路斯(Lancer)★3": 1, "[186]宝藏院胤舜(Lancer)★3": 1, "[64]赫克托耳(Lancer)★3": 1, "[26]布狄卡(Rider)★3": 1, "[28]亚历山大(Rider)★3": 1, "[273]曼迪卡尔多(Rider)★3": 1, "[79]冯·霍恩海姆·帕拉塞尔苏斯(Caster)★3": 1, "[35]梅菲斯托费勒斯(Caster)★3": 1, "[104]杰罗尼莫(Caster)★3": 2, "[284]阿尔托莉雅·卡斯特(Caster)★5": 1, "[42]匕见(Assassin)★3": 1, "[117]风魔小太郎(Assassin)★3": 1, "[47]赫拉克勒斯(Berserker)★4": 1, "[49]虎狼(Berserker)★3": 1, "[89]贝奥武夫(Berserker)★4": 1, "[56]清姬(Berserker)★3": 1, "[1]玛修·基列莱特(Shielder)★3": 1}
礼装: {"[39]抹大拉的圣骸布★4": 1, "[91]爱之灵药★3": 1, "[93]阿兰若★3": 1, "[98]千年黄金树★4": 1, "[333]许德拉匕首★3": 1, "[247]宝石剑泽尔里奇★3": 1, "[265]卡姆兰之战★3": 1, "[331]佛拉格拉克★3": 1, "[581]手无寸铁慎二君★3": 1, "[582]阿特拉斯院★3": 1, "[585]幻想种★3": 1, "[674]神造兵器★3": 1, "[691]噬魂★3": 3, "[814]清扫者★4": 1, "[1208]韵律诗节★4": 1, "[1270]庆祝回忆★5": 1, "[1271]头脑风暴★4": 1, "[1272]散状花★3": 2, "[1607]投影装填★4": 1}

编号[36fbb329b99705f4d6db48e636a6cb6e]
等级: 1
圣晶石: 48
圣晶片: 3
呼符: 18
金/银/铜/青苹果: 44/0/0/0
登陆天数: 18天 / 97天
从者: {"[7]盖乌斯·尤利乌斯·恺撒(Saber)★3": 1, "[72]弗格斯·马克·罗伊(Saber)★3": 2, "[9]吉尔·德·雷(Saber)★3": 1, "[13]罗宾汉(Archer)★3": 1, "[105]比利小子(Archer)★3": 3, "[15]尤瑞艾莉(Archer)★3": 2, "[125]俵藤太(Archer)★3": 1, "[95]幼吉尔(Archer)★3": 1, "[246]威廉·退尔(Archer)★3": 1, "[17]库·丘林(Lancer)★3": 1, "[20]库·丘林〔Prototype〕(Lancer)★3": 1, "[22]罗穆路斯(Lancer)★3": 1, "[186]宝藏院胤舜(Lancer)★3": 2, "[64]赫克托耳(Lancer)★3": 2, "[23]歌果(Rider)★3": 1, "[66]安妮·伯妮＆玛莉·瑞德(Rider)★4": 1, "[26]布狄卡(Rider)★3": 2, "[27]牛若丸(Rider)★3": 2, "[28]亚历山大(Rider)★3": 1, "[29]玛丽·安托瓦内特(Rider)★4": 1, "[31]美狄亚(Caster)★3": 1, "[79]冯·霍恩海姆·帕拉塞尔苏斯(Caster)★3": 1, "[80]查尔斯·巴贝奇(Caster)★3": 1, "[120]尼托克丽丝(Caster)★4": 1, "[35]梅菲斯托费勒斯(Caster)★3": 2, "[284]阿尔托莉雅·卡斯特(Caster)★5": 1, "[348]張角(Caster)★3": 1, "[110]百貌哈桑(Assassin)★3": 2, "[81]亨利·杰基尔＆海德(Assassin)★3": 2, "[124]静谧哈桑(Assassin)★3": 2, "[42]匕见(Assassin)★3": 1, "[117]风魔小太郎(Assassin)★3": 1, "[47]赫拉克勒斯(Berserker)★4": 1, "[56]清姬(Berserker)★3": 1, "[1]玛修·基列莱特(Shielder)★3": 1, "[352]徐福(Alterego)★3": 2}
礼装: {"[21]钢之锻炼★4": 3, "[24]Gandr★4": 1, "[37]芦苇海★3": 1, "[56]指令咏唱★4": 1, "[58]另一个结局★5": 1, "[67]2030年的碎片★5": 1, "[89]柳洞寺★3": 1, "[184]柔软的慈爱★4": 2, "[243]Bronze-Link Manipulators★3": 1, "[244]四枝之浅滩★3": 1, "[333]许德拉匕首★3": 1, "[265]卡姆兰之战★3": 1, "[331]佛拉格拉克★3": 1, "[401]私室警备员★4": 1, "[420]谜之面具群★3": 1, "[580]瓦砾的圣堂★3": 1, "[582]阿特拉斯院★3": 1, "[774]最后的叙述者★4": 1, "[815]樱的特制便当★3": 1, "[1208]韵律诗节★4": 1, "[1270]庆祝回忆★5": 10, "[1271]头脑风暴★4": 4, "[1272]散状花★3": 11, "[1315]恋之诅咒★5": 1, "[1415]匮乏之人★3": 3, "[1513]穂群原学園生徒会長★3": 1, "[1607]投影装填★4": 1, "[1608]悲願の継承★4": 1, "[1609]代償魔術★4": 2, "[1610]枯れない花★3": 3}

