编号[c2d9e600fa608622a7450f1be7424ee4]
等级: 1
圣晶石: 0
圣晶片: 3
呼符: 0
金/银/铜/青苹果: 44/0/0/0
登陆天数: 1天 / 108天
从者: {"[72]弗格斯·马克·罗伊(Saber)★3": 1, "[9]吉尔·德·雷(Saber)★3": 2, "[223]迪尔姆德·奥迪那(Saber)★4": 1, "[245]拉克什米·芭伊(Saber)★4": 1, "[13]罗宾汉(Archer)★3": 1, "[63]大卫(Archer)★3": 2, "[60]俄里翁(Archer)★5": 1, "[105]比利小子(Archer)★3": 1, "[125]俵藤太(Archer)★3": 2, "[95]幼吉尔(Archer)★3": 1, "[246]威廉·退尔(Archer)★3": 2, "[17]库·丘林(Lancer)★3": 4, "[71]迪尔姆德·奥迪那(Lancer)★3": 1, "[18]伊丽莎白·巴托里(Lancer)★4": 1, "[20]库·丘林〔Prototype〕(Lancer)★3": 1, "[22]罗穆路斯(Lancer)★3": 2, "[186]宝藏院胤舜(Lancer)★3": 1, "[64]赫克托耳(Lancer)★3": 2, "[23]歌果(Rider)★3": 1, "[26]布狄卡(Rider)★3": 2, "[27]牛若丸(Rider)★3": 1, "[28]亚历山大(Rider)★3": 1, "[273]曼迪卡尔多(Rider)★3": 1, "[366]黄飛虎(Rider)★4": 1, "[31]美狄亚(Caster)★3": 3, "[74]童谣(Caster)★4": 1, "[79]冯·霍恩海姆·帕拉塞尔苏斯(Caster)★3": 1, "[35]梅菲斯托费勒斯(Caster)★3": 1, "[104]杰罗尼莫(Caster)★3": 2, "[113]西行者(Caster)★5": 1, "[203]阿维斯布隆(Caster)★3": 1, "[348]張角(Caster)★3": 1, "[110]百貌哈桑(Assassin)★3": 1, "[81]亨利·杰基尔＆海德(Assassin)★3": 4, "[124]静谧哈桑(Assassin)★3": 2, "[42]匕见(Assassin)★3": 1, "[117]风魔小太郎(Assassin)★3": 1, "[170]周照(Assassin)★4": 1, "[49]虎狼(Berserker)★3": 1, "[55]大流士三世(Berserker)★3": 1, "[56]清姬(Berserker)★3": 2, "[58]玉藻猫(Berserker)★4": 1, "[1]玛修·基列莱特(Shielder)★3": 1}
礼装: {"[21]钢之锻炼★4": 1, "[26]宝石魔术·对影★4": 1, "[56]指令咏唱★4": 2, "[58]另一个结局★5": 1, "[91]爱之灵药★3": 1, "[176]记录保持者★4": 2, "[244]四枝之浅滩★3": 4, "[333]许德拉匕首★3": 2, "[247]宝石剑泽尔里奇★3": 1, "[331]佛拉格拉克★3": 1, "[332]天之逆月★3": 1, "[419]返老还童的灵药★3": 2, "[420]谜之面具群★3": 4, "[580]瓦砾的圣堂★3": 2, "[581]手无寸铁慎二君★3": 2, "[582]阿特拉斯院★3": 3, "[585]幻想种★3": 1, "[674]神造兵器★3": 2, "[774]最后的叙述者★4": 2, "[815]樱的特制便当★3": 1, "[1207]黑魔术★5": 1, "[1208]韵律诗节★4": 1, "[1270]庆祝回忆★5": 6, "[1271]头脑风暴★4": 8, "[1272]散状花★3": 10, "[1316]王者的气质★4": 1, "[1413]虚数属性★4": 1, "[1414]愿望之容器★4": 1, "[1458]魔道元帅★5": 1, "[1512]庭园的守护者★4": 1, "[1513]穗群原学园学生会长★3": 1, "[1607]投影装填★4": 1, "[1609]代償魔術★4": 1, "[1610]枯れない花★3": 1, "[1670]狩人の夢★4": 3, "[1692]免許皆伝★4": 1}

编号[cfe9c216b644fefef584fbf85ec53a78]
等级: 1
圣晶石: 0
圣晶片: 3
呼符: 0
金/银/铜/青苹果: 44/0/0/0
登陆天数: 1天 / 108天
从者: {"[7]盖乌斯·尤利乌斯·恺撒(Saber)★3": 2, "[72]弗格斯·马克·罗伊(Saber)★3": 2, "[9]吉尔·德·雷(Saber)★3": 1, "[227]兰陵王(Saber)★4": 1, "[245]拉克什米·芭伊(Saber)★4": 1, "[13]罗宾汉(Archer)★3": 1, "[63]大卫(Archer)★3": 1, "[105]比利小子(Archer)★3": 3, "[15]尤瑞艾莉(Archer)★3": 1, "[125]俵藤太(Archer)★3": 1, "[95]幼吉尔(Archer)★3": 4, "[246]威廉·退尔(Archer)★3": 1, "[17]库·丘林(Lancer)★3": 1, "[71]迪尔姆德·奥迪那(Lancer)★3": 1, "[20]库·丘林〔Prototype〕(Lancer)★3": 1, "[22]罗穆路斯(Lancer)★3": 3, "[186]宝藏院胤舜(Lancer)★3": 2, "[64]赫克托耳(Lancer)★3": 1, "[193]莲偶(Lancer)★4": 1, "[23]歌果(Rider)★3": 1, "[26]布狄卡(Rider)★3": 1, "[27]牛若丸(Rider)★3": 2, "[28]亚历山大(Rider)★3": 1, "[29]玛丽·安托瓦内特(Rider)★4": 1, "[273]曼迪卡尔多(Rider)★3": 1, "[332]多布雷尼亚·尼基季奇(Rider)★4": 1, "[31]美狄亚(Caster)★3": 1, "[79]冯·霍恩海姆·帕拉塞尔苏斯(Caster)★3": 1, "[80]查尔斯·巴贝奇(Caster)★3": 1, "[35]梅菲斯托费勒斯(Caster)★3": 2, "[104]杰罗尼莫(Caster)★3": 1, "[145]吉尔伽美什(Caster)★4": 1, "[37]诸葛孔明〔埃尔梅罗Ⅱ世〕(Caster)★5": 1, "[113]西行者(Caster)★5": 1, "[203]阿维斯布隆(Caster)★3": 1, "[348]張角(Caster)★3": 3, "[110]百貌哈桑(Assassin)★3": 1, "[81]亨利·杰基尔＆海德(Assassin)★3": 3, "[124]静谧哈桑(Assassin)★3": 1, "[42]匕见(Assassin)★3": 2, "[46]卡米拉(Assassin)★4": 1, "[117]风魔小太郎(Assassin)★3": 2, "[170]周照(Assassin)★4": 1, "[49]虎狼(Berserker)★3": 2, "[55]大流士三世(Berserker)★3": 1, "[56]清姬(Berserker)★3": 3, "[58]玉藻猫(Berserker)★4": 1, "[1]玛修·基列莱特(Shielder)★3": 1, "[352]徐福(Alterego)★3": 1, "[158]黑森·罗伯(Avenger)★4": 1, "[335]ヘファイスティオン(Pretender)★4": 1}
礼装: {"[37]芦苇海★3": 1, "[56]指令咏唱★4": 2, "[73]死灵魔术★4": 1, "[89]柳洞寺★3": 1, "[91]爱之灵药★3": 1, "[184]柔软的慈爱★4": 1, "[185]月灵髓液★5": 1, "[186]情窦未开的千金★4": 3, "[247]宝石剑泽尔里奇★3": 1, "[331]佛拉格拉克★3": 1, "[332]天之逆月★3": 2, "[419]返老还童的灵药★3": 1, "[420]谜之面具群★3": 2, "[580]瓦砾的圣堂★3": 1, "[674]神造兵器★3": 1, "[691]噬魂★3": 1, "[815]樱的特制便当★3": 1, "[913]远方的前路★4": 1, "[1015]黄昏的王圣★5": 1, "[1208]韵律诗节★4": 1, "[1270]庆祝回忆★5": 3, "[1271]头脑风暴★4": 6, "[1272]散状花★3": 14, "[1412]宝石的魔弹★4": 1, "[1413]虚数属性★4": 2, "[1415]匮乏之人★3": 1, "[1512]庭园的守护者★4": 2, "[1576]華の楽土★4": 1, "[1607]投影装填★4": 1, "[1608]悲願の継承★4": 1, "[1609]代償魔術★4": 3, "[1610]枯れない花★3": 5, "[1670]狩人の夢★4": 2}

编号[c4a5f9bed76083ce40a57e045fac89d5]
等级: 1
圣晶石: 0
圣晶片: 3
呼符: 0
金/银/铜/青苹果: 44/0/0/0
登陆天数: 1天 / 108天
从者: {"[7]盖乌斯·尤利乌斯·恺撒(Saber)★3": 2, "[121]兰斯洛特(Saber)★4": 1, "[10]骑士迪昂(Saber)★4": 1, "[11]卫宫(Archer)★4": 1, "[13]罗宾汉(Archer)★3": 1, "[63]大卫(Archer)★3": 2, "[105]比利小子(Archer)★3": 2, "[15]尤瑞艾莉(Archer)★3": 1, "[125]俵藤太(Archer)★3": 1, "[246]威廉·退尔(Archer)★3": 3, "[17]库·丘林(Lancer)★3": 1, "[71]迪尔姆德·奥迪那(Lancer)★3": 2, "[18]伊丽莎白·巴托里(Lancer)★4": 1, "[20]库·丘林〔Prototype〕(Lancer)★3": 1, "[22]罗穆路斯(Lancer)★3": 5, "[64]赫克托耳(Lancer)★3": 2, "[228]忠贞(Lancer)★4": 1, "[23]歌果(Rider)★3": 1, "[26]布狄卡(Rider)★3": 1, "[27]牛若丸(Rider)★3": 1, "[28]亚历山大(Rider)★3": 1, "[273]曼迪卡尔多(Rider)★3": 1, "[332]多布雷尼亚·尼基季奇(Rider)★4": 1, "[31]美狄亚(Caster)★3": 3, "[80]查尔斯·巴贝奇(Caster)★3": 2, "[35]梅菲斯托费勒斯(Caster)★3": 2, "[203]阿维斯布隆(Caster)★3": 2, "[348]張角(Caster)★3": 2, "[110]百貌哈桑(Assassin)★3": 1, "[81]亨利·杰基尔＆海德(Assassin)★3": 4, "[124]静谧哈桑(Assassin)★3": 1, "[42]匕见(Assassin)★3": 2, "[117]风魔小太郎(Assassin)★3": 2, "[49]虎狼(Berserker)★3": 3, "[82]弗兰肯斯坦(Berserker)★4": 1, "[55]大流士三世(Berserker)★3": 2, "[56]清姬(Berserker)★3": 1, "[1]玛修·基列莱特(Shielder)★3": 1, "[352]徐福(Alterego)★3": 6}
礼装: {"[26]宝石魔术·对影★4": 1, "[34]万华镜★5": 1, "[39]抹大拉的圣骸布★4": 1, "[40]宇宙棱镜★5": 1, "[89]柳洞寺★3": 1, "[91]爱之灵药★3": 2, "[186]情窦未开的千金★4": 1, "[243]Bronze-Link Manipulators★3": 1, "[244]四枝之浅滩★3": 4, "[246]特辣麻婆豆腐★3": 1, "[265]卡姆兰之战★3": 1, "[331]佛拉格拉克★3": 2, "[332]天之逆月★3": 1, "[401]私室警备员★4": 2, "[419]返老还童的灵药★3": 2, "[420]谜之面具群★3": 3, "[580]瓦砾的圣堂★3": 1, "[582]阿特拉斯院★3": 1, "[674]神造兵器★3": 1, "[691]噬魂★3": 2, "[773]艳阳之下★5": 1, "[815]樱的特制便当★3": 1, "[1130]野心的嚆矢★4": 1, "[1270]庆祝回忆★5": 4, "[1271]头脑风暴★4": 10, "[1272]散状花★3": 14, "[1414]愿望之容器★4": 1, "[1415]匮乏之人★3": 2, "[1485]冬之结晶★4": 1, "[1511]冬之圣女★5": 1, "[1513]穗群原学园学生会长★3": 2, "[1575]幻想の姫★5": 1, "[1607]投影装填★4": 2, "[1609]代償魔術★4": 1, "[1610]枯れない花★3": 2, "[1670]狩人の夢★4": 1, "[1692]免許皆伝★4": 1}

编号[1c68f2eeb2488d549a6ab4994dcec0a4]
等级: 1
圣晶石: 0
圣晶片: 3
呼符: 0
金/银/铜/青苹果: 44/0/0/0
登陆天数: 1天 / 107天
从者: {"[7]盖乌斯·尤利乌斯·恺撒(Saber)★3": 4, "[72]弗格斯·马克·罗伊(Saber)★3": 1, "[121]兰斯洛特(Saber)★4": 1, "[9]吉尔·德·雷(Saber)★3": 2, "[13]罗宾汉(Archer)★3": 1, "[63]大卫(Archer)★3": 2, "[105]比利小子(Archer)★3": 2, "[15]尤瑞艾莉(Archer)★3": 2, "[125]俵藤太(Archer)★3": 2, "[95]幼吉尔(Archer)★3": 1, "[246]威廉·退尔(Archer)★3": 3, "[71]迪尔姆德·奥迪那(Lancer)★3": 3, "[18]伊丽莎白·巴托里(Lancer)★4": 1, "[20]库·丘林〔Prototype〕(Lancer)★3": 1, "[22]罗穆路斯(Lancer)★3": 1, "[186]宝藏院胤舜(Lancer)★3": 1, "[64]赫克托耳(Lancer)★3": 1, "[26]布狄卡(Rider)★3": 2, "[27]牛若丸(Rider)★3": 1, "[28]亚历山大(Rider)★3": 1, "[273]曼迪卡尔多(Rider)★3": 2, "[31]美狄亚(Caster)★3": 1, "[79]冯·霍恩海姆·帕拉塞尔苏斯(Caster)★3": 1, "[35]梅菲斯托费勒斯(Caster)★3": 1, "[104]杰罗尼莫(Caster)★3": 1, "[192]喀耳刻(Caster)★4": 1, "[203]阿维斯布隆(Caster)★3": 4, "[110]百貌哈桑(Assassin)★3": 1, "[81]亨利·杰基尔＆海德(Assassin)★3": 2, "[124]静谧哈桑(Assassin)★3": 2, "[42]匕见(Assassin)★3": 1, "[117]风魔小太郎(Assassin)★3": 1, "[47]赫拉克勒斯(Berserker)★4": 1, "[49]虎狼(Berserker)★3": 2, "[55]大流士三世(Berserker)★3": 2, "[56]清姬(Berserker)★3": 1, "[1]玛修·基列莱特(Shielder)★3": 1}
礼装: {"[21]钢之锻炼★4": 2, "[26]宝石魔术·对影★4": 1, "[37]芦苇海★3": 1, "[56]指令咏唱★4": 1, "[57]月之胜利者★5": 1, "[89]柳洞寺★3": 1, "[91]爱之灵药★3": 3, "[176]记录保持者★4": 1, "[244]四枝之浅滩★3": 1, "[332]天之逆月★3": 2, "[401]私室警备员★4": 1, "[418]固有结界★3": 1, "[420]谜之面具群★3": 4, "[580]瓦砾的圣堂★3": 1, "[585]幻想种★3": 2, "[674]神造兵器★3": 2, "[815]樱的特制便当★3": 2, "[913]远方的前路★4": 1, "[1270]庆祝回忆★5": 8, "[1271]头脑风暴★4": 8, "[1272]散状花★3": 14, "[1412]宝石的魔弹★4": 1, "[1415]匮乏之人★3": 1, "[1512]庭园的守护者★4": 1, "[1513]穗群原学园学生会长★3": 6, "[1577]告解の惑い場★4": 1, "[1608]悲願の継承★4": 1}

编号[353aefe8dfb8f52b123062e026ca9264]
等级: 1
圣晶石: 46
圣晶片: 3
呼符: 33
金/银/铜/青苹果: 44/0/0/0
登陆天数: 1天 / 107天
从者: {"[7]盖乌斯·尤利乌斯·恺撒(Saber)★3": 2, "[72]弗格斯·马克·罗伊(Saber)★3": 1, "[121]兰斯洛特(Saber)★4": 1, "[9]吉尔·德·雷(Saber)★3": 1, "[13]罗宾汉(Archer)★3": 1, "[63]大卫(Archer)★3": 1, "[105]比利小子(Archer)★3": 1, "[15]尤瑞艾莉(Archer)★3": 1, "[125]俵藤太(Archer)★3": 1, "[95]幼吉尔(Archer)★3": 1, "[184]巴御前(Archer)★4": 1, "[246]威廉·退尔(Archer)★3": 1, "[71]迪尔姆德·奥迪那(Lancer)★3": 1, "[22]罗穆路斯(Lancer)★3": 1, "[186]宝藏院胤舜(Lancer)★3": 2, "[64]赫克托耳(Lancer)★3": 1, "[183]帕尔瓦蒂(Lancer)★4": 1, "[23]歌果(Rider)★3": 1, "[26]布狄卡(Rider)★3": 3, "[27]牛若丸(Rider)★3": 2, "[28]亚历山大(Rider)★3": 1, "[31]美狄亚(Caster)★3": 1, "[80]查尔斯·巴贝奇(Caster)★3": 1, "[35]梅菲斯托费勒斯(Caster)★3": 1, "[104]杰罗尼莫(Caster)★3": 1, "[203]阿维斯布隆(Caster)★3": 1, "[284]阿尔托莉雅·卡斯特(Caster)★5": 1, "[348]張角(Caster)★3": 2, "[124]静谧哈桑(Assassin)★3": 1, "[42]匕见(Assassin)★3": 1, "[117]风魔小太郎(Assassin)★3": 1, "[159]燕青(Assassin)★4": 1, "[48]兰斯洛特(Berserker)★4": 1, "[55]大流士三世(Berserker)★3": 1, "[56]清姬(Berserker)★3": 1, "[97]南丁格尔(Berserker)★5": 1, "[1]玛修·基列莱特(Shielder)★3": 1, "[352]徐福(Alterego)★3": 2, "[335]ヘファイスティオン(Pretender)★4": 1}
礼装: {"[26]宝石魔术·对影★4": 1, "[58]另一个结局★5": 1, "[74]觉醒的意志★4": 1, "[89]柳洞寺★3": 1, "[91]爱之灵药★3": 1, "[185]月灵髓液★5": 1, "[186]情窦未开的千金★4": 1, "[243]Bronze-Link Manipulators★3": 1, "[401]私室警备员★4": 2, "[420]谜之面具群★3": 1, "[582]阿特拉斯院★3": 1, "[774]最后的叙述者★4": 1, "[913]远方的前路★4": 1, "[1270]庆祝回忆★5": 7, "[1271]头脑风暴★4": 3, "[1272]散状花★3": 8, "[1414]愿望之容器★4": 1, "[1415]匮乏之人★3": 3, "[1513]穗群原学园学生会长★3": 4, "[1576]華の楽土★4": 1, "[1606]五大元素使い★5": 1, "[1607]投影装填★4": 2, "[1608]悲願の継承★4": 1, "[1609]代償魔術★4": 1, "[1610]枯れない花★3": 1, "[1669]熾天の王★5": 1, "[1670]狩人の夢★4": 2, "[1692]免許皆伝★4": 1}

编号[de401d01af3c5e28215e8edc5529cd6b]
等级: 1
圣晶石: 33
圣晶片: 3
呼符: 0
金/银/铜/青苹果: 44/0/0/0
登陆天数: 1天 / 108天
从者: {"[72]弗格斯·马克·罗伊(Saber)★3": 2, "[9]吉尔·德·雷(Saber)★3": 3, "[223]迪尔姆德·奥迪那(Saber)★4": 1, "[298]渡边纲(Saber)★4": 1, "[13]罗宾汉(Archer)★3": 2, "[63]大卫(Archer)★3": 1, "[15]尤瑞艾莉(Archer)★3": 2, "[125]俵藤太(Archer)★3": 2, "[246]威廉·退尔(Archer)★3": 2, "[17]库·丘林(Lancer)★3": 2, "[71]迪尔姆德·奥迪那(Lancer)★3": 1, "[20]库·丘林〔Prototype〕(Lancer)★3": 1, "[22]罗穆路斯(Lancer)★3": 3, "[186]宝藏院胤舜(Lancer)★3": 2, "[64]赫克托耳(Lancer)★3": 3, "[23]歌果(Rider)★3": 1, "[26]布狄卡(Rider)★3": 1, "[27]牛若丸(Rider)★3": 1, "[28]亚历山大(Rider)★3": 1, "[273]曼迪卡尔多(Rider)★3": 2, "[31]美狄亚(Caster)★3": 2, "[79]冯·霍恩海姆·帕拉塞尔苏斯(Caster)★3": 1, "[80]查尔斯·巴贝奇(Caster)★3": 3, "[35]梅菲斯托费勒斯(Caster)★3": 1, "[104]杰罗尼莫(Caster)★3": 1, "[203]阿维斯布隆(Caster)★3": 1, "[284]阿尔托莉雅·卡斯特(Caster)★5": 1, "[348]張角(Caster)★3": 1, "[110]百貌哈桑(Assassin)★3": 1, "[81]亨利·杰基尔＆海德(Assassin)★3": 1, "[124]静谧哈桑(Assassin)★3": 1, "[42]匕见(Assassin)★3": 2, "[117]风魔小太郎(Assassin)★3": 2, "[159]燕青(Assassin)★4": 2, "[49]虎狼(Berserker)★3": 7, "[55]大流士三世(Berserker)★3": 1, "[56]清姬(Berserker)★3": 1, "[58]玉藻猫(Berserker)★4": 1, "[1]玛修·基列莱特(Shielder)★3": 1, "[352]徐福(Alterego)★3": 5}
礼装: {"[26]宝石魔术·对影★4": 2, "[42]Mooncell Automaton★3": 1, "[56]指令咏唱★4": 1, "[98]千年黄金树★4": 1, "[175]理想的王圣★5": 1, "[243]Bronze-Link Manipulators★3": 1, "[244]四枝之浅滩★3": 5, "[246]特辣麻婆豆腐★3": 3, "[263]起源弹★5": 1, "[331]佛拉格拉克★3": 1, "[332]天之逆月★3": 1, "[418]固有结界★3": 1, "[420]谜之面具群★3": 1, "[580]瓦砾的圣堂★3": 2, "[582]阿特拉斯院★3": 1, "[774]最后的叙述者★4": 2, "[813]阿特拉斯的婴儿★5": 1, "[815]樱的特制便当★3": 1, "[913]远方的前路★4": 2, "[1270]庆祝回忆★5": 1, "[1271]头脑风暴★4": 5, "[1272]散状花★3": 12, "[1315]恋之诅咒★5": 1, "[1412]宝石的魔弹★4": 1, "[1415]匮乏之人★3": 2, "[1513]穗群原学园学生会长★3": 5, "[1576]華の楽土★4": 4, "[1577]告解の惑い場★4": 2, "[1607]投影装填★4": 1, "[1610]枯れない花★3": 4}

编号[c5d19db39551d8586e532537cf486e4d]
等级: 1
圣晶石: 66
圣晶片: 3
呼符: 26
金/银/铜/青苹果: 44/0/0/0
登陆天数: 1天 / 108天
从者: {"[7]盖乌斯·尤利乌斯·恺撒(Saber)★3": 1, "[72]弗格斯·马克·罗伊(Saber)★3": 1, "[9]吉尔·德·雷(Saber)★3": 1, "[227]兰陵王(Saber)★4": 1, "[13]罗宾汉(Archer)★3": 1, "[63]大卫(Archer)★3": 1, "[105]比利小子(Archer)★3": 1, "[15]尤瑞艾莉(Archer)★3": 1, "[246]威廉·退尔(Archer)★3": 2, "[17]库·丘林(Lancer)★3": 1, "[18]伊丽莎白·巴托里(Lancer)★4": 1, "[20]库·丘林〔Prototype〕(Lancer)★3": 1, "[186]宝藏院胤舜(Lancer)★3": 1, "[23]歌果(Rider)★3": 1, "[26]布狄卡(Rider)★3": 2, "[27]牛若丸(Rider)★3": 2, "[28]亚历山大(Rider)★3": 1, "[273]曼迪卡尔多(Rider)★3": 1, "[31]美狄亚(Caster)★3": 1, "[79]冯·霍恩海姆·帕拉塞尔苏斯(Caster)★3": 1, "[80]查尔斯·巴贝奇(Caster)★3": 1, "[120]尼托克丽丝(Caster)★4": 1, "[35]梅菲斯托费勒斯(Caster)★3": 1, "[284]阿尔托莉雅·卡斯特(Caster)★5": 1, "[348]張角(Caster)★3": 3, "[110]百貌哈桑(Assassin)★3": 1, "[81]亨利·杰基尔＆海德(Assassin)★3": 1, "[124]静谧哈桑(Assassin)★3": 1, "[117]风魔小太郎(Assassin)★3": 1, "[49]虎狼(Berserker)★3": 3, "[55]大流士三世(Berserker)★3": 1, "[1]玛修·基列莱特(Shielder)★3": 1, "[352]徐福(Alterego)★3": 1}
礼装: {"[21]钢之锻炼★4": 1, "[26]宝石魔术·对影★4": 3, "[28]虚数魔术★4": 1, "[39]抹大拉的圣骸布★4": 1, "[40]宇宙棱镜★5": 1, "[42]Mooncell Automaton★3": 1, "[74]觉醒的意志★4": 1, "[333]许德拉匕首★3": 1, "[246]特辣麻婆豆腐★3": 1, "[247]宝石剑泽尔里奇★3": 1, "[418]固有结界★3": 1, "[420]谜之面具群★3": 2, "[580]瓦砾的圣堂★3": 1, "[582]阿特拉斯院★3": 2, "[913]远方的前路★4": 1, "[1270]庆祝回忆★5": 3, "[1271]头脑风暴★4": 4, "[1272]散状花★3": 17, "[1415]匮乏之人★3": 2, "[1513]穗群原学园学生会长★3": 4, "[1607]投影装填★4": 1, "[1608]悲願の継承★4": 1, "[1609]代償魔術★4": 1, "[1610]枯れない花★3": 1, "[1692]免許皆伝★4": 1}

编号[6642fdc289235f7da4863fd422fb1ec9]
等级: 1
圣晶石: 261
圣晶片: 3
呼符: 51
金/银/铜/青苹果: 43/0/0/0
登陆天数: 1天 / 108天
从者: {"[298]渡边纲(Saber)★4": 1, "[105]比利小子(Archer)★3": 1, "[15]尤瑞艾莉(Archer)★3": 1, "[214]瓦尔基里(Lancer)★4": 1, "[23]歌果(Rider)★3": 1, "[27]牛若丸(Rider)★3": 1, "[332]多布雷尼亚·尼基季奇(Rider)★4": 1, "[31]美狄亚(Caster)★3": 1, "[80]查尔斯·巴贝奇(Caster)★3": 1, "[284]阿尔托莉雅·卡斯特(Caster)★5": 1, "[42]匕见(Assassin)★3": 1, "[47]赫拉克勒斯(Berserker)★4": 1, "[1]玛修·基列莱特(Shielder)★3": 1}
礼装: {"[89]柳洞寺★3": 1, "[175]理想的王圣★5": 1, "[332]天之逆月★3": 1, "[419]返老还童的灵药★3": 1, "[580]瓦砾的圣堂★3": 1, "[585]幻想种★3": 1, "[815]樱的特制便当★3": 1, "[1271]头脑风暴★4": 2}

编号[3b827c393349a47102cc5e38235bdf69]
等级: 1
圣晶石: 255
圣晶片: 3
呼符: 51
金/银/铜/青苹果: 43/0/0/0
登陆天数: 1天 / 108天
从者: {"[72]弗格斯·马克·罗伊(Saber)★3": 1, "[298]渡边纲(Saber)★4": 1, "[105]比利小子(Archer)★3": 1, "[125]俵藤太(Archer)★3": 1, "[95]幼吉尔(Archer)★3": 1, "[64]赫克托耳(Lancer)★3": 1, "[332]多布雷尼亚·尼基季奇(Rider)★4": 1, "[366]黄飛虎(Rider)★4": 1, "[31]美狄亚(Caster)★3": 1, "[35]梅菲斯托费勒斯(Caster)★3": 1, "[284]阿尔托莉雅·卡斯特(Caster)★5": 1, "[1]玛修·基列莱特(Shielder)★3": 1}
礼装: {"[74]觉醒的意志★4": 1, "[91]爱之灵药★3": 1, "[93]阿兰若★3": 2, "[243]Bronze-Link Manipulators★3": 1, "[333]许德拉匕首★3": 2, "[691]噬魂★3": 2, "[1272]散状花★3": 2}

编号[b35900f1e661347bf2475685daf34d1a]
等级: 1
圣晶石: 78
圣晶片: 3
呼符: 51
金/银/铜/青苹果: 43/0/0/0
登陆天数: 1天 / 108天
从者: {"[7]盖乌斯·尤利乌斯·恺撒(Saber)★3": 1, "[72]弗格斯·马克·罗伊(Saber)★3": 1, "[245]拉克什米·芭伊(Saber)★4": 1, "[63]大卫(Archer)★3": 1, "[60]俄里翁(Archer)★5": 1, "[15]尤瑞艾莉(Archer)★3": 2, "[246]威廉·退尔(Archer)★3": 2, "[17]库·丘林(Lancer)★3": 4, "[71]迪尔姆德·奥迪那(Lancer)★3": 1, "[22]罗穆路斯(Lancer)★3": 2, "[186]宝藏院胤舜(Lancer)★3": 3, "[64]赫克托耳(Lancer)★3": 1, "[23]歌果(Rider)★3": 4, "[27]牛若丸(Rider)★3": 1, "[74]童谣(Caster)★4": 1, "[79]冯·霍恩海姆·帕拉塞尔苏斯(Caster)★3": 1, "[35]梅菲斯托费勒斯(Caster)★3": 1, "[203]阿维斯布隆(Caster)★3": 1, "[284]阿尔托莉雅·卡斯特(Caster)★5": 1, "[348]張角(Caster)★3": 1, "[110]百貌哈桑(Assassin)★3": 1, "[81]亨利·杰基尔＆海德(Assassin)★3": 2, "[42]匕见(Assassin)★3": 2, "[109]卫宫〔Assassin〕(Assassin)★4": 1, "[49]虎狼(Berserker)★3": 1, "[55]大流士三世(Berserker)★3": 1, "[1]玛修·基列莱特(Shielder)★3": 1, "[352]徐福(Alterego)★3": 2}
礼装: {"[37]芦苇海★3": 1, "[89]柳洞寺★3": 1, "[176]记录保持者★4": 1, "[182]毒蛇一艺★4": 1, "[244]四枝之浅滩★3": 4, "[333]许德拉匕首★3": 1, "[246]特辣麻婆豆腐★3": 1, "[265]卡姆兰之战★3": 1, "[331]佛拉格拉克★3": 2, "[418]固有结界★3": 1, "[419]返老还童的灵药★3": 2, "[420]谜之面具群★3": 1, "[580]瓦砾的圣堂★3": 1, "[581]手无寸铁慎二君★3": 2, "[582]阿特拉斯院★3": 2, "[585]幻想种★3": 1, "[674]神造兵器★3": 2, "[691]噬魂★3": 2, "[815]樱的特制便当★3": 2, "[1208]韵律诗节★4": 1, "[1270]庆祝回忆★5": 3, "[1271]头脑风暴★4": 1, "[1272]散状花★3": 7, "[1414]愿望之容器★4": 1, "[1513]穗群原学园学生会长★3": 1, "[1577]告解の惑い場★4": 1, "[1609]代償魔術★4": 1, "[1610]枯れない花★3": 1}

编号[42f68c4aa2dde1aea9ae4221bc39eab1]
等级: 1
圣晶石: 3
圣晶片: 3
呼符: 51
金/银/铜/青苹果: 43/0/0/0
登陆天数: 1天 / 108天
从者: {"[72]弗格斯·马克·罗伊(Saber)★3": 1, "[9]吉尔·德·雷(Saber)★3": 1, "[227]兰陵王(Saber)★4": 1, "[298]渡边纲(Saber)★4": 1, "[13]罗宾汉(Archer)★3": 3, "[105]比利小子(Archer)★3": 1, "[15]尤瑞艾莉(Archer)★3": 1, "[125]俵藤太(Archer)★3": 1, "[95]幼吉尔(Archer)★3": 2, "[246]威廉·退尔(Archer)★3": 1, "[71]迪尔姆德·奥迪那(Lancer)★3": 1, "[22]罗穆路斯(Lancer)★3": 2, "[64]赫克托耳(Lancer)★3": 5, "[23]歌果(Rider)★3": 1, "[27]牛若丸(Rider)★3": 1, "[28]亚历山大(Rider)★3": 2, "[273]曼迪卡尔多(Rider)★3": 4, "[366]黄飛虎(Rider)★4": 1, "[31]美狄亚(Caster)★3": 1, "[79]冯·霍恩海姆·帕拉塞尔苏斯(Caster)★3": 1, "[80]查尔斯·巴贝奇(Caster)★3": 1, "[35]梅菲斯托费勒斯(Caster)★3": 1, "[104]杰罗尼莫(Caster)★3": 2, "[192]喀耳刻(Caster)★4": 1, "[203]阿维斯布隆(Caster)★3": 1, "[284]阿尔托莉雅·卡斯特(Caster)★5": 1, "[348]張角(Caster)★3": 2, "[110]百貌哈桑(Assassin)★3": 1, "[124]静谧哈桑(Assassin)★3": 2, "[109]卫宫〔Assassin〕(Assassin)★4": 1, "[47]赫拉克勒斯(Berserker)★4": 1, "[49]虎狼(Berserker)★3": 1, "[55]大流士三世(Berserker)★3": 1, "[56]清姬(Berserker)★3": 2, "[1]玛修·基列莱特(Shielder)★3": 1}
礼装: {"[26]宝石魔术·对影★4": 1, "[89]柳洞寺★3": 2, "[91]爱之灵药★3": 1, "[98]千年黄金树★4": 1, "[183]死之艺术★4": 1, "[184]柔软的慈爱★4": 1, "[186]情窦未开的千金★4": 1, "[243]Bronze-Link Manipulators★3": 2, "[244]四枝之浅滩★3": 1, "[333]许德拉匕首★3": 2, "[265]卡姆兰之战★3": 4, "[331]佛拉格拉克★3": 4, "[332]天之逆月★3": 2, "[418]固有结界★3": 2, "[420]谜之面具群★3": 3, "[580]瓦砾的圣堂★3": 1, "[581]手无寸铁慎二君★3": 1, "[585]幻想种★3": 2, "[674]神造兵器★3": 2, "[691]噬魂★3": 2, "[815]樱的特制便当★3": 1, "[1208]韵律诗节★4": 1, "[1270]庆祝回忆★5": 6, "[1271]头脑风暴★4": 4, "[1272]散状花★3": 9, "[1413]虚数属性★4": 1, "[1415]匮乏之人★3": 1, "[1513]穗群原学园学生会长★3": 2, "[1610]枯れない花★3": 3, "[1692]免許皆伝★4": 1}

编号[5a77e343a824ec81ca0d03cc2b38d101]
等级: 1
圣晶石: 237
圣晶片: 3
呼符: 51
金/银/铜/青苹果: 43/0/0/0
登陆天数: 1天 / 108天
从者: {"[7]盖乌斯·尤利乌斯·恺撒(Saber)★3": 1, "[101]罗摩(Saber)★4": 1, "[9]吉尔·德·雷(Saber)★3": 1, "[245]拉克什米·芭伊(Saber)★4": 1, "[15]尤瑞艾莉(Archer)★3": 2, "[18]伊丽莎白·巴托里(Lancer)★4": 1, "[20]库·丘林〔Prototype〕(Lancer)★3": 1, "[64]赫克托耳(Lancer)★3": 1, "[26]布狄卡(Rider)★3": 1, "[27]牛若丸(Rider)★3": 2, "[28]亚历山大(Rider)★3": 1, "[284]阿尔托莉雅·卡斯特(Caster)★5": 1, "[41]斯忒诺(Assassin)★4": 1, "[56]清姬(Berserker)★3": 1, "[1]玛修·基列莱特(Shielder)★3": 1, "[352]徐福(Alterego)★3": 1}
礼装: {"[24]Gandr★4": 1, "[26]宝石魔术·对影★4": 1, "[37]芦苇海★3": 1, "[91]爱之灵药★3": 1, "[246]特辣麻婆豆腐★3": 1, "[331]佛拉格拉克★3": 2, "[419]返老还童的灵药★3": 1, "[815]樱的特制便当★3": 1, "[1270]庆祝回忆★5": 1, "[1272]散状花★3": 2, "[1513]穗群原学园学生会长★3": 1}

编号[5814a2bd23c5823bbbc198c7ec0c4a5a]
等级: 1
圣晶石: 0
圣晶片: 3
呼符: 0
金/银/铜/青苹果: 44/0/0/0
登陆天数: 1天 / 108天
从者: {"[7]盖乌斯·尤利乌斯·恺撒(Saber)★3": 1, "[72]弗格斯·马克·罗伊(Saber)★3": 1, "[121]兰斯洛特(Saber)★4": 1, "[13]罗宾汉(Archer)★3": 1, "[63]大卫(Archer)★3": 5, "[105]比利小子(Archer)★3": 2, "[15]尤瑞艾莉(Archer)★3": 2, "[125]俵藤太(Archer)★3": 4, "[95]幼吉尔(Archer)★3": 1, "[246]威廉·退尔(Archer)★3": 2, "[17]库·丘林(Lancer)★3": 1, "[71]迪尔姆德·奥迪那(Lancer)★3": 3, "[20]库·丘林〔Prototype〕(Lancer)★3": 3, "[22]罗穆路斯(Lancer)★3": 3, "[186]宝藏院胤舜(Lancer)★3": 3, "[64]赫克托耳(Lancer)★3": 2, "[214]瓦尔基里(Lancer)★4": 1, "[23]歌果(Rider)★3": 3, "[26]布狄卡(Rider)★3": 1, "[27]牛若丸(Rider)★3": 5, "[28]亚历山大(Rider)★3": 4, "[273]曼迪卡尔多(Rider)★3": 1, "[31]美狄亚(Caster)★3": 1, "[79]冯·霍恩海姆·帕拉塞尔苏斯(Caster)★3": 2, "[80]查尔斯·巴贝奇(Caster)★3": 1, "[348]張角(Caster)★3": 2, "[110]百貌哈桑(Assassin)★3": 2, "[81]亨利·杰基尔＆海德(Assassin)★3": 1, "[124]静谧哈桑(Assassin)★3": 1, "[42]匕见(Assassin)★3": 3, "[109]卫宫〔Assassin〕(Assassin)★4": 1, "[117]风魔小太郎(Assassin)★3": 1, "[48]兰斯洛特(Berserker)★4": 1, "[49]虎狼(Berserker)★3": 2, "[55]大流士三世(Berserker)★3": 2, "[56]清姬(Berserker)★3": 2, "[58]玉藻猫(Berserker)★4": 1, "[1]玛修·基列莱特(Shielder)★3": 1, "[158]黑森·罗伯(Avenger)★4": 1, "[335]ヘファイスティオン(Pretender)★4": 1}
礼装: {"[21]钢之锻炼★4": 1, "[26]宝石魔术·对影★4": 1, "[28]虚数魔术★4": 1, "[56]指令咏唱★4": 2, "[89]柳洞寺★3": 4, "[91]爱之灵药★3": 1, "[176]记录保持者★4": 1, "[184]柔软的慈爱★4": 1, "[243]Bronze-Link Manipulators★3": 2, "[244]四枝之浅滩★3": 1, "[333]许德拉匕首★3": 2, "[246]特辣麻婆豆腐★3": 3, "[247]宝石剑泽尔里奇★3": 2, "[265]卡姆兰之战★3": 5, "[331]佛拉格拉克★3": 3, "[332]天之逆月★3": 2, "[418]固有结界★3": 2, "[419]返老还童的灵药★3": 2, "[420]谜之面具群★3": 1, "[580]瓦砾的圣堂★3": 2, "[581]手无寸铁慎二君★3": 1, "[582]阿特拉斯院★3": 5, "[585]幻想种★3": 2, "[674]神造兵器★3": 2, "[691]噬魂★3": 1, "[774]最后的叙述者★4": 2, "[814]清扫者★4": 1, "[815]樱的特制便当★3": 1, "[1016]狂舞曲★4": 1, "[1270]庆祝回忆★5": 8, "[1271]头脑风暴★4": 7, "[1272]散状花★3": 20, "[1316]王者的气质★4": 1, "[1413]虚数属性★4": 2, "[1415]匮乏之人★3": 5, "[1485]冬之结晶★4": 1, "[1512]庭园的守护者★4": 2, "[1513]穗群原学园学生会长★3": 3, "[1608]悲願の継承★4": 1, "[1609]代償魔術★4": 1, "[1610]枯れない花★3": 1, "[1692]免許皆伝★4": 1}

编号[d9acc5f2bb84e361e0041bd459861663]
等级: 1
圣晶石: 273
圣晶片: 3
呼符: 51
金/银/铜/青苹果: 43/0/0/0
登陆天数: 1天 / 108天
从者: {"[72]弗格斯·马克·罗伊(Saber)★3": 1, "[71]迪尔姆德·奥迪那(Lancer)★3": 1, "[22]罗穆路斯(Lancer)★3": 1, "[120]尼托克丽丝(Caster)★4": 1, "[284]阿尔托莉雅·卡斯特(Caster)★5": 1, "[81]亨利·杰基尔＆海德(Assassin)★3": 1, "[41]斯忒诺(Assassin)★4": 1, "[49]虎狼(Berserker)★3": 1, "[56]清姬(Berserker)★3": 1, "[1]玛修·基列莱特(Shielder)★3": 1}
礼装: {"[26]宝石魔术·对影★4": 1, "[265]卡姆兰之战★3": 1, "[418]固有结界★3": 1, "[419]返老还童的灵药★3": 1, "[420]谜之面具群★3": 1, "[1272]散状花★3": 1, "[1610]枯れない花★3": 1}

编号[2e01db83dcb8519b1e7e95b178f76aaf]
等级: 1
圣晶石: 294
圣晶片: 3
呼符: 51
金/银/铜/青苹果: 43/0/0/0
登陆天数: 1天 / 108天
从者: {"[72]弗格斯·马克·罗伊(Saber)★3": 1, "[245]拉克什米·芭伊(Saber)★4": 1, "[11]卫宫(Archer)★4": 1, "[63]大卫(Archer)★3": 1, "[18]伊丽莎白·巴托里(Lancer)★4": 1, "[35]梅菲斯托费勒斯(Caster)★3": 1, "[284]阿尔托莉雅·卡斯特(Caster)★5": 1, "[1]玛修·基列莱特(Shielder)★3": 1}
礼装: {"[22]原始咒术★4": 1}

编号[3284e8c8863ab91a5ac6cfe220944e90]
等级: 1
圣晶石: 207
圣晶片: 3
呼符: 51
金/银/铜/青苹果: 43/0/0/0
登陆天数: 1天 / 108天
从者: {"[7]盖乌斯·尤利乌斯·恺撒(Saber)★3": 2, "[9]吉尔·德·雷(Saber)★3": 1, "[13]罗宾汉(Archer)★3": 1, "[63]大卫(Archer)★3": 1, "[125]俵藤太(Archer)★3": 1, "[95]幼吉尔(Archer)★3": 1, "[325]芝诺比阿(Archer)★4": 1, "[18]伊丽莎白·巴托里(Lancer)★4": 1, "[26]布狄卡(Rider)★3": 1, "[273]曼迪卡尔多(Rider)★3": 1, "[100]海伦娜·布拉瓦茨基(Caster)★4": 1, "[284]阿尔托莉雅·卡斯特(Caster)★5": 1, "[81]亨利·杰基尔＆海德(Assassin)★3": 1, "[124]静谧哈桑(Assassin)★3": 1, "[42]匕见(Assassin)★3": 3, "[159]燕青(Assassin)★4": 1, "[49]虎狼(Berserker)★3": 1, "[55]大流士三世(Berserker)★3": 2, "[56]清姬(Berserker)★3": 1, "[1]玛修·基列莱特(Shielder)★3": 1}
礼装: {"[73]死灵魔术★4": 1, "[93]阿兰若★3": 1, "[183]死之艺术★4": 1, "[243]Bronze-Link Manipulators★3": 2, "[246]特辣麻婆豆腐★3": 1, "[247]宝石剑泽尔里奇★3": 1, "[265]卡姆兰之战★3": 1, "[419]返老还童的灵药★3": 1, "[580]瓦砾的圣堂★3": 2, "[581]手无寸铁慎二君★3": 1, "[774]最后的叙述者★4": 1, "[1271]头脑风暴★4": 1, "[1272]散状花★3": 2, "[1670]狩人の夢★4": 1}

编号[1ac8cce18d503c073f006ba55c5aaf20]
等级: 1
圣晶石: 231
圣晶片: 3
呼符: 51
金/银/铜/青苹果: 43/0/0/0
登陆天数: 1天 / 108天
从者: {"[72]弗格斯·马克·罗伊(Saber)★3": 2, "[9]吉尔·德·雷(Saber)★3": 1, "[20]库·丘林〔Prototype〕(Lancer)★3": 1, "[66]安妮·伯妮＆玛莉·瑞德(Rider)★4": 1, "[28]亚历山大(Rider)★3": 1, "[273]曼迪卡尔多(Rider)★3": 1, "[79]冯·霍恩海姆·帕拉塞尔苏斯(Caster)★3": 1, "[35]梅菲斯托费勒斯(Caster)★3": 1, "[284]阿尔托莉雅·卡斯特(Caster)★5": 1, "[42]匕见(Assassin)★3": 1, "[48]兰斯洛特(Berserker)★4": 1, "[56]清姬(Berserker)★3": 1, "[58]玉藻猫(Berserker)★4": 2, "[1]玛修·基列莱特(Shielder)★3": 1}
礼装: {"[42]Mooncell Automaton★3": 1, "[73]死灵魔术★4": 1, "[91]爱之灵药★3": 1, "[93]阿兰若★3": 1, "[246]特辣麻婆豆腐★3": 1, "[419]返老还童的灵药★3": 2, "[580]瓦砾的圣堂★3": 1, "[582]阿特拉斯院★3": 1, "[691]噬魂★3": 1, "[1270]庆祝回忆★5": 1, "[1271]头脑风暴★4": 1, "[1272]散状花★3": 3, "[1415]匮乏之人★3": 1, "[1610]枯れない花★3": 1}

编号[c4f2562c0a813a0c950f34afe38b45fd]
等级: 1
圣晶石: 0
圣晶片: 3
呼符: 0
金/银/铜/青苹果: 44/0/0/0
登陆天数: 1天 / 108天
从者: {"[7]盖乌斯·尤利乌斯·恺撒(Saber)★3": 2, "[72]弗格斯·马克·罗伊(Saber)★3": 2, "[101]罗摩(Saber)★4": 1, "[9]吉尔·德·雷(Saber)★3": 1, "[13]罗宾汉(Archer)★3": 1, "[63]大卫(Archer)★3": 3, "[105]比利小子(Archer)★3": 3, "[15]尤瑞艾莉(Archer)★3": 1, "[125]俵藤太(Archer)★3": 2, "[207]喀戎(Archer)★4": 1, "[246]威廉·退尔(Archer)★3": 1, "[325]芝诺比阿(Archer)★4": 1, "[17]库·丘林(Lancer)★3": 1, "[71]迪尔姆德·奥迪那(Lancer)★3": 2, "[140]弗拉德三世〔EXTRA〕(Lancer)★4": 1, "[20]库·丘林〔Prototype〕(Lancer)★3": 2, "[22]罗穆路斯(Lancer)★3": 1, "[64]赫克托耳(Lancer)★3": 2, "[193]莲偶(Lancer)★4": 1, "[23]歌果(Rider)★3": 2, "[26]布狄卡(Rider)★3": 2, "[28]亚历山大(Rider)★3": 3, "[29]玛丽·安托瓦内特(Rider)★4": 1, "[31]美狄亚(Caster)★3": 2, "[79]冯·霍恩海姆·帕拉塞尔苏斯(Caster)★3": 2, "[80]查尔斯·巴贝奇(Caster)★3": 1, "[35]梅菲斯托费勒斯(Caster)★3": 2, "[104]杰罗尼莫(Caster)★3": 1, "[201]阿纳斯塔西娅(Caster)★5": 1, "[203]阿维斯布隆(Caster)★3": 2, "[348]張角(Caster)★3": 1, "[110]百貌哈桑(Assassin)★3": 2, "[81]亨利·杰基尔＆海德(Assassin)★3": 2, "[124]静谧哈桑(Assassin)★3": 3, "[42]匕见(Assassin)★3": 1, "[117]风魔小太郎(Assassin)★3": 1, "[48]兰斯洛特(Berserker)★4": 1, "[55]大流士三世(Berserker)★3": 2, "[56]清姬(Berserker)★3": 2, "[58]玉藻猫(Berserker)★4": 2, "[202]阿塔兰忒〔Alter〕(Berserker)★4": 1, "[1]玛修·基列莱特(Shielder)★3": 1, "[242]阿斯特赖亚(Ruler)★4": 1, "[352]徐福(Alterego)★3": 2}
礼装: {"[39]抹大拉的圣骸布★4": 1, "[57]月之胜利者★5": 1, "[58]另一个结局★5": 1, "[73]死灵魔术★4": 1, "[75]五百年的执着★5": 1, "[91]爱之灵药★3": 1, "[98]千年黄金树★4": 1, "[243]Bronze-Link Manipulators★3": 1, "[244]四枝之浅滩★3": 1, "[333]许德拉匕首★3": 1, "[247]宝石剑泽尔里奇★3": 2, "[263]起源弹★5": 1, "[265]卡姆兰之战★3": 3, "[332]天之逆月★3": 1, "[401]私室警备员★4": 1, "[419]返老还童的灵药★3": 3, "[582]阿特拉斯院★3": 1, "[674]神造兵器★3": 2, "[691]噬魂★3": 2, "[814]清扫者★4": 1, "[815]樱的特制便当★3": 1, "[1270]庆祝回忆★5": 9, "[1271]头脑风暴★4": 9, "[1272]散状花★3": 13, "[1316]王者的气质★4": 1, "[1415]匮乏之人★3": 3, "[1485]冬之结晶★4": 1, "[1513]穗群原学园学生会长★3": 1, "[1607]投影装填★4": 1, "[1608]悲願の継承★4": 1, "[1609]代償魔術★4": 3, "[1610]枯れない花★3": 2}

编号[6916e6ea425fa64d1db2bc32111be27e]
等级: 1
圣晶石: 48
圣晶片: 3
呼符: 40
金/银/铜/青苹果: 44/0/0/0
登陆天数: 1天 / 108天
从者: {"[6]齐格飞(Saber)★4": 1, "[7]盖乌斯·尤利乌斯·恺撒(Saber)★3": 3, "[72]弗格斯·马克·罗伊(Saber)★3": 1, "[9]吉尔·德·雷(Saber)★3": 1, "[245]拉克什米·芭伊(Saber)★4": 1, "[13]罗宾汉(Archer)★3": 1, "[105]比利小子(Archer)★3": 1, "[125]俵藤太(Archer)★3": 1, "[95]幼吉尔(Archer)★3": 1, "[246]威廉·退尔(Archer)★3": 1, "[325]芝诺比阿(Archer)★4": 1, "[71]迪尔姆德·奥迪那(Lancer)★3": 1, "[22]罗穆路斯(Lancer)★3": 1, "[186]宝藏院胤舜(Lancer)★3": 1, "[64]赫克托耳(Lancer)★3": 1, "[23]歌果(Rider)★3": 1, "[66]安妮·伯妮＆玛莉·瑞德(Rider)★4": 1, "[26]布狄卡(Rider)★3": 2, "[27]牛若丸(Rider)★3": 1, "[273]曼迪卡尔多(Rider)★3": 1, "[31]美狄亚(Caster)★3": 1, "[80]查尔斯·巴贝奇(Caster)★3": 2, "[120]尼托克丽丝(Caster)★4": 1, "[203]阿维斯布隆(Caster)★3": 1, "[284]阿尔托莉雅·卡斯特(Caster)★5": 1, "[348]張角(Caster)★3": 2, "[110]百貌哈桑(Assassin)★3": 1, "[42]匕见(Assassin)★3": 2, "[109]卫宫〔Assassin〕(Assassin)★4": 1, "[49]虎狼(Berserker)★3": 1, "[55]大流士三世(Berserker)★3": 1, "[56]清姬(Berserker)★3": 1, "[306]伽拉忒亚(Berserker)★5": 1, "[1]玛修·基列莱特(Shielder)★3": 1, "[352]徐福(Alterego)★3": 1}
礼装: {"[28]虚数魔术★4": 1, "[243]Bronze-Link Manipulators★3": 2, "[419]返老还童的灵药★3": 2, "[420]谜之面具群★3": 3, "[674]神造兵器★3": 1, "[1270]庆祝回忆★5": 2, "[1271]头脑风暴★4": 3, "[1272]散状花★3": 6, "[1315]恋之诅咒★5": 1, "[1412]宝石的魔弹★4": 2, "[1415]匮乏之人★3": 2, "[1513]穗群原学园学生会长★3": 1, "[1576]華の楽土★4": 1, "[1610]枯れない花★3": 2, "[1670]狩人の夢★4": 1}

编号[65edcdabb1ceb5ffb86bbca71f71064d]
等级: 1
圣晶石: 102
圣晶片: 3
呼符: 51
金/银/铜/青苹果: 43/0/0/0
登陆天数: 1天 / 108天
从者: {"[7]盖乌斯·尤利乌斯·恺撒(Saber)★3": 1, "[72]弗格斯·马克·罗伊(Saber)★3": 1, "[63]大卫(Archer)★3": 1, "[125]俵藤太(Archer)★3": 2, "[71]迪尔姆德·奥迪那(Lancer)★3": 1, "[20]库·丘林〔Prototype〕(Lancer)★3": 1, "[22]罗穆路斯(Lancer)★3": 1, "[186]宝藏院胤舜(Lancer)★3": 3, "[64]赫克托耳(Lancer)★3": 1, "[214]瓦尔基里(Lancer)★4": 1, "[23]歌果(Rider)★3": 1, "[27]牛若丸(Rider)★3": 1, "[28]亚历山大(Rider)★3": 1, "[273]曼迪卡尔多(Rider)★3": 1, "[332]多布雷尼亚·尼基季奇(Rider)★4": 1, "[31]美狄亚(Caster)★3": 3, "[74]童谣(Caster)★4": 1, "[79]冯·霍恩海姆·帕拉塞尔苏斯(Caster)★3": 1, "[80]查尔斯·巴贝奇(Caster)★3": 1, "[120]尼托克丽丝(Caster)★4": 1, "[35]梅菲斯托费勒斯(Caster)★3": 1, "[104]杰罗尼莫(Caster)★3": 1, "[203]阿维斯布隆(Caster)★3": 1, "[284]阿尔托莉雅·卡斯特(Caster)★5": 1, "[75]雾都弃子(Assassin)★5": 1, "[124]静谧哈桑(Assassin)★3": 1, "[49]虎狼(Berserker)★3": 3, "[55]大流士三世(Berserker)★3": 2, "[1]玛修·基列莱特(Shielder)★3": 1}
礼装: {"[74]觉醒的意志★4": 1, "[91]爱之灵药★3": 1, "[186]情窦未开的千金★4": 1, "[243]Bronze-Link Manipulators★3": 2, "[333]许德拉匕首★3": 1, "[246]特辣麻婆豆腐★3": 1, "[264]援护射击★4": 1, "[331]佛拉格拉克★3": 1, "[419]返老还童的灵药★3": 1, "[580]瓦砾的圣堂★3": 1, "[582]阿特拉斯院★3": 2, "[585]幻想种★3": 3, "[674]神造兵器★3": 3, "[691]噬魂★3": 3, "[815]樱的特制便当★3": 2, "[1270]庆祝回忆★5": 5, "[1271]头脑风暴★4": 4, "[1272]散状花★3": 4, "[1412]宝石的魔弹★4": 1, "[1513]穗群原学园学生会长★3": 2, "[1670]狩人の夢★4": 1}

编号[c0306d91af26cd23502d19b944edfbf6]
等级: 1
圣晶石: 0
圣晶片: 3
呼符: 0
金/银/铜/青苹果: 44/0/0/0
登陆天数: 1天 / 108天
从者: {"[7]盖乌斯·尤利乌斯·恺撒(Saber)★3": 2, "[72]弗格斯·马克·罗伊(Saber)★3": 2, "[13]罗宾汉(Archer)★3": 2, "[63]大卫(Archer)★3": 3, "[105]比利小子(Archer)★3": 1, "[15]尤瑞艾莉(Archer)★3": 1, "[125]俵藤太(Archer)★3": 1, "[95]幼吉尔(Archer)★3": 4, "[246]威廉·退尔(Archer)★3": 5, "[17]库·丘林(Lancer)★3": 2, "[71]迪尔姆德·奥迪那(Lancer)★3": 2, "[20]库·丘林〔Prototype〕(Lancer)★3": 2, "[22]罗穆路斯(Lancer)★3": 2, "[186]宝藏院胤舜(Lancer)★3": 3, "[64]赫克托耳(Lancer)★3": 2, "[193]莲偶(Lancer)★4": 1, "[23]歌果(Rider)★3": 1, "[26]布狄卡(Rider)★3": 2, "[27]牛若丸(Rider)★3": 3, "[28]亚历山大(Rider)★3": 2, "[273]曼迪卡尔多(Rider)★3": 1, "[332]多布雷尼亚·尼基季奇(Rider)★4": 1, "[31]美狄亚(Caster)★3": 2, "[79]冯·霍恩海姆·帕拉塞尔苏斯(Caster)★3": 1, "[80]查尔斯·巴贝奇(Caster)★3": 2, "[35]梅菲斯托费勒斯(Caster)★3": 2, "[104]杰罗尼莫(Caster)★3": 5, "[203]阿维斯布隆(Caster)★3": 3, "[348]張角(Caster)★3": 2, "[110]百貌哈桑(Assassin)★3": 1, "[81]亨利·杰基尔＆海德(Assassin)★3": 2, "[41]斯忒诺(Assassin)★4": 1, "[42]匕见(Assassin)★3": 1, "[117]风魔小太郎(Assassin)★3": 2, "[49]虎狼(Berserker)★3": 2, "[55]大流士三世(Berserker)★3": 1, "[56]清姬(Berserker)★3": 2, "[171]彭忒西勒亚(Berserker)★4": 1, "[1]玛修·基列莱特(Shielder)★3": 1}
礼装: {"[28]虚数魔术★4": 1, "[31]元素转换★5": 1, "[67]2030年的碎片★5": 1, "[91]爱之灵药★3": 1, "[97]圣者凭依之躯★5": 1, "[186]情窦未开的千金★4": 1, "[333]许德拉匕首★3": 1, "[246]特辣麻婆豆腐★3": 1, "[332]天之逆月★3": 1, "[420]谜之面具群★3": 3, "[580]瓦砾的圣堂★3": 1, "[581]手无寸铁慎二君★3": 2, "[585]幻想种★3": 2, "[674]神造兵器★3": 2, "[691]噬魂★3": 5, "[815]樱的特制便当★3": 1, "[1208]韵律诗节★4": 1, "[1270]庆祝回忆★5": 2, "[1271]头脑风暴★4": 10, "[1272]散状花★3": 13, "[1412]宝石的魔弹★4": 1, "[1413]虚数属性★4": 3, "[1414]愿望之容器★4": 1, "[1415]匮乏之人★3": 1, "[1513]穗群原学园学生会长★3": 1, "[1575]幻想の姫★5": 1, "[1577]告解の惑い場★4": 1, "[1607]投影装填★4": 1, "[1608]悲願の継承★4": 1, "[1610]枯れない花★3": 2}

编号[216c0aa423c9b0eb5ec2e4e1213fb4a5]
等级: 1
圣晶石: 291
圣晶片: 3
呼符: 51
金/银/铜/青苹果: 43/0/0/0
登陆天数: 1天 / 108天
从者: {"[22]罗穆路斯(Lancer)★3": 1, "[64]赫克托耳(Lancer)★3": 1, "[26]布狄卡(Rider)★3": 1, "[284]阿尔托莉雅·卡斯特(Caster)★5": 1, "[81]亨利·杰基尔＆海德(Assassin)★3": 1, "[42]匕见(Assassin)★3": 1, "[159]燕青(Assassin)★4": 1, "[1]玛修·基列莱特(Shielder)★3": 1}
礼装: {"[42]Mooncell Automaton★3": 1, "[580]瓦砾的圣堂★3": 1}

编号[630930f027f33a46640e60f715a341fc]
等级: 1
圣晶石: 279
圣晶片: 3
呼符: 51
金/银/铜/青苹果: 43/0/0/0
登陆天数: 1天 / 108天
从者: {"[245]拉克什米·芭伊(Saber)★4": 1, "[13]罗宾汉(Archer)★3": 1, "[17]库·丘林(Lancer)★3": 1, "[71]迪尔姆德·奥迪那(Lancer)★3": 2, "[20]库·丘林〔Prototype〕(Lancer)★3": 1, "[64]赫克托耳(Lancer)★3": 1, "[79]冯·霍恩海姆·帕拉塞尔苏斯(Caster)★3": 1, "[284]阿尔托莉雅·卡斯特(Caster)★5": 1, "[49]虎狼(Berserker)★3": 1, "[1]玛修·基列莱特(Shielder)★3": 1}
礼装: {"[37]芦苇海★3": 1, "[332]天之逆月★3": 1, "[420]谜之面具群★3": 1, "[582]阿特拉斯院★3": 1}

编号[98b034015457cd9d8ef9d082a455ccf2]
等级: 1
圣晶石: 48
圣晶片: 3
呼符: 23
金/银/铜/青苹果: 44/0/0/0
登陆天数: 1天 / 108天
从者: {"[7]盖乌斯·尤利乌斯·恺撒(Saber)★3": 1, "[9]吉尔·德·雷(Saber)★3": 2, "[13]罗宾汉(Archer)★3": 1, "[63]大卫(Archer)★3": 1, "[105]比利小子(Archer)★3": 3, "[15]尤瑞艾莉(Archer)★3": 1, "[95]幼吉尔(Archer)★3": 1, "[246]威廉·退尔(Archer)★3": 1, "[17]库·丘林(Lancer)★3": 2, "[71]迪尔姆德·奥迪那(Lancer)★3": 3, "[20]库·丘林〔Prototype〕(Lancer)★3": 1, "[22]罗穆路斯(Lancer)★3": 1, "[64]赫克托耳(Lancer)★3": 1, "[23]歌果(Rider)★3": 2, "[26]布狄卡(Rider)★3": 2, "[28]亚历山大(Rider)★3": 1, "[31]美狄亚(Caster)★3": 2, "[79]冯·霍恩海姆·帕拉塞尔苏斯(Caster)★3": 2, "[80]查尔斯·巴贝奇(Caster)★3": 1, "[35]梅菲斯托费勒斯(Caster)★3": 1, "[284]阿尔托莉雅·卡斯特(Caster)★5": 1, "[348]張角(Caster)★3": 1, "[110]百貌哈桑(Assassin)★3": 1, "[81]亨利·杰基尔＆海德(Assassin)★3": 1, "[124]静谧哈桑(Assassin)★3": 2, "[42]匕见(Assassin)★3": 2, "[117]风魔小太郎(Assassin)★3": 1, "[159]燕青(Assassin)★4": 1, "[170]周照(Assassin)★4": 1, "[49]虎狼(Berserker)★3": 3, "[89]贝奥武夫(Berserker)★4": 1, "[55]大流士三世(Berserker)★3": 2, "[58]玉藻猫(Berserker)★4": 2, "[1]玛修·基列莱特(Shielder)★3": 1, "[352]徐福(Alterego)★3": 4}
礼装: {"[28]虚数魔术★4": 1, "[37]芦苇海★3": 1, "[91]爱之灵药★3": 1, "[243]Bronze-Link Manipulators★3": 2, "[332]天之逆月★3": 1, "[420]谜之面具群★3": 1, "[814]清扫者★4": 1, "[815]樱的特制便当★3": 1, "[1016]狂舞曲★4": 1, "[1129]祈祷救济之人★5": 1, "[1270]庆祝回忆★5": 2, "[1271]头脑风暴★4": 10, "[1272]散状花★3": 13, "[1412]宝石的魔弹★4": 2, "[1414]愿望之容器★4": 2, "[1415]匮乏之人★3": 1, "[1485]冬之结晶★4": 1, "[1513]穗群原学园学生会长★3": 3, "[1606]五大元素使い★5": 1, "[1607]投影装填★4": 1, "[1610]枯れない花★3": 3, "[1670]狩人の夢★4": 1}

编号[7d4fba9c0f159661c0df677ee22a4a4c]
等级: 1
圣晶石: 0
圣晶片: 3
呼符: 0
金/银/铜/青苹果: 44/0/0/0
登陆天数: 1天 / 108天
从者: {"[7]盖乌斯·尤利乌斯·恺撒(Saber)★3": 4, "[9]吉尔·德·雷(Saber)★3": 1, "[298]渡边纲(Saber)★4": 1, "[13]罗宾汉(Archer)★3": 2, "[63]大卫(Archer)★3": 1, "[15]尤瑞艾莉(Archer)★3": 2, "[125]俵藤太(Archer)★3": 2, "[95]幼吉尔(Archer)★3": 4, "[246]威廉·退尔(Archer)★3": 3, "[17]库·丘林(Lancer)★3": 1, "[71]迪尔姆德·奥迪那(Lancer)★3": 1, "[18]伊丽莎白·巴托里(Lancer)★4": 1, "[20]库·丘林〔Prototype〕(Lancer)★3": 2, "[22]罗穆路斯(Lancer)★3": 3, "[186]宝藏院胤舜(Lancer)★3": 2, "[64]赫克托耳(Lancer)★3": 1, "[23]歌果(Rider)★3": 1, "[26]布狄卡(Rider)★3": 1, "[27]牛若丸(Rider)★3": 2, "[28]亚历山大(Rider)★3": 1, "[29]玛丽·安托瓦内特(Rider)★4": 1, "[273]曼迪卡尔多(Rider)★3": 1, "[31]美狄亚(Caster)★3": 2, "[79]冯·霍恩海姆·帕拉塞尔苏斯(Caster)★3": 1, "[80]查尔斯·巴贝奇(Caster)★3": 1, "[120]尼托克丽丝(Caster)★4": 1, "[104]杰罗尼莫(Caster)★3": 1, "[348]張角(Caster)★3": 1, "[110]百貌哈桑(Assassin)★3": 1, "[81]亨利·杰基尔＆海德(Assassin)★3": 1, "[124]静谧哈桑(Assassin)★3": 4, "[42]匕见(Assassin)★3": 1, "[117]风魔小太郎(Assassin)★3": 1, "[49]虎狼(Berserker)★3": 2, "[55]大流士三世(Berserker)★3": 1, "[56]清姬(Berserker)★3": 2, "[116]茨木童子(Berserker)★4": 1, "[1]玛修·基列莱特(Shielder)★3": 1, "[352]徐福(Alterego)★3": 3}
礼装: {"[26]宝石魔术·对影★4": 1, "[89]柳洞寺★3": 1, "[93]阿兰若★3": 1, "[175]理想的王圣★5": 1, "[182]毒蛇一艺★4": 2, "[184]柔软的慈爱★4": 1, "[186]情窦未开的千金★4": 1, "[243]Bronze-Link Manipulators★3": 1, "[247]宝石剑泽尔里奇★3": 4, "[265]卡姆兰之战★3": 5, "[332]天之逆月★3": 1, "[419]返老还童的灵药★3": 2, "[420]谜之面具群★3": 2, "[580]瓦砾的圣堂★3": 1, "[581]手无寸铁慎二君★3": 1, "[582]阿特拉斯院★3": 1, "[691]噬魂★3": 1, "[913]远方的前路★4": 2, "[1270]庆祝回忆★5": 6, "[1271]头脑风暴★4": 8, "[1272]散状花★3": 19, "[1316]王者的气质★4": 1, "[1412]宝石的魔弹★4": 1, "[1513]穗群原学园学生会长★3": 4, "[1608]悲願の継承★4": 1, "[1610]枯れない花★3": 6, "[1691]逆堕つ泥雨★5": 1}

编号[b8df84adbfdcbbc325358c5ed884ca55]
等级: 1
圣晶石: 237
圣晶片: 3
呼符: 51
金/银/铜/青苹果: 43/0/0/0
登陆天数: 1天 / 108天
从者: {"[7]盖乌斯·尤利乌斯·恺撒(Saber)★3": 1, "[13]罗宾汉(Archer)★3": 1, "[105]比利小子(Archer)★3": 1, "[15]尤瑞艾莉(Archer)★3": 1, "[95]幼吉尔(Archer)★3": 1, "[246]威廉·退尔(Archer)★3": 1, "[22]罗穆路斯(Lancer)★3": 1, "[186]宝藏院胤舜(Lancer)★3": 1, "[26]布狄卡(Rider)★3": 1, "[79]冯·霍恩海姆·帕拉塞尔苏斯(Caster)★3": 1, "[80]查尔斯·巴贝奇(Caster)★3": 1, "[203]阿维斯布隆(Caster)★3": 1, "[284]阿尔托莉雅·卡斯特(Caster)★5": 1, "[81]亨利·杰基尔＆海德(Assassin)★3": 1, "[42]匕见(Assassin)★3": 1, "[117]风魔小太郎(Assassin)★3": 1, "[47]赫拉克勒斯(Berserker)★4": 2, "[1]玛修·基列莱特(Shielder)★3": 1}
礼装: {"[26]宝石魔术·对影★4": 1, "[37]芦苇海★3": 1, "[91]爱之灵药★3": 1, "[176]记录保持者★4": 1, "[247]宝石剑泽尔里奇★3": 1, "[331]佛拉格拉克★3": 1, "[419]返老还童的灵药★3": 1, "[674]神造兵器★3": 2, "[1271]头脑风暴★4": 1, "[1272]散状花★3": 1, "[1575]幻想の姫★5": 1}

编号[c11f1ec0d2feecf7b89561c784c91eff]
等级: 1
圣晶石: 273
圣晶片: 3
呼符: 51
金/银/铜/青苹果: 43/0/0/0
登陆天数: 1天 / 108天
从者: {"[298]渡边纲(Saber)★4": 1, "[246]威廉·退尔(Archer)★3": 1, "[17]库·丘林(Lancer)★3": 1, "[20]库·丘林〔Prototype〕(Lancer)★3": 1, "[22]罗穆路斯(Lancer)★3": 1, "[23]歌果(Rider)★3": 2, "[31]美狄亚(Caster)★3": 1, "[284]阿尔托莉雅·卡斯特(Caster)★5": 1, "[41]斯忒诺(Assassin)★4": 1, "[49]虎狼(Berserker)★3": 1, "[1]玛修·基列莱特(Shielder)★3": 1, "[335]ヘファイスティオン(Pretender)★4": 1}
礼装: {"[93]阿兰若★3": 1, "[332]天之逆月★3": 1, "[1270]庆祝回忆★5": 1, "[1415]匮乏之人★3": 1}

编号[b30de741559dc81714ca03581ac5cd88]
等级: 1
圣晶石: 48
圣晶片: 3
呼符: 30
金/银/铜/青苹果: 44/0/0/0
登陆天数: 1天 / 108天
从者: {"[7]盖乌斯·尤利乌斯·恺撒(Saber)★3": 1, "[72]弗格斯·马克·罗伊(Saber)★3": 1, "[9]吉尔·德·雷(Saber)★3": 1, "[13]罗宾汉(Archer)★3": 1, "[105]比利小子(Archer)★3": 1, "[15]尤瑞艾莉(Archer)★3": 2, "[95]幼吉尔(Archer)★3": 1, "[207]喀戎(Archer)★4": 1, "[246]威廉·退尔(Archer)★3": 1, "[17]库·丘林(Lancer)★3": 1, "[71]迪尔姆德·奥迪那(Lancer)★3": 1, "[20]库·丘林〔Prototype〕(Lancer)★3": 1, "[22]罗穆路斯(Lancer)★3": 2, "[186]宝藏院胤舜(Lancer)★3": 1, "[23]歌果(Rider)★3": 1, "[26]布狄卡(Rider)★3": 1, "[27]牛若丸(Rider)★3": 2, "[332]多布雷尼亚·尼基季奇(Rider)★4": 1, "[31]美狄亚(Caster)★3": 1, "[79]冯·霍恩海姆·帕拉塞尔苏斯(Caster)★3": 1, "[80]查尔斯·巴贝奇(Caster)★3": 2, "[35]梅菲斯托费勒斯(Caster)★3": 1, "[104]杰罗尼莫(Caster)★3": 1, "[192]喀耳刻(Caster)★4": 1, "[284]阿尔托莉雅·卡斯特(Caster)★5": 1, "[348]張角(Caster)★3": 3, "[110]百貌哈桑(Assassin)★3": 1, "[81]亨利·杰基尔＆海德(Assassin)★3": 2, "[124]静谧哈桑(Assassin)★3": 2, "[42]匕见(Assassin)★3": 1, "[117]风魔小太郎(Assassin)★3": 1, "[49]虎狼(Berserker)★3": 1, "[89]贝奥武夫(Berserker)★4": 1, "[1]玛修·基列莱特(Shielder)★3": 1, "[352]徐福(Alterego)★3": 3}
礼装: {"[24]Gandr★4": 1, "[91]爱之灵药★3": 1, "[98]千年黄金树★4": 1, "[333]许德拉匕首★3": 1, "[265]卡姆兰之战★3": 2, "[331]佛拉格拉克★3": 1, "[332]天之逆月★3": 1, "[420]谜之面具群★3": 3, "[580]瓦砾的圣堂★3": 1, "[585]幻想种★3": 1, "[813]阿特拉斯的婴儿★5": 1, "[1270]庆祝回忆★5": 2, "[1271]头脑风暴★4": 6, "[1272]散状花★3": 7, "[1412]宝石的魔弹★4": 1, "[1415]匮乏之人★3": 2, "[1513]穗群原学园学生会长★3": 3, "[1608]悲願の継承★4": 1, "[1609]代償魔術★4": 2, "[1610]枯れない花★3": 1, "[1670]狩人の夢★4": 1}

编号[169ffedddd8fa278bf62934745c07a9b]
等级: 1
圣晶石: 3
圣晶片: 3
呼符: 51
金/银/铜/青苹果: 43/0/0/0
登陆天数: 1天 / 108天
从者: {"[7]盖乌斯·尤利乌斯·恺撒(Saber)★3": 4, "[105]比利小子(Archer)★3": 1, "[125]俵藤太(Archer)★3": 1, "[246]威廉·退尔(Archer)★3": 3, "[17]库·丘林(Lancer)★3": 2, "[71]迪尔姆德·奥迪那(Lancer)★3": 1, "[85]迦尔纳(Lancer)★5": 1, "[20]库·丘林〔Prototype〕(Lancer)★3": 2, "[22]罗穆路斯(Lancer)★3": 2, "[64]赫克托耳(Lancer)★3": 1, "[183]帕尔瓦蒂(Lancer)★4": 1, "[313]珀西瓦尔(Lancer)★4": 1, "[23]歌果(Rider)★3": 3, "[26]布狄卡(Rider)★3": 1, "[273]曼迪卡尔多(Rider)★3": 1, "[332]多布雷尼亚·尼基季奇(Rider)★4": 1, "[79]冯·霍恩海姆·帕拉塞尔苏斯(Caster)★3": 4, "[80]查尔斯·巴贝奇(Caster)★3": 2, "[35]梅菲斯托费勒斯(Caster)★3": 2, "[104]杰罗尼莫(Caster)★3": 2, "[201]阿纳斯塔西娅(Caster)★5": 1, "[203]阿维斯布隆(Caster)★3": 1, "[284]阿尔托莉雅·卡斯特(Caster)★5": 1, "[110]百貌哈桑(Assassin)★3": 1, "[124]静谧哈桑(Assassin)★3": 1, "[42]匕见(Assassin)★3": 2, "[159]燕青(Assassin)★4": 1, "[47]赫拉克勒斯(Berserker)★4": 1, "[49]虎狼(Berserker)★3": 4, "[55]大流士三世(Berserker)★3": 1, "[56]清姬(Berserker)★3": 2, "[1]玛修·基列莱特(Shielder)★3": 1, "[335]ヘファイスティオン(Pretender)★4": 1}
礼装: {"[26]宝石魔术·对影★4": 1, "[34]万华镜★5": 1, "[56]指令咏唱★4": 2, "[89]柳洞寺★3": 1, "[91]爱之灵药★3": 1, "[243]Bronze-Link Manipulators★3": 5, "[244]四枝之浅滩★3": 2, "[333]许德拉匕首★3": 1, "[246]特辣麻婆豆腐★3": 1, "[247]宝石剑泽尔里奇★3": 2, "[265]卡姆兰之战★3": 2, "[331]佛拉格拉克★3": 2, "[418]固有结界★3": 1, "[419]返老还童的灵药★3": 5, "[420]谜之面具群★3": 1, "[581]手无寸铁慎二君★3": 1, "[582]阿特拉斯院★3": 2, "[585]幻想种★3": 3, "[674]神造兵器★3": 1, "[691]噬魂★3": 1, "[815]樱的特制便当★3": 1, "[913]远方的前路★4": 1, "[1270]庆祝回忆★5": 2, "[1271]头脑风暴★4": 1, "[1272]散状花★3": 13, "[1512]庭园的守护者★4": 1, "[1513]穗群原学园学生会长★3": 3, "[1577]告解の惑い場★4": 1, "[1608]悲願の継承★4": 1, "[1609]代償魔術★4": 1, "[1610]枯れない花★3": 1}

编号[0be7396881600fa02beaa1050d2d6476]
等级: 1
圣晶石: 276
圣晶片: 3
呼符: 51
金/银/铜/青苹果: 43/0/0/0
登陆天数: 1天 / 108天
从者: {"[15]尤瑞艾莉(Archer)★3": 1, "[325]芝诺比阿(Archer)★4": 1, "[22]罗穆路斯(Lancer)★3": 1, "[214]瓦尔基里(Lancer)★4": 1, "[80]查尔斯·巴贝奇(Caster)★3": 1, "[192]喀耳刻(Caster)★4": 2, "[284]阿尔托莉雅·卡斯特(Caster)★5": 1, "[81]亨利·杰基尔＆海德(Assassin)★3": 2, "[117]风魔小太郎(Assassin)★3": 1, "[49]虎狼(Berserker)★3": 1, "[55]大流士三世(Berserker)★3": 1, "[1]玛修·基列莱特(Shielder)★3": 1}
礼装: {"[39]抹大拉的圣骸布★4": 1, "[333]许德拉匕首★3": 1}

编号[3ee782f10ac7eb9f46b9d2804a9f14a6]
等级: 1
圣晶石: 198
圣晶片: 3
呼符: 51
金/银/铜/青苹果: 43/0/0/0
登陆天数: 1天 / 108天
从者: {"[7]盖乌斯·尤利乌斯·恺撒(Saber)★3": 1, "[72]弗格斯·马克·罗伊(Saber)★3": 1, "[11]卫宫(Archer)★4": 1, "[15]尤瑞艾莉(Archer)★3": 1, "[17]库·丘林(Lancer)★3": 1, "[71]迪尔姆德·奥迪那(Lancer)★3": 1, "[26]布狄卡(Rider)★3": 1, "[28]亚历山大(Rider)★3": 1, "[273]曼迪卡尔多(Rider)★3": 3, "[31]美狄亚(Caster)★3": 1, "[79]冯·霍恩海姆·帕拉塞尔苏斯(Caster)★3": 2, "[80]查尔斯·巴贝奇(Caster)★3": 1, "[35]梅菲斯托费勒斯(Caster)★3": 1, "[104]杰罗尼莫(Caster)★3": 1, "[284]阿尔托莉雅·卡斯特(Caster)★5": 1, "[348]張角(Caster)★3": 2, "[124]静谧哈桑(Assassin)★3": 1, "[49]虎狼(Berserker)★3": 1, "[55]大流士三世(Berserker)★3": 1, "[97]南丁格尔(Berserker)★5": 1, "[1]玛修·基列莱特(Shielder)★3": 1}
礼装: {"[22]原始咒术★4": 1, "[26]宝石魔术·对影★4": 1, "[28]虚数魔术★4": 1, "[89]柳洞寺★3": 1, "[91]爱之灵药★3": 1, "[186]情窦未开的千金★4": 1, "[333]许德拉匕首★3": 2, "[265]卡姆兰之战★3": 1, "[580]瓦砾的圣堂★3": 1, "[581]手无寸铁慎二君★3": 1, "[582]阿特拉斯院★3": 1, "[585]幻想种★3": 2, "[815]樱的特制便当★3": 1, "[1270]庆祝回忆★5": 1, "[1272]散状花★3": 1, "[1512]庭园的守护者★4": 1, "[1513]穗群原学园学生会长★3": 1, "[1610]枯れない花★3": 2}

编号[3ace445f9ca69b539dadde15d2b63cbc]
等级: 1
圣晶石: 0
圣晶片: 3
呼符: 0
金/银/铜/青苹果: 44/0/0/0
登陆天数: 1天 / 108天
从者: {"[7]盖乌斯·尤利乌斯·恺撒(Saber)★3": 3, "[72]弗格斯·马克·罗伊(Saber)★3": 1, "[121]兰斯洛特(Saber)★4": 1, "[9]吉尔·德·雷(Saber)★3": 2, "[13]罗宾汉(Archer)★3": 1, "[105]比利小子(Archer)★3": 1, "[15]尤瑞艾莉(Archer)★3": 1, "[125]俵藤太(Archer)★3": 1, "[95]幼吉尔(Archer)★3": 1, "[246]威廉·退尔(Archer)★3": 1, "[17]库·丘林(Lancer)★3": 2, "[71]迪尔姆德·奥迪那(Lancer)★3": 1, "[20]库·丘林〔Prototype〕(Lancer)★3": 2, "[22]罗穆路斯(Lancer)★3": 1, "[186]宝藏院胤舜(Lancer)★3": 1, "[64]赫克托耳(Lancer)★3": 1, "[23]歌果(Rider)★3": 1, "[26]布狄卡(Rider)★3": 2, "[28]亚历山大(Rider)★3": 1, "[273]曼迪卡尔多(Rider)★3": 1, "[31]美狄亚(Caster)★3": 1, "[79]冯·霍恩海姆·帕拉塞尔苏斯(Caster)★3": 1, "[80]查尔斯·巴贝奇(Caster)★3": 1, "[169]山鲁佐德(Caster)★5": 1, "[203]阿维斯布隆(Caster)★3": 1, "[348]張角(Caster)★3": 4, "[110]百貌哈桑(Assassin)★3": 1, "[81]亨利·杰基尔＆海德(Assassin)★3": 1, "[124]静谧哈桑(Assassin)★3": 1, "[42]匕见(Assassin)★3": 1, "[159]燕青(Assassin)★4": 1, "[185]望月千代女(Assassin)★4": 1, "[49]虎狼(Berserker)★3": 3, "[55]大流士三世(Berserker)★3": 1, "[58]玉藻猫(Berserker)★4": 1, "[1]玛修·基列莱特(Shielder)★3": 1}
礼装: {"[21]钢之锻炼★4": 1, "[24]Gandr★4": 1, "[34]万华镜★5": 1, "[48]黑之圣杯★5": 1, "[56]指令咏唱★4": 1, "[175]理想的王圣★5": 1, "[244]四枝之浅滩★3": 1, "[401]私室警备员★4": 1, "[420]谜之面具群★3": 3, "[1208]韵律诗节★4": 1, "[1270]庆祝回忆★5": 3, "[1271]头脑风暴★4": 7, "[1272]散状花★3": 17, "[1316]王者的气质★4": 2, "[1415]匮乏之人★3": 4, "[1458]魔道元帅★5": 1, "[1513]穗群原学园学生会长★3": 2, "[1610]枯れない花★3": 2, "[1669]熾天の王★5": 1}

编号[953c9b760074366e68b79fa7235e7353]
等级: 1
圣晶石: 27
圣晶片: 3
呼符: 51
金/银/铜/青苹果: 43/0/0/0
登陆天数: 1天 / 108天
从者: {"[72]弗格斯·马克·罗伊(Saber)★3": 2, "[9]吉尔·德·雷(Saber)★3": 2, "[165]铃鹿御前(Saber)★4": 1, "[63]大卫(Archer)★3": 3, "[105]比利小子(Archer)★3": 2, "[15]尤瑞艾莉(Archer)★3": 1, "[125]俵藤太(Archer)★3": 2, "[95]幼吉尔(Archer)★3": 3, "[184]巴御前(Archer)★4": 1, "[71]迪尔姆德·奥迪那(Lancer)★3": 1, "[22]罗穆路斯(Lancer)★3": 2, "[186]宝藏院胤舜(Lancer)★3": 1, "[64]赫克托耳(Lancer)★3": 1, "[23]歌果(Rider)★3": 3, "[26]布狄卡(Rider)★3": 4, "[27]牛若丸(Rider)★3": 1, "[28]亚历山大(Rider)★3": 1, "[79]冯·霍恩海姆·帕拉塞尔苏斯(Caster)★3": 3, "[80]查尔斯·巴贝奇(Caster)★3": 1, "[35]梅菲斯托费勒斯(Caster)★3": 2, "[104]杰罗尼莫(Caster)★3": 1, "[203]阿维斯布隆(Caster)★3": 1, "[284]阿尔托莉雅·卡斯特(Caster)★5": 1, "[348]張角(Caster)★3": 1, "[110]百貌哈桑(Assassin)★3": 4, "[124]静谧哈桑(Assassin)★3": 3, "[42]匕见(Assassin)★3": 2, "[46]卡米拉(Assassin)★4": 2, "[159]燕青(Assassin)★4": 1, "[49]虎狼(Berserker)★3": 1, "[1]玛修·基列莱特(Shielder)★3": 1, "[352]徐福(Alterego)★3": 2}
礼装: {"[26]宝石魔术·对影★4": 1, "[40]宇宙棱镜★5": 1, "[56]指令咏唱★4": 1, "[73]死灵魔术★4": 1, "[89]柳洞寺★3": 3, "[91]爱之灵药★3": 1, "[93]阿兰若★3": 1, "[186]情窦未开的千金★4": 1, "[333]许德拉匕首★3": 1, "[246]特辣麻婆豆腐★3": 1, "[247]宝石剑泽尔里奇★3": 1, "[264]援护射击★4": 2, "[265]卡姆兰之战★3": 1, "[331]佛拉格拉克★3": 1, "[332]天之逆月★3": 2, "[418]固有结界★3": 1, "[419]返老还童的灵药★3": 1, "[582]阿特拉斯院★3": 1, "[585]幻想种★3": 1, "[691]噬魂★3": 1, "[815]樱的特制便当★3": 1, "[1208]韵律诗节★4": 1, "[1270]庆祝回忆★5": 4, "[1271]头脑风暴★4": 5, "[1272]散状花★3": 6, "[1415]匮乏之人★3": 2, "[1485]冬之结晶★4": 1, "[1513]穗群原学园学生会长★3": 2, "[1576]華の楽土★4": 1, "[1607]投影装填★4": 1, "[1610]枯れない花★3": 3}

编号[e81965a8ea3443233546f2d9c7689c36]
等级: 1
圣晶石: 207
圣晶片: 3
呼符: 51
金/银/铜/青苹果: 43/0/0/0
登陆天数: 1天 / 108天
从者: {"[7]盖乌斯·尤利乌斯·恺撒(Saber)★3": 1, "[63]大卫(Archer)★3": 1, "[105]比利小子(Archer)★3": 1, "[15]尤瑞艾莉(Archer)★3": 1, "[95]幼吉尔(Archer)★3": 1, "[17]库·丘林(Lancer)★3": 1, "[140]弗拉德三世〔EXTRA〕(Lancer)★4": 1, "[20]库·丘林〔Prototype〕(Lancer)★3": 1, "[28]亚历山大(Rider)★3": 1, "[273]曼迪卡尔多(Rider)★3": 1, "[332]多布雷尼亚·尼基季奇(Rider)★4": 1, "[31]美狄亚(Caster)★3": 3, "[79]冯·霍恩海姆·帕拉塞尔苏斯(Caster)★3": 1, "[35]梅菲斯托费勒斯(Caster)★3": 1, "[203]阿维斯布隆(Caster)★3": 1, "[284]阿尔托莉雅·卡斯特(Caster)★5": 1, "[348]張角(Caster)★3": 1, "[81]亨利·杰基尔＆海德(Assassin)★3": 2, "[124]静谧哈桑(Assassin)★3": 2, "[42]匕见(Assassin)★3": 1, "[55]大流士三世(Berserker)★3": 1, "[56]清姬(Berserker)★3": 1, "[1]玛修·基列莱特(Shielder)★3": 1}
礼装: {"[21]钢之锻炼★4": 1, "[22]原始咒术★4": 1, "[74]觉醒的意志★4": 1, "[89]柳洞寺★3": 1, "[184]柔软的慈爱★4": 1, "[244]四枝之浅滩★3": 1, "[331]佛拉格拉克★3": 1, "[332]天之逆月★3": 1, "[400]天堂之孔★5": 1, "[581]手无寸铁慎二君★3": 1, "[1208]韵律诗节★4": 1, "[1270]庆祝回忆★5": 1, "[1271]头脑风暴★4": 1, "[1272]散状花★3": 1, "[1412]宝石的魔弹★4": 1, "[1609]代償魔術★4": 1}

编号[54b9263ace5c01808858c526664745df]
等级: 1
圣晶石: 240
圣晶片: 3
呼符: 51
金/银/铜/青苹果: 43/0/0/0
登陆天数: 1天 / 108天
从者: {"[7]盖乌斯·尤利乌斯·恺撒(Saber)★3": 1, "[72]弗格斯·马克·罗伊(Saber)★3": 1, "[13]罗宾汉(Archer)★3": 1, "[105]比利小子(Archer)★3": 1, "[20]库·丘林〔Prototype〕(Lancer)★3": 1, "[23]歌果(Rider)★3": 1, "[27]牛若丸(Rider)★3": 2, "[30]玛尔达(Rider)★4": 1, "[273]曼迪卡尔多(Rider)★3": 1, "[35]梅菲斯托费勒斯(Caster)★3": 1, "[284]阿尔托莉雅·卡斯特(Caster)★5": 1, "[41]斯忒诺(Assassin)★4": 1, "[42]匕见(Assassin)★3": 1, "[47]赫拉克勒斯(Berserker)★4": 1, "[49]虎狼(Berserker)★3": 1, "[55]大流士三世(Berserker)★3": 1, "[56]清姬(Berserker)★3": 1, "[1]玛修·基列莱特(Shielder)★3": 1}
礼装: {"[26]宝石魔术·对影★4": 1, "[56]指令咏唱★4": 1, "[98]千年黄金树★4": 1, "[247]宝石剑泽尔里奇★3": 2, "[581]手无寸铁慎二君★3": 2, "[674]神造兵器★3": 1, "[815]樱的特制便当★3": 1, "[1513]穗群原学园学生会长★3": 1, "[1576]華の楽土★4": 1}

编号[1a605a457960f7dde3b8daeb383c8468]
等级: 1
圣晶石: 0
圣晶片: 3
呼符: 0
金/银/铜/青苹果: 44/0/0/0
登陆天数: 1天 / 107天
从者: {"[72]弗格斯·马克·罗伊(Saber)★3": 2, "[121]兰斯洛特(Saber)★4": 1, "[165]铃鹿御前(Saber)★4": 1, "[245]拉克什米·芭伊(Saber)★4": 2, "[298]渡边纲(Saber)★4": 1, "[13]罗宾汉(Archer)★3": 1, "[63]大卫(Archer)★3": 1, "[105]比利小子(Archer)★3": 2, "[15]尤瑞艾莉(Archer)★3": 1, "[125]俵藤太(Archer)★3": 1, "[17]库·丘林(Lancer)★3": 4, "[71]迪尔姆德·奥迪那(Lancer)★3": 2, "[20]库·丘林〔Prototype〕(Lancer)★3": 2, "[22]罗穆路斯(Lancer)★3": 1, "[87]芬恩·麦克库尔(Lancer)★4": 1, "[64]赫克托耳(Lancer)★3": 1, "[214]瓦尔基里(Lancer)★4": 1, "[23]歌果(Rider)★3": 1, "[26]布狄卡(Rider)★3": 2, "[27]牛若丸(Rider)★3": 2, "[28]亚历山大(Rider)★3": 1, "[273]曼迪卡尔多(Rider)★3": 1, "[31]美狄亚(Caster)★3": 2, "[79]冯·霍恩海姆·帕拉塞尔苏斯(Caster)★3": 1, "[80]查尔斯·巴贝奇(Caster)★3": 4, "[35]梅菲斯托费勒斯(Caster)★3": 1, "[104]杰罗尼莫(Caster)★3": 1, "[192]喀耳刻(Caster)★4": 1, "[203]阿维斯布隆(Caster)★3": 1, "[110]百貌哈桑(Assassin)★3": 2, "[81]亨利·杰基尔＆海德(Assassin)★3": 3, "[124]静谧哈桑(Assassin)★3": 1, "[42]匕见(Assassin)★3": 3, "[117]风魔小太郎(Assassin)★3": 1, "[49]虎狼(Berserker)★3": 2, "[55]大流士三世(Berserker)★3": 2, "[56]清姬(Berserker)★3": 1, "[171]彭忒西勒亚(Berserker)★4": 1, "[1]玛修·基列莱特(Shielder)★3": 1, "[352]徐福(Alterego)★3": 1}
礼装: {"[26]宝石魔术·对影★4": 1, "[28]虚数魔术★4": 1, "[48]黑之圣杯★5": 1, "[56]指令咏唱★4": 1, "[89]柳洞寺★3": 2, "[91]爱之灵药★3": 1, "[183]死之艺术★4": 1, "[243]Bronze-Link Manipulators★3": 1, "[333]许德拉匕首★3": 1, "[265]卡姆兰之战★3": 1, "[418]固有结界★3": 2, "[419]返老还童的灵药★3": 3, "[420]谜之面具群★3": 2, "[581]手无寸铁慎二君★3": 2, "[582]阿特拉斯院★3": 1, "[585]幻想种★3": 1, "[674]神造兵器★3": 2, "[691]噬魂★3": 1, "[774]最后的叙述者★4": 1, "[815]樱的特制便当★3": 1, "[1270]庆祝回忆★5": 3, "[1271]头脑风暴★4": 8, "[1272]散状花★3": 18, "[1413]虚数属性★4": 1, "[1415]匮乏之人★3": 5, "[1485]冬之结晶★4": 1, "[1511]冬之圣女★5": 1, "[1512]庭园的守护者★4": 1, "[1513]穗群原学园学生会长★3": 4, "[1607]投影装填★4": 1, "[1608]悲願の継承★4": 1, "[1609]代償魔術★4": 1, "[1610]枯れない花★3": 1, "[1691]逆堕つ泥雨★5": 1}

编号[fa7d11ace49088a12da449b49a74e07a]
等级: 1
圣晶石: 48
圣晶片: 3
呼符: 26
金/银/铜/青苹果: 44/0/0/0
登陆天数: 1天 / 108天
从者: {"[7]盖乌斯·尤利乌斯·恺撒(Saber)★3": 2, "[72]弗格斯·马克·罗伊(Saber)★3": 1, "[9]吉尔·德·雷(Saber)★3": 1, "[13]罗宾汉(Archer)★3": 2, "[105]比利小子(Archer)★3": 1, "[15]尤瑞艾莉(Archer)★3": 1, "[125]俵藤太(Archer)★3": 1, "[95]幼吉尔(Archer)★3": 3, "[246]威廉·退尔(Archer)★3": 2, "[71]迪尔姆德·奥迪那(Lancer)★3": 1, "[20]库·丘林〔Prototype〕(Lancer)★3": 1, "[22]罗穆路斯(Lancer)★3": 2, "[186]宝藏院胤舜(Lancer)★3": 1, "[64]赫克托耳(Lancer)★3": 1, "[23]歌果(Rider)★3": 1, "[94]阿斯托尔福(Rider)★4": 1, "[26]布狄卡(Rider)★3": 2, "[28]亚历山大(Rider)★3": 1, "[332]多布雷尼亚·尼基季奇(Rider)★4": 1, "[80]查尔斯·巴贝奇(Caster)★3": 2, "[35]梅菲斯托费勒斯(Caster)★3": 1, "[203]阿维斯布隆(Caster)★3": 1, "[284]阿尔托莉雅·卡斯特(Caster)★5": 1, "[348]張角(Caster)★3": 2, "[110]百貌哈桑(Assassin)★3": 1, "[81]亨利·杰基尔＆海德(Assassin)★3": 2, "[124]静谧哈桑(Assassin)★3": 1, "[117]风魔小太郎(Assassin)★3": 1, "[49]虎狼(Berserker)★3": 2, "[55]大流士三世(Berserker)★3": 1, "[56]清姬(Berserker)★3": 2, "[1]玛修·基列莱特(Shielder)★3": 1, "[352]徐福(Alterego)★3": 5}
礼装: {"[33]限制/零毁★5": 1, "[56]指令咏唱★4": 2, "[74]觉醒的意志★4": 1, "[89]柳洞寺★3": 1, "[98]千年黄金树★4": 1, "[182]毒蛇一艺★4": 1, "[243]Bronze-Link Manipulators★3": 2, "[332]天之逆月★3": 1, "[400]天堂之孔★5": 1, "[420]谜之面具群★3": 2, "[581]手无寸铁慎二君★3": 1, "[691]噬魂★3": 1, "[815]樱的特制便当★3": 1, "[913]远方的前路★4": 1, "[1208]韵律诗节★4": 1, "[1270]庆祝回忆★5": 4, "[1271]头脑风暴★4": 7, "[1272]散状花★3": 8, "[1513]穗群原学园学生会长★3": 1, "[1608]悲願の継承★4": 1, "[1610]枯れない花★3": 2}

编号[70df0695b4848e3171940d02ef2f1cfa]
等级: 1
圣晶石: 261
圣晶片: 3
呼符: 30
金/银/铜/青苹果: 44/0/0/0
登陆天数: 1天 / 107天
从者: {"[63]大卫(Archer)★3": 1, "[95]幼吉尔(Archer)★3": 1, "[246]威廉·退尔(Archer)★3": 1, "[17]库·丘林(Lancer)★3": 1, "[71]迪尔姆德·奥迪那(Lancer)★3": 1, "[18]伊丽莎白·巴托里(Lancer)★4": 1, "[20]库·丘林〔Prototype〕(Lancer)★3": 3, "[64]赫克托耳(Lancer)★3": 1, "[27]牛若丸(Rider)★3": 2, "[28]亚历山大(Rider)★3": 2, "[30]玛尔达(Rider)★4": 1, "[273]曼迪卡尔多(Rider)★3": 1, "[332]多布雷尼亚·尼基季奇(Rider)★4": 1, "[35]梅菲斯托费勒斯(Caster)★3": 2, "[284]阿尔托莉雅·卡斯特(Caster)★5": 1, "[47]赫拉克勒斯(Berserker)★4": 1, "[58]玉藻猫(Berserker)★4": 1, "[1]玛修·基列莱特(Shielder)★3": 1}
礼装: {"[22]原始咒术★4": 1, "[26]宝石魔术·对影★4": 1, "[56]指令咏唱★4": 1, "[89]柳洞寺★3": 1, "[186]情窦未开的千金★4": 1, "[243]Bronze-Link Manipulators★3": 1, "[333]许德拉匕首★3": 1, "[246]特辣麻婆豆腐★3": 3, "[247]宝石剑泽尔里奇★3": 1, "[264]援护射击★4": 1, "[332]天之逆月★3": 1, "[419]返老还童的灵药★3": 1, "[420]谜之面具群★3": 2, "[582]阿特拉斯院★3": 1, "[674]神造兵器★3": 1, "[913]远方的前路★4": 1, "[1270]庆祝回忆★5": 2, "[1271]头脑风暴★4": 3, "[1272]散状花★3": 4, "[1414]愿望之容器★4": 1, "[1609]代償魔術★4": 1, "[1610]枯れない花★3": 1}

编号[04fca3a246a7b00f99eac87deb77086f]
等级: 1
圣晶石: 264
圣晶片: 3
呼符: 51
金/银/铜/青苹果: 43/0/0/0
登陆天数: 1天 / 108天
从者: {"[7]盖乌斯·尤利乌斯·恺撒(Saber)★3": 1, "[72]弗格斯·马克·罗伊(Saber)★3": 1, "[298]渡边纲(Saber)★4": 1, "[246]威廉·退尔(Archer)★3": 1, "[22]罗穆路斯(Lancer)★3": 1, "[26]布狄卡(Rider)★3": 1, "[79]冯·霍恩海姆·帕拉塞尔苏斯(Caster)★3": 1, "[104]杰罗尼莫(Caster)★3": 1, "[284]阿尔托莉雅·卡斯特(Caster)★5": 1, "[110]百貌哈桑(Assassin)★3": 1, "[47]赫拉克勒斯(Berserker)★4": 1, "[1]玛修·基列莱特(Shielder)★3": 1}
礼装: {"[26]宝石魔术·对影★4": 1, "[91]爱之灵药★3": 1, "[182]毒蛇一艺★4": 1, "[244]四枝之浅滩★3": 1, "[265]卡姆兰之战★3": 1, "[332]天之逆月★3": 1, "[581]手无寸铁慎二君★3": 1, "[1272]散状花★3": 1}

编号[9fba5b875f8bf8b9b75ddd61b2ef4cff]
等级: 1
圣晶石: 144
圣晶片: 3
呼符: 51
金/银/铜/青苹果: 43/0/0/0
登陆天数: 1天 / 108天
从者: {"[7]盖乌斯·尤利乌斯·恺撒(Saber)★3": 1, "[9]吉尔·德·雷(Saber)★3": 1, "[13]罗宾汉(Archer)★3": 2, "[63]大卫(Archer)★3": 1, "[15]尤瑞艾莉(Archer)★3": 1, "[125]俵藤太(Archer)★3": 2, "[95]幼吉尔(Archer)★3": 2, "[246]威廉·退尔(Archer)★3": 1, "[71]迪尔姆德·奥迪那(Lancer)★3": 3, "[20]库·丘林〔Prototype〕(Lancer)★3": 1, "[214]瓦尔基里(Lancer)★4": 1, "[26]布狄卡(Rider)★3": 2, "[28]亚历山大(Rider)★3": 3, "[79]冯·霍恩海姆·帕拉塞尔苏斯(Caster)★3": 1, "[203]阿维斯布隆(Caster)★3": 1, "[284]阿尔托莉雅·卡斯特(Caster)★5": 1, "[110]百貌哈桑(Assassin)★3": 1, "[117]风魔小太郎(Assassin)★3": 1, "[49]虎狼(Berserker)★3": 2, "[55]大流士三世(Berserker)★3": 1, "[1]玛修·基列莱特(Shielder)★3": 1}
礼装: {"[26]宝石魔术·对影★4": 1, "[89]柳洞寺★3": 2, "[98]千年黄金树★4": 3, "[186]情窦未开的千金★4": 1, "[244]四枝之浅滩★3": 1, "[333]许德拉匕首★3": 1, "[246]特辣麻婆豆腐★3": 1, "[331]佛拉格拉克★3": 2, "[418]固有结界★3": 1, "[419]返老还童的灵药★3": 1, "[420]谜之面具群★3": 1, "[580]瓦砾的圣堂★3": 1, "[581]手无寸铁慎二君★3": 1, "[582]阿特拉斯院★3": 1, "[585]幻想种★3": 3, "[674]神造兵器★3": 2, "[691]噬魂★3": 1, "[773]艳阳之下★5": 1, "[815]樱的特制便当★3": 1, "[1271]头脑风暴★4": 7, "[1272]散状花★3": 3, "[1485]冬之结晶★4": 1}

编号[9c7d11176c741c2b969870774db59550]
等级: 1
圣晶石: 282
圣晶片: 3
呼符: 50
金/银/铜/青苹果: 43/0/0/0
登陆天数: 1天 / 107天
从者: {"[105]比利小子(Archer)★3": 1, "[18]伊丽莎白·巴托里(Lancer)★4": 1, "[64]赫克托耳(Lancer)★3": 1, "[94]阿斯托尔福(Rider)★4": 1, "[79]冯·霍恩海姆·帕拉塞尔苏斯(Caster)★3": 1, "[80]查尔斯·巴贝奇(Caster)★3": 1, "[284]阿尔托莉雅·卡斯特(Caster)★5": 1, "[117]风魔小太郎(Assassin)★3": 1, "[47]赫拉克勒斯(Berserker)★4": 1, "[1]玛修·基列莱特(Shielder)★3": 1}
礼装: {"[21]钢之锻炼★4": 1, "[24]Gandr★4": 1, "[37]芦苇海★3": 1, "[73]死灵魔术★4": 1, "[265]卡姆兰之战★3": 1, "[1271]头脑风暴★4": 1}

编号[ce8002c71a78ca4f91142b8154631bf8]
等级: 1
圣晶石: 243
圣晶片: 3
呼符: 51
金/银/铜/青苹果: 43/0/0/0
登陆天数: 1天 / 108天
从者: {"[7]盖乌斯·尤利乌斯·恺撒(Saber)★3": 1, "[15]尤瑞艾莉(Archer)★3": 1, "[95]幼吉尔(Archer)★3": 1, "[71]迪尔姆德·奥迪那(Lancer)★3": 3, "[18]伊丽莎白·巴托里(Lancer)★4": 1, "[22]罗穆路斯(Lancer)★3": 2, "[26]布狄卡(Rider)★3": 1, "[80]查尔斯·巴贝奇(Caster)★3": 1, "[284]阿尔托莉雅·卡斯特(Caster)★5": 1, "[42]匕见(Assassin)★3": 1, "[49]虎狼(Berserker)★3": 1, "[55]大流士三世(Berserker)★3": 1, "[56]清姬(Berserker)★3": 1, "[1]玛修·基列莱特(Shielder)★3": 1}
礼装: {"[21]钢之锻炼★4": 1, "[28]虚数魔术★4": 1, "[37]芦苇海★3": 1, "[246]特辣麻婆豆腐★3": 2, "[418]固有结界★3": 2, "[582]阿特拉斯院★3": 1, "[774]最后的叙述者★4": 1, "[1272]散状花★3": 2}

编号[70c91e0ac707a5f6cf00c0b6d379f86c]
等级: 1
圣晶石: 243
圣晶片: 3
呼符: 51
金/银/铜/青苹果: 43/0/0/0
登陆天数: 1天 / 108天
从者: {"[13]罗宾汉(Archer)★3": 1, "[63]大卫(Archer)★3": 1, "[15]尤瑞艾莉(Archer)★3": 1, "[125]俵藤太(Archer)★3": 1, "[17]库·丘林(Lancer)★3": 2, "[64]赫克托耳(Lancer)★3": 2, "[79]冯·霍恩海姆·帕拉塞尔苏斯(Caster)★3": 2, "[80]查尔斯·巴贝奇(Caster)★3": 1, "[284]阿尔托莉雅·卡斯特(Caster)★5": 1, "[159]燕青(Assassin)★4": 1, "[49]虎狼(Berserker)★3": 1, "[56]清姬(Berserker)★3": 1, "[58]玉藻猫(Berserker)★4": 1, "[1]玛修·基列莱特(Shielder)★3": 1}
礼装: {"[580]瓦砾的圣堂★3": 1, "[581]手无寸铁慎二君★3": 1, "[674]神造兵器★3": 1, "[691]噬魂★3": 1, "[1016]狂舞曲★4": 1, "[1272]散状花★3": 1, "[1415]匮乏之人★3": 1, "[1485]冬之结晶★4": 1, "[1513]穗群原学园学生会长★3": 3}

编号[396ab4b0d0dbb3d79230d8393d2967a7]
等级: 1
圣晶石: 0
圣晶片: 3
呼符: 0
金/银/铜/青苹果: 44/0/0/0
登陆天数: 1天 / 108天
从者: {"[6]齐格飞(Saber)★4": 1, "[7]盖乌斯·尤利乌斯·恺撒(Saber)★3": 1, "[72]弗格斯·马克·罗伊(Saber)★3": 2, "[9]吉尔·德·雷(Saber)★3": 3, "[10]骑士迪昂(Saber)★4": 1, "[13]罗宾汉(Archer)★3": 4, "[63]大卫(Archer)★3": 1, "[105]比利小子(Archer)★3": 1, "[15]尤瑞艾莉(Archer)★3": 1, "[125]俵藤太(Archer)★3": 1, "[95]幼吉尔(Archer)★3": 3, "[246]威廉·退尔(Archer)★3": 1, "[325]芝诺比阿(Archer)★4": 1, "[71]迪尔姆德·奥迪那(Lancer)★3": 1, "[18]伊丽莎白·巴托里(Lancer)★4": 1, "[20]库·丘林〔Prototype〕(Lancer)★3": 1, "[22]罗穆路斯(Lancer)★3": 3, "[186]宝藏院胤舜(Lancer)★3": 3, "[64]赫克托耳(Lancer)★3": 3, "[214]瓦尔基里(Lancer)★4": 1, "[23]歌果(Rider)★3": 2, "[66]安妮·伯妮＆玛莉·瑞德(Rider)★4": 1, "[26]布狄卡(Rider)★3": 1, "[27]牛若丸(Rider)★3": 1, "[28]亚历山大(Rider)★3": 1, "[30]玛尔达(Rider)★4": 1, "[273]曼迪卡尔多(Rider)★3": 1, "[332]多布雷尼亚·尼基季奇(Rider)★4": 2, "[31]美狄亚(Caster)★3": 1, "[79]冯·霍恩海姆·帕拉塞尔苏斯(Caster)★3": 1, "[80]查尔斯·巴贝奇(Caster)★3": 3, "[35]梅菲斯托费勒斯(Caster)★3": 1, "[104]杰罗尼莫(Caster)★3": 1, "[203]阿维斯布隆(Caster)★3": 1, "[348]張角(Caster)★3": 3, "[110]百貌哈桑(Assassin)★3": 1, "[124]静谧哈桑(Assassin)★3": 2, "[42]匕见(Assassin)★3": 1, "[117]风魔小太郎(Assassin)★3": 2, "[185]望月千代女(Assassin)★4": 1, "[49]虎狼(Berserker)★3": 2, "[55]大流士三世(Berserker)★3": 1, "[56]清姬(Berserker)★3": 3, "[1]玛修·基列莱特(Shielder)★3": 1, "[352]徐福(Alterego)★3": 4}
礼装: {"[34]万华镜★5": 1, "[37]芦苇海★3": 1, "[40]宇宙棱镜★5": 1, "[48]黑之圣杯★5": 1, "[56]指令咏唱★4": 1, "[74]觉醒的意志★4": 1, "[89]柳洞寺★3": 1, "[91]爱之灵药★3": 2, "[98]千年黄金树★4": 2, "[183]死之艺术★4": 1, "[333]许德拉匕首★3": 2, "[246]特辣麻婆豆腐★3": 3, "[331]佛拉格拉克★3": 1, "[332]天之逆月★3": 2, "[401]私室警备员★4": 1, "[419]返老还童的灵药★3": 1, "[420]谜之面具群★3": 1, "[580]瓦砾的圣堂★3": 2, "[581]手无寸铁慎二君★3": 1, "[582]阿特拉斯院★3": 1, "[585]幻想种★3": 1, "[773]艳阳之下★5": 1, "[1208]韵律诗节★4": 2, "[1270]庆祝回忆★5": 7, "[1271]头脑风暴★4": 11, "[1272]散状花★3": 10, "[1412]宝石的魔弹★4": 1, "[1413]虚数属性★4": 1, "[1415]匮乏之人★3": 3, "[1513]穗群原学园学生会长★3": 4, "[1576]華の楽土★4": 1, "[1609]代償魔術★4": 1, "[1610]枯れない花★3": 4}

编号[8d795f914dbc39d33e587f949f88943d]
等级: 1
圣晶石: 0
圣晶片: 3
呼符: 0
金/银/铜/青苹果: 44/0/0/0
登陆天数: 1天 / 108天
从者: {"[7]盖乌斯·尤利乌斯·恺撒(Saber)★3": 2, "[72]弗格斯·马克·罗伊(Saber)★3": 2, "[9]吉尔·德·雷(Saber)★3": 3, "[13]罗宾汉(Archer)★3": 1, "[63]大卫(Archer)★3": 3, "[105]比利小子(Archer)★3": 1, "[15]尤瑞艾莉(Archer)★3": 2, "[95]幼吉尔(Archer)★3": 2, "[246]威廉·退尔(Archer)★3": 1, "[17]库·丘林(Lancer)★3": 1, "[71]迪尔姆德·奥迪那(Lancer)★3": 1, "[20]库·丘林〔Prototype〕(Lancer)★3": 1, "[22]罗穆路斯(Lancer)★3": 1, "[186]宝藏院胤舜(Lancer)★3": 2, "[64]赫克托耳(Lancer)★3": 2, "[146]美杜莎(Lancer)★4": 1, "[23]歌果(Rider)★3": 3, "[26]布狄卡(Rider)★3": 1, "[27]牛若丸(Rider)★3": 1, "[28]亚历山大(Rider)★3": 1, "[273]曼迪卡尔多(Rider)★3": 2, "[332]多布雷尼亚·尼基季奇(Rider)★4": 2, "[31]美狄亚(Caster)★3": 1, "[79]冯·霍恩海姆·帕拉塞尔苏斯(Caster)★3": 4, "[80]查尔斯·巴贝奇(Caster)★3": 4, "[120]尼托克丽丝(Caster)★4": 1, "[35]梅菲斯托费勒斯(Caster)★3": 2, "[104]杰罗尼莫(Caster)★3": 1, "[348]張角(Caster)★3": 1, "[81]亨利·杰基尔＆海德(Assassin)★3": 1, "[124]静谧哈桑(Assassin)★3": 5, "[42]匕见(Assassin)★3": 3, "[117]风魔小太郎(Assassin)★3": 3, "[49]虎狼(Berserker)★3": 1, "[55]大流士三世(Berserker)★3": 1, "[56]清姬(Berserker)★3": 3, "[1]玛修·基列莱特(Shielder)★3": 1, "[352]徐福(Alterego)★3": 2}
礼装: {"[21]钢之锻炼★4": 1, "[34]万华镜★5": 1, "[40]宇宙棱镜★5": 2, "[73]死灵魔术★4": 1, "[74]觉醒的意志★4": 1, "[89]柳洞寺★3": 1, "[91]爱之灵药★3": 1, "[93]阿兰若★3": 1, "[98]千年黄金树★4": 1, "[182]毒蛇一艺★4": 1, "[183]死之艺术★4": 1, "[244]四枝之浅滩★3": 3, "[333]许德拉匕首★3": 1, "[246]特辣麻婆豆腐★3": 1, "[331]佛拉格拉克★3": 1, "[332]天之逆月★3": 2, "[401]私室警备员★4": 2, "[420]谜之面具群★3": 1, "[580]瓦砾的圣堂★3": 1, "[674]神造兵器★3": 2, "[691]噬魂★3": 1, "[774]最后的叙述者★4": 1, "[813]阿特拉斯的婴儿★5": 1, "[815]樱的特制便当★3": 1, "[913]远方的前路★4": 1, "[1016]狂舞曲★4": 1, "[1270]庆祝回忆★5": 6, "[1271]头脑风暴★4": 1, "[1272]散状花★3": 20, "[1413]虚数属性★4": 2, "[1415]匮乏之人★3": 1, "[1512]庭园的守护者★4": 1, "[1513]穗群原学园学生会长★3": 3, "[1607]投影装填★4": 1, "[1610]枯れない花★3": 4}

编号[5308f94e90eabebeb0fde2d5ce8e4b36]
等级: 1
圣晶石: 117
圣晶片: 3
呼符: 0
金/银/铜/青苹果: 44/0/0/0
登陆天数: 1天 / 108天
从者: {"[7]盖乌斯·尤利乌斯·恺撒(Saber)★3": 1, "[72]弗格斯·马克·罗伊(Saber)★3": 1, "[9]吉尔·德·雷(Saber)★3": 2, "[11]卫宫(Archer)★4": 2, "[63]大卫(Archer)★3": 1, "[105]比利小子(Archer)★3": 1, "[15]尤瑞艾莉(Archer)★3": 1, "[125]俵藤太(Archer)★3": 1, "[95]幼吉尔(Archer)★3": 2, "[246]威廉·退尔(Archer)★3": 2, "[17]库·丘林(Lancer)★3": 3, "[71]迪尔姆德·奥迪那(Lancer)★3": 3, "[20]库·丘林〔Prototype〕(Lancer)★3": 2, "[22]罗穆路斯(Lancer)★3": 1, "[186]宝藏院胤舜(Lancer)★3": 1, "[64]赫克托耳(Lancer)★3": 3, "[23]歌果(Rider)★3": 3, "[26]布狄卡(Rider)★3": 1, "[27]牛若丸(Rider)★3": 1, "[28]亚历山大(Rider)★3": 2, "[273]曼迪卡尔多(Rider)★3": 2, "[332]多布雷尼亚·尼基季奇(Rider)★4": 1, "[31]美狄亚(Caster)★3": 3, "[79]冯·霍恩海姆·帕拉塞尔苏斯(Caster)★3": 2, "[80]查尔斯·巴贝奇(Caster)★3": 1, "[35]梅菲斯托费勒斯(Caster)★3": 1, "[203]阿维斯布隆(Caster)★3": 1, "[284]阿尔托莉雅·卡斯特(Caster)★5": 1, "[110]百貌哈桑(Assassin)★3": 1, "[81]亨利·杰基尔＆海德(Assassin)★3": 2, "[124]静谧哈桑(Assassin)★3": 3, "[41]斯忒诺(Assassin)★4": 1, "[42]匕见(Assassin)★3": 2, "[117]风魔小太郎(Assassin)★3": 1, "[49]虎狼(Berserker)★3": 3, "[55]大流士三世(Berserker)★3": 2, "[56]清姬(Berserker)★3": 2, "[1]玛修·基列莱特(Shielder)★3": 1, "[352]徐福(Alterego)★3": 2}
礼装: {"[21]钢之锻炼★4": 1, "[22]原始咒术★4": 1, "[75]五百年的执着★5": 1, "[89]柳洞寺★3": 3, "[98]千年黄金树★4": 1, "[176]记录保持者★4": 1, "[244]四枝之浅滩★3": 2, "[246]特辣麻婆豆腐★3": 1, "[265]卡姆兰之战★3": 1, "[332]天之逆月★3": 5, "[419]返老还童的灵药★3": 1, "[420]谜之面具群★3": 4, "[581]手无寸铁慎二君★3": 2, "[582]阿特拉斯院★3": 3, "[585]幻想种★3": 1, "[814]清扫者★4": 1, "[815]樱的特制便当★3": 2, "[1208]韵律诗节★4": 1, "[1270]庆祝回忆★5": 5, "[1272]散状花★3": 13, "[1415]匮乏之人★3": 2, "[1458]魔道元帅★5": 1, "[1512]庭园的守护者★4": 1, "[1513]穗群原学园学生会长★3": 3, "[1577]告解の惑い場★4": 2, "[1610]枯れない花★3": 1}

编号[de503426809a4d1b58acd848f76cf1a4]
等级: 1
圣晶石: 0
圣晶片: 3
呼符: 0
金/银/铜/青苹果: 44/0/0/0
登陆天数: 1天 / 108天
从者: {"[7]盖乌斯·尤利乌斯·恺撒(Saber)★3": 3, "[72]弗格斯·马克·罗伊(Saber)★3": 1, "[9]吉尔·德·雷(Saber)★3": 1, "[344]ローラン(Saber)★4": 1, "[63]大卫(Archer)★3": 3, "[15]尤瑞艾莉(Archer)★3": 3, "[125]俵藤太(Archer)★3": 3, "[246]威廉·退尔(Archer)★3": 2, "[17]库·丘林(Lancer)★3": 2, "[71]迪尔姆德·奥迪那(Lancer)★3": 3, "[20]库·丘林〔Prototype〕(Lancer)★3": 1, "[22]罗穆路斯(Lancer)★3": 1, "[87]芬恩·麦克库尔(Lancer)★4": 1, "[186]宝藏院胤舜(Lancer)★3": 1, "[64]赫克托耳(Lancer)★3": 3, "[313]珀西瓦尔(Lancer)★4": 1, "[23]歌果(Rider)★3": 1, "[26]布狄卡(Rider)★3": 2, "[28]亚历山大(Rider)★3": 2, "[273]曼迪卡尔多(Rider)★3": 2, "[31]美狄亚(Caster)★3": 1, "[79]冯·霍恩海姆·帕拉塞尔苏斯(Caster)★3": 1, "[80]查尔斯·巴贝奇(Caster)★3": 2, "[35]梅菲斯托费勒斯(Caster)★3": 1, "[104]杰罗尼莫(Caster)★3": 1, "[192]喀耳刻(Caster)★4": 2, "[203]阿维斯布隆(Caster)★3": 3, "[348]張角(Caster)★3": 2, "[110]百貌哈桑(Assassin)★3": 1, "[81]亨利·杰基尔＆海德(Assassin)★3": 2, "[42]匕见(Assassin)★3": 3, "[109]卫宫〔Assassin〕(Assassin)★4": 1, "[117]风魔小太郎(Assassin)★3": 2, "[49]虎狼(Berserker)★3": 1, "[82]弗兰肯斯坦(Berserker)★4": 1, "[55]大流士三世(Berserker)★3": 4, "[56]清姬(Berserker)★3": 2, "[1]玛修·基列莱特(Shielder)★3": 1, "[352]徐福(Alterego)★3": 1}
礼装: {"[26]宝石魔术·对影★4": 1, "[56]指令咏唱★4": 1, "[98]千年黄金树★4": 1, "[183]死之艺术★4": 1, "[186]情窦未开的千金★4": 1, "[243]Bronze-Link Manipulators★3": 1, "[244]四枝之浅滩★3": 1, "[333]许德拉匕首★3": 1, "[247]宝石剑泽尔里奇★3": 2, "[264]援护射击★4": 1, "[331]佛拉格拉克★3": 1, "[418]固有结界★3": 4, "[420]谜之面具群★3": 4, "[580]瓦砾的圣堂★3": 2, "[581]手无寸铁慎二君★3": 1, "[674]神造兵器★3": 1, "[691]噬魂★3": 1, "[815]樱的特制便当★3": 2, "[913]远方的前路★4": 1, "[1208]韵律诗节★4": 1, "[1270]庆祝回忆★5": 5, "[1271]头脑风暴★4": 2, "[1272]散状花★3": 17, "[1316]王者的气质★4": 3, "[1411]重责者孤寂于此★5": 1, "[1412]宝石的魔弹★4": 1, "[1414]愿望之容器★4": 1, "[1415]匮乏之人★3": 3, "[1485]冬之结晶★4": 1, "[1513]穗群原学园学生会长★3": 2, "[1576]華の楽土★4": 1, "[1577]告解の惑い場★4": 1, "[1610]枯れない花★3": 3}

编号[22d709e56cce50604b26cdceb9f77234]
等级: 1
圣晶石: 225
圣晶片: 3
呼符: 50
金/银/铜/青苹果: 43/0/0/0
登陆天数: 1天 / 107天
从者: {"[7]盖乌斯·尤利乌斯·恺撒(Saber)★3": 2, "[72]弗格斯·马克·罗伊(Saber)★3": 1, "[9]吉尔·德·雷(Saber)★3": 1, "[298]渡边纲(Saber)★4": 1, "[13]罗宾汉(Archer)★3": 1, "[63]大卫(Archer)★3": 2, "[95]幼吉尔(Archer)★3": 2, "[325]芝诺比阿(Archer)★4": 1, "[20]库·丘林〔Prototype〕(Lancer)★3": 1, "[22]罗穆路斯(Lancer)★3": 1, "[64]赫克托耳(Lancer)★3": 1, "[28]亚历山大(Rider)★3": 1, "[80]查尔斯·巴贝奇(Caster)★3": 2, "[203]阿维斯布隆(Caster)★3": 1, "[284]阿尔托莉雅·卡斯特(Caster)★5": 1, "[81]亨利·杰基尔＆海德(Assassin)★3": 2, "[124]静谧哈桑(Assassin)★3": 1, "[42]匕见(Assassin)★3": 1, "[117]风魔小太郎(Assassin)★3": 1, "[1]玛修·基列莱特(Shielder)★3": 1}
礼装: {"[22]原始咒术★4": 1, "[91]爱之灵药★3": 2, "[244]四枝之浅滩★3": 1, "[247]宝石剑泽尔里奇★3": 1, "[418]固有结界★3": 1, "[580]瓦砾的圣堂★3": 1, "[1270]庆祝回忆★5": 1, "[1272]散状花★3": 2, "[1412]宝石的魔弹★4": 1, "[1606]五大元素使い★5": 1}

编号[fabbe754360052a316a4a3e92bc6a3e1]
等级: 1
圣晶石: 48
圣晶片: 3
呼符: 53
金/银/铜/青苹果: 44/0/0/0
登陆天数: 1天 / 108天
从者: {"[7]盖乌斯·尤利乌斯·恺撒(Saber)★3": 1, "[72]弗格斯·马克·罗伊(Saber)★3": 1, "[9]吉尔·德·雷(Saber)★3": 1, "[63]大卫(Archer)★3": 1, "[105]比利小子(Archer)★3": 1, "[15]尤瑞艾莉(Archer)★3": 1, "[125]俵藤太(Archer)★3": 1, "[95]幼吉尔(Archer)★3": 1, "[246]威廉·退尔(Archer)★3": 1, "[17]库·丘林(Lancer)★3": 1, "[71]迪尔姆德·奥迪那(Lancer)★3": 1, "[20]库·丘林〔Prototype〕(Lancer)★3": 1, "[22]罗穆路斯(Lancer)★3": 1, "[64]赫克托耳(Lancer)★3": 1, "[26]布狄卡(Rider)★3": 1, "[27]牛若丸(Rider)★3": 1, "[28]亚历山大(Rider)★3": 1, "[31]美狄亚(Caster)★3": 1, "[79]冯·霍恩海姆·帕拉塞尔苏斯(Caster)★3": 1, "[80]查尔斯·巴贝奇(Caster)★3": 1, "[35]梅菲斯托费勒斯(Caster)★3": 1, "[284]阿尔托莉雅·卡斯特(Caster)★5": 1, "[348]張角(Caster)★3": 1, "[110]百貌哈桑(Assassin)★3": 1, "[81]亨利·杰基尔＆海德(Assassin)★3": 1, "[42]匕见(Assassin)★3": 1, "[117]风魔小太郎(Assassin)★3": 1, "[159]燕青(Assassin)★4": 1, "[49]虎狼(Berserker)★3": 3, "[55]大流士三世(Berserker)★3": 1, "[56]清姬(Berserker)★3": 1, "[1]玛修·基列莱特(Shielder)★3": 1}
礼装: {"[37]芦苇海★3": 1, "[56]指令咏唱★4": 1, "[420]谜之面具群★3": 1, "[774]最后的叙述者★4": 1, "[912]火炎伯爵★5": 1, "[1270]庆祝回忆★5": 2, "[1271]头脑风暴★4": 3, "[1272]散状花★3": 10, "[1316]王者的气质★4": 1, "[1413]虚数属性★4": 1, "[1415]匮乏之人★3": 1, "[1513]穗群原学园学生会长★3": 3, "[1607]投影装填★4": 1, "[1610]枯れない花★3": 2, "[1669]熾天の王★5": 1}

编号[1b3fe00b1a1571248875ab7a1f239842]
等级: 1
圣晶石: 207
圣晶片: 3
呼符: 51
金/银/铜/青苹果: 43/0/0/0
登陆天数: 1天 / 108天
从者: {"[9]吉尔·德·雷(Saber)★3": 3, "[11]卫宫(Archer)★4": 1, "[13]罗宾汉(Archer)★3": 1, "[63]大卫(Archer)★3": 1, "[71]迪尔姆德·奥迪那(Lancer)★3": 1, "[20]库·丘林〔Prototype〕(Lancer)★3": 1, "[22]罗穆路斯(Lancer)★3": 2, "[27]牛若丸(Rider)★3": 2, "[28]亚历山大(Rider)★3": 1, "[80]查尔斯·巴贝奇(Caster)★3": 2, "[284]阿尔托莉雅·卡斯特(Caster)★5": 1, "[348]張角(Caster)★3": 1, "[81]亨利·杰基尔＆海德(Assassin)★3": 1, "[124]静谧哈桑(Assassin)★3": 1, "[56]清姬(Berserker)★3": 2, "[58]玉藻猫(Berserker)★4": 1, "[1]玛修·基列莱特(Shielder)★3": 1}
礼装: {"[39]抹大拉的圣骸布★4": 1, "[91]爱之灵药★3": 2, "[98]千年黄金树★4": 1, "[333]许德拉匕首★3": 1, "[246]特辣麻婆豆腐★3": 2, "[401]私室警备员★4": 1, "[581]手无寸铁慎二君★3": 1, "[582]阿特拉斯院★3": 1, "[814]清扫者★4": 2, "[815]樱的特制便当★3": 2, "[1130]野心的嚆矢★4": 1, "[1270]庆祝回忆★5": 2, "[1512]庭园的守护者★4": 1, "[1607]投影装填★4": 1, "[1608]悲願の継承★4": 1}

