编号[2ab66d03ecefe59e3fc5419432882830]
等级: 1
圣晶石: 243
圣晶片: 3
呼符: 51
金/银/铜/青苹果: 43/0/0/0
登陆天数: 20天 / 99天
从者: {"[7]盖乌斯·尤利乌斯·恺撒(Saber)★3": 1, "[63]大卫(Archer)★3": 1, "[22]罗穆路斯(Lancer)★3": 1, "[27]牛若丸(Rider)★3": 1, "[28]亚历山大(Rider)★3": 1, "[80]查尔斯·巴贝奇(Caster)★3": 1, "[104]杰罗尼莫(Caster)★3": 1, "[203]阿维斯布隆(Caster)★3": 1, "[284]阿尔托莉雅·卡斯特(Caster)★5": 1, "[110]百貌哈桑(Assassin)★3": 1, "[47]赫拉克勒斯(Berserker)★4": 1, "[56]清姬(Berserker)★3": 1, "[1]玛修·基列莱特(Shielder)★3": 1}
礼装: {"[22]原始咒术★4": 1, "[93]阿兰若★3": 1, "[182]毒蛇一艺★4": 1, "[243]Bronze-Link Manipulators★3": 1, "[333]许德拉匕首★3": 1, "[265]卡姆兰之战★3": 1, "[332]天之逆月★3": 1, "[401]私室警备员★4": 1, "[1270]庆祝回忆★5": 1, "[1271]头脑风暴★4": 1, "[1272]散状花★3": 2, "[1513]穗群原学园学生会长★3": 1, "[1692]免許皆伝★4": 1}

编号[9f30c4c1409507f851959a2b0fd76eb4]
等级: 1
圣晶石: 147
圣晶片: 3
呼符: 51
金/银/铜/青苹果: 43/0/0/0
登陆天数: 20天 / 99天
从者: {"[165]铃鹿御前(Saber)★4": 1, "[245]拉克什米·芭伊(Saber)★4": 1, "[13]罗宾汉(Archer)★3": 1, "[95]幼吉尔(Archer)★3": 2, "[325]芝诺比阿(Archer)★4": 1, "[17]库·丘林(Lancer)★3": 1, "[18]伊丽莎白·巴托里(Lancer)★4": 1, "[20]库·丘林〔Prototype〕(Lancer)★3": 1, "[64]赫克托耳(Lancer)★3": 2, "[23]歌果(Rider)★3": 1, "[27]牛若丸(Rider)★3": 1, "[28]亚历山大(Rider)★3": 2, "[273]曼迪卡尔多(Rider)★3": 1, "[332]多布雷尼亚·尼基季奇(Rider)★4": 1, "[31]美狄亚(Caster)★3": 1, "[79]冯·霍恩海姆·帕拉塞尔苏斯(Caster)★3": 1, "[104]杰罗尼莫(Caster)★3": 1, "[192]喀耳刻(Caster)★4": 1, "[284]阿尔托莉雅·卡斯特(Caster)★5": 1, "[110]百貌哈桑(Assassin)★3": 2, "[81]亨利·杰基尔＆海德(Assassin)★3": 1, "[124]静谧哈桑(Assassin)★3": 1, "[117]风魔小太郎(Assassin)★3": 2, "[48]兰斯洛特(Berserker)★4": 1, "[55]大流士三世(Berserker)★3": 1, "[1]玛修·基列莱特(Shielder)★3": 1}
礼装: {"[74]觉醒的意志★4": 2, "[75]五百年的执着★5": 1, "[89]柳洞寺★3": 2, "[243]Bronze-Link Manipulators★3": 1, "[244]四枝之浅滩★3": 1, "[333]许德拉匕首★3": 4, "[247]宝石剑泽尔里奇★3": 1, "[264]援护射击★4": 1, "[331]佛拉格拉克★3": 1, "[418]固有结界★3": 2, "[419]返老还童的灵药★3": 3, "[582]阿特拉斯院★3": 1, "[674]神造兵器★3": 1, "[691]噬魂★3": 2, "[774]最后的叙述者★4": 1, "[1271]头脑风暴★4": 4, "[1272]散状花★3": 3, "[1415]匮乏之人★3": 1, "[1610]枯れない花★3": 2}

编号[36a422c2eac9ee7f6ec68ad7c90bddcd]
等级: 1
圣晶石: 120
圣晶片: 3
呼符: 51
金/银/铜/青苹果: 43/0/0/0
登陆天数: 20天 / 99天
从者: {"[7]盖乌斯·尤利乌斯·恺撒(Saber)★3": 1, "[9]吉尔·德·雷(Saber)★3": 1, "[11]卫宫(Archer)★4": 1, "[13]罗宾汉(Archer)★3": 2, "[105]比利小子(Archer)★3": 4, "[71]迪尔姆德·奥迪那(Lancer)★3": 1, "[22]罗穆路斯(Lancer)★3": 1, "[186]宝藏院胤舜(Lancer)★3": 2, "[146]美杜莎(Lancer)★4": 1, "[26]布狄卡(Rider)★3": 1, "[273]曼迪卡尔多(Rider)★3": 1, "[31]美狄亚(Caster)★3": 1, "[79]冯·霍恩海姆·帕拉塞尔苏斯(Caster)★3": 1, "[80]查尔斯·巴贝奇(Caster)★3": 1, "[145]吉尔伽美什(Caster)★4": 1, "[192]喀耳刻(Caster)★4": 1, "[284]阿尔托莉雅·卡斯特(Caster)★5": 1, "[348]張角(Caster)★3": 2, "[110]百貌哈桑(Assassin)★3": 1, "[124]静谧哈桑(Assassin)★3": 2, "[42]匕见(Assassin)★3": 2, "[49]虎狼(Berserker)★3": 2, "[55]大流士三世(Berserker)★3": 1, "[56]清姬(Berserker)★3": 1, "[1]玛修·基列莱特(Shielder)★3": 1}
礼装: {"[26]宝石魔术·对影★4": 1, "[37]芦苇海★3": 2, "[57]月之胜利者★5": 1, "[89]柳洞寺★3": 1, "[98]千年黄金树★4": 1, "[182]毒蛇一艺★4": 1, "[183]死之艺术★4": 1, "[186]情窦未开的千金★4": 2, "[243]Bronze-Link Manipulators★3": 2, "[333]许德拉匕首★3": 1, "[265]卡姆兰之战★3": 2, "[418]固有结界★3": 2, "[419]返老还童的灵药★3": 1, "[580]瓦砾的圣堂★3": 1, "[581]手无寸铁慎二君★3": 3, "[813]阿特拉斯的婴儿★5": 1, "[1016]狂舞曲★4": 1, "[1270]庆祝回忆★5": 4, "[1271]头脑风暴★4": 3, "[1272]散状花★3": 3, "[1413]虚数属性★4": 1, "[1415]匮乏之人★3": 2, "[1513]穗群原学园学生会长★3": 1, "[1576]華の楽土★4": 1, "[1607]投影装填★4": 1}

编号[97989a0ea9aa41c2ed6f48f97b24ec1a]
等级: 1
圣晶石: 48
圣晶片: 3
呼符: 49
金/银/铜/青苹果: 44/0/0/0
登陆天数: 20天 / 99天
从者: {"[7]盖乌斯·尤利乌斯·恺撒(Saber)★3": 1, "[72]弗格斯·马克·罗伊(Saber)★3": 1, "[9]吉尔·德·雷(Saber)★3": 2, "[245]拉克什米·芭伊(Saber)★4": 1, "[13]罗宾汉(Archer)★3": 1, "[63]大卫(Archer)★3": 1, "[105]比利小子(Archer)★3": 1, "[15]尤瑞艾莉(Archer)★3": 1, "[125]俵藤太(Archer)★3": 1, "[95]幼吉尔(Archer)★3": 1, "[207]喀戎(Archer)★4": 1, "[246]威廉·退尔(Archer)★3": 1, "[17]库·丘林(Lancer)★3": 1, "[71]迪尔姆德·奥迪那(Lancer)★3": 1, "[20]库·丘林〔Prototype〕(Lancer)★3": 1, "[186]宝藏院胤舜(Lancer)★3": 1, "[64]赫克托耳(Lancer)★3": 1, "[23]歌果(Rider)★3": 1, "[26]布狄卡(Rider)★3": 1, "[27]牛若丸(Rider)★3": 1, "[28]亚历山大(Rider)★3": 1, "[273]曼迪卡尔多(Rider)★3": 1, "[31]美狄亚(Caster)★3": 1, "[79]冯·霍恩海姆·帕拉塞尔苏斯(Caster)★3": 1, "[35]梅菲斯托费勒斯(Caster)★3": 1, "[104]杰罗尼莫(Caster)★3": 1, "[203]阿维斯布隆(Caster)★3": 2, "[284]阿尔托莉雅·卡斯特(Caster)★5": 1, "[348]張角(Caster)★3": 1, "[110]百貌哈桑(Assassin)★3": 1, "[81]亨利·杰基尔＆海德(Assassin)★3": 1, "[124]静谧哈桑(Assassin)★3": 1, "[42]匕见(Assassin)★3": 1, "[117]风魔小太郎(Assassin)★3": 1, "[49]虎狼(Berserker)★3": 1, "[89]贝奥武夫(Berserker)★4": 1, "[55]大流士三世(Berserker)★3": 1, "[56]清姬(Berserker)★3": 1, "[1]玛修·基列莱特(Shielder)★3": 1}
礼装: {"[98]千年黄金树★4": 1, "[186]情窦未开的千金★4": 1, "[420]谜之面具群★3": 1, "[582]阿特拉斯院★3": 1, "[774]最后的叙述者★4": 1, "[1270]庆祝回忆★5": 2, "[1271]头脑风暴★4": 2, "[1272]散状花★3": 10, "[1315]恋之诅咒★5": 1, "[1412]宝石的魔弹★4": 2, "[1413]虚数属性★4": 1, "[1415]匮乏之人★3": 1, "[1485]冬之结晶★4": 3, "[1512]庭园的守护者★4": 1, "[1576]華の楽土★4": 1, "[1577]告解の惑い場★4": 1, "[1670]狩人の夢★4": 1, "[1691]逆堕つ泥雨★5": 1, "[1692]免許皆伝★4": 1}

编号[61b42d8c431871b7a5b89ecf22ce4b2f]
等级: 1
圣晶石: 0
圣晶片: 3
呼符: 0
金/银/铜/青苹果: 44/0/0/0
登陆天数: 20天 / 98天
从者: {"[7]盖乌斯·尤利乌斯·恺撒(Saber)★3": 2, "[72]弗格斯·马克·罗伊(Saber)★3": 1, "[9]吉尔·德·雷(Saber)★3": 1, "[11]卫宫(Archer)★4": 1, "[13]罗宾汉(Archer)★3": 1, "[63]大卫(Archer)★3": 1, "[105]比利小子(Archer)★3": 1, "[15]尤瑞艾莉(Archer)★3": 1, "[125]俵藤太(Archer)★3": 1, "[71]迪尔姆德·奥迪那(Lancer)★3": 2, "[20]库·丘林〔Prototype〕(Lancer)★3": 2, "[87]芬恩·麦克库尔(Lancer)★4": 1, "[186]宝藏院胤舜(Lancer)★3": 4, "[64]赫克托耳(Lancer)★3": 5, "[23]歌果(Rider)★3": 3, "[26]布狄卡(Rider)★3": 1, "[27]牛若丸(Rider)★3": 3, "[28]亚历山大(Rider)★3": 1, "[273]曼迪卡尔多(Rider)★3": 1, "[332]多布雷尼亚·尼基季奇(Rider)★4": 1, "[31]美狄亚(Caster)★3": 2, "[79]冯·霍恩海姆·帕拉塞尔苏斯(Caster)★3": 1, "[80]查尔斯·巴贝奇(Caster)★3": 2, "[35]梅菲斯托费勒斯(Caster)★3": 1, "[104]杰罗尼莫(Caster)★3": 2, "[192]喀耳刻(Caster)★4": 1, "[203]阿维斯布隆(Caster)★3": 1, "[348]張角(Caster)★3": 1, "[110]百貌哈桑(Assassin)★3": 3, "[81]亨利·杰基尔＆海德(Assassin)★3": 2, "[124]静谧哈桑(Assassin)★3": 3, "[41]斯忒诺(Assassin)★4": 1, "[42]匕见(Assassin)★3": 1, "[117]风魔小太郎(Assassin)★3": 1, "[49]虎狼(Berserker)★3": 4, "[55]大流士三世(Berserker)★3": 1, "[56]清姬(Berserker)★3": 1, "[171]彭忒西勒亚(Berserker)★4": 1, "[1]玛修·基列莱特(Shielder)★3": 1, "[352]徐福(Alterego)★3": 2}
礼装: {"[21]钢之锻炼★4": 1, "[26]宝石魔术·对影★4": 1, "[56]指令咏唱★4": 2, "[67]2030年的碎片★5": 1, "[89]柳洞寺★3": 1, "[188]觉醒之前★5": 1, "[243]Bronze-Link Manipulators★3": 1, "[244]四枝之浅滩★3": 3, "[333]许德拉匕首★3": 1, "[331]佛拉格拉克★3": 2, "[400]天堂之孔★5": 1, "[418]固有结界★3": 2, "[420]谜之面具群★3": 5, "[580]瓦砾的圣堂★3": 1, "[581]手无寸铁慎二君★3": 2, "[585]幻想种★3": 1, "[674]神造兵器★3": 1, "[691]噬魂★3": 1, "[913]远方的前路★4": 1, "[1270]庆祝回忆★5": 4, "[1271]头脑风暴★4": 6, "[1272]散状花★3": 19, "[1415]匮乏之人★3": 4, "[1485]冬之结晶★4": 1, "[1512]庭园的守护者★4": 1, "[1513]穗群原学园学生会长★3": 3, "[1608]悲願の継承★4": 2, "[1610]枯れない花★3": 1, "[1670]狩人の夢★4": 1, "[1692]免許皆伝★4": 2}

编号[cb0459231965c1e33cb4a100fbc31d4a]
等级: 1
圣晶石: 171
圣晶片: 3
呼符: 0
金/银/铜/青苹果: 44/0/0/0
登陆天数: 20天 / 98天
从者: {"[7]盖乌斯·尤利乌斯·恺撒(Saber)★3": 2, "[72]弗格斯·马克·罗伊(Saber)★3": 2, "[9]吉尔·德·雷(Saber)★3": 2, "[298]渡边纲(Saber)★4": 1, "[105]比利小子(Archer)★3": 2, "[125]俵藤太(Archer)★3": 1, "[207]喀戎(Archer)★4": 1, "[71]迪尔姆德·奥迪那(Lancer)★3": 2, "[140]弗拉德三世〔EXTRA〕(Lancer)★4": 1, "[20]库·丘林〔Prototype〕(Lancer)★3": 2, "[22]罗穆路斯(Lancer)★3": 3, "[186]宝藏院胤舜(Lancer)★3": 1, "[26]布狄卡(Rider)★3": 1, "[27]牛若丸(Rider)★3": 4, "[28]亚历山大(Rider)★3": 3, "[31]美狄亚(Caster)★3": 1, "[79]冯·霍恩海姆·帕拉塞尔苏斯(Caster)★3": 1, "[80]查尔斯·巴贝奇(Caster)★3": 2, "[35]梅菲斯托费勒斯(Caster)★3": 1, "[104]杰罗尼莫(Caster)★3": 2, "[192]喀耳刻(Caster)★4": 1, "[203]阿维斯布隆(Caster)★3": 1, "[284]阿尔托莉雅·卡斯特(Caster)★5": 1, "[110]百貌哈桑(Assassin)★3": 2, "[81]亨利·杰基尔＆海德(Assassin)★3": 2, "[124]静谧哈桑(Assassin)★3": 2, "[42]匕见(Assassin)★3": 2, "[117]风魔小太郎(Assassin)★3": 1, "[49]虎狼(Berserker)★3": 1, "[55]大流士三世(Berserker)★3": 1, "[1]玛修·基列莱特(Shielder)★3": 1, "[352]徐福(Alterego)★3": 1}
礼装: {"[21]钢之锻炼★4": 1, "[26]宝石魔术·对影★4": 2, "[32]虚数环★5": 1, "[37]芦苇海★3": 1, "[39]抹大拉的圣骸布★4": 1, "[89]柳洞寺★3": 1, "[91]爱之灵药★3": 1, "[243]Bronze-Link Manipulators★3": 2, "[244]四枝之浅滩★3": 2, "[246]特辣麻婆豆腐★3": 4, "[331]佛拉格拉克★3": 2, "[332]天之逆月★3": 2, "[418]固有结界★3": 2, "[419]返老还童的灵药★3": 3, "[420]谜之面具群★3": 4, "[580]瓦砾的圣堂★3": 2, "[581]手无寸铁慎二君★3": 1, "[582]阿特拉斯院★3": 3, "[585]幻想种★3": 1, "[674]神造兵器★3": 3, "[691]噬魂★3": 2, "[815]樱的特制便当★3": 2, "[913]远方的前路★4": 1, "[1208]韵律诗节★4": 2, "[1270]庆祝回忆★5": 4, "[1271]头脑风暴★4": 4, "[1272]散状花★3": 9, "[1316]王者的气质★4": 1, "[1413]虚数属性★4": 1, "[1414]愿望之容器★4": 1, "[1415]匮乏之人★3": 1, "[1485]冬之结晶★4": 1, "[1512]庭园的守护者★4": 1, "[1513]穗群原学园学生会长★3": 1, "[1576]華の楽土★4": 1, "[1610]枯れない花★3": 4}

编号[55b31b5542a28d9fe6c692dca60eb7a3]
等级: 1
圣晶石: 261
圣晶片: 3
呼符: 51
金/银/铜/青苹果: 43/0/0/0
登陆天数: 20天 / 99天
从者: {"[7]盖乌斯·尤利乌斯·恺撒(Saber)★3": 1, "[63]大卫(Archer)★3": 1, "[71]迪尔姆德·奥迪那(Lancer)★3": 1, "[186]宝藏院胤舜(Lancer)★3": 1, "[214]瓦尔基里(Lancer)★4": 1, "[26]布狄卡(Rider)★3": 1, "[28]亚历山大(Rider)★3": 2, "[332]多布雷尼亚·尼基季奇(Rider)★4": 1, "[35]梅菲斯托费勒斯(Caster)★3": 1, "[284]阿尔托莉雅·卡斯特(Caster)★5": 1, "[124]静谧哈桑(Assassin)★3": 1, "[41]斯忒诺(Assassin)★4": 1, "[55]大流士三世(Berserker)★3": 1, "[1]玛修·基列莱特(Shielder)★3": 1}
礼装: {"[28]虚数魔术★4": 1, "[243]Bronze-Link Manipulators★3": 1, "[244]四枝之浅滩★3": 1, "[815]樱的特制便当★3": 1, "[1272]散状花★3": 2, "[1513]穗群原学园学生会长★3": 1, "[1607]投影装填★4": 1}

编号[ff518d7763e3e730677c57d7cc99539f]
等级: 1
圣晶石: 138
圣晶片: 3
呼符: 51
金/银/铜/青苹果: 43/0/0/0
登陆天数: 20天 / 99天
从者: {"[9]吉尔·德·雷(Saber)★3": 1, "[13]罗宾汉(Archer)★3": 3, "[63]大卫(Archer)★3": 2, "[15]尤瑞艾莉(Archer)★3": 2, "[325]芝诺比阿(Archer)★4": 1, "[71]迪尔姆德·奥迪那(Lancer)★3": 1, "[18]伊丽莎白·巴托里(Lancer)★4": 1, "[22]罗穆路斯(Lancer)★3": 1, "[183]帕尔瓦蒂(Lancer)★4": 1, "[214]瓦尔基里(Lancer)★4": 1, "[23]歌果(Rider)★3": 3, "[26]布狄卡(Rider)★3": 1, "[79]冯·霍恩海姆·帕拉塞尔苏斯(Caster)★3": 1, "[80]查尔斯·巴贝奇(Caster)★3": 1, "[104]杰罗尼莫(Caster)★3": 1, "[192]喀耳刻(Caster)★4": 1, "[203]阿维斯布隆(Caster)★3": 2, "[284]阿尔托莉雅·卡斯特(Caster)★5": 1, "[348]張角(Caster)★3": 1, "[110]百貌哈桑(Assassin)★3": 1, "[124]静谧哈桑(Assassin)★3": 1, "[185]望月千代女(Assassin)★4": 1, "[56]清姬(Berserker)★3": 1, "[1]玛修·基列莱特(Shielder)★3": 1}
礼装: {"[28]虚数魔术★4": 1, "[89]柳洞寺★3": 2, "[244]四枝之浅滩★3": 1, "[246]特辣麻婆豆腐★3": 2, "[264]援护射击★4": 1, "[265]卡姆兰之战★3": 1, "[331]佛拉格拉克★3": 1, "[401]私室警备员★4": 1, "[418]固有结界★3": 1, "[580]瓦砾的圣堂★3": 2, "[582]阿特拉斯院★3": 1, "[585]幻想种★3": 2, "[674]神造兵器★3": 1, "[691]噬魂★3": 2, "[1270]庆祝回忆★5": 2, "[1271]头脑风暴★4": 3, "[1272]散状花★3": 7, "[1413]虚数属性★4": 1, "[1415]匮乏之人★3": 1, "[1513]穗群原学园学生会长★3": 1, "[1610]枯れない花★3": 1}

编号[6266d5ef274237bba3c0a95c314dd140]
等级: 1
圣晶石: 0
圣晶片: 3
呼符: 0
金/银/铜/青苹果: 44/0/0/0
登陆天数: 20天 / 99天
从者: {"[7]盖乌斯·尤利乌斯·恺撒(Saber)★3": 2, "[72]弗格斯·马克·罗伊(Saber)★3": 1, "[9]吉尔·德·雷(Saber)★3": 1, "[298]渡边纲(Saber)★4": 1, "[13]罗宾汉(Archer)★3": 3, "[63]大卫(Archer)★3": 2, "[105]比利小子(Archer)★3": 3, "[125]俵藤太(Archer)★3": 1, "[95]幼吉尔(Archer)★3": 1, "[325]芝诺比阿(Archer)★4": 1, "[17]库·丘林(Lancer)★3": 1, "[20]库·丘林〔Prototype〕(Lancer)★3": 1, "[22]罗穆路斯(Lancer)★3": 2, "[186]宝藏院胤舜(Lancer)★3": 2, "[64]赫克托耳(Lancer)★3": 1, "[26]布狄卡(Rider)★3": 1, "[27]牛若丸(Rider)★3": 3, "[28]亚历山大(Rider)★3": 1, "[273]曼迪卡尔多(Rider)★3": 1, "[31]美狄亚(Caster)★3": 1, "[79]冯·霍恩海姆·帕拉塞尔苏斯(Caster)★3": 1, "[80]查尔斯·巴贝奇(Caster)★3": 1, "[35]梅菲斯托费勒斯(Caster)★3": 2, "[104]杰罗尼莫(Caster)★3": 2, "[145]吉尔伽美什(Caster)★4": 1, "[203]阿维斯布隆(Caster)★3": 3, "[110]百貌哈桑(Assassin)★3": 1, "[81]亨利·杰基尔＆海德(Assassin)★3": 2, "[124]静谧哈桑(Assassin)★3": 2, "[42]匕见(Assassin)★3": 1, "[117]风魔小太郎(Assassin)★3": 1, "[159]燕青(Assassin)★4": 1, "[49]虎狼(Berserker)★3": 1, "[55]大流士三世(Berserker)★3": 1, "[56]清姬(Berserker)★3": 1, "[1]玛修·基列莱特(Shielder)★3": 1, "[352]徐福(Alterego)★3": 2, "[158]黑森·罗伯(Avenger)★4": 1}
礼装: {"[56]指令咏唱★4": 1, "[91]爱之灵药★3": 2, "[98]千年黄金树★4": 2, "[176]记录保持者★4": 1, "[182]毒蛇一艺★4": 1, "[333]许德拉匕首★3": 2, "[247]宝石剑泽尔里奇★3": 1, "[265]卡姆兰之战★3": 4, "[331]佛拉格拉克★3": 2, "[418]固有结界★3": 3, "[420]谜之面具群★3": 3, "[581]手无寸铁慎二君★3": 2, "[582]阿特拉斯院★3": 1, "[585]幻想种★3": 4, "[674]神造兵器★3": 1, "[774]最后的叙述者★4": 1, "[815]樱的特制便当★3": 1, "[913]远方的前路★4": 2, "[1015]黄昏的王圣★5": 1, "[1208]韵律诗节★4": 1, "[1270]庆祝回忆★5": 2, "[1271]头脑风暴★4": 15, "[1272]散状花★3": 9, "[1316]王者的气质★4": 2, "[1413]虚数属性★4": 2, "[1414]愿望之容器★4": 1, "[1415]匮乏之人★3": 5, "[1513]穗群原学园学生会长★3": 1, "[1577]告解の惑い場★4": 1, "[1607]投影装填★4": 1, "[1608]悲願の継承★4": 2, "[1609]代償魔術★4": 1, "[1610]枯れない花★3": 7, "[1670]狩人の夢★4": 2}

编号[07ffe776fc4ff94f269e71920fcf9ad6]
等级: 1
圣晶石: 42
圣晶片: 3
呼符: 40
金/银/铜/青苹果: 44/0/0/0
登陆天数: 20天 / 98天
从者: {"[72]弗格斯·马克·罗伊(Saber)★3": 1, "[227]兰陵王(Saber)★4": 1, "[13]罗宾汉(Archer)★3": 1, "[63]大卫(Archer)★3": 1, "[95]幼吉尔(Archer)★3": 1, "[246]威廉·退尔(Archer)★3": 2, "[17]库·丘林(Lancer)★3": 1, "[20]库·丘林〔Prototype〕(Lancer)★3": 1, "[22]罗穆路斯(Lancer)★3": 1, "[64]赫克托耳(Lancer)★3": 2, "[23]歌果(Rider)★3": 2, "[94]阿斯托尔福(Rider)★4": 1, "[27]牛若丸(Rider)★3": 1, "[28]亚历山大(Rider)★3": 1, "[366]黄飛虎(Rider)★4": 1, "[31]美狄亚(Caster)★3": 1, "[79]冯·霍恩海姆·帕拉塞尔苏斯(Caster)★3": 1, "[80]查尔斯·巴贝奇(Caster)★3": 1, "[104]杰罗尼莫(Caster)★3": 1, "[203]阿维斯布隆(Caster)★3": 1, "[284]阿尔托莉雅·卡斯特(Caster)★5": 1, "[348]張角(Caster)★3": 2, "[110]百貌哈桑(Assassin)★3": 1, "[81]亨利·杰基尔＆海德(Assassin)★3": 1, "[124]静谧哈桑(Assassin)★3": 1, "[47]赫拉克勒斯(Berserker)★4": 1, "[49]虎狼(Berserker)★3": 2, "[56]清姬(Berserker)★3": 1, "[171]彭忒西勒亚(Berserker)★4": 1, "[1]玛修·基列莱特(Shielder)★3": 1, "[352]徐福(Alterego)★3": 1}
礼装: {"[39]抹大拉的圣骸布★4": 1, "[265]卡姆兰之战★3": 2, "[331]佛拉格拉克★3": 2, "[332]天之逆月★3": 1, "[401]私室警备员★4": 2, "[420]谜之面具群★3": 2, "[691]噬魂★3": 1, "[913]远方的前路★4": 1, "[1129]祈祷救济之人★5": 1, "[1270]庆祝回忆★5": 1, "[1271]头脑风暴★4": 7, "[1272]散状花★3": 12, "[1415]匮乏之人★3": 3, "[1485]冬之结晶★4": 1, "[1513]穗群原学园学生会长★3": 1, "[1610]枯れない花★3": 3, "[1692]免許皆伝★4": 2}

编号[3c8f5c2d40aac20aa615bce8e9172cce]
等级: 1
圣晶石: 0
圣晶片: 3
呼符: 0
金/银/铜/青苹果: 44/0/0/0
登陆天数: 20天 / 98天
从者: {"[7]盖乌斯·尤利乌斯·恺撒(Saber)★3": 1, "[72]弗格斯·马克·罗伊(Saber)★3": 2, "[9]吉尔·德·雷(Saber)★3": 2, "[245]拉克什米·芭伊(Saber)★4": 1, "[11]卫宫(Archer)★4": 3, "[13]罗宾汉(Archer)★3": 1, "[63]大卫(Archer)★3": 2, "[105]比利小子(Archer)★3": 1, "[15]尤瑞艾莉(Archer)★3": 2, "[125]俵藤太(Archer)★3": 1, "[95]幼吉尔(Archer)★3": 1, "[246]威廉·退尔(Archer)★3": 3, "[17]库·丘林(Lancer)★3": 1, "[71]迪尔姆德·奥迪那(Lancer)★3": 4, "[20]库·丘林〔Prototype〕(Lancer)★3": 1, "[22]罗穆路斯(Lancer)★3": 2, "[186]宝藏院胤舜(Lancer)★3": 3, "[64]赫克托耳(Lancer)★3": 2, "[23]歌果(Rider)★3": 2, "[27]牛若丸(Rider)★3": 2, "[273]曼迪卡尔多(Rider)★3": 3, "[332]多布雷尼亚·尼基季奇(Rider)★4": 1, "[31]美狄亚(Caster)★3": 2, "[79]冯·霍恩海姆·帕拉塞尔苏斯(Caster)★3": 2, "[80]查尔斯·巴贝奇(Caster)★3": 3, "[35]梅菲斯托费勒斯(Caster)★3": 1, "[104]杰罗尼莫(Caster)★3": 1, "[100]海伦娜·布拉瓦茨基(Caster)★4": 1, "[203]阿维斯布隆(Caster)★3": 2, "[348]張角(Caster)★3": 3, "[110]百貌哈桑(Assassin)★3": 1, "[81]亨利·杰基尔＆海德(Assassin)★3": 1, "[124]静谧哈桑(Assassin)★3": 1, "[41]斯忒诺(Assassin)★4": 1, "[109]卫宫〔Assassin〕(Assassin)★4": 1, "[117]风魔小太郎(Assassin)★3": 1, "[185]望月千代女(Assassin)★4": 1, "[49]虎狼(Berserker)★3": 3, "[1]玛修·基列莱特(Shielder)★3": 1}
礼装: {"[73]死灵魔术★4": 1, "[74]觉醒的意志★4": 1, "[244]四枝之浅滩★3": 1, "[333]许德拉匕首★3": 1, "[263]起源弹★5": 1, "[331]佛拉格拉克★3": 1, "[401]私室警备员★4": 1, "[419]返老还童的灵药★3": 3, "[420]谜之面具群★3": 4, "[580]瓦砾的圣堂★3": 3, "[691]噬魂★3": 1, "[774]最后的叙述者★4": 2, "[815]樱的特制便当★3": 2, "[913]远方的前路★4": 1, "[1016]狂舞曲★4": 2, "[1270]庆祝回忆★5": 2, "[1271]头脑风暴★4": 6, "[1272]散状花★3": 17, "[1316]王者的气质★4": 1, "[1412]宝石的魔弹★4": 1, "[1413]虚数属性★4": 1, "[1414]愿望之容器★4": 1, "[1415]匮乏之人★3": 3, "[1513]穗群原学园学生会长★3": 1, "[1608]悲願の継承★4": 2, "[1609]代償魔術★4": 1, "[1610]枯れない花★3": 4, "[1669]熾天の王★5": 2}

编号[d5a69b642ac7913ec6f02a366c260a98]
等级: 1
圣晶石: 261
圣晶片: 3
呼符: 50
金/银/铜/青苹果: 43/0/0/0
登陆天数: 20天 / 98天
从者: {"[9]吉尔·德·雷(Saber)★3": 1, "[15]尤瑞艾莉(Archer)★3": 1, "[95]幼吉尔(Archer)★3": 2, "[246]威廉·退尔(Archer)★3": 1, "[22]罗穆路斯(Lancer)★3": 1, "[27]牛若丸(Rider)★3": 1, "[332]多布雷尼亚·尼基季奇(Rider)★4": 1, "[31]美狄亚(Caster)★3": 1, "[80]查尔斯·巴贝奇(Caster)★3": 1, "[120]尼托克丽丝(Caster)★4": 1, "[35]梅菲斯托费勒斯(Caster)★3": 1, "[284]阿尔托莉雅·卡斯特(Caster)★5": 1, "[47]赫拉克勒斯(Berserker)★4": 1, "[49]虎狼(Berserker)★3": 2, "[55]大流士三世(Berserker)★3": 1, "[1]玛修·基列莱特(Shielder)★3": 1}
礼装: {"[176]记录保持者★4": 1, "[247]宝石剑泽尔里奇★3": 1, "[691]噬魂★3": 1, "[1271]头脑风暴★4": 3, "[1608]悲願の継承★4": 1}

编号[3d2ec1aae7b2c71e4b08bf01e5ce476d]
等级: 1
圣晶石: 204
圣晶片: 3
呼符: 50
金/银/铜/青苹果: 43/0/0/0
登陆天数: 20天 / 98天
从者: {"[7]盖乌斯·尤利乌斯·恺撒(Saber)★3": 1, "[72]弗格斯·马克·罗伊(Saber)★3": 1, "[11]卫宫(Archer)★4": 1, "[13]罗宾汉(Archer)★3": 2, "[125]俵藤太(Archer)★3": 1, "[95]幼吉尔(Archer)★3": 1, "[71]迪尔姆德·奥迪那(Lancer)★3": 1, "[18]伊丽莎白·巴托里(Lancer)★4": 1, "[20]库·丘林〔Prototype〕(Lancer)★3": 1, "[193]莲偶(Lancer)★4": 1, "[214]瓦尔基里(Lancer)★4": 1, "[23]歌果(Rider)★3": 1, "[94]阿斯托尔福(Rider)★4": 1, "[26]布狄卡(Rider)★3": 1, "[27]牛若丸(Rider)★3": 1, "[284]阿尔托莉雅·卡斯特(Caster)★5": 1, "[42]匕见(Assassin)★3": 1, "[49]虎狼(Berserker)★3": 1, "[1]玛修·基列莱特(Shielder)★3": 1, "[352]徐福(Alterego)★3": 1}
礼装: {"[22]原始咒术★4": 1, "[184]柔软的慈爱★4": 1, "[333]许德拉匕首★3": 1, "[246]特辣麻婆豆腐★3": 2, "[247]宝石剑泽尔里奇★3": 1, "[265]卡姆兰之战★3": 3, "[331]佛拉格拉克★3": 1, "[581]手无寸铁慎二君★3": 2, "[582]阿特拉斯院★3": 2, "[585]幻想种★3": 1, "[691]噬魂★3": 1, "[815]樱的特制便当★3": 1, "[1130]野心的嚆矢★4": 1, "[1271]头脑风暴★4": 1, "[1272]散状花★3": 1, "[1415]匮乏之人★3": 1, "[1576]華の楽土★4": 2}

编号[cd2dfb20f946d44c5b8843661beacf20]
等级: 1
圣晶石: 198
圣晶片: 3
呼符: 51
金/银/铜/青苹果: 43/0/0/0
登陆天数: 20天 / 99天
从者: {"[72]弗格斯·马克·罗伊(Saber)★3": 1, "[11]卫宫(Archer)★4": 1, "[13]罗宾汉(Archer)★3": 4, "[105]比利小子(Archer)★3": 1, "[15]尤瑞艾莉(Archer)★3": 2, "[95]幼吉尔(Archer)★3": 1, "[246]威廉·退尔(Archer)★3": 1, "[71]迪尔姆德·奥迪那(Lancer)★3": 1, "[22]罗穆路斯(Lancer)★3": 1, "[23]歌果(Rider)★3": 1, "[94]阿斯托尔福(Rider)★4": 1, "[273]曼迪卡尔多(Rider)★3": 1, "[80]查尔斯·巴贝奇(Caster)★3": 1, "[120]尼托克丽丝(Caster)★4": 1, "[104]杰罗尼莫(Caster)★3": 1, "[284]阿尔托莉雅·卡斯特(Caster)★5": 1, "[49]虎狼(Berserker)★3": 2, "[1]玛修·基列莱特(Shielder)★3": 1}
礼装: {"[37]芦苇海★3": 1, "[89]柳洞寺★3": 2, "[246]特辣麻婆豆腐★3": 1, "[331]佛拉格拉克★3": 1, "[332]天之逆月★3": 1, "[418]固有结界★3": 2, "[420]谜之面具群★3": 1, "[580]瓦砾的圣堂★3": 1, "[585]幻想种★3": 1, "[674]神造兵器★3": 1, "[691]噬魂★3": 1, "[913]远方的前路★4": 1, "[1016]狂舞曲★4": 1, "[1272]散状花★3": 2, "[1415]匮乏之人★3": 1, "[1512]庭园的守护者★4": 1, "[1576]華の楽土★4": 1, "[1608]悲願の継承★4": 1}

编号[571d94c7e7e3524d30082496db1774d2]
等级: 1
圣晶石: 135
圣晶片: 3
呼符: 51
金/银/铜/青苹果: 43/0/0/0
登陆天数: 20天 / 99天
从者: {"[72]弗格斯·马克·罗伊(Saber)★3": 2, "[9]吉尔·德·雷(Saber)★3": 3, "[245]拉克什米·芭伊(Saber)★4": 1, "[13]罗宾汉(Archer)★3": 1, "[63]大卫(Archer)★3": 1, "[105]比利小子(Archer)★3": 3, "[15]尤瑞艾莉(Archer)★3": 1, "[125]俵藤太(Archer)★3": 2, "[95]幼吉尔(Archer)★3": 1, "[246]威廉·退尔(Archer)★3": 1, "[22]罗穆路斯(Lancer)★3": 1, "[186]宝藏院胤舜(Lancer)★3": 1, "[23]歌果(Rider)★3": 1, "[27]牛若丸(Rider)★3": 4, "[273]曼迪卡尔多(Rider)★3": 1, "[332]多布雷尼亚·尼基季奇(Rider)★4": 1, "[31]美狄亚(Caster)★3": 1, "[79]冯·霍恩海姆·帕拉塞尔苏斯(Caster)★3": 1, "[80]查尔斯·巴贝奇(Caster)★3": 1, "[35]梅菲斯托费勒斯(Caster)★3": 1, "[104]杰罗尼莫(Caster)★3": 1, "[203]阿维斯布隆(Caster)★3": 1, "[284]阿尔托莉雅·卡斯特(Caster)★5": 1, "[110]百貌哈桑(Assassin)★3": 2, "[81]亨利·杰基尔＆海德(Assassin)★3": 4, "[42]匕见(Assassin)★3": 1, "[117]风魔小太郎(Assassin)★3": 1, "[48]兰斯洛特(Berserker)★4": 1, "[55]大流士三世(Berserker)★3": 2, "[1]玛修·基列莱特(Shielder)★3": 1}
礼装: {"[91]爱之灵药★3": 2, "[244]四枝之浅滩★3": 1, "[333]许德拉匕首★3": 1, "[247]宝石剑泽尔里奇★3": 1, "[265]卡姆兰之战★3": 1, "[331]佛拉格拉克★3": 3, "[332]天之逆月★3": 2, "[585]幻想种★3": 1, "[674]神造兵器★3": 2, "[815]樱的特制便当★3": 1, "[1270]庆祝回忆★5": 3, "[1271]头脑风暴★4": 2, "[1272]散状花★3": 4, "[1513]穗群原学园学生会长★3": 1}

编号[f8a43e1a659260a5484e9477a050670d]
等级: 1
圣晶石: 0
圣晶片: 3
呼符: 0
金/银/铜/青苹果: 44/0/0/0
登陆天数: 20天 / 98天
从者: {"[7]盖乌斯·尤利乌斯·恺撒(Saber)★3": 2, "[72]弗格斯·马克·罗伊(Saber)★3": 3, "[9]吉尔·德·雷(Saber)★3": 1, "[10]骑士迪昂(Saber)★4": 1, "[13]罗宾汉(Archer)★3": 4, "[63]大卫(Archer)★3": 1, "[105]比利小子(Archer)★3": 3, "[15]尤瑞艾莉(Archer)★3": 1, "[125]俵藤太(Archer)★3": 2, "[95]幼吉尔(Archer)★3": 1, "[246]威廉·退尔(Archer)★3": 1, "[17]库·丘林(Lancer)★3": 2, "[71]迪尔姆德·奥迪那(Lancer)★3": 5, "[20]库·丘林〔Prototype〕(Lancer)★3": 2, "[22]罗穆路斯(Lancer)★3": 1, "[186]宝藏院胤舜(Lancer)★3": 2, "[64]赫克托耳(Lancer)★3": 3, "[146]美杜莎(Lancer)★4": 1, "[26]布狄卡(Rider)★3": 2, "[27]牛若丸(Rider)★3": 3, "[28]亚历山大(Rider)★3": 1, "[273]曼迪卡尔多(Rider)★3": 1, "[31]美狄亚(Caster)★3": 2, "[79]冯·霍恩海姆·帕拉塞尔苏斯(Caster)★3": 3, "[104]杰罗尼莫(Caster)★3": 1, "[100]海伦娜·布拉瓦茨基(Caster)★4": 1, "[203]阿维斯布隆(Caster)★3": 2, "[348]張角(Caster)★3": 1, "[110]百貌哈桑(Assassin)★3": 2, "[81]亨利·杰基尔＆海德(Assassin)★3": 2, "[124]静谧哈桑(Assassin)★3": 1, "[42]匕见(Assassin)★3": 1, "[117]风魔小太郎(Assassin)★3": 2, "[49]虎狼(Berserker)★3": 4, "[55]大流士三世(Berserker)★3": 2, "[56]清姬(Berserker)★3": 2, "[58]玉藻猫(Berserker)★4": 1, "[1]玛修·基列莱特(Shielder)★3": 1, "[352]徐福(Alterego)★3": 1}
礼装: {"[21]钢之锻炼★4": 2, "[26]宝石魔术·对影★4": 1, "[28]虚数魔术★4": 1, "[33]限制/零毁★5": 1, "[89]柳洞寺★3": 1, "[98]千年黄金树★4": 1, "[183]死之艺术★4": 1, "[185]月灵髓液★5": 1, "[244]四枝之浅滩★3": 3, "[333]许德拉匕首★3": 1, "[247]宝石剑泽尔里奇★3": 3, "[332]天之逆月★3": 1, "[418]固有结界★3": 2, "[420]谜之面具群★3": 4, "[580]瓦砾的圣堂★3": 1, "[674]神造兵器★3": 1, "[691]噬魂★3": 1, "[815]樱的特制便当★3": 1, "[1270]庆祝回忆★5": 6, "[1271]头脑风暴★4": 4, "[1272]散状花★3": 16, "[1412]宝石的魔弹★4": 2, "[1415]匮乏之人★3": 2, "[1511]冬之圣女★5": 1, "[1513]穗群原学园学生会长★3": 2, "[1576]華の楽土★4": 1, "[1607]投影装填★4": 1, "[1610]枯れない花★3": 3, "[1692]免許皆伝★4": 1}

编号[b43646c95ce01fe01eabf228ec675d48]
等级: 1
圣晶石: 135
圣晶片: 3
呼符: 0
金/银/铜/青苹果: 44/0/0/0
登陆天数: 20天 / 99天
从者: {"[7]盖乌斯·尤利乌斯·恺撒(Saber)★3": 1, "[72]弗格斯·马克·罗伊(Saber)★3": 2, "[9]吉尔·德·雷(Saber)★3": 2, "[165]铃鹿御前(Saber)★4": 1, "[13]罗宾汉(Archer)★3": 1, "[63]大卫(Archer)★3": 2, "[105]比利小子(Archer)★3": 3, "[15]尤瑞艾莉(Archer)★3": 1, "[125]俵藤太(Archer)★3": 2, "[95]幼吉尔(Archer)★3": 1, "[246]威廉·退尔(Archer)★3": 2, "[71]迪尔姆德·奥迪那(Lancer)★3": 2, "[18]伊丽莎白·巴托里(Lancer)★4": 1, "[20]库·丘林〔Prototype〕(Lancer)★3": 1, "[22]罗穆路斯(Lancer)★3": 2, "[186]宝藏院胤舜(Lancer)★3": 1, "[64]赫克托耳(Lancer)★3": 5, "[23]歌果(Rider)★3": 2, "[94]阿斯托尔福(Rider)★4": 1, "[26]布狄卡(Rider)★3": 2, "[27]牛若丸(Rider)★3": 1, "[28]亚历山大(Rider)★3": 1, "[30]玛尔达(Rider)★4": 1, "[273]曼迪卡尔多(Rider)★3": 2, "[31]美狄亚(Caster)★3": 1, "[80]查尔斯·巴贝奇(Caster)★3": 2, "[35]梅菲斯托费勒斯(Caster)★3": 1, "[104]杰罗尼莫(Caster)★3": 1, "[145]吉尔伽美什(Caster)★4": 1, "[203]阿维斯布隆(Caster)★3": 1, "[284]阿尔托莉雅·卡斯特(Caster)★5": 1, "[348]張角(Caster)★3": 2, "[110]百貌哈桑(Assassin)★3": 2, "[124]静谧哈桑(Assassin)★3": 2, "[42]匕见(Assassin)★3": 1, "[117]风魔小太郎(Assassin)★3": 3, "[185]望月千代女(Assassin)★4": 1, "[49]虎狼(Berserker)★3": 5, "[56]清姬(Berserker)★3": 4, "[1]玛修·基列莱特(Shielder)★3": 1, "[352]徐福(Alterego)★3": 1}
礼装: {"[26]宝石魔术·对影★4": 1, "[74]觉醒的意志★4": 1, "[89]柳洞寺★3": 4, "[91]爱之灵药★3": 1, "[176]记录保持者★4": 1, "[243]Bronze-Link Manipulators★3": 2, "[244]四枝之浅滩★3": 2, "[333]许德拉匕首★3": 4, "[331]佛拉格拉克★3": 2, "[332]天之逆月★3": 1, "[418]固有结界★3": 2, "[419]返老还童的灵药★3": 2, "[420]谜之面具群★3": 1, "[580]瓦砾的圣堂★3": 1, "[581]手无寸铁慎二君★3": 1, "[582]阿特拉斯院★3": 2, "[585]幻想种★3": 1, "[674]神造兵器★3": 1, "[691]噬魂★3": 1, "[1208]韵律诗节★4": 3, "[1270]庆祝回忆★5": 4, "[1271]头脑风暴★4": 4, "[1272]散状花★3": 12, "[1413]虚数属性★4": 1, "[1414]愿望之容器★4": 1, "[1415]匮乏之人★3": 1, "[1513]穗群原学园学生会长★3": 1, "[1575]幻想の姫★5": 1, "[1576]華の楽土★4": 1, "[1609]代償魔術★4": 1, "[1610]枯れない花★3": 3, "[1670]狩人の夢★4": 1}

编号[834eb1da49e1f163d3273351728d4039]
等级: 1
圣晶石: 45
圣晶片: 3
呼符: 50
金/银/铜/青苹果: 43/0/0/0
登陆天数: 20天 / 98天
从者: {"[7]盖乌斯·尤利乌斯·恺撒(Saber)★3": 1, "[72]弗格斯·马克·罗伊(Saber)★3": 1, "[9]吉尔·德·雷(Saber)★3": 3, "[13]罗宾汉(Archer)★3": 1, "[95]幼吉尔(Archer)★3": 1, "[325]芝诺比阿(Archer)★4": 1, "[71]迪尔姆德·奥迪那(Lancer)★3": 1, "[186]宝藏院胤舜(Lancer)★3": 2, "[64]赫克托耳(Lancer)★3": 2, "[23]歌果(Rider)★3": 1, "[27]牛若丸(Rider)★3": 1, "[273]曼迪卡尔多(Rider)★3": 3, "[31]美狄亚(Caster)★3": 2, "[79]冯·霍恩海姆·帕拉塞尔苏斯(Caster)★3": 1, "[80]查尔斯·巴贝奇(Caster)★3": 4, "[35]梅菲斯托费勒斯(Caster)★3": 2, "[192]喀耳刻(Caster)★4": 1, "[203]阿维斯布隆(Caster)★3": 1, "[284]阿尔托莉雅·卡斯特(Caster)★5": 1, "[348]張角(Caster)★3": 2, "[110]百貌哈桑(Assassin)★3": 1, "[124]静谧哈桑(Assassin)★3": 2, "[42]匕见(Assassin)★3": 1, "[117]风魔小太郎(Assassin)★3": 1, "[170]周照(Assassin)★4": 1, "[49]虎狼(Berserker)★3": 1, "[55]大流士三世(Berserker)★3": 2, "[56]清姬(Berserker)★3": 2, "[1]玛修·基列莱特(Shielder)★3": 1, "[352]徐福(Alterego)★3": 1}
礼装: {"[21]钢之锻炼★4": 1, "[89]柳洞寺★3": 1, "[91]爱之灵药★3": 1, "[176]记录保持者★4": 1, "[243]Bronze-Link Manipulators★3": 2, "[244]四枝之浅滩★3": 1, "[333]许德拉匕首★3": 1, "[265]卡姆兰之战★3": 1, "[331]佛拉格拉克★3": 2, "[332]天之逆月★3": 1, "[400]天堂之孔★5": 1, "[401]私室警备员★4": 1, "[418]固有结界★3": 1, "[419]返老还童的灵药★3": 2, "[580]瓦砾的圣堂★3": 1, "[582]阿特拉斯院★3": 3, "[585]幻想种★3": 1, "[674]神造兵器★3": 1, "[691]噬魂★3": 4, "[815]樱的特制便当★3": 2, "[1016]狂舞曲★4": 2, "[1270]庆祝回忆★5": 4, "[1271]头脑风暴★4": 3, "[1272]散状花★3": 13, "[1414]愿望之容器★4": 2, "[1415]匮乏之人★3": 1, "[1576]華の楽土★4": 1, "[1577]告解の惑い場★4": 2, "[1610]枯れない花★3": 1}

编号[d756780b55d45e95a8fd79c4bf942945]
等级: 1
圣晶石: 54
圣晶片: 3
呼符: 50
金/银/铜/青苹果: 43/0/0/0
登陆天数: 20天 / 98天
从者: {"[7]盖乌斯·尤利乌斯·恺撒(Saber)★3": 3, "[72]弗格斯·马克·罗伊(Saber)★3": 2, "[9]吉尔·德·雷(Saber)★3": 1, "[298]渡边纲(Saber)★4": 1, "[11]卫宫(Archer)★4": 1, "[13]罗宾汉(Archer)★3": 1, "[63]大卫(Archer)★3": 3, "[15]尤瑞艾莉(Archer)★3": 1, "[125]俵藤太(Archer)★3": 2, "[207]喀戎(Archer)★4": 1, "[246]威廉·退尔(Archer)★3": 1, "[17]库·丘林(Lancer)★3": 1, "[71]迪尔姆德·奥迪那(Lancer)★3": 1, "[20]库·丘林〔Prototype〕(Lancer)★3": 2, "[64]赫克托耳(Lancer)★3": 1, "[183]帕尔瓦蒂(Lancer)★4": 1, "[94]阿斯托尔福(Rider)★4": 1, "[26]布狄卡(Rider)★3": 2, "[27]牛若丸(Rider)★3": 2, "[28]亚历山大(Rider)★3": 3, "[332]多布雷尼亚·尼基季奇(Rider)★4": 1, "[31]美狄亚(Caster)★3": 2, "[35]梅菲斯托费勒斯(Caster)★3": 1, "[104]杰罗尼莫(Caster)★3": 2, "[284]阿尔托莉雅·卡斯特(Caster)★5": 1, "[348]張角(Caster)★3": 2, "[110]百貌哈桑(Assassin)★3": 3, "[81]亨利·杰基尔＆海德(Assassin)★3": 1, "[124]静谧哈桑(Assassin)★3": 3, "[117]风魔小太郎(Assassin)★3": 2, "[56]清姬(Berserker)★3": 2, "[1]玛修·基列莱特(Shielder)★3": 1, "[352]徐福(Alterego)★3": 1}
礼装: {"[56]指令咏唱★4": 1, "[57]月之胜利者★5": 1, "[89]柳洞寺★3": 2, "[91]爱之灵药★3": 2, "[243]Bronze-Link Manipulators★3": 1, "[244]四枝之浅滩★3": 1, "[246]特辣麻婆豆腐★3": 2, "[247]宝石剑泽尔里奇★3": 4, "[265]卡姆兰之战★3": 1, "[331]佛拉格拉克★3": 1, "[332]天之逆月★3": 2, "[580]瓦砾的圣堂★3": 2, "[581]手无寸铁慎二君★3": 2, "[582]阿特拉斯院★3": 1, "[585]幻想种★3": 2, "[691]噬魂★3": 1, "[773]艳阳之下★5": 1, "[774]最后的叙述者★4": 1, "[1130]野心的嚆矢★4": 1, "[1270]庆祝回忆★5": 1, "[1271]头脑风暴★4": 1, "[1272]散状花★3": 8, "[1316]王者的气质★4": 1, "[1414]愿望之容器★4": 1, "[1458]魔道元帅★5": 1, "[1513]穗群原学园学生会长★3": 2, "[1609]代償魔術★4": 1, "[1610]枯れない花★3": 1}

编号[ce4419dcc9e67a0704a1e5976bed6ed9]
等级: 1
圣晶石: 15
圣晶片: 3
呼符: 0
金/银/铜/青苹果: 44/0/0/0
登陆天数: 20天 / 98天
从者: {"[7]盖乌斯·尤利乌斯·恺撒(Saber)★3": 1, "[72]弗格斯·马克·罗伊(Saber)★3": 4, "[9]吉尔·德·雷(Saber)★3": 4, "[13]罗宾汉(Archer)★3": 3, "[63]大卫(Archer)★3": 2, "[105]比利小子(Archer)★3": 1, "[15]尤瑞艾莉(Archer)★3": 2, "[125]俵藤太(Archer)★3": 1, "[95]幼吉尔(Archer)★3": 3, "[246]威廉·退尔(Archer)★3": 1, "[71]迪尔姆德·奥迪那(Lancer)★3": 1, "[20]库·丘林〔Prototype〕(Lancer)★3": 1, "[22]罗穆路斯(Lancer)★3": 5, "[186]宝藏院胤舜(Lancer)★3": 2, "[64]赫克托耳(Lancer)★3": 1, "[146]美杜莎(Lancer)★4": 1, "[313]珀西瓦尔(Lancer)★4": 1, "[23]歌果(Rider)★3": 3, "[27]牛若丸(Rider)★3": 3, "[28]亚历山大(Rider)★3": 1, "[273]曼迪卡尔多(Rider)★3": 1, "[79]冯·霍恩海姆·帕拉塞尔苏斯(Caster)★3": 1, "[80]查尔斯·巴贝奇(Caster)★3": 3, "[35]梅菲斯托费勒斯(Caster)★3": 1, "[104]杰罗尼莫(Caster)★3": 1, "[203]阿维斯布隆(Caster)★3": 1, "[284]阿尔托莉雅·卡斯特(Caster)★5": 1, "[348]張角(Caster)★3": 1, "[110]百貌哈桑(Assassin)★3": 1, "[81]亨利·杰基尔＆海德(Assassin)★3": 2, "[124]静谧哈桑(Assassin)★3": 2, "[46]卡米拉(Assassin)★4": 1, "[117]风魔小太郎(Assassin)★3": 3, "[159]燕青(Assassin)★4": 1, "[55]大流士三世(Berserker)★3": 1, "[56]清姬(Berserker)★3": 2, "[1]玛修·基列莱特(Shielder)★3": 1, "[352]徐福(Alterego)★3": 2}
礼装: {"[21]钢之锻炼★4": 1, "[34]万华镜★5": 1, "[42]Mooncell Automaton★3": 1, "[75]五百年的执着★5": 1, "[91]爱之灵药★3": 1, "[98]千年黄金树★4": 2, "[183]死之艺术★4": 1, "[244]四枝之浅滩★3": 1, "[333]许德拉匕首★3": 2, "[246]特辣麻婆豆腐★3": 2, "[247]宝石剑泽尔里奇★3": 1, "[264]援护射击★4": 1, "[265]卡姆兰之战★3": 1, "[332]天之逆月★3": 1, "[401]私室警备员★4": 1, "[580]瓦砾的圣堂★3": 2, "[581]手无寸铁慎二君★3": 1, "[774]最后的叙述者★4": 1, "[913]远方的前路★4": 1, "[1270]庆祝回忆★5": 4, "[1271]头脑风暴★4": 7, "[1272]散状花★3": 13, "[1316]王者的气质★4": 3, "[1414]愿望之容器★4": 1, "[1415]匮乏之人★3": 3, "[1485]冬之结晶★4": 1, "[1513]穗群原学园学生会长★3": 1, "[1608]悲願の継承★4": 2, "[1609]代償魔術★4": 1, "[1610]枯れない花★3": 3, "[1670]狩人の夢★4": 2}

编号[9259bbeb3e44c4f19a6a850bcbf84365]
等级: 1
圣晶石: 147
圣晶片: 3
呼符: 51
金/银/铜/青苹果: 43/0/0/0
登陆天数: 20天 / 99天
从者: {"[7]盖乌斯·尤利乌斯·恺撒(Saber)★3": 1, "[72]弗格斯·马克·罗伊(Saber)★3": 1, "[9]吉尔·德·雷(Saber)★3": 2, "[298]渡边纲(Saber)★4": 1, "[63]大卫(Archer)★3": 1, "[105]比利小子(Archer)★3": 1, "[125]俵藤太(Archer)★3": 1, "[95]幼吉尔(Archer)★3": 1, "[325]芝诺比阿(Archer)★4": 1, "[20]库·丘林〔Prototype〕(Lancer)★3": 2, "[22]罗穆路斯(Lancer)★3": 2, "[186]宝藏院胤舜(Lancer)★3": 1, "[23]歌果(Rider)★3": 2, "[26]布狄卡(Rider)★3": 1, "[27]牛若丸(Rider)★3": 1, "[273]曼迪卡尔多(Rider)★3": 1, "[80]查尔斯·巴贝奇(Caster)★3": 1, "[284]阿尔托莉雅·卡斯特(Caster)★5": 1, "[348]張角(Caster)★3": 1, "[110]百貌哈桑(Assassin)★3": 2, "[124]静谧哈桑(Assassin)★3": 1, "[42]匕见(Assassin)★3": 1, "[117]风魔小太郎(Assassin)★3": 3, "[47]赫拉克勒斯(Berserker)★4": 1, "[49]虎狼(Berserker)★3": 1, "[55]大流士三世(Berserker)★3": 1, "[56]清姬(Berserker)★3": 1, "[1]玛修·基列莱特(Shielder)★3": 1}
礼装: {"[24]Gandr★4": 1, "[89]柳洞寺★3": 2, "[91]爱之灵药★3": 1, "[184]柔软的慈爱★4": 1, "[244]四枝之浅滩★3": 1, "[246]特辣麻婆豆腐★3": 1, "[247]宝石剑泽尔里奇★3": 1, "[265]卡姆兰之战★3": 2, "[331]佛拉格拉克★3": 1, "[332]天之逆月★3": 1, "[418]固有结界★3": 1, "[580]瓦砾的圣堂★3": 2, "[674]神造兵器★3": 1, "[691]噬魂★3": 1, "[1270]庆祝回忆★5": 2, "[1271]头脑风暴★4": 3, "[1272]散状花★3": 4, "[1316]王者的气质★4": 1, "[1413]虚数属性★4": 1, "[1485]冬之结晶★4": 1, "[1610]枯れない花★3": 1}

编号[678c713441908b5aded40af79c1f7de4]
等级: 1
圣晶石: 234
圣晶片: 3
呼符: 50
金/银/铜/青苹果: 43/0/0/0
登陆天数: 20天 / 98天
从者: {"[9]吉尔·德·雷(Saber)★3": 1, "[13]罗宾汉(Archer)★3": 2, "[63]大卫(Archer)★3": 1, "[18]伊丽莎白·巴托里(Lancer)★4": 1, "[27]牛若丸(Rider)★3": 1, "[28]亚历山大(Rider)★3": 1, "[277]奥德修斯(Rider)★5": 1, "[79]冯·霍恩海姆·帕拉塞尔苏斯(Caster)★3": 2, "[192]喀耳刻(Caster)★4": 1, "[284]阿尔托莉雅·卡斯特(Caster)★5": 1, "[348]張角(Caster)★3": 1, "[81]亨利·杰基尔＆海德(Assassin)★3": 1, "[42]匕见(Assassin)★3": 1, "[49]虎狼(Berserker)★3": 1, "[56]清姬(Berserker)★3": 2, "[1]玛修·基列莱特(Shielder)★3": 1, "[352]徐福(Alterego)★3": 1}
礼装: {"[93]阿兰若★3": 1, "[333]许德拉匕首★3": 1, "[331]佛拉格拉克★3": 1, "[418]固有结界★3": 1, "[580]瓦砾的圣堂★3": 1, "[1271]头脑风暴★4": 1, "[1272]散状花★3": 3, "[1316]王者的气质★4": 1, "[1415]匮乏之人★3": 1, "[1513]穗群原学园学生会长★3": 1, "[1608]悲願の継承★4": 1}

编号[b5b4bd9e481bf659299e1e52d2eca6c9]
等级: 1
圣晶石: 285
圣晶片: 3
呼符: 51
金/银/铜/青苹果: 43/0/0/0
登陆天数: 20天 / 99天
从者: {"[9]吉尔·德·雷(Saber)★3": 1, "[15]尤瑞艾莉(Archer)★3": 1, "[95]幼吉尔(Archer)★3": 1, "[20]库·丘林〔Prototype〕(Lancer)★3": 1, "[23]歌果(Rider)★3": 1, "[332]多布雷尼亚·尼基季奇(Rider)★4": 1, "[284]阿尔托莉雅·卡斯特(Caster)★5": 1, "[81]亨利·杰基尔＆海德(Assassin)★3": 1, "[42]匕见(Assassin)★3": 1, "[47]赫拉克勒斯(Berserker)★4": 1, "[1]玛修·基列莱特(Shielder)★3": 1}
礼装: {"[28]虚数魔术★4": 1, "[1270]庆祝回忆★5": 1}

编号[0bba3b50dc18c4de7024a017c57c7987]
等级: 1
圣晶石: 0
圣晶片: 3
呼符: 0
金/银/铜/青苹果: 44/0/0/0
登陆天数: 20天 / 99天
从者: {"[7]盖乌斯·尤利乌斯·恺撒(Saber)★3": 1, "[72]弗格斯·马克·罗伊(Saber)★3": 1, "[11]卫宫(Archer)★4": 1, "[13]罗宾汉(Archer)★3": 2, "[105]比利小子(Archer)★3": 1, "[15]尤瑞艾莉(Archer)★3": 1, "[125]俵藤太(Archer)★3": 3, "[95]幼吉尔(Archer)★3": 2, "[17]库·丘林(Lancer)★3": 1, "[71]迪尔姆德·奥迪那(Lancer)★3": 1, "[18]伊丽莎白·巴托里(Lancer)★4": 1, "[20]库·丘林〔Prototype〕(Lancer)★3": 2, "[22]罗穆路斯(Lancer)★3": 3, "[186]宝藏院胤舜(Lancer)★3": 1, "[64]赫克托耳(Lancer)★3": 1, "[183]帕尔瓦蒂(Lancer)★4": 1, "[23]歌果(Rider)★3": 2, "[26]布狄卡(Rider)★3": 1, "[27]牛若丸(Rider)★3": 2, "[28]亚历山大(Rider)★3": 1, "[273]曼迪卡尔多(Rider)★3": 2, "[31]美狄亚(Caster)★3": 3, "[79]冯·霍恩海姆·帕拉塞尔苏斯(Caster)★3": 3, "[80]查尔斯·巴贝奇(Caster)★3": 2, "[104]杰罗尼莫(Caster)★3": 1, "[169]山鲁佐德(Caster)★5": 1, "[203]阿维斯布隆(Caster)★3": 2, "[348]張角(Caster)★3": 1, "[110]百貌哈桑(Assassin)★3": 1, "[81]亨利·杰基尔＆海德(Assassin)★3": 1, "[124]静谧哈桑(Assassin)★3": 2, "[42]匕见(Assassin)★3": 2, "[117]风魔小太郎(Assassin)★3": 1, "[159]燕青(Assassin)★4": 1, "[49]虎狼(Berserker)★3": 3, "[55]大流士三世(Berserker)★3": 1, "[56]清姬(Berserker)★3": 1, "[171]彭忒西勒亚(Berserker)★4": 1, "[1]玛修·基列莱特(Shielder)★3": 1, "[352]徐福(Alterego)★3": 3}
礼装: {"[56]指令咏唱★4": 1, "[89]柳洞寺★3": 1, "[184]柔软的慈爱★4": 1, "[244]四枝之浅滩★3": 1, "[333]许德拉匕首★3": 1, "[246]特辣麻婆豆腐★3": 3, "[265]卡姆兰之战★3": 2, "[418]固有结界★3": 1, "[580]瓦砾的圣堂★3": 3, "[581]手无寸铁慎二君★3": 3, "[582]阿特拉斯院★3": 3, "[585]幻想种★3": 1, "[674]神造兵器★3": 4, "[774]最后的叙述者★4": 1, "[815]樱的特制便当★3": 2, "[1208]韵律诗节★4": 1, "[1270]庆祝回忆★5": 6, "[1271]头脑风暴★4": 12, "[1272]散状花★3": 15, "[1512]庭园的守护者★4": 3, "[1513]穗群原学园学生会长★3": 2, "[1607]投影装填★4": 1, "[1609]代償魔術★4": 2, "[1610]枯れない花★3": 4, "[1692]免許皆伝★4": 1}

编号[2331e18481e0c37d352b1713bc026b8b]
等级: 1
圣晶石: 0
圣晶片: 3
呼符: 0
金/银/铜/青苹果: 44/0/0/0
登陆天数: 20天 / 99天
从者: {"[7]盖乌斯·尤利乌斯·恺撒(Saber)★3": 1, "[121]兰斯洛特(Saber)★4": 1, "[9]吉尔·德·雷(Saber)★3": 1, "[13]罗宾汉(Archer)★3": 3, "[63]大卫(Archer)★3": 2, "[105]比利小子(Archer)★3": 1, "[15]尤瑞艾莉(Archer)★3": 2, "[125]俵藤太(Archer)★3": 1, "[95]幼吉尔(Archer)★3": 2, "[246]威廉·退尔(Archer)★3": 2, "[17]库·丘林(Lancer)★3": 2, "[71]迪尔姆德·奥迪那(Lancer)★3": 3, "[18]伊丽莎白·巴托里(Lancer)★4": 1, "[20]库·丘林〔Prototype〕(Lancer)★3": 2, "[143]恩奇都(Lancer)★5": 1, "[22]罗穆路斯(Lancer)★3": 2, "[64]赫克托耳(Lancer)★3": 4, "[26]布狄卡(Rider)★3": 1, "[27]牛若丸(Rider)★3": 2, "[28]亚历山大(Rider)★3": 1, "[273]曼迪卡尔多(Rider)★3": 3, "[31]美狄亚(Caster)★3": 3, "[79]冯·霍恩海姆·帕拉塞尔苏斯(Caster)★3": 1, "[80]查尔斯·巴贝奇(Caster)★3": 2, "[120]尼托克丽丝(Caster)★4": 1, "[35]梅菲斯托费勒斯(Caster)★3": 1, "[104]杰罗尼莫(Caster)★3": 1, "[203]阿维斯布隆(Caster)★3": 3, "[348]張角(Caster)★3": 3, "[110]百貌哈桑(Assassin)★3": 1, "[81]亨利·杰基尔＆海德(Assassin)★3": 1, "[124]静谧哈桑(Assassin)★3": 1, "[42]匕见(Assassin)★3": 1, "[117]风魔小太郎(Assassin)★3": 1, "[185]望月千代女(Assassin)★4": 1, "[48]兰斯洛特(Berserker)★4": 1, "[49]虎狼(Berserker)★3": 4, "[55]大流士三世(Berserker)★3": 2, "[56]清姬(Berserker)★3": 1, "[1]玛修·基列莱特(Shielder)★3": 1, "[352]徐福(Alterego)★3": 2}
礼装: {"[26]宝石魔术·对影★4": 1, "[74]觉醒的意志★4": 1, "[89]柳洞寺★3": 1, "[91]爱之灵药★3": 2, "[98]千年黄金树★4": 2, "[175]理想的王圣★5": 1, "[182]毒蛇一艺★4": 1, "[186]情窦未开的千金★4": 1, "[188]觉醒之前★5": 1, "[243]Bronze-Link Manipulators★3": 1, "[244]四枝之浅滩★3": 1, "[333]许德拉匕首★3": 1, "[246]特辣麻婆豆腐★3": 2, "[265]卡姆兰之战★3": 1, "[331]佛拉格拉克★3": 1, "[332]天之逆月★3": 1, "[401]私室警备员★4": 1, "[419]返老还童的灵药★3": 3, "[420]谜之面具群★3": 2, "[582]阿特拉斯院★3": 2, "[585]幻想种★3": 1, "[674]神造兵器★3": 1, "[815]樱的特制便当★3": 1, "[913]远方的前路★4": 1, "[1270]庆祝回忆★5": 3, "[1271]头脑风暴★4": 7, "[1272]散状花★3": 16, "[1315]恋之诅咒★5": 1, "[1415]匮乏之人★3": 6, "[1485]冬之结晶★4": 1, "[1512]庭园的守护者★4": 1, "[1513]穗群原学园学生会长★3": 4, "[1577]告解の惑い場★4": 1, "[1609]代償魔術★4": 2, "[1610]枯れない花★3": 4, "[1670]狩人の夢★4": 1, "[1692]免許皆伝★4": 1}

编号[51bf26b9e7cc13f058169317ca12ca1a]
等级: 1
圣晶石: 282
圣晶片: 3
呼符: 51
金/银/铜/青苹果: 43/0/0/0
登陆天数: 20天 / 99天
从者: {"[9]吉尔·德·雷(Saber)★3": 1, "[17]库·丘林(Lancer)★3": 1, "[214]瓦尔基里(Lancer)★4": 1, "[80]查尔斯·巴贝奇(Caster)★3": 1, "[120]尼托克丽丝(Caster)★4": 1, "[35]梅菲斯托费勒斯(Caster)★3": 1, "[284]阿尔托莉雅·卡斯特(Caster)★5": 1, "[41]斯忒诺(Assassin)★4": 2, "[55]大流士三世(Berserker)★3": 1, "[1]玛修·基列莱特(Shielder)★3": 1}
礼装: {"[42]Mooncell Automaton★3": 1, "[91]爱之灵药★3": 1, "[331]佛拉格拉克★3": 1, "[332]天之逆月★3": 1, "[815]樱的特制便当★3": 1}

编号[4b6815ee8336a33ebfacb75ba6edddad]
等级: 1
圣晶石: 276
圣晶片: 3
呼符: 51
金/银/铜/青苹果: 43/0/0/0
登陆天数: 20天 / 99天
从者: {"[298]渡边纲(Saber)★4": 1, "[63]大卫(Archer)★3": 1, "[15]尤瑞艾莉(Archer)★3": 1, "[192]喀耳刻(Caster)★4": 1, "[284]阿尔托莉雅·卡斯特(Caster)★5": 1, "[1]玛修·基列莱特(Shielder)★3": 1}
礼装: {"[24]Gandr★4": 1, "[26]宝石魔术·对影★4": 1, "[42]Mooncell Automaton★3": 1, "[56]指令咏唱★4": 1, "[1270]庆祝回忆★5": 2, "[1271]头脑风暴★4": 1, "[1272]散状花★3": 3}

编号[40ebfb35279fa64be96c71b38ec4996e]
等级: 1
圣晶石: 81
圣晶片: 3
呼符: 51
金/银/铜/青苹果: 43/0/0/0
登陆天数: 20天 / 99天
从者: {"[7]盖乌斯·尤利乌斯·恺撒(Saber)★3": 1, "[121]兰斯洛特(Saber)★4": 1, "[10]骑士迪昂(Saber)★4": 1, "[245]拉克什米·芭伊(Saber)★4": 1, "[63]大卫(Archer)★3": 1, "[15]尤瑞艾莉(Archer)★3": 3, "[95]幼吉尔(Archer)★3": 2, "[325]芝诺比阿(Archer)★4": 1, "[17]库·丘林(Lancer)★3": 2, "[71]迪尔姆德·奥迪那(Lancer)★3": 2, "[20]库·丘林〔Prototype〕(Lancer)★3": 1, "[26]布狄卡(Rider)★3": 2, "[273]曼迪卡尔多(Rider)★3": 3, "[31]美狄亚(Caster)★3": 1, "[79]冯·霍恩海姆·帕拉塞尔苏斯(Caster)★3": 1, "[35]梅菲斯托费勒斯(Caster)★3": 2, "[104]杰罗尼莫(Caster)★3": 1, "[203]阿维斯布隆(Caster)★3": 2, "[284]阿尔托莉雅·卡斯特(Caster)★5": 1, "[348]張角(Caster)★3": 1, "[81]亨利·杰基尔＆海德(Assassin)★3": 1, "[124]静谧哈桑(Assassin)★3": 1, "[117]风魔小太郎(Assassin)★3": 1, "[56]清姬(Berserker)★3": 2, "[1]玛修·基列莱特(Shielder)★3": 1, "[352]徐福(Alterego)★3": 2}
礼装: {"[21]钢之锻炼★4": 1, "[26]宝石魔术·对影★4": 1, "[89]柳洞寺★3": 2, "[91]爱之灵药★3": 2, "[183]死之艺术★4": 1, "[243]Bronze-Link Manipulators★3": 1, "[244]四枝之浅滩★3": 2, "[246]特辣麻婆豆腐★3": 1, "[264]援护射击★4": 1, "[265]卡姆兰之战★3": 3, "[401]私室警备员★4": 2, "[419]返老还童的灵药★3": 2, "[580]瓦砾的圣堂★3": 1, "[581]手无寸铁慎二君★3": 1, "[582]阿特拉斯院★3": 3, "[585]幻想种★3": 1, "[674]神造兵器★3": 2, "[691]噬魂★3": 1, "[815]樱的特制便当★3": 2, "[1270]庆祝回忆★5": 4, "[1271]头脑风暴★4": 2, "[1272]散状花★3": 5, "[1412]宝石的魔弹★4": 2, "[1513]穗群原学园学生会长★3": 2, "[1576]華の楽土★4": 2, "[1607]投影装填★4": 1, "[1610]枯れない花★3": 1}

编号[20c263662cc5773429c603b623d31358]
等级: 1
圣晶石: 102
圣晶片: 3
呼符: 3
金/银/铜/青苹果: 44/0/0/0
登陆天数: 20天 / 99天
从者: {"[7]盖乌斯·尤利乌斯·恺撒(Saber)★3": 1, "[72]弗格斯·马克·罗伊(Saber)★3": 2, "[9]吉尔·德·雷(Saber)★3": 1, "[13]罗宾汉(Archer)★3": 1, "[63]大卫(Archer)★3": 2, "[105]比利小子(Archer)★3": 1, "[125]俵藤太(Archer)★3": 1, "[95]幼吉尔(Archer)★3": 3, "[17]库·丘林(Lancer)★3": 1, "[71]迪尔姆德·奥迪那(Lancer)★3": 2, "[20]库·丘林〔Prototype〕(Lancer)★3": 2, "[22]罗穆路斯(Lancer)★3": 1, "[186]宝藏院胤舜(Lancer)★3": 1, "[64]赫克托耳(Lancer)★3": 2, "[23]歌果(Rider)★3": 1, "[94]阿斯托尔福(Rider)★4": 1, "[26]布狄卡(Rider)★3": 1, "[27]牛若丸(Rider)★3": 2, "[28]亚历山大(Rider)★3": 1, "[273]曼迪卡尔多(Rider)★3": 2, "[31]美狄亚(Caster)★3": 2, "[79]冯·霍恩海姆·帕拉塞尔苏斯(Caster)★3": 2, "[80]查尔斯·巴贝奇(Caster)★3": 1, "[104]杰罗尼莫(Caster)★3": 1, "[284]阿尔托莉雅·卡斯特(Caster)★5": 1, "[348]張角(Caster)★3": 1, "[110]百貌哈桑(Assassin)★3": 2, "[81]亨利·杰基尔＆海德(Assassin)★3": 1, "[124]静谧哈桑(Assassin)★3": 3, "[42]匕见(Assassin)★3": 1, "[117]风魔小太郎(Assassin)★3": 2, "[47]赫拉克勒斯(Berserker)★4": 2, "[55]大流士三世(Berserker)★3": 3, "[56]清姬(Berserker)★3": 1, "[58]玉藻猫(Berserker)★4": 1, "[1]玛修·基列莱特(Shielder)★3": 1, "[352]徐福(Alterego)★3": 2}
礼装: {"[21]钢之锻炼★4": 1, "[26]宝石魔术·对影★4": 1, "[34]万华镜★5": 1, "[57]月之胜利者★5": 1, "[89]柳洞寺★3": 1, "[91]爱之灵药★3": 1, "[98]千年黄金树★4": 1, "[186]情窦未开的千金★4": 1, "[333]许德拉匕首★3": 1, "[246]特辣麻婆豆腐★3": 1, "[247]宝石剑泽尔里奇★3": 1, "[331]佛拉格拉克★3": 1, "[332]天之逆月★3": 1, "[418]固有结界★3": 2, "[419]返老还童的灵药★3": 1, "[420]谜之面具群★3": 1, "[580]瓦砾的圣堂★3": 1, "[581]手无寸铁慎二君★3": 1, "[582]阿特拉斯院★3": 1, "[585]幻想种★3": 4, "[691]噬魂★3": 2, "[815]樱的特制便当★3": 1, "[913]远方的前路★4": 1, "[1130]野心的嚆矢★4": 1, "[1208]韵律诗节★4": 1, "[1270]庆祝回忆★5": 5, "[1271]头脑风暴★4": 6, "[1272]散状花★3": 9, "[1316]王者的气质★4": 1, "[1414]愿望之容器★4": 1, "[1512]庭园的守护者★4": 1, "[1692]免許皆伝★4": 1}

编号[9148ec912f65cb372aea3136864ab852]
等级: 1
圣晶石: 177
圣晶片: 3
呼符: 51
金/银/铜/青苹果: 43/0/0/0
登陆天数: 20天 / 99天
从者: {"[72]弗格斯·马克·罗伊(Saber)★3": 1, "[9]吉尔·德·雷(Saber)★3": 1, "[13]罗宾汉(Archer)★3": 1, "[15]尤瑞艾莉(Archer)★3": 2, "[125]俵藤太(Archer)★3": 1, "[325]芝诺比阿(Archer)★4": 1, "[17]库·丘林(Lancer)★3": 1, "[20]库·丘林〔Prototype〕(Lancer)★3": 1, "[186]宝藏院胤舜(Lancer)★3": 1, "[64]赫克托耳(Lancer)★3": 1, "[23]歌果(Rider)★3": 1, "[94]阿斯托尔福(Rider)★4": 1, "[26]布狄卡(Rider)★3": 1, "[28]亚历山大(Rider)★3": 1, "[31]美狄亚(Caster)★3": 1, "[80]查尔斯·巴贝奇(Caster)★3": 1, "[284]阿尔托莉雅·卡斯特(Caster)★5": 1, "[348]張角(Caster)★3": 2, "[81]亨利·杰基尔＆海德(Assassin)★3": 1, "[124]静谧哈桑(Assassin)★3": 2, "[41]斯忒诺(Assassin)★4": 1, "[56]清姬(Berserker)★3": 1, "[1]玛修·基列莱特(Shielder)★3": 1, "[352]徐福(Alterego)★3": 2}
礼装: {"[42]Mooncell Automaton★3": 1, "[91]爱之灵药★3": 2, "[186]情窦未开的千金★4": 1, "[243]Bronze-Link Manipulators★3": 1, "[244]四枝之浅滩★3": 1, "[246]特辣麻婆豆腐★3": 1, "[331]佛拉格拉克★3": 1, "[580]瓦砾的圣堂★3": 2, "[582]阿特拉斯院★3": 1, "[585]幻想种★3": 1, "[691]噬魂★3": 1, "[815]樱的特制便当★3": 1, "[1016]狂舞曲★4": 1, "[1270]庆祝回忆★5": 2, "[1271]头脑风暴★4": 2, "[1272]散状花★3": 3, "[1415]匮乏之人★3": 1, "[1608]悲願の継承★4": 1, "[1692]免許皆伝★4": 1}

编号[1e0c69c9c0ad830897333bf4ec2e965f]
等级: 1
圣晶石: 141
圣晶片: 3
呼符: 51
金/银/铜/青苹果: 43/0/0/0
登陆天数: 20天 / 99天
从者: {"[223]迪尔姆德·奥迪那(Saber)★4": 1, "[63]大卫(Archer)★3": 2, "[105]比利小子(Archer)★3": 2, "[125]俵藤太(Archer)★3": 1, "[246]威廉·退尔(Archer)★3": 3, "[325]芝诺比阿(Archer)★4": 1, "[64]赫克托耳(Lancer)★3": 1, "[23]歌果(Rider)★3": 1, "[26]布狄卡(Rider)★3": 1, "[27]牛若丸(Rider)★3": 1, "[28]亚历山大(Rider)★3": 2, "[273]曼迪卡尔多(Rider)★3": 1, "[332]多布雷尼亚·尼基季奇(Rider)★4": 1, "[31]美狄亚(Caster)★3": 4, "[79]冯·霍恩海姆·帕拉塞尔苏斯(Caster)★3": 1, "[104]杰罗尼莫(Caster)★3": 1, "[284]阿尔托莉雅·卡斯特(Caster)★5": 1, "[348]張角(Caster)★3": 1, "[110]百貌哈桑(Assassin)★3": 1, "[81]亨利·杰基尔＆海德(Assassin)★3": 2, "[117]风魔小太郎(Assassin)★3": 1, "[49]虎狼(Berserker)★3": 1, "[55]大流士三世(Berserker)★3": 1, "[1]玛修·基列莱特(Shielder)★3": 1, "[352]徐福(Alterego)★3": 1, "[335]ヘファイスティオン(Pretender)★4": 1}
礼装: {"[21]钢之锻炼★4": 1, "[22]原始咒术★4": 1, "[74]觉醒的意志★4": 1, "[182]毒蛇一艺★4": 1, "[244]四枝之浅滩★3": 1, "[246]特辣麻婆豆腐★3": 1, "[247]宝石剑泽尔里奇★3": 1, "[265]卡姆兰之战★3": 1, "[331]佛拉格拉克★3": 1, "[419]返老还童的灵药★3": 1, "[420]谜之面具群★3": 2, "[580]瓦砾的圣堂★3": 1, "[581]手无寸铁慎二君★3": 1, "[582]阿特拉斯院★3": 1, "[674]神造兵器★3": 3, "[1270]庆祝回忆★5": 3, "[1271]头脑风暴★4": 4, "[1272]散状花★3": 1, "[1413]虚数属性★4": 1, "[1513]穗群原学园学生会长★3": 1, "[1577]告解の惑い場★4": 1, "[1610]枯れない花★3": 1, "[1670]狩人の夢★4": 1}

编号[c6caba02d3f66682720dd93510338d0c]
等级: 1
圣晶石: 312
圣晶片: 3
呼符: 26
金/银/铜/青苹果: 44/0/0/0
登陆天数: 20天 / 99天
从者: {"[227]兰陵王(Saber)★4": 1, "[13]罗宾汉(Archer)★3": 1, "[63]大卫(Archer)★3": 1, "[17]库·丘林(Lancer)★3": 2, "[64]赫克托耳(Lancer)★3": 1, "[23]歌果(Rider)★3": 1, "[26]布狄卡(Rider)★3": 1, "[273]曼迪卡尔多(Rider)★3": 2, "[31]美狄亚(Caster)★3": 1, "[79]冯·霍恩海姆·帕拉塞尔苏斯(Caster)★3": 1, "[80]查尔斯·巴贝奇(Caster)★3": 1, "[120]尼托克丽丝(Caster)★4": 1, "[35]梅菲斯托费勒斯(Caster)★3": 1, "[284]阿尔托莉雅·卡斯特(Caster)★5": 1, "[81]亨利·杰基尔＆海德(Assassin)★3": 2, "[124]静谧哈桑(Assassin)★3": 1, "[117]风魔小太郎(Assassin)★3": 1, "[49]虎狼(Berserker)★3": 1, "[58]玉藻猫(Berserker)★4": 1, "[202]阿塔兰忒〔Alter〕(Berserker)★4": 1, "[1]玛修·基列莱特(Shielder)★3": 1}
礼装: {"[26]宝石魔术·对影★4": 1, "[58]另一个结局★5": 1, "[91]爱之灵药★3": 1, "[182]毒蛇一艺★4": 1, "[186]情窦未开的千金★4": 1, "[243]Bronze-Link Manipulators★3": 1, "[246]特辣麻婆豆腐★3": 1, "[331]佛拉格拉克★3": 1, "[332]天之逆月★3": 1, "[418]固有结界★3": 1, "[585]幻想种★3": 3, "[815]樱的特制便当★3": 1, "[1270]庆祝回忆★5": 1, "[1271]头脑风暴★4": 2, "[1272]散状花★3": 2, "[1414]愿望之容器★4": 1, "[1513]穗群原学园学生会长★3": 2}

编号[e001a83b994a451975a1d2e2a64140cd]
等级: 1
圣晶石: 225
圣晶片: 3
呼符: 50
金/银/铜/青苹果: 43/0/0/0
登陆天数: 20天 / 98天
从者: {"[7]盖乌斯·尤利乌斯·恺撒(Saber)★3": 1, "[11]卫宫(Archer)★4": 1, "[13]罗宾汉(Archer)★3": 2, "[125]俵藤太(Archer)★3": 1, "[95]幼吉尔(Archer)★3": 2, "[17]库·丘林(Lancer)★3": 1, "[71]迪尔姆德·奥迪那(Lancer)★3": 1, "[66]安妮·伯妮＆玛莉·瑞德(Rider)★4": 1, "[27]牛若丸(Rider)★3": 1, "[28]亚历山大(Rider)★3": 1, "[120]尼托克丽丝(Caster)★4": 2, "[284]阿尔托莉雅·卡斯特(Caster)★5": 1, "[348]張角(Caster)★3": 1, "[124]静谧哈桑(Assassin)★3": 1, "[117]风魔小太郎(Assassin)★3": 1, "[55]大流士三世(Berserker)★3": 2, "[1]玛修·基列莱特(Shielder)★3": 1}
礼装: {"[37]芦苇海★3": 1, "[89]柳洞寺★3": 1, "[91]爱之灵药★3": 1, "[247]宝石剑泽尔里奇★3": 1, "[331]佛拉格拉克★3": 1, "[418]固有结界★3": 1, "[420]谜之面具群★3": 1, "[815]樱的特制便当★3": 1, "[1270]庆祝回忆★5": 1, "[1271]头脑风暴★4": 1, "[1272]散状花★3": 4, "[1607]投影装填★4": 1, "[1692]免許皆伝★4": 1}

编号[3d93f0e4ad0766ff57b8eb6ee4d6fdf5]
等级: 1
圣晶石: 0
圣晶片: 3
呼符: 0
金/银/铜/青苹果: 44/0/0/0
登陆天数: 20天 / 98天
从者: {"[7]盖乌斯·尤利乌斯·恺撒(Saber)★3": 2, "[72]弗格斯·马克·罗伊(Saber)★3": 1, "[9]吉尔·德·雷(Saber)★3": 2, "[227]兰陵王(Saber)★4": 1, "[13]罗宾汉(Archer)★3": 1, "[63]大卫(Archer)★3": 1, "[105]比利小子(Archer)★3": 1, "[15]尤瑞艾莉(Archer)★3": 1, "[125]俵藤太(Archer)★3": 1, "[95]幼吉尔(Archer)★3": 2, "[17]库·丘林(Lancer)★3": 1, "[71]迪尔姆德·奥迪那(Lancer)★3": 4, "[18]伊丽莎白·巴托里(Lancer)★4": 1, "[20]库·丘林〔Prototype〕(Lancer)★3": 1, "[22]罗穆路斯(Lancer)★3": 2, "[64]赫克托耳(Lancer)★3": 2, "[193]莲偶(Lancer)★4": 1, "[23]歌果(Rider)★3": 2, "[94]阿斯托尔福(Rider)★4": 1, "[26]布狄卡(Rider)★3": 4, "[27]牛若丸(Rider)★3": 2, "[28]亚历山大(Rider)★3": 2, "[273]曼迪卡尔多(Rider)★3": 4, "[31]美狄亚(Caster)★3": 1, "[79]冯·霍恩海姆·帕拉塞尔苏斯(Caster)★3": 1, "[80]查尔斯·巴贝奇(Caster)★3": 1, "[35]梅菲斯托费勒斯(Caster)★3": 2, "[104]杰罗尼莫(Caster)★3": 3, "[145]吉尔伽美什(Caster)★4": 1, "[203]阿维斯布隆(Caster)★3": 1, "[348]張角(Caster)★3": 2, "[110]百貌哈桑(Assassin)★3": 1, "[81]亨利·杰基尔＆海德(Assassin)★3": 2, "[124]静谧哈桑(Assassin)★3": 1, "[42]匕见(Assassin)★3": 2, "[117]风魔小太郎(Assassin)★3": 2, "[185]望月千代女(Assassin)★4": 1, "[49]虎狼(Berserker)★3": 2, "[56]清姬(Berserker)★3": 1, "[306]伽拉忒亚(Berserker)★5": 1, "[1]玛修·基列莱特(Shielder)★3": 1, "[352]徐福(Alterego)★3": 1}
礼装: {"[24]Gandr★4": 1, "[26]宝石魔术·对影★4": 1, "[56]指令咏唱★4": 2, "[89]柳洞寺★3": 2, "[98]千年黄金树★4": 2, "[186]情窦未开的千金★4": 2, "[243]Bronze-Link Manipulators★3": 1, "[244]四枝之浅滩★3": 1, "[333]许德拉匕首★3": 1, "[246]特辣麻婆豆腐★3": 2, "[247]宝石剑泽尔里奇★3": 1, "[265]卡姆兰之战★3": 2, "[331]佛拉格拉克★3": 4, "[419]返老还童的灵药★3": 2, "[420]谜之面具群★3": 1, "[580]瓦砾的圣堂★3": 1, "[581]手无寸铁慎二君★3": 2, "[691]噬魂★3": 2, "[1208]韵律诗节★4": 1, "[1270]庆祝回忆★5": 11, "[1271]头脑风暴★4": 7, "[1272]散状花★3": 10, "[1316]王者的气质★4": 1, "[1413]虚数属性★4": 1, "[1414]愿望之容器★4": 1, "[1415]匮乏之人★3": 2, "[1513]穗群原学园学生会长★3": 1, "[1576]華の楽土★4": 1, "[1606]五大元素使い★5": 1, "[1607]投影装填★4": 1, "[1610]枯れない花★3": 3}

编号[b47d6d76378e22b8b2704f052c9524ef]
等级: 1
圣晶石: 126
圣晶片: 3
呼符: 50
金/银/铜/青苹果: 43/0/0/0
登陆天数: 20天 / 98天
从者: {"[9]吉尔·德·雷(Saber)★3": 1, "[223]迪尔姆德·奥迪那(Saber)★4": 1, "[245]拉克什米·芭伊(Saber)★4": 1, "[13]罗宾汉(Archer)★3": 2, "[63]大卫(Archer)★3": 1, "[105]比利小子(Archer)★3": 2, "[71]迪尔姆德·奥迪那(Lancer)★3": 1, "[18]伊丽莎白·巴托里(Lancer)★4": 1, "[20]库·丘林〔Prototype〕(Lancer)★3": 2, "[22]罗穆路斯(Lancer)★3": 2, "[64]赫克托耳(Lancer)★3": 1, "[94]阿斯托尔福(Rider)★4": 1, "[26]布狄卡(Rider)★3": 1, "[28]亚历山大(Rider)★3": 1, "[273]曼迪卡尔多(Rider)★3": 1, "[35]梅菲斯托费勒斯(Caster)★3": 2, "[104]杰罗尼莫(Caster)★3": 1, "[284]阿尔托莉雅·卡斯特(Caster)★5": 1, "[81]亨利·杰基尔＆海德(Assassin)★3": 1, "[42]匕见(Assassin)★3": 1, "[185]望月千代女(Assassin)★4": 1, "[49]虎狼(Berserker)★3": 3, "[1]玛修·基列莱特(Shielder)★3": 1, "[352]徐福(Alterego)★3": 1}
礼装: {"[37]芦苇海★3": 1, "[56]指令咏唱★4": 1, "[183]死之艺术★4": 1, "[184]柔软的慈爱★4": 1, "[243]Bronze-Link Manipulators★3": 2, "[333]许德拉匕首★3": 2, "[247]宝石剑泽尔里奇★3": 2, "[331]佛拉格拉克★3": 1, "[332]天之逆月★3": 1, "[418]固有结界★3": 2, "[581]手无寸铁慎二君★3": 2, "[582]阿特拉斯院★3": 2, "[585]幻想种★3": 1, "[1208]韵律诗节★4": 1, "[1270]庆祝回忆★5": 3, "[1271]头脑风暴★4": 4, "[1272]散状花★3": 5, "[1413]虚数属性★4": 1, "[1415]匮乏之人★3": 3, "[1513]穗群原学园学生会长★3": 1, "[1610]枯れない花★3": 2, "[1692]免許皆伝★4": 1}

编号[73dd9042d494f24f19ee89b5fc38859e]
等级: 1
圣晶石: 189
圣晶片: 3
呼符: 50
金/银/铜/青苹果: 43/0/0/0
登陆天数: 20天 / 98天
从者: {"[9]吉尔·德·雷(Saber)★3": 1, "[245]拉克什米·芭伊(Saber)★4": 2, "[63]大卫(Archer)★3": 1, "[15]尤瑞艾莉(Archer)★3": 1, "[95]幼吉尔(Archer)★3": 1, "[246]威廉·退尔(Archer)★3": 1, "[71]迪尔姆德·奥迪那(Lancer)★3": 1, "[20]库·丘林〔Prototype〕(Lancer)★3": 1, "[22]罗穆路斯(Lancer)★3": 1, "[186]宝藏院胤舜(Lancer)★3": 1, "[64]赫克托耳(Lancer)★3": 2, "[23]歌果(Rider)★3": 1, "[27]牛若丸(Rider)★3": 1, "[28]亚历山大(Rider)★3": 1, "[31]美狄亚(Caster)★3": 1, "[104]杰罗尼莫(Caster)★3": 1, "[203]阿维斯布隆(Caster)★3": 1, "[284]阿尔托莉雅·卡斯特(Caster)★5": 1, "[348]張角(Caster)★3": 1, "[81]亨利·杰基尔＆海德(Assassin)★3": 2, "[124]静谧哈桑(Assassin)★3": 1, "[117]风魔小太郎(Assassin)★3": 1, "[49]虎狼(Berserker)★3": 1, "[56]清姬(Berserker)★3": 1, "[1]玛修·基列莱特(Shielder)★3": 1, "[242]阿斯特赖亚(Ruler)★4": 1, "[352]徐福(Alterego)★3": 2}
礼装: {"[26]宝石魔术·对影★4": 1, "[28]虚数魔术★4": 1, "[37]芦苇海★3": 1, "[56]指令咏唱★4": 1, "[73]死灵魔术★4": 1, "[91]爱之灵药★3": 1, "[183]死之艺术★4": 1, "[243]Bronze-Link Manipulators★3": 1, "[331]佛拉格拉克★3": 1, "[418]固有结界★3": 2, "[581]手无寸铁慎二君★3": 1, "[674]神造兵器★3": 2, "[815]樱的特制便当★3": 2, "[1270]庆祝回忆★5": 1, "[1272]散状花★3": 4, "[1576]華の楽土★4": 1}

编号[1b786fcbc04083c92f83c5155c0d73ed]
等级: 1
圣晶石: 36
圣晶片: 3
呼符: 51
金/银/铜/青苹果: 43/0/0/0
登陆天数: 20天 / 99天
从者: {"[7]盖乌斯·尤利乌斯·恺撒(Saber)★3": 1, "[9]吉尔·德·雷(Saber)★3": 2, "[245]拉克什米·芭伊(Saber)★4": 1, "[298]渡边纲(Saber)★4": 1, "[13]罗宾汉(Archer)★3": 2, "[63]大卫(Archer)★3": 1, "[15]尤瑞艾莉(Archer)★3": 2, "[125]俵藤太(Archer)★3": 1, "[246]威廉·退尔(Archer)★3": 1, "[17]库·丘林(Lancer)★3": 1, "[71]迪尔姆德·奥迪那(Lancer)★3": 2, "[20]库·丘林〔Prototype〕(Lancer)★3": 1, "[22]罗穆路斯(Lancer)★3": 1, "[186]宝藏院胤舜(Lancer)★3": 1, "[64]赫克托耳(Lancer)★3": 3, "[23]歌果(Rider)★3": 5, "[26]布狄卡(Rider)★3": 2, "[27]牛若丸(Rider)★3": 1, "[28]亚历山大(Rider)★3": 2, "[79]冯·霍恩海姆·帕拉塞尔苏斯(Caster)★3": 2, "[284]阿尔托莉雅·卡斯特(Caster)★5": 1, "[81]亨利·杰基尔＆海德(Assassin)★3": 2, "[124]静谧哈桑(Assassin)★3": 2, "[42]匕见(Assassin)★3": 1, "[117]风魔小太郎(Assassin)★3": 1, "[49]虎狼(Berserker)★3": 3, "[55]大流士三世(Berserker)★3": 2, "[56]清姬(Berserker)★3": 1, "[1]玛修·基列莱特(Shielder)★3": 1}
礼装: {"[67]2030年的碎片★5": 1, "[91]爱之灵药★3": 2, "[243]Bronze-Link Manipulators★3": 6, "[333]许德拉匕首★3": 1, "[247]宝石剑泽尔里奇★3": 2, "[264]援护射击★4": 4, "[265]卡姆兰之战★3": 1, "[331]佛拉格拉克★3": 1, "[332]天之逆月★3": 2, "[419]返老还童的灵药★3": 1, "[420]谜之面具群★3": 1, "[580]瓦砾的圣堂★3": 1, "[581]手无寸铁慎二君★3": 2, "[582]阿特拉斯院★3": 2, "[585]幻想种★3": 1, "[674]神造兵器★3": 3, "[691]噬魂★3": 2, "[1270]庆祝回忆★5": 2, "[1271]头脑风暴★4": 5, "[1272]散状花★3": 9, "[1316]王者的气质★4": 1, "[1415]匮乏之人★3": 1, "[1512]庭园的守护者★4": 1, "[1576]華の楽土★4": 1, "[1608]悲願の継承★4": 1, "[1610]枯れない花★3": 1, "[1670]狩人の夢★4": 1, "[1692]免許皆伝★4": 1}

编号[7db5d4f873cb58fea6208841cc865b8e]
等级: 1
圣晶石: 300
圣晶片: 3
呼符: 50
金/银/铜/青苹果: 43/0/0/0
登陆天数: 20天 / 98天
从者: {"[7]盖乌斯·尤利乌斯·恺撒(Saber)★3": 1, "[325]芝诺比阿(Archer)★4": 1, "[71]迪尔姆德·奥迪那(Lancer)★3": 1, "[64]赫克托耳(Lancer)★3": 1, "[27]牛若丸(Rider)★3": 1, "[31]美狄亚(Caster)★3": 1, "[79]冯·霍恩海姆·帕拉塞尔苏斯(Caster)★3": 1, "[284]阿尔托莉雅·卡斯特(Caster)★5": 1, "[1]玛修·基列莱特(Shielder)★3": 1}
礼装: {"[56]指令咏唱★4": 1}

编号[973d37b982e912e8d7b88dd42acf16a5]
等级: 1
圣晶石: 279
圣晶片: 3
呼符: 51
金/银/铜/青苹果: 43/0/0/0
登陆天数: 20天 / 99天
从者: {"[7]盖乌斯·尤利乌斯·恺撒(Saber)★3": 1, "[13]罗宾汉(Archer)★3": 1, "[26]布狄卡(Rider)★3": 1, "[31]美狄亚(Caster)★3": 1, "[284]阿尔托莉雅·卡斯特(Caster)★5": 1, "[41]斯忒诺(Assassin)★4": 1, "[55]大流士三世(Berserker)★3": 1, "[56]清姬(Berserker)★3": 1, "[1]玛修·基列莱特(Shielder)★3": 1, "[352]徐福(Alterego)★3": 1}
礼装: {"[21]钢之锻炼★4": 1, "[22]原始咒术★4": 1, "[89]柳洞寺★3": 1, "[332]天之逆月★3": 1, "[585]幻想种★3": 1, "[1270]庆祝回忆★5": 1}

编号[32f1afbf488a66d38e1dba1b2e82a110]
等级: 1
圣晶石: 39
圣晶片: 3
呼符: 50
金/银/铜/青苹果: 43/0/0/0
登陆天数: 20天 / 98天
从者: {"[72]弗格斯·马克·罗伊(Saber)★3": 3, "[9]吉尔·德·雷(Saber)★3": 1, "[298]渡边纲(Saber)★4": 1, "[11]卫宫(Archer)★4": 1, "[13]罗宾汉(Archer)★3": 1, "[63]大卫(Archer)★3": 1, "[105]比利小子(Archer)★3": 2, "[15]尤瑞艾莉(Archer)★3": 1, "[125]俵藤太(Archer)★3": 1, "[95]幼吉尔(Archer)★3": 3, "[246]威廉·退尔(Archer)★3": 2, "[17]库·丘林(Lancer)★3": 1, "[71]迪尔姆德·奥迪那(Lancer)★3": 2, "[20]库·丘林〔Prototype〕(Lancer)★3": 1, "[186]宝藏院胤舜(Lancer)★3": 1, "[64]赫克托耳(Lancer)★3": 3, "[214]瓦尔基里(Lancer)★4": 1, "[23]歌果(Rider)★3": 2, "[27]牛若丸(Rider)★3": 1, "[28]亚历山大(Rider)★3": 4, "[273]曼迪卡尔多(Rider)★3": 1, "[79]冯·霍恩海姆·帕拉塞尔苏斯(Caster)★3": 4, "[80]查尔斯·巴贝奇(Caster)★3": 1, "[35]梅菲斯托费勒斯(Caster)★3": 1, "[104]杰罗尼莫(Caster)★3": 3, "[284]阿尔托莉雅·卡斯特(Caster)★5": 1, "[348]張角(Caster)★3": 1, "[110]百貌哈桑(Assassin)★3": 1, "[81]亨利·杰基尔＆海德(Assassin)★3": 1, "[42]匕见(Assassin)★3": 2, "[117]风魔小太郎(Assassin)★3": 1, "[48]兰斯洛特(Berserker)★4": 1, "[49]虎狼(Berserker)★3": 1, "[55]大流士三世(Berserker)★3": 2, "[56]清姬(Berserker)★3": 2, "[1]玛修·基列莱特(Shielder)★3": 1, "[352]徐福(Alterego)★3": 1}
礼装: {"[39]抹大拉的圣骸布★4": 1, "[89]柳洞寺★3": 1, "[91]爱之灵药★3": 2, "[98]千年黄金树★4": 1, "[247]宝石剑泽尔里奇★3": 1, "[265]卡姆兰之战★3": 3, "[331]佛拉格拉克★3": 2, "[332]天之逆月★3": 1, "[419]返老还童的灵药★3": 3, "[420]谜之面具群★3": 2, "[580]瓦砾的圣堂★3": 1, "[585]幻想种★3": 2, "[691]噬魂★3": 4, "[815]樱的特制便当★3": 3, "[1016]狂舞曲★4": 3, "[1129]祈祷救济之人★5": 1, "[1270]庆祝回忆★5": 2, "[1272]散状花★3": 5, "[1316]王者的气质★4": 1, "[1415]匮乏之人★3": 3, "[1485]冬之结晶★4": 1, "[1610]枯れない花★3": 2, "[1670]狩人の夢★4": 1}

编号[81a5b329fa343f37a544c2601d5351c9]
等级: 1
圣晶石: 0
圣晶片: 3
呼符: 0
金/银/铜/青苹果: 44/0/0/0
登陆天数: 20天 / 98天
从者: {"[7]盖乌斯·尤利乌斯·恺撒(Saber)★3": 1, "[72]弗格斯·马克·罗伊(Saber)★3": 1, "[9]吉尔·德·雷(Saber)★3": 1, "[165]铃鹿御前(Saber)★4": 1, "[223]迪尔姆德·奥迪那(Saber)★4": 1, "[13]罗宾汉(Archer)★3": 2, "[14]阿塔兰忒(Archer)★4": 1, "[63]大卫(Archer)★3": 1, "[105]比利小子(Archer)★3": 2, "[15]尤瑞艾莉(Archer)★3": 1, "[125]俵藤太(Archer)★3": 2, "[95]幼吉尔(Archer)★3": 2, "[17]库·丘林(Lancer)★3": 2, "[71]迪尔姆德·奥迪那(Lancer)★3": 2, "[20]库·丘林〔Prototype〕(Lancer)★3": 2, "[22]罗穆路斯(Lancer)★3": 2, "[186]宝藏院胤舜(Lancer)★3": 1, "[64]赫克托耳(Lancer)★3": 2, "[146]美杜莎(Lancer)★4": 1, "[313]珀西瓦尔(Lancer)★4": 1, "[23]歌果(Rider)★3": 2, "[94]阿斯托尔福(Rider)★4": 1, "[26]布狄卡(Rider)★3": 1, "[27]牛若丸(Rider)★3": 1, "[28]亚历山大(Rider)★3": 1, "[273]曼迪卡尔多(Rider)★3": 1, "[80]查尔斯·巴贝奇(Caster)★3": 2, "[35]梅菲斯托费勒斯(Caster)★3": 1, "[104]杰罗尼莫(Caster)★3": 1, "[192]喀耳刻(Caster)★4": 1, "[203]阿维斯布隆(Caster)★3": 2, "[348]張角(Caster)★3": 3, "[110]百貌哈桑(Assassin)★3": 2, "[81]亨利·杰基尔＆海德(Assassin)★3": 1, "[124]静谧哈桑(Assassin)★3": 1, "[117]风魔小太郎(Assassin)★3": 2, "[170]周照(Assassin)★4": 1, "[49]虎狼(Berserker)★3": 2, "[55]大流士三世(Berserker)★3": 1, "[56]清姬(Berserker)★3": 1, "[171]彭忒西勒亚(Berserker)★4": 1, "[1]玛修·基列莱特(Shielder)★3": 1, "[352]徐福(Alterego)★3": 3}
礼装: {"[24]Gandr★4": 1, "[40]宇宙棱镜★5": 1, "[89]柳洞寺★3": 1, "[246]特辣麻婆豆腐★3": 1, "[331]佛拉格拉克★3": 2, "[332]天之逆月★3": 1, "[420]谜之面具群★3": 4, "[581]手无寸铁慎二君★3": 1, "[674]神造兵器★3": 2, "[691]噬魂★3": 1, "[814]清扫者★4": 1, "[815]樱的特制便当★3": 1, "[913]远方的前路★4": 1, "[1270]庆祝回忆★5": 5, "[1271]头脑风暴★4": 10, "[1272]散状花★3": 20, "[1315]恋之诅咒★5": 1, "[1316]王者的气质★4": 1, "[1412]宝石的魔弹★4": 1, "[1415]匮乏之人★3": 7, "[1485]冬之结晶★4": 1, "[1512]庭园的守护者★4": 2, "[1513]穗群原学园学生会长★3": 1, "[1610]枯れない花★3": 1}

编号[0e28929ffa76ddfbf50268ba0471ae17]
等级: 1
圣晶石: 0
圣晶片: 3
呼符: 0
金/银/铜/青苹果: 44/0/0/0
登陆天数: 20天 / 98天
从者: {"[7]盖乌斯·尤利乌斯·恺撒(Saber)★3": 2, "[72]弗格斯·马克·罗伊(Saber)★3": 2, "[121]兰斯洛特(Saber)★4": 1, "[9]吉尔·德·雷(Saber)★3": 1, "[165]铃鹿御前(Saber)★4": 1, "[223]迪尔姆德·奥迪那(Saber)★4": 1, "[245]拉克什米·芭伊(Saber)★4": 1, "[298]渡边纲(Saber)★4": 1, "[13]罗宾汉(Archer)★3": 4, "[63]大卫(Archer)★3": 2, "[15]尤瑞艾莉(Archer)★3": 1, "[125]俵藤太(Archer)★3": 1, "[95]幼吉尔(Archer)★3": 2, "[246]威廉·退尔(Archer)★3": 1, "[17]库·丘林(Lancer)★3": 3, "[71]迪尔姆德·奥迪那(Lancer)★3": 1, "[85]迦尔纳(Lancer)★5": 1, "[20]库·丘林〔Prototype〕(Lancer)★3": 2, "[22]罗穆路斯(Lancer)★3": 2, "[87]芬恩·麦克库尔(Lancer)★4": 1, "[186]宝藏院胤舜(Lancer)★3": 2, "[64]赫克托耳(Lancer)★3": 2, "[23]歌果(Rider)★3": 1, "[26]布狄卡(Rider)★3": 2, "[27]牛若丸(Rider)★3": 1, "[28]亚历山大(Rider)★3": 1, "[273]曼迪卡尔多(Rider)★3": 2, "[31]美狄亚(Caster)★3": 2, "[79]冯·霍恩海姆·帕拉塞尔苏斯(Caster)★3": 1, "[80]查尔斯·巴贝奇(Caster)★3": 2, "[35]梅菲斯托费勒斯(Caster)★3": 1, "[104]杰罗尼莫(Caster)★3": 3, "[169]山鲁佐德(Caster)★5": 1, "[203]阿维斯布隆(Caster)★3": 1, "[110]百貌哈桑(Assassin)★3": 1, "[81]亨利·杰基尔＆海德(Assassin)★3": 1, "[124]静谧哈桑(Assassin)★3": 2, "[42]匕见(Assassin)★3": 1, "[117]风魔小太郎(Assassin)★3": 1, "[47]赫拉克勒斯(Berserker)★4": 2, "[49]虎狼(Berserker)★3": 4, "[56]清姬(Berserker)★3": 1, "[1]玛修·基列莱特(Shielder)★3": 1, "[352]徐福(Alterego)★3": 4, "[335]ヘファイスティオン(Pretender)★4": 1}
礼装: {"[24]Gandr★4": 1, "[26]宝石魔术·对影★4": 2, "[89]柳洞寺★3": 1, "[91]爱之灵药★3": 2, "[184]柔软的慈爱★4": 1, "[188]觉醒之前★5": 1, "[243]Bronze-Link Manipulators★3": 2, "[246]特辣麻婆豆腐★3": 2, "[247]宝石剑泽尔里奇★3": 1, "[265]卡姆兰之战★3": 1, "[332]天之逆月★3": 1, "[420]谜之面具群★3": 3, "[580]瓦砾的圣堂★3": 2, "[581]手无寸铁慎二君★3": 3, "[582]阿特拉斯院★3": 1, "[674]神造兵器★3": 2, "[774]最后的叙述者★4": 2, "[815]樱的特制便当★3": 1, "[913]远方的前路★4": 1, "[1208]韵律诗节★4": 1, "[1270]庆祝回忆★5": 6, "[1271]头脑风暴★4": 4, "[1272]散状花★3": 16, "[1415]匮乏之人★3": 1, "[1458]魔道元帅★5": 1, "[1485]冬之结晶★4": 1, "[1513]穗群原学园学生会长★3": 2, "[1610]枯れない花★3": 4, "[1670]狩人の夢★4": 2, "[1692]免許皆伝★4": 2}

编号[f4e022f8ee55a233efe2b5e9d4789b79]
等级: 1
圣晶石: 42
圣晶片: 3
呼符: 44
金/银/铜/青苹果: 44/0/0/0
登陆天数: 20天 / 98天
从者: {"[7]盖乌斯·尤利乌斯·恺撒(Saber)★3": 2, "[72]弗格斯·马克·罗伊(Saber)★3": 1, "[121]兰斯洛特(Saber)★4": 1, "[9]吉尔·德·雷(Saber)★3": 1, "[245]拉克什米·芭伊(Saber)★4": 1, "[13]罗宾汉(Archer)★3": 1, "[63]大卫(Archer)★3": 1, "[105]比利小子(Archer)★3": 1, "[15]尤瑞艾莉(Archer)★3": 1, "[125]俵藤太(Archer)★3": 1, "[95]幼吉尔(Archer)★3": 1, "[246]威廉·退尔(Archer)★3": 1, "[17]库·丘林(Lancer)★3": 1, "[71]迪尔姆德·奥迪那(Lancer)★3": 1, "[18]伊丽莎白·巴托里(Lancer)★4": 1, "[20]库·丘林〔Prototype〕(Lancer)★3": 1, "[22]罗穆路斯(Lancer)★3": 1, "[146]美杜莎(Lancer)★4": 1, "[23]歌果(Rider)★3": 1, "[27]牛若丸(Rider)★3": 1, "[273]曼迪卡尔多(Rider)★3": 1, "[31]美狄亚(Caster)★3": 1, "[79]冯·霍恩海姆·帕拉塞尔苏斯(Caster)★3": 1, "[80]查尔斯·巴贝奇(Caster)★3": 1, "[120]尼托克丽丝(Caster)★4": 1, "[35]梅菲斯托费勒斯(Caster)★3": 1, "[104]杰罗尼莫(Caster)★3": 1, "[203]阿维斯布隆(Caster)★3": 1, "[284]阿尔托莉雅·卡斯特(Caster)★5": 1, "[348]張角(Caster)★3": 1, "[110]百貌哈桑(Assassin)★3": 1, "[81]亨利·杰基尔＆海德(Assassin)★3": 2, "[42]匕见(Assassin)★3": 1, "[117]风魔小太郎(Assassin)★3": 1, "[47]赫拉克勒斯(Berserker)★4": 1, "[49]虎狼(Berserker)★3": 2, "[55]大流士三世(Berserker)★3": 1, "[56]清姬(Berserker)★3": 1, "[58]玉藻猫(Berserker)★4": 1, "[226]重瞳(Berserker)★5": 1, "[1]玛修·基列莱特(Shielder)★3": 1, "[352]徐福(Alterego)★3": 2}
礼装: {"[28]虚数魔术★4": 1, "[176]记录保持者★4": 1, "[333]许德拉匕首★3": 1, "[419]返老还童的灵药★3": 1, "[1015]黄昏的王圣★5": 1, "[1270]庆祝回忆★5": 2, "[1271]头脑风暴★4": 2, "[1272]散状花★3": 15, "[1415]匮乏之人★3": 2, "[1512]庭园的守护者★4": 2, "[1513]穗群原学园学生会长★3": 2, "[1607]投影装填★4": 1, "[1610]枯れない花★3": 2}

编号[826ee79223537ad1d998e51a85fd6676]
等级: 1
圣晶石: 123
圣晶片: 3
呼符: 50
金/银/铜/青苹果: 43/0/0/0
登陆天数: 20天 / 98天
从者: {"[72]弗格斯·马克·罗伊(Saber)★3": 3, "[9]吉尔·德·雷(Saber)★3": 1, "[13]罗宾汉(Archer)★3": 1, "[95]幼吉尔(Archer)★3": 1, "[325]芝诺比阿(Archer)★4": 2, "[17]库·丘林(Lancer)★3": 3, "[71]迪尔姆德·奥迪那(Lancer)★3": 1, "[20]库·丘林〔Prototype〕(Lancer)★3": 1, "[22]罗穆路斯(Lancer)★3": 2, "[186]宝藏院胤舜(Lancer)★3": 1, "[66]安妮·伯妮＆玛莉·瑞德(Rider)★4": 1, "[26]布狄卡(Rider)★3": 2, "[27]牛若丸(Rider)★3": 1, "[28]亚历山大(Rider)★3": 1, "[273]曼迪卡尔多(Rider)★3": 1, "[332]多布雷尼亚·尼基季奇(Rider)★4": 1, "[31]美狄亚(Caster)★3": 2, "[79]冯·霍恩海姆·帕拉塞尔苏斯(Caster)★3": 2, "[104]杰罗尼莫(Caster)★3": 2, "[203]阿维斯布隆(Caster)★3": 1, "[284]阿尔托莉雅·卡斯特(Caster)★5": 1, "[348]張角(Caster)★3": 1, "[81]亨利·杰基尔＆海德(Assassin)★3": 2, "[47]赫拉克勒斯(Berserker)★4": 1, "[49]虎狼(Berserker)★3": 3, "[55]大流士三世(Berserker)★3": 1, "[1]玛修·基列莱特(Shielder)★3": 1}
礼装: {"[26]宝石魔术·对影★4": 1, "[74]觉醒的意志★4": 1, "[244]四枝之浅滩★3": 1, "[246]特辣麻婆豆腐★3": 2, "[247]宝石剑泽尔里奇★3": 2, "[264]援护射击★4": 1, "[331]佛拉格拉克★3": 1, "[332]天之逆月★3": 1, "[418]固有结界★3": 3, "[419]返老还童的灵药★3": 1, "[585]幻想种★3": 1, "[674]神造兵器★3": 1, "[774]最后的叙述者★4": 1, "[815]樱的特制便当★3": 1, "[1270]庆祝回忆★5": 4, "[1271]头脑风暴★4": 3, "[1272]散状花★3": 3, "[1316]王者的气质★4": 1, "[1415]匮乏之人★3": 1, "[1458]魔道元帅★5": 2, "[1513]穗群原学园学生会长★3": 2, "[1576]華の楽土★4": 1, "[1610]枯れない花★3": 1}

编号[b0cb0ff96aa547a8389404dfa64cad0a]
等级: 1
圣晶石: 213
圣晶片: 3
呼符: 50
金/银/铜/青苹果: 43/0/0/0
登陆天数: 20天 / 98天
从者: {"[6]齐格飞(Saber)★4": 1, "[9]吉尔·德·雷(Saber)★3": 2, "[15]尤瑞艾莉(Archer)★3": 3, "[18]伊丽莎白·巴托里(Lancer)★4": 1, "[64]赫克托耳(Lancer)★3": 1, "[214]瓦尔基里(Lancer)★4": 1, "[23]歌果(Rider)★3": 1, "[26]布狄卡(Rider)★3": 2, "[273]曼迪卡尔多(Rider)★3": 1, "[31]美狄亚(Caster)★3": 2, "[80]查尔斯·巴贝奇(Caster)★3": 1, "[104]杰罗尼莫(Caster)★3": 1, "[284]阿尔托莉雅·卡斯特(Caster)★5": 1, "[110]百貌哈桑(Assassin)★3": 1, "[81]亨利·杰基尔＆海德(Assassin)★3": 1, "[159]燕青(Assassin)★4": 1, "[170]周照(Assassin)★4": 1, "[49]虎狼(Berserker)★3": 2, "[58]玉藻猫(Berserker)★4": 1, "[1]玛修·基列莱特(Shielder)★3": 1, "[352]徐福(Alterego)★3": 1}
礼装: {"[26]宝石魔术·对影★4": 1, "[40]宇宙棱镜★5": 1, "[56]指令咏唱★4": 1, "[247]宝石剑泽尔里奇★3": 1, "[691]噬魂★3": 1, "[1016]狂舞曲★4": 1, "[1270]庆祝回忆★5": 3, "[1271]头脑风暴★4": 2, "[1272]散状花★3": 2, "[1412]宝石的魔弹★4": 1, "[1610]枯れない花★3": 2}

编号[ad1255b1e53e59989d4276869eaa43d4]
等级: 1
圣晶石: 261
圣晶片: 3
呼符: 50
金/银/铜/青苹果: 43/0/0/0
登陆天数: 20天 / 98天
从者: {"[9]吉尔·德·雷(Saber)★3": 2, "[17]库·丘林(Lancer)★3": 2, "[20]库·丘林〔Prototype〕(Lancer)★3": 1, "[186]宝藏院胤舜(Lancer)★3": 1, "[64]赫克托耳(Lancer)★3": 1, "[26]布狄卡(Rider)★3": 1, "[273]曼迪卡尔多(Rider)★3": 1, "[79]冯·霍恩海姆·帕拉塞尔苏斯(Caster)★3": 1, "[35]梅菲斯托费勒斯(Caster)★3": 1, "[284]阿尔托莉雅·卡斯特(Caster)★5": 1, "[58]玉藻猫(Berserker)★4": 1, "[1]玛修·基列莱特(Shielder)★3": 1}
礼装: {"[32]虚数环★5": 1, "[89]柳洞寺★3": 1, "[265]卡姆兰之战★3": 1, "[581]手无寸铁慎二君★3": 1, "[674]神造兵器★3": 1, "[1415]匮乏之人★3": 2, "[1485]冬之结晶★4": 1}

编号[108ca8d439455c4eb2b035effa24dbc5]
等级: 1
圣晶石: 288
圣晶片: 3
呼符: 46
金/银/铜/青苹果: 44/0/0/0
登陆天数: 20天 / 98天
从者: {"[72]弗格斯·马克·罗伊(Saber)★3": 1, "[13]罗宾汉(Archer)★3": 2, "[140]弗拉德三世〔EXTRA〕(Lancer)★4": 1, "[20]库·丘林〔Prototype〕(Lancer)★3": 1, "[22]罗穆路斯(Lancer)★3": 1, "[64]赫克托耳(Lancer)★3": 1, "[27]牛若丸(Rider)★3": 1, "[273]曼迪卡尔多(Rider)★3": 1, "[74]童谣(Caster)★4": 1, "[80]查尔斯·巴贝奇(Caster)★3": 1, "[284]阿尔托莉雅·卡斯特(Caster)★5": 1, "[55]大流士三世(Berserker)★3": 1, "[58]玉藻猫(Berserker)★4": 1, "[171]彭忒西勒亚(Berserker)★4": 1, "[1]玛修·基列莱特(Shielder)★3": 1, "[352]徐福(Alterego)★3": 1}
礼装: {"[24]Gandr★4": 1, "[26]宝石魔术·对影★4": 1, "[89]柳洞寺★3": 1, "[98]千年黄金树★4": 1, "[184]柔软的慈爱★4": 1, "[674]神造兵器★3": 1, "[1271]头脑风暴★4": 1, "[1272]散状花★3": 2}

编号[8001d2f3605290b4181fd8630acf8cf0]
等级: 1
圣晶石: 135
圣晶片: 3
呼符: 51
金/银/铜/青苹果: 43/0/0/0
登陆天数: 20天 / 99天
从者: {"[9]吉尔·德·雷(Saber)★3": 2, "[13]罗宾汉(Archer)★3": 1, "[15]尤瑞艾莉(Archer)★3": 1, "[125]俵藤太(Archer)★3": 2, "[95]幼吉尔(Archer)★3": 1, "[325]芝诺比阿(Archer)★4": 1, "[17]库·丘林(Lancer)★3": 1, "[71]迪尔姆德·奥迪那(Lancer)★3": 1, "[64]赫克托耳(Lancer)★3": 3, "[26]布狄卡(Rider)★3": 2, "[27]牛若丸(Rider)★3": 1, "[28]亚历山大(Rider)★3": 2, "[79]冯·霍恩海姆·帕拉塞尔苏斯(Caster)★3": 2, "[104]杰罗尼莫(Caster)★3": 3, "[284]阿尔托莉雅·卡斯特(Caster)★5": 1, "[348]張角(Caster)★3": 1, "[81]亨利·杰基尔＆海德(Assassin)★3": 1, "[41]斯忒诺(Assassin)★4": 1, "[42]匕见(Assassin)★3": 1, "[49]虎狼(Berserker)★3": 4, "[55]大流士三世(Berserker)★3": 1, "[226]重瞳(Berserker)★5": 1, "[1]玛修·基列莱特(Shielder)★3": 1, "[242]阿斯特赖亚(Ruler)★4": 1}
礼装: {"[89]柳洞寺★3": 1, "[91]爱之灵药★3": 1, "[176]记录保持者★4": 1, "[186]情窦未开的千金★4": 1, "[333]许德拉匕首★3": 2, "[246]特辣麻婆豆腐★3": 1, "[247]宝石剑泽尔里奇★3": 1, "[419]返老还童的灵药★3": 2, "[420]谜之面具群★3": 1, "[580]瓦砾的圣堂★3": 2, "[581]手无寸铁慎二君★3": 2, "[582]阿特拉斯院★3": 1, "[674]神造兵器★3": 1, "[1270]庆祝回忆★5": 2, "[1271]头脑风暴★4": 5, "[1272]散状花★3": 4, "[1412]宝石的魔弹★4": 1, "[1513]穗群原学园学生会长★3": 1}

编号[d5c6b16e236971c4f178cff7122c6773]
等级: 1
圣晶石: 66
圣晶片: 3
呼符: 0
金/银/铜/青苹果: 44/0/0/0
登陆天数: 20天 / 98天
从者: {"[7]盖乌斯·尤利乌斯·恺撒(Saber)★3": 3, "[72]弗格斯·马克·罗伊(Saber)★3": 1, "[121]兰斯洛特(Saber)★4": 1, "[9]吉尔·德·雷(Saber)★3": 1, "[13]罗宾汉(Archer)★3": 3, "[105]比利小子(Archer)★3": 1, "[15]尤瑞艾莉(Archer)★3": 2, "[125]俵藤太(Archer)★3": 1, "[95]幼吉尔(Archer)★3": 2, "[246]威廉·退尔(Archer)★3": 2, "[325]芝诺比阿(Archer)★4": 1, "[17]库·丘林(Lancer)★3": 2, "[20]库·丘林〔Prototype〕(Lancer)★3": 1, "[22]罗穆路斯(Lancer)★3": 1, "[186]宝藏院胤舜(Lancer)★3": 4, "[64]赫克托耳(Lancer)★3": 1, "[23]歌果(Rider)★3": 5, "[26]布狄卡(Rider)★3": 2, "[27]牛若丸(Rider)★3": 3, "[28]亚历山大(Rider)★3": 1, "[273]曼迪卡尔多(Rider)★3": 3, "[366]黄飛虎(Rider)★4": 1, "[31]美狄亚(Caster)★3": 2, "[79]冯·霍恩海姆·帕拉塞尔苏斯(Caster)★3": 2, "[80]查尔斯·巴贝奇(Caster)★3": 2, "[35]梅菲斯托费勒斯(Caster)★3": 1, "[104]杰罗尼莫(Caster)★3": 1, "[192]喀耳刻(Caster)★4": 2, "[203]阿维斯布隆(Caster)★3": 1, "[284]阿尔托莉雅·卡斯特(Caster)★5": 1, "[348]張角(Caster)★3": 1, "[110]百貌哈桑(Assassin)★3": 1, "[81]亨利·杰基尔＆海德(Assassin)★3": 1, "[124]静谧哈桑(Assassin)★3": 2, "[41]斯忒诺(Assassin)★4": 1, "[42]匕见(Assassin)★3": 1, "[109]卫宫〔Assassin〕(Assassin)★4": 1, "[117]风魔小太郎(Assassin)★3": 2, "[49]虎狼(Berserker)★3": 2, "[55]大流士三世(Berserker)★3": 2, "[56]清姬(Berserker)★3": 3, "[202]阿塔兰忒〔Alter〕(Berserker)★4": 1, "[1]玛修·基列莱特(Shielder)★3": 1, "[352]徐福(Alterego)★3": 1, "[158]黑森·罗伯(Avenger)★4": 1}
礼装: {"[21]钢之锻炼★4": 1, "[24]Gandr★4": 1, "[37]芦苇海★3": 1, "[56]指令咏唱★4": 1, "[89]柳洞寺★3": 3, "[244]四枝之浅滩★3": 1, "[246]特辣麻婆豆腐★3": 3, "[247]宝石剑泽尔里奇★3": 2, "[264]援护射击★4": 1, "[265]卡姆兰之战★3": 1, "[331]佛拉格拉克★3": 1, "[332]天之逆月★3": 1, "[418]固有结界★3": 1, "[420]谜之面具群★3": 1, "[580]瓦砾的圣堂★3": 2, "[581]手无寸铁慎二君★3": 1, "[582]阿特拉斯院★3": 1, "[585]幻想种★3": 1, "[691]噬魂★3": 1, "[814]清扫者★4": 1, "[1270]庆祝回忆★5": 2, "[1271]头脑风暴★4": 5, "[1272]散状花★3": 15, "[1316]王者的气质★4": 2, "[1412]宝石的魔弹★4": 2, "[1415]匮乏之人★3": 1, "[1513]穗群原学园学生会长★3": 2, "[1608]悲願の継承★4": 1, "[1609]代償魔術★4": 1, "[1610]枯れない花★3": 2, "[1692]免許皆伝★4": 1}

编号[8731caef31dae3632ebfd8e4c938f06a]
等级: 1
圣晶石: 162
圣晶片: 3
呼符: 50
金/银/铜/青苹果: 43/0/0/0
登陆天数: 20天 / 98天
从者: {"[72]弗格斯·马克·罗伊(Saber)★3": 2, "[9]吉尔·德·雷(Saber)★3": 1, "[298]渡边纲(Saber)★4": 1, "[13]罗宾汉(Archer)★3": 1, "[63]大卫(Archer)★3": 1, "[95]幼吉尔(Archer)★3": 1, "[71]迪尔姆德·奥迪那(Lancer)★3": 1, "[20]库·丘林〔Prototype〕(Lancer)★3": 1, "[186]宝藏院胤舜(Lancer)★3": 1, "[23]歌果(Rider)★3": 1, "[94]阿斯托尔福(Rider)★4": 1, "[26]布狄卡(Rider)★3": 2, "[35]梅菲斯托费勒斯(Caster)★3": 2, "[284]阿尔托莉雅·卡斯特(Caster)★5": 1, "[110]百貌哈桑(Assassin)★3": 1, "[159]燕青(Assassin)★4": 2, "[58]玉藻猫(Berserker)★4": 1, "[1]玛修·基列莱特(Shielder)★3": 1}
礼装: {"[21]钢之锻炼★4": 1, "[26]宝石魔术·对影★4": 2, "[91]爱之灵药★3": 1, "[184]柔软的慈爱★4": 1, "[185]月灵髓液★5": 1, "[186]情窦未开的千金★4": 1, "[333]许德拉匕首★3": 1, "[246]特辣麻婆豆腐★3": 1, "[247]宝石剑泽尔里奇★3": 1, "[420]谜之面具群★3": 2, "[580]瓦砾的圣堂★3": 2, "[582]阿特拉斯院★3": 1, "[585]幻想种★3": 2, "[674]神造兵器★3": 1, "[815]樱的特制便当★3": 2, "[1016]狂舞曲★4": 1, "[1270]庆祝回忆★5": 2, "[1271]头脑风暴★4": 1, "[1272]散状花★3": 8, "[1415]匮乏之人★3": 1, "[1513]穗群原学园学生会长★3": 1, "[1577]告解の惑い場★4": 1, "[1607]投影装填★4": 1, "[1610]枯れない花★3": 1, "[1670]狩人の夢★4": 1}

