编号[46fe9b6fc41d1f5d77861c6da5d699cb]
等级: 1
圣晶石: 0
圣晶片: 3
呼符: 0
金/银/铜/青苹果: 44/0/0/0
登陆天数: 1天 / 108天
从者: {"[7]盖乌斯·尤利乌斯·恺撒(Saber)★3": 2, "[72]弗格斯·马克·罗伊(Saber)★3": 1, "[245]拉克什米·芭伊(Saber)★4": 2, "[298]渡边纲(Saber)★4": 1, "[13]罗宾汉(Archer)★3": 2, "[63]大卫(Archer)★3": 1, "[105]比利小子(Archer)★3": 3, "[15]尤瑞艾莉(Archer)★3": 2, "[125]俵藤太(Archer)★3": 2, "[95]幼吉尔(Archer)★3": 1, "[246]威廉·退尔(Archer)★3": 2, "[17]库·丘林(Lancer)★3": 1, "[71]迪尔姆德·奥迪那(Lancer)★3": 2, "[20]库·丘林〔Prototype〕(Lancer)★3": 3, "[22]罗穆路斯(Lancer)★3": 1, "[186]宝藏院胤舜(Lancer)★3": 1, "[64]赫克托耳(Lancer)★3": 1, "[313]珀西瓦尔(Lancer)★4": 1, "[23]歌果(Rider)★3": 2, "[26]布狄卡(Rider)★3": 3, "[27]牛若丸(Rider)★3": 1, "[28]亚历山大(Rider)★3": 1, "[273]曼迪卡尔多(Rider)★3": 2, "[79]冯·霍恩海姆·帕拉塞尔苏斯(Caster)★3": 2, "[80]查尔斯·巴贝奇(Caster)★3": 1, "[120]尼托克丽丝(Caster)★4": 1, "[35]梅菲斯托费勒斯(Caster)★3": 1, "[104]杰罗尼莫(Caster)★3": 1, "[203]阿维斯布隆(Caster)★3": 3, "[348]張角(Caster)★3": 3, "[110]百貌哈桑(Assassin)★3": 1, "[81]亨利·杰基尔＆海德(Assassin)★3": 1, "[124]静谧哈桑(Assassin)★3": 1, "[41]斯忒诺(Assassin)★4": 1, "[109]卫宫〔Assassin〕(Assassin)★4": 2, "[46]卡米拉(Assassin)★4": 1, "[117]风魔小太郎(Assassin)★3": 1, "[170]周照(Assassin)★4": 1, "[49]虎狼(Berserker)★3": 1, "[55]大流士三世(Berserker)★3": 2, "[56]清姬(Berserker)★3": 3, "[58]玉藻猫(Berserker)★4": 1, "[116]茨木童子(Berserker)★4": 1, "[1]玛修·基列莱特(Shielder)★3": 1, "[352]徐福(Alterego)★3": 2}
礼装: {"[21]钢之锻炼★4": 1, "[24]Gandr★4": 1, "[33]限制/零毁★5": 1, "[35]天之杯★5": 1, "[89]柳洞寺★3": 2, "[91]爱之灵药★3": 1, "[184]柔软的慈爱★4": 1, "[186]情窦未开的千金★4": 2, "[244]四枝之浅滩★3": 1, "[333]许德拉匕首★3": 1, "[247]宝石剑泽尔里奇★3": 1, "[265]卡姆兰之战★3": 1, "[401]私室警备员★4": 1, "[420]谜之面具群★3": 3, "[580]瓦砾的圣堂★3": 2, "[581]手无寸铁慎二君★3": 1, "[585]幻想种★3": 1, "[674]神造兵器★3": 1, "[773]艳阳之下★5": 1, "[815]樱的特制便当★3": 2, "[913]远方的前路★4": 2, "[1270]庆祝回忆★5": 9, "[1271]头脑风暴★4": 5, "[1272]散状花★3": 19, "[1316]王者的气质★4": 1, "[1412]宝石的魔弹★4": 1, "[1415]匮乏之人★3": 1, "[1485]冬之结晶★4": 2, "[1512]庭园的守护者★4": 1, "[1513]穗群原学园学生会长★3": 5, "[1576]華の楽土★4": 1, "[1608]悲願の継承★4": 1, "[1610]枯れない花★3": 2}

编号[ecb9aa50e752d99ffa20d44fb68fbecd]
等级: 1
圣晶石: 42
圣晶片: 3
呼符: 6
金/银/铜/青苹果: 44/0/0/0
登陆天数: 1天 / 107天
从者: {"[7]盖乌斯·尤利乌斯·恺撒(Saber)★3": 1, "[72]弗格斯·马克·罗伊(Saber)★3": 2, "[9]吉尔·德·雷(Saber)★3": 1, "[11]卫宫(Archer)★4": 1, "[13]罗宾汉(Archer)★3": 2, "[63]大卫(Archer)★3": 1, "[105]比利小子(Archer)★3": 1, "[15]尤瑞艾莉(Archer)★3": 1, "[125]俵藤太(Archer)★3": 1, "[95]幼吉尔(Archer)★3": 1, "[184]巴御前(Archer)★4": 1, "[246]威廉·退尔(Archer)★3": 1, "[17]库·丘林(Lancer)★3": 1, "[71]迪尔姆德·奥迪那(Lancer)★3": 2, "[20]库·丘林〔Prototype〕(Lancer)★3": 3, "[22]罗穆路斯(Lancer)★3": 1, "[186]宝藏院胤舜(Lancer)★3": 2, "[64]赫克托耳(Lancer)★3": 4, "[23]歌果(Rider)★3": 2, "[26]布狄卡(Rider)★3": 2, "[27]牛若丸(Rider)★3": 1, "[28]亚历山大(Rider)★3": 1, "[273]曼迪卡尔多(Rider)★3": 1, "[31]美狄亚(Caster)★3": 2, "[79]冯·霍恩海姆·帕拉塞尔苏斯(Caster)★3": 3, "[80]查尔斯·巴贝奇(Caster)★3": 1, "[35]梅菲斯托费勒斯(Caster)★3": 3, "[104]杰罗尼莫(Caster)★3": 1, "[203]阿维斯布隆(Caster)★3": 1, "[284]阿尔托莉雅·卡斯特(Caster)★5": 1, "[348]張角(Caster)★3": 1, "[110]百貌哈桑(Assassin)★3": 2, "[124]静谧哈桑(Assassin)★3": 1, "[42]匕见(Assassin)★3": 1, "[117]风魔小太郎(Assassin)★3": 1, "[48]兰斯洛特(Berserker)★4": 1, "[49]虎狼(Berserker)★3": 1, "[55]大流士三世(Berserker)★3": 1, "[56]清姬(Berserker)★3": 1, "[58]玉藻猫(Berserker)★4": 1, "[1]玛修·基列莱特(Shielder)★3": 1, "[352]徐福(Alterego)★3": 3}
礼装: {"[22]原始咒术★4": 1, "[89]柳洞寺★3": 1, "[91]爱之灵药★3": 2, "[98]千年黄金树★4": 1, "[182]毒蛇一艺★4": 1, "[184]柔软的慈爱★4": 2, "[186]情窦未开的千金★4": 1, "[331]佛拉格拉克★3": 2, "[332]天之逆月★3": 1, "[419]返老还童的灵药★3": 1, "[420]谜之面具群★3": 3, "[580]瓦砾的圣堂★3": 1, "[581]手无寸铁慎二君★3": 3, "[582]阿特拉斯院★3": 1, "[585]幻想种★3": 1, "[814]清扫者★4": 1, "[1270]庆祝回忆★5": 2, "[1271]头脑风暴★4": 3, "[1272]散状花★3": 10, "[1411]重责者孤寂于此★5": 1, "[1412]宝石的魔弹★4": 1, "[1415]匮乏之人★3": 4, "[1513]穗群原学园学生会长★3": 1, "[1610]枯れない花★3": 5, "[1670]狩人の夢★4": 1, "[1692]免許皆伝★4": 1}

编号[368de41c60504f3f28e54051fd83a7b1]
等级: 1
圣晶石: 216
圣晶片: 3
呼符: 0
金/银/铜/青苹果: 44/0/0/0
登陆天数: 1天 / 107天
从者: {"[7]盖乌斯·尤利乌斯·恺撒(Saber)★3": 1, "[72]弗格斯·马克·罗伊(Saber)★3": 1, "[223]迪尔姆德·奥迪那(Saber)★4": 1, "[13]罗宾汉(Archer)★3": 1, "[105]比利小子(Archer)★3": 1, "[125]俵藤太(Archer)★3": 2, "[95]幼吉尔(Archer)★3": 1, "[212]拿破仑(Archer)★5": 1, "[71]迪尔姆德·奥迪那(Lancer)★3": 1, "[20]库·丘林〔Prototype〕(Lancer)★3": 1, "[22]罗穆路斯(Lancer)★3": 1, "[186]宝藏院胤舜(Lancer)★3": 1, "[64]赫克托耳(Lancer)★3": 2, "[23]歌果(Rider)★3": 2, "[27]牛若丸(Rider)★3": 1, "[28]亚历山大(Rider)★3": 2, "[273]曼迪卡尔多(Rider)★3": 3, "[332]多布雷尼亚·尼基季奇(Rider)★4": 1, "[79]冯·霍恩海姆·帕拉塞尔苏斯(Caster)★3": 1, "[80]查尔斯·巴贝奇(Caster)★3": 1, "[35]梅菲斯托费勒斯(Caster)★3": 1, "[192]喀耳刻(Caster)★4": 1, "[203]阿维斯布隆(Caster)★3": 1, "[284]阿尔托莉雅·卡斯特(Caster)★5": 1, "[110]百貌哈桑(Assassin)★3": 1, "[81]亨利·杰基尔＆海德(Assassin)★3": 1, "[42]匕见(Assassin)★3": 3, "[48]兰斯洛特(Berserker)★4": 1, "[49]虎狼(Berserker)★3": 1, "[55]大流士三世(Berserker)★3": 2, "[1]玛修·基列莱特(Shielder)★3": 1, "[352]徐福(Alterego)★3": 2, "[158]黑森·罗伯(Avenger)★4": 1}
礼装: {"[56]指令咏唱★4": 1, "[89]柳洞寺★3": 2, "[91]爱之灵药★3": 2, "[93]阿兰若★3": 1, "[98]千年黄金树★4": 1, "[244]四枝之浅滩★3": 2, "[246]特辣麻婆豆腐★3": 2, "[247]宝石剑泽尔里奇★3": 1, "[331]佛拉格拉克★3": 2, "[332]天之逆月★3": 1, "[401]私室警备员★4": 1, "[418]固有结界★3": 3, "[420]谜之面具群★3": 2, "[582]阿特拉斯院★3": 1, "[585]幻想种★3": 3, "[691]噬魂★3": 2, "[814]清扫者★4": 1, "[1270]庆祝回忆★5": 4, "[1271]头脑风暴★4": 6, "[1272]散状花★3": 9, "[1414]愿望之容器★4": 1, "[1415]匮乏之人★3": 2, "[1513]穗群原学园学生会长★3": 1, "[1577]告解の惑い場★4": 1, "[1610]枯れない花★3": 3, "[1692]免許皆伝★4": 2}

编号[0e73e4974ec19c81ba4a55cd05456f3c]
等级: 1
圣晶石: 123
圣晶片: 3
呼符: 50
金/银/铜/青苹果: 43/0/0/0
登陆天数: 1天 / 107天
从者: {"[245]拉克什米·芭伊(Saber)★4": 1, "[344]ローラン(Saber)★4": 1, "[13]罗宾汉(Archer)★3": 2, "[63]大卫(Archer)★3": 1, "[246]威廉·退尔(Archer)★3": 2, "[17]库·丘林(Lancer)★3": 3, "[20]库·丘林〔Prototype〕(Lancer)★3": 1, "[22]罗穆路斯(Lancer)★3": 1, "[64]赫克托耳(Lancer)★3": 2, "[23]歌果(Rider)★3": 1, "[26]布狄卡(Rider)★3": 2, "[27]牛若丸(Rider)★3": 1, "[31]美狄亚(Caster)★3": 1, "[79]冯·霍恩海姆·帕拉塞尔苏斯(Caster)★3": 1, "[104]杰罗尼莫(Caster)★3": 1, "[284]阿尔托莉雅·卡斯特(Caster)★5": 1, "[117]风魔小太郎(Assassin)★3": 3, "[159]燕青(Assassin)★4": 1, "[56]清姬(Berserker)★3": 1, "[1]玛修·基列莱特(Shielder)★3": 1, "[352]徐福(Alterego)★3": 1}
礼装: {"[56]指令咏唱★4": 1, "[89]柳洞寺★3": 1, "[91]爱之灵药★3": 1, "[182]毒蛇一艺★4": 1, "[183]死之艺术★4": 1, "[186]情窦未开的千金★4": 1, "[243]Bronze-Link Manipulators★3": 1, "[244]四枝之浅滩★3": 1, "[333]许德拉匕首★3": 1, "[246]特辣麻婆豆腐★3": 1, "[247]宝石剑泽尔里奇★3": 1, "[265]卡姆兰之战★3": 1, "[331]佛拉格拉克★3": 2, "[332]天之逆月★3": 2, "[419]返老还童的灵药★3": 1, "[580]瓦砾的圣堂★3": 2, "[581]手无寸铁慎二君★3": 1, "[582]阿特拉斯院★3": 3, "[674]神造兵器★3": 1, "[691]噬魂★3": 1, "[815]樱的特制便当★3": 3, "[1270]庆祝回忆★5": 4, "[1271]头脑风暴★4": 3, "[1272]散状花★3": 4, "[1413]虚数属性★4": 1, "[1415]匮乏之人★3": 1, "[1513]穗群原学园学生会长★3": 2, "[1577]告解の惑い場★4": 1, "[1692]免許皆伝★4": 1}

编号[856430b75ced156af4b1244ab3f029c9]
等级: 1
圣晶石: 48
圣晶片: 3
呼符: 23
金/银/铜/青苹果: 44/0/0/0
登陆天数: 1天 / 108天
从者: {"[7]盖乌斯·尤利乌斯·恺撒(Saber)★3": 2, "[72]弗格斯·马克·罗伊(Saber)★3": 2, "[9]吉尔·德·雷(Saber)★3": 1, "[245]拉克什米·芭伊(Saber)★4": 1, "[63]大卫(Archer)★3": 1, "[105]比利小子(Archer)★3": 1, "[15]尤瑞艾莉(Archer)★3": 2, "[125]俵藤太(Archer)★3": 1, "[246]威廉·退尔(Archer)★3": 1, "[71]迪尔姆德·奥迪那(Lancer)★3": 2, "[20]库·丘林〔Prototype〕(Lancer)★3": 1, "[22]罗穆路斯(Lancer)★3": 1, "[87]芬恩·麦克库尔(Lancer)★4": 1, "[186]宝藏院胤舜(Lancer)★3": 1, "[64]赫克托耳(Lancer)★3": 1, "[23]歌果(Rider)★3": 1, "[94]阿斯托尔福(Rider)★4": 1, "[26]布狄卡(Rider)★3": 1, "[27]牛若丸(Rider)★3": 2, "[28]亚历山大(Rider)★3": 2, "[29]玛丽·安托瓦内特(Rider)★4": 1, "[273]曼迪卡尔多(Rider)★3": 2, "[31]美狄亚(Caster)★3": 1, "[80]查尔斯·巴贝奇(Caster)★3": 1, "[104]杰罗尼莫(Caster)★3": 1, "[100]海伦娜·布拉瓦茨基(Caster)★4": 1, "[192]喀耳刻(Caster)★4": 2, "[203]阿维斯布隆(Caster)★3": 1, "[284]阿尔托莉雅·卡斯特(Caster)★5": 1, "[348]張角(Caster)★3": 1, "[110]百貌哈桑(Assassin)★3": 1, "[81]亨利·杰基尔＆海德(Assassin)★3": 1, "[124]静谧哈桑(Assassin)★3": 2, "[42]匕见(Assassin)★3": 1, "[117]风魔小太郎(Assassin)★3": 1, "[49]虎狼(Berserker)★3": 2, "[55]大流士三世(Berserker)★3": 1, "[56]清姬(Berserker)★3": 1, "[1]玛修·基列莱特(Shielder)★3": 1, "[352]徐福(Alterego)★3": 1}
礼装: {"[21]钢之锻炼★4": 1, "[56]指令咏唱★4": 1, "[89]柳洞寺★3": 2, "[98]千年黄金树★4": 1, "[263]起源弹★5": 2, "[264]援护射击★4": 1, "[265]卡姆兰之战★3": 4, "[332]天之逆月★3": 1, "[420]谜之面具群★3": 1, "[581]手无寸铁慎二君★3": 1, "[691]噬魂★3": 1, "[815]樱的特制便当★3": 1, "[913]远方的前路★4": 1, "[1270]庆祝回忆★5": 2, "[1271]头脑风暴★4": 6, "[1272]散状花★3": 15, "[1316]王者的气质★4": 1, "[1415]匮乏之人★3": 3, "[1513]穗群原学园学生会长★3": 2, "[1577]告解の惑い場★4": 1, "[1610]枯れない花★3": 1, "[1670]狩人の夢★4": 1, "[1692]免許皆伝★4": 2}

编号[fb94c6d300a261349ce5907ec5926bdd]
等级: 1
圣晶石: 204
圣晶片: 3
呼符: 50
金/银/铜/青苹果: 43/0/0/0
登陆天数: 1天 / 107天
从者: {"[72]弗格斯·马克·罗伊(Saber)★3": 1, "[13]罗宾汉(Archer)★3": 2, "[15]尤瑞艾莉(Archer)★3": 2, "[20]库·丘林〔Prototype〕(Lancer)★3": 1, "[22]罗穆路斯(Lancer)★3": 2, "[64]赫克托耳(Lancer)★3": 2, "[214]瓦尔基里(Lancer)★4": 1, "[31]美狄亚(Caster)★3": 1, "[79]冯·霍恩海姆·帕拉塞尔苏斯(Caster)★3": 1, "[35]梅菲斯托费勒斯(Caster)★3": 2, "[203]阿维斯布隆(Caster)★3": 2, "[284]阿尔托莉雅·卡斯特(Caster)★5": 1, "[110]百貌哈桑(Assassin)★3": 1, "[41]斯忒诺(Assassin)★4": 1, "[49]虎狼(Berserker)★3": 1, "[56]清姬(Berserker)★3": 2, "[1]玛修·基列莱特(Shielder)★3": 1, "[352]徐福(Alterego)★3": 2}
礼装: {"[22]原始咒术★4": 1, "[28]虚数魔术★4": 1, "[37]芦苇海★3": 1, "[57]月之胜利者★5": 1, "[89]柳洞寺★3": 1, "[93]阿兰若★3": 1, "[243]Bronze-Link Manipulators★3": 2, "[333]许德拉匕首★3": 1, "[265]卡姆兰之战★3": 1, "[332]天之逆月★3": 1, "[418]固有结界★3": 1, "[420]谜之面具群★3": 1, "[582]阿特拉斯院★3": 1, "[585]幻想种★3": 1, "[1271]头脑风暴★4": 2, "[1272]散状花★3": 1, "[1607]投影装填★4": 1, "[1610]枯れない花★3": 1, "[1692]免許皆伝★4": 1}

编号[9ad8efed6b41b83cf98323ccd406954b]
等级: 1
圣晶石: 102
圣晶片: 3
呼符: 50
金/银/铜/青苹果: 43/0/0/0
登陆天数: 1天 / 107天
从者: {"[7]盖乌斯·尤利乌斯·恺撒(Saber)★3": 2, "[72]弗格斯·马克·罗伊(Saber)★3": 1, "[9]吉尔·德·雷(Saber)★3": 1, "[105]比利小子(Archer)★3": 2, "[15]尤瑞艾莉(Archer)★3": 1, "[125]俵藤太(Archer)★3": 1, "[95]幼吉尔(Archer)★3": 1, "[325]芝诺比阿(Archer)★4": 1, "[17]库·丘林(Lancer)★3": 1, "[18]伊丽莎白·巴托里(Lancer)★4": 1, "[20]库·丘林〔Prototype〕(Lancer)★3": 1, "[22]罗穆路斯(Lancer)★3": 1, "[64]赫克托耳(Lancer)★3": 1, "[23]歌果(Rider)★3": 1, "[273]曼迪卡尔多(Rider)★3": 1, "[31]美狄亚(Caster)★3": 1, "[79]冯·霍恩海姆·帕拉塞尔苏斯(Caster)★3": 3, "[35]梅菲斯托费勒斯(Caster)★3": 1, "[104]杰罗尼莫(Caster)★3": 2, "[203]阿维斯布隆(Caster)★3": 1, "[284]阿尔托莉雅·卡斯特(Caster)★5": 1, "[42]匕见(Assassin)★3": 1, "[117]风魔小太郎(Assassin)★3": 1, "[47]赫拉克勒斯(Berserker)★4": 1, "[56]清姬(Berserker)★3": 3, "[1]玛修·基列莱特(Shielder)★3": 1, "[352]徐福(Alterego)★3": 1}
礼装: {"[73]死灵魔术★4": 1, "[89]柳洞寺★3": 3, "[91]爱之灵药★3": 1, "[186]情窦未开的千金★4": 1, "[243]Bronze-Link Manipulators★3": 2, "[244]四枝之浅滩★3": 1, "[333]许德拉匕首★3": 2, "[247]宝石剑泽尔里奇★3": 1, "[263]起源弹★5": 1, "[264]援护射击★4": 1, "[331]佛拉格拉克★3": 1, "[332]天之逆月★3": 1, "[418]固有结界★3": 1, "[580]瓦砾的圣堂★3": 1, "[581]手无寸铁慎二君★3": 2, "[585]幻想种★3": 2, "[674]神造兵器★3": 2, "[815]樱的特制便当★3": 1, "[1270]庆祝回忆★5": 3, "[1271]头脑风暴★4": 1, "[1272]散状花★3": 10, "[1316]王者的气质★4": 2, "[1412]宝石的魔弹★4": 1, "[1414]愿望之容器★4": 1, "[1415]匮乏之人★3": 2, "[1485]冬之结晶★4": 1, "[1513]穗群原学园学生会长★3": 1, "[1607]投影装填★4": 1}

编号[16199c2b859b1b8981d21cedada6dde9]
等级: 1
圣晶石: 219
圣晶片: 3
呼符: 50
金/银/铜/青苹果: 43/0/0/0
登陆天数: 1天 / 107天
从者: {"[7]盖乌斯·尤利乌斯·恺撒(Saber)★3": 1, "[72]弗格斯·马克·罗伊(Saber)★3": 1, "[9]吉尔·德·雷(Saber)★3": 1, "[13]罗宾汉(Archer)★3": 1, "[63]大卫(Archer)★3": 1, "[246]威廉·退尔(Archer)★3": 1, "[186]宝藏院胤舜(Lancer)★3": 1, "[23]歌果(Rider)★3": 1, "[27]牛若丸(Rider)★3": 1, "[273]曼迪卡尔多(Rider)★3": 1, "[35]梅菲斯托费勒斯(Caster)★3": 1, "[104]杰罗尼莫(Caster)★3": 1, "[203]阿维斯布隆(Caster)★3": 1, "[284]阿尔托莉雅·卡斯特(Caster)★5": 1, "[42]匕见(Assassin)★3": 2, "[159]燕青(Assassin)★4": 1, "[47]赫拉克勒斯(Berserker)★4": 1, "[48]兰斯洛特(Berserker)★4": 1, "[55]大流士三世(Berserker)★3": 1, "[56]清姬(Berserker)★3": 1, "[1]玛修·基列莱特(Shielder)★3": 1}
礼装: {"[40]宇宙棱镜★5": 1, "[98]千年黄金树★4": 1, "[247]宝石剑泽尔里奇★3": 1, "[420]谜之面具群★3": 1, "[585]幻想种★3": 1, "[674]神造兵器★3": 1, "[691]噬魂★3": 1, "[1270]庆祝回忆★5": 1, "[1271]头脑风暴★4": 1, "[1272]散状花★3": 2, "[1513]穗群原学园学生会长★3": 2, "[1608]悲願の継承★4": 1, "[1609]代償魔術★4": 1, "[1610]枯れない花★3": 1}

编号[6655b462e0b89ef4cefe626d0da23f59]
等级: 1
圣晶石: 234
圣晶片: 3
呼符: 38
金/银/铜/青苹果: 44/0/0/0
登陆天数: 1天 / 107天
从者: {"[7]盖乌斯·尤利乌斯·恺撒(Saber)★3": 1, "[72]弗格斯·马克·罗伊(Saber)★3": 1, "[9]吉尔·德·雷(Saber)★3": 1, "[63]大卫(Archer)★3": 1, "[105]比利小子(Archer)★3": 1, "[125]俵藤太(Archer)★3": 1, "[95]幼吉尔(Archer)★3": 1, "[246]威廉·退尔(Archer)★3": 1, "[17]库·丘林(Lancer)★3": 1, "[87]芬恩·麦克库尔(Lancer)★4": 1, "[64]赫克托耳(Lancer)★3": 1, "[214]瓦尔基里(Lancer)★4": 1, "[23]歌果(Rider)★3": 1, "[27]牛若丸(Rider)★3": 1, "[31]美狄亚(Caster)★3": 2, "[79]冯·霍恩海姆·帕拉塞尔苏斯(Caster)★3": 1, "[35]梅菲斯托费勒斯(Caster)★3": 1, "[104]杰罗尼莫(Caster)★3": 1, "[192]喀耳刻(Caster)★4": 1, "[284]阿尔托莉雅·卡斯特(Caster)★5": 1, "[81]亨利·杰基尔＆海德(Assassin)★3": 1, "[42]匕见(Assassin)★3": 1, "[117]风魔小太郎(Assassin)★3": 1, "[159]燕青(Assassin)★4": 1, "[49]虎狼(Berserker)★3": 3, "[56]清姬(Berserker)★3": 1, "[1]玛修·基列莱特(Shielder)★3": 1}
礼装: {"[67]2030年的碎片★5": 1, "[244]四枝之浅滩★3": 1, "[247]宝石剑泽尔里奇★3": 1, "[331]佛拉格拉克★3": 1, "[401]私室警备员★4": 1, "[582]阿特拉斯院★3": 1, "[585]幻想种★3": 1, "[813]阿特拉斯的婴儿★5": 1, "[815]樱的特制便当★3": 1, "[1208]韵律诗节★4": 1, "[1270]庆祝回忆★5": 1, "[1271]头脑风暴★4": 5, "[1272]散状花★3": 2, "[1414]愿望之容器★4": 1, "[1415]匮乏之人★3": 1, "[1512]庭园的守护者★4": 1, "[1513]穗群原学园学生会长★3": 2, "[1610]枯れない花★3": 1}

编号[9e10c55077278fda448aed550429b8e9]
等级: 1
圣晶石: 0
圣晶片: 3
呼符: 0
金/银/铜/青苹果: 44/0/0/0
登陆天数: 1天 / 108天
从者: {"[7]盖乌斯·尤利乌斯·恺撒(Saber)★3": 2, "[72]弗格斯·马克·罗伊(Saber)★3": 3, "[121]兰斯洛特(Saber)★4": 1, "[9]吉尔·德·雷(Saber)★3": 1, "[13]罗宾汉(Archer)★3": 2, "[63]大卫(Archer)★3": 1, "[105]比利小子(Archer)★3": 1, "[15]尤瑞艾莉(Archer)★3": 1, "[125]俵藤太(Archer)★3": 2, "[95]幼吉尔(Archer)★3": 4, "[246]威廉·退尔(Archer)★3": 3, "[17]库·丘林(Lancer)★3": 2, "[71]迪尔姆德·奥迪那(Lancer)★3": 1, "[20]库·丘林〔Prototype〕(Lancer)★3": 1, "[22]罗穆路斯(Lancer)★3": 1, "[186]宝藏院胤舜(Lancer)★3": 4, "[64]赫克托耳(Lancer)★3": 4, "[313]珀西瓦尔(Lancer)★4": 1, "[23]歌果(Rider)★3": 1, "[26]布狄卡(Rider)★3": 2, "[27]牛若丸(Rider)★3": 1, "[273]曼迪卡尔多(Rider)★3": 2, "[332]多布雷尼亚·尼基季奇(Rider)★4": 1, "[31]美狄亚(Caster)★3": 1, "[79]冯·霍恩海姆·帕拉塞尔苏斯(Caster)★3": 1, "[80]查尔斯·巴贝奇(Caster)★3": 1, "[35]梅菲斯托费勒斯(Caster)★3": 1, "[104]杰罗尼莫(Caster)★3": 1, "[348]張角(Caster)★3": 4, "[81]亨利·杰基尔＆海德(Assassin)★3": 2, "[124]静谧哈桑(Assassin)★3": 2, "[42]匕见(Assassin)★3": 2, "[159]燕青(Assassin)★4": 1, "[49]虎狼(Berserker)★3": 3, "[89]贝奥武夫(Berserker)★4": 1, "[55]大流士三世(Berserker)★3": 2, "[56]清姬(Berserker)★3": 1, "[58]玉藻猫(Berserker)★4": 1, "[1]玛修·基列莱特(Shielder)★3": 1, "[352]徐福(Alterego)★3": 3}
礼装: {"[26]宝石魔术·对影★4": 1, "[28]虚数魔术★4": 1, "[31]元素转换★5": 1, "[56]指令咏唱★4": 1, "[73]死灵魔术★4": 2, "[75]五百年的执着★5": 1, "[91]爱之灵药★3": 2, "[98]千年黄金树★4": 2, "[182]毒蛇一艺★4": 1, "[244]四枝之浅滩★3": 1, "[333]许德拉匕首★3": 2, "[246]特辣麻婆豆腐★3": 1, "[265]卡姆兰之战★3": 2, "[331]佛拉格拉克★3": 1, "[332]天之逆月★3": 1, "[400]天堂之孔★5": 1, "[419]返老还童的灵药★3": 2, "[420]谜之面具群★3": 4, "[580]瓦砾的圣堂★3": 3, "[582]阿特拉斯院★3": 1, "[585]幻想种★3": 1, "[774]最后的叙述者★4": 1, "[815]樱的特制便当★3": 1, "[913]远方的前路★4": 1, "[1270]庆祝回忆★5": 3, "[1271]头脑风暴★4": 7, "[1272]散状花★3": 11, "[1316]王者的气质★4": 1, "[1414]愿望之容器★4": 1, "[1415]匮乏之人★3": 2, "[1513]穗群原学园学生会长★3": 2, "[1606]五大元素使い★5": 1, "[1610]枯れない花★3": 5, "[1670]狩人の夢★4": 1}

编号[50378225e9bd24f2c89ac30a2043d80a]
等级: 1
圣晶石: 42
圣晶片: 3
呼符: 28
金/银/铜/青苹果: 44/0/0/0
登陆天数: 1天 / 107天
从者: {"[7]盖乌斯·尤利乌斯·恺撒(Saber)★3": 1, "[72]弗格斯·马克·罗伊(Saber)★3": 2, "[9]吉尔·德·雷(Saber)★3": 1, "[11]卫宫(Archer)★4": 1, "[13]罗宾汉(Archer)★3": 1, "[63]大卫(Archer)★3": 1, "[15]尤瑞艾莉(Archer)★3": 1, "[95]幼吉尔(Archer)★3": 1, "[17]库·丘林(Lancer)★3": 1, "[71]迪尔姆德·奥迪那(Lancer)★3": 1, "[20]库·丘林〔Prototype〕(Lancer)★3": 1, "[22]罗穆路斯(Lancer)★3": 1, "[64]赫克托耳(Lancer)★3": 2, "[214]瓦尔基里(Lancer)★4": 1, "[23]歌果(Rider)★3": 1, "[26]布狄卡(Rider)★3": 2, "[27]牛若丸(Rider)★3": 1, "[28]亚历山大(Rider)★3": 1, "[29]玛丽·安托瓦内特(Rider)★4": 1, "[273]曼迪卡尔多(Rider)★3": 1, "[332]多布雷尼亚·尼基季奇(Rider)★4": 2, "[31]美狄亚(Caster)★3": 2, "[79]冯·霍恩海姆·帕拉塞尔苏斯(Caster)★3": 1, "[80]查尔斯·巴贝奇(Caster)★3": 1, "[104]杰罗尼莫(Caster)★3": 1, "[203]阿维斯布隆(Caster)★3": 1, "[284]阿尔托莉雅·卡斯特(Caster)★5": 1, "[348]張角(Caster)★3": 2, "[110]百貌哈桑(Assassin)★3": 1, "[81]亨利·杰基尔＆海德(Assassin)★3": 1, "[42]匕见(Assassin)★3": 2, "[117]风魔小太郎(Assassin)★3": 2, "[49]虎狼(Berserker)★3": 3, "[56]清姬(Berserker)★3": 1, "[58]玉藻猫(Berserker)★4": 2, "[1]玛修·基列莱特(Shielder)★3": 1, "[242]阿斯特赖亚(Ruler)★4": 1, "[352]徐福(Alterego)★3": 4}
礼装: {"[39]抹大拉的圣骸布★4": 1, "[175]理想的王圣★5": 1, "[182]毒蛇一艺★4": 2, "[247]宝石剑泽尔里奇★3": 1, "[263]起源弹★5": 1, "[331]佛拉格拉克★3": 2, "[401]私室警备员★4": 1, "[420]谜之面具群★3": 5, "[580]瓦砾的圣堂★3": 1, "[581]手无寸铁慎二君★3": 1, "[582]阿特拉斯院★3": 1, "[585]幻想种★3": 1, "[773]艳阳之下★5": 2, "[774]最后的叙述者★4": 1, "[815]樱的特制便当★3": 1, "[1208]韵律诗节★4": 1, "[1270]庆祝回忆★5": 2, "[1271]头脑风暴★4": 4, "[1272]散状花★3": 11, "[1414]愿望之容器★4": 1, "[1415]匮乏之人★3": 6, "[1513]穗群原学园学生会长★3": 1, "[1576]華の楽土★4": 1, "[1577]告解の惑い場★4": 1, "[1606]五大元素使い★5": 1, "[1610]枯れない花★3": 4, "[1692]免許皆伝★4": 1}

编号[ee31a5153a7536710a4a5a3881640d11]
等级: 1
圣晶石: 228
圣晶片: 3
呼符: 50
金/银/铜/青苹果: 43/0/0/0
登陆天数: 1天 / 107天
从者: {"[246]威廉·退尔(Archer)★3": 1, "[71]迪尔姆德·奥迪那(Lancer)★3": 1, "[20]库·丘林〔Prototype〕(Lancer)★3": 1, "[22]罗穆路斯(Lancer)★3": 1, "[64]赫克托耳(Lancer)★3": 1, "[214]瓦尔基里(Lancer)★4": 1, "[23]歌果(Rider)★3": 1, "[120]尼托克丽丝(Caster)★4": 1, "[104]杰罗尼莫(Caster)★3": 1, "[284]阿尔托莉雅·卡斯特(Caster)★5": 1, "[348]張角(Caster)★3": 1, "[110]百貌哈桑(Assassin)★3": 1, "[124]静谧哈桑(Assassin)★3": 1, "[42]匕见(Assassin)★3": 1, "[117]风魔小太郎(Assassin)★3": 1, "[1]玛修·基列莱特(Shielder)★3": 1}
礼装: {"[56]指令咏唱★4": 1, "[74]觉醒的意志★4": 1, "[89]柳洞寺★3": 1, "[91]爱之灵药★3": 2, "[332]天之逆月★3": 1, "[419]返老还童的灵药★3": 1, "[420]谜之面具群★3": 1, "[580]瓦砾的圣堂★3": 1, "[582]阿特拉斯院★3": 1, "[774]最后的叙述者★4": 2, "[913]远方的前路★4": 1, "[1270]庆祝回忆★5": 1, "[1271]头脑风暴★4": 1, "[1272]散状花★3": 2, "[1413]虚数属性★4": 1, "[1513]穗群原学园学生会长★3": 1, "[1608]悲願の継承★4": 1}

编号[7a8160ac47c291ae9cc3e1666d40e416]
等级: 1
圣晶石: 0
圣晶片: 3
呼符: 0
金/银/铜/青苹果: 44/0/0/0
登陆天数: 1天 / 107天
从者: {"[72]弗格斯·马克·罗伊(Saber)★3": 2, "[9]吉尔·德·雷(Saber)★3": 2, "[13]罗宾汉(Archer)★3": 3, "[63]大卫(Archer)★3": 2, "[15]尤瑞艾莉(Archer)★3": 2, "[125]俵藤太(Archer)★3": 2, "[95]幼吉尔(Archer)★3": 2, "[246]威廉·退尔(Archer)★3": 3, "[325]芝诺比阿(Archer)★4": 1, "[17]库·丘林(Lancer)★3": 3, "[140]弗拉德三世〔EXTRA〕(Lancer)★4": 1, "[20]库·丘林〔Prototype〕(Lancer)★3": 1, "[186]宝藏院胤舜(Lancer)★3": 1, "[64]赫克托耳(Lancer)★3": 2, "[23]歌果(Rider)★3": 1, "[26]布狄卡(Rider)★3": 1, "[27]牛若丸(Rider)★3": 3, "[28]亚历山大(Rider)★3": 1, "[273]曼迪卡尔多(Rider)★3": 3, "[31]美狄亚(Caster)★3": 1, "[79]冯·霍恩海姆·帕拉塞尔苏斯(Caster)★3": 2, "[104]杰罗尼莫(Caster)★3": 2, "[203]阿维斯布隆(Caster)★3": 3, "[348]張角(Caster)★3": 2, "[110]百貌哈桑(Assassin)★3": 2, "[81]亨利·杰基尔＆海德(Assassin)★3": 1, "[124]静谧哈桑(Assassin)★3": 1, "[41]斯忒诺(Assassin)★4": 1, "[42]匕见(Assassin)★3": 2, "[117]风魔小太郎(Assassin)★3": 1, "[49]虎狼(Berserker)★3": 4, "[82]弗兰肯斯坦(Berserker)★4": 1, "[55]大流士三世(Berserker)★3": 1, "[56]清姬(Berserker)★3": 3, "[1]玛修·基列莱特(Shielder)★3": 1, "[242]阿斯特赖亚(Ruler)★4": 1}
礼装: {"[21]钢之锻炼★4": 1, "[24]Gandr★4": 1, "[26]宝石魔术·对影★4": 1, "[39]抹大拉的圣骸布★4": 1, "[73]死灵魔术★4": 1, "[89]柳洞寺★3": 1, "[98]千年黄金树★4": 1, "[186]情窦未开的千金★4": 1, "[188]觉醒之前★5": 1, "[243]Bronze-Link Manipulators★3": 1, "[244]四枝之浅滩★3": 2, "[333]许德拉匕首★3": 4, "[246]特辣麻婆豆腐★3": 1, "[247]宝石剑泽尔里奇★3": 1, "[332]天之逆月★3": 1, "[401]私室警备员★4": 1, "[418]固有结界★3": 1, "[419]返老还童的灵药★3": 3, "[420]谜之面具群★3": 4, "[580]瓦砾的圣堂★3": 1, "[581]手无寸铁慎二君★3": 2, "[582]阿特拉斯院★3": 1, "[674]神造兵器★3": 1, "[815]樱的特制便当★3": 4, "[1270]庆祝回忆★5": 7, "[1271]头脑风暴★4": 12, "[1272]散状花★3": 8, "[1414]愿望之容器★4": 1, "[1415]匮乏之人★3": 2, "[1513]穗群原学园学生会长★3": 1, "[1577]告解の惑い場★4": 2, "[1610]枯れない花★3": 3, "[1670]狩人の夢★4": 2, "[1692]免許皆伝★4": 1}

编号[d7c6767ef4ced2c62bf1b6bd55947f3f]
等级: 1
圣晶石: 174
圣晶片: 3
呼符: 50
金/银/铜/青苹果: 43/0/0/0
登陆天数: 1天 / 107天
从者: {"[9]吉尔·德·雷(Saber)★3": 1, "[63]大卫(Archer)★3": 2, "[15]尤瑞艾莉(Archer)★3": 1, "[125]俵藤太(Archer)★3": 1, "[17]库·丘林(Lancer)★3": 1, "[22]罗穆路斯(Lancer)★3": 4, "[186]宝藏院胤舜(Lancer)★3": 1, "[28]亚历山大(Rider)★3": 2, "[332]多布雷尼亚·尼基季奇(Rider)★4": 1, "[79]冯·霍恩海姆·帕拉塞尔苏斯(Caster)★3": 1, "[80]查尔斯·巴贝奇(Caster)★3": 1, "[203]阿维斯布隆(Caster)★3": 1, "[284]阿尔托莉雅·卡斯特(Caster)★5": 1, "[348]張角(Caster)★3": 2, "[124]静谧哈桑(Assassin)★3": 1, "[41]斯忒诺(Assassin)★4": 1, "[117]风魔小太郎(Assassin)★3": 1, "[49]虎狼(Berserker)★3": 1, "[55]大流士三世(Berserker)★3": 1, "[1]玛修·基列莱特(Shielder)★3": 1, "[352]徐福(Alterego)★3": 2}
礼装: {"[58]另一个结局★5": 1, "[89]柳洞寺★3": 1, "[243]Bronze-Link Manipulators★3": 2, "[333]许德拉匕首★3": 3, "[246]特辣麻婆豆腐★3": 1, "[265]卡姆兰之战★3": 1, "[419]返老还童的灵药★3": 1, "[420]谜之面具群★3": 1, "[580]瓦砾的圣堂★3": 2, "[581]手无寸铁慎二君★3": 1, "[585]幻想种★3": 1, "[815]樱的特制便当★3": 1, "[1272]散状花★3": 5, "[1513]穗群原学园学生会长★3": 1, "[1577]告解の惑い場★4": 1, "[1610]枯れない花★3": 2}

编号[5fad45c6c6272867373cd81d8598b82d]
等级: 1
圣晶石: 42
圣晶片: 3
呼符: 17
金/银/铜/青苹果: 44/0/0/0
登陆天数: 1天 / 107天
从者: {"[7]盖乌斯·尤利乌斯·恺撒(Saber)★3": 2, "[72]弗格斯·马克·罗伊(Saber)★3": 1, "[9]吉尔·德·雷(Saber)★3": 2, "[223]迪尔姆德·奥迪那(Saber)★4": 1, "[13]罗宾汉(Archer)★3": 1, "[63]大卫(Archer)★3": 2, "[105]比利小子(Archer)★3": 1, "[15]尤瑞艾莉(Archer)★3": 1, "[125]俵藤太(Archer)★3": 1, "[95]幼吉尔(Archer)★3": 1, "[207]喀戎(Archer)★4": 1, "[17]库·丘林(Lancer)★3": 1, "[18]伊丽莎白·巴托里(Lancer)★4": 1, "[22]罗穆路斯(Lancer)★3": 1, "[186]宝藏院胤舜(Lancer)★3": 1, "[64]赫克托耳(Lancer)★3": 2, "[23]歌果(Rider)★3": 3, "[27]牛若丸(Rider)★3": 1, "[28]亚历山大(Rider)★3": 2, "[273]曼迪卡尔多(Rider)★3": 1, "[31]美狄亚(Caster)★3": 1, "[79]冯·霍恩海姆·帕拉塞尔苏斯(Caster)★3": 1, "[80]查尔斯·巴贝奇(Caster)★3": 1, "[35]梅菲斯托费勒斯(Caster)★3": 2, "[145]吉尔伽美什(Caster)★4": 1, "[284]阿尔托莉雅·卡斯特(Caster)★5": 1, "[110]百貌哈桑(Assassin)★3": 1, "[81]亨利·杰基尔＆海德(Assassin)★3": 1, "[42]匕见(Assassin)★3": 1, "[49]虎狼(Berserker)★3": 1, "[55]大流士三世(Berserker)★3": 1, "[56]清姬(Berserker)★3": 2, "[1]玛修·基列莱特(Shielder)★3": 1, "[352]徐福(Alterego)★3": 2}
礼装: {"[37]芦苇海★3": 1, "[67]2030年的碎片★5": 1, "[89]柳洞寺★3": 1, "[91]爱之灵药★3": 1, "[98]千年黄金树★4": 1, "[186]情窦未开的千金★4": 1, "[243]Bronze-Link Manipulators★3": 1, "[246]特辣麻婆豆腐★3": 1, "[265]卡姆兰之战★3": 1, "[332]天之逆月★3": 1, "[420]谜之面具群★3": 1, "[582]阿特拉斯院★3": 1, "[585]幻想种★3": 1, "[691]噬魂★3": 1, "[913]远方的前路★4": 2, "[1270]庆祝回忆★5": 4, "[1271]头脑风暴★4": 13, "[1272]散状花★3": 11, "[1316]王者的气质★4": 2, "[1413]虚数属性★4": 1, "[1415]匮乏之人★3": 8, "[1511]冬之圣女★5": 1, "[1513]穗群原学园学生会长★3": 1, "[1576]華の楽土★4": 3, "[1577]告解の惑い場★4": 1, "[1608]悲願の継承★4": 1, "[1610]枯れない花★3": 3, "[1692]免許皆伝★4": 1}

编号[a7317ebcb86d0396cd6931581df95259]
等级: 1
圣晶石: 213
圣晶片: 3
呼符: 50
金/银/铜/青苹果: 43/0/0/0
登陆天数: 1天 / 107天
从者: {"[13]罗宾汉(Archer)★3": 1, "[95]幼吉尔(Archer)★3": 1, "[71]迪尔姆德·奥迪那(Lancer)★3": 1, "[18]伊丽莎白·巴托里(Lancer)★4": 1, "[20]库·丘林〔Prototype〕(Lancer)★3": 2, "[186]宝藏院胤舜(Lancer)★3": 2, "[23]歌果(Rider)★3": 2, "[26]布狄卡(Rider)★3": 1, "[27]牛若丸(Rider)★3": 1, "[104]杰罗尼莫(Caster)★3": 1, "[284]阿尔托莉雅·卡斯特(Caster)★5": 1, "[110]百貌哈桑(Assassin)★3": 1, "[55]大流士三世(Berserker)★3": 1, "[58]玉藻猫(Berserker)★4": 1, "[1]玛修·基列莱特(Shielder)★3": 1}
礼装: {"[24]Gandr★4": 1, "[91]爱之灵药★3": 1, "[243]Bronze-Link Manipulators★3": 1, "[244]四枝之浅滩★3": 1, "[265]卡姆兰之战★3": 1, "[332]天之逆月★3": 1, "[418]固有结界★3": 2, "[419]返老还童的灵药★3": 2, "[580]瓦砾的圣堂★3": 1, "[674]神造兵器★3": 3, "[691]噬魂★3": 1, "[1270]庆祝回忆★5": 1, "[1272]散状花★3": 3, "[1412]宝石的魔弹★4": 1, "[1415]匮乏之人★3": 1, "[1577]告解の惑い場★4": 1, "[1692]免許皆伝★4": 1}

编号[c85e823b14bc3102b0621a28da7fe7fe]
等级: 1
圣晶石: 48
圣晶片: 3
呼符: 2
金/银/铜/青苹果: 44/0/0/0
登陆天数: 1天 / 108天
从者: {"[7]盖乌斯·尤利乌斯·恺撒(Saber)★3": 2, "[72]弗格斯·马克·罗伊(Saber)★3": 2, "[9]吉尔·德·雷(Saber)★3": 1, "[13]罗宾汉(Archer)★3": 2, "[14]阿塔兰忒(Archer)★4": 1, "[63]大卫(Archer)★3": 2, "[105]比利小子(Archer)★3": 2, "[15]尤瑞艾莉(Archer)★3": 1, "[125]俵藤太(Archer)★3": 1, "[95]幼吉尔(Archer)★3": 2, "[246]威廉·退尔(Archer)★3": 1, "[17]库·丘林(Lancer)★3": 2, "[71]迪尔姆德·奥迪那(Lancer)★3": 2, "[140]弗拉德三世〔EXTRA〕(Lancer)★4": 1, "[20]库·丘林〔Prototype〕(Lancer)★3": 3, "[22]罗穆路斯(Lancer)★3": 2, "[186]宝藏院胤舜(Lancer)★3": 1, "[64]赫克托耳(Lancer)★3": 2, "[193]莲偶(Lancer)★4": 1, "[23]歌果(Rider)★3": 2, "[94]阿斯托尔福(Rider)★4": 1, "[26]布狄卡(Rider)★3": 1, "[27]牛若丸(Rider)★3": 1, "[28]亚历山大(Rider)★3": 1, "[273]曼迪卡尔多(Rider)★3": 4, "[79]冯·霍恩海姆·帕拉塞尔苏斯(Caster)★3": 1, "[80]查尔斯·巴贝奇(Caster)★3": 2, "[35]梅菲斯托费勒斯(Caster)★3": 2, "[104]杰罗尼莫(Caster)★3": 2, "[100]海伦娜·布拉瓦茨基(Caster)★4": 1, "[203]阿维斯布隆(Caster)★3": 3, "[284]阿尔托莉雅·卡斯特(Caster)★5": 1, "[81]亨利·杰基尔＆海德(Assassin)★3": 1, "[124]静谧哈桑(Assassin)★3": 2, "[42]匕见(Assassin)★3": 1, "[117]风魔小太郎(Assassin)★3": 1, "[47]赫拉克勒斯(Berserker)★4": 1, "[56]清姬(Berserker)★3": 2, "[1]玛修·基列莱特(Shielder)★3": 1}
礼装: {"[22]原始咒术★4": 2, "[24]Gandr★4": 1, "[26]宝石魔术·对影★4": 1, "[89]柳洞寺★3": 1, "[98]千年黄金树★4": 1, "[243]Bronze-Link Manipulators★3": 1, "[333]许德拉匕首★3": 1, "[247]宝石剑泽尔里奇★3": 3, "[263]起源弹★5": 1, "[264]援护射击★4": 1, "[265]卡姆兰之战★3": 1, "[418]固有结界★3": 1, "[420]谜之面具群★3": 4, "[585]幻想种★3": 2, "[674]神造兵器★3": 1, "[691]噬魂★3": 2, "[815]樱的特制便当★3": 1, "[913]远方的前路★4": 2, "[1270]庆祝回忆★5": 7, "[1271]头脑风暴★4": 4, "[1272]散状花★3": 22, "[1415]匮乏之人★3": 1, "[1513]穗群原学园学生会长★3": 2, "[1607]投影装填★4": 1, "[1610]枯れない花★3": 3, "[1670]狩人の夢★4": 1}

编号[8608c07f7162e90f891f37c1cb882ee5]
等级: 1
圣晶石: 15
圣晶片: 3
呼符: 50
金/银/铜/青苹果: 43/0/0/0
登陆天数: 1天 / 107天
从者: {"[7]盖乌斯·尤利乌斯·恺撒(Saber)★3": 3, "[9]吉尔·德·雷(Saber)★3": 2, "[227]兰陵王(Saber)★4": 1, "[63]大卫(Archer)★3": 3, "[15]尤瑞艾莉(Archer)★3": 3, "[95]幼吉尔(Archer)★3": 2, "[246]威廉·退尔(Archer)★3": 1, "[17]库·丘林(Lancer)★3": 4, "[71]迪尔姆德·奥迪那(Lancer)★3": 3, "[20]库·丘林〔Prototype〕(Lancer)★3": 1, "[22]罗穆路斯(Lancer)★3": 1, "[186]宝藏院胤舜(Lancer)★3": 1, "[23]歌果(Rider)★3": 1, "[94]阿斯托尔福(Rider)★4": 1, "[26]布狄卡(Rider)★3": 1, "[27]牛若丸(Rider)★3": 1, "[206]阿喀琉斯(Rider)★5": 1, "[80]查尔斯·巴贝奇(Caster)★3": 1, "[35]梅菲斯托费勒斯(Caster)★3": 2, "[104]杰罗尼莫(Caster)★3": 3, "[192]喀耳刻(Caster)★4": 1, "[284]阿尔托莉雅·卡斯特(Caster)★5": 1, "[348]張角(Caster)★3": 1, "[124]静谧哈桑(Assassin)★3": 1, "[42]匕见(Assassin)★3": 4, "[117]风魔小太郎(Assassin)★3": 2, "[185]望月千代女(Assassin)★4": 1, "[49]虎狼(Berserker)★3": 1, "[55]大流士三世(Berserker)★3": 2, "[56]清姬(Berserker)★3": 1, "[1]玛修·基列莱特(Shielder)★3": 1, "[352]徐福(Alterego)★3": 2}
礼装: {"[37]芦苇海★3": 1, "[56]指令咏唱★4": 1, "[74]觉醒的意志★4": 1, "[89]柳洞寺★3": 1, "[91]爱之灵药★3": 4, "[97]圣者凭依之躯★5": 1, "[175]理想的王圣★5": 1, "[184]柔软的慈爱★4": 1, "[186]情窦未开的千金★4": 1, "[243]Bronze-Link Manipulators★3": 3, "[333]许德拉匕首★3": 2, "[264]援护射击★4": 1, "[265]卡姆兰之战★3": 1, "[331]佛拉格拉克★3": 2, "[332]天之逆月★3": 2, "[419]返老还童的灵药★3": 1, "[420]谜之面具群★3": 1, "[580]瓦砾的圣堂★3": 2, "[581]手无寸铁慎二君★3": 1, "[585]幻想种★3": 1, "[674]神造兵器★3": 1, "[691]噬魂★3": 3, "[815]樱的特制便当★3": 1, "[1270]庆祝回忆★5": 2, "[1271]头脑风暴★4": 5, "[1272]散状花★3": 8, "[1413]虚数属性★4": 1, "[1415]匮乏之人★3": 4, "[1458]魔道元帅★5": 1, "[1485]冬之结晶★4": 1, "[1513]穗群原学园学生会长★3": 2, "[1576]華の楽土★4": 1, "[1610]枯れない花★3": 1, "[1692]免許皆伝★4": 1}

编号[5ece6ccc10779255a215c13d7d897f13]
等级: 1
圣晶石: 186
圣晶片: 3
呼符: 51
金/银/铜/青苹果: 43/0/0/0
登陆天数: 1天 / 108天
从者: {"[298]渡边纲(Saber)★4": 1, "[13]罗宾汉(Archer)★3": 1, "[95]幼吉尔(Archer)★3": 1, "[246]威廉·退尔(Archer)★3": 1, "[22]罗穆路斯(Lancer)★3": 1, "[64]赫克托耳(Lancer)★3": 2, "[23]歌果(Rider)★3": 1, "[26]布狄卡(Rider)★3": 1, "[27]牛若丸(Rider)★3": 1, "[332]多布雷尼亚·尼基季奇(Rider)★4": 1, "[31]美狄亚(Caster)★3": 1, "[120]尼托克丽丝(Caster)★4": 1, "[35]梅菲斯托费勒斯(Caster)★3": 2, "[203]阿维斯布隆(Caster)★3": 1, "[284]阿尔托莉雅·卡斯特(Caster)★5": 1, "[348]張角(Caster)★3": 1, "[110]百貌哈桑(Assassin)★3": 1, "[124]静谧哈桑(Assassin)★3": 1, "[42]匕见(Assassin)★3": 1, "[117]风魔小太郎(Assassin)★3": 1, "[159]燕青(Assassin)★4": 1, "[55]大流士三世(Berserker)★3": 1, "[56]清姬(Berserker)★3": 1, "[1]玛修·基列莱特(Shielder)★3": 1}
礼装: {"[73]死灵魔术★4": 1, "[91]爱之灵药★3": 1, "[244]四枝之浅滩★3": 2, "[246]特辣麻婆豆腐★3": 1, "[247]宝石剑泽尔里奇★3": 2, "[331]佛拉格拉克★3": 1, "[332]天之逆月★3": 1, "[580]瓦砾的圣堂★3": 1, "[581]手无寸铁慎二君★3": 2, "[1271]头脑风暴★4": 3, "[1272]散状花★3": 3, "[1415]匮乏之人★3": 1, "[1608]悲願の継承★4": 2, "[1670]狩人の夢★4": 1}

编号[438f10ad65cb1e0e44a28aa3ce566122]
等级: 1
圣晶石: 39
圣晶片: 3
呼符: 50
金/银/铜/青苹果: 43/0/0/0
登陆天数: 1天 / 107天
从者: {"[9]吉尔·德·雷(Saber)★3": 2, "[10]骑士迪昂(Saber)★4": 1, "[11]卫宫(Archer)★4": 1, "[13]罗宾汉(Archer)★3": 1, "[63]大卫(Archer)★3": 3, "[15]尤瑞艾莉(Archer)★3": 1, "[95]幼吉尔(Archer)★3": 1, "[246]威廉·退尔(Archer)★3": 2, "[17]库·丘林(Lancer)★3": 1, "[71]迪尔姆德·奥迪那(Lancer)★3": 2, "[18]伊丽莎白·巴托里(Lancer)★4": 1, "[20]库·丘林〔Prototype〕(Lancer)★3": 2, "[22]罗穆路斯(Lancer)★3": 2, "[87]芬恩·麦克库尔(Lancer)★4": 1, "[186]宝藏院胤舜(Lancer)★3": 2, "[228]忠贞(Lancer)★4": 2, "[313]珀西瓦尔(Lancer)★4": 1, "[94]阿斯托尔福(Rider)★4": 1, "[26]布狄卡(Rider)★3": 2, "[27]牛若丸(Rider)★3": 2, "[28]亚历山大(Rider)★3": 1, "[30]玛尔达(Rider)★4": 2, "[79]冯·霍恩海姆·帕拉塞尔苏斯(Caster)★3": 2, "[80]查尔斯·巴贝奇(Caster)★3": 1, "[35]梅菲斯托费勒斯(Caster)★3": 2, "[104]杰罗尼莫(Caster)★3": 1, "[203]阿维斯布隆(Caster)★3": 1, "[284]阿尔托莉雅·卡斯特(Caster)★5": 1, "[348]張角(Caster)★3": 1, "[124]静谧哈桑(Assassin)★3": 2, "[41]斯忒诺(Assassin)★4": 1, "[42]匕见(Assassin)★3": 1, "[171]彭忒西勒亚(Berserker)★4": 1, "[1]玛修·基列莱特(Shielder)★3": 1}
礼装: {"[22]原始咒术★4": 1, "[28]虚数魔术★4": 1, "[56]指令咏唱★4": 1, "[73]死灵魔术★4": 1, "[89]柳洞寺★3": 2, "[91]爱之灵药★3": 3, "[98]千年黄金树★4": 1, "[183]死之艺术★4": 1, "[243]Bronze-Link Manipulators★3": 2, "[244]四枝之浅滩★3": 1, "[333]许德拉匕首★3": 1, "[246]特辣麻婆豆腐★3": 1, "[265]卡姆兰之战★3": 2, "[331]佛拉格拉克★3": 1, "[332]天之逆月★3": 1, "[419]返老还童的灵药★3": 4, "[580]瓦砾的圣堂★3": 3, "[581]手无寸铁慎二君★3": 3, "[582]阿特拉斯院★3": 2, "[674]神造兵器★3": 2, "[691]噬魂★3": 2, "[815]樱的特制便当★3": 1, "[1270]庆祝回忆★5": 4, "[1271]头脑风暴★4": 4, "[1272]散状花★3": 5, "[1414]愿望之容器★4": 1, "[1415]匮乏之人★3": 1, "[1609]代償魔術★4": 1, "[1610]枯れない花★3": 3, "[1692]免許皆伝★4": 1}

编号[d4b3ddd655798100251790236aaf5890]
等级: 1
圣晶石: 42
圣晶片: 3
呼符: 43
金/银/铜/青苹果: 44/0/0/0
登陆天数: 1天 / 107天
从者: {"[7]盖乌斯·尤利乌斯·恺撒(Saber)★3": 1, "[72]弗格斯·马克·罗伊(Saber)★3": 1, "[344]ローラン(Saber)★4": 1, "[11]卫宫(Archer)★4": 1, "[13]罗宾汉(Archer)★3": 1, "[105]比利小子(Archer)★3": 1, "[15]尤瑞艾莉(Archer)★3": 1, "[125]俵藤太(Archer)★3": 3, "[17]库·丘林(Lancer)★3": 1, "[71]迪尔姆德·奥迪那(Lancer)★3": 1, "[20]库·丘林〔Prototype〕(Lancer)★3": 1, "[22]罗穆路斯(Lancer)★3": 1, "[64]赫克托耳(Lancer)★3": 1, "[23]歌果(Rider)★3": 1, "[94]阿斯托尔福(Rider)★4": 1, "[26]布狄卡(Rider)★3": 1, "[27]牛若丸(Rider)★3": 1, "[28]亚历山大(Rider)★3": 1, "[273]曼迪卡尔多(Rider)★3": 1, "[74]童谣(Caster)★4": 1, "[79]冯·霍恩海姆·帕拉塞尔苏斯(Caster)★3": 2, "[80]查尔斯·巴贝奇(Caster)★3": 1, "[35]梅菲斯托费勒斯(Caster)★3": 1, "[104]杰罗尼莫(Caster)★3": 1, "[203]阿维斯布隆(Caster)★3": 1, "[284]阿尔托莉雅·卡斯特(Caster)★5": 1, "[110]百貌哈桑(Assassin)★3": 1, "[81]亨利·杰基尔＆海德(Assassin)★3": 1, "[124]静谧哈桑(Assassin)★3": 1, "[42]匕见(Assassin)★3": 1, "[117]风魔小太郎(Assassin)★3": 1, "[49]虎狼(Berserker)★3": 2, "[55]大流士三世(Berserker)★3": 1, "[58]玉藻猫(Berserker)★4": 1, "[1]玛修·基列莱特(Shielder)★3": 1, "[352]徐福(Alterego)★3": 2}
礼装: {"[37]芦苇海★3": 1, "[56]指令咏唱★4": 3, "[74]觉醒的意志★4": 1, "[89]柳洞寺★3": 1, "[98]千年黄金树★4": 1, "[333]许德拉匕首★3": 1, "[420]谜之面具群★3": 1, "[585]幻想种★3": 1, "[1208]韵律诗节★4": 1, "[1270]庆祝回忆★5": 6, "[1271]头脑风暴★4": 7, "[1272]散状花★3": 5, "[1485]冬之结晶★4": 1, "[1512]庭园的守护者★4": 1, "[1577]告解の惑い場★4": 1, "[1610]枯れない花★3": 1}

编号[dc3a0423e468876f70906f4d56183678]
等级: 1
圣晶石: 297
圣晶片: 3
呼符: 50
金/银/铜/青苹果: 43/0/0/0
登陆天数: 1天 / 107天
从者: {"[63]大卫(Archer)★3": 1, "[22]罗穆路斯(Lancer)★3": 1, "[64]赫克托耳(Lancer)★3": 1, "[332]多布雷尼亚·尼基季奇(Rider)★4": 1, "[120]尼托克丽丝(Caster)★4": 1, "[35]梅菲斯托费勒斯(Caster)★3": 1, "[192]喀耳刻(Caster)★4": 1, "[284]阿尔托莉雅·卡斯特(Caster)★5": 1, "[49]虎狼(Berserker)★3": 1, "[1]玛修·基列莱特(Shielder)★3": 1}
礼装: {"[37]芦苇海★3": 1, "[418]固有结界★3": 1}

编号[dde5843bae5c5b18a4c3a944eed31547]
等级: 1
圣晶石: 42
圣晶片: 3
呼符: 16
金/银/铜/青苹果: 44/0/0/0
登陆天数: 1天 / 107天
从者: {"[7]盖乌斯·尤利乌斯·恺撒(Saber)★3": 1, "[72]弗格斯·马克·罗伊(Saber)★3": 1, "[13]罗宾汉(Archer)★3": 1, "[14]阿塔兰忒(Archer)★4": 1, "[63]大卫(Archer)★3": 2, "[105]比利小子(Archer)★3": 1, "[15]尤瑞艾莉(Archer)★3": 1, "[125]俵藤太(Archer)★3": 2, "[246]威廉·退尔(Archer)★3": 1, "[71]迪尔姆德·奥迪那(Lancer)★3": 2, "[140]弗拉德三世〔EXTRA〕(Lancer)★4": 1, "[20]库·丘林〔Prototype〕(Lancer)★3": 1, "[22]罗穆路斯(Lancer)★3": 1, "[186]宝藏院胤舜(Lancer)★3": 1, "[64]赫克托耳(Lancer)★3": 1, "[23]歌果(Rider)★3": 1, "[26]布狄卡(Rider)★3": 1, "[27]牛若丸(Rider)★3": 1, "[28]亚历山大(Rider)★3": 1, "[30]玛尔达(Rider)★4": 1, "[273]曼迪卡尔多(Rider)★3": 1, "[31]美狄亚(Caster)★3": 1, "[79]冯·霍恩海姆·帕拉塞尔苏斯(Caster)★3": 2, "[80]查尔斯·巴贝奇(Caster)★3": 1, "[35]梅菲斯托费勒斯(Caster)★3": 1, "[284]阿尔托莉雅·卡斯特(Caster)★5": 1, "[348]張角(Caster)★3": 1, "[110]百貌哈桑(Assassin)★3": 1, "[81]亨利·杰基尔＆海德(Assassin)★3": 1, "[124]静谧哈桑(Assassin)★3": 2, "[42]匕见(Assassin)★3": 2, "[117]风魔小太郎(Assassin)★3": 1, "[159]燕青(Assassin)★4": 1, "[49]虎狼(Berserker)★3": 3, "[55]大流士三世(Berserker)★3": 2, "[56]清姬(Berserker)★3": 1, "[1]玛修·基列莱特(Shielder)★3": 1, "[335]ヘファイスティオン(Pretender)★4": 1}
礼装: {"[21]钢之锻炼★4": 1, "[26]宝石魔术·对影★4": 1, "[89]柳洞寺★3": 1, "[93]阿兰若★3": 1, "[186]情窦未开的千金★4": 1, "[333]许德拉匕首★3": 1, "[246]特辣麻婆豆腐★3": 2, "[247]宝石剑泽尔里奇★3": 1, "[419]返老还童的灵药★3": 2, "[420]谜之面具群★3": 2, "[580]瓦砾的圣堂★3": 1, "[581]手无寸铁慎二君★3": 1, "[674]神造兵器★3": 1, "[813]阿特拉斯的婴儿★5": 1, "[814]清扫者★4": 1, "[815]樱的特制便当★3": 1, "[1270]庆祝回忆★5": 3, "[1271]头脑风暴★4": 8, "[1272]散状花★3": 17, "[1413]虚数属性★4": 1, "[1415]匮乏之人★3": 2, "[1512]庭园的守护者★4": 2, "[1513]穗群原学园学生会长★3": 2, "[1577]告解の惑い場★4": 1, "[1610]枯れない花★3": 4}

编号[5620f9665ff0e32f6381538e795689cb]
等级: 1
圣晶石: 42
圣晶片: 3
呼符: 35
金/银/铜/青苹果: 44/0/0/0
登陆天数: 1天 / 107天
从者: {"[72]弗格斯·马克·罗伊(Saber)★3": 1, "[9]吉尔·德·雷(Saber)★3": 2, "[245]拉克什米·芭伊(Saber)★4": 1, "[13]罗宾汉(Archer)★3": 1, "[63]大卫(Archer)★3": 1, "[105]比利小子(Archer)★3": 1, "[15]尤瑞艾莉(Archer)★3": 1, "[125]俵藤太(Archer)★3": 1, "[246]威廉·退尔(Archer)★3": 1, "[17]库·丘林(Lancer)★3": 1, "[71]迪尔姆德·奥迪那(Lancer)★3": 1, "[186]宝藏院胤舜(Lancer)★3": 1, "[64]赫克托耳(Lancer)★3": 2, "[23]歌果(Rider)★3": 1, "[26]布狄卡(Rider)★3": 2, "[27]牛若丸(Rider)★3": 2, "[28]亚历山大(Rider)★3": 1, "[31]美狄亚(Caster)★3": 1, "[79]冯·霍恩海姆·帕拉塞尔苏斯(Caster)★3": 1, "[80]查尔斯·巴贝奇(Caster)★3": 1, "[35]梅菲斯托费勒斯(Caster)★3": 1, "[104]杰罗尼莫(Caster)★3": 1, "[203]阿维斯布隆(Caster)★3": 1, "[284]阿尔托莉雅·卡斯特(Caster)★5": 1, "[348]張角(Caster)★3": 1, "[110]百貌哈桑(Assassin)★3": 1, "[81]亨利·杰基尔＆海德(Assassin)★3": 1, "[42]匕见(Assassin)★3": 1, "[117]风魔小太郎(Assassin)★3": 1, "[49]虎狼(Berserker)★3": 5, "[55]大流士三世(Berserker)★3": 1, "[56]清姬(Berserker)★3": 1, "[116]茨木童子(Berserker)★4": 1, "[1]玛修·基列莱特(Shielder)★3": 1, "[352]徐福(Alterego)★3": 1}
礼装: {"[24]Gandr★4": 2, "[26]宝石魔术·对影★4": 1, "[32]虚数环★5": 1, "[48]黑之圣杯★5": 1, "[89]柳洞寺★3": 1, "[183]死之艺术★4": 1, "[188]觉醒之前★5": 1, "[244]四枝之浅滩★3": 1, "[420]谜之面具群★3": 3, "[774]最后的叙述者★4": 1, "[1270]庆祝回忆★5": 2, "[1271]头脑风暴★4": 7, "[1272]散状花★3": 8, "[1316]王者的气质★4": 1, "[1412]宝石的魔弹★4": 1, "[1414]愿望之容器★4": 1, "[1415]匮乏之人★3": 2, "[1485]冬之结晶★4": 1, "[1512]庭园的守护者★4": 1, "[1513]穗群原学园学生会长★3": 2, "[1577]告解の惑い場★4": 1, "[1607]投影装填★4": 1, "[1610]枯れない花★3": 1}

编号[310be9f14ac2b109249f11d7fa7cbe40]
等级: 1
圣晶石: 105
圣晶片: 3
呼符: 50
金/银/铜/青苹果: 43/0/0/0
登陆天数: 1天 / 107天
从者: {"[7]盖乌斯·尤利乌斯·恺撒(Saber)★3": 2, "[245]拉克什米·芭伊(Saber)★4": 1, "[344]ローラン(Saber)★4": 1, "[63]大卫(Archer)★3": 1, "[125]俵藤太(Archer)★3": 1, "[20]库·丘林〔Prototype〕(Lancer)★3": 1, "[22]罗穆路斯(Lancer)★3": 2, "[186]宝藏院胤舜(Lancer)★3": 1, "[64]赫克托耳(Lancer)★3": 1, "[183]帕尔瓦蒂(Lancer)★4": 1, "[228]忠贞(Lancer)★4": 1, "[23]歌果(Rider)★3": 2, "[26]布狄卡(Rider)★3": 1, "[28]亚历山大(Rider)★3": 1, "[273]曼迪卡尔多(Rider)★3": 1, "[31]美狄亚(Caster)★3": 3, "[79]冯·霍恩海姆·帕拉塞尔苏斯(Caster)★3": 1, "[120]尼托克丽丝(Caster)★4": 1, "[35]梅菲斯托费勒斯(Caster)★3": 1, "[203]阿维斯布隆(Caster)★3": 5, "[284]阿尔托莉雅·卡斯特(Caster)★5": 1, "[110]百貌哈桑(Assassin)★3": 1, "[124]静谧哈桑(Assassin)★3": 1, "[42]匕见(Assassin)★3": 5, "[117]风魔小太郎(Assassin)★3": 1, "[47]赫拉克勒斯(Berserker)★4": 1, "[89]贝奥武夫(Berserker)★4": 1, "[55]大流士三世(Berserker)★3": 1, "[56]清姬(Berserker)★3": 1, "[171]彭忒西勒亚(Berserker)★4": 1, "[1]玛修·基列莱特(Shielder)★3": 1}
礼装: {"[21]钢之锻炼★4": 1, "[28]虚数魔术★4": 2, "[37]芦苇海★3": 1, "[91]爱之灵药★3": 1, "[246]特辣麻婆豆腐★3": 1, "[247]宝石剑泽尔里奇★3": 1, "[332]天之逆月★3": 1, "[401]私室警备员★4": 1, "[418]固有结界★3": 1, "[419]返老还童的灵药★3": 1, "[420]谜之面具群★3": 1, "[581]手无寸铁慎二君★3": 2, "[582]阿特拉斯院★3": 1, "[585]幻想种★3": 2, "[813]阿特拉斯的婴儿★5": 1, "[815]樱的特制便当★3": 1, "[1208]韵律诗节★4": 1, "[1270]庆祝回忆★5": 3, "[1271]头脑风暴★4": 3, "[1272]散状花★3": 6, "[1415]匮乏之人★3": 2, "[1485]冬之结晶★4": 1, "[1513]穗群原学园学生会长★3": 1, "[1607]投影装填★4": 1, "[1610]枯れない花★3": 1}

编号[3c48236c5a6fec63a44ad1ef538aaa87]
等级: 1
圣晶石: 285
圣晶片: 3
呼符: 50
金/银/铜/青苹果: 43/0/0/0
登陆天数: 1天 / 107天
从者: {"[9]吉尔·德·雷(Saber)★3": 1, "[15]尤瑞艾莉(Archer)★3": 1, "[18]伊丽莎白·巴托里(Lancer)★4": 1, "[94]阿斯托尔福(Rider)★4": 1, "[26]布狄卡(Rider)★3": 1, "[332]多布雷尼亚·尼基季奇(Rider)★4": 1, "[31]美狄亚(Caster)★3": 1, "[284]阿尔托莉雅·卡斯特(Caster)★5": 1, "[42]匕见(Assassin)★3": 1, "[47]赫拉克勒斯(Berserker)★4": 1, "[1]玛修·基列莱特(Shielder)★3": 1, "[242]阿斯特赖亚(Ruler)★4": 1}
礼装: {"[56]指令咏唱★4": 1, "[98]千年黄金树★4": 1, "[176]记录保持者★4": 1, "[265]卡姆兰之战★3": 1, "[1485]冬之结晶★4": 1}

编号[52c5a17f6c132b3bd7a1e14be75f6362]
等级: 1
圣晶石: 42
圣晶片: 3
呼符: 6
金/银/铜/青苹果: 44/0/0/0
登陆天数: 1天 / 107天
从者: {"[7]盖乌斯·尤利乌斯·恺撒(Saber)★3": 2, "[13]罗宾汉(Archer)★3": 1, "[105]比利小子(Archer)★3": 1, "[15]尤瑞艾莉(Archer)★3": 3, "[125]俵藤太(Archer)★3": 1, "[246]威廉·退尔(Archer)★3": 2, "[17]库·丘林(Lancer)★3": 2, "[20]库·丘林〔Prototype〕(Lancer)★3": 1, "[22]罗穆路斯(Lancer)★3": 1, "[186]宝藏院胤舜(Lancer)★3": 2, "[64]赫克托耳(Lancer)★3": 1, "[214]瓦尔基里(Lancer)★4": 1, "[23]歌果(Rider)★3": 1, "[66]安妮·伯妮＆玛莉·瑞德(Rider)★4": 1, "[26]布狄卡(Rider)★3": 3, "[27]牛若丸(Rider)★3": 1, "[28]亚历山大(Rider)★3": 2, "[273]曼迪卡尔多(Rider)★3": 3, "[332]多布雷尼亚·尼基季奇(Rider)★4": 1, "[31]美狄亚(Caster)★3": 2, "[79]冯·霍恩海姆·帕拉塞尔苏斯(Caster)★3": 1, "[80]查尔斯·巴贝奇(Caster)★3": 2, "[120]尼托克丽丝(Caster)★4": 1, "[203]阿维斯布隆(Caster)★3": 1, "[284]阿尔托莉雅·卡斯特(Caster)★5": 1, "[348]張角(Caster)★3": 4, "[110]百貌哈桑(Assassin)★3": 1, "[81]亨利·杰基尔＆海德(Assassin)★3": 1, "[124]静谧哈桑(Assassin)★3": 1, "[41]斯忒诺(Assassin)★4": 1, "[42]匕见(Assassin)★3": 2, "[117]风魔小太郎(Assassin)★3": 1, "[159]燕青(Assassin)★4": 1, "[55]大流士三世(Berserker)★3": 2, "[56]清姬(Berserker)★3": 1, "[1]玛修·基列莱特(Shielder)★3": 1, "[352]徐福(Alterego)★3": 4}
礼装: {"[21]钢之锻炼★4": 1, "[73]死灵魔术★4": 1, "[89]柳洞寺★3": 2, "[184]柔软的慈爱★4": 1, "[243]Bronze-Link Manipulators★3": 1, "[244]四枝之浅滩★3": 2, "[333]许德拉匕首★3": 1, "[246]特辣麻婆豆腐★3": 1, "[263]起源弹★5": 1, "[331]佛拉格拉克★3": 2, "[419]返老还童的灵药★3": 1, "[420]谜之面具群★3": 1, "[580]瓦砾的圣堂★3": 2, "[582]阿特拉斯院★3": 1, "[585]幻想种★3": 1, "[813]阿特拉斯的婴儿★5": 1, "[815]樱的特制便当★3": 2, "[1270]庆祝回忆★5": 7, "[1271]头脑风暴★4": 13, "[1272]散状花★3": 11, "[1411]重责者孤寂于此★5": 1, "[1412]宝石的魔弹★4": 1, "[1415]匮乏之人★3": 3, "[1513]穗群原学园学生会长★3": 4, "[1577]告解の惑い場★4": 1, "[1607]投影装填★4": 1, "[1609]代償魔術★4": 1, "[1610]枯れない花★3": 3}

编号[5391eacf89da20aef6552de11cfe4ef5]
等级: 1
圣晶石: 255
圣晶片: 3
呼符: 51
金/银/铜/青苹果: 43/0/0/0
登陆天数: 1天 / 108天
从者: {"[9]吉尔·德·雷(Saber)★3": 1, "[63]大卫(Archer)★3": 1, "[125]俵藤太(Archer)★3": 1, "[20]库·丘林〔Prototype〕(Lancer)★3": 1, "[186]宝藏院胤舜(Lancer)★3": 1, "[26]布狄卡(Rider)★3": 1, "[27]牛若丸(Rider)★3": 1, "[31]美狄亚(Caster)★3": 1, "[35]梅菲斯托费勒斯(Caster)★3": 1, "[203]阿维斯布隆(Caster)★3": 1, "[284]阿尔托莉雅·卡斯特(Caster)★5": 1, "[348]張角(Caster)★3": 2, "[47]赫拉克勒斯(Berserker)★4": 1, "[1]玛修·基列莱特(Shielder)★3": 1}
礼装: {"[26]宝石魔术·对影★4": 1, "[42]Mooncell Automaton★3": 1, "[56]指令咏唱★4": 1, "[91]爱之灵药★3": 1, "[243]Bronze-Link Manipulators★3": 1, "[1270]庆祝回忆★5": 1, "[1271]头脑风暴★4": 1, "[1272]散状花★3": 3}

编号[5de7ea39c434a8f8066cc816c94047ee]
等级: 1
圣晶石: 198
圣晶片: 3
呼符: 51
金/银/铜/青苹果: 43/0/0/0
登陆天数: 1天 / 108天
从者: {"[7]盖乌斯·尤利乌斯·恺撒(Saber)★3": 2, "[72]弗格斯·马克·罗伊(Saber)★3": 1, "[9]吉尔·德·雷(Saber)★3": 1, "[63]大卫(Archer)★3": 1, "[15]尤瑞艾莉(Archer)★3": 1, "[125]俵藤太(Archer)★3": 1, "[20]库·丘林〔Prototype〕(Lancer)★3": 1, "[146]美杜莎(Lancer)★4": 1, "[94]阿斯托尔福(Rider)★4": 1, "[27]牛若丸(Rider)★3": 1, "[332]多布雷尼亚·尼基季奇(Rider)★4": 1, "[80]查尔斯·巴贝奇(Caster)★3": 1, "[35]梅菲斯托费勒斯(Caster)★3": 1, "[104]杰罗尼莫(Caster)★3": 1, "[284]阿尔托莉雅·卡斯特(Caster)★5": 1, "[348]張角(Caster)★3": 3, "[110]百貌哈桑(Assassin)★3": 1, "[159]燕青(Assassin)★4": 1, "[55]大流士三世(Berserker)★3": 1, "[56]清姬(Berserker)★3": 2, "[1]玛修·基列莱特(Shielder)★3": 1}
礼装: {"[24]Gandr★4": 1, "[28]虚数魔术★4": 2, "[74]觉醒的意志★4": 1, "[75]五百年的执着★5": 1, "[98]千年黄金树★4": 1, "[333]许德拉匕首★3": 1, "[418]固有结界★3": 1, "[420]谜之面具群★3": 1, "[585]幻想种★3": 1, "[1271]头脑风暴★4": 3, "[1272]散状花★3": 3, "[1415]匮乏之人★3": 1, "[1513]穗群原学园学生会长★3": 1, "[1577]告解の惑い場★4": 1, "[1692]免許皆伝★4": 1}

编号[9c33fbb7417aa05ba294c31f56134e9a]
等级: 1
圣晶石: 270
圣晶片: 3
呼符: 50
金/银/铜/青苹果: 43/0/0/0
登陆天数: 1天 / 107天
从者: {"[298]渡边纲(Saber)★4": 1, "[11]卫宫(Archer)★4": 1, "[95]幼吉尔(Archer)★3": 1, "[214]瓦尔基里(Lancer)★4": 1, "[28]亚历山大(Rider)★3": 1, "[273]曼迪卡尔多(Rider)★3": 1, "[80]查尔斯·巴贝奇(Caster)★3": 2, "[284]阿尔托莉雅·卡斯特(Caster)★5": 1, "[117]风魔小太郎(Assassin)★3": 1, "[49]虎狼(Berserker)★3": 1, "[56]清姬(Berserker)★3": 2, "[1]玛修·基列莱特(Shielder)★3": 1}
礼装: {"[21]钢之锻炼★4": 1, "[243]Bronze-Link Manipulators★3": 1, "[418]固有结界★3": 1, "[582]阿特拉斯院★3": 1, "[585]幻想种★3": 1, "[691]噬魂★3": 1, "[815]樱的特制便当★3": 1}

编号[e10f5a32a97f19d0d4dcb515cbf14f4a]
等级: 1
圣晶石: 153
圣晶片: 3
呼符: 51
金/银/铜/青苹果: 43/0/0/0
登陆天数: 1天 / 108天
从者: {"[7]盖乌斯·尤利乌斯·恺撒(Saber)★3": 1, "[9]吉尔·德·雷(Saber)★3": 1, "[125]俵藤太(Archer)★3": 1, "[246]威廉·退尔(Archer)★3": 1, "[325]芝诺比阿(Archer)★4": 1, "[20]库·丘林〔Prototype〕(Lancer)★3": 2, "[22]罗穆路斯(Lancer)★3": 2, "[183]帕尔瓦蒂(Lancer)★4": 1, "[23]歌果(Rider)★3": 1, "[26]布狄卡(Rider)★3": 3, "[332]多布雷尼亚·尼基季奇(Rider)★4": 1, "[79]冯·霍恩海姆·帕拉塞尔苏斯(Caster)★3": 2, "[80]查尔斯·巴贝奇(Caster)★3": 2, "[35]梅菲斯托费勒斯(Caster)★3": 1, "[104]杰罗尼莫(Caster)★3": 1, "[100]海伦娜·布拉瓦茨基(Caster)★4": 1, "[192]喀耳刻(Caster)★4": 1, "[284]阿尔托莉雅·卡斯特(Caster)★5": 1, "[81]亨利·杰基尔＆海德(Assassin)★3": 1, "[42]匕见(Assassin)★3": 1, "[117]风魔小太郎(Assassin)★3": 1, "[49]虎狼(Berserker)★3": 2, "[82]弗兰肯斯坦(Berserker)★4": 1, "[56]清姬(Berserker)★3": 3, "[1]玛修·基列莱特(Shielder)★3": 1, "[352]徐福(Alterego)★3": 1}
礼装: {"[89]柳洞寺★3": 1, "[91]爱之灵药★3": 1, "[244]四枝之浅滩★3": 2, "[331]佛拉格拉克★3": 1, "[332]天之逆月★3": 1, "[420]谜之面具群★3": 1, "[580]瓦砾的圣堂★3": 1, "[581]手无寸铁慎二君★3": 2, "[585]幻想种★3": 1, "[815]樱的特制便当★3": 2, "[1270]庆祝回忆★5": 3, "[1271]头脑风暴★4": 2, "[1272]散状花★3": 4, "[1610]枯れない花★3": 1, "[1670]狩人の夢★4": 1}

编号[3c3fdeee3e5231e7f5a33120ea77b020]
等级: 1
圣晶石: 0
圣晶片: 3
呼符: 0
金/银/铜/青苹果: 44/0/0/0
登陆天数: 1天 / 107天
从者: {"[7]盖乌斯·尤利乌斯·恺撒(Saber)★3": 3, "[72]弗格斯·马克·罗伊(Saber)★3": 1, "[9]吉尔·德·雷(Saber)★3": 1, "[11]卫宫(Archer)★4": 1, "[13]罗宾汉(Archer)★3": 1, "[63]大卫(Archer)★3": 1, "[105]比利小子(Archer)★3": 1, "[15]尤瑞艾莉(Archer)★3": 1, "[125]俵藤太(Archer)★3": 2, "[95]幼吉尔(Archer)★3": 2, "[246]威廉·退尔(Archer)★3": 1, "[325]芝诺比阿(Archer)★4": 1, "[17]库·丘林(Lancer)★3": 3, "[71]迪尔姆德·奥迪那(Lancer)★3": 2, "[18]伊丽莎白·巴托里(Lancer)★4": 1, "[20]库·丘林〔Prototype〕(Lancer)★3": 1, "[22]罗穆路斯(Lancer)★3": 1, "[87]芬恩·麦克库尔(Lancer)★4": 1, "[186]宝藏院胤舜(Lancer)★3": 3, "[64]赫克托耳(Lancer)★3": 1, "[27]牛若丸(Rider)★3": 2, "[28]亚历山大(Rider)★3": 1, "[273]曼迪卡尔多(Rider)★3": 1, "[332]多布雷尼亚·尼基季奇(Rider)★4": 1, "[31]美狄亚(Caster)★3": 1, "[79]冯·霍恩海姆·帕拉塞尔苏斯(Caster)★3": 3, "[80]查尔斯·巴贝奇(Caster)★3": 1, "[120]尼托克丽丝(Caster)★4": 1, "[35]梅菲斯托费勒斯(Caster)★3": 3, "[104]杰罗尼莫(Caster)★3": 1, "[203]阿维斯布隆(Caster)★3": 3, "[81]亨利·杰基尔＆海德(Assassin)★3": 3, "[42]匕见(Assassin)★3": 1, "[117]风魔小太郎(Assassin)★3": 3, "[159]燕青(Assassin)★4": 1, "[55]大流士三世(Berserker)★3": 2, "[56]清姬(Berserker)★3": 1, "[202]阿塔兰忒〔Alter〕(Berserker)★4": 1, "[1]玛修·基列莱特(Shielder)★3": 1, "[352]徐福(Alterego)★3": 2}
礼装: {"[26]宝石魔术·对影★4": 1, "[28]虚数魔术★4": 1, "[56]指令咏唱★4": 1, "[74]觉醒的意志★4": 1, "[91]爱之灵药★3": 2, "[98]千年黄金树★4": 1, "[243]Bronze-Link Manipulators★3": 1, "[246]特辣麻婆豆腐★3": 1, "[247]宝石剑泽尔里奇★3": 2, "[331]佛拉格拉克★3": 1, "[401]私室警备员★4": 1, "[419]返老还童的灵药★3": 2, "[420]谜之面具群★3": 6, "[582]阿特拉斯院★3": 1, "[585]幻想种★3": 1, "[674]神造兵器★3": 1, "[773]艳阳之下★5": 1, "[774]最后的叙述者★4": 2, "[913]远方的前路★4": 2, "[1130]野心的嚆矢★4": 1, "[1270]庆祝回忆★5": 7, "[1271]头脑风暴★4": 14, "[1272]散状花★3": 17, "[1412]宝石的魔弹★4": 1, "[1415]匮乏之人★3": 3, "[1575]幻想の姫★5": 1, "[1576]華の楽土★4": 1, "[1609]代償魔術★4": 1, "[1610]枯れない花★3": 2, "[1670]狩人の夢★4": 2, "[1691]逆堕つ泥雨★5": 1}

编号[faae131b88b341fd4cc2f611169a2a19]
等级: 1
圣晶石: 99
圣晶片: 3
呼符: 50
金/银/铜/青苹果: 43/0/0/0
登陆天数: 1天 / 107天
从者: {"[7]盖乌斯·尤利乌斯·恺撒(Saber)★3": 2, "[72]弗格斯·马克·罗伊(Saber)★3": 2, "[9]吉尔·德·雷(Saber)★3": 1, "[344]ローラン(Saber)★4": 1, "[11]卫宫(Archer)★4": 1, "[63]大卫(Archer)★3": 1, "[15]尤瑞艾莉(Archer)★3": 2, "[125]俵藤太(Archer)★3": 2, "[246]威廉·退尔(Archer)★3": 2, "[20]库·丘林〔Prototype〕(Lancer)★3": 1, "[186]宝藏院胤舜(Lancer)★3": 1, "[64]赫克托耳(Lancer)★3": 1, "[27]牛若丸(Rider)★3": 2, "[30]玛尔达(Rider)★4": 1, "[332]多布雷尼亚·尼基季奇(Rider)★4": 1, "[79]冯·霍恩海姆·帕拉塞尔苏斯(Caster)★3": 2, "[80]查尔斯·巴贝奇(Caster)★3": 3, "[35]梅菲斯托费勒斯(Caster)★3": 1, "[284]阿尔托莉雅·卡斯特(Caster)★5": 1, "[348]張角(Caster)★3": 1, "[110]百貌哈桑(Assassin)★3": 1, "[81]亨利·杰基尔＆海德(Assassin)★3": 1, "[124]静谧哈桑(Assassin)★3": 2, "[42]匕见(Assassin)★3": 2, "[46]卡米拉(Assassin)★4": 1, "[56]清姬(Berserker)★3": 4, "[1]玛修·基列莱特(Shielder)★3": 1, "[352]徐福(Alterego)★3": 1, "[158]黑森·罗伯(Avenger)★4": 1}
礼装: {"[21]钢之锻炼★4": 1, "[37]芦苇海★3": 1, "[74]觉醒的意志★4": 1, "[91]爱之灵药★3": 2, "[186]情窦未开的千金★4": 1, "[333]许德拉匕首★3": 2, "[247]宝石剑泽尔里奇★3": 2, "[265]卡姆兰之战★3": 1, "[332]天之逆月★3": 2, "[418]固有结界★3": 1, "[419]返老还童的灵药★3": 1, "[420]谜之面具群★3": 3, "[580]瓦砾的圣堂★3": 1, "[582]阿特拉斯院★3": 2, "[674]神造兵器★3": 1, "[691]噬魂★3": 4, "[1270]庆祝回忆★5": 4, "[1271]头脑风暴★4": 1, "[1272]散状花★3": 4, "[1414]愿望之容器★4": 1, "[1415]匮乏之人★3": 1, "[1512]庭园的守护者★4": 1, "[1513]穗群原学园学生会长★3": 1, "[1610]枯れない花★3": 2}

编号[d9fad47bc3e2db7a48f8fdd593b3f51f]
等级: 1
圣晶石: 162
圣晶片: 3
呼符: 50
金/银/铜/青苹果: 43/0/0/0
登陆天数: 1天 / 107天
从者: {"[7]盖乌斯·尤利乌斯·恺撒(Saber)★3": 1, "[72]弗格斯·马克·罗伊(Saber)★3": 2, "[245]拉克什米·芭伊(Saber)★4": 1, "[13]罗宾汉(Archer)★3": 2, "[63]大卫(Archer)★3": 1, "[15]尤瑞艾莉(Archer)★3": 2, "[246]威廉·退尔(Archer)★3": 1, "[17]库·丘林(Lancer)★3": 1, "[71]迪尔姆德·奥迪那(Lancer)★3": 3, "[22]罗穆路斯(Lancer)★3": 2, "[64]赫克托耳(Lancer)★3": 1, "[23]歌果(Rider)★3": 1, "[26]布狄卡(Rider)★3": 2, "[80]查尔斯·巴贝奇(Caster)★3": 2, "[120]尼托克丽丝(Caster)★4": 1, "[35]梅菲斯托费勒斯(Caster)★3": 2, "[203]阿维斯布隆(Caster)★3": 2, "[284]阿尔托莉雅·卡斯特(Caster)★5": 1, "[124]静谧哈桑(Assassin)★3": 1, "[42]匕见(Assassin)★3": 1, "[117]风魔小太郎(Assassin)★3": 1, "[49]虎狼(Berserker)★3": 1, "[55]大流士三世(Berserker)★3": 2, "[56]清姬(Berserker)★3": 1, "[1]玛修·基列莱特(Shielder)★3": 1}
礼装: {"[28]虚数魔术★4": 1, "[39]抹大拉的圣骸布★4": 1, "[73]死灵魔术★4": 1, "[89]柳洞寺★3": 1, "[91]爱之灵药★3": 1, "[98]千年黄金树★4": 1, "[243]Bronze-Link Manipulators★3": 1, "[246]特辣麻婆豆腐★3": 1, "[265]卡姆兰之战★3": 2, "[331]佛拉格拉克★3": 1, "[401]私室警备员★4": 1, "[419]返老还童的灵药★3": 1, "[580]瓦砾的圣堂★3": 3, "[815]樱的特制便当★3": 1, "[1270]庆祝回忆★5": 2, "[1271]头脑风暴★4": 3, "[1415]匮乏之人★3": 1, "[1485]冬之结晶★4": 1, "[1512]庭园的守护者★4": 1, "[1513]穗群原学园学生会长★3": 1}

编号[c723638db47a8d58d6de394a40e9088e]
等级: 1
圣晶石: 3
圣晶片: 3
呼符: 50
金/银/铜/青苹果: 43/0/0/0
登陆天数: 1天 / 107天
从者: {"[6]齐格飞(Saber)★4": 1, "[7]盖乌斯·尤利乌斯·恺撒(Saber)★3": 1, "[72]弗格斯·马克·罗伊(Saber)★3": 2, "[9]吉尔·德·雷(Saber)★3": 1, "[13]罗宾汉(Archer)★3": 1, "[105]比利小子(Archer)★3": 1, "[15]尤瑞艾莉(Archer)★3": 2, "[95]幼吉尔(Archer)★3": 1, "[17]库·丘林(Lancer)★3": 3, "[71]迪尔姆德·奥迪那(Lancer)★3": 4, "[186]宝藏院胤舜(Lancer)★3": 1, "[64]赫克托耳(Lancer)★3": 2, "[23]歌果(Rider)★3": 6, "[26]布狄卡(Rider)★3": 1, "[27]牛若丸(Rider)★3": 4, "[28]亚历山大(Rider)★3": 1, "[273]曼迪卡尔多(Rider)★3": 1, "[31]美狄亚(Caster)★3": 3, "[79]冯·霍恩海姆·帕拉塞尔苏斯(Caster)★3": 1, "[80]查尔斯·巴贝奇(Caster)★3": 1, "[35]梅菲斯托费勒斯(Caster)★3": 1, "[192]喀耳刻(Caster)★4": 1, "[203]阿维斯布隆(Caster)★3": 1, "[284]阿尔托莉雅·卡斯特(Caster)★5": 1, "[348]張角(Caster)★3": 2, "[81]亨利·杰基尔＆海德(Assassin)★3": 2, "[42]匕见(Assassin)★3": 1, "[117]风魔小太郎(Assassin)★3": 1, "[170]周照(Assassin)★4": 1, "[49]虎狼(Berserker)★3": 1, "[55]大流士三世(Berserker)★3": 2, "[1]玛修·基列莱特(Shielder)★3": 1, "[352]徐福(Alterego)★3": 2}
礼装: {"[26]宝石魔术·对影★4": 1, "[28]虚数魔术★4": 1, "[31]元素转换★5": 1, "[73]死灵魔术★4": 1, "[89]柳洞寺★3": 1, "[98]千年黄金树★4": 1, "[183]死之艺术★4": 1, "[184]柔软的慈爱★4": 1, "[186]情窦未开的千金★4": 1, "[244]四枝之浅滩★3": 1, "[333]许德拉匕首★3": 1, "[246]特辣麻婆豆腐★3": 1, "[247]宝石剑泽尔里奇★3": 1, "[265]卡姆兰之战★3": 2, "[332]天之逆月★3": 3, "[418]固有结界★3": 2, "[580]瓦砾的圣堂★3": 1, "[581]手无寸铁慎二君★3": 5, "[582]阿特拉斯院★3": 1, "[585]幻想种★3": 1, "[674]神造兵器★3": 2, "[691]噬魂★3": 1, "[774]最后的叙述者★4": 3, "[815]樱的特制便当★3": 1, "[1208]韵律诗节★4": 1, "[1270]庆祝回忆★5": 6, "[1271]头脑风暴★4": 5, "[1272]散状花★3": 8, "[1415]匮乏之人★3": 2, "[1458]魔道元帅★5": 1, "[1485]冬之结晶★4": 1, "[1512]庭园的守护者★4": 1, "[1513]穗群原学园学生会长★3": 1, "[1610]枯れない花★3": 3}

编号[44ed66db5bb550974c91ea0e6fb14044]
等级: 1
圣晶石: 213
圣晶片: 3
呼符: 50
金/银/铜/青苹果: 43/0/0/0
登陆天数: 1天 / 107天
从者: {"[72]弗格斯·马克·罗伊(Saber)★3": 2, "[9]吉尔·德·雷(Saber)★3": 1, "[11]卫宫(Archer)★4": 1, "[95]幼吉尔(Archer)★3": 1, "[17]库·丘林(Lancer)★3": 1, "[214]瓦尔基里(Lancer)★4": 1, "[26]布狄卡(Rider)★3": 2, "[28]亚历山大(Rider)★3": 1, "[80]查尔斯·巴贝奇(Caster)★3": 2, "[284]阿尔托莉雅·卡斯特(Caster)★5": 1, "[124]静谧哈桑(Assassin)★3": 1, "[41]斯忒诺(Assassin)★4": 1, "[42]匕见(Assassin)★3": 1, "[55]大流士三世(Berserker)★3": 1, "[1]玛修·基列莱特(Shielder)★3": 1}
礼装: {"[37]芦苇海★3": 1, "[39]抹大拉的圣骸布★4": 1, "[42]Mooncell Automaton★3": 1, "[89]柳洞寺★3": 1, "[243]Bronze-Link Manipulators★3": 1, "[246]特辣麻婆豆腐★3": 2, "[247]宝石剑泽尔里奇★3": 2, "[331]佛拉格拉克★3": 2, "[420]谜之面具群★3": 2, "[581]手无寸铁慎二君★3": 1, "[585]幻想种★3": 1, "[674]神造兵器★3": 1, "[815]樱的特制便当★3": 1, "[1270]庆祝回忆★5": 1, "[1271]头脑风暴★4": 1, "[1272]散状花★3": 3, "[1513]穗群原学园学生会长★3": 1, "[1609]代償魔術★4": 1}

编号[4c2ed4281b406e370480a16b92228fb4]
等级: 1
圣晶石: 192
圣晶片: 3
呼符: 50
金/银/铜/青苹果: 43/0/0/0
登陆天数: 1天 / 107天
从者: {"[7]盖乌斯·尤利乌斯·恺撒(Saber)★3": 1, "[72]弗格斯·马克·罗伊(Saber)★3": 1, "[298]渡边纲(Saber)★4": 1, "[13]罗宾汉(Archer)★3": 1, "[63]大卫(Archer)★3": 2, "[125]俵藤太(Archer)★3": 2, "[246]威廉·退尔(Archer)★3": 1, "[71]迪尔姆德·奥迪那(Lancer)★3": 2, "[214]瓦尔基里(Lancer)★4": 1, "[26]布狄卡(Rider)★3": 1, "[28]亚历山大(Rider)★3": 1, "[273]曼迪卡尔多(Rider)★3": 1, "[31]美狄亚(Caster)★3": 1, "[79]冯·霍恩海姆·帕拉塞尔苏斯(Caster)★3": 1, "[80]查尔斯·巴贝奇(Caster)★3": 2, "[203]阿维斯布隆(Caster)★3": 1, "[284]阿尔托莉雅·卡斯特(Caster)★5": 1, "[348]張角(Caster)★3": 1, "[110]百貌哈桑(Assassin)★3": 2, "[81]亨利·杰基尔＆海德(Assassin)★3": 1, "[124]静谧哈桑(Assassin)★3": 1, "[55]大流士三世(Berserker)★3": 1, "[56]清姬(Berserker)★3": 2, "[1]玛修·基列莱特(Shielder)★3": 1}
礼装: {"[39]抹大拉的圣骸布★4": 1, "[244]四枝之浅滩★3": 2, "[333]许德拉匕首★3": 2, "[247]宝石剑泽尔里奇★3": 1, "[580]瓦砾的圣堂★3": 2, "[585]幻想种★3": 1, "[691]噬魂★3": 1, "[1130]野心的嚆矢★4": 1, "[1270]庆祝回忆★5": 1, "[1271]头脑风暴★4": 2, "[1272]散状花★3": 1, "[1412]宝石的魔弹★4": 1, "[1513]穗群原学园学生会长★3": 2, "[1610]枯れない花★3": 1}

编号[3d1f98a8032639b81b8de622c2efc6c2]
等级: 1
圣晶石: 0
圣晶片: 3
呼符: 0
金/银/铜/青苹果: 44/0/0/0
登陆天数: 1天 / 107天
从者: {"[7]盖乌斯·尤利乌斯·恺撒(Saber)★3": 1, "[72]弗格斯·马克·罗伊(Saber)★3": 1, "[9]吉尔·德·雷(Saber)★3": 1, "[298]渡边纲(Saber)★4": 1, "[13]罗宾汉(Archer)★3": 3, "[63]大卫(Archer)★3": 1, "[15]尤瑞艾莉(Archer)★3": 3, "[125]俵藤太(Archer)★3": 2, "[95]幼吉尔(Archer)★3": 1, "[246]威廉·退尔(Archer)★3": 2, "[17]库·丘林(Lancer)★3": 1, "[71]迪尔姆德·奥迪那(Lancer)★3": 2, "[20]库·丘林〔Prototype〕(Lancer)★3": 1, "[22]罗穆路斯(Lancer)★3": 4, "[186]宝藏院胤舜(Lancer)★3": 1, "[64]赫克托耳(Lancer)★3": 2, "[23]歌果(Rider)★3": 2, "[26]布狄卡(Rider)★3": 3, "[28]亚历山大(Rider)★3": 1, "[273]曼迪卡尔多(Rider)★3": 1, "[31]美狄亚(Caster)★3": 2, "[79]冯·霍恩海姆·帕拉塞尔苏斯(Caster)★3": 1, "[80]查尔斯·巴贝奇(Caster)★3": 2, "[35]梅菲斯托费勒斯(Caster)★3": 5, "[104]杰罗尼莫(Caster)★3": 1, "[203]阿维斯布隆(Caster)★3": 1, "[110]百貌哈桑(Assassin)★3": 4, "[81]亨利·杰基尔＆海德(Assassin)★3": 4, "[124]静谧哈桑(Assassin)★3": 3, "[42]匕见(Assassin)★3": 1, "[117]风魔小太郎(Assassin)★3": 1, "[185]望月千代女(Assassin)★4": 1, "[49]虎狼(Berserker)★3": 5, "[55]大流士三世(Berserker)★3": 1, "[56]清姬(Berserker)★3": 1, "[1]玛修·基列莱特(Shielder)★3": 1, "[352]徐福(Alterego)★3": 2}
礼装: {"[28]虚数魔术★4": 1, "[33]限制/零毁★5": 1, "[56]指令咏唱★4": 1, "[67]2030年的碎片★5": 1, "[91]爱之灵药★3": 2, "[93]阿兰若★3": 1, "[98]千年黄金树★4": 1, "[186]情窦未开的千金★4": 1, "[243]Bronze-Link Manipulators★3": 1, "[244]四枝之浅滩★3": 1, "[247]宝石剑泽尔里奇★3": 3, "[264]援护射击★4": 1, "[331]佛拉格拉克★3": 3, "[418]固有结界★3": 1, "[419]返老还童的灵药★3": 2, "[580]瓦砾的圣堂★3": 1, "[581]手无寸铁慎二君★3": 2, "[585]幻想种★3": 1, "[674]神造兵器★3": 1, "[815]樱的特制便当★3": 1, "[913]远方的前路★4": 1, "[1208]韵律诗节★4": 1, "[1270]庆祝回忆★5": 4, "[1271]头脑风暴★4": 7, "[1272]散状花★3": 16, "[1412]宝石的魔弹★4": 1, "[1414]愿望之容器★4": 1, "[1415]匮乏之人★3": 1, "[1485]冬之结晶★4": 1, "[1512]庭园的守护者★4": 1, "[1513]穗群原学园学生会长★3": 4, "[1577]告解の惑い場★4": 3, "[1606]五大元素使い★5": 1, "[1608]悲願の継承★4": 1, "[1610]枯れない花★3": 2, "[1670]狩人の夢★4": 1, "[1692]免許皆伝★4": 2}

编号[0bbfbf07cc5083a9b16c05fd468c94d0]
等级: 1
圣晶石: 0
圣晶片: 3
呼符: 0
金/银/铜/青苹果: 44/0/0/0
登陆天数: 1天 / 107天
从者: {"[7]盖乌斯·尤利乌斯·恺撒(Saber)★3": 3, "[72]弗格斯·马克·罗伊(Saber)★3": 2, "[9]吉尔·德·雷(Saber)★3": 1, "[10]骑士迪昂(Saber)★4": 1, "[223]迪尔姆德·奥迪那(Saber)★4": 1, "[298]渡边纲(Saber)★4": 1, "[11]卫宫(Archer)★4": 1, "[13]罗宾汉(Archer)★3": 1, "[63]大卫(Archer)★3": 1, "[105]比利小子(Archer)★3": 1, "[15]尤瑞艾莉(Archer)★3": 3, "[125]俵藤太(Archer)★3": 2, "[84]阿周那(Archer)★5": 1, "[95]幼吉尔(Archer)★3": 1, "[246]威廉·退尔(Archer)★3": 2, "[17]库·丘林(Lancer)★3": 3, "[71]迪尔姆德·奥迪那(Lancer)★3": 1, "[18]伊丽莎白·巴托里(Lancer)★4": 1, "[20]库·丘林〔Prototype〕(Lancer)★3": 1, "[22]罗穆路斯(Lancer)★3": 1, "[186]宝藏院胤舜(Lancer)★3": 1, "[64]赫克托耳(Lancer)★3": 2, "[183]帕尔瓦蒂(Lancer)★4": 1, "[23]歌果(Rider)★3": 1, "[66]安妮·伯妮＆玛莉·瑞德(Rider)★4": 1, "[26]布狄卡(Rider)★3": 1, "[27]牛若丸(Rider)★3": 1, "[28]亚历山大(Rider)★3": 1, "[273]曼迪卡尔多(Rider)★3": 1, "[366]黄飛虎(Rider)★4": 1, "[31]美狄亚(Caster)★3": 1, "[79]冯·霍恩海姆·帕拉塞尔苏斯(Caster)★3": 1, "[80]查尔斯·巴贝奇(Caster)★3": 1, "[35]梅菲斯托费勒斯(Caster)★3": 2, "[104]杰罗尼莫(Caster)★3": 3, "[192]喀耳刻(Caster)★4": 1, "[110]百貌哈桑(Assassin)★3": 1, "[81]亨利·杰基尔＆海德(Assassin)★3": 1, "[124]静谧哈桑(Assassin)★3": 1, "[42]匕见(Assassin)★3": 2, "[117]风魔小太郎(Assassin)★3": 2, "[47]赫拉克勒斯(Berserker)★4": 1, "[56]清姬(Berserker)★3": 3, "[58]玉藻猫(Berserker)★4": 1, "[116]茨木童子(Berserker)★4": 1, "[1]玛修·基列莱特(Shielder)★3": 1, "[352]徐福(Alterego)★3": 2, "[158]黑森·罗伯(Avenger)★4": 2}
礼装: {"[21]钢之锻炼★4": 1, "[28]虚数魔术★4": 1, "[37]芦苇海★3": 1, "[39]抹大拉的圣骸布★4": 1, "[74]觉醒的意志★4": 2, "[89]柳洞寺★3": 2, "[183]死之艺术★4": 1, "[244]四枝之浅滩★3": 1, "[333]许德拉匕首★3": 3, "[263]起源弹★5": 1, "[265]卡姆兰之战★3": 2, "[331]佛拉格拉克★3": 3, "[419]返老还童的灵药★3": 1, "[420]谜之面具群★3": 4, "[581]手无寸铁慎二君★3": 2, "[582]阿特拉斯院★3": 2, "[674]神造兵器★3": 1, "[691]噬魂★3": 3, "[774]最后的叙述者★4": 1, "[912]火炎伯爵★5": 1, "[1208]韵律诗节★4": 1, "[1270]庆祝回忆★5": 1, "[1271]头脑风暴★4": 8, "[1272]散状花★3": 14, "[1412]宝石的魔弹★4": 1, "[1413]虚数属性★4": 1, "[1414]愿望之容器★4": 1, "[1415]匮乏之人★3": 2, "[1485]冬之结晶★4": 1, "[1513]穗群原学园学生会长★3": 1, "[1577]告解の惑い場★4": 3, "[1607]投影装填★4": 2, "[1610]枯れない花★3": 7, "[1670]狩人の夢★4": 1, "[1691]逆堕つ泥雨★5": 1}

编号[e9f347249ee0b57975c13c371947a6ca]
等级: 1
圣晶石: 267
圣晶片: 3
呼符: 51
金/银/铜/青苹果: 43/0/0/0
登陆天数: 1天 / 108天
从者: {"[298]渡边纲(Saber)★4": 1, "[15]尤瑞艾莉(Archer)★3": 1, "[325]芝诺比阿(Archer)★4": 1, "[17]库·丘林(Lancer)★3": 1, "[20]库·丘林〔Prototype〕(Lancer)★3": 1, "[22]罗穆路斯(Lancer)★3": 1, "[94]阿斯托尔福(Rider)★4": 1, "[28]亚历山大(Rider)★3": 1, "[284]阿尔托莉雅·卡斯特(Caster)★5": 1, "[124]静谧哈桑(Assassin)★3": 1, "[48]兰斯洛特(Berserker)★4": 1, "[1]玛修·基列莱特(Shielder)★3": 1}
礼装: {"[39]抹大拉的圣骸布★4": 2, "[56]指令咏唱★4": 1, "[243]Bronze-Link Manipulators★3": 1, "[244]四枝之浅滩★3": 1, "[418]固有结界★3": 1, "[581]手无寸铁慎二君★3": 2, "[815]樱的特制便当★3": 1, "[1415]匮乏之人★3": 1}

编号[575d4b0ad84ae2c1b226a56d87d2c68e]
等级: 1
圣晶石: 210
圣晶片: 3
呼符: 51
金/银/铜/青苹果: 43/0/0/0
登陆天数: 1天 / 108天
从者: {"[7]盖乌斯·尤利乌斯·恺撒(Saber)★3": 1, "[298]渡边纲(Saber)★4": 1, "[13]罗宾汉(Archer)★3": 1, "[246]威廉·退尔(Archer)★3": 2, "[71]迪尔姆德·奥迪那(Lancer)★3": 2, "[22]罗穆路斯(Lancer)★3": 1, "[186]宝藏院胤舜(Lancer)★3": 2, "[64]赫克托耳(Lancer)★3": 1, "[23]歌果(Rider)★3": 1, "[27]牛若丸(Rider)★3": 1, "[28]亚历山大(Rider)★3": 1, "[273]曼迪卡尔多(Rider)★3": 1, "[104]杰罗尼莫(Caster)★3": 1, "[203]阿维斯布隆(Caster)★3": 1, "[284]阿尔托莉雅·卡斯特(Caster)★5": 1, "[110]百貌哈桑(Assassin)★3": 1, "[81]亨利·杰基尔＆海德(Assassin)★3": 1, "[41]斯忒诺(Assassin)★4": 1, "[49]虎狼(Berserker)★3": 1, "[56]清姬(Berserker)★3": 1, "[1]玛修·基列莱特(Shielder)★3": 1}
礼装: {"[22]原始咒术★4": 1, "[26]宝石魔术·对影★4": 1, "[89]柳洞寺★3": 1, "[186]情窦未开的千金★4": 1, "[247]宝石剑泽尔里奇★3": 1, "[332]天之逆月★3": 1, "[401]私室警备员★4": 1, "[581]手无寸铁慎二君★3": 1, "[582]阿特拉斯院★3": 1, "[585]幻想种★3": 1, "[691]噬魂★3": 2, "[815]樱的特制便当★3": 1, "[1271]头脑风暴★4": 1, "[1272]散状花★3": 2, "[1576]華の楽土★4": 1, "[1577]告解の惑い場★4": 1}

编号[58eee6e5deb702ea51624c094cb42bcf]
等级: 1
圣晶石: 273
圣晶片: 3
呼符: 50
金/银/铜/青苹果: 43/0/0/0
登陆天数: 1天 / 107天
从者: {"[63]大卫(Archer)★3": 1, "[17]库·丘林(Lancer)★3": 1, "[64]赫克托耳(Lancer)★3": 1, "[23]歌果(Rider)★3": 1, "[26]布狄卡(Rider)★3": 1, "[104]杰罗尼莫(Caster)★3": 1, "[284]阿尔托莉雅·卡斯特(Caster)★5": 1, "[110]百貌哈桑(Assassin)★3": 1, "[159]燕青(Assassin)★4": 2, "[55]大流士三世(Berserker)★3": 1, "[1]玛修·基列莱特(Shielder)★3": 1}
礼装: {"[93]阿兰若★3": 1, "[243]Bronze-Link Manipulators★3": 1, "[244]四枝之浅滩★3": 1, "[333]许德拉匕首★3": 1, "[331]佛拉格拉克★3": 2, "[815]樱的特制便当★3": 1}

编号[84b39be52c639add20037a7f20a879a9]
等级: 1
圣晶石: 165
圣晶片: 3
呼符: 50
金/银/铜/青苹果: 43/0/0/0
登陆天数: 1天 / 107天
从者: {"[72]弗格斯·马克·罗伊(Saber)★3": 1, "[9]吉尔·德·雷(Saber)★3": 1, "[13]罗宾汉(Archer)★3": 1, "[63]大卫(Archer)★3": 2, "[95]幼吉尔(Archer)★3": 1, "[246]威廉·退尔(Archer)★3": 1, "[17]库·丘林(Lancer)★3": 1, "[71]迪尔姆德·奥迪那(Lancer)★3": 1, "[20]库·丘林〔Prototype〕(Lancer)★3": 2, "[64]赫克托耳(Lancer)★3": 1, "[23]歌果(Rider)★3": 1, "[94]阿斯托尔福(Rider)★4": 1, "[27]牛若丸(Rider)★3": 2, "[273]曼迪卡尔多(Rider)★3": 2, "[80]查尔斯·巴贝奇(Caster)★3": 1, "[35]梅菲斯托费勒斯(Caster)★3": 1, "[104]杰罗尼莫(Caster)★3": 2, "[284]阿尔托莉雅·卡斯特(Caster)★5": 1, "[348]張角(Caster)★3": 3, "[110]百貌哈桑(Assassin)★3": 2, "[117]风魔小太郎(Assassin)★3": 2, "[1]玛修·基列莱特(Shielder)★3": 1}
礼装: {"[21]钢之锻炼★4": 1, "[22]原始咒术★4": 1, "[89]柳洞寺★3": 1, "[91]爱之灵药★3": 1, "[184]柔软的慈爱★4": 1, "[243]Bronze-Link Manipulators★3": 2, "[333]许德拉匕首★3": 1, "[265]卡姆兰之战★3": 2, "[331]佛拉格拉克★3": 1, "[332]天之逆月★3": 1, "[419]返老还童的灵药★3": 1, "[580]瓦砾的圣堂★3": 1, "[585]幻想种★3": 1, "[691]噬魂★3": 1, "[774]最后的叙述者★4": 1, "[815]樱的特制便当★3": 1, "[1270]庆祝回忆★5": 2, "[1272]散状花★3": 1, "[1412]宝石的魔弹★4": 1, "[1415]匮乏之人★3": 2, "[1610]枯れない花★3": 2, "[1691]逆堕つ泥雨★5": 1}

编号[72992cc23f5b953edeaebb783aabe2bb]
等级: 1
圣晶石: 213
圣晶片: 3
呼符: 50
金/银/铜/青苹果: 43/0/0/0
登陆天数: 1天 / 107天
从者: {"[7]盖乌斯·尤利乌斯·恺撒(Saber)★3": 2, "[63]大卫(Archer)★3": 1, "[105]比利小子(Archer)★3": 1, "[15]尤瑞艾莉(Archer)★3": 1, "[71]迪尔姆德·奥迪那(Lancer)★3": 4, "[22]罗穆路斯(Lancer)★3": 1, "[94]阿斯托尔福(Rider)★4": 1, "[80]查尔斯·巴贝奇(Caster)★3": 1, "[35]梅菲斯托费勒斯(Caster)★3": 1, "[100]海伦娜·布拉瓦茨基(Caster)★4": 1, "[284]阿尔托莉雅·卡斯特(Caster)★5": 1, "[110]百貌哈桑(Assassin)★3": 2, "[81]亨利·杰基尔＆海德(Assassin)★3": 1, "[124]静谧哈桑(Assassin)★3": 1, "[55]大流士三世(Berserker)★3": 1, "[56]清姬(Berserker)★3": 1, "[1]玛修·基列莱特(Shielder)★3": 1}
礼装: {"[22]原始咒术★4": 1, "[74]觉醒的意志★4": 1, "[91]爱之灵药★3": 1, "[93]阿兰若★3": 1, "[333]许德拉匕首★3": 1, "[247]宝石剑泽尔里奇★3": 1, "[265]卡姆兰之战★3": 1, "[331]佛拉格拉克★3": 1, "[400]天堂之孔★5": 1, "[418]固有结界★3": 2, "[585]幻想种★3": 1, "[774]最后的叙述者★4": 1, "[1270]庆祝回忆★5": 1, "[1271]头脑风暴★4": 1, "[1272]散状花★3": 3, "[1315]恋之诅咒★5": 1, "[1412]宝石的魔弹★4": 1}

编号[1fe13e440d60920f9aa08c1ecddc2b91]
等级: 1
圣晶石: 0
圣晶片: 3
呼符: 0
金/银/铜/青苹果: 44/0/0/0
登陆天数: 1天 / 107天
从者: {"[7]盖乌斯·尤利乌斯·恺撒(Saber)★3": 3, "[72]弗格斯·马克·罗伊(Saber)★3": 2, "[101]罗摩(Saber)★4": 1, "[10]骑士迪昂(Saber)★4": 1, "[13]罗宾汉(Archer)★3": 1, "[63]大卫(Archer)★3": 2, "[105]比利小子(Archer)★3": 3, "[15]尤瑞艾莉(Archer)★3": 4, "[125]俵藤太(Archer)★3": 2, "[95]幼吉尔(Archer)★3": 3, "[246]威廉·退尔(Archer)★3": 1, "[71]迪尔姆德·奥迪那(Lancer)★3": 2, "[18]伊丽莎白·巴托里(Lancer)★4": 1, "[22]罗穆路斯(Lancer)★3": 1, "[186]宝藏院胤舜(Lancer)★3": 2, "[64]赫克托耳(Lancer)★3": 3, "[228]忠贞(Lancer)★4": 1, "[23]歌果(Rider)★3": 1, "[26]布狄卡(Rider)★3": 1, "[27]牛若丸(Rider)★3": 2, "[28]亚历山大(Rider)★3": 3, "[273]曼迪卡尔多(Rider)★3": 1, "[31]美狄亚(Caster)★3": 1, "[79]冯·霍恩海姆·帕拉塞尔苏斯(Caster)★3": 2, "[80]查尔斯·巴贝奇(Caster)★3": 2, "[104]杰罗尼莫(Caster)★3": 1, "[203]阿维斯布隆(Caster)★3": 2, "[348]張角(Caster)★3": 4, "[110]百貌哈桑(Assassin)★3": 1, "[81]亨利·杰基尔＆海德(Assassin)★3": 3, "[124]静谧哈桑(Assassin)★3": 2, "[41]斯忒诺(Assassin)★4": 1, "[117]风魔小太郎(Assassin)★3": 3, "[185]望月千代女(Assassin)★4": 1, "[49]虎狼(Berserker)★3": 2, "[55]大流士三世(Berserker)★3": 1, "[56]清姬(Berserker)★3": 2, "[1]玛修·基列莱特(Shielder)★3": 1, "[352]徐福(Alterego)★3": 5, "[158]黑森·罗伯(Avenger)★4": 1}
礼装: {"[21]钢之锻炼★4": 1, "[42]Mooncell Automaton★3": 1, "[56]指令咏唱★4": 1, "[89]柳洞寺★3": 1, "[91]爱之灵药★3": 2, "[243]Bronze-Link Manipulators★3": 1, "[333]许德拉匕首★3": 3, "[247]宝石剑泽尔里奇★3": 1, "[265]卡姆兰之战★3": 2, "[331]佛拉格拉克★3": 2, "[401]私室警备员★4": 2, "[418]固有结界★3": 1, "[419]返老还童的灵药★3": 3, "[420]谜之面具群★3": 1, "[580]瓦砾的圣堂★3": 1, "[581]手无寸铁慎二君★3": 3, "[582]阿特拉斯院★3": 3, "[585]幻想种★3": 1, "[691]噬魂★3": 2, "[814]清扫者★4": 1, "[815]樱的特制便当★3": 1, "[913]远方的前路★4": 1, "[1016]狂舞曲★4": 1, "[1270]庆祝回忆★5": 11, "[1271]头脑风暴★4": 5, "[1272]散状花★3": 13, "[1413]虚数属性★4": 2, "[1414]愿望之容器★4": 1, "[1415]匮乏之人★3": 1, "[1512]庭园的守护者★4": 1, "[1513]穗群原学园学生会长★3": 1, "[1607]投影装填★4": 1, "[1608]悲願の継承★4": 1, "[1610]枯れない花★3": 2}

编号[d6117ab0204d35652fa1be11c6da477b]
等级: 1
圣晶石: 0
圣晶片: 3
呼符: 0
金/银/铜/青苹果: 44/0/0/0
登陆天数: 1天 / 107天
从者: {"[7]盖乌斯·尤利乌斯·恺撒(Saber)★3": 1, "[72]弗格斯·马克·罗伊(Saber)★3": 2, "[9]吉尔·德·雷(Saber)★3": 3, "[298]渡边纲(Saber)★4": 1, "[13]罗宾汉(Archer)★3": 1, "[63]大卫(Archer)★3": 3, "[105]比利小子(Archer)★3": 2, "[15]尤瑞艾莉(Archer)★3": 4, "[125]俵藤太(Archer)★3": 1, "[95]幼吉尔(Archer)★3": 2, "[246]威廉·退尔(Archer)★3": 3, "[71]迪尔姆德·奥迪那(Lancer)★3": 2, "[20]库·丘林〔Prototype〕(Lancer)★3": 2, "[22]罗穆路斯(Lancer)★3": 1, "[186]宝藏院胤舜(Lancer)★3": 1, "[64]赫克托耳(Lancer)★3": 1, "[183]帕尔瓦蒂(Lancer)★4": 1, "[23]歌果(Rider)★3": 2, "[94]阿斯托尔福(Rider)★4": 1, "[26]布狄卡(Rider)★3": 3, "[27]牛若丸(Rider)★3": 1, "[28]亚历山大(Rider)★3": 3, "[29]玛丽·安托瓦内特(Rider)★4": 1, "[273]曼迪卡尔多(Rider)★3": 4, "[31]美狄亚(Caster)★3": 3, "[79]冯·霍恩海姆·帕拉塞尔苏斯(Caster)★3": 2, "[80]查尔斯·巴贝奇(Caster)★3": 3, "[35]梅菲斯托费勒斯(Caster)★3": 2, "[104]杰罗尼莫(Caster)★3": 2, "[203]阿维斯布隆(Caster)★3": 2, "[348]張角(Caster)★3": 5, "[110]百貌哈桑(Assassin)★3": 2, "[81]亨利·杰基尔＆海德(Assassin)★3": 2, "[124]静谧哈桑(Assassin)★3": 3, "[42]匕见(Assassin)★3": 7, "[117]风魔小太郎(Assassin)★3": 2, "[49]虎狼(Berserker)★3": 3, "[56]清姬(Berserker)★3": 3, "[1]玛修·基列莱特(Shielder)★3": 1, "[352]徐福(Alterego)★3": 4}
礼装: {"[21]钢之锻炼★4": 1, "[26]宝石魔术·对影★4": 1, "[28]虚数魔术★4": 1, "[34]万华镜★5": 1, "[37]芦苇海★3": 1, "[56]指令咏唱★4": 1, "[73]死灵魔术★4": 3, "[74]觉醒的意志★4": 1, "[89]柳洞寺★3": 2, "[91]爱之灵药★3": 1, "[98]千年黄金树★4": 1, "[243]Bronze-Link Manipulators★3": 2, "[244]四枝之浅滩★3": 3, "[333]许德拉匕首★3": 4, "[246]特辣麻婆豆腐★3": 3, "[265]卡姆兰之战★3": 1, "[331]佛拉格拉克★3": 2, "[332]天之逆月★3": 2, "[418]固有结界★3": 3, "[419]返老还童的灵药★3": 2, "[420]谜之面具群★3": 2, "[580]瓦砾的圣堂★3": 4, "[581]手无寸铁慎二君★3": 1, "[582]阿特拉斯院★3": 3, "[585]幻想种★3": 2, "[674]神造兵器★3": 2, "[691]噬魂★3": 1, "[774]最后的叙述者★4": 1, "[815]樱的特制便当★3": 3, "[1208]韵律诗节★4": 1, "[1270]庆祝回忆★5": 4, "[1271]头脑风暴★4": 12, "[1272]散状花★3": 11, "[1415]匮乏之人★3": 3, "[1511]冬之圣女★5": 1, "[1513]穗群原学园学生会长★3": 4, "[1577]告解の惑い場★4": 2, "[1607]投影装填★4": 1, "[1608]悲願の継承★4": 1, "[1669]熾天の王★5": 1, "[1670]狩人の夢★4": 1}

编号[4706b03370a5e1dbb3bc3383c5d7018b]
等级: 1
圣晶石: 42
圣晶片: 3
呼符: 51
金/银/铜/青苹果: 44/0/0/0
登陆天数: 1天 / 107天
从者: {"[7]盖乌斯·尤利乌斯·恺撒(Saber)★3": 1, "[72]弗格斯·马克·罗伊(Saber)★3": 1, "[13]罗宾汉(Archer)★3": 1, "[63]大卫(Archer)★3": 1, "[105]比利小子(Archer)★3": 1, "[15]尤瑞艾莉(Archer)★3": 1, "[125]俵藤太(Archer)★3": 1, "[95]幼吉尔(Archer)★3": 1, "[17]库·丘林(Lancer)★3": 1, "[71]迪尔姆德·奥迪那(Lancer)★3": 1, "[20]库·丘林〔Prototype〕(Lancer)★3": 1, "[22]罗穆路斯(Lancer)★3": 1, "[186]宝藏院胤舜(Lancer)★3": 1, "[64]赫克托耳(Lancer)★3": 1, "[193]莲偶(Lancer)★4": 1, "[23]歌果(Rider)★3": 1, "[94]阿斯托尔福(Rider)★4": 1, "[26]布狄卡(Rider)★3": 1, "[27]牛若丸(Rider)★3": 1, "[28]亚历山大(Rider)★3": 1, "[273]曼迪卡尔多(Rider)★3": 1, "[31]美狄亚(Caster)★3": 1, "[74]童谣(Caster)★4": 1, "[79]冯·霍恩海姆·帕拉塞尔苏斯(Caster)★3": 1, "[80]查尔斯·巴贝奇(Caster)★3": 1, "[104]杰罗尼莫(Caster)★3": 1, "[203]阿维斯布隆(Caster)★3": 1, "[284]阿尔托莉雅·卡斯特(Caster)★5": 1, "[81]亨利·杰基尔＆海德(Assassin)★3": 1, "[124]静谧哈桑(Assassin)★3": 1, "[49]虎狼(Berserker)★3": 1, "[55]大流士三世(Berserker)★3": 1, "[58]玉藻猫(Berserker)★4": 1, "[1]玛修·基列莱特(Shielder)★3": 1, "[335]ヘファイスティオン(Pretender)★4": 1}
礼装: {"[21]钢之锻炼★4": 1, "[24]Gandr★4": 1, "[56]指令咏唱★4": 1, "[186]情窦未开的千金★4": 1, "[401]私室警备员★4": 1, "[420]谜之面具群★3": 1, "[1270]庆祝回忆★5": 4, "[1271]头脑风暴★4": 4, "[1272]散状花★3": 12, "[1415]匮乏之人★3": 3, "[1458]魔道元帅★5": 1, "[1513]穗群原学园学生会长★3": 1, "[1608]悲願の継承★4": 1, "[1609]代償魔術★4": 1, "[1610]枯れない花★3": 2}

编号[7fe693b09ce977f00ddcbbec8ab78869]
等级: 1
圣晶石: 0
圣晶片: 3
呼符: 0
金/银/铜/青苹果: 44/0/0/0
登陆天数: 1天 / 107天
从者: {"[7]盖乌斯·尤利乌斯·恺撒(Saber)★3": 1, "[72]弗格斯·马克·罗伊(Saber)★3": 1, "[9]吉尔·德·雷(Saber)★3": 1, "[298]渡边纲(Saber)★4": 1, "[13]罗宾汉(Archer)★3": 1, "[63]大卫(Archer)★3": 2, "[105]比利小子(Archer)★3": 1, "[15]尤瑞艾莉(Archer)★3": 2, "[125]俵藤太(Archer)★3": 1, "[95]幼吉尔(Archer)★3": 1, "[246]威廉·退尔(Archer)★3": 2, "[17]库·丘林(Lancer)★3": 1, "[71]迪尔姆德·奥迪那(Lancer)★3": 1, "[85]迦尔纳(Lancer)★5": 1, "[20]库·丘林〔Prototype〕(Lancer)★3": 2, "[22]罗穆路斯(Lancer)★3": 1, "[64]赫克托耳(Lancer)★3": 1, "[146]美杜莎(Lancer)★4": 1, "[23]歌果(Rider)★3": 3, "[26]布狄卡(Rider)★3": 1, "[27]牛若丸(Rider)★3": 3, "[28]亚历山大(Rider)★3": 3, "[273]曼迪卡尔多(Rider)★3": 2, "[31]美狄亚(Caster)★3": 3, "[79]冯·霍恩海姆·帕拉塞尔苏斯(Caster)★3": 2, "[80]查尔斯·巴贝奇(Caster)★3": 3, "[120]尼托克丽丝(Caster)★4": 1, "[35]梅菲斯托费勒斯(Caster)★3": 2, "[104]杰罗尼莫(Caster)★3": 1, "[203]阿维斯布隆(Caster)★3": 1, "[348]張角(Caster)★3": 2, "[110]百貌哈桑(Assassin)★3": 2, "[81]亨利·杰基尔＆海德(Assassin)★3": 1, "[124]静谧哈桑(Assassin)★3": 1, "[117]风魔小太郎(Assassin)★3": 1, "[49]虎狼(Berserker)★3": 2, "[55]大流士三世(Berserker)★3": 3, "[56]清姬(Berserker)★3": 1, "[58]玉藻猫(Berserker)★4": 1, "[1]玛修·基列莱特(Shielder)★3": 1, "[352]徐福(Alterego)★3": 2}
礼装: {"[21]钢之锻炼★4": 1, "[39]抹大拉的圣骸布★4": 1, "[57]月之胜利者★5": 1, "[89]柳洞寺★3": 2, "[98]千年黄金树★4": 1, "[243]Bronze-Link Manipulators★3": 1, "[333]许德拉匕首★3": 3, "[247]宝石剑泽尔里奇★3": 2, "[265]卡姆兰之战★3": 3, "[332]天之逆月★3": 1, "[418]固有结界★3": 1, "[419]返老还童的灵药★3": 1, "[420]谜之面具群★3": 4, "[580]瓦砾的圣堂★3": 1, "[581]手无寸铁慎二君★3": 1, "[582]阿特拉斯院★3": 2, "[585]幻想种★3": 1, "[674]神造兵器★3": 1, "[814]清扫者★4": 1, "[815]樱的特制便当★3": 2, "[1270]庆祝回忆★5": 7, "[1271]头脑风暴★4": 13, "[1272]散状花★3": 10, "[1316]王者的气质★4": 1, "[1412]宝石的魔弹★4": 1, "[1413]虚数属性★4": 2, "[1415]匮乏之人★3": 5, "[1485]冬之结晶★4": 2, "[1512]庭园的守护者★4": 1, "[1513]穗群原学园学生会长★3": 1, "[1577]告解の惑い場★4": 1, "[1607]投影装填★4": 1, "[1610]枯れない花★3": 2}

编号[6262c235b4dd69e6fff4731046328505]
等级: 1
圣晶石: 0
圣晶片: 3
呼符: 0
金/银/铜/青苹果: 44/0/0/0
登陆天数: 1天 / 108天
从者: {"[7]盖乌斯·尤利乌斯·恺撒(Saber)★3": 1, "[72]弗格斯·马克·罗伊(Saber)★3": 2, "[11]卫宫(Archer)★4": 1, "[13]罗宾汉(Archer)★3": 1, "[63]大卫(Archer)★3": 1, "[105]比利小子(Archer)★3": 1, "[15]尤瑞艾莉(Archer)★3": 3, "[125]俵藤太(Archer)★3": 3, "[95]幼吉尔(Archer)★3": 3, "[184]巴御前(Archer)★4": 1, "[246]威廉·退尔(Archer)★3": 3, "[71]迪尔姆德·奥迪那(Lancer)★3": 2, "[20]库·丘林〔Prototype〕(Lancer)★3": 2, "[186]宝藏院胤舜(Lancer)★3": 3, "[64]赫克托耳(Lancer)★3": 1, "[146]美杜莎(Lancer)★4": 1, "[313]珀西瓦尔(Lancer)★4": 1, "[23]歌果(Rider)★3": 1, "[26]布狄卡(Rider)★3": 2, "[27]牛若丸(Rider)★3": 3, "[28]亚历山大(Rider)★3": 2, "[273]曼迪卡尔多(Rider)★3": 2, "[74]童谣(Caster)★4": 1, "[79]冯·霍恩海姆·帕拉塞尔苏斯(Caster)★3": 1, "[80]查尔斯·巴贝奇(Caster)★3": 2, "[120]尼托克丽丝(Caster)★4": 1, "[35]梅菲斯托费勒斯(Caster)★3": 1, "[192]喀耳刻(Caster)★4": 1, "[203]阿维斯布隆(Caster)★3": 1, "[348]張角(Caster)★3": 1, "[81]亨利·杰基尔＆海德(Assassin)★3": 2, "[124]静谧哈桑(Assassin)★3": 1, "[42]匕见(Assassin)★3": 3, "[117]风魔小太郎(Assassin)★3": 2, "[49]虎狼(Berserker)★3": 3, "[89]贝奥武夫(Berserker)★4": 1, "[55]大流士三世(Berserker)★3": 2, "[1]玛修·基列莱特(Shielder)★3": 1, "[352]徐福(Alterego)★3": 3}
礼装: {"[32]虚数环★5": 1, "[33]限制/零毁★5": 1, "[56]指令咏唱★4": 2, "[89]柳洞寺★3": 1, "[98]千年黄金树★4": 1, "[176]记录保持者★4": 1, "[183]死之艺术★4": 1, "[243]Bronze-Link Manipulators★3": 1, "[244]四枝之浅滩★3": 1, "[333]许德拉匕首★3": 1, "[265]卡姆兰之战★3": 2, "[332]天之逆月★3": 1, "[418]固有结界★3": 1, "[419]返老还童的灵药★3": 2, "[420]谜之面具群★3": 2, "[581]手无寸铁慎二君★3": 4, "[582]阿特拉斯院★3": 1, "[674]神造兵器★3": 1, "[814]清扫者★4": 1, "[1208]韵律诗节★4": 2, "[1270]庆祝回忆★5": 8, "[1271]头脑风暴★4": 9, "[1272]散状花★3": 17, "[1316]王者的气质★4": 1, "[1415]匮乏之人★3": 4, "[1485]冬之结晶★4": 1, "[1608]悲願の継承★4": 1, "[1610]枯れない花★3": 4, "[1670]狩人の夢★4": 2, "[1691]逆堕つ泥雨★5": 1}

编号[6528619d607e85fb77d811281c537736]
等级: 1
圣晶石: 42
圣晶片: 3
呼符: 39
金/银/铜/青苹果: 44/0/0/0
登陆天数: 1天 / 107天
从者: {"[7]盖乌斯·尤利乌斯·恺撒(Saber)★3": 1, "[72]弗格斯·马克·罗伊(Saber)★3": 2, "[9]吉尔·德·雷(Saber)★3": 1, "[344]ローラン(Saber)★4": 1, "[298]渡边纲(Saber)★4": 1, "[13]罗宾汉(Archer)★3": 1, "[105]比利小子(Archer)★3": 1, "[15]尤瑞艾莉(Archer)★3": 1, "[125]俵藤太(Archer)★3": 1, "[246]威廉·退尔(Archer)★3": 1, "[71]迪尔姆德·奥迪那(Lancer)★3": 1, "[20]库·丘林〔Prototype〕(Lancer)★3": 1, "[22]罗穆路斯(Lancer)★3": 1, "[186]宝藏院胤舜(Lancer)★3": 1, "[23]歌果(Rider)★3": 1, "[27]牛若丸(Rider)★3": 1, "[29]玛丽·安托瓦内特(Rider)★4": 1, "[31]美狄亚(Caster)★3": 2, "[74]童谣(Caster)★4": 1, "[79]冯·霍恩海姆·帕拉塞尔苏斯(Caster)★3": 1, "[80]查尔斯·巴贝奇(Caster)★3": 1, "[104]杰罗尼莫(Caster)★3": 1, "[203]阿维斯布隆(Caster)★3": 1, "[284]阿尔托莉雅·卡斯特(Caster)★5": 1, "[348]張角(Caster)★3": 1, "[110]百貌哈桑(Assassin)★3": 1, "[81]亨利·杰基尔＆海德(Assassin)★3": 1, "[124]静谧哈桑(Assassin)★3": 1, "[42]匕见(Assassin)★3": 1, "[117]风魔小太郎(Assassin)★3": 1, "[47]赫拉克勒斯(Berserker)★4": 1, "[49]虎狼(Berserker)★3": 2, "[55]大流士三世(Berserker)★3": 1, "[56]清姬(Berserker)★3": 1, "[1]玛修·基列莱特(Shielder)★3": 1, "[352]徐福(Alterego)★3": 1}
礼装: {"[48]黑之圣杯★5": 1, "[67]2030年的碎片★5": 1, "[97]圣者凭依之躯★5": 1, "[244]四枝之浅滩★3": 1, "[401]私室警备员★4": 1, "[419]返老还童的灵药★3": 1, "[420]谜之面具群★3": 1, "[581]手无寸铁慎二君★3": 1, "[773]艳阳之下★5": 1, "[1270]庆祝回忆★5": 3, "[1271]头脑风暴★4": 5, "[1272]散状花★3": 7, "[1415]匮乏之人★3": 3, "[1513]穗群原学园学生会长★3": 1, "[1576]華の楽土★4": 1, "[1610]枯れない花★3": 3, "[1692]免許皆伝★4": 1}

