编号[0e7c9b8aaaf683b5e3a00ee2be9782e5]
等级: 1
圣晶石: 259
圣晶片: 3
呼符: 50
金/银/铜/青苹果: 44/0/0/0
登陆天数: 20天 / 95天
从者: {"[13]罗宾汉(Archer)★3": 1, "[105]比利小子(Archer)★3": 1, "[246]威廉·退尔(Archer)★3": 1, "[71]迪尔姆德·奥迪那(Lancer)★3": 1, "[214]瓦尔基里(Lancer)★4": 1, "[23]歌果(Rider)★3": 1, "[94]阿斯托尔福(Rider)★4": 1, "[332]多布雷尼亚·尼基季奇(Rider)★4": 2, "[79]冯·霍恩海姆·帕拉塞尔苏斯(Caster)★3": 2, "[80]查尔斯·巴贝奇(Caster)★3": 1, "[284]阿尔托莉雅·卡斯特(Caster)★5": 1, "[117]风魔小太郎(Assassin)★3": 1, "[1]玛修·基列莱特(Shielder)★3": 1}
礼装: {"[22]原始咒术★4": 1, "[26]宝石魔术·对影★4": 1, "[28]虚数魔术★4": 1, "[91]爱之灵药★3": 1, "[246]特辣麻婆豆腐★3": 1, "[691]噬魂★3": 2, "[1016]狂舞曲★4": 1, "[1270]庆祝回忆★5": 1, "[1272]散状花★3": 1, "[1415]匮乏之人★3": 1}

编号[6789db92e78d369403fcbc7e77945634]
等级: 1
圣晶石: 2
圣晶片: 3
呼符: 0
金/银/铜/青苹果: 44/0/0/0
登陆天数: 20天 / 95天
从者: {"[165]铃鹿御前(Saber)★4": 1, "[344]ローラン(Saber)★4": 1, "[298]渡边纲(Saber)★4": 1, "[13]罗宾汉(Archer)★3": 3, "[63]大卫(Archer)★3": 3, "[105]比利小子(Archer)★3": 3, "[15]尤瑞艾莉(Archer)★3": 1, "[125]俵藤太(Archer)★3": 3, "[325]芝诺比阿(Archer)★4": 1, "[17]库·丘林(Lancer)★3": 2, "[71]迪尔姆德·奥迪那(Lancer)★3": 2, "[20]库·丘林〔Prototype〕(Lancer)★3": 1, "[22]罗穆路斯(Lancer)★3": 2, "[64]赫克托耳(Lancer)★3": 1, "[23]歌果(Rider)★3": 1, "[65]弗朗西斯·德雷克(Rider)★5": 1, "[26]布狄卡(Rider)★3": 1, "[27]牛若丸(Rider)★3": 2, "[28]亚历山大(Rider)★3": 2, "[273]曼迪卡尔多(Rider)★3": 3, "[332]多布雷尼亚·尼基季奇(Rider)★4": 1, "[31]美狄亚(Caster)★3": 4, "[79]冯·霍恩海姆·帕拉塞尔苏斯(Caster)★3": 2, "[80]查尔斯·巴贝奇(Caster)★3": 1, "[35]梅菲斯托费勒斯(Caster)★3": 1, "[104]杰罗尼莫(Caster)★3": 3, "[169]山鲁佐德(Caster)★5": 1, "[203]阿维斯布隆(Caster)★3": 1, "[348]張角(Caster)★3": 2, "[110]百貌哈桑(Assassin)★3": 1, "[81]亨利·杰基尔＆海德(Assassin)★3": 1, "[124]静谧哈桑(Assassin)★3": 1, "[42]匕见(Assassin)★3": 2, "[117]风魔小太郎(Assassin)★3": 3, "[49]虎狼(Berserker)★3": 1, "[55]大流士三世(Berserker)★3": 1, "[56]清姬(Berserker)★3": 1, "[116]茨木童子(Berserker)★4": 1, "[1]玛修·基列莱特(Shielder)★3": 1, "[352]徐福(Alterego)★3": 2}
礼装: {"[35]天之杯★5": 1, "[98]千年黄金树★4": 1, "[243]Bronze-Link Manipulators★3": 1, "[244]四枝之浅滩★3": 2, "[333]许德拉匕首★3": 1, "[247]宝石剑泽尔里奇★3": 1, "[401]私室警备员★4": 1, "[418]固有结界★3": 1, "[420]谜之面具群★3": 1, "[580]瓦砾的圣堂★3": 2, "[581]手无寸铁慎二君★3": 1, "[582]阿特拉斯院★3": 1, "[585]幻想种★3": 1, "[691]噬魂★3": 1, "[773]艳阳之下★5": 1, "[814]清扫者★4": 1, "[815]樱的特制便当★3": 2, "[913]远方的前路★4": 3, "[1270]庆祝回忆★5": 11, "[1271]头脑风暴★4": 7, "[1272]散状花★3": 18, "[1412]宝石的魔弹★4": 1, "[1413]虚数属性★4": 1, "[1415]匮乏之人★3": 4, "[1512]庭园的守护者★4": 1, "[1606]五大元素使い★5": 1, "[1609]代償魔術★4": 2, "[1610]枯れない花★3": 5}

编号[23baa7e620ce160bb1305c6ea0b8de95]
等级: 1
圣晶石: 32
圣晶片: 3
呼符: 0
金/银/铜/青苹果: 44/0/0/0
登陆天数: 20天 / 95天
从者: {"[7]盖乌斯·尤利乌斯·恺撒(Saber)★3": 1, "[72]弗格斯·马克·罗伊(Saber)★3": 1, "[9]吉尔·德·雷(Saber)★3": 3, "[165]铃鹿御前(Saber)★4": 1, "[298]渡边纲(Saber)★4": 1, "[13]罗宾汉(Archer)★3": 3, "[63]大卫(Archer)★3": 1, "[105]比利小子(Archer)★3": 1, "[125]俵藤太(Archer)★3": 3, "[95]幼吉尔(Archer)★3": 1, "[246]威廉·退尔(Archer)★3": 2, "[325]芝诺比阿(Archer)★4": 1, "[71]迪尔姆德·奥迪那(Lancer)★3": 1, "[140]弗拉德三世〔EXTRA〕(Lancer)★4": 1, "[20]库·丘林〔Prototype〕(Lancer)★3": 2, "[143]恩奇都(Lancer)★5": 1, "[22]罗穆路斯(Lancer)★3": 2, "[186]宝藏院胤舜(Lancer)★3": 1, "[64]赫克托耳(Lancer)★3": 2, "[28]亚历山大(Rider)★3": 3, "[273]曼迪卡尔多(Rider)★3": 1, "[332]多布雷尼亚·尼基季奇(Rider)★4": 1, "[31]美狄亚(Caster)★3": 3, "[79]冯·霍恩海姆·帕拉塞尔苏斯(Caster)★3": 1, "[80]查尔斯·巴贝奇(Caster)★3": 1, "[120]尼托克丽丝(Caster)★4": 1, "[35]梅菲斯托费勒斯(Caster)★3": 3, "[203]阿维斯布隆(Caster)★3": 2, "[284]阿尔托莉雅·卡斯特(Caster)★5": 1, "[348]張角(Caster)★3": 2, "[110]百貌哈桑(Assassin)★3": 2, "[81]亨利·杰基尔＆海德(Assassin)★3": 1, "[124]静谧哈桑(Assassin)★3": 1, "[42]匕见(Assassin)★3": 2, "[117]风魔小太郎(Assassin)★3": 1, "[170]周照(Assassin)★4": 1, "[49]虎狼(Berserker)★3": 2, "[55]大流士三世(Berserker)★3": 2, "[56]清姬(Berserker)★3": 2, "[1]玛修·基列莱特(Shielder)★3": 1, "[352]徐福(Alterego)★3": 1}
礼装: {"[74]觉醒的意志★4": 1, "[75]五百年的执着★5": 1, "[89]柳洞寺★3": 2, "[93]阿兰若★3": 1, "[184]柔软的慈爱★4": 1, "[243]Bronze-Link Manipulators★3": 2, "[244]四枝之浅滩★3": 2, "[333]许德拉匕首★3": 2, "[246]特辣麻婆豆腐★3": 3, "[247]宝石剑泽尔里奇★3": 1, "[264]援护射击★4": 1, "[331]佛拉格拉克★3": 1, "[418]固有结界★3": 1, "[419]返老还童的灵药★3": 1, "[420]谜之面具群★3": 1, "[581]手无寸铁慎二君★3": 1, "[585]幻想种★3": 2, "[674]神造兵器★3": 2, "[815]樱的特制便当★3": 1, "[913]远方的前路★4": 1, "[1270]庆祝回忆★5": 4, "[1271]头脑风暴★4": 5, "[1272]散状花★3": 4, "[1316]王者的气质★4": 1, "[1412]宝石的魔弹★4": 1, "[1414]愿望之容器★4": 1, "[1415]匮乏之人★3": 3, "[1485]冬之结晶★4": 2, "[1513]穗群原学园学生会长★3": 4, "[1610]枯れない花★3": 3, "[1669]熾天の王★5": 1, "[1670]狩人の夢★4": 3}

编号[8d7e82be49e18f4b181ed8aec5c9b003]
等级: 1
圣晶石: 2
圣晶片: 3
呼符: 0
金/银/铜/青苹果: 44/0/0/0
登陆天数: 20天 / 95天
从者: {"[7]盖乌斯·尤利乌斯·恺撒(Saber)★3": 1, "[72]弗格斯·马克·罗伊(Saber)★3": 1, "[9]吉尔·德·雷(Saber)★3": 3, "[165]铃鹿御前(Saber)★4": 1, "[11]卫宫(Archer)★4": 1, "[13]罗宾汉(Archer)★3": 1, "[63]大卫(Archer)★3": 1, "[105]比利小子(Archer)★3": 2, "[15]尤瑞艾莉(Archer)★3": 2, "[246]威廉·退尔(Archer)★3": 1, "[17]库·丘林(Lancer)★3": 2, "[71]迪尔姆德·奥迪那(Lancer)★3": 1, "[20]库·丘林〔Prototype〕(Lancer)★3": 2, "[22]罗穆路斯(Lancer)★3": 1, "[186]宝藏院胤舜(Lancer)★3": 1, "[64]赫克托耳(Lancer)★3": 1, "[146]美杜莎(Lancer)★4": 1, "[214]瓦尔基里(Lancer)★4": 2, "[23]歌果(Rider)★3": 2, "[26]布狄卡(Rider)★3": 2, "[27]牛若丸(Rider)★3": 1, "[28]亚历山大(Rider)★3": 2, "[273]曼迪卡尔多(Rider)★3": 1, "[332]多布雷尼亚·尼基季奇(Rider)★4": 1, "[31]美狄亚(Caster)★3": 2, "[74]童谣(Caster)★4": 1, "[79]冯·霍恩海姆·帕拉塞尔苏斯(Caster)★3": 2, "[80]查尔斯·巴贝奇(Caster)★3": 2, "[35]梅菲斯托费勒斯(Caster)★3": 1, "[104]杰罗尼莫(Caster)★3": 1, "[192]喀耳刻(Caster)★4": 1, "[348]張角(Caster)★3": 2, "[81]亨利·杰基尔＆海德(Assassin)★3": 1, "[42]匕见(Assassin)★3": 1, "[117]风魔小太郎(Assassin)★3": 3, "[47]赫拉克勒斯(Berserker)★4": 1, "[49]虎狼(Berserker)★3": 6, "[55]大流士三世(Berserker)★3": 1, "[56]清姬(Berserker)★3": 1, "[1]玛修·基列莱特(Shielder)★3": 1, "[352]徐福(Alterego)★3": 3}
礼装: {"[26]宝石魔术·对影★4": 1, "[73]死灵魔术★4": 1, "[89]柳洞寺★3": 1, "[91]爱之灵药★3": 1, "[97]圣者凭依之躯★5": 2, "[182]毒蛇一艺★4": 1, "[243]Bronze-Link Manipulators★3": 2, "[244]四枝之浅滩★3": 1, "[246]特辣麻婆豆腐★3": 1, "[263]起源弹★5": 1, "[265]卡姆兰之战★3": 1, "[332]天之逆月★3": 1, "[418]固有结界★3": 2, "[419]返老还童的灵药★3": 1, "[420]谜之面具群★3": 3, "[580]瓦砾的圣堂★3": 1, "[581]手无寸铁慎二君★3": 1, "[582]阿特拉斯院★3": 2, "[585]幻想种★3": 2, "[674]神造兵器★3": 1, "[691]噬魂★3": 2, "[815]樱的特制便当★3": 1, "[913]远方的前路★4": 1, "[1270]庆祝回忆★5": 5, "[1271]头脑风暴★4": 9, "[1272]散状花★3": 19, "[1415]匮乏之人★3": 1, "[1512]庭园的守护者★4": 1, "[1513]穗群原学园学生会长★3": 4, "[1577]告解の惑い場★4": 1, "[1607]投影装填★4": 1, "[1609]代償魔術★4": 1, "[1610]枯れない花★3": 3, "[1670]狩人の夢★4": 1}

编号[e8bd2497a614dd53205fe0608e7fd832]
等级: 1
圣晶石: 41
圣晶片: 3
呼符: 13
金/银/铜/青苹果: 44/0/0/0
登陆天数: 20天 / 95天
从者: {"[6]齐格飞(Saber)★4": 1, "[7]盖乌斯·尤利乌斯·恺撒(Saber)★3": 1, "[72]弗格斯·马克·罗伊(Saber)★3": 1, "[9]吉尔·德·雷(Saber)★3": 1, "[298]渡边纲(Saber)★4": 1, "[13]罗宾汉(Archer)★3": 2, "[63]大卫(Archer)★3": 2, "[105]比利小子(Archer)★3": 1, "[15]尤瑞艾莉(Archer)★3": 2, "[125]俵藤太(Archer)★3": 1, "[184]巴御前(Archer)★4": 1, "[246]威廉·退尔(Archer)★3": 2, "[325]芝诺比阿(Archer)★4": 1, "[17]库·丘林(Lancer)★3": 1, "[71]迪尔姆德·奥迪那(Lancer)★3": 1, "[140]弗拉德三世〔EXTRA〕(Lancer)★4": 1, "[22]罗穆路斯(Lancer)★3": 2, "[186]宝藏院胤舜(Lancer)★3": 1, "[64]赫克托耳(Lancer)★3": 3, "[23]歌果(Rider)★3": 1, "[26]布狄卡(Rider)★3": 1, "[27]牛若丸(Rider)★3": 1, "[273]曼迪卡尔多(Rider)★3": 1, "[31]美狄亚(Caster)★3": 2, "[79]冯·霍恩海姆·帕拉塞尔苏斯(Caster)★3": 1, "[80]查尔斯·巴贝奇(Caster)★3": 2, "[35]梅菲斯托费勒斯(Caster)★3": 1, "[104]杰罗尼莫(Caster)★3": 2, "[203]阿维斯布隆(Caster)★3": 1, "[284]阿尔托莉雅·卡斯特(Caster)★5": 1, "[348]張角(Caster)★3": 2, "[110]百貌哈桑(Assassin)★3": 1, "[81]亨利·杰基尔＆海德(Assassin)★3": 2, "[124]静谧哈桑(Assassin)★3": 4, "[41]斯忒诺(Assassin)★4": 1, "[42]匕见(Assassin)★3": 1, "[117]风魔小太郎(Assassin)★3": 2, "[49]虎狼(Berserker)★3": 2, "[55]大流士三世(Berserker)★3": 2, "[56]清姬(Berserker)★3": 1, "[1]玛修·基列莱特(Shielder)★3": 1, "[352]徐福(Alterego)★3": 3}
礼装: {"[21]钢之锻炼★4": 2, "[56]指令咏唱★4": 1, "[98]千年黄金树★4": 1, "[185]月灵髓液★5": 1, "[244]四枝之浅滩★3": 1, "[247]宝石剑泽尔里奇★3": 1, "[401]私室警备员★4": 1, "[418]固有结界★3": 1, "[419]返老还童的灵药★3": 1, "[420]谜之面具群★3": 2, "[581]手无寸铁慎二君★3": 1, "[674]神造兵器★3": 1, "[814]清扫者★4": 1, "[913]远方的前路★4": 3, "[1270]庆祝回忆★5": 4, "[1271]头脑风暴★4": 6, "[1272]散状花★3": 13, "[1415]匮乏之人★3": 3, "[1513]穗群原学园学生会长★3": 3, "[1607]投影装填★4": 2, "[1609]代償魔術★4": 1, "[1610]枯れない花★3": 1, "[1692]免許皆伝★4": 1}

编号[6af7848785fbbb0de7647a3c309b6d9f]
等级: 1
圣晶石: 247
圣晶片: 3
呼符: 50
金/银/铜/青苹果: 44/0/0/0
登陆天数: 20天 / 95天
从者: {"[7]盖乌斯·尤利乌斯·恺撒(Saber)★3": 1, "[72]弗格斯·马克·罗伊(Saber)★3": 1, "[13]罗宾汉(Archer)★3": 1, "[63]大卫(Archer)★3": 2, "[95]幼吉尔(Archer)★3": 1, "[17]库·丘林(Lancer)★3": 1, "[71]迪尔姆德·奥迪那(Lancer)★3": 1, "[20]库·丘林〔Prototype〕(Lancer)★3": 1, "[79]冯·霍恩海姆·帕拉塞尔苏斯(Caster)★3": 1, "[35]梅菲斯托费勒斯(Caster)★3": 1, "[284]阿尔托莉雅·卡斯特(Caster)★5": 1, "[348]張角(Caster)★3": 1, "[81]亨利·杰基尔＆海德(Assassin)★3": 1, "[159]燕青(Assassin)★4": 1, "[55]大流士三世(Berserker)★3": 1, "[56]清姬(Berserker)★3": 1, "[1]玛修·基列莱特(Shielder)★3": 1}
礼装: {"[74]觉醒的意志★4": 1, "[244]四枝之浅滩★3": 1, "[333]许德拉匕首★3": 2, "[247]宝石剑泽尔里奇★3": 1, "[265]卡姆兰之战★3": 1, "[580]瓦砾的圣堂★3": 1, "[674]神造兵器★3": 1, "[814]清扫者★4": 1, "[815]樱的特制便当★3": 1, "[1016]狂舞曲★4": 1}

编号[67d7db9bdf66b22b79854f230818b4f1]
等级: 1
圣晶石: 244
圣晶片: 3
呼符: 50
金/银/铜/青苹果: 44/0/0/0
登陆天数: 20天 / 95天
从者: {"[7]盖乌斯·尤利乌斯·恺撒(Saber)★3": 1, "[72]弗格斯·马克·罗伊(Saber)★3": 1, "[9]吉尔·德·雷(Saber)★3": 1, "[298]渡边纲(Saber)★4": 1, "[11]卫宫(Archer)★4": 1, "[105]比利小子(Archer)★3": 1, "[17]库·丘林(Lancer)★3": 2, "[71]迪尔姆德·奥迪那(Lancer)★3": 1, "[22]罗穆路斯(Lancer)★3": 1, "[64]赫克托耳(Lancer)★3": 2, "[23]歌果(Rider)★3": 1, "[26]布狄卡(Rider)★3": 1, "[28]亚历山大(Rider)★3": 1, "[80]查尔斯·巴贝奇(Caster)★3": 1, "[284]阿尔托莉雅·卡斯特(Caster)★5": 1, "[81]亨利·杰基尔＆海德(Assassin)★3": 1, "[55]大流士三世(Berserker)★3": 1, "[58]玉藻猫(Berserker)★4": 1, "[1]玛修·基列莱特(Shielder)★3": 1}
礼装: {"[89]柳洞寺★3": 1, "[91]爱之灵药★3": 1, "[98]千年黄金树★4": 1, "[247]宝石剑泽尔里奇★3": 1, "[265]卡姆兰之战★3": 1, "[331]佛拉格拉克★3": 1, "[815]樱的特制便当★3": 1, "[1270]庆祝回忆★5": 1, "[1577]告解の惑い場★4": 1}

编号[b31587acbc09304dfefc64411800a2c1]
等级: 1
圣晶石: 2
圣晶片: 3
呼符: 0
金/银/铜/青苹果: 44/0/0/0
登陆天数: 20天 / 95天
从者: {"[7]盖乌斯·尤利乌斯·恺撒(Saber)★3": 1, "[72]弗格斯·马克·罗伊(Saber)★3": 1, "[121]兰斯洛特(Saber)★4": 1, "[9]吉尔·德·雷(Saber)★3": 3, "[13]罗宾汉(Archer)★3": 2, "[105]比利小子(Archer)★3": 1, "[15]尤瑞艾莉(Archer)★3": 3, "[125]俵藤太(Archer)★3": 3, "[95]幼吉尔(Archer)★3": 3, "[246]威廉·退尔(Archer)★3": 2, "[17]库·丘林(Lancer)★3": 2, "[71]迪尔姆德·奥迪那(Lancer)★3": 1, "[18]伊丽莎白·巴托里(Lancer)★4": 1, "[20]库·丘林〔Prototype〕(Lancer)★3": 1, "[22]罗穆路斯(Lancer)★3": 2, "[64]赫克托耳(Lancer)★3": 3, "[214]瓦尔基里(Lancer)★4": 1, "[23]歌果(Rider)★3": 2, "[26]布狄卡(Rider)★3": 2, "[27]牛若丸(Rider)★3": 1, "[28]亚历山大(Rider)★3": 3, "[30]玛尔达(Rider)★4": 1, "[273]曼迪卡尔多(Rider)★3": 2, "[274]欧罗巴(Rider)★5": 1, "[366]黄飛虎(Rider)★4": 1, "[31]美狄亚(Caster)★3": 3, "[79]冯·霍恩海姆·帕拉塞尔苏斯(Caster)★3": 1, "[80]查尔斯·巴贝奇(Caster)★3": 3, "[120]尼托克丽丝(Caster)★4": 1, "[35]梅菲斯托费勒斯(Caster)★3": 1, "[104]杰罗尼莫(Caster)★3": 1, "[203]阿维斯布隆(Caster)★3": 1, "[348]張角(Caster)★3": 4, "[110]百貌哈桑(Assassin)★3": 1, "[81]亨利·杰基尔＆海德(Assassin)★3": 1, "[124]静谧哈桑(Assassin)★3": 1, "[42]匕见(Assassin)★3": 3, "[117]风魔小太郎(Assassin)★3": 1, "[170]周照(Assassin)★4": 1, "[49]虎狼(Berserker)★3": 1, "[55]大流士三世(Berserker)★3": 3, "[56]清姬(Berserker)★3": 2, "[1]玛修·基列莱特(Shielder)★3": 1, "[352]徐福(Alterego)★3": 4}
礼装: {"[22]原始咒术★4": 1, "[37]芦苇海★3": 1, "[56]指令咏唱★4": 1, "[73]死灵魔术★4": 1, "[75]五百年的执着★5": 1, "[244]四枝之浅滩★3": 1, "[246]特辣麻婆豆腐★3": 2, "[247]宝石剑泽尔里奇★3": 1, "[332]天之逆月★3": 1, "[401]私室警备员★4": 1, "[418]固有结界★3": 1, "[419]返老还童的灵药★3": 1, "[420]谜之面具群★3": 2, "[580]瓦砾的圣堂★3": 3, "[585]幻想种★3": 1, "[691]噬魂★3": 1, "[913]远方的前路★4": 1, "[1207]黑魔术★5": 1, "[1270]庆祝回忆★5": 5, "[1271]头脑风暴★4": 4, "[1272]散状花★3": 12, "[1415]匮乏之人★3": 4, "[1513]穗群原学园学生会长★3": 5, "[1576]華の楽土★4": 2, "[1607]投影装填★4": 1, "[1608]悲願の継承★4": 1, "[1610]枯れない花★3": 1, "[1692]免許皆伝★4": 2}

编号[29f967d804094f75b13c35c8e9a0541e]
等级: 1
圣晶石: 100
圣晶片: 3
呼符: 50
金/银/铜/青苹果: 44/0/0/0
登陆天数: 20天 / 95天
从者: {"[72]弗格斯·马克·罗伊(Saber)★3": 1, "[9]吉尔·德·雷(Saber)★3": 2, "[11]卫宫(Archer)★4": 1, "[13]罗宾汉(Archer)★3": 1, "[63]大卫(Archer)★3": 1, "[105]比利小子(Archer)★3": 1, "[95]幼吉尔(Archer)★3": 1, "[246]威廉·退尔(Archer)★3": 2, "[17]库·丘林(Lancer)★3": 1, "[71]迪尔姆德·奥迪那(Lancer)★3": 1, "[22]罗穆路斯(Lancer)★3": 2, "[146]美杜莎(Lancer)★4": 1, "[27]牛若丸(Rider)★3": 2, "[28]亚历山大(Rider)★3": 2, "[31]美狄亚(Caster)★3": 4, "[79]冯·霍恩海姆·帕拉塞尔苏斯(Caster)★3": 1, "[80]查尔斯·巴贝奇(Caster)★3": 1, "[35]梅菲斯托费勒斯(Caster)★3": 1, "[104]杰罗尼莫(Caster)★3": 2, "[284]阿尔托莉雅·卡斯特(Caster)★5": 1, "[348]張角(Caster)★3": 1, "[110]百貌哈桑(Assassin)★3": 1, "[81]亨利·杰基尔＆海德(Assassin)★3": 1, "[124]静谧哈桑(Assassin)★3": 1, "[41]斯忒诺(Assassin)★4": 1, "[42]匕见(Assassin)★3": 1, "[47]赫拉克勒斯(Berserker)★4": 1, "[56]清姬(Berserker)★3": 1, "[1]玛修·基列莱特(Shielder)★3": 1, "[352]徐福(Alterego)★3": 1}
礼装: {"[21]钢之锻炼★4": 2, "[26]宝石魔术·对影★4": 1, "[89]柳洞寺★3": 1, "[182]毒蛇一艺★4": 1, "[184]柔软的慈爱★4": 1, "[243]Bronze-Link Manipulators★3": 1, "[244]四枝之浅滩★3": 2, "[333]许德拉匕首★3": 2, "[246]特辣麻婆豆腐★3": 3, "[247]宝石剑泽尔里奇★3": 3, "[265]卡姆兰之战★3": 2, "[331]佛拉格拉克★3": 1, "[332]天之逆月★3": 2, "[418]固有结界★3": 1, "[419]返老还童的灵药★3": 1, "[585]幻想种★3": 2, "[691]噬魂★3": 2, "[815]樱的特制便当★3": 1, "[913]远方的前路★4": 1, "[1016]狂舞曲★4": 1, "[1270]庆祝回忆★5": 1, "[1271]头脑风暴★4": 2, "[1272]散状花★3": 4, "[1415]匮乏之人★3": 1, "[1513]穗群原学园学生会长★3": 1, "[1576]華の楽土★4": 1, "[1577]告解の惑い場★4": 1, "[1670]狩人の夢★4": 1}

编号[1691c59034e5caf6d6b28dae83828301]
等级: 1
圣晶石: 41
圣晶片: 3
呼符: 52
金/银/铜/青苹果: 44/0/0/0
登陆天数: 20天 / 95天
从者: {"[72]弗格斯·马克·罗伊(Saber)★3": 1, "[13]罗宾汉(Archer)★3": 1, "[105]比利小子(Archer)★3": 1, "[15]尤瑞艾莉(Archer)★3": 1, "[125]俵藤太(Archer)★3": 1, "[95]幼吉尔(Archer)★3": 1, "[17]库·丘林(Lancer)★3": 1, "[71]迪尔姆德·奥迪那(Lancer)★3": 1, "[20]库·丘林〔Prototype〕(Lancer)★3": 1, "[22]罗穆路斯(Lancer)★3": 1, "[186]宝藏院胤舜(Lancer)★3": 1, "[64]赫克托耳(Lancer)★3": 1, "[214]瓦尔基里(Lancer)★4": 1, "[26]布狄卡(Rider)★3": 1, "[27]牛若丸(Rider)★3": 1, "[31]美狄亚(Caster)★3": 1, "[79]冯·霍恩海姆·帕拉塞尔苏斯(Caster)★3": 1, "[80]查尔斯·巴贝奇(Caster)★3": 1, "[284]阿尔托莉雅·卡斯特(Caster)★5": 1, "[110]百貌哈桑(Assassin)★3": 1, "[41]斯忒诺(Assassin)★4": 1, "[42]匕见(Assassin)★3": 1, "[46]卡米拉(Assassin)★4": 1, "[117]风魔小太郎(Assassin)★3": 1, "[47]赫拉克勒斯(Berserker)★4": 1, "[49]虎狼(Berserker)★3": 1, "[55]大流士三世(Berserker)★3": 1, "[56]清姬(Berserker)★3": 1, "[1]玛修·基列莱特(Shielder)★3": 1, "[158]黑森·罗伯(Avenger)★4": 1, "[335]ヘファイスティオン(Pretender)★4": 1}
礼装: {"[35]天之杯★5": 1, "[93]阿兰若★3": 1, "[98]千年黄金树★4": 1, "[175]理想的王圣★5": 1, "[420]谜之面具群★3": 1, "[1270]庆祝回忆★5": 2, "[1271]头脑风暴★4": 3, "[1272]散状花★3": 14, "[1413]虚数属性★4": 1, "[1415]匮乏之人★3": 2, "[1610]枯れない花★3": 4}

编号[bf2fe5629c99d2caa2713a161f390ad4]
等级: 1
圣晶石: 193
圣晶片: 3
呼符: 50
金/银/铜/青苹果: 44/0/0/0
登陆天数: 20天 / 95天
从者: {"[7]盖乌斯·尤利乌斯·恺撒(Saber)★3": 1, "[72]弗格斯·马克·罗伊(Saber)★3": 1, "[11]卫宫(Archer)★4": 1, "[13]罗宾汉(Archer)★3": 1, "[325]芝诺比阿(Archer)★4": 1, "[22]罗穆路斯(Lancer)★3": 1, "[94]阿斯托尔福(Rider)★4": 1, "[66]安妮·伯妮＆玛莉·瑞德(Rider)★4": 1, "[273]曼迪卡尔多(Rider)★3": 1, "[31]美狄亚(Caster)★3": 2, "[79]冯·霍恩海姆·帕拉塞尔苏斯(Caster)★3": 1, "[284]阿尔托莉雅·卡斯特(Caster)★5": 1, "[81]亨利·杰基尔＆海德(Assassin)★3": 2, "[42]匕见(Assassin)★3": 1, "[56]清姬(Berserker)★3": 2, "[1]玛修·基列莱特(Shielder)★3": 1}
礼装: {"[21]钢之锻炼★4": 1, "[26]宝石魔术·对影★4": 1, "[28]虚数魔术★4": 1, "[37]芦苇海★3": 1, "[39]抹大拉的圣骸布★4": 1, "[89]柳洞寺★3": 1, "[182]毒蛇一艺★4": 1, "[183]死之艺术★4": 1, "[188]觉醒之前★5": 1, "[244]四枝之浅滩★3": 1, "[246]特辣麻婆豆腐★3": 2, "[264]援护射击★4": 1, "[265]卡姆兰之战★3": 1, "[332]天之逆月★3": 1, "[418]固有结界★3": 1, "[580]瓦砾的圣堂★3": 2, "[691]噬魂★3": 1, "[1270]庆祝回忆★5": 1, "[1271]头脑风暴★4": 2, "[1272]散状花★3": 2, "[1412]宝石的魔弹★4": 1, "[1413]虚数属性★4": 1, "[1607]投影装填★4": 1, "[1610]枯れない花★3": 3}

编号[268f3a8c61aca9740abc5538a7e7f2fb]
等级: 1
圣晶石: 170
圣晶片: 3
呼符: 27
金/银/铜/青苹果: 44/0/0/0
登陆天数: 20天 / 95天
从者: {"[7]盖乌斯·尤利乌斯·恺撒(Saber)★3": 1, "[72]弗格斯·马克·罗伊(Saber)★3": 1, "[9]吉尔·德·雷(Saber)★3": 1, "[245]拉克什米·芭伊(Saber)★4": 1, "[13]罗宾汉(Archer)★3": 1, "[63]大卫(Archer)★3": 2, "[125]俵藤太(Archer)★3": 1, "[95]幼吉尔(Archer)★3": 1, "[246]威廉·退尔(Archer)★3": 1, "[20]库·丘林〔Prototype〕(Lancer)★3": 2, "[22]罗穆路斯(Lancer)★3": 1, "[186]宝藏院胤舜(Lancer)★3": 2, "[64]赫克托耳(Lancer)★3": 1, "[23]歌果(Rider)★3": 2, "[26]布狄卡(Rider)★3": 1, "[28]亚历山大(Rider)★3": 1, "[273]曼迪卡尔多(Rider)★3": 1, "[31]美狄亚(Caster)★3": 1, "[79]冯·霍恩海姆·帕拉塞尔苏斯(Caster)★3": 2, "[80]查尔斯·巴贝奇(Caster)★3": 2, "[35]梅菲斯托费勒斯(Caster)★3": 1, "[104]杰罗尼莫(Caster)★3": 2, "[284]阿尔托莉雅·卡斯特(Caster)★5": 1, "[348]張角(Caster)★3": 2, "[110]百貌哈桑(Assassin)★3": 1, "[81]亨利·杰基尔＆海德(Assassin)★3": 1, "[124]静谧哈桑(Assassin)★3": 1, "[42]匕见(Assassin)★3": 1, "[117]风魔小太郎(Assassin)★3": 1, "[49]虎狼(Berserker)★3": 1, "[55]大流士三世(Berserker)★3": 1, "[1]玛修·基列莱特(Shielder)★3": 1, "[352]徐福(Alterego)★3": 1}
礼装: {"[26]宝石魔术·对影★4": 1, "[56]指令咏唱★4": 1, "[89]柳洞寺★3": 1, "[91]爱之灵药★3": 1, "[93]阿兰若★3": 1, "[247]宝石剑泽尔里奇★3": 1, "[420]谜之面具群★3": 1, "[580]瓦砾的圣堂★3": 1, "[582]阿特拉斯院★3": 2, "[774]最后的叙述者★4": 1, "[814]清扫者★4": 1, "[1129]祈祷救济之人★5": 1, "[1270]庆祝回忆★5": 3, "[1271]头脑风暴★4": 7, "[1272]散状花★3": 7, "[1316]王者的气质★4": 1, "[1512]庭园的守护者★4": 1, "[1513]穗群原学园学生会长★3": 1, "[1577]告解の惑い場★4": 1, "[1610]枯れない花★3": 1}

编号[8ec8f0e52dc8fc5f971f0382307ff2fd]
等级: 1
圣晶石: 298
圣晶片: 3
呼符: 50
金/银/铜/青苹果: 44/0/0/0
登陆天数: 20天 / 95天
从者: {"[64]赫克托耳(Lancer)★3": 1, "[23]歌果(Rider)★3": 1, "[192]喀耳刻(Caster)★4": 2, "[284]阿尔托莉雅·卡斯特(Caster)★5": 1, "[81]亨利·杰基尔＆海德(Assassin)★3": 1, "[42]匕见(Assassin)★3": 1, "[56]清姬(Berserker)★3": 1, "[1]玛修·基列莱特(Shielder)★3": 1}
礼装: {"[22]原始咒术★4": 1, "[28]虚数魔术★4": 1}

编号[969f91ac6e5ae7000dcaf58987f523f2]
等级: 1
圣晶石: 298
圣晶片: 3
呼符: 50
金/银/铜/青苹果: 44/0/0/0
登陆天数: 20天 / 95天
从者: {"[9]吉尔·德·雷(Saber)★3": 1, "[15]尤瑞艾莉(Archer)★3": 1, "[71]迪尔姆德·奥迪那(Lancer)★3": 1, "[214]瓦尔基里(Lancer)★4": 1, "[26]布狄卡(Rider)★3": 1, "[79]冯·霍恩海姆·帕拉塞尔苏斯(Caster)★3": 1, "[284]阿尔托莉雅·卡斯特(Caster)★5": 1, "[159]燕青(Assassin)★4": 1, "[55]大流士三世(Berserker)★3": 1, "[1]玛修·基列莱特(Shielder)★3": 1}
礼装: {"[98]千年黄金树★4": 1}

编号[6a6d5fab2c98a5b4c056495fa4fde44f]
等级: 1
圣晶石: 161
圣晶片: 3
呼符: 31
金/银/铜/青苹果: 44/0/0/0
登陆天数: 20天 / 95天
从者: {"[7]盖乌斯·尤利乌斯·恺撒(Saber)★3": 1, "[9]吉尔·德·雷(Saber)★3": 1, "[13]罗宾汉(Archer)★3": 2, "[105]比利小子(Archer)★3": 1, "[125]俵藤太(Archer)★3": 1, "[95]幼吉尔(Archer)★3": 1, "[18]伊丽莎白·巴托里(Lancer)★4": 1, "[22]罗穆路斯(Lancer)★3": 1, "[23]歌果(Rider)★3": 1, "[94]阿斯托尔福(Rider)★4": 1, "[27]牛若丸(Rider)★3": 1, "[28]亚历山大(Rider)★3": 1, "[273]曼迪卡尔多(Rider)★3": 1, "[31]美狄亚(Caster)★3": 2, "[79]冯·霍恩海姆·帕拉塞尔苏斯(Caster)★3": 1, "[80]查尔斯·巴贝奇(Caster)★3": 1, "[120]尼托克丽丝(Caster)★4": 1, "[35]梅菲斯托费勒斯(Caster)★3": 1, "[104]杰罗尼莫(Caster)★3": 2, "[203]阿维斯布隆(Caster)★3": 1, "[284]阿尔托莉雅·卡斯特(Caster)★5": 1, "[348]張角(Caster)★3": 1, "[110]百貌哈桑(Assassin)★3": 1, "[81]亨利·杰基尔＆海德(Assassin)★3": 1, "[124]静谧哈桑(Assassin)★3": 2, "[49]虎狼(Berserker)★3": 4, "[56]清姬(Berserker)★3": 1, "[171]彭忒西勒亚(Berserker)★4": 1, "[1]玛修·基列莱特(Shielder)★3": 1}
礼装: {"[24]Gandr★4": 1, "[37]芦苇海★3": 1, "[56]指令咏唱★4": 1, "[93]阿兰若★3": 1, "[186]情窦未开的千金★4": 2, "[265]卡姆兰之战★3": 1, "[581]手无寸铁慎二君★3": 1, "[674]神造兵器★3": 1, "[774]最后的叙述者★4": 1, "[815]樱的特制便当★3": 1, "[913]远方的前路★4": 1, "[1208]韵律诗节★4": 1, "[1270]庆祝回忆★5": 2, "[1271]头脑风暴★4": 4, "[1272]散状花★3": 10, "[1513]穗群原学园学生会长★3": 1, "[1609]代償魔術★4": 1, "[1610]枯れない花★3": 1}

编号[fc9929120ba4472e5eadd53430974116]
等级: 1
圣晶石: 2
圣晶片: 3
呼符: 0
金/银/铜/青苹果: 44/0/0/0
登陆天数: 20天 / 95天
从者: {"[7]盖乌斯·尤利乌斯·恺撒(Saber)★3": 1, "[72]弗格斯·马克·罗伊(Saber)★3": 1, "[9]吉尔·德·雷(Saber)★3": 1, "[227]兰陵王(Saber)★4": 1, "[13]罗宾汉(Archer)★3": 1, "[63]大卫(Archer)★3": 1, "[105]比利小子(Archer)★3": 1, "[15]尤瑞艾莉(Archer)★3": 2, "[125]俵藤太(Archer)★3": 1, "[246]威廉·退尔(Archer)★3": 1, "[325]芝诺比阿(Archer)★4": 1, "[17]库·丘林(Lancer)★3": 1, "[71]迪尔姆德·奥迪那(Lancer)★3": 1, "[20]库·丘林〔Prototype〕(Lancer)★3": 1, "[22]罗穆路斯(Lancer)★3": 1, "[186]宝藏院胤舜(Lancer)★3": 1, "[64]赫克托耳(Lancer)★3": 2, "[23]歌果(Rider)★3": 1, "[26]布狄卡(Rider)★3": 4, "[27]牛若丸(Rider)★3": 1, "[28]亚历山大(Rider)★3": 1, "[273]曼迪卡尔多(Rider)★3": 1, "[31]美狄亚(Caster)★3": 2, "[79]冯·霍恩海姆·帕拉塞尔苏斯(Caster)★3": 2, "[80]查尔斯·巴贝奇(Caster)★3": 2, "[35]梅菲斯托费勒斯(Caster)★3": 1, "[104]杰罗尼莫(Caster)★3": 1, "[203]阿维斯布隆(Caster)★3": 1, "[348]張角(Caster)★3": 1, "[110]百貌哈桑(Assassin)★3": 1, "[81]亨利·杰基尔＆海德(Assassin)★3": 1, "[124]静谧哈桑(Assassin)★3": 1, "[42]匕见(Assassin)★3": 1, "[117]风魔小太郎(Assassin)★3": 1, "[159]燕青(Assassin)★4": 1, "[49]虎狼(Berserker)★3": 2, "[55]大流士三世(Berserker)★3": 1, "[56]清姬(Berserker)★3": 1, "[1]玛修·基列莱特(Shielder)★3": 1, "[352]徐福(Alterego)★3": 1, "[244]吉娜可·加里吉利(MoonCancer)★5": 1}
礼装: {"[98]千年黄金树★4": 1, "[175]理想的王圣★5": 1, "[244]四枝之浅滩★3": 1, "[247]宝石剑泽尔里奇★3": 1, "[331]佛拉格拉克★3": 1, "[420]谜之面具群★3": 2, "[581]手无寸铁慎二君★3": 1, "[582]阿特拉斯院★3": 1, "[585]幻想种★3": 1, "[774]最后的叙述者★4": 1, "[1208]韵律诗节★4": 1, "[1270]庆祝回忆★5": 6, "[1271]头脑风暴★4": 9, "[1272]散状花★3": 16, "[1412]宝石的魔弹★4": 1, "[1413]虚数属性★4": 1, "[1414]愿望之容器★4": 1, "[1415]匮乏之人★3": 3, "[1458]魔道元帅★5": 1, "[1485]冬之结晶★4": 2, "[1512]庭园的守护者★4": 1, "[1513]穗群原学园学生会长★3": 4, "[1607]投影装填★4": 1, "[1609]代償魔術★4": 1, "[1610]枯れない花★3": 3, "[1692]免許皆伝★4": 1}

编号[53c339dc8c3024f821cd91b0c8c0b98d]
等级: 1
圣晶石: 142
圣晶片: 3
呼符: 50
金/银/铜/青苹果: 44/0/0/0
登陆天数: 20天 / 95天
从者: {"[72]弗格斯·马克·罗伊(Saber)★3": 2, "[245]拉克什米·芭伊(Saber)★4": 1, "[298]渡边纲(Saber)★4": 1, "[11]卫宫(Archer)★4": 2, "[63]大卫(Archer)★3": 2, "[105]比利小子(Archer)★3": 1, "[15]尤瑞艾莉(Archer)★3": 2, "[95]幼吉尔(Archer)★3": 2, "[22]罗穆路斯(Lancer)★3": 2, "[64]赫克托耳(Lancer)★3": 1, "[26]布狄卡(Rider)★3": 1, "[27]牛若丸(Rider)★3": 2, "[31]美狄亚(Caster)★3": 1, "[79]冯·霍恩海姆·帕拉塞尔苏斯(Caster)★3": 1, "[104]杰罗尼莫(Caster)★3": 1, "[284]阿尔托莉雅·卡斯特(Caster)★5": 1, "[170]周照(Assassin)★4": 1, "[49]虎狼(Berserker)★3": 1, "[55]大流士三世(Berserker)★3": 1, "[56]清姬(Berserker)★3": 2, "[1]玛修·基列莱特(Shielder)★3": 1, "[352]徐福(Alterego)★3": 2}
礼装: {"[89]柳洞寺★3": 2, "[91]爱之灵药★3": 2, "[182]毒蛇一艺★4": 1, "[243]Bronze-Link Manipulators★3": 1, "[244]四枝之浅滩★3": 1, "[333]许德拉匕首★3": 2, "[265]卡姆兰之战★3": 1, "[331]佛拉格拉克★3": 3, "[419]返老还童的灵药★3": 1, "[420]谜之面具群★3": 1, "[582]阿特拉斯院★3": 1, "[585]幻想种★3": 2, "[674]神造兵器★3": 2, "[691]噬魂★3": 1, "[815]樱的特制便当★3": 1, "[1271]头脑风暴★4": 3, "[1272]散状花★3": 6, "[1316]王者的气质★4": 1, "[1458]魔道元帅★5": 1, "[1485]冬之结晶★4": 1, "[1513]穗群原学园学生会长★3": 1, "[1606]五大元素使い★5": 1}

编号[001c2f1a759acc6941f45ec6f865e7bb]
等级: 1
圣晶石: 109
圣晶片: 3
呼符: 50
金/银/铜/青苹果: 44/0/0/0
登陆天数: 20天 / 95天
从者: {"[7]盖乌斯·尤利乌斯·恺撒(Saber)★3": 4, "[101]罗摩(Saber)★4": 1, "[298]渡边纲(Saber)★4": 1, "[105]比利小子(Archer)★3": 2, "[15]尤瑞艾莉(Archer)★3": 3, "[125]俵藤太(Archer)★3": 1, "[71]迪尔姆德·奥迪那(Lancer)★3": 2, "[20]库·丘林〔Prototype〕(Lancer)★3": 1, "[23]歌果(Rider)★3": 1, "[27]牛若丸(Rider)★3": 3, "[28]亚历山大(Rider)★3": 2, "[31]美狄亚(Caster)★3": 2, "[79]冯·霍恩海姆·帕拉塞尔苏斯(Caster)★3": 2, "[80]查尔斯·巴贝奇(Caster)★3": 3, "[104]杰罗尼莫(Caster)★3": 2, "[284]阿尔托莉雅·卡斯特(Caster)★5": 1, "[81]亨利·杰基尔＆海德(Assassin)★3": 1, "[124]静谧哈桑(Assassin)★3": 1, "[117]风魔小太郎(Assassin)★3": 3, "[49]虎狼(Berserker)★3": 2, "[55]大流士三世(Berserker)★3": 1, "[56]清姬(Berserker)★3": 1, "[1]玛修·基列莱特(Shielder)★3": 1}
礼装: {"[26]宝石魔术·对影★4": 2, "[42]Mooncell Automaton★3": 1, "[91]爱之灵药★3": 2, "[98]千年黄金树★4": 1, "[183]死之艺术★4": 1, "[184]柔软的慈爱★4": 1, "[243]Bronze-Link Manipulators★3": 1, "[247]宝石剑泽尔里奇★3": 3, "[265]卡姆兰之战★3": 1, "[400]天堂之孔★5": 1, "[418]固有结界★3": 1, "[419]返老还童的灵药★3": 1, "[420]谜之面具群★3": 2, "[581]手无寸铁慎二君★3": 2, "[585]幻想种★3": 1, "[1130]野心的嚆矢★4": 1, "[1208]韵律诗节★4": 1, "[1270]庆祝回忆★5": 2, "[1271]头脑风暴★4": 2, "[1272]散状花★3": 6, "[1513]穗群原学园学生会长★3": 1, "[1608]悲願の継承★4": 1, "[1669]熾天の王★5": 1}

编号[224a277a6b87496e773d998298854483]
等级: 1
圣晶石: 92
圣晶片: 3
呼符: 0
金/银/铜/青苹果: 44/0/0/0
登陆天数: 20天 / 95天
从者: {"[7]盖乌斯·尤利乌斯·恺撒(Saber)★3": 4, "[72]弗格斯·马克·罗伊(Saber)★3": 2, "[298]渡边纲(Saber)★4": 1, "[13]罗宾汉(Archer)★3": 1, "[63]大卫(Archer)★3": 3, "[105]比利小子(Archer)★3": 3, "[15]尤瑞艾莉(Archer)★3": 2, "[125]俵藤太(Archer)★3": 2, "[95]幼吉尔(Archer)★3": 1, "[246]威廉·退尔(Archer)★3": 1, "[17]库·丘林(Lancer)★3": 1, "[71]迪尔姆德·奥迪那(Lancer)★3": 2, "[186]宝藏院胤舜(Lancer)★3": 1, "[64]赫克托耳(Lancer)★3": 3, "[183]帕尔瓦蒂(Lancer)★4": 1, "[23]歌果(Rider)★3": 4, "[27]牛若丸(Rider)★3": 1, "[273]曼迪卡尔多(Rider)★3": 3, "[31]美狄亚(Caster)★3": 1, "[79]冯·霍恩海姆·帕拉塞尔苏斯(Caster)★3": 2, "[80]查尔斯·巴贝奇(Caster)★3": 1, "[104]杰罗尼莫(Caster)★3": 1, "[192]喀耳刻(Caster)★4": 1, "[203]阿维斯布隆(Caster)★3": 3, "[284]阿尔托莉雅·卡斯特(Caster)★5": 1, "[348]張角(Caster)★3": 2, "[81]亨利·杰基尔＆海德(Assassin)★3": 1, "[124]静谧哈桑(Assassin)★3": 1, "[42]匕见(Assassin)★3": 1, "[170]周照(Assassin)★4": 1, "[47]赫拉克勒斯(Berserker)★4": 1, "[49]虎狼(Berserker)★3": 3, "[55]大流士三世(Berserker)★3": 3, "[56]清姬(Berserker)★3": 1, "[1]玛修·基列莱特(Shielder)★3": 1, "[242]阿斯特赖亚(Ruler)★4": 1}
礼装: {"[21]钢之锻炼★4": 1, "[37]芦苇海★3": 1, "[40]宇宙棱镜★5": 1, "[56]指令咏唱★4": 2, "[244]四枝之浅滩★3": 1, "[333]许德拉匕首★3": 3, "[246]特辣麻婆豆腐★3": 2, "[265]卡姆兰之战★3": 1, "[331]佛拉格拉克★3": 2, "[418]固有结界★3": 2, "[420]谜之面具群★3": 1, "[580]瓦砾的圣堂★3": 2, "[581]手无寸铁慎二君★3": 1, "[582]阿特拉斯院★3": 1, "[585]幻想种★3": 1, "[674]神造兵器★3": 1, "[691]噬魂★3": 1, "[774]最后的叙述者★4": 2, "[815]樱的特制便当★3": 1, "[1130]野心的嚆矢★4": 1, "[1270]庆祝回忆★5": 2, "[1271]头脑风暴★4": 8, "[1272]散状花★3": 15, "[1316]王者的气质★4": 1, "[1412]宝石的魔弹★4": 1, "[1415]匮乏之人★3": 1, "[1512]庭园的守护者★4": 1, "[1607]投影装填★4": 2, "[1610]枯れない花★3": 1, "[1692]免許皆伝★4": 1}

编号[e3050f37eea016408bce35b3f22a2d15]
等级: 1
圣晶石: 41
圣晶片: 3
呼符: 15
金/银/铜/青苹果: 44/0/0/0
登陆天数: 20天 / 95天
从者: {"[7]盖乌斯·尤利乌斯·恺撒(Saber)★3": 2, "[72]弗格斯·马克·罗伊(Saber)★3": 2, "[245]拉克什米·芭伊(Saber)★4": 1, "[63]大卫(Archer)★3": 1, "[105]比利小子(Archer)★3": 1, "[15]尤瑞艾莉(Archer)★3": 1, "[125]俵藤太(Archer)★3": 2, "[95]幼吉尔(Archer)★3": 2, "[246]威廉·退尔(Archer)★3": 2, "[17]库·丘林(Lancer)★3": 1, "[71]迪尔姆德·奥迪那(Lancer)★3": 1, "[22]罗穆路斯(Lancer)★3": 2, "[186]宝藏院胤舜(Lancer)★3": 2, "[64]赫克托耳(Lancer)★3": 1, "[146]美杜莎(Lancer)★4": 1, "[26]布狄卡(Rider)★3": 1, "[27]牛若丸(Rider)★3": 1, "[28]亚历山大(Rider)★3": 1, "[31]美狄亚(Caster)★3": 1, "[79]冯·霍恩海姆·帕拉塞尔苏斯(Caster)★3": 1, "[80]查尔斯·巴贝奇(Caster)★3": 2, "[35]梅菲斯托费勒斯(Caster)★3": 1, "[104]杰罗尼莫(Caster)★3": 1, "[100]海伦娜·布拉瓦茨基(Caster)★4": 1, "[284]阿尔托莉雅·卡斯特(Caster)★5": 1, "[348]張角(Caster)★3": 2, "[81]亨利·杰基尔＆海德(Assassin)★3": 2, "[124]静谧哈桑(Assassin)★3": 2, "[42]匕见(Assassin)★3": 1, "[46]卡米拉(Assassin)★4": 1, "[117]风魔小太郎(Assassin)★3": 1, "[49]虎狼(Berserker)★3": 2, "[58]玉藻猫(Berserker)★4": 2, "[171]彭忒西勒亚(Berserker)★4": 1, "[1]玛修·基列莱特(Shielder)★3": 1, "[352]徐福(Alterego)★3": 3, "[244]吉娜可·加里吉利(MoonCancer)★5": 1}
礼装: {"[26]宝石魔术·对影★4": 1, "[39]抹大拉的圣骸布★4": 1, "[243]Bronze-Link Manipulators★3": 2, "[247]宝石剑泽尔里奇★3": 1, "[265]卡姆兰之战★3": 5, "[331]佛拉格拉克★3": 2, "[418]固有结界★3": 1, "[419]返老还童的灵药★3": 1, "[420]谜之面具群★3": 1, "[582]阿特拉斯院★3": 2, "[774]最后的叙述者★4": 1, "[1270]庆祝回忆★5": 4, "[1271]头脑风暴★4": 4, "[1272]散状花★3": 14, "[1412]宝石的魔弹★4": 1, "[1415]匮乏之人★3": 3, "[1485]冬之结晶★4": 1, "[1513]穗群原学园学生会长★3": 1, "[1608]悲願の継承★4": 1, "[1610]枯れない花★3": 5, "[1692]免許皆伝★4": 1}

编号[eef94c86256862e435a61beb57b4ee11]
等级: 1
圣晶石: 277
圣晶片: 3
呼符: 50
金/银/铜/青苹果: 44/0/0/0
登陆天数: 20天 / 95天
从者: {"[23]歌果(Rider)★3": 1, "[27]牛若丸(Rider)★3": 1, "[366]黄飛虎(Rider)★4": 1, "[192]喀耳刻(Caster)★4": 2, "[284]阿尔托莉雅·卡斯特(Caster)★5": 1, "[47]赫拉克勒斯(Berserker)★4": 2, "[55]大流士三世(Berserker)★3": 2, "[1]玛修·基列莱特(Shielder)★3": 1}
礼装: {"[21]钢之锻炼★4": 1, "[98]千年黄金树★4": 1, "[585]幻想种★3": 1, "[1271]头脑风暴★4": 1, "[1272]散状花★3": 1}

编号[82f0ac5a0c75da0bbf7a1544214eed23]
等级: 1
圣晶石: 38
圣晶片: 3
呼符: 0
金/银/铜/青苹果: 44/0/0/0
登陆天数: 20天 / 95天
从者: {"[7]盖乌斯·尤利乌斯·恺撒(Saber)★3": 1, "[72]弗格斯·马克·罗伊(Saber)★3": 1, "[9]吉尔·德·雷(Saber)★3": 1, "[11]卫宫(Archer)★4": 1, "[63]大卫(Archer)★3": 1, "[15]尤瑞艾莉(Archer)★3": 1, "[95]幼吉尔(Archer)★3": 1, "[246]威廉·退尔(Archer)★3": 1, "[71]迪尔姆德·奥迪那(Lancer)★3": 1, "[20]库·丘林〔Prototype〕(Lancer)★3": 1, "[22]罗穆路斯(Lancer)★3": 1, "[186]宝藏院胤舜(Lancer)★3": 1, "[23]歌果(Rider)★3": 1, "[26]布狄卡(Rider)★3": 1, "[27]牛若丸(Rider)★3": 1, "[28]亚历山大(Rider)★3": 1, "[273]曼迪卡尔多(Rider)★3": 1, "[31]美狄亚(Caster)★3": 1, "[79]冯·霍恩海姆·帕拉塞尔苏斯(Caster)★3": 1, "[80]查尔斯·巴贝奇(Caster)★3": 1, "[35]梅菲斯托费勒斯(Caster)★3": 1, "[104]杰罗尼莫(Caster)★3": 1, "[203]阿维斯布隆(Caster)★3": 1, "[284]阿尔托莉雅·卡斯特(Caster)★5": 1, "[348]張角(Caster)★3": 3, "[110]百貌哈桑(Assassin)★3": 1, "[81]亨利·杰基尔＆海德(Assassin)★3": 1, "[124]静谧哈桑(Assassin)★3": 1, "[42]匕见(Assassin)★3": 1, "[117]风魔小太郎(Assassin)★3": 1, "[47]赫拉克勒斯(Berserker)★4": 1, "[49]虎狼(Berserker)★3": 1, "[55]大流士三世(Berserker)★3": 1, "[56]清姬(Berserker)★3": 1, "[1]玛修·基列莱特(Shielder)★3": 1, "[352]徐福(Alterego)★3": 3}
礼装: {"[21]钢之锻炼★4": 2, "[56]指令咏唱★4": 1, "[420]谜之面具群★3": 1, "[1015]黄昏的王圣★5": 1, "[1270]庆祝回忆★5": 10, "[1271]头脑风暴★4": 3, "[1272]散状花★3": 11, "[1316]王者的气质★4": 1, "[1412]宝石的魔弹★4": 1, "[1414]愿望之容器★4": 1, "[1415]匮乏之人★3": 1, "[1485]冬之结晶★4": 1, "[1513]穗群原学园学生会长★3": 3, "[1576]華の楽土★4": 1, "[1608]悲願の継承★4": 1, "[1610]枯れない花★3": 3}

编号[6679d6880738f37c28416f7f86ca2812]
等级: 1
圣晶石: 133
圣晶片: 3
呼符: 50
金/银/铜/青苹果: 44/0/0/0
登陆天数: 20天 / 95天
从者: {"[7]盖乌斯·尤利乌斯·恺撒(Saber)★3": 1, "[9]吉尔·德·雷(Saber)★3": 1, "[245]拉克什米·芭伊(Saber)★4": 1, "[105]比利小子(Archer)★3": 1, "[15]尤瑞艾莉(Archer)★3": 2, "[71]迪尔姆德·奥迪那(Lancer)★3": 2, "[140]弗拉德三世〔EXTRA〕(Lancer)★4": 1, "[22]罗穆路斯(Lancer)★3": 1, "[186]宝藏院胤舜(Lancer)★3": 1, "[193]莲偶(Lancer)★4": 1, "[23]歌果(Rider)★3": 1, "[94]阿斯托尔福(Rider)★4": 1, "[66]安妮·伯妮＆玛莉·瑞德(Rider)★4": 1, "[26]布狄卡(Rider)★3": 2, "[27]牛若丸(Rider)★3": 1, "[273]曼迪卡尔多(Rider)★3": 1, "[31]美狄亚(Caster)★3": 1, "[79]冯·霍恩海姆·帕拉塞尔苏斯(Caster)★3": 3, "[80]查尔斯·巴贝奇(Caster)★3": 1, "[35]梅菲斯托费勒斯(Caster)★3": 1, "[104]杰罗尼莫(Caster)★3": 1, "[284]阿尔托莉雅·卡斯特(Caster)★5": 1, "[81]亨利·杰基尔＆海德(Assassin)★3": 1, "[185]望月千代女(Assassin)★4": 1, "[55]大流士三世(Berserker)★3": 1, "[56]清姬(Berserker)★3": 1, "[1]玛修·基列莱特(Shielder)★3": 1, "[352]徐福(Alterego)★3": 3}
礼装: {"[42]Mooncell Automaton★3": 2, "[74]觉醒的意志★4": 1, "[89]柳洞寺★3": 2, "[91]爱之灵药★3": 1, "[243]Bronze-Link Manipulators★3": 1, "[333]许德拉匕首★3": 1, "[246]特辣麻婆豆腐★3": 1, "[247]宝石剑泽尔里奇★3": 1, "[265]卡姆兰之战★3": 1, "[581]手无寸铁慎二君★3": 2, "[585]幻想种★3": 1, "[774]最后的叙述者★4": 1, "[814]清扫者★4": 1, "[1130]野心的嚆矢★4": 1, "[1270]庆祝回忆★5": 2, "[1271]头脑风暴★4": 2, "[1272]散状花★3": 2, "[1315]恋之诅咒★5": 1, "[1415]匮乏之人★3": 1, "[1485]冬之结晶★4": 1, "[1512]庭园的守护者★4": 1, "[1513]穗群原学园学生会长★3": 2, "[1577]告解の惑い場★4": 1, "[1608]悲願の継承★4": 1, "[1610]枯れない花★3": 2, "[1670]狩人の夢★4": 2}

编号[3f159eb4be7f561e4f92f95c14d9b684]
等级: 1
圣晶石: 286
圣晶片: 3
呼符: 50
金/银/铜/青苹果: 44/0/0/0
登陆天数: 20天 / 95天
从者: {"[7]盖乌斯·尤利乌斯·恺撒(Saber)★3": 1, "[13]罗宾汉(Archer)★3": 1, "[71]迪尔姆德·奥迪那(Lancer)★3": 1, "[26]布狄卡(Rider)★3": 1, "[284]阿尔托莉雅·卡斯特(Caster)★5": 1, "[42]匕见(Assassin)★3": 1, "[58]玉藻猫(Berserker)★4": 1, "[1]玛修·基列莱特(Shielder)★3": 1}
礼装: {"[42]Mooncell Automaton★3": 1, "[56]指令咏唱★4": 1, "[581]手无寸铁慎二君★3": 1, "[582]阿特拉斯院★3": 1, "[1271]头脑风暴★4": 1}

编号[bcaee6603f21b83492393d7e1ad70f97]
等级: 1
圣晶石: 2
圣晶片: 3
呼符: 0
金/银/铜/青苹果: 44/0/0/0
登陆天数: 20天 / 95天
从者: {"[7]盖乌斯·尤利乌斯·恺撒(Saber)★3": 1, "[72]弗格斯·马克·罗伊(Saber)★3": 2, "[9]吉尔·德·雷(Saber)★3": 1, "[245]拉克什米·芭伊(Saber)★4": 1, "[13]罗宾汉(Archer)★3": 2, "[63]大卫(Archer)★3": 1, "[15]尤瑞艾莉(Archer)★3": 3, "[125]俵藤太(Archer)★3": 2, "[95]幼吉尔(Archer)★3": 5, "[325]芝诺比阿(Archer)★4": 1, "[17]库·丘林(Lancer)★3": 1, "[71]迪尔姆德·奥迪那(Lancer)★3": 1, "[18]伊丽莎白·巴托里(Lancer)★4": 1, "[20]库·丘林〔Prototype〕(Lancer)★3": 2, "[22]罗穆路斯(Lancer)★3": 4, "[186]宝藏院胤舜(Lancer)★3": 1, "[23]歌果(Rider)★3": 2, "[94]阿斯托尔福(Rider)★4": 2, "[28]亚历山大(Rider)★3": 2, "[273]曼迪卡尔多(Rider)★3": 1, "[31]美狄亚(Caster)★3": 2, "[79]冯·霍恩海姆·帕拉塞尔苏斯(Caster)★3": 5, "[80]查尔斯·巴贝奇(Caster)★3": 1, "[35]梅菲斯托费勒斯(Caster)★3": 4, "[104]杰罗尼莫(Caster)★3": 3, "[100]海伦娜·布拉瓦茨基(Caster)★4": 1, "[203]阿维斯布隆(Caster)★3": 2, "[348]張角(Caster)★3": 4, "[110]百貌哈桑(Assassin)★3": 4, "[81]亨利·杰基尔＆海德(Assassin)★3": 5, "[124]静谧哈桑(Assassin)★3": 2, "[42]匕见(Assassin)★3": 2, "[46]卡米拉(Assassin)★4": 2, "[117]风魔小太郎(Assassin)★3": 4, "[189]刑部姬(Assassin)★5": 1, "[49]虎狼(Berserker)★3": 1, "[55]大流士三世(Berserker)★3": 1, "[56]清姬(Berserker)★3": 2, "[58]玉藻猫(Berserker)★4": 1, "[1]玛修·基列莱特(Shielder)★3": 1, "[352]徐福(Alterego)★3": 1}
礼装: {"[26]宝石魔术·对影★4": 2, "[40]宇宙棱镜★5": 1, "[56]指令咏唱★4": 1, "[67]2030年的碎片★5": 1, "[73]死灵魔术★4": 1, "[74]觉醒的意志★4": 1, "[89]柳洞寺★3": 1, "[91]爱之灵药★3": 2, "[243]Bronze-Link Manipulators★3": 2, "[333]许德拉匕首★3": 2, "[247]宝石剑泽尔里奇★3": 3, "[265]卡姆兰之战★3": 4, "[331]佛拉格拉克★3": 2, "[332]天之逆月★3": 4, "[400]天堂之孔★5": 1, "[419]返老还童的灵药★3": 1, "[420]谜之面具群★3": 2, "[582]阿特拉斯院★3": 3, "[585]幻想种★3": 2, "[674]神造兵器★3": 6, "[691]噬魂★3": 3, "[814]清扫者★4": 1, "[815]樱的特制便当★3": 4, "[913]远方的前路★4": 1, "[1130]野心的嚆矢★4": 1, "[1270]庆祝回忆★5": 4, "[1271]头脑风暴★4": 8, "[1272]散状花★3": 16, "[1414]愿望之容器★4": 2, "[1415]匮乏之人★3": 3, "[1485]冬之结晶★4": 1, "[1512]庭园的守护者★4": 2, "[1513]穗群原学园学生会长★3": 1, "[1610]枯れない花★3": 3}

编号[d48f2cf1ef115c5cbc02b3ed7732e3b7]
等级: 1
圣晶石: 2
圣晶片: 3
呼符: 0
金/银/铜/青苹果: 44/0/0/0
登陆天数: 20天 / 95天
从者: {"[7]盖乌斯·尤利乌斯·恺撒(Saber)★3": 2, "[9]吉尔·德·雷(Saber)★3": 1, "[245]拉克什米·芭伊(Saber)★4": 1, "[63]大卫(Archer)★3": 3, "[105]比利小子(Archer)★3": 1, "[15]尤瑞艾莉(Archer)★3": 1, "[125]俵藤太(Archer)★3": 2, "[95]幼吉尔(Archer)★3": 1, "[246]威廉·退尔(Archer)★3": 2, "[17]库·丘林(Lancer)★3": 1, "[71]迪尔姆德·奥迪那(Lancer)★3": 1, "[18]伊丽莎白·巴托里(Lancer)★4": 1, "[20]库·丘林〔Prototype〕(Lancer)★3": 2, "[22]罗穆路斯(Lancer)★3": 1, "[186]宝藏院胤舜(Lancer)★3": 1, "[183]帕尔瓦蒂(Lancer)★4": 1, "[228]忠贞(Lancer)★4": 1, "[23]歌果(Rider)★3": 1, "[94]阿斯托尔福(Rider)★4": 1, "[26]布狄卡(Rider)★3": 2, "[27]牛若丸(Rider)★3": 1, "[28]亚历山大(Rider)★3": 4, "[273]曼迪卡尔多(Rider)★3": 1, "[31]美狄亚(Caster)★3": 1, "[79]冯·霍恩海姆·帕拉塞尔苏斯(Caster)★3": 1, "[80]查尔斯·巴贝奇(Caster)★3": 2, "[35]梅菲斯托费勒斯(Caster)★3": 1, "[169]山鲁佐德(Caster)★5": 1, "[203]阿维斯布隆(Caster)★3": 2, "[348]張角(Caster)★3": 3, "[110]百貌哈桑(Assassin)★3": 1, "[42]匕见(Assassin)★3": 2, "[46]卡米拉(Assassin)★4": 1, "[117]风魔小太郎(Assassin)★3": 2, "[47]赫拉克勒斯(Berserker)★4": 1, "[49]虎狼(Berserker)★3": 2, "[55]大流士三世(Berserker)★3": 2, "[56]清姬(Berserker)★3": 2, "[97]南丁格尔(Berserker)★5": 1, "[1]玛修·基列莱特(Shielder)★3": 1, "[242]阿斯特赖亚(Ruler)★4": 1, "[352]徐福(Alterego)★3": 2}
礼装: {"[22]原始咒术★4": 1, "[26]宝石魔术·对影★4": 1, "[32]虚数环★5": 1, "[67]2030年的碎片★5": 1, "[74]觉醒的意志★4": 1, "[89]柳洞寺★3": 3, "[91]爱之灵药★3": 2, "[183]死之艺术★4": 1, "[185]月灵髓液★5": 1, "[243]Bronze-Link Manipulators★3": 3, "[246]特辣麻婆豆腐★3": 3, "[265]卡姆兰之战★3": 1, "[332]天之逆月★3": 1, "[418]固有结界★3": 1, "[419]返老还童的灵药★3": 1, "[420]谜之面具群★3": 4, "[580]瓦砾的圣堂★3": 2, "[582]阿特拉斯院★3": 3, "[674]神造兵器★3": 2, "[773]艳阳之下★5": 1, "[913]远方的前路★4": 4, "[1129]祈祷救济之人★5": 1, "[1270]庆祝回忆★5": 4, "[1271]头脑风暴★4": 10, "[1272]散状花★3": 15, "[1414]愿望之容器★4": 1, "[1513]穗群原学园学生会长★3": 2, "[1576]華の楽土★4": 1, "[1607]投影装填★4": 1, "[1610]枯れない花★3": 6}

编号[e63b427dcf4537284420177210911939]
等级: 1
圣晶石: 2
圣晶片: 3
呼符: 0
金/银/铜/青苹果: 44/0/0/0
登陆天数: 20天 / 95天
从者: {"[7]盖乌斯·尤利乌斯·恺撒(Saber)★3": 1, "[72]弗格斯·马克·罗伊(Saber)★3": 2, "[121]兰斯洛特(Saber)★4": 1, "[9]吉尔·德·雷(Saber)★3": 1, "[13]罗宾汉(Archer)★3": 1, "[105]比利小子(Archer)★3": 1, "[125]俵藤太(Archer)★3": 2, "[95]幼吉尔(Archer)★3": 2, "[246]威廉·退尔(Archer)★3": 2, "[17]库·丘林(Lancer)★3": 1, "[71]迪尔姆德·奥迪那(Lancer)★3": 1, "[22]罗穆路斯(Lancer)★3": 1, "[186]宝藏院胤舜(Lancer)★3": 2, "[64]赫克托耳(Lancer)★3": 2, "[146]美杜莎(Lancer)★4": 1, "[214]瓦尔基里(Lancer)★4": 1, "[23]歌果(Rider)★3": 2, "[94]阿斯托尔福(Rider)★4": 1, "[26]布狄卡(Rider)★3": 1, "[27]牛若丸(Rider)★3": 4, "[28]亚历山大(Rider)★3": 2, "[273]曼迪卡尔多(Rider)★3": 1, "[31]美狄亚(Caster)★3": 2, "[79]冯·霍恩海姆·帕拉塞尔苏斯(Caster)★3": 3, "[120]尼托克丽丝(Caster)★4": 1, "[35]梅菲斯托费勒斯(Caster)★3": 2, "[145]吉尔伽美什(Caster)★4": 1, "[203]阿维斯布隆(Caster)★3": 1, "[348]張角(Caster)★3": 5, "[110]百貌哈桑(Assassin)★3": 1, "[81]亨利·杰基尔＆海德(Assassin)★3": 3, "[42]匕见(Assassin)★3": 1, "[117]风魔小太郎(Assassin)★3": 2, "[48]兰斯洛特(Berserker)★4": 1, "[49]虎狼(Berserker)★3": 1, "[82]弗兰肯斯坦(Berserker)★4": 1, "[55]大流士三世(Berserker)★3": 1, "[56]清姬(Berserker)★3": 1, "[1]玛修·基列莱特(Shielder)★3": 1, "[352]徐福(Alterego)★3": 4}
礼装: {"[26]宝石魔术·对影★4": 2, "[28]虚数魔术★4": 1, "[31]元素转换★5": 1, "[33]限制/零毁★5": 1, "[73]死灵魔术★4": 1, "[89]柳洞寺★3": 2, "[91]爱之灵药★3": 3, "[98]千年黄金树★4": 1, "[243]Bronze-Link Manipulators★3": 1, "[244]四枝之浅滩★3": 2, "[333]许德拉匕首★3": 1, "[401]私室警备员★4": 1, "[418]固有结界★3": 1, "[419]返老还童的灵药★3": 1, "[420]谜之面具群★3": 2, "[581]手无寸铁慎二君★3": 3, "[582]阿特拉斯院★3": 2, "[674]神造兵器★3": 1, "[691]噬魂★3": 2, "[774]最后的叙述者★4": 2, "[815]樱的特制便当★3": 1, "[1129]祈祷救济之人★5": 1, "[1208]韵律诗节★4": 1, "[1270]庆祝回忆★5": 5, "[1271]头脑风暴★4": 7, "[1272]散状花★3": 14, "[1413]虚数属性★4": 3, "[1415]匮乏之人★3": 5, "[1511]冬之圣女★5": 1, "[1512]庭园的守护者★4": 1, "[1513]穗群原学园学生会长★3": 2, "[1608]悲願の継承★4": 1, "[1609]代償魔術★4": 2, "[1610]枯れない花★3": 4, "[1670]狩人の夢★4": 1}

编号[f34e507cf430dbc22e5369736f42b5a1]
等级: 1
圣晶石: 134
圣晶片: 3
呼符: 0
金/银/铜/青苹果: 44/0/0/0
登陆天数: 20天 / 95天
从者: {"[7]盖乌斯·尤利乌斯·恺撒(Saber)★3": 1, "[72]弗格斯·马克·罗伊(Saber)★3": 1, "[63]大卫(Archer)★3": 3, "[105]比利小子(Archer)★3": 2, "[15]尤瑞艾莉(Archer)★3": 1, "[125]俵藤太(Archer)★3": 1, "[246]威廉·退尔(Archer)★3": 1, "[17]库·丘林(Lancer)★3": 2, "[71]迪尔姆德·奥迪那(Lancer)★3": 1, "[20]库·丘林〔Prototype〕(Lancer)★3": 1, "[22]罗穆路斯(Lancer)★3": 1, "[186]宝藏院胤舜(Lancer)★3": 2, "[64]赫克托耳(Lancer)★3": 1, "[313]珀西瓦尔(Lancer)★4": 1, "[26]布狄卡(Rider)★3": 2, "[28]亚历山大(Rider)★3": 2, "[31]美狄亚(Caster)★3": 1, "[79]冯·霍恩海姆·帕拉塞尔苏斯(Caster)★3": 5, "[80]查尔斯·巴贝奇(Caster)★3": 1, "[35]梅菲斯托费勒斯(Caster)★3": 3, "[37]诸葛孔明〔埃尔梅罗Ⅱ世〕(Caster)★5": 1, "[284]阿尔托莉雅·卡斯特(Caster)★5": 1, "[348]張角(Caster)★3": 2, "[110]百貌哈桑(Assassin)★3": 2, "[81]亨利·杰基尔＆海德(Assassin)★3": 2, "[124]静谧哈桑(Assassin)★3": 4, "[117]风魔小太郎(Assassin)★3": 1, "[47]赫拉克勒斯(Berserker)★4": 1, "[49]虎狼(Berserker)★3": 3, "[89]贝奥武夫(Berserker)★4": 2, "[55]大流士三世(Berserker)★3": 4, "[1]玛修·基列莱特(Shielder)★3": 1, "[352]徐福(Alterego)★3": 2}
礼装: {"[21]钢之锻炼★4": 1, "[26]宝石魔术·对影★4": 1, "[28]虚数魔术★4": 1, "[57]月之胜利者★5": 1, "[73]死灵魔术★4": 1, "[89]柳洞寺★3": 4, "[91]爱之灵药★3": 1, "[98]千年黄金树★4": 2, "[182]毒蛇一艺★4": 2, "[188]觉醒之前★5": 1, "[243]Bronze-Link Manipulators★3": 2, "[244]四枝之浅滩★3": 1, "[333]许德拉匕首★3": 4, "[246]特辣麻婆豆腐★3": 1, "[331]佛拉格拉克★3": 1, "[401]私室警备员★4": 1, "[418]固有结界★3": 2, "[419]返老还童的灵药★3": 2, "[420]谜之面具群★3": 2, "[580]瓦砾的圣堂★3": 3, "[581]手无寸铁慎二君★3": 1, "[582]阿特拉斯院★3": 1, "[585]幻想种★3": 4, "[674]神造兵器★3": 1, "[1016]狂舞曲★4": 1, "[1130]野心的嚆矢★4": 1, "[1208]韵律诗节★4": 1, "[1270]庆祝回忆★5": 7, "[1271]头脑风暴★4": 2, "[1272]散状花★3": 17, "[1415]匮乏之人★3": 3, "[1513]穗群原学园学生会长★3": 2, "[1608]悲願の継承★4": 1, "[1609]代償魔術★4": 1, "[1610]枯れない花★3": 2}

编号[efa8b9e60ce07d46d4ee111004106be5]
等级: 1
圣晶石: 2
圣晶片: 3
呼符: 0
金/银/铜/青苹果: 44/0/0/0
登陆天数: 20天 / 95天
从者: {"[7]盖乌斯·尤利乌斯·恺撒(Saber)★3": 1, "[72]弗格斯·马克·罗伊(Saber)★3": 1, "[101]罗摩(Saber)★4": 1, "[9]吉尔·德·雷(Saber)★3": 2, "[13]罗宾汉(Archer)★3": 1, "[63]大卫(Archer)★3": 1, "[105]比利小子(Archer)★3": 1, "[15]尤瑞艾莉(Archer)★3": 1, "[125]俵藤太(Archer)★3": 1, "[246]威廉·退尔(Archer)★3": 2, "[17]库·丘林(Lancer)★3": 1, "[71]迪尔姆德·奥迪那(Lancer)★3": 1, "[22]罗穆路斯(Lancer)★3": 1, "[186]宝藏院胤舜(Lancer)★3": 3, "[64]赫克托耳(Lancer)★3": 2, "[193]莲偶(Lancer)★4": 1, "[23]歌果(Rider)★3": 2, "[94]阿斯托尔福(Rider)★4": 1, "[66]安妮·伯妮＆玛莉·瑞德(Rider)★4": 1, "[26]布狄卡(Rider)★3": 2, "[27]牛若丸(Rider)★3": 2, "[28]亚历山大(Rider)★3": 2, "[273]曼迪卡尔多(Rider)★3": 1, "[31]美狄亚(Caster)★3": 1, "[79]冯·霍恩海姆·帕拉塞尔苏斯(Caster)★3": 1, "[120]尼托克丽丝(Caster)★4": 1, "[35]梅菲斯托费勒斯(Caster)★3": 2, "[104]杰罗尼莫(Caster)★3": 1, "[192]喀耳刻(Caster)★4": 1, "[203]阿维斯布隆(Caster)★3": 2, "[348]張角(Caster)★3": 4, "[110]百貌哈桑(Assassin)★3": 3, "[124]静谧哈桑(Assassin)★3": 1, "[42]匕见(Assassin)★3": 1, "[46]卡米拉(Assassin)★4": 1, "[117]风魔小太郎(Assassin)★3": 1, "[49]虎狼(Berserker)★3": 3, "[55]大流士三世(Berserker)★3": 1, "[56]清姬(Berserker)★3": 1, "[58]玉藻猫(Berserker)★4": 1, "[171]彭忒西勒亚(Berserker)★4": 1, "[202]阿塔兰忒〔Alter〕(Berserker)★4": 1, "[1]玛修·基列莱特(Shielder)★3": 1, "[242]阿斯特赖亚(Ruler)★4": 1, "[352]徐福(Alterego)★3": 1}
礼装: {"[42]Mooncell Automaton★3": 1, "[56]指令咏唱★4": 1, "[57]月之胜利者★5": 1, "[91]爱之灵药★3": 2, "[98]千年黄金树★4": 1, "[185]月灵髓液★5": 1, "[246]特辣麻婆豆腐★3": 2, "[332]天之逆月★3": 1, "[400]天堂之孔★5": 1, "[418]固有结界★3": 2, "[420]谜之面具群★3": 2, "[580]瓦砾的圣堂★3": 2, "[581]手无寸铁慎二君★3": 2, "[815]樱的特制便当★3": 2, "[1016]狂舞曲★4": 1, "[1130]野心的嚆矢★4": 1, "[1270]庆祝回忆★5": 2, "[1271]头脑风暴★4": 7, "[1272]散状花★3": 10, "[1316]王者的气质★4": 1, "[1415]匮乏之人★3": 2, "[1485]冬之结晶★4": 2, "[1512]庭园的守护者★4": 1, "[1513]穗群原学园学生会长★3": 2, "[1609]代償魔術★4": 1, "[1610]枯れない花★3": 7, "[1669]熾天の王★5": 1, "[1670]狩人の夢★4": 1}

编号[de0f3cbd1f9eac206960640149d03442]
等级: 1
圣晶石: 121
圣晶片: 3
呼符: 50
金/银/铜/青苹果: 44/0/0/0
登陆天数: 20天 / 95天
从者: {"[7]盖乌斯·尤利乌斯·恺撒(Saber)★3": 1, "[72]弗格斯·马克·罗伊(Saber)★3": 2, "[227]兰陵王(Saber)★4": 1, "[13]罗宾汉(Archer)★3": 2, "[125]俵藤太(Archer)★3": 1, "[95]幼吉尔(Archer)★3": 1, "[17]库·丘林(Lancer)★3": 3, "[22]罗穆路斯(Lancer)★3": 1, "[146]美杜莎(Lancer)★4": 1, "[214]瓦尔基里(Lancer)★4": 1, "[23]歌果(Rider)★3": 2, "[26]布狄卡(Rider)★3": 1, "[79]冯·霍恩海姆·帕拉塞尔苏斯(Caster)★3": 1, "[80]查尔斯·巴贝奇(Caster)★3": 1, "[35]梅菲斯托费勒斯(Caster)★3": 1, "[104]杰罗尼莫(Caster)★3": 1, "[203]阿维斯布隆(Caster)★3": 1, "[284]阿尔托莉雅·卡斯特(Caster)★5": 1, "[348]張角(Caster)★3": 3, "[124]静谧哈桑(Assassin)★3": 1, "[42]匕见(Assassin)★3": 2, "[117]风魔小太郎(Assassin)★3": 1, "[47]赫拉克勒斯(Berserker)★4": 1, "[56]清姬(Berserker)★3": 1, "[1]玛修·基列莱特(Shielder)★3": 1, "[335]ヘファイスティオン(Pretender)★4": 1}
礼装: {"[39]抹大拉的圣骸布★4": 1, "[89]柳洞寺★3": 1, "[91]爱之灵药★3": 2, "[176]记录保持者★4": 1, "[333]许德拉匕首★3": 1, "[246]特辣麻婆豆腐★3": 2, "[247]宝石剑泽尔里奇★3": 2, "[418]固有结界★3": 1, "[419]返老还童的灵药★3": 3, "[580]瓦砾的圣堂★3": 2, "[582]阿特拉斯院★3": 2, "[585]幻想种★3": 2, "[674]神造兵器★3": 1, "[691]噬魂★3": 3, "[1130]野心的嚆矢★4": 1, "[1208]韵律诗节★4": 1, "[1270]庆祝回忆★5": 3, "[1271]头脑风暴★4": 5, "[1272]散状花★3": 4, "[1607]投影装填★4": 1, "[1608]悲願の継承★4": 1, "[1670]狩人の夢★4": 1}

编号[eabbae4517b03537cd0e498339e1a853]
等级: 1
圣晶石: 151
圣晶片: 3
呼符: 50
金/银/铜/青苹果: 44/0/0/0
登陆天数: 20天 / 95天
从者: {"[13]罗宾汉(Archer)★3": 1, "[105]比利小子(Archer)★3": 1, "[95]幼吉尔(Archer)★3": 2, "[184]巴御前(Archer)★4": 1, "[17]库·丘林(Lancer)★3": 2, "[20]库·丘林〔Prototype〕(Lancer)★3": 1, "[64]赫克托耳(Lancer)★3": 1, "[23]歌果(Rider)★3": 1, "[94]阿斯托尔福(Rider)★4": 1, "[26]布狄卡(Rider)★3": 2, "[28]亚历山大(Rider)★3": 1, "[31]美狄亚(Caster)★3": 1, "[80]查尔斯·巴贝奇(Caster)★3": 1, "[35]梅菲斯托费勒斯(Caster)★3": 1, "[104]杰罗尼莫(Caster)★3": 1, "[284]阿尔托莉雅·卡斯特(Caster)★5": 1, "[81]亨利·杰基尔＆海德(Assassin)★3": 2, "[117]风魔小太郎(Assassin)★3": 1, "[170]周照(Assassin)★4": 1, "[49]虎狼(Berserker)★3": 1, "[55]大流士三世(Berserker)★3": 2, "[56]清姬(Berserker)★3": 2, "[1]玛修·基列莱特(Shielder)★3": 1, "[352]徐福(Alterego)★3": 1}
礼装: {"[56]指令咏唱★4": 1, "[73]死灵魔术★4": 1, "[91]爱之灵药★3": 1, "[184]柔软的慈爱★4": 1, "[333]许德拉匕首★3": 1, "[246]特辣麻婆豆腐★3": 3, "[247]宝石剑泽尔里奇★3": 3, "[331]佛拉格拉克★3": 1, "[332]天之逆月★3": 1, "[419]返老还童的灵药★3": 1, "[420]谜之面具群★3": 1, "[581]手无寸铁慎二君★3": 2, "[582]阿特拉斯院★3": 1, "[674]神造兵器★3": 1, "[691]噬魂★3": 1, "[814]清扫者★4": 1, "[815]樱的特制便当★3": 1, "[1270]庆祝回忆★5": 1, "[1271]头脑风暴★4": 2, "[1272]散状花★3": 4, "[1315]恋之诅咒★5": 1, "[1412]宝石的魔弹★4": 1, "[1610]枯れない花★3": 1}

编号[1b350ec958f21f7219d273d7713d8b7e]
等级: 1
圣晶石: 29
圣晶片: 3
呼符: 0
金/银/铜/青苹果: 44/0/0/0
登陆天数: 20天 / 95天
从者: {"[72]弗格斯·马克·罗伊(Saber)★3": 2, "[9]吉尔·德·雷(Saber)★3": 1, "[11]卫宫(Archer)★4": 1, "[13]罗宾汉(Archer)★3": 4, "[63]大卫(Archer)★3": 1, "[105]比利小子(Archer)★3": 2, "[15]尤瑞艾莉(Archer)★3": 2, "[125]俵藤太(Archer)★3": 2, "[246]威廉·退尔(Archer)★3": 4, "[325]芝诺比阿(Archer)★4": 1, "[17]库·丘林(Lancer)★3": 1, "[71]迪尔姆德·奥迪那(Lancer)★3": 1, "[20]库·丘林〔Prototype〕(Lancer)★3": 1, "[22]罗穆路斯(Lancer)★3": 1, "[186]宝藏院胤舜(Lancer)★3": 3, "[64]赫克托耳(Lancer)★3": 1, "[183]帕尔瓦蒂(Lancer)★4": 1, "[23]歌果(Rider)★3": 2, "[66]安妮·伯妮＆玛莉·瑞德(Rider)★4": 1, "[26]布狄卡(Rider)★3": 3, "[27]牛若丸(Rider)★3": 2, "[28]亚历山大(Rider)★3": 5, "[273]曼迪卡尔多(Rider)★3": 2, "[332]多布雷尼亚·尼基季奇(Rider)★4": 1, "[31]美狄亚(Caster)★3": 5, "[79]冯·霍恩海姆·帕拉塞尔苏斯(Caster)★3": 3, "[80]查尔斯·巴贝奇(Caster)★3": 4, "[35]梅菲斯托费勒斯(Caster)★3": 3, "[104]杰罗尼莫(Caster)★3": 3, "[203]阿维斯布隆(Caster)★3": 1, "[284]阿尔托莉雅·卡斯特(Caster)★5": 1, "[348]張角(Caster)★3": 1, "[110]百貌哈桑(Assassin)★3": 1, "[81]亨利·杰基尔＆海德(Assassin)★3": 2, "[124]静谧哈桑(Assassin)★3": 3, "[41]斯忒诺(Assassin)★4": 1, "[42]匕见(Assassin)★3": 2, "[117]风魔小太郎(Assassin)★3": 1, "[47]赫拉克勒斯(Berserker)★4": 1, "[49]虎狼(Berserker)★3": 3, "[55]大流士三世(Berserker)★3": 1, "[58]玉藻猫(Berserker)★4": 1, "[1]玛修·基列莱特(Shielder)★3": 1, "[242]阿斯特赖亚(Ruler)★4": 1, "[352]徐福(Alterego)★3": 1}
礼装: {"[24]Gandr★4": 1, "[32]虚数环★5": 2, "[56]指令咏唱★4": 1, "[73]死灵魔术★4": 1, "[91]爱之灵药★3": 1, "[93]阿兰若★3": 1, "[176]记录保持者★4": 1, "[182]毒蛇一艺★4": 1, "[183]死之艺术★4": 1, "[186]情窦未开的千金★4": 1, "[243]Bronze-Link Manipulators★3": 2, "[244]四枝之浅滩★3": 1, "[333]许德拉匕首★3": 3, "[246]特辣麻婆豆腐★3": 2, "[247]宝石剑泽尔里奇★3": 3, "[265]卡姆兰之战★3": 1, "[331]佛拉格拉克★3": 3, "[332]天之逆月★3": 5, "[418]固有结界★3": 1, "[419]返老还童的灵药★3": 1, "[420]谜之面具群★3": 5, "[582]阿特拉斯院★3": 1, "[585]幻想种★3": 2, "[814]清扫者★4": 1, "[815]樱的特制便当★3": 3, "[913]远方的前路★4": 2, "[1270]庆祝回忆★5": 3, "[1271]头脑风暴★4": 8, "[1272]散状花★3": 16, "[1415]匮乏之人★3": 3, "[1485]冬之结晶★4": 1, "[1512]庭园的守护者★4": 1, "[1513]穗群原学园学生会长★3": 2, "[1576]華の楽土★4": 1, "[1607]投影装填★4": 1, "[1608]悲願の継承★4": 1, "[1609]代償魔術★4": 3, "[1610]枯れない花★3": 4, "[1692]免許皆伝★4": 1}

编号[c10c7d848188086e548f9daa986792ae]
等级: 1
圣晶石: 2
圣晶片: 3
呼符: 0
金/银/铜/青苹果: 44/0/0/0
登陆天数: 20天 / 95天
从者: {"[7]盖乌斯·尤利乌斯·恺撒(Saber)★3": 2, "[72]弗格斯·马克·罗伊(Saber)★3": 2, "[9]吉尔·德·雷(Saber)★3": 1, "[223]迪尔姆德·奥迪那(Saber)★4": 1, "[11]卫宫(Archer)★4": 2, "[13]罗宾汉(Archer)★3": 2, "[63]大卫(Archer)★3": 2, "[105]比利小子(Archer)★3": 2, "[15]尤瑞艾莉(Archer)★3": 2, "[125]俵藤太(Archer)★3": 2, "[95]幼吉尔(Archer)★3": 2, "[246]威廉·退尔(Archer)★3": 1, "[17]库·丘林(Lancer)★3": 2, "[71]迪尔姆德·奥迪那(Lancer)★3": 1, "[20]库·丘林〔Prototype〕(Lancer)★3": 1, "[22]罗穆路斯(Lancer)★3": 2, "[186]宝藏院胤舜(Lancer)★3": 4, "[64]赫克托耳(Lancer)★3": 1, "[146]美杜莎(Lancer)★4": 1, "[193]莲偶(Lancer)★4": 1, "[23]歌果(Rider)★3": 1, "[66]安妮·伯妮＆玛莉·瑞德(Rider)★4": 1, "[26]布狄卡(Rider)★3": 2, "[27]牛若丸(Rider)★3": 1, "[28]亚历山大(Rider)★3": 1, "[273]曼迪卡尔多(Rider)★3": 1, "[366]黄飛虎(Rider)★4": 1, "[79]冯·霍恩海姆·帕拉塞尔苏斯(Caster)★3": 1, "[80]查尔斯·巴贝奇(Caster)★3": 2, "[35]梅菲斯托费勒斯(Caster)★3": 3, "[104]杰罗尼莫(Caster)★3": 1, "[203]阿维斯布隆(Caster)★3": 2, "[348]張角(Caster)★3": 2, "[110]百貌哈桑(Assassin)★3": 1, "[81]亨利·杰基尔＆海德(Assassin)★3": 2, "[42]匕见(Assassin)★3": 1, "[117]风魔小太郎(Assassin)★3": 2, "[48]兰斯洛特(Berserker)★4": 1, "[49]虎狼(Berserker)★3": 1, "[55]大流士三世(Berserker)★3": 1, "[56]清姬(Berserker)★3": 2, "[58]玉藻猫(Berserker)★4": 2, "[116]茨木童子(Berserker)★4": 2, "[1]玛修·基列莱特(Shielder)★3": 1, "[242]阿斯特赖亚(Ruler)★4": 1, "[352]徐福(Alterego)★3": 1}
礼装: {"[28]虚数魔术★4": 1, "[32]虚数环★5": 1, "[89]柳洞寺★3": 1, "[91]爱之灵药★3": 1, "[98]千年黄金树★4": 2, "[186]情窦未开的千金★4": 1, "[243]Bronze-Link Manipulators★3": 1, "[244]四枝之浅滩★3": 1, "[247]宝石剑泽尔里奇★3": 1, "[265]卡姆兰之战★3": 1, "[332]天之逆月★3": 1, "[401]私室警备员★4": 1, "[419]返老还童的灵药★3": 1, "[420]谜之面具群★3": 2, "[581]手无寸铁慎二君★3": 1, "[582]阿特拉斯院★3": 1, "[585]幻想种★3": 1, "[674]神造兵器★3": 1, "[774]最后的叙述者★4": 1, "[1208]韵律诗节★4": 1, "[1270]庆祝回忆★5": 6, "[1271]头脑风暴★4": 8, "[1272]散状花★3": 18, "[1413]虚数属性★4": 3, "[1415]匮乏之人★3": 2, "[1513]穗群原学园学生会长★3": 1, "[1607]投影装填★4": 1, "[1608]悲願の継承★4": 1, "[1609]代償魔術★4": 2, "[1610]枯れない花★3": 3}

编号[52adeb6e70190615ed726698f8947380]
等级: 1
圣晶石: 229
圣晶片: 3
呼符: 50
金/银/铜/青苹果: 44/0/0/0
登陆天数: 20天 / 95天
从者: {"[9]吉尔·德·雷(Saber)★3": 2, "[63]大卫(Archer)★3": 3, "[95]幼吉尔(Archer)★3": 1, "[17]库·丘林(Lancer)★3": 1, "[71]迪尔姆德·奥迪那(Lancer)★3": 1, "[214]瓦尔基里(Lancer)★4": 1, "[27]牛若丸(Rider)★3": 1, "[31]美狄亚(Caster)★3": 1, "[120]尼托克丽丝(Caster)★4": 1, "[35]梅菲斯托费勒斯(Caster)★3": 1, "[284]阿尔托莉雅·卡斯特(Caster)★5": 1, "[110]百貌哈桑(Assassin)★3": 1, "[81]亨利·杰基尔＆海德(Assassin)★3": 1, "[42]匕见(Assassin)★3": 1, "[109]卫宫〔Assassin〕(Assassin)★4": 1, "[159]燕青(Assassin)★4": 1, "[49]虎狼(Berserker)★3": 1, "[1]玛修·基列莱特(Shielder)★3": 1}
礼装: {"[21]钢之锻炼★4": 1, "[28]虚数魔术★4": 1, "[176]记录保持者★4": 1, "[182]毒蛇一艺★4": 1, "[243]Bronze-Link Manipulators★3": 1, "[332]天之逆月★3": 1, "[418]固有结界★3": 1, "[581]手无寸铁慎二君★3": 1, "[582]阿特拉斯院★3": 1, "[691]噬魂★3": 1, "[815]樱的特制便当★3": 1, "[1271]头脑风暴★4": 1, "[1272]散状花★3": 2, "[1513]穗群原学园学生会长★3": 1, "[1610]枯れない花★3": 1}

编号[91cc930f227a65350abf1ed53534b760]
等级: 1
圣晶石: 41
圣晶片: 3
呼符: 10
金/银/铜/青苹果: 44/0/0/0
登陆天数: 20天 / 95天
从者: {"[7]盖乌斯·尤利乌斯·恺撒(Saber)★3": 1, "[72]弗格斯·马克·罗伊(Saber)★3": 1, "[9]吉尔·德·雷(Saber)★3": 1, "[245]拉克什米·芭伊(Saber)★4": 1, "[13]罗宾汉(Archer)★3": 1, "[63]大卫(Archer)★3": 1, "[15]尤瑞艾莉(Archer)★3": 1, "[125]俵藤太(Archer)★3": 1, "[95]幼吉尔(Archer)★3": 2, "[246]威廉·退尔(Archer)★3": 1, "[17]库·丘林(Lancer)★3": 1, "[71]迪尔姆德·奥迪那(Lancer)★3": 1, "[20]库·丘林〔Prototype〕(Lancer)★3": 1, "[22]罗穆路斯(Lancer)★3": 2, "[186]宝藏院胤舜(Lancer)★3": 3, "[64]赫克托耳(Lancer)★3": 1, "[23]歌果(Rider)★3": 2, "[94]阿斯托尔福(Rider)★4": 1, "[26]布狄卡(Rider)★3": 2, "[27]牛若丸(Rider)★3": 2, "[28]亚历山大(Rider)★3": 1, "[31]美狄亚(Caster)★3": 1, "[79]冯·霍恩海姆·帕拉塞尔苏斯(Caster)★3": 1, "[35]梅菲斯托费勒斯(Caster)★3": 1, "[104]杰罗尼莫(Caster)★3": 1, "[203]阿维斯布隆(Caster)★3": 1, "[284]阿尔托莉雅·卡斯特(Caster)★5": 1, "[348]張角(Caster)★3": 1, "[110]百貌哈桑(Assassin)★3": 1, "[81]亨利·杰基尔＆海德(Assassin)★3": 3, "[124]静谧哈桑(Assassin)★3": 2, "[41]斯忒诺(Assassin)★4": 1, "[189]刑部姬(Assassin)★5": 1, "[49]虎狼(Berserker)★3": 2, "[56]清姬(Berserker)★3": 1, "[1]玛修·基列莱特(Shielder)★3": 1, "[352]徐福(Alterego)★3": 1}
礼装: {"[21]钢之锻炼★4": 2, "[26]宝石魔术·对影★4": 2, "[35]天之杯★5": 1, "[89]柳洞寺★3": 1, "[98]千年黄金树★4": 1, "[243]Bronze-Link Manipulators★3": 3, "[244]四枝之浅滩★3": 1, "[333]许德拉匕首★3": 1, "[265]卡姆兰之战★3": 1, "[332]天之逆月★3": 2, "[418]固有结界★3": 2, "[420]谜之面具群★3": 4, "[580]瓦砾的圣堂★3": 1, "[581]手无寸铁慎二君★3": 1, "[582]阿特拉斯院★3": 2, "[691]噬魂★3": 2, "[774]最后的叙述者★4": 1, "[1271]头脑风暴★4": 8, "[1272]散状花★3": 11, "[1413]虚数属性★4": 2, "[1415]匮乏之人★3": 2, "[1458]魔道元帅★5": 1, "[1511]冬之圣女★5": 1, "[1513]穗群原学园学生会长★3": 5, "[1576]華の楽土★4": 1, "[1607]投影装填★4": 1, "[1608]悲願の継承★4": 1, "[1610]枯れない花★3": 1}

编号[a80398efc674df8454ddd92d38a02a28]
等级: 1
圣晶石: 2
圣晶片: 3
呼符: 0
金/银/铜/青苹果: 44/0/0/0
登陆天数: 20天 / 95天
从者: {"[7]盖乌斯·尤利乌斯·恺撒(Saber)★3": 1, "[72]弗格斯·马克·罗伊(Saber)★3": 1, "[9]吉尔·德·雷(Saber)★3": 1, "[298]渡边纲(Saber)★4": 1, "[11]卫宫(Archer)★4": 1, "[13]罗宾汉(Archer)★3": 2, "[105]比利小子(Archer)★3": 1, "[95]幼吉尔(Archer)★3": 2, "[246]威廉·退尔(Archer)★3": 1, "[17]库·丘林(Lancer)★3": 2, "[18]伊丽莎白·巴托里(Lancer)★4": 1, "[22]罗穆路斯(Lancer)★3": 1, "[87]芬恩·麦克库尔(Lancer)★4": 1, "[186]宝藏院胤舜(Lancer)★3": 2, "[64]赫克托耳(Lancer)★3": 1, "[183]帕尔瓦蒂(Lancer)★4": 1, "[23]歌果(Rider)★3": 1, "[26]布狄卡(Rider)★3": 2, "[27]牛若丸(Rider)★3": 2, "[28]亚历山大(Rider)★3": 2, "[273]曼迪卡尔多(Rider)★3": 3, "[31]美狄亚(Caster)★3": 3, "[79]冯·霍恩海姆·帕拉塞尔苏斯(Caster)★3": 6, "[80]查尔斯·巴贝奇(Caster)★3": 3, "[35]梅菲斯托费勒斯(Caster)★3": 2, "[104]杰罗尼莫(Caster)★3": 1, "[203]阿维斯布隆(Caster)★3": 2, "[348]張角(Caster)★3": 1, "[110]百貌哈桑(Assassin)★3": 1, "[81]亨利·杰基尔＆海德(Assassin)★3": 1, "[124]静谧哈桑(Assassin)★3": 1, "[41]斯忒诺(Assassin)★4": 1, "[42]匕见(Assassin)★3": 1, "[109]卫宫〔Assassin〕(Assassin)★4": 1, "[185]望月千代女(Assassin)★4": 1, "[47]赫拉克勒斯(Berserker)★4": 1, "[49]虎狼(Berserker)★3": 6, "[55]大流士三世(Berserker)★3": 1, "[56]清姬(Berserker)★3": 4, "[1]玛修·基列莱特(Shielder)★3": 1, "[352]徐福(Alterego)★3": 2}
礼装: {"[56]指令咏唱★4": 2, "[89]柳洞寺★3": 1, "[91]爱之灵药★3": 1, "[98]千年黄金树★4": 1, "[184]柔软的慈爱★4": 2, "[186]情窦未开的千金★4": 2, "[243]Bronze-Link Manipulators★3": 2, "[333]许德拉匕首★3": 1, "[247]宝石剑泽尔里奇★3": 3, "[265]卡姆兰之战★3": 1, "[332]天之逆月★3": 2, "[401]私室警备员★4": 1, "[418]固有结界★3": 1, "[419]返老还童的灵药★3": 3, "[420]谜之面具群★3": 1, "[581]手无寸铁慎二君★3": 1, "[582]阿特拉斯院★3": 1, "[674]神造兵器★3": 1, "[773]艳阳之下★5": 1, "[815]樱的特制便当★3": 1, "[913]远方的前路★4": 2, "[1270]庆祝回忆★5": 4, "[1271]头脑风暴★4": 10, "[1272]散状花★3": 17, "[1485]冬之结晶★4": 1, "[1511]冬之圣女★5": 1, "[1512]庭园的守护者★4": 2, "[1513]穗群原学园学生会长★3": 2, "[1576]華の楽土★4": 1, "[1577]告解の惑い場★4": 1, "[1608]悲願の継承★4": 1}

编号[919b5e19c0234c9ed4848280826ec073]
等级: 1
圣晶石: 148
圣晶片: 3
呼符: 50
金/银/铜/青苹果: 44/0/0/0
登陆天数: 20天 / 95天
从者: {"[6]齐格飞(Saber)★4": 1, "[7]盖乌斯·尤利乌斯·恺撒(Saber)★3": 1, "[72]弗格斯·马克·罗伊(Saber)★3": 1, "[9]吉尔·德·雷(Saber)★3": 1, "[13]罗宾汉(Archer)★3": 1, "[63]大卫(Archer)★3": 1, "[105]比利小子(Archer)★3": 1, "[15]尤瑞艾莉(Archer)★3": 2, "[125]俵藤太(Archer)★3": 1, "[17]库·丘林(Lancer)★3": 1, "[18]伊丽莎白·巴托里(Lancer)★4": 1, "[20]库·丘林〔Prototype〕(Lancer)★3": 2, "[22]罗穆路斯(Lancer)★3": 3, "[23]歌果(Rider)★3": 1, "[26]布狄卡(Rider)★3": 1, "[27]牛若丸(Rider)★3": 1, "[31]美狄亚(Caster)★3": 1, "[80]查尔斯·巴贝奇(Caster)★3": 1, "[120]尼托克丽丝(Caster)★4": 1, "[35]梅菲斯托费勒斯(Caster)★3": 1, "[203]阿维斯布隆(Caster)★3": 1, "[284]阿尔托莉雅·卡斯特(Caster)★5": 1, "[81]亨利·杰基尔＆海德(Assassin)★3": 1, "[124]静谧哈桑(Assassin)★3": 1, "[117]风魔小太郎(Assassin)★3": 2, "[49]虎狼(Berserker)★3": 1, "[55]大流士三世(Berserker)★3": 1, "[56]清姬(Berserker)★3": 1, "[1]玛修·基列莱特(Shielder)★3": 1, "[352]徐福(Alterego)★3": 1}
礼装: {"[37]芦苇海★3": 1, "[91]爱之灵药★3": 2, "[98]千年黄金树★4": 2, "[186]情窦未开的千金★4": 2, "[243]Bronze-Link Manipulators★3": 1, "[333]许德拉匕首★3": 1, "[247]宝石剑泽尔里奇★3": 1, "[265]卡姆兰之战★3": 1, "[331]佛拉格拉克★3": 1, "[418]固有结界★3": 1, "[419]返老还童的灵药★3": 2, "[420]谜之面具群★3": 1, "[580]瓦砾的圣堂★3": 1, "[582]阿特拉斯院★3": 1, "[691]噬魂★3": 2, "[814]清扫者★4": 1, "[1016]狂舞曲★4": 1, "[1270]庆祝回忆★5": 1, "[1271]头脑风暴★4": 1, "[1413]虚数属性★4": 1, "[1512]庭园的守护者★4": 1, "[1513]穗群原学园学生会长★3": 2, "[1610]枯れない花★3": 1}

编号[4475159679518392adf9f93f86991ff5]
等级: 1
圣晶石: 2
圣晶片: 3
呼符: 0
金/银/铜/青苹果: 44/0/0/0
登陆天数: 20天 / 95天
从者: {"[7]盖乌斯·尤利乌斯·恺撒(Saber)★3": 1, "[101]罗摩(Saber)★4": 1, "[9]吉尔·德·雷(Saber)★3": 1, "[10]骑士迪昂(Saber)★4": 1, "[13]罗宾汉(Archer)★3": 1, "[63]大卫(Archer)★3": 1, "[15]尤瑞艾莉(Archer)★3": 1, "[125]俵藤太(Archer)★3": 2, "[95]幼吉尔(Archer)★3": 1, "[246]威廉·退尔(Archer)★3": 1, "[325]芝诺比阿(Archer)★4": 1, "[17]库·丘林(Lancer)★3": 2, "[71]迪尔姆德·奥迪那(Lancer)★3": 3, "[20]库·丘林〔Prototype〕(Lancer)★3": 3, "[22]罗穆路斯(Lancer)★3": 2, "[186]宝藏院胤舜(Lancer)★3": 3, "[64]赫克托耳(Lancer)★3": 2, "[23]歌果(Rider)★3": 3, "[26]布狄卡(Rider)★3": 1, "[27]牛若丸(Rider)★3": 2, "[28]亚历山大(Rider)★3": 1, "[273]曼迪卡尔多(Rider)★3": 1, "[31]美狄亚(Caster)★3": 1, "[79]冯·霍恩海姆·帕拉塞尔苏斯(Caster)★3": 1, "[80]查尔斯·巴贝奇(Caster)★3": 1, "[35]梅菲斯托费勒斯(Caster)★3": 1, "[104]杰罗尼莫(Caster)★3": 4, "[192]喀耳刻(Caster)★4": 2, "[203]阿维斯布隆(Caster)★3": 1, "[348]張角(Caster)★3": 1, "[110]百貌哈桑(Assassin)★3": 2, "[81]亨利·杰基尔＆海德(Assassin)★3": 2, "[124]静谧哈桑(Assassin)★3": 3, "[42]匕见(Assassin)★3": 1, "[117]风魔小太郎(Assassin)★3": 1, "[49]虎狼(Berserker)★3": 2, "[55]大流士三世(Berserker)★3": 1, "[56]清姬(Berserker)★3": 1, "[1]玛修·基列莱特(Shielder)★3": 1, "[352]徐福(Alterego)★3": 2}
礼装: {"[26]宝石魔术·对影★4": 1, "[56]指令咏唱★4": 2, "[93]阿兰若★3": 1, "[176]记录保持者★4": 1, "[188]觉醒之前★5": 1, "[243]Bronze-Link Manipulators★3": 1, "[246]特辣麻婆豆腐★3": 1, "[247]宝石剑泽尔里奇★3": 4, "[265]卡姆兰之战★3": 2, "[331]佛拉格拉克★3": 2, "[332]天之逆月★3": 2, "[401]私室警备员★4": 1, "[418]固有结界★3": 1, "[420]谜之面具群★3": 6, "[581]手无寸铁慎二君★3": 1, "[582]阿特拉斯院★3": 1, "[674]神造兵器★3": 1, "[691]噬魂★3": 1, "[1270]庆祝回忆★5": 6, "[1271]头脑风暴★4": 8, "[1272]散状花★3": 23, "[1412]宝石的魔弹★4": 1, "[1415]匮乏之人★3": 4, "[1485]冬之结晶★4": 1, "[1511]冬之圣女★5": 1, "[1513]穗群原学园学生会长★3": 2, "[1576]華の楽土★4": 2, "[1577]告解の惑い場★4": 1, "[1608]悲願の継承★4": 1, "[1609]代償魔術★4": 1, "[1610]枯れない花★3": 1}

编号[a793d4a7359ed40dfe618ae4c04d579f]
等级: 1
圣晶石: 274
圣晶片: 3
呼符: 50
金/银/铜/青苹果: 44/0/0/0
登陆天数: 20天 / 95天
从者: {"[72]弗格斯·马克·罗伊(Saber)★3": 1, "[125]俵藤太(Archer)★3": 1, "[184]巴御前(Archer)★4": 1, "[325]芝诺比阿(Archer)★4": 1, "[80]查尔斯·巴贝奇(Caster)★3": 1, "[120]尼托克丽丝(Caster)★4": 1, "[35]梅菲斯托费勒斯(Caster)★3": 1, "[104]杰罗尼莫(Caster)★3": 2, "[284]阿尔托莉雅·卡斯特(Caster)★5": 1, "[41]斯忒诺(Assassin)★4": 1, "[159]燕青(Assassin)★4": 1, "[49]虎狼(Berserker)★3": 1, "[55]大流士三世(Berserker)★3": 1, "[1]玛修·基列莱特(Shielder)★3": 1}
礼装: {"[98]千年黄金树★4": 1, "[1271]头脑风暴★4": 2}

编号[86641e05a8bfb4fbdcbd73f8adac6ea4]
等级: 1
圣晶石: 238
圣晶片: 3
呼符: 50
金/银/铜/青苹果: 44/0/0/0
登陆天数: 20天 / 95天
从者: {"[7]盖乌斯·尤利乌斯·恺撒(Saber)★3": 1, "[9]吉尔·德·雷(Saber)★3": 1, "[298]渡边纲(Saber)★4": 1, "[95]幼吉尔(Archer)★3": 1, "[246]威廉·退尔(Archer)★3": 1, "[17]库·丘林(Lancer)★3": 1, "[87]芬恩·麦克库尔(Lancer)★4": 1, "[186]宝藏院胤舜(Lancer)★3": 1, "[26]布狄卡(Rider)★3": 1, "[35]梅菲斯托费勒斯(Caster)★3": 1, "[203]阿维斯布隆(Caster)★3": 1, "[284]阿尔托莉雅·卡斯特(Caster)★5": 1, "[124]静谧哈桑(Assassin)★3": 1, "[42]匕见(Assassin)★3": 2, "[47]赫拉克勒斯(Berserker)★4": 1, "[56]清姬(Berserker)★3": 1, "[1]玛修·基列莱特(Shielder)★3": 1}
礼装: {"[21]钢之锻炼★4": 1, "[22]原始咒术★4": 1, "[89]柳洞寺★3": 1, "[91]爱之灵药★3": 1, "[243]Bronze-Link Manipulators★3": 2, "[418]固有结界★3": 2, "[580]瓦砾的圣堂★3": 1, "[581]手无寸铁慎二君★3": 1, "[582]阿特拉斯院★3": 1, "[585]幻想种★3": 1, "[815]樱的特制便当★3": 2}

编号[50c9b71dfbce95b7aae8155fddb19574]
等级: 1
圣晶石: 239
圣晶片: 3
呼符: 0
金/银/铜/青苹果: 44/0/0/0
登陆天数: 20天 / 95天
从者: {"[9]吉尔·德·雷(Saber)★3": 1, "[344]ローラン(Saber)★4": 1, "[13]罗宾汉(Archer)★3": 1, "[105]比利小子(Archer)★3": 1, "[15]尤瑞艾莉(Archer)★3": 3, "[125]俵藤太(Archer)★3": 1, "[246]威廉·退尔(Archer)★3": 2, "[325]芝诺比阿(Archer)★4": 1, "[17]库·丘林(Lancer)★3": 2, "[71]迪尔姆德·奥迪那(Lancer)★3": 1, "[140]弗拉德三世〔EXTRA〕(Lancer)★4": 1, "[20]库·丘林〔Prototype〕(Lancer)★3": 2, "[186]宝藏院胤舜(Lancer)★3": 2, "[23]歌果(Rider)★3": 2, "[66]安妮·伯妮＆玛莉·瑞德(Rider)★4": 1, "[26]布狄卡(Rider)★3": 1, "[27]牛若丸(Rider)★3": 1, "[28]亚历山大(Rider)★3": 2, "[273]曼迪卡尔多(Rider)★3": 1, "[79]冯·霍恩海姆·帕拉塞尔苏斯(Caster)★3": 2, "[120]尼托克丽丝(Caster)★4": 1, "[35]梅菲斯托费勒斯(Caster)★3": 2, "[100]海伦娜·布拉瓦茨基(Caster)★4": 1, "[203]阿维斯布隆(Caster)★3": 2, "[284]阿尔托莉雅·卡斯特(Caster)★5": 1, "[348]張角(Caster)★3": 2, "[124]静谧哈桑(Assassin)★3": 3, "[42]匕见(Assassin)★3": 1, "[49]虎狼(Berserker)★3": 2, "[55]大流士三世(Berserker)★3": 1, "[1]玛修·基列莱特(Shielder)★3": 1, "[352]徐福(Alterego)★3": 3}
礼装: {"[21]钢之锻炼★4": 1, "[26]宝石魔术·对影★4": 1, "[40]宇宙棱镜★5": 1, "[57]月之胜利者★5": 1, "[73]死灵魔术★4": 1, "[89]柳洞寺★3": 1, "[91]爱之灵药★3": 1, "[175]理想的王圣★5": 1, "[184]柔软的慈爱★4": 1, "[243]Bronze-Link Manipulators★3": 1, "[244]四枝之浅滩★3": 2, "[333]许德拉匕首★3": 2, "[265]卡姆兰之战★3": 2, "[332]天之逆月★3": 2, "[418]固有结界★3": 1, "[420]谜之面具群★3": 2, "[581]手无寸铁慎二君★3": 2, "[585]幻想种★3": 1, "[674]神造兵器★3": 1, "[1270]庆祝回忆★5": 3, "[1271]头脑风暴★4": 4, "[1272]散状花★3": 4, "[1415]匮乏之人★3": 1, "[1458]魔道元帅★5": 1, "[1513]穗群原学园学生会长★3": 2, "[1610]枯れない花★3": 3}

编号[67cfeb411a9442d61e7d9e4dccec9415]
等级: 1
圣晶石: 2
圣晶片: 3
呼符: 0
金/银/铜/青苹果: 44/0/0/0
登陆天数: 20天 / 95天
从者: {"[7]盖乌斯·尤利乌斯·恺撒(Saber)★3": 2, "[72]弗格斯·马克·罗伊(Saber)★3": 1, "[121]兰斯洛特(Saber)★4": 1, "[9]吉尔·德·雷(Saber)★3": 1, "[63]大卫(Archer)★3": 3, "[105]比利小子(Archer)★3": 3, "[15]尤瑞艾莉(Archer)★3": 1, "[125]俵藤太(Archer)★3": 1, "[246]威廉·退尔(Archer)★3": 2, "[17]库·丘林(Lancer)★3": 3, "[71]迪尔姆德·奥迪那(Lancer)★3": 1, "[20]库·丘林〔Prototype〕(Lancer)★3": 1, "[22]罗穆路斯(Lancer)★3": 2, "[186]宝藏院胤舜(Lancer)★3": 2, "[64]赫克托耳(Lancer)★3": 3, "[214]瓦尔基里(Lancer)★4": 1, "[26]布狄卡(Rider)★3": 2, "[27]牛若丸(Rider)★3": 2, "[28]亚历山大(Rider)★3": 1, "[273]曼迪卡尔多(Rider)★3": 1, "[79]冯·霍恩海姆·帕拉塞尔苏斯(Caster)★3": 1, "[80]查尔斯·巴贝奇(Caster)★3": 2, "[120]尼托克丽丝(Caster)★4": 2, "[35]梅菲斯托费勒斯(Caster)★3": 1, "[104]杰罗尼莫(Caster)★3": 2, "[110]百貌哈桑(Assassin)★3": 3, "[81]亨利·杰基尔＆海德(Assassin)★3": 1, "[124]静谧哈桑(Assassin)★3": 1, "[42]匕见(Assassin)★3": 3, "[117]风魔小太郎(Assassin)★3": 3, "[55]大流士三世(Berserker)★3": 2, "[56]清姬(Berserker)★3": 1, "[1]玛修·基列莱特(Shielder)★3": 1, "[352]徐福(Alterego)★3": 2}
礼装: {"[56]指令咏唱★4": 1, "[73]死灵魔术★4": 1, "[74]觉醒的意志★4": 1, "[89]柳洞寺★3": 1, "[91]爱之灵药★3": 1, "[176]记录保持者★4": 1, "[184]柔软的慈爱★4": 1, "[186]情窦未开的千金★4": 3, "[188]觉醒之前★5": 1, "[243]Bronze-Link Manipulators★3": 1, "[333]许德拉匕首★3": 1, "[246]特辣麻婆豆腐★3": 1, "[264]援护射击★4": 2, "[265]卡姆兰之战★3": 1, "[332]天之逆月★3": 1, "[418]固有结界★3": 1, "[419]返老还童的灵药★3": 2, "[420]谜之面具群★3": 5, "[580]瓦砾的圣堂★3": 2, "[581]手无寸铁慎二君★3": 1, "[582]阿特拉斯院★3": 1, "[1270]庆祝回忆★5": 5, "[1271]头脑风暴★4": 10, "[1272]散状花★3": 21, "[1316]王者的气质★4": 1, "[1415]匮乏之人★3": 4, "[1513]穗群原学园学生会长★3": 3, "[1610]枯れない花★3": 3, "[1670]狩人の夢★4": 2}

编号[829f12ba69db4b5898b78b095964342c]
等级: 1
圣晶石: 151
圣晶片: 3
呼符: 50
金/银/铜/青苹果: 44/0/0/0
登陆天数: 20天 / 95天
从者: {"[63]大卫(Archer)★3": 1, "[15]尤瑞艾莉(Archer)★3": 1, "[125]俵藤太(Archer)★3": 2, "[325]芝诺比阿(Archer)★4": 1, "[71]迪尔姆德·奥迪那(Lancer)★3": 1, "[23]歌果(Rider)★3": 2, "[26]布狄卡(Rider)★3": 1, "[28]亚历山大(Rider)★3": 1, "[29]玛丽·安托瓦内特(Rider)★4": 1, "[273]曼迪卡尔多(Rider)★3": 1, "[79]冯·霍恩海姆·帕拉塞尔苏斯(Caster)★3": 1, "[80]查尔斯·巴贝奇(Caster)★3": 2, "[284]阿尔托莉雅·卡斯特(Caster)★5": 1, "[348]張角(Caster)★3": 1, "[81]亨利·杰基尔＆海德(Assassin)★3": 1, "[49]虎狼(Berserker)★3": 1, "[55]大流士三世(Berserker)★3": 1, "[56]清姬(Berserker)★3": 1, "[306]伽拉忒亚(Berserker)★5": 1, "[1]玛修·基列莱特(Shielder)★3": 1}
礼装: {"[26]宝石魔术·对影★4": 1, "[73]死灵魔术★4": 2, "[74]觉醒的意志★4": 1, "[333]许德拉匕首★3": 2, "[247]宝石剑泽尔里奇★3": 2, "[265]卡姆兰之战★3": 2, "[332]天之逆月★3": 1, "[418]固有结界★3": 1, "[420]谜之面具群★3": 1, "[580]瓦砾的圣堂★3": 2, "[581]手无寸铁慎二君★3": 1, "[582]阿特拉斯院★3": 1, "[585]幻想种★3": 1, "[691]噬魂★3": 1, "[774]最后的叙述者★4": 1, "[814]清扫者★4": 1, "[815]樱的特制便当★3": 2, "[1270]庆祝回忆★5": 5, "[1271]头脑风暴★4": 4, "[1272]散状花★3": 3, "[1411]重责者孤寂于此★5": 1, "[1413]虚数属性★4": 1, "[1485]冬之结晶★4": 1, "[1607]投影装填★4": 1, "[1609]代償魔術★4": 1, "[1610]枯れない花★3": 1}

编号[698d37217f8888d84d48117b7b4ccc73]
等级: 1
圣晶石: 323
圣晶片: 3
呼符: 34
金/银/铜/青苹果: 44/0/0/0
登陆天数: 20天 / 95天
从者: {"[7]盖乌斯·尤利乌斯·恺撒(Saber)★3": 1, "[13]罗宾汉(Archer)★3": 2, "[63]大卫(Archer)★3": 1, "[125]俵藤太(Archer)★3": 1, "[71]迪尔姆德·奥迪那(Lancer)★3": 1, "[20]库·丘林〔Prototype〕(Lancer)★3": 1, "[186]宝藏院胤舜(Lancer)★3": 1, "[64]赫克托耳(Lancer)★3": 2, "[94]阿斯托尔福(Rider)★4": 1, "[28]亚历山大(Rider)★3": 1, "[31]美狄亚(Caster)★3": 2, "[80]查尔斯·巴贝奇(Caster)★3": 1, "[35]梅菲斯托费勒斯(Caster)★3": 1, "[284]阿尔托莉雅·卡斯特(Caster)★5": 1, "[348]張角(Caster)★3": 2, "[110]百貌哈桑(Assassin)★3": 1, "[55]大流士三世(Berserker)★3": 1, "[56]清姬(Berserker)★3": 1, "[1]玛修·基列莱特(Shielder)★3": 1}
礼装: {"[56]指令咏唱★4": 1, "[247]宝石剑泽尔里奇★3": 2, "[418]固有结界★3": 1, "[419]返老还童的灵药★3": 1, "[580]瓦砾的圣堂★3": 1, "[582]阿特拉斯院★3": 1, "[691]噬魂★3": 1, "[1271]头脑风暴★4": 1, "[1272]散状花★3": 1, "[1413]虚数属性★4": 1}

编号[cff6e90d7670e0abaf1ba2328c352ecb]
等级: 1
圣晶石: 41
圣晶片: 3
呼符: 32
金/银/铜/青苹果: 44/0/0/0
登陆天数: 20天 / 95天
从者: {"[7]盖乌斯·尤利乌斯·恺撒(Saber)★3": 1, "[72]弗格斯·马克·罗伊(Saber)★3": 1, "[9]吉尔·德·雷(Saber)★3": 1, "[298]渡边纲(Saber)★4": 1, "[13]罗宾汉(Archer)★3": 1, "[63]大卫(Archer)★3": 1, "[105]比利小子(Archer)★3": 1, "[15]尤瑞艾莉(Archer)★3": 2, "[95]幼吉尔(Archer)★3": 3, "[246]威廉·退尔(Archer)★3": 1, "[17]库·丘林(Lancer)★3": 2, "[71]迪尔姆德·奥迪那(Lancer)★3": 1, "[20]库·丘林〔Prototype〕(Lancer)★3": 1, "[22]罗穆路斯(Lancer)★3": 2, "[186]宝藏院胤舜(Lancer)★3": 1, "[23]歌果(Rider)★3": 1, "[94]阿斯托尔福(Rider)★4": 1, "[26]布狄卡(Rider)★3": 1, "[27]牛若丸(Rider)★3": 2, "[273]曼迪卡尔多(Rider)★3": 1, "[31]美狄亚(Caster)★3": 2, "[35]梅菲斯托费勒斯(Caster)★3": 1, "[104]杰罗尼莫(Caster)★3": 1, "[203]阿维斯布隆(Caster)★3": 1, "[284]阿尔托莉雅·卡斯特(Caster)★5": 1, "[110]百貌哈桑(Assassin)★3": 1, "[81]亨利·杰基尔＆海德(Assassin)★3": 1, "[124]静谧哈桑(Assassin)★3": 1, "[42]匕见(Assassin)★3": 1, "[109]卫宫〔Assassin〕(Assassin)★4": 1, "[117]风魔小太郎(Assassin)★3": 1, "[159]燕青(Assassin)★4": 1, "[170]周照(Assassin)★4": 1, "[49]虎狼(Berserker)★3": 2, "[55]大流士三世(Berserker)★3": 2, "[56]清姬(Berserker)★3": 1, "[58]玉藻猫(Berserker)★4": 1, "[1]玛修·基列莱特(Shielder)★3": 1, "[352]徐福(Alterego)★3": 5, "[335]ヘファイスティオン(Pretender)★4": 1}
礼装: {"[26]宝石魔术·对影★4": 1, "[73]死灵魔术★4": 1, "[89]柳洞寺★3": 1, "[91]爱之灵药★3": 1, "[420]谜之面具群★3": 1, "[582]阿特拉斯院★3": 1, "[691]噬魂★3": 1, "[773]艳阳之下★5": 2, "[1270]庆祝回忆★5": 1, "[1271]头脑风暴★4": 5, "[1272]散状花★3": 17, "[1415]匮乏之人★3": 1, "[1512]庭园的守护者★4": 1, "[1513]穗群原学园学生会长★3": 1, "[1609]代償魔術★4": 1, "[1610]枯れない花★3": 4, "[1692]免許皆伝★4": 1}

编号[f7cff884cb5ee6a0376d96e1f4608641]
等级: 1
圣晶石: 92
圣晶片: 3
呼符: 0
金/银/铜/青苹果: 44/0/0/0
登陆天数: 20天 / 95天
从者: {"[72]弗格斯·马克·罗伊(Saber)★3": 2, "[298]渡边纲(Saber)★4": 1, "[11]卫宫(Archer)★4": 1, "[13]罗宾汉(Archer)★3": 1, "[63]大卫(Archer)★3": 3, "[105]比利小子(Archer)★3": 1, "[15]尤瑞艾莉(Archer)★3": 4, "[125]俵藤太(Archer)★3": 1, "[95]幼吉尔(Archer)★3": 1, "[246]威廉·退尔(Archer)★3": 1, "[325]芝诺比阿(Archer)★4": 1, "[17]库·丘林(Lancer)★3": 2, "[71]迪尔姆德·奥迪那(Lancer)★3": 3, "[18]伊丽莎白·巴托里(Lancer)★4": 1, "[20]库·丘林〔Prototype〕(Lancer)★3": 1, "[22]罗穆路斯(Lancer)★3": 3, "[64]赫克托耳(Lancer)★3": 3, "[26]布狄卡(Rider)★3": 1, "[27]牛若丸(Rider)★3": 2, "[28]亚历山大(Rider)★3": 2, "[273]曼迪卡尔多(Rider)★3": 1, "[31]美狄亚(Caster)★3": 1, "[79]冯·霍恩海姆·帕拉塞尔苏斯(Caster)★3": 1, "[80]查尔斯·巴贝奇(Caster)★3": 2, "[35]梅菲斯托费勒斯(Caster)★3": 2, "[104]杰罗尼莫(Caster)★3": 1, "[203]阿维斯布隆(Caster)★3": 1, "[284]阿尔托莉雅·卡斯特(Caster)★5": 1, "[348]張角(Caster)★3": 1, "[81]亨利·杰基尔＆海德(Assassin)★3": 2, "[117]风魔小太郎(Assassin)★3": 2, "[159]燕青(Assassin)★4": 1, "[49]虎狼(Berserker)★3": 3, "[55]大流士三世(Berserker)★3": 2, "[56]清姬(Berserker)★3": 2, "[1]玛修·基列莱特(Shielder)★3": 1, "[352]徐福(Alterego)★3": 3}
礼装: {"[22]原始咒术★4": 1, "[89]柳洞寺★3": 1, "[91]爱之灵药★3": 1, "[98]千年黄金树★4": 1, "[175]理想的王圣★5": 1, "[185]月灵髓液★5": 1, "[186]情窦未开的千金★4": 1, "[188]觉醒之前★5": 1, "[243]Bronze-Link Manipulators★3": 1, "[244]四枝之浅滩★3": 3, "[333]许德拉匕首★3": 3, "[246]特辣麻婆豆腐★3": 1, "[265]卡姆兰之战★3": 1, "[331]佛拉格拉克★3": 2, "[332]天之逆月★3": 2, "[401]私室警备员★4": 1, "[418]固有结界★3": 4, "[419]返老还童的灵药★3": 6, "[420]谜之面具群★3": 1, "[580]瓦砾的圣堂★3": 3, "[581]手无寸铁慎二君★3": 1, "[582]阿特拉斯院★3": 3, "[585]幻想种★3": 3, "[674]神造兵器★3": 1, "[691]噬魂★3": 1, "[815]樱的特制便当★3": 1, "[1016]狂舞曲★4": 2, "[1129]祈祷救济之人★5": 1, "[1270]庆祝回忆★5": 3, "[1271]头脑风暴★4": 10, "[1272]散状花★3": 13, "[1413]虚数属性★4": 2, "[1415]匮乏之人★3": 3, "[1485]冬之结晶★4": 1, "[1513]穗群原学园学生会长★3": 1, "[1577]告解の惑い場★4": 1, "[1610]枯れない花★3": 4}

编号[ba4b46f72860a256398e5a1726fdd3c1]
等级: 2
圣晶石: 274
圣晶片: 3
呼符: 50
金/银/铜/青苹果: 44/0/0/0
登陆天数: 20天 / 95天
从者: {"[13]罗宾汉(Archer)★3": 1, "[17]库·丘林(Lancer)★3": 1, "[27]牛若丸(Rider)★3": 1, "[332]多布雷尼亚·尼基季奇(Rider)★4": 1, "[104]杰罗尼莫(Caster)★3": 1, "[284]阿尔托莉雅·卡斯特(Caster)★5": 1, "[41]斯忒诺(Assassin)★4": 1, "[159]燕青(Assassin)★4": 1, "[49]虎狼(Berserker)★3": 1, "[89]贝奥武夫(Berserker)★4": 1, "[1]玛修·基列莱特(Shielder)★3": 1}
礼装: {"[243]Bronze-Link Manipulators★3": 1, "[585]幻想种★3": 2, "[1270]庆祝回忆★5": 1, "[1272]散状花★3": 1}

编号[8875f115b1e8e29daac27b35ef4b6e3f]
等级: 1
圣晶石: 109
圣晶片: 3
呼符: 50
金/银/铜/青苹果: 44/0/0/0
登陆天数: 20天 / 95天
从者: {"[7]盖乌斯·尤利乌斯·恺撒(Saber)★3": 3, "[245]拉克什米·芭伊(Saber)★4": 1, "[13]罗宾汉(Archer)★3": 4, "[63]大卫(Archer)★3": 3, "[60]俄里翁(Archer)★5": 1, "[105]比利小子(Archer)★3": 2, "[15]尤瑞艾莉(Archer)★3": 1, "[125]俵藤太(Archer)★3": 1, "[95]幼吉尔(Archer)★3": 1, "[246]威廉·退尔(Archer)★3": 1, "[71]迪尔姆德·奥迪那(Lancer)★3": 2, "[64]赫克托耳(Lancer)★3": 2, "[26]布狄卡(Rider)★3": 1, "[28]亚历山大(Rider)★3": 1, "[332]多布雷尼亚·尼基季奇(Rider)★4": 1, "[80]查尔斯·巴贝奇(Caster)★3": 2, "[35]梅菲斯托费勒斯(Caster)★3": 2, "[104]杰罗尼莫(Caster)★3": 1, "[284]阿尔托莉雅·卡斯特(Caster)★5": 1, "[81]亨利·杰基尔＆海德(Assassin)★3": 2, "[159]燕青(Assassin)★4": 1, "[170]周照(Assassin)★4": 1, "[49]虎狼(Berserker)★3": 3, "[55]大流士三世(Berserker)★3": 1, "[1]玛修·基列莱特(Shielder)★3": 1}
礼装: {"[26]宝石魔术·对影★4": 1, "[73]死灵魔术★4": 1, "[89]柳洞寺★3": 1, "[333]许德拉匕首★3": 2, "[247]宝石剑泽尔里奇★3": 1, "[265]卡姆兰之战★3": 1, "[331]佛拉格拉克★3": 1, "[332]天之逆月★3": 1, "[418]固有结界★3": 2, "[419]返老还童的灵药★3": 3, "[420]谜之面具群★3": 2, "[585]幻想种★3": 2, "[674]神造兵器★3": 1, "[1016]狂舞曲★4": 1, "[1270]庆祝回忆★5": 4, "[1271]头脑风暴★4": 1, "[1272]散状花★3": 2, "[1316]王者的气质★4": 2, "[1414]愿望之容器★4": 2, "[1415]匮乏之人★3": 3, "[1513]穗群原学园学生会长★3": 2, "[1608]悲願の継承★4": 1, "[1610]枯れない花★3": 3}

编号[2d54f2f4c541467174bcb2aa4dd98cf4]
等级: 1
圣晶石: 2
圣晶片: 3
呼符: 0
金/银/铜/青苹果: 44/0/0/0
登陆天数: 20天 / 95天
从者: {"[7]盖乌斯·尤利乌斯·恺撒(Saber)★3": 1, "[72]弗格斯·马克·罗伊(Saber)★3": 1, "[9]吉尔·德·雷(Saber)★3": 1, "[245]拉克什米·芭伊(Saber)★4": 1, "[298]渡边纲(Saber)★4": 1, "[13]罗宾汉(Archer)★3": 1, "[63]大卫(Archer)★3": 1, "[105]比利小子(Archer)★3": 2, "[15]尤瑞艾莉(Archer)★3": 1, "[125]俵藤太(Archer)★3": 2, "[95]幼吉尔(Archer)★3": 2, "[246]威廉·退尔(Archer)★3": 2, "[71]迪尔姆德·奥迪那(Lancer)★3": 1, "[22]罗穆路斯(Lancer)★3": 2, "[186]宝藏院胤舜(Lancer)★3": 2, "[64]赫克托耳(Lancer)★3": 2, "[23]歌果(Rider)★3": 1, "[27]牛若丸(Rider)★3": 3, "[28]亚历山大(Rider)★3": 4, "[273]曼迪卡尔多(Rider)★3": 1, "[31]美狄亚(Caster)★3": 1, "[79]冯·霍恩海姆·帕拉塞尔苏斯(Caster)★3": 2, "[80]查尔斯·巴贝奇(Caster)★3": 2, "[120]尼托克丽丝(Caster)★4": 1, "[104]杰罗尼莫(Caster)★3": 1, "[100]海伦娜·布拉瓦茨基(Caster)★4": 1, "[203]阿维斯布隆(Caster)★3": 1, "[348]張角(Caster)★3": 4, "[110]百貌哈桑(Assassin)★3": 3, "[81]亨利·杰基尔＆海德(Assassin)★3": 1, "[124]静谧哈桑(Assassin)★3": 2, "[41]斯忒诺(Assassin)★4": 1, "[42]匕见(Assassin)★3": 2, "[117]风魔小太郎(Assassin)★3": 2, "[159]燕青(Assassin)★4": 1, "[48]兰斯洛特(Berserker)★4": 1, "[49]虎狼(Berserker)★3": 3, "[55]大流士三世(Berserker)★3": 1, "[56]清姬(Berserker)★3": 1, "[1]玛修·基列莱特(Shielder)★3": 1, "[352]徐福(Alterego)★3": 3, "[335]ヘファイスティオン(Pretender)★4": 1}
礼装: {"[21]钢之锻炼★4": 2, "[91]爱之灵药★3": 1, "[182]毒蛇一艺★4": 1, "[186]情窦未开的千金★4": 1, "[243]Bronze-Link Manipulators★3": 2, "[333]许德拉匕首★3": 3, "[246]特辣麻婆豆腐★3": 1, "[247]宝石剑泽尔里奇★3": 1, "[264]援护射击★4": 1, "[265]卡姆兰之战★3": 2, "[331]佛拉格拉克★3": 3, "[418]固有结界★3": 3, "[419]返老还童的灵药★3": 1, "[420]谜之面具群★3": 4, "[580]瓦砾的圣堂★3": 2, "[581]手无寸铁慎二君★3": 1, "[585]幻想种★3": 1, "[813]阿特拉斯的婴儿★5": 1, "[815]樱的特制便当★3": 4, "[1016]狂舞曲★4": 1, "[1270]庆祝回忆★5": 7, "[1271]头脑风暴★4": 6, "[1272]散状花★3": 8, "[1413]虚数属性★4": 1, "[1414]愿望之容器★4": 1, "[1415]匮乏之人★3": 2, "[1513]穗群原学园学生会长★3": 3, "[1607]投影装填★4": 2, "[1609]代償魔術★4": 1, "[1692]免許皆伝★4": 1}

编号[6b79bd9a1bf6cf0299cdeb577640cc60]
等级: 1
圣晶石: 7
圣晶片: 3
呼符: 50
金/银/铜/青苹果: 44/0/0/0
登陆天数: 20天 / 95天
从者: {"[7]盖乌斯·尤利乌斯·恺撒(Saber)★3": 1, "[11]卫宫(Archer)★4": 1, "[13]罗宾汉(Archer)★3": 3, "[125]俵藤太(Archer)★3": 2, "[95]幼吉尔(Archer)★3": 1, "[246]威廉·退尔(Archer)★3": 1, "[71]迪尔姆德·奥迪那(Lancer)★3": 1, "[22]罗穆路斯(Lancer)★3": 2, "[186]宝藏院胤舜(Lancer)★3": 2, "[64]赫克托耳(Lancer)★3": 2, "[183]帕尔瓦蒂(Lancer)★4": 1, "[193]莲偶(Lancer)★4": 1, "[23]歌果(Rider)★3": 2, "[26]布狄卡(Rider)★3": 3, "[27]牛若丸(Rider)★3": 1, "[28]亚历山大(Rider)★3": 1, "[273]曼迪卡尔多(Rider)★3": 1, "[79]冯·霍恩海姆·帕拉塞尔苏斯(Caster)★3": 2, "[80]查尔斯·巴贝奇(Caster)★3": 3, "[35]梅菲斯托费勒斯(Caster)★3": 2, "[104]杰罗尼莫(Caster)★3": 2, "[192]喀耳刻(Caster)★4": 1, "[284]阿尔托莉雅·卡斯特(Caster)★5": 1, "[348]張角(Caster)★3": 3, "[110]百貌哈桑(Assassin)★3": 1, "[81]亨利·杰基尔＆海德(Assassin)★3": 2, "[124]静谧哈桑(Assassin)★3": 1, "[117]风魔小太郎(Assassin)★3": 1, "[49]虎狼(Berserker)★3": 2, "[56]清姬(Berserker)★3": 3, "[1]玛修·基列莱特(Shielder)★3": 1, "[242]阿斯特赖亚(Ruler)★4": 1, "[352]徐福(Alterego)★3": 2}
礼装: {"[33]限制/零毁★5": 1, "[56]指令咏唱★4": 1, "[89]柳洞寺★3": 3, "[91]爱之灵药★3": 1, "[93]阿兰若★3": 2, "[176]记录保持者★4": 1, "[243]Bronze-Link Manipulators★3": 2, "[244]四枝之浅滩★3": 2, "[333]许德拉匕首★3": 2, "[247]宝石剑泽尔里奇★3": 3, "[265]卡姆兰之战★3": 1, "[331]佛拉格拉克★3": 3, "[332]天之逆月★3": 1, "[418]固有结界★3": 2, "[419]返老还童的灵药★3": 4, "[420]谜之面具群★3": 1, "[580]瓦砾的圣堂★3": 1, "[581]手无寸铁慎二君★3": 1, "[585]幻想种★3": 4, "[674]神造兵器★3": 2, "[691]噬魂★3": 1, "[1130]野心的嚆矢★4": 1, "[1207]黑魔术★5": 1, "[1270]庆祝回忆★5": 3, "[1271]头脑风暴★4": 3, "[1272]散状花★3": 8, "[1413]虚数属性★4": 1, "[1415]匮乏之人★3": 1, "[1511]冬之圣女★5": 1, "[1512]庭园的守护者★4": 1, "[1513]穗群原学园学生会长★3": 1, "[1692]免許皆伝★4": 1}

