编号[f99f4493b1f91eff5ee5d169af13066a]
等级: 1
圣晶石: 51
圣晶片: 3
呼符: 50
金/银/铜/青苹果: 43/0/0/0
登陆天数: 3天 / 98天
从者: {"[72]弗格斯·马克·罗伊(Saber)★3": 1, "[9]吉尔·德·雷(Saber)★3": 3, "[298]渡边纲(Saber)★4": 1, "[13]罗宾汉(Archer)★3": 1, "[14]阿塔兰忒(Archer)★4": 1, "[63]大卫(Archer)★3": 2, "[105]比利小子(Archer)★3": 3, "[15]尤瑞艾莉(Archer)★3": 3, "[125]俵藤太(Archer)★3": 1, "[95]幼吉尔(Archer)★3": 1, "[246]威廉·退尔(Archer)★3": 1, "[17]库·丘林(Lancer)★3": 2, "[71]迪尔姆德·奥迪那(Lancer)★3": 2, "[186]宝藏院胤舜(Lancer)★3": 1, "[183]帕尔瓦蒂(Lancer)★4": 1, "[23]歌果(Rider)★3": 1, "[26]布狄卡(Rider)★3": 1, "[28]亚历山大(Rider)★3": 3, "[29]玛丽·安托瓦内特(Rider)★4": 1, "[273]曼迪卡尔多(Rider)★3": 2, "[31]美狄亚(Caster)★3": 1, "[79]冯·霍恩海姆·帕拉塞尔苏斯(Caster)★3": 3, "[192]喀耳刻(Caster)★4": 1, "[284]阿尔托莉雅·卡斯特(Caster)★5": 1, "[81]亨利·杰基尔＆海德(Assassin)★3": 1, "[124]静谧哈桑(Assassin)★3": 1, "[47]赫拉克勒斯(Berserker)★4": 1, "[49]虎狼(Berserker)★3": 2, "[55]大流士三世(Berserker)★3": 1, "[1]玛修·基列莱特(Shielder)★3": 1, "[352]徐福(Alterego)★3": 1}
礼装: {"[26]宝石魔术·对影★4": 1, "[37]芦苇海★3": 1, "[91]爱之灵药★3": 3, "[184]柔软的慈爱★4": 1, "[244]四枝之浅滩★3": 1, "[333]许德拉匕首★3": 2, "[247]宝石剑泽尔里奇★3": 2, "[265]卡姆兰之战★3": 1, "[332]天之逆月★3": 2, "[418]固有结界★3": 1, "[420]谜之面具群★3": 1, "[580]瓦砾的圣堂★3": 2, "[581]手无寸铁慎二君★3": 1, "[582]阿特拉斯院★3": 1, "[585]幻想种★3": 1, "[674]神造兵器★3": 1, "[691]噬魂★3": 2, "[815]樱的特制便当★3": 2, "[1207]黑魔术★5": 1, "[1270]庆祝回忆★5": 4, "[1271]头脑风暴★4": 2, "[1272]散状花★3": 10, "[1316]王者的气质★4": 1, "[1415]匮乏之人★3": 1, "[1485]冬之结晶★4": 1, "[1512]庭园的守护者★4": 1, "[1513]穗群原学园学生会长★3": 2, "[1576]華の楽土★4": 1, "[1610]枯れない花★3": 1, "[1692]免許皆伝★4": 1}

编号[76471e3cffb3b99d8b95b51b9bb0f723]
等级: 1
圣晶石: 1
圣晶片: 3
呼符: 0
金/银/铜/青苹果: 44/0/0/0
登陆天数: 3天 / 98天
从者: {"[72]弗格斯·马克·罗伊(Saber)★3": 2, "[9]吉尔·德·雷(Saber)★3": 2, "[14]阿塔兰忒(Archer)★4": 1, "[105]比利小子(Archer)★3": 1, "[15]尤瑞艾莉(Archer)★3": 2, "[125]俵藤太(Archer)★3": 1, "[95]幼吉尔(Archer)★3": 5, "[246]威廉·退尔(Archer)★3": 1, "[17]库·丘林(Lancer)★3": 3, "[71]迪尔姆德·奥迪那(Lancer)★3": 1, "[20]库·丘林〔Prototype〕(Lancer)★3": 1, "[22]罗穆路斯(Lancer)★3": 2, "[186]宝藏院胤舜(Lancer)★3": 2, "[64]赫克托耳(Lancer)★3": 3, "[193]莲偶(Lancer)★4": 1, "[23]歌果(Rider)★3": 2, "[26]布狄卡(Rider)★3": 1, "[27]牛若丸(Rider)★3": 1, "[28]亚历山大(Rider)★3": 1, "[273]曼迪卡尔多(Rider)★3": 2, "[331]太公望(Rider)★5": 1, "[31]美狄亚(Caster)★3": 2, "[79]冯·霍恩海姆·帕拉塞尔苏斯(Caster)★3": 2, "[80]查尔斯·巴贝奇(Caster)★3": 1, "[120]尼托克丽丝(Caster)★4": 1, "[35]梅菲斯托费勒斯(Caster)★3": 3, "[104]杰罗尼莫(Caster)★3": 1, "[192]喀耳刻(Caster)★4": 1, "[201]阿纳斯塔西娅(Caster)★5": 1, "[203]阿维斯布隆(Caster)★3": 2, "[348]張角(Caster)★3": 3, "[110]百貌哈桑(Assassin)★3": 1, "[81]亨利·杰基尔＆海德(Assassin)★3": 1, "[124]静谧哈桑(Assassin)★3": 3, "[41]斯忒诺(Assassin)★4": 1, "[42]匕见(Assassin)★3": 1, "[117]风魔小太郎(Assassin)★3": 1, "[48]兰斯洛特(Berserker)★4": 1, "[49]虎狼(Berserker)★3": 5, "[55]大流士三世(Berserker)★3": 4, "[56]清姬(Berserker)★3": 2, "[1]玛修·基列莱特(Shielder)★3": 1, "[352]徐福(Alterego)★3": 4}
礼装: {"[21]钢之锻炼★4": 1, "[26]宝石魔术·对影★4": 1, "[28]虚数魔术★4": 1, "[56]指令咏唱★4": 1, "[74]觉醒的意志★4": 1, "[98]千年黄金树★4": 2, "[243]Bronze-Link Manipulators★3": 2, "[244]四枝之浅滩★3": 3, "[333]许德拉匕首★3": 2, "[331]佛拉格拉克★3": 2, "[401]私室警备员★4": 3, "[418]固有结界★3": 1, "[420]谜之面具群★3": 1, "[581]手无寸铁慎二君★3": 1, "[582]阿特拉斯院★3": 1, "[585]幻想种★3": 1, "[773]艳阳之下★5": 1, "[774]最后的叙述者★4": 1, "[1015]黄昏的王圣★5": 1, "[1270]庆祝回忆★5": 2, "[1271]头脑风暴★4": 8, "[1272]散状花★3": 17, "[1415]匮乏之人★3": 2, "[1485]冬之结晶★4": 1, "[1513]穗群原学园学生会长★3": 1, "[1576]華の楽土★4": 1, "[1607]投影装填★4": 3, "[1610]枯れない花★3": 7, "[1691]逆堕つ泥雨★5": 1}

编号[2fb4f6adcc5af7e8a0a04f9953dac501]
等级: 1
圣晶石: 142
圣晶片: 3
呼符: 0
金/银/铜/青苹果: 44/0/0/0
登陆天数: 3天 / 98天
从者: {"[7]盖乌斯·尤利乌斯·恺撒(Saber)★3": 1, "[72]弗格斯·马克·罗伊(Saber)★3": 4, "[9]吉尔·德·雷(Saber)★3": 1, "[13]罗宾汉(Archer)★3": 2, "[63]大卫(Archer)★3": 2, "[105]比利小子(Archer)★3": 2, "[125]俵藤太(Archer)★3": 1, "[95]幼吉尔(Archer)★3": 2, "[246]威廉·退尔(Archer)★3": 2, "[18]伊丽莎白·巴托里(Lancer)★4": 1, "[20]库·丘林〔Prototype〕(Lancer)★3": 1, "[22]罗穆路斯(Lancer)★3": 1, "[186]宝藏院胤舜(Lancer)★3": 1, "[64]赫克托耳(Lancer)★3": 1, "[23]歌果(Rider)★3": 1, "[27]牛若丸(Rider)★3": 1, "[28]亚历山大(Rider)★3": 1, "[31]美狄亚(Caster)★3": 1, "[79]冯·霍恩海姆·帕拉塞尔苏斯(Caster)★3": 1, "[80]查尔斯·巴贝奇(Caster)★3": 1, "[35]梅菲斯托费勒斯(Caster)★3": 1, "[104]杰罗尼莫(Caster)★3": 2, "[203]阿维斯布隆(Caster)★3": 1, "[284]阿尔托莉雅·卡斯特(Caster)★5": 1, "[348]張角(Caster)★3": 3, "[110]百貌哈桑(Assassin)★3": 1, "[81]亨利·杰基尔＆海德(Assassin)★3": 1, "[42]匕见(Assassin)★3": 1, "[49]虎狼(Berserker)★3": 5, "[55]大流士三世(Berserker)★3": 2, "[56]清姬(Berserker)★3": 1, "[171]彭忒西勒亚(Berserker)★4": 1, "[1]玛修·基列莱特(Shielder)★3": 1}
礼装: {"[32]虚数环★5": 1, "[56]指令咏唱★4": 1, "[73]死灵魔术★4": 1, "[91]爱之灵药★3": 1, "[243]Bronze-Link Manipulators★3": 1, "[244]四枝之浅滩★3": 3, "[247]宝石剑泽尔里奇★3": 1, "[331]佛拉格拉克★3": 1, "[419]返老还童的灵药★3": 1, "[420]谜之面具群★3": 3, "[581]手无寸铁慎二君★3": 2, "[582]阿特拉斯院★3": 1, "[585]幻想种★3": 2, "[1130]野心的嚆矢★4": 1, "[1270]庆祝回忆★5": 2, "[1271]头脑风暴★4": 5, "[1272]散状花★3": 8, "[1415]匮乏之人★3": 1, "[1576]華の楽土★4": 1, "[1608]悲願の継承★4": 1, "[1610]枯れない花★3": 4}

编号[6d3129f61c0551d694bb679686543d94]
等级: 1
圣晶石: 72
圣晶片: 3
呼符: 50
金/银/铜/青苹果: 43/0/0/0
登陆天数: 3天 / 98天
从者: {"[7]盖乌斯·尤利乌斯·恺撒(Saber)★3": 2, "[72]弗格斯·马克·罗伊(Saber)★3": 1, "[298]渡边纲(Saber)★4": 1, "[13]罗宾汉(Archer)★3": 2, "[15]尤瑞艾莉(Archer)★3": 1, "[95]幼吉尔(Archer)★3": 1, "[246]威廉·退尔(Archer)★3": 1, "[17]库·丘林(Lancer)★3": 1, "[71]迪尔姆德·奥迪那(Lancer)★3": 1, "[22]罗穆路斯(Lancer)★3": 2, "[23]歌果(Rider)★3": 1, "[94]阿斯托尔福(Rider)★4": 1, "[26]布狄卡(Rider)★3": 1, "[118]奥斯曼狄斯(Rider)★5": 1, "[27]牛若丸(Rider)★3": 2, "[28]亚历山大(Rider)★3": 1, "[273]曼迪卡尔多(Rider)★3": 1, "[79]冯·霍恩海姆·帕拉塞尔苏斯(Caster)★3": 1, "[80]查尔斯·巴贝奇(Caster)★3": 1, "[35]梅菲斯托费勒斯(Caster)★3": 2, "[104]杰罗尼莫(Caster)★3": 1, "[192]喀耳刻(Caster)★4": 1, "[284]阿尔托莉雅·卡斯特(Caster)★5": 1, "[124]静谧哈桑(Assassin)★3": 1, "[42]匕见(Assassin)★3": 3, "[117]风魔小太郎(Assassin)★3": 1, "[48]兰斯洛特(Berserker)★4": 1, "[55]大流士三世(Berserker)★3": 1, "[56]清姬(Berserker)★3": 1, "[58]玉藻猫(Berserker)★4": 1, "[1]玛修·基列莱特(Shielder)★3": 1, "[352]徐福(Alterego)★3": 1}
礼装: {"[26]宝石魔术·对影★4": 1, "[39]抹大拉的圣骸布★4": 1, "[89]柳洞寺★3": 2, "[91]爱之灵药★3": 2, "[184]柔软的慈爱★4": 1, "[244]四枝之浅滩★3": 3, "[333]许德拉匕首★3": 3, "[246]特辣麻婆豆腐★3": 1, "[247]宝石剑泽尔里奇★3": 1, "[263]起源弹★5": 1, "[264]援护射击★4": 1, "[265]卡姆兰之战★3": 2, "[331]佛拉格拉克★3": 3, "[419]返老还童的灵药★3": 2, "[420]谜之面具群★3": 2, "[581]手无寸铁慎二君★3": 1, "[585]幻想种★3": 2, "[691]噬魂★3": 2, "[815]樱的特制便当★3": 3, "[1270]庆祝回忆★5": 4, "[1271]头脑风暴★4": 3, "[1272]散状花★3": 7, "[1415]匮乏之人★3": 2, "[1513]穗群原学园学生会长★3": 3, "[1610]枯れない花★3": 1, "[1670]狩人の夢★4": 1}

编号[c6879613afeb0ad575b7db81626efdbf]
等级: 1
圣晶石: 13
圣晶片: 3
呼符: 0
金/银/铜/青苹果: 44/0/0/0
登陆天数: 3天 / 98天
从者: {"[7]盖乌斯·尤利乌斯·恺撒(Saber)★3": 1, "[72]弗格斯·马克·罗伊(Saber)★3": 1, "[9]吉尔·德·雷(Saber)★3": 1, "[245]拉克什米·芭伊(Saber)★4": 1, "[298]渡边纲(Saber)★4": 1, "[13]罗宾汉(Archer)★3": 2, "[63]大卫(Archer)★3": 1, "[105]比利小子(Archer)★3": 2, "[15]尤瑞艾莉(Archer)★3": 1, "[125]俵藤太(Archer)★3": 2, "[95]幼吉尔(Archer)★3": 2, "[246]威廉·退尔(Archer)★3": 2, "[17]库·丘林(Lancer)★3": 2, "[71]迪尔姆德·奥迪那(Lancer)★3": 2, "[140]弗拉德三世〔EXTRA〕(Lancer)★4": 1, "[20]库·丘林〔Prototype〕(Lancer)★3": 1, "[22]罗穆路斯(Lancer)★3": 5, "[186]宝藏院胤舜(Lancer)★3": 1, "[64]赫克托耳(Lancer)★3": 2, "[23]歌果(Rider)★3": 2, "[26]布狄卡(Rider)★3": 2, "[27]牛若丸(Rider)★3": 1, "[28]亚历山大(Rider)★3": 3, "[273]曼迪卡尔多(Rider)★3": 1, "[31]美狄亚(Caster)★3": 1, "[79]冯·霍恩海姆·帕拉塞尔苏斯(Caster)★3": 1, "[80]查尔斯·巴贝奇(Caster)★3": 1, "[120]尼托克丽丝(Caster)★4": 1, "[35]梅菲斯托费勒斯(Caster)★3": 2, "[104]杰罗尼莫(Caster)★3": 2, "[203]阿维斯布隆(Caster)★3": 3, "[284]阿尔托莉雅·卡斯特(Caster)★5": 1, "[348]張角(Caster)★3": 4, "[110]百貌哈桑(Assassin)★3": 1, "[81]亨利·杰基尔＆海德(Assassin)★3": 2, "[124]静谧哈桑(Assassin)★3": 1, "[41]斯忒诺(Assassin)★4": 1, "[42]匕见(Assassin)★3": 2, "[49]虎狼(Berserker)★3": 2, "[55]大流士三世(Berserker)★3": 2, "[56]清姬(Berserker)★3": 2, "[1]玛修·基列莱特(Shielder)★3": 1, "[352]徐福(Alterego)★3": 3}
礼装: {"[22]原始咒术★4": 1, "[28]虚数魔术★4": 1, "[74]觉醒的意志★4": 1, "[89]柳洞寺★3": 1, "[175]理想的王圣★5": 1, "[186]情窦未开的千金★4": 1, "[243]Bronze-Link Manipulators★3": 4, "[244]四枝之浅滩★3": 1, "[333]许德拉匕首★3": 1, "[265]卡姆兰之战★3": 2, "[419]返老还童的灵药★3": 1, "[420]谜之面具群★3": 2, "[580]瓦砾的圣堂★3": 1, "[581]手无寸铁慎二君★3": 2, "[691]噬魂★3": 1, "[815]樱的特制便当★3": 1, "[913]远方的前路★4": 1, "[1208]韵律诗节★4": 1, "[1270]庆祝回忆★5": 4, "[1271]头脑风暴★4": 8, "[1272]散状花★3": 11, "[1316]王者的气质★4": 2, "[1412]宝石的魔弹★4": 1, "[1414]愿望之容器★4": 5, "[1415]匮乏之人★3": 3, "[1513]穗群原学园学生会长★3": 4, "[1577]告解の惑い場★4": 1, "[1610]枯れない花★3": 3, "[1670]狩人の夢★4": 1}

编号[ffefcf2eb75128c200e74270c7aa0a83]
等级: 1
圣晶石: 1
圣晶片: 3
呼符: 0
金/银/铜/青苹果: 44/0/0/0
登陆天数: 3天 / 98天
从者: {"[7]盖乌斯·尤利乌斯·恺撒(Saber)★3": 2, "[72]弗格斯·马克·罗伊(Saber)★3": 2, "[9]吉尔·德·雷(Saber)★3": 2, "[344]ローラン(Saber)★4": 1, "[13]罗宾汉(Archer)★3": 1, "[63]大卫(Archer)★3": 1, "[105]比利小子(Archer)★3": 2, "[15]尤瑞艾莉(Archer)★3": 1, "[125]俵藤太(Archer)★3": 3, "[207]喀戎(Archer)★4": 2, "[246]威廉·退尔(Archer)★3": 1, "[17]库·丘林(Lancer)★3": 1, "[71]迪尔姆德·奥迪那(Lancer)★3": 1, "[18]伊丽莎白·巴托里(Lancer)★4": 1, "[20]库·丘林〔Prototype〕(Lancer)★3": 1, "[22]罗穆路斯(Lancer)★3": 1, "[186]宝藏院胤舜(Lancer)★3": 2, "[64]赫克托耳(Lancer)★3": 1, "[26]布狄卡(Rider)★3": 2, "[27]牛若丸(Rider)★3": 1, "[28]亚历山大(Rider)★3": 3, "[273]曼迪卡尔多(Rider)★3": 2, "[31]美狄亚(Caster)★3": 2, "[79]冯·霍恩海姆·帕拉塞尔苏斯(Caster)★3": 1, "[80]查尔斯·巴贝奇(Caster)★3": 1, "[35]梅菲斯托费勒斯(Caster)★3": 2, "[104]杰罗尼莫(Caster)★3": 1, "[203]阿维斯布隆(Caster)★3": 2, "[348]張角(Caster)★3": 1, "[110]百貌哈桑(Assassin)★3": 2, "[81]亨利·杰基尔＆海德(Assassin)★3": 1, "[124]静谧哈桑(Assassin)★3": 2, "[42]匕见(Assassin)★3": 1, "[117]风魔小太郎(Assassin)★3": 1, "[49]虎狼(Berserker)★3": 3, "[55]大流士三世(Berserker)★3": 2, "[56]清姬(Berserker)★3": 1, "[1]玛修·基列莱特(Shielder)★3": 1, "[242]阿斯特赖亚(Ruler)★4": 1, "[352]徐福(Alterego)★3": 3}
礼装: {"[21]钢之锻炼★4": 1, "[26]宝石魔术·对影★4": 1, "[32]虚数环★5": 1, "[89]柳洞寺★3": 1, "[185]月灵髓液★5": 1, "[243]Bronze-Link Manipulators★3": 2, "[244]四枝之浅滩★3": 1, "[247]宝石剑泽尔里奇★3": 2, "[265]卡姆兰之战★3": 1, "[331]佛拉格拉克★3": 1, "[332]天之逆月★3": 1, "[418]固有结界★3": 3, "[420]谜之面具群★3": 5, "[580]瓦砾的圣堂★3": 2, "[585]幻想种★3": 2, "[674]神造兵器★3": 1, "[774]最后的叙述者★4": 1, "[814]清扫者★4": 2, "[913]远方的前路★4": 1, "[1207]黑魔术★5": 1, "[1208]韵律诗节★4": 1, "[1270]庆祝回忆★5": 8, "[1271]头脑风暴★4": 5, "[1272]散状花★3": 17, "[1412]宝石的魔弹★4": 2, "[1413]虚数属性★4": 1, "[1415]匮乏之人★3": 3, "[1485]冬之结晶★4": 2, "[1511]冬之圣女★5": 1, "[1513]穗群原学园学生会长★3": 3, "[1577]告解の惑い場★4": 1, "[1607]投影装填★4": 1, "[1609]代償魔術★4": 1, "[1610]枯れない花★3": 5, "[1670]狩人の夢★4": 1}

编号[3055b3b6866e0e31b3faa187b87a152c]
等级: 1
圣晶石: 120
圣晶片: 3
呼符: 50
金/银/铜/青苹果: 43/0/0/0
登陆天数: 3天 / 98天
从者: {"[72]弗格斯·马克·罗伊(Saber)★3": 1, "[298]渡边纲(Saber)★4": 1, "[13]罗宾汉(Archer)★3": 2, "[63]大卫(Archer)★3": 2, "[125]俵藤太(Archer)★3": 1, "[95]幼吉尔(Archer)★3": 2, "[22]罗穆路斯(Lancer)★3": 1, "[146]美杜莎(Lancer)★4": 1, "[23]歌果(Rider)★3": 2, "[26]布狄卡(Rider)★3": 3, "[27]牛若丸(Rider)★3": 1, "[332]多布雷尼亚·尼基季奇(Rider)★4": 1, "[366]黄飛虎(Rider)★4": 1, "[79]冯·霍恩海姆·帕拉塞尔苏斯(Caster)★3": 2, "[80]查尔斯·巴贝奇(Caster)★3": 1, "[104]杰罗尼莫(Caster)★3": 1, "[284]阿尔托莉雅·卡斯特(Caster)★5": 1, "[124]静谧哈桑(Assassin)★3": 2, "[42]匕见(Assassin)★3": 2, "[117]风魔小太郎(Assassin)★3": 2, "[159]燕青(Assassin)★4": 1, "[49]虎狼(Berserker)★3": 1, "[55]大流士三世(Berserker)★3": 1, "[56]清姬(Berserker)★3": 1, "[1]玛修·基列莱特(Shielder)★3": 1, "[352]徐福(Alterego)★3": 1}
礼装: {"[24]Gandr★4": 1, "[31]元素转换★5": 1, "[91]爱之灵药★3": 3, "[243]Bronze-Link Manipulators★3": 1, "[244]四枝之浅滩★3": 1, "[247]宝石剑泽尔里奇★3": 2, "[265]卡姆兰之战★3": 1, "[331]佛拉格拉克★3": 2, "[332]天之逆月★3": 1, "[400]天堂之孔★5": 1, "[419]返老还童的灵药★3": 1, "[420]谜之面具群★3": 1, "[580]瓦砾的圣堂★3": 1, "[674]神造兵器★3": 1, "[1271]头脑风暴★4": 7, "[1272]散状花★3": 6, "[1316]王者的气质★4": 1, "[1415]匮乏之人★3": 1, "[1458]魔道元帅★5": 1, "[1511]冬之圣女★5": 1, "[1513]穗群原学园学生会长★3": 1, "[1606]五大元素使い★5": 1, "[1608]悲願の継承★4": 2}

编号[68bbeacb39758b259c5c44ebaa1e8ad3]
等级: 2
圣晶石: 273
圣晶片: 3
呼符: 50
金/银/铜/青苹果: 43/0/0/0
登陆天数: 3天 / 98天
从者: {"[15]尤瑞艾莉(Archer)★3": 1, "[325]芝诺比阿(Archer)★4": 1, "[18]伊丽莎白·巴托里(Lancer)★4": 1, "[20]库·丘林〔Prototype〕(Lancer)★3": 1, "[23]歌果(Rider)★3": 1, "[26]布狄卡(Rider)★3": 1, "[79]冯·霍恩海姆·帕拉塞尔苏斯(Caster)★3": 1, "[284]阿尔托莉雅·卡斯特(Caster)★5": 1, "[81]亨利·杰基尔＆海德(Assassin)★3": 1, "[117]风魔小太郎(Assassin)★3": 2, "[49]虎狼(Berserker)★3": 2, "[55]大流士三世(Berserker)★3": 1, "[1]玛修·基列莱特(Shielder)★3": 1}
礼装: {"[42]Mooncell Automaton★3": 2, "[93]阿兰若★3": 1, "[420]谜之面具群★3": 1, "[1513]穗群原学园学生会长★3": 1}

编号[4df1ac679b14b5aa9ac33cb08da56358]
等级: 1
圣晶石: 40
圣晶片: 3
呼符: 12
金/银/铜/青苹果: 44/0/0/0
登陆天数: 3天 / 98天
从者: {"[7]盖乌斯·尤利乌斯·恺撒(Saber)★3": 1, "[72]弗格斯·马克·罗伊(Saber)★3": 1, "[9]吉尔·德·雷(Saber)★3": 1, "[223]迪尔姆德·奥迪那(Saber)★4": 1, "[245]拉克什米·芭伊(Saber)★4": 2, "[13]罗宾汉(Archer)★3": 1, "[14]阿塔兰忒(Archer)★4": 1, "[63]大卫(Archer)★3": 1, "[105]比利小子(Archer)★3": 2, "[15]尤瑞艾莉(Archer)★3": 2, "[95]幼吉尔(Archer)★3": 1, "[246]威廉·退尔(Archer)★3": 2, "[17]库·丘林(Lancer)★3": 1, "[71]迪尔姆德·奥迪那(Lancer)★3": 1, "[20]库·丘林〔Prototype〕(Lancer)★3": 1, "[186]宝藏院胤舜(Lancer)★3": 1, "[64]赫克托耳(Lancer)★3": 2, "[94]阿斯托尔福(Rider)★4": 1, "[26]布狄卡(Rider)★3": 1, "[27]牛若丸(Rider)★3": 2, "[28]亚历山大(Rider)★3": 1, "[273]曼迪卡尔多(Rider)★3": 1, "[31]美狄亚(Caster)★3": 1, "[79]冯·霍恩海姆·帕拉塞尔苏斯(Caster)★3": 2, "[80]查尔斯·巴贝奇(Caster)★3": 1, "[35]梅菲斯托费勒斯(Caster)★3": 1, "[104]杰罗尼莫(Caster)★3": 3, "[145]吉尔伽美什(Caster)★4": 1, "[100]海伦娜·布拉瓦茨基(Caster)★4": 1, "[203]阿维斯布隆(Caster)★3": 1, "[284]阿尔托莉雅·卡斯特(Caster)★5": 1, "[348]張角(Caster)★3": 2, "[110]百貌哈桑(Assassin)★3": 2, "[81]亨利·杰基尔＆海德(Assassin)★3": 1, "[124]静谧哈桑(Assassin)★3": 1, "[41]斯忒诺(Assassin)★4": 1, "[42]匕见(Assassin)★3": 2, "[117]风魔小太郎(Assassin)★3": 1, "[49]虎狼(Berserker)★3": 4, "[55]大流士三世(Berserker)★3": 1, "[56]清姬(Berserker)★3": 1, "[1]玛修·基列莱特(Shielder)★3": 1, "[352]徐福(Alterego)★3": 1}
礼装: {"[33]限制/零毁★5": 1, "[89]柳洞寺★3": 1, "[91]爱之灵药★3": 1, "[93]阿兰若★3": 1, "[176]记录保持者★4": 1, "[333]许德拉匕首★3": 1, "[246]特辣麻婆豆腐★3": 1, "[247]宝石剑泽尔里奇★3": 1, "[265]卡姆兰之战★3": 1, "[418]固有结界★3": 1, "[419]返老还童的灵药★3": 2, "[420]谜之面具群★3": 5, "[580]瓦砾的圣堂★3": 1, "[691]噬魂★3": 1, "[913]远方的前路★4": 3, "[1270]庆祝回忆★5": 5, "[1271]头脑风暴★4": 8, "[1272]散状花★3": 22, "[1413]虚数属性★4": 1, "[1415]匮乏之人★3": 2, "[1513]穗群原学园学生会长★3": 2, "[1577]告解の惑い場★4": 1}

编号[e264c8835d117fe097729243c9f6281b]
等级: 1
圣晶石: 228
圣晶片: 3
呼符: 50
金/银/铜/青苹果: 43/0/0/0
登陆天数: 3天 / 98天
从者: {"[105]比利小子(Archer)★3": 1, "[15]尤瑞艾莉(Archer)★3": 1, "[95]幼吉尔(Archer)★3": 1, "[17]库·丘林(Lancer)★3": 1, "[71]迪尔姆德·奥迪那(Lancer)★3": 1, "[18]伊丽莎白·巴托里(Lancer)★4": 1, "[22]罗穆路斯(Lancer)★3": 1, "[186]宝藏院胤舜(Lancer)★3": 1, "[64]赫克托耳(Lancer)★3": 1, "[214]瓦尔基里(Lancer)★4": 1, "[28]亚历山大(Rider)★3": 1, "[35]梅菲斯托费勒斯(Caster)★3": 1, "[284]阿尔托莉雅·卡斯特(Caster)★5": 1, "[159]燕青(Assassin)★4": 1, "[55]大流士三世(Berserker)★3": 1, "[56]清姬(Berserker)★3": 2, "[1]玛修·基列莱特(Shielder)★3": 1}
礼装: {"[34]万华镜★5": 1, "[93]阿兰若★3": 1, "[98]千年黄金树★4": 1, "[183]死之艺术★4": 1, "[247]宝石剑泽尔里奇★3": 2, "[331]佛拉格拉克★3": 1, "[332]天之逆月★3": 2, "[420]谜之面具群★3": 1, "[691]噬魂★3": 1, "[1016]狂舞曲★4": 1, "[1270]庆祝回忆★5": 1, "[1271]头脑风暴★4": 1, "[1272]散状花★3": 4, "[1512]庭园的守护者★4": 1}

编号[5dcfe9b0e9918a92f7ad2c9a1b1900cd]
等级: 1
圣晶石: 90
圣晶片: 3
呼符: 50
金/银/铜/青苹果: 43/0/0/0
登陆天数: 3天 / 98天
从者: {"[7]盖乌斯·尤利乌斯·恺撒(Saber)★3": 1, "[72]弗格斯·马克·罗伊(Saber)★3": 1, "[9]吉尔·德·雷(Saber)★3": 1, "[13]罗宾汉(Archer)★3": 1, "[14]阿塔兰忒(Archer)★4": 1, "[95]幼吉尔(Archer)★3": 2, "[246]威廉·退尔(Archer)★3": 1, "[71]迪尔姆德·奥迪那(Lancer)★3": 2, "[20]库·丘林〔Prototype〕(Lancer)★3": 2, "[22]罗穆路斯(Lancer)★3": 2, "[146]美杜莎(Lancer)★4": 1, "[23]歌果(Rider)★3": 1, "[28]亚历山大(Rider)★3": 1, "[273]曼迪卡尔多(Rider)★3": 1, "[79]冯·霍恩海姆·帕拉塞尔苏斯(Caster)★3": 1, "[80]查尔斯·巴贝奇(Caster)★3": 1, "[35]梅菲斯托费勒斯(Caster)★3": 2, "[104]杰罗尼莫(Caster)★3": 2, "[203]阿维斯布隆(Caster)★3": 2, "[284]阿尔托莉雅·卡斯特(Caster)★5": 1, "[110]百貌哈桑(Assassin)★3": 1, "[81]亨利·杰基尔＆海德(Assassin)★3": 2, "[159]燕青(Assassin)★4": 1, "[55]大流士三世(Berserker)★3": 1, "[56]清姬(Berserker)★3": 1, "[202]阿塔兰忒〔Alter〕(Berserker)★4": 1, "[1]玛修·基列莱特(Shielder)★3": 1, "[352]徐福(Alterego)★3": 1}
礼装: {"[56]指令咏唱★4": 1, "[89]柳洞寺★3": 1, "[91]爱之灵药★3": 1, "[186]情窦未开的千金★4": 1, "[243]Bronze-Link Manipulators★3": 3, "[244]四枝之浅滩★3": 2, "[247]宝石剑泽尔里奇★3": 1, "[265]卡姆兰之战★3": 1, "[331]佛拉格拉克★3": 3, "[332]天之逆月★3": 2, "[418]固有结界★3": 1, "[419]返老还童的灵药★3": 1, "[580]瓦砾的圣堂★3": 1, "[581]手无寸铁慎二君★3": 2, "[674]神造兵器★3": 1, "[691]噬魂★3": 2, "[774]最后的叙述者★4": 1, "[815]樱的特制便当★3": 1, "[1130]野心的嚆矢★4": 1, "[1208]韵律诗节★4": 1, "[1270]庆祝回忆★5": 2, "[1271]头脑风暴★4": 3, "[1272]散状花★3": 9, "[1415]匮乏之人★3": 3, "[1485]冬之结晶★4": 1, "[1513]穗群原学园学生会长★3": 5, "[1577]告解の惑い場★4": 1}

编号[f3b68420b7286577cdefe30e0dfdb93c]
等级: 1
圣晶石: 1
圣晶片: 3
呼符: 0
金/银/铜/青苹果: 44/0/0/0
登陆天数: 3天 / 98天
从者: {"[7]盖乌斯·尤利乌斯·恺撒(Saber)★3": 2, "[72]弗格斯·马克·罗伊(Saber)★3": 1, "[9]吉尔·德·雷(Saber)★3": 2, "[227]兰陵王(Saber)★4": 1, "[298]渡边纲(Saber)★4": 1, "[13]罗宾汉(Archer)★3": 1, "[63]大卫(Archer)★3": 2, "[105]比利小子(Archer)★3": 2, "[15]尤瑞艾莉(Archer)★3": 1, "[125]俵藤太(Archer)★3": 1, "[95]幼吉尔(Archer)★3": 2, "[246]威廉·退尔(Archer)★3": 1, "[17]库·丘林(Lancer)★3": 1, "[71]迪尔姆德·奥迪那(Lancer)★3": 3, "[20]库·丘林〔Prototype〕(Lancer)★3": 2, "[22]罗穆路斯(Lancer)★3": 1, "[186]宝藏院胤舜(Lancer)★3": 2, "[64]赫克托耳(Lancer)★3": 2, "[23]歌果(Rider)★3": 2, "[26]布狄卡(Rider)★3": 1, "[27]牛若丸(Rider)★3": 2, "[273]曼迪卡尔多(Rider)★3": 2, "[31]美狄亚(Caster)★3": 2, "[79]冯·霍恩海姆·帕拉塞尔苏斯(Caster)★3": 1, "[35]梅菲斯托费勒斯(Caster)★3": 2, "[203]阿维斯布隆(Caster)★3": 1, "[348]張角(Caster)★3": 2, "[110]百貌哈桑(Assassin)★3": 2, "[81]亨利·杰基尔＆海德(Assassin)★3": 1, "[124]静谧哈桑(Assassin)★3": 1, "[41]斯忒诺(Assassin)★4": 1, "[42]匕见(Assassin)★3": 2, "[49]虎狼(Berserker)★3": 3, "[55]大流士三世(Berserker)★3": 2, "[56]清姬(Berserker)★3": 1, "[1]玛修·基列莱特(Shielder)★3": 1}
礼装: {"[26]宝石魔术·对影★4": 1, "[31]元素转换★5": 1, "[33]限制/零毁★5": 1, "[57]月之胜利者★5": 1, "[89]柳洞寺★3": 1, "[91]爱之灵药★3": 2, "[98]千年黄金树★4": 1, "[176]记录保持者★4": 1, "[243]Bronze-Link Manipulators★3": 1, "[244]四枝之浅滩★3": 1, "[333]许德拉匕首★3": 2, "[247]宝石剑泽尔里奇★3": 1, "[265]卡姆兰之战★3": 1, "[331]佛拉格拉克★3": 4, "[332]天之逆月★3": 1, "[401]私室警备员★4": 1, "[418]固有结界★3": 1, "[420]谜之面具群★3": 4, "[582]阿特拉斯院★3": 1, "[585]幻想种★3": 2, "[691]噬魂★3": 1, "[773]艳阳之下★5": 1, "[774]最后的叙述者★4": 1, "[814]清扫者★4": 1, "[913]远方的前路★4": 1, "[1207]黑魔术★5": 1, "[1270]庆祝回忆★5": 5, "[1271]头脑风暴★4": 7, "[1272]散状花★3": 18, "[1413]虚数属性★4": 2, "[1414]愿望之容器★4": 1, "[1415]匮乏之人★3": 2, "[1458]魔道元帅★5": 1, "[1513]穗群原学园学生会长★3": 1, "[1576]華の楽土★4": 1, "[1608]悲願の継承★4": 1, "[1609]代償魔術★4": 1, "[1610]枯れない花★3": 4}

编号[536a758424412bc1a0f5e0e86201fb31]
等级: 1
圣晶石: 40
圣晶片: 3
呼符: 34
金/银/铜/青苹果: 44/0/0/0
登陆天数: 3天 / 98天
从者: {"[7]盖乌斯·尤利乌斯·恺撒(Saber)★3": 1, "[72]弗格斯·马克·罗伊(Saber)★3": 1, "[9]吉尔·德·雷(Saber)★3": 2, "[13]罗宾汉(Archer)★3": 1, "[63]大卫(Archer)★3": 1, "[105]比利小子(Archer)★3": 2, "[125]俵藤太(Archer)★3": 2, "[95]幼吉尔(Archer)★3": 1, "[246]威廉·退尔(Archer)★3": 2, "[17]库·丘林(Lancer)★3": 1, "[71]迪尔姆德·奥迪那(Lancer)★3": 1, "[18]伊丽莎白·巴托里(Lancer)★4": 1, "[20]库·丘林〔Prototype〕(Lancer)★3": 1, "[22]罗穆路斯(Lancer)★3": 2, "[186]宝藏院胤舜(Lancer)★3": 1, "[64]赫克托耳(Lancer)★3": 2, "[214]瓦尔基里(Lancer)★4": 2, "[23]歌果(Rider)★3": 2, "[26]布狄卡(Rider)★3": 2, "[27]牛若丸(Rider)★3": 1, "[28]亚历山大(Rider)★3": 1, "[273]曼迪卡尔多(Rider)★3": 1, "[31]美狄亚(Caster)★3": 1, "[79]冯·霍恩海姆·帕拉塞尔苏斯(Caster)★3": 1, "[80]查尔斯·巴贝奇(Caster)★3": 1, "[35]梅菲斯托费勒斯(Caster)★3": 1, "[104]杰罗尼莫(Caster)★3": 1, "[284]阿尔托莉雅·卡斯特(Caster)★5": 1, "[110]百貌哈桑(Assassin)★3": 2, "[81]亨利·杰基尔＆海德(Assassin)★3": 1, "[42]匕见(Assassin)★3": 2, "[117]风魔小太郎(Assassin)★3": 2, "[49]虎狼(Berserker)★3": 1, "[56]清姬(Berserker)★3": 1, "[1]玛修·基列莱特(Shielder)★3": 1, "[352]徐福(Alterego)★3": 3}
礼装: {"[35]天之杯★5": 1, "[244]四枝之浅滩★3": 1, "[333]许德拉匕首★3": 1, "[401]私室警备员★4": 1, "[420]谜之面具群★3": 4, "[814]清扫者★4": 1, "[913]远方的前路★4": 1, "[1270]庆祝回忆★5": 6, "[1271]头脑风暴★4": 4, "[1272]散状花★3": 7, "[1316]王者的气质★4": 2, "[1415]匮乏之人★3": 3, "[1513]穗群原学园学生会长★3": 5, "[1608]悲願の継承★4": 2, "[1610]枯れない花★3": 2}

编号[10a64b79b861a67351746154ad501038]
等级: 1
圣晶石: 1
圣晶片: 3
呼符: 0
金/银/铜/青苹果: 44/0/0/0
登陆天数: 3天 / 98天
从者: {"[7]盖乌斯·尤利乌斯·恺撒(Saber)★3": 2, "[72]弗格斯·马克·罗伊(Saber)★3": 2, "[9]吉尔·德·雷(Saber)★3": 4, "[13]罗宾汉(Archer)★3": 1, "[63]大卫(Archer)★3": 1, "[105]比利小子(Archer)★3": 1, "[15]尤瑞艾莉(Archer)★3": 1, "[125]俵藤太(Archer)★3": 1, "[95]幼吉尔(Archer)★3": 1, "[184]巴御前(Archer)★4": 1, "[246]威廉·退尔(Archer)★3": 1, "[17]库·丘林(Lancer)★3": 1, "[20]库·丘林〔Prototype〕(Lancer)★3": 2, "[22]罗穆路斯(Lancer)★3": 3, "[186]宝藏院胤舜(Lancer)★3": 2, "[64]赫克托耳(Lancer)★3": 2, "[23]歌果(Rider)★3": 1, "[26]布狄卡(Rider)★3": 1, "[27]牛若丸(Rider)★3": 1, "[28]亚历山大(Rider)★3": 4, "[30]玛尔达(Rider)★4": 1, "[273]曼迪卡尔多(Rider)★3": 1, "[331]太公望(Rider)★5": 1, "[31]美狄亚(Caster)★3": 2, "[79]冯·霍恩海姆·帕拉塞尔苏斯(Caster)★3": 1, "[80]查尔斯·巴贝奇(Caster)★3": 2, "[120]尼托克丽丝(Caster)★4": 1, "[35]梅菲斯托费勒斯(Caster)★3": 1, "[104]杰罗尼莫(Caster)★3": 1, "[192]喀耳刻(Caster)★4": 1, "[203]阿维斯布隆(Caster)★3": 1, "[348]張角(Caster)★3": 4, "[110]百貌哈桑(Assassin)★3": 1, "[81]亨利·杰基尔＆海德(Assassin)★3": 1, "[124]静谧哈桑(Assassin)★3": 1, "[42]匕见(Assassin)★3": 1, "[117]风魔小太郎(Assassin)★3": 4, "[49]虎狼(Berserker)★3": 3, "[56]清姬(Berserker)★3": 1, "[1]玛修·基列莱特(Shielder)★3": 1, "[352]徐福(Alterego)★3": 2}
礼装: {"[21]钢之锻炼★4": 1, "[31]元素转换★5": 1, "[39]抹大拉的圣骸布★4": 1, "[48]黑之圣杯★5": 1, "[56]指令咏唱★4": 1, "[89]柳洞寺★3": 2, "[91]爱之灵药★3": 2, "[97]圣者凭依之躯★5": 1, "[243]Bronze-Link Manipulators★3": 2, "[333]许德拉匕首★3": 1, "[246]特辣麻婆豆腐★3": 2, "[265]卡姆兰之战★3": 2, "[331]佛拉格拉克★3": 2, "[332]天之逆月★3": 1, "[420]谜之面具群★3": 2, "[580]瓦砾的圣堂★3": 2, "[582]阿特拉斯院★3": 3, "[674]神造兵器★3": 1, "[691]噬魂★3": 2, "[773]艳阳之下★5": 1, "[814]清扫者★4": 1, "[815]樱的特制便当★3": 1, "[912]火炎伯爵★5": 1, "[1270]庆祝回忆★5": 4, "[1271]头脑风暴★4": 8, "[1272]散状花★3": 15, "[1412]宝石的魔弹★4": 1, "[1415]匮乏之人★3": 3, "[1512]庭园的守护者★4": 1, "[1513]穗群原学园学生会长★3": 1, "[1606]五大元素使い★5": 1, "[1607]投影装填★4": 1}

编号[3cccc683cc4b9de5060973edab46b028]
等级: 1
圣晶石: 1
圣晶片: 3
呼符: 0
金/银/铜/青苹果: 44/0/0/0
登陆天数: 3天 / 98天
从者: {"[7]盖乌斯·尤利乌斯·恺撒(Saber)★3": 2, "[72]弗格斯·马克·罗伊(Saber)★3": 2, "[9]吉尔·德·雷(Saber)★3": 3, "[165]铃鹿御前(Saber)★4": 1, "[13]罗宾汉(Archer)★3": 2, "[63]大卫(Archer)★3": 1, "[105]比利小子(Archer)★3": 1, "[15]尤瑞艾莉(Archer)★3": 1, "[125]俵藤太(Archer)★3": 2, "[95]幼吉尔(Archer)★3": 1, "[207]喀戎(Archer)★4": 1, "[246]威廉·退尔(Archer)★3": 1, "[17]库·丘林(Lancer)★3": 1, "[71]迪尔姆德·奥迪那(Lancer)★3": 1, "[18]伊丽莎白·巴托里(Lancer)★4": 2, "[20]库·丘林〔Prototype〕(Lancer)★3": 1, "[22]罗穆路斯(Lancer)★3": 1, "[186]宝藏院胤舜(Lancer)★3": 2, "[64]赫克托耳(Lancer)★3": 1, "[146]美杜莎(Lancer)★4": 1, "[183]帕尔瓦蒂(Lancer)★4": 1, "[214]瓦尔基里(Lancer)★4": 1, "[228]忠贞(Lancer)★4": 1, "[26]布狄卡(Rider)★3": 1, "[27]牛若丸(Rider)★3": 1, "[273]曼迪卡尔多(Rider)★3": 2, "[332]多布雷尼亚·尼基季奇(Rider)★4": 2, "[79]冯·霍恩海姆·帕拉塞尔苏斯(Caster)★3": 3, "[80]查尔斯·巴贝奇(Caster)★3": 2, "[35]梅菲斯托费勒斯(Caster)★3": 1, "[192]喀耳刻(Caster)★4": 1, "[203]阿维斯布隆(Caster)★3": 1, "[348]張角(Caster)★3": 2, "[110]百貌哈桑(Assassin)★3": 2, "[81]亨利·杰基尔＆海德(Assassin)★3": 1, "[124]静谧哈桑(Assassin)★3": 1, "[42]匕见(Assassin)★3": 1, "[117]风魔小太郎(Assassin)★3": 2, "[170]周照(Assassin)★4": 1, "[49]虎狼(Berserker)★3": 2, "[55]大流士三世(Berserker)★3": 2, "[56]清姬(Berserker)★3": 1, "[1]玛修·基列莱特(Shielder)★3": 1, "[242]阿斯特赖亚(Ruler)★4": 1}
礼装: {"[32]虚数环★5": 1, "[74]觉醒的意志★4": 2, "[89]柳洞寺★3": 1, "[97]圣者凭依之躯★5": 2, "[184]柔软的慈爱★4": 1, "[243]Bronze-Link Manipulators★3": 2, "[333]许德拉匕首★3": 1, "[246]特辣麻婆豆腐★3": 1, "[247]宝石剑泽尔里奇★3": 3, "[264]援护射击★4": 1, "[265]卡姆兰之战★3": 2, "[331]佛拉格拉克★3": 2, "[418]固有结界★3": 1, "[419]返老还童的灵药★3": 2, "[420]谜之面具群★3": 1, "[581]手无寸铁慎二君★3": 1, "[582]阿特拉斯院★3": 2, "[585]幻想种★3": 1, "[674]神造兵器★3": 3, "[691]噬魂★3": 1, "[1208]韵律诗节★4": 1, "[1270]庆祝回忆★5": 9, "[1271]头脑风暴★4": 4, "[1272]散状花★3": 17, "[1315]恋之诅咒★5": 1, "[1316]王者的气质★4": 1, "[1413]虚数属性★4": 1, "[1415]匮乏之人★3": 2, "[1513]穗群原学园学生会长★3": 2, "[1577]告解の惑い場★4": 1, "[1608]悲願の継承★4": 1, "[1610]枯れない花★3": 2, "[1691]逆堕つ泥雨★5": 1}

编号[1b0715bb7614a2cf9d261cde0943698c]
等级: 1
圣晶石: 189
圣晶片: 3
呼符: 50
金/银/铜/青苹果: 43/0/0/0
登陆天数: 3天 / 98天
从者: {"[7]盖乌斯·尤利乌斯·恺撒(Saber)★3": 1, "[245]拉克什米·芭伊(Saber)★4": 1, "[11]卫宫(Archer)★4": 1, "[63]大卫(Archer)★3": 1, "[125]俵藤太(Archer)★3": 1, "[207]喀戎(Archer)★4": 1, "[17]库·丘林(Lancer)★3": 1, "[71]迪尔姆德·奥迪那(Lancer)★3": 1, "[20]库·丘林〔Prototype〕(Lancer)★3": 3, "[22]罗穆路斯(Lancer)★3": 2, "[64]赫克托耳(Lancer)★3": 2, "[23]歌果(Rider)★3": 3, "[94]阿斯托尔福(Rider)★4": 1, "[27]牛若丸(Rider)★3": 1, "[79]冯·霍恩海姆·帕拉塞尔苏斯(Caster)★3": 1, "[35]梅菲斯托费勒斯(Caster)★3": 1, "[203]阿维斯布隆(Caster)★3": 2, "[284]阿尔托莉雅·卡斯特(Caster)★5": 1, "[124]静谧哈桑(Assassin)★3": 1, "[42]匕见(Assassin)★3": 1, "[56]清姬(Berserker)★3": 1, "[1]玛修·基列莱特(Shielder)★3": 1, "[352]徐福(Alterego)★3": 2}
礼装: {"[26]宝石魔术·对影★4": 1, "[31]元素转换★5": 1, "[185]月灵髓液★5": 1, "[186]情窦未开的千金★4": 1, "[244]四枝之浅滩★3": 1, "[247]宝石剑泽尔里奇★3": 1, "[331]佛拉格拉克★3": 2, "[401]私室警备员★4": 1, "[418]固有结界★3": 2, "[420]谜之面具群★3": 1, "[580]瓦砾的圣堂★3": 1, "[691]噬魂★3": 1, "[814]清扫者★4": 1, "[1272]散状花★3": 2, "[1413]虚数属性★4": 1, "[1414]愿望之容器★4": 1, "[1610]枯れない花★3": 1}

编号[681e2155f9ca7747c0fe57d35d4cec3d]
等级: 1
圣晶石: 99
圣晶片: 3
呼符: 50
金/银/铜/青苹果: 43/0/0/0
登陆天数: 3天 / 98天
从者: {"[7]盖乌斯·尤利乌斯·恺撒(Saber)★3": 1, "[223]迪尔姆德·奥迪那(Saber)★4": 1, "[13]罗宾汉(Archer)★3": 1, "[63]大卫(Archer)★3": 2, "[105]比利小子(Archer)★3": 1, "[15]尤瑞艾莉(Archer)★3": 1, "[95]幼吉尔(Archer)★3": 1, "[246]威廉·退尔(Archer)★3": 3, "[17]库·丘林(Lancer)★3": 3, "[71]迪尔姆德·奥迪那(Lancer)★3": 1, "[18]伊丽莎白·巴托里(Lancer)★4": 1, "[20]库·丘林〔Prototype〕(Lancer)★3": 1, "[186]宝藏院胤舜(Lancer)★3": 1, "[23]歌果(Rider)★3": 2, "[26]布狄卡(Rider)★3": 1, "[28]亚历山大(Rider)★3": 1, "[332]多布雷尼亚·尼基季奇(Rider)★4": 1, "[31]美狄亚(Caster)★3": 1, "[79]冯·霍恩海姆·帕拉塞尔苏斯(Caster)★3": 2, "[35]梅菲斯托费勒斯(Caster)★3": 1, "[104]杰罗尼莫(Caster)★3": 2, "[203]阿维斯布隆(Caster)★3": 2, "[284]阿尔托莉雅·卡斯特(Caster)★5": 1, "[348]張角(Caster)★3": 2, "[81]亨利·杰基尔＆海德(Assassin)★3": 1, "[124]静谧哈桑(Assassin)★3": 1, "[109]卫宫〔Assassin〕(Assassin)★4": 1, "[117]风魔小太郎(Assassin)★3": 1, "[159]燕青(Assassin)★4": 1, "[49]虎狼(Berserker)★3": 3, "[56]清姬(Berserker)★3": 1, "[1]玛修·基列莱特(Shielder)★3": 1, "[352]徐福(Alterego)★3": 3}
礼装: {"[91]爱之灵药★3": 1, "[186]情窦未开的千金★4": 1, "[333]许德拉匕首★3": 3, "[246]特辣麻婆豆腐★3": 2, "[247]宝石剑泽尔里奇★3": 2, "[265]卡姆兰之战★3": 1, "[331]佛拉格拉克★3": 1, "[332]天之逆月★3": 2, "[418]固有结界★3": 1, "[420]谜之面具群★3": 3, "[580]瓦砾的圣堂★3": 1, "[674]神造兵器★3": 1, "[691]噬魂★3": 1, "[774]最后的叙述者★4": 2, "[1271]头脑风暴★4": 3, "[1272]散状花★3": 4, "[1412]宝石的魔弹★4": 1, "[1413]虚数属性★4": 1, "[1414]愿望之容器★4": 1, "[1415]匮乏之人★3": 1, "[1513]穗群原学园学生会长★3": 3}

编号[cc2a69326b49f56999d444621b3b35f8]
等级: 1
圣晶石: 300
圣晶片: 3
呼符: 50
金/银/铜/青苹果: 43/0/0/0
登陆天数: 3天 / 98天
从者: {"[63]大卫(Archer)★3": 1, "[325]芝诺比阿(Archer)★4": 1, "[20]库·丘林〔Prototype〕(Lancer)★3": 1, "[31]美狄亚(Caster)★3": 1, "[80]查尔斯·巴贝奇(Caster)★3": 1, "[284]阿尔托莉雅·卡斯特(Caster)★5": 1, "[49]虎狼(Berserker)★3": 1, "[56]清姬(Berserker)★3": 1, "[58]玉藻猫(Berserker)★4": 1, "[1]玛修·基列莱特(Shielder)★3": 1}
礼装: {"[21]钢之锻炼★4": 1}

编号[a2ff442aab2cbda881f19b805fed0b98]
等级: 1
圣晶石: 181
圣晶片: 3
呼符: 17
金/银/铜/青苹果: 44/0/0/0
登陆天数: 3天 / 98天
从者: {"[7]盖乌斯·尤利乌斯·恺撒(Saber)★3": 1, "[72]弗格斯·马克·罗伊(Saber)★3": 2, "[13]罗宾汉(Archer)★3": 2, "[246]威廉·退尔(Archer)★3": 2, "[17]库·丘林(Lancer)★3": 1, "[22]罗穆路斯(Lancer)★3": 2, "[64]赫克托耳(Lancer)★3": 3, "[23]歌果(Rider)★3": 1, "[27]牛若丸(Rider)★3": 1, "[28]亚历山大(Rider)★3": 2, "[273]曼迪卡尔多(Rider)★3": 2, "[79]冯·霍恩海姆·帕拉塞尔苏斯(Caster)★3": 1, "[80]查尔斯·巴贝奇(Caster)★3": 1, "[35]梅菲斯托费勒斯(Caster)★3": 2, "[192]喀耳刻(Caster)★4": 1, "[203]阿维斯布隆(Caster)★3": 1, "[284]阿尔托莉雅·卡斯特(Caster)★5": 1, "[110]百貌哈桑(Assassin)★3": 1, "[81]亨利·杰基尔＆海德(Assassin)★3": 3, "[41]斯忒诺(Assassin)★4": 1, "[55]大流士三世(Berserker)★3": 2, "[56]清姬(Berserker)★3": 2, "[1]玛修·基列莱特(Shielder)★3": 1, "[352]徐福(Alterego)★3": 3, "[335]ヘファイスティオン(Pretender)★4": 1}
礼装: {"[21]钢之锻炼★4": 1, "[93]阿兰若★3": 1, "[186]情窦未开的千金★4": 2, "[243]Bronze-Link Manipulators★3": 1, "[333]许德拉匕首★3": 2, "[331]佛拉格拉克★3": 2, "[419]返老还童的灵药★3": 1, "[420]谜之面具群★3": 4, "[582]阿特拉斯院★3": 1, "[585]幻想种★3": 1, "[691]噬魂★3": 1, "[1016]狂舞曲★4": 1, "[1270]庆祝回忆★5": 2, "[1271]头脑风暴★4": 2, "[1272]散状花★3": 16, "[1316]王者的气质★4": 1, "[1415]匮乏之人★3": 1, "[1485]冬之结晶★4": 1, "[1513]穗群原学园学生会长★3": 1, "[1610]枯れない花★3": 1, "[1670]狩人の夢★4": 1}

编号[9015158d14dffca64a8f2395dba0010b]
等级: 1
圣晶石: 243
圣晶片: 3
呼符: 50
金/银/铜/青苹果: 43/0/0/0
登陆天数: 3天 / 98天
从者: {"[11]卫宫(Archer)★4": 1, "[63]大卫(Archer)★3": 1, "[71]迪尔姆德·奥迪那(Lancer)★3": 1, "[26]布狄卡(Rider)★3": 1, "[284]阿尔托莉雅·卡斯特(Caster)★5": 1, "[42]匕见(Assassin)★3": 1, "[46]卡米拉(Assassin)★4": 1, "[49]虎狼(Berserker)★3": 1, "[56]清姬(Berserker)★3": 1, "[1]玛修·基列莱特(Shielder)★3": 1, "[352]徐福(Alterego)★3": 1}
礼装: {"[247]宝石剑泽尔里奇★3": 1, "[265]卡姆兰之战★3": 1, "[331]佛拉格拉克★3": 1, "[419]返老还童的灵药★3": 1, "[580]瓦砾的圣堂★3": 1, "[582]阿特拉斯院★3": 1, "[585]幻想种★3": 1, "[1270]庆祝回忆★5": 2, "[1271]头脑风暴★4": 2, "[1272]散状花★3": 3, "[1415]匮乏之人★3": 1, "[1513]穗群原学园学生会长★3": 1, "[1610]枯れない花★3": 1}

编号[a554ecae26261866074fe2a3e005da3e]
等级: 1
圣晶石: 1
圣晶片: 3
呼符: 0
金/银/铜/青苹果: 44/0/0/0
登陆天数: 3天 / 98天
从者: {"[7]盖乌斯·尤利乌斯·恺撒(Saber)★3": 4, "[72]弗格斯·马克·罗伊(Saber)★3": 3, "[9]吉尔·德·雷(Saber)★3": 3, "[245]拉克什米·芭伊(Saber)★4": 1, "[298]渡边纲(Saber)★4": 1, "[13]罗宾汉(Archer)★3": 3, "[63]大卫(Archer)★3": 1, "[105]比利小子(Archer)★3": 2, "[15]尤瑞艾莉(Archer)★3": 1, "[95]幼吉尔(Archer)★3": 2, "[246]威廉·退尔(Archer)★3": 1, "[17]库·丘林(Lancer)★3": 1, "[71]迪尔姆德·奥迪那(Lancer)★3": 1, "[20]库·丘林〔Prototype〕(Lancer)★3": 1, "[22]罗穆路斯(Lancer)★3": 2, "[186]宝藏院胤舜(Lancer)★3": 1, "[64]赫克托耳(Lancer)★3": 2, "[23]歌果(Rider)★3": 2, "[94]阿斯托尔福(Rider)★4": 1, "[26]布狄卡(Rider)★3": 1, "[118]奥斯曼狄斯(Rider)★5": 1, "[27]牛若丸(Rider)★3": 2, "[206]阿喀琉斯(Rider)★5": 1, "[273]曼迪卡尔多(Rider)★3": 1, "[31]美狄亚(Caster)★3": 1, "[79]冯·霍恩海姆·帕拉塞尔苏斯(Caster)★3": 2, "[80]查尔斯·巴贝奇(Caster)★3": 4, "[35]梅菲斯托费勒斯(Caster)★3": 5, "[203]阿维斯布隆(Caster)★3": 1, "[348]張角(Caster)★3": 1, "[110]百貌哈桑(Assassin)★3": 2, "[81]亨利·杰基尔＆海德(Assassin)★3": 1, "[42]匕见(Assassin)★3": 2, "[49]虎狼(Berserker)★3": 1, "[82]弗兰肯斯坦(Berserker)★4": 2, "[55]大流士三世(Berserker)★3": 2, "[56]清姬(Berserker)★3": 1, "[58]玉藻猫(Berserker)★4": 1, "[1]玛修·基列莱特(Shielder)★3": 1, "[352]徐福(Alterego)★3": 2}
礼装: {"[21]钢之锻炼★4": 1, "[24]Gandr★4": 1, "[26]宝石魔术·对影★4": 1, "[32]虚数环★5": 1, "[56]指令咏唱★4": 1, "[89]柳洞寺★3": 1, "[98]千年黄金树★4": 1, "[182]毒蛇一艺★4": 1, "[265]卡姆兰之战★3": 2, "[331]佛拉格拉克★3": 2, "[332]天之逆月★3": 1, "[418]固有结界★3": 1, "[419]返老还童的灵药★3": 2, "[420]谜之面具群★3": 1, "[580]瓦砾的圣堂★3": 3, "[582]阿特拉斯院★3": 2, "[674]神造兵器★3": 1, "[774]最后的叙述者★4": 1, "[815]樱的特制便当★3": 1, "[1270]庆祝回忆★5": 3, "[1271]头脑风暴★4": 7, "[1272]散状花★3": 15, "[1412]宝石的魔弹★4": 1, "[1414]愿望之容器★4": 1, "[1415]匮乏之人★3": 2, "[1485]冬之结晶★4": 1, "[1513]穗群原学园学生会长★3": 3, "[1576]華の楽土★4": 1, "[1577]告解の惑い場★4": 1, "[1608]悲願の継承★4": 1, "[1610]枯れない花★3": 5, "[1669]熾天の王★5": 1, "[1692]免許皆伝★4": 2}

编号[bfabe46688129b49bc9d0d1ef3a17ba3]
等级: 1
圣晶石: 40
圣晶片: 3
呼符: 49
金/银/铜/青苹果: 44/0/0/0
登陆天数: 3天 / 98天
从者: {"[7]盖乌斯·尤利乌斯·恺撒(Saber)★3": 1, "[9]吉尔·德·雷(Saber)★3": 1, "[13]罗宾汉(Archer)★3": 1, "[63]大卫(Archer)★3": 1, "[15]尤瑞艾莉(Archer)★3": 1, "[125]俵藤太(Archer)★3": 1, "[95]幼吉尔(Archer)★3": 1, "[246]威廉·退尔(Archer)★3": 1, "[71]迪尔姆德·奥迪那(Lancer)★3": 1, "[20]库·丘林〔Prototype〕(Lancer)★3": 1, "[22]罗穆路斯(Lancer)★3": 1, "[64]赫克托耳(Lancer)★3": 1, "[23]歌果(Rider)★3": 1, "[273]曼迪卡尔多(Rider)★3": 1, "[332]多布雷尼亚·尼基季奇(Rider)★4": 1, "[31]美狄亚(Caster)★3": 1, "[79]冯·霍恩海姆·帕拉塞尔苏斯(Caster)★3": 2, "[35]梅菲斯托费勒斯(Caster)★3": 1, "[203]阿维斯布隆(Caster)★3": 1, "[284]阿尔托莉雅·卡斯特(Caster)★5": 1, "[348]張角(Caster)★3": 3, "[110]百貌哈桑(Assassin)★3": 1, "[81]亨利·杰基尔＆海德(Assassin)★3": 1, "[124]静谧哈桑(Assassin)★3": 1, "[41]斯忒诺(Assassin)★4": 1, "[42]匕见(Assassin)★3": 1, "[117]风魔小太郎(Assassin)★3": 1, "[159]燕青(Assassin)★4": 1, "[49]虎狼(Berserker)★3": 1, "[89]贝奥武夫(Berserker)★4": 1, "[56]清姬(Berserker)★3": 1, "[58]玉藻猫(Berserker)★4": 2, "[1]玛修·基列莱特(Shielder)★3": 1, "[242]阿斯特赖亚(Ruler)★4": 1, "[352]徐福(Alterego)★3": 3}
礼装: {"[21]钢之锻炼★4": 1, "[24]Gandr★4": 1, "[40]宇宙棱镜★5": 1, "[56]指令咏唱★4": 1, "[58]另一个结局★5": 1, "[75]五百年的执着★5": 1, "[247]宝石剑泽尔里奇★3": 1, "[265]卡姆兰之战★3": 1, "[401]私室警备员★4": 1, "[1208]韵律诗节★4": 1, "[1270]庆祝回忆★5": 2, "[1271]头脑风暴★4": 6, "[1272]散状花★3": 9, "[1316]王者的气质★4": 2, "[1411]重责者孤寂于此★5": 1, "[1412]宝石的魔弹★4": 1, "[1415]匮乏之人★3": 3, "[1458]魔道元帅★5": 1}

编号[37261cdf22b4daa95ccb71588f2667f0]
等级: 1
圣晶石: 141
圣晶片: 3
呼符: 50
金/银/铜/青苹果: 43/0/0/0
登陆天数: 3天 / 98天
从者: {"[7]盖乌斯·尤利乌斯·恺撒(Saber)★3": 1, "[72]弗格斯·马克·罗伊(Saber)★3": 1, "[245]拉克什米·芭伊(Saber)★4": 1, "[95]幼吉尔(Archer)★3": 3, "[71]迪尔姆德·奥迪那(Lancer)★3": 1, "[20]库·丘林〔Prototype〕(Lancer)★3": 1, "[186]宝藏院胤舜(Lancer)★3": 1, "[64]赫克托耳(Lancer)★3": 1, "[23]歌果(Rider)★3": 1, "[26]布狄卡(Rider)★3": 1, "[28]亚历山大(Rider)★3": 4, "[80]查尔斯·巴贝奇(Caster)★3": 2, "[35]梅菲斯托费勒斯(Caster)★3": 2, "[104]杰罗尼莫(Caster)★3": 1, "[284]阿尔托莉雅·卡斯特(Caster)★5": 1, "[110]百貌哈桑(Assassin)★3": 2, "[81]亨利·杰基尔＆海德(Assassin)★3": 2, "[124]静谧哈桑(Assassin)★3": 2, "[42]匕见(Assassin)★3": 2, "[159]燕青(Assassin)★4": 1, "[49]虎狼(Berserker)★3": 1, "[55]大流士三世(Berserker)★3": 1, "[56]清姬(Berserker)★3": 1, "[1]玛修·基列莱特(Shielder)★3": 1}
礼装: {"[26]宝石魔术·对影★4": 1, "[89]柳洞寺★3": 2, "[91]爱之灵药★3": 1, "[265]卡姆兰之战★3": 1, "[331]佛拉格拉克★3": 1, "[332]天之逆月★3": 1, "[419]返老还童的灵药★3": 2, "[580]瓦砾的圣堂★3": 1, "[581]手无寸铁慎二君★3": 2, "[582]阿特拉斯院★3": 1, "[674]神造兵器★3": 3, "[815]樱的特制便当★3": 2, "[1130]野心的嚆矢★4": 1, "[1270]庆祝回忆★5": 2, "[1271]头脑风暴★4": 1, "[1272]散状花★3": 4, "[1412]宝石的魔弹★4": 1, "[1414]愿望之容器★4": 1, "[1415]匮乏之人★3": 1, "[1511]冬之圣女★5": 1, "[1610]枯れない花★3": 1}

编号[37bbd54ad66122c732df57400ce785fe]
等级: 1
圣晶石: 243
圣晶片: 3
呼符: 50
金/银/铜/青苹果: 43/0/0/0
登陆天数: 3天 / 98天
从者: {"[344]ローラン(Saber)★4": 1, "[298]渡边纲(Saber)★4": 1, "[71]迪尔姆德·奥迪那(Lancer)★3": 1, "[313]珀西瓦尔(Lancer)★4": 1, "[23]歌果(Rider)★3": 2, "[27]牛若丸(Rider)★3": 1, "[31]美狄亚(Caster)★3": 1, "[79]冯·霍恩海姆·帕拉塞尔苏斯(Caster)★3": 1, "[35]梅菲斯托费勒斯(Caster)★3": 1, "[192]喀耳刻(Caster)★4": 1, "[284]阿尔托莉雅·卡斯特(Caster)★5": 1, "[124]静谧哈桑(Assassin)★3": 1, "[48]兰斯洛特(Berserker)★4": 1, "[49]虎狼(Berserker)★3": 2, "[1]玛修·基列莱特(Shielder)★3": 1}
礼装: {"[22]原始咒术★4": 1, "[28]虚数魔术★4": 1, "[56]指令咏唱★4": 1, "[176]记录保持者★4": 1, "[244]四枝之浅滩★3": 1, "[333]许德拉匕首★3": 1, "[581]手无寸铁慎二君★3": 2, "[691]噬魂★3": 1, "[814]清扫者★4": 1, "[913]远方的前路★4": 1, "[1271]头脑风暴★4": 2, "[1272]散状花★3": 2}

编号[bcf02a0e69373e1a3c0cb749d89f9047]
等级: 1
圣晶石: 1
圣晶片: 3
呼符: 0
金/银/铜/青苹果: 44/0/0/0
登陆天数: 3天 / 98天
从者: {"[7]盖乌斯·尤利乌斯·恺撒(Saber)★3": 1, "[72]弗格斯·马克·罗伊(Saber)★3": 1, "[9]吉尔·德·雷(Saber)★3": 2, "[13]罗宾汉(Archer)★3": 2, "[63]大卫(Archer)★3": 2, "[105]比利小子(Archer)★3": 2, "[15]尤瑞艾莉(Archer)★3": 1, "[95]幼吉尔(Archer)★3": 3, "[246]威廉·退尔(Archer)★3": 1, "[17]库·丘林(Lancer)★3": 2, "[71]迪尔姆德·奥迪那(Lancer)★3": 2, "[20]库·丘林〔Prototype〕(Lancer)★3": 1, "[22]罗穆路斯(Lancer)★3": 2, "[87]芬恩·麦克库尔(Lancer)★4": 1, "[186]宝藏院胤舜(Lancer)★3": 2, "[64]赫克托耳(Lancer)★3": 3, "[214]瓦尔基里(Lancer)★4": 2, "[23]歌果(Rider)★3": 2, "[26]布狄卡(Rider)★3": 1, "[27]牛若丸(Rider)★3": 1, "[28]亚历山大(Rider)★3": 2, "[273]曼迪卡尔多(Rider)★3": 2, "[31]美狄亚(Caster)★3": 2, "[80]查尔斯·巴贝奇(Caster)★3": 1, "[120]尼托克丽丝(Caster)★4": 1, "[35]梅菲斯托费勒斯(Caster)★3": 2, "[104]杰罗尼莫(Caster)★3": 2, "[145]吉尔伽美什(Caster)★4": 1, "[192]喀耳刻(Caster)★4": 1, "[203]阿维斯布隆(Caster)★3": 2, "[348]張角(Caster)★3": 2, "[124]静谧哈桑(Assassin)★3": 1, "[42]匕见(Assassin)★3": 3, "[117]风魔小太郎(Assassin)★3": 2, "[189]刑部姬(Assassin)★5": 1, "[49]虎狼(Berserker)★3": 2, "[55]大流士三世(Berserker)★3": 1, "[56]清姬(Berserker)★3": 1, "[58]玉藻猫(Berserker)★4": 1, "[1]玛修·基列莱特(Shielder)★3": 1, "[352]徐福(Alterego)★3": 4}
礼装: {"[21]钢之锻炼★4": 3, "[24]Gandr★4": 1, "[89]柳洞寺★3": 3, "[98]千年黄金树★4": 2, "[184]柔软的慈爱★4": 1, "[244]四枝之浅滩★3": 1, "[333]许德拉匕首★3": 1, "[265]卡姆兰之战★3": 3, "[332]天之逆月★3": 1, "[418]固有结界★3": 1, "[419]返老还童的灵药★3": 1, "[420]谜之面具群★3": 2, "[580]瓦砾的圣堂★3": 2, "[582]阿特拉斯院★3": 1, "[585]幻想种★3": 3, "[691]噬魂★3": 1, "[815]樱的特制便当★3": 1, "[1015]黄昏的王圣★5": 1, "[1270]庆祝回忆★5": 5, "[1271]头脑风暴★4": 13, "[1272]散状花★3": 12, "[1412]宝石的魔弹★4": 1, "[1414]愿望之容器★4": 1, "[1415]匮乏之人★3": 3, "[1485]冬之结晶★4": 2, "[1513]穗群原学园学生会长★3": 4, "[1607]投影装填★4": 3, "[1608]悲願の継承★4": 2, "[1610]枯れない花★3": 3, "[1670]狩人の夢★4": 1, "[1692]免許皆伝★4": 1}

编号[32d3120d8eb1d4a7e8bd5a644be7fac3]
等级: 1
圣晶石: 288
圣晶片: 3
呼符: 50
金/银/铜/青苹果: 43/0/0/0
登陆天数: 3天 / 98天
从者: {"[72]弗格斯·马克·罗伊(Saber)★3": 2, "[63]大卫(Archer)★3": 1, "[17]库·丘林(Lancer)★3": 1, "[71]迪尔姆德·奥迪那(Lancer)★3": 1, "[26]布狄卡(Rider)★3": 1, "[79]冯·霍恩海姆·帕拉塞尔苏斯(Caster)★3": 1, "[192]喀耳刻(Caster)★4": 1, "[284]阿尔托莉雅·卡斯特(Caster)★5": 1, "[55]大流士三世(Berserker)★3": 2, "[1]玛修·基列莱特(Shielder)★3": 1}
礼装: {"[56]指令咏唱★4": 1, "[418]固有结界★3": 1}

编号[a081ab9944cdd1dbda0e1da71778969a]
等级: 1
圣晶石: 1
圣晶片: 3
呼符: 0
金/银/铜/青苹果: 44/0/0/0
登陆天数: 3天 / 98天
从者: {"[7]盖乌斯·尤利乌斯·恺撒(Saber)★3": 2, "[72]弗格斯·马克·罗伊(Saber)★3": 3, "[9]吉尔·德·雷(Saber)★3": 1, "[13]罗宾汉(Archer)★3": 2, "[14]阿塔兰忒(Archer)★4": 1, "[105]比利小子(Archer)★3": 2, "[15]尤瑞艾莉(Archer)★3": 4, "[125]俵藤太(Archer)★3": 1, "[246]威廉·退尔(Archer)★3": 3, "[325]芝诺比阿(Archer)★4": 1, "[17]库·丘林(Lancer)★3": 2, "[18]伊丽莎白·巴托里(Lancer)★4": 1, "[20]库·丘林〔Prototype〕(Lancer)★3": 1, "[22]罗穆路斯(Lancer)★3": 1, "[186]宝藏院胤舜(Lancer)★3": 2, "[23]歌果(Rider)★3": 1, "[27]牛若丸(Rider)★3": 1, "[28]亚历山大(Rider)★3": 1, "[273]曼迪卡尔多(Rider)★3": 1, "[332]多布雷尼亚·尼基季奇(Rider)★4": 1, "[79]冯·霍恩海姆·帕拉塞尔苏斯(Caster)★3": 2, "[80]查尔斯·巴贝奇(Caster)★3": 2, "[120]尼托克丽丝(Caster)★4": 1, "[35]梅菲斯托费勒斯(Caster)★3": 2, "[104]杰罗尼莫(Caster)★3": 1, "[203]阿维斯布隆(Caster)★3": 1, "[348]張角(Caster)★3": 7, "[110]百貌哈桑(Assassin)★3": 1, "[81]亨利·杰基尔＆海德(Assassin)★3": 3, "[124]静谧哈桑(Assassin)★3": 3, "[117]风魔小太郎(Assassin)★3": 1, "[49]虎狼(Berserker)★3": 1, "[55]大流士三世(Berserker)★3": 1, "[56]清姬(Berserker)★3": 1, "[1]玛修·基列莱特(Shielder)★3": 1, "[352]徐福(Alterego)★3": 3}
礼装: {"[21]钢之锻炼★4": 1, "[31]元素转换★5": 1, "[34]万华镜★5": 1, "[91]爱之灵药★3": 1, "[98]千年黄金树★4": 1, "[182]毒蛇一艺★4": 1, "[183]死之艺术★4": 1, "[244]四枝之浅滩★3": 2, "[333]许德拉匕首★3": 1, "[247]宝石剑泽尔里奇★3": 2, "[265]卡姆兰之战★3": 2, "[331]佛拉格拉克★3": 4, "[332]天之逆月★3": 2, "[401]私室警备员★4": 1, "[418]固有结界★3": 2, "[420]谜之面具群★3": 1, "[580]瓦砾的圣堂★3": 1, "[581]手无寸铁慎二君★3": 2, "[691]噬魂★3": 1, "[815]樱的特制便当★3": 2, "[913]远方的前路★4": 1, "[1015]黄昏的王圣★5": 3, "[1016]狂舞曲★4": 1, "[1208]韵律诗节★4": 2, "[1270]庆祝回忆★5": 9, "[1271]头脑风暴★4": 7, "[1272]散状花★3": 16, "[1412]宝石的魔弹★4": 1, "[1413]虚数属性★4": 1, "[1415]匮乏之人★3": 2, "[1485]冬之结晶★4": 1, "[1610]枯れない花★3": 2}

编号[5f3bb9e35911254600540ae2ef713c26]
等级: 1
圣晶石: 270
圣晶片: 3
呼符: 50
金/银/铜/青苹果: 43/0/0/0
登陆天数: 3天 / 98天
从者: {"[11]卫宫(Archer)★4": 1, "[95]幼吉尔(Archer)★3": 1, "[22]罗穆路斯(Lancer)★3": 2, "[23]歌果(Rider)★3": 1, "[94]阿斯托尔福(Rider)★4": 1, "[27]牛若丸(Rider)★3": 1, "[273]曼迪卡尔多(Rider)★3": 1, "[35]梅菲斯托费勒斯(Caster)★3": 1, "[284]阿尔托莉雅·卡斯特(Caster)★5": 1, "[55]大流士三世(Berserker)★3": 1, "[56]清姬(Berserker)★3": 1, "[1]玛修·基列莱特(Shielder)★3": 1}
礼装: {"[39]抹大拉的圣骸布★4": 1, "[89]柳洞寺★3": 1, "[182]毒蛇一艺★4": 1, "[582]阿特拉斯院★3": 1, "[1270]庆祝回忆★5": 1, "[1272]散状花★3": 1, "[1609]代償魔術★4": 1}

编号[b6d296c329e21e0bb0b3047893752b53]
等级: 1
圣晶石: 40
圣晶片: 3
呼符: 45
金/银/铜/青苹果: 44/0/0/0
登陆天数: 3天 / 98天
从者: {"[7]盖乌斯·尤利乌斯·恺撒(Saber)★3": 1, "[72]弗格斯·马克·罗伊(Saber)★3": 1, "[9]吉尔·德·雷(Saber)★3": 1, "[13]罗宾汉(Archer)★3": 2, "[63]大卫(Archer)★3": 1, "[105]比利小子(Archer)★3": 1, "[15]尤瑞艾莉(Archer)★3": 1, "[95]幼吉尔(Archer)★3": 1, "[71]迪尔姆德·奥迪那(Lancer)★3": 1, "[18]伊丽莎白·巴托里(Lancer)★4": 1, "[20]库·丘林〔Prototype〕(Lancer)★3": 2, "[22]罗穆路斯(Lancer)★3": 3, "[186]宝藏院胤舜(Lancer)★3": 2, "[64]赫克托耳(Lancer)★3": 1, "[23]歌果(Rider)★3": 1, "[26]布狄卡(Rider)★3": 1, "[27]牛若丸(Rider)★3": 1, "[28]亚历山大(Rider)★3": 1, "[273]曼迪卡尔多(Rider)★3": 1, "[332]多布雷尼亚·尼基季奇(Rider)★4": 1, "[31]美狄亚(Caster)★3": 1, "[80]查尔斯·巴贝奇(Caster)★3": 1, "[35]梅菲斯托费勒斯(Caster)★3": 1, "[104]杰罗尼莫(Caster)★3": 1, "[192]喀耳刻(Caster)★4": 1, "[203]阿维斯布隆(Caster)★3": 1, "[284]阿尔托莉雅·卡斯特(Caster)★5": 1, "[348]張角(Caster)★3": 1, "[81]亨利·杰基尔＆海德(Assassin)★3": 1, "[124]静谧哈桑(Assassin)★3": 1, "[42]匕见(Assassin)★3": 1, "[117]风魔小太郎(Assassin)★3": 1, "[159]燕青(Assassin)★4": 1, "[185]望月千代女(Assassin)★4": 1, "[49]虎狼(Berserker)★3": 1, "[56]清姬(Berserker)★3": 1, "[1]玛修·基列莱特(Shielder)★3": 1, "[352]徐福(Alterego)★3": 2}
礼装: {"[21]钢之锻炼★4": 1, "[37]芦苇海★3": 1, "[98]千年黄金树★4": 1, "[265]卡姆兰之战★3": 1, "[401]私室警备员★4": 1, "[420]谜之面具群★3": 5, "[580]瓦砾的圣堂★3": 1, "[774]最后的叙述者★4": 2, "[1270]庆祝回忆★5": 3, "[1271]头脑风暴★4": 4, "[1272]散状花★3": 7, "[1414]愿望之容器★4": 1, "[1485]冬之结晶★4": 1, "[1513]穗群原学园学生会长★3": 2, "[1577]告解の惑い場★4": 1, "[1609]代償魔術★4": 1, "[1610]枯れない花★3": 1}

编号[368d63280eabe86631b14a08cb3ec886]
等级: 1
圣晶石: 1
圣晶片: 3
呼符: 0
金/银/铜/青苹果: 44/0/0/0
登陆天数: 3天 / 98天
从者: {"[7]盖乌斯·尤利乌斯·恺撒(Saber)★3": 2, "[72]弗格斯·马克·罗伊(Saber)★3": 2, "[9]吉尔·德·雷(Saber)★3": 2, "[165]铃鹿御前(Saber)★4": 1, "[13]罗宾汉(Archer)★3": 2, "[63]大卫(Archer)★3": 2, "[105]比利小子(Archer)★3": 1, "[15]尤瑞艾莉(Archer)★3": 2, "[125]俵藤太(Archer)★3": 1, "[84]阿周那(Archer)★5": 1, "[95]幼吉尔(Archer)★3": 2, "[184]巴御前(Archer)★4": 1, "[246]威廉·退尔(Archer)★3": 3, "[17]库·丘林(Lancer)★3": 2, "[71]迪尔姆德·奥迪那(Lancer)★3": 2, "[20]库·丘林〔Prototype〕(Lancer)★3": 3, "[22]罗穆路斯(Lancer)★3": 1, "[64]赫克托耳(Lancer)★3": 1, "[23]歌果(Rider)★3": 1, "[94]阿斯托尔福(Rider)★4": 1, "[27]牛若丸(Rider)★3": 1, "[28]亚历山大(Rider)★3": 4, "[30]玛尔达(Rider)★4": 1, "[273]曼迪卡尔多(Rider)★3": 1, "[31]美狄亚(Caster)★3": 1, "[79]冯·霍恩海姆·帕拉塞尔苏斯(Caster)★3": 2, "[80]查尔斯·巴贝奇(Caster)★3": 2, "[35]梅菲斯托费勒斯(Caster)★3": 1, "[104]杰罗尼莫(Caster)★3": 1, "[203]阿维斯布隆(Caster)★3": 3, "[348]張角(Caster)★3": 3, "[81]亨利·杰基尔＆海德(Assassin)★3": 2, "[42]匕见(Assassin)★3": 1, "[117]风魔小太郎(Assassin)★3": 1, "[48]兰斯洛特(Berserker)★4": 1, "[49]虎狼(Berserker)★3": 1, "[89]贝奥武夫(Berserker)★4": 1, "[55]大流士三世(Berserker)★3": 1, "[56]清姬(Berserker)★3": 1, "[58]玉藻猫(Berserker)★4": 1, "[171]彭忒西勒亚(Berserker)★4": 1, "[1]玛修·基列莱特(Shielder)★3": 1, "[352]徐福(Alterego)★3": 4}
礼装: {"[21]钢之锻炼★4": 1, "[37]芦苇海★3": 1, "[39]抹大拉的圣骸布★4": 1, "[56]指令咏唱★4": 1, "[75]五百年的执着★5": 1, "[89]柳洞寺★3": 1, "[98]千年黄金树★4": 1, "[243]Bronze-Link Manipulators★3": 1, "[246]特辣麻婆豆腐★3": 1, "[263]起源弹★5": 1, "[265]卡姆兰之战★3": 2, "[331]佛拉格拉克★3": 1, "[332]天之逆月★3": 1, "[420]谜之面具群★3": 2, "[582]阿特拉斯院★3": 2, "[691]噬魂★3": 1, "[913]远方的前路★4": 2, "[1270]庆祝回忆★5": 4, "[1271]头脑风暴★4": 4, "[1272]散状花★3": 16, "[1414]愿望之容器★4": 1, "[1415]匮乏之人★3": 2, "[1513]穗群原学园学生会长★3": 1, "[1577]告解の惑い場★4": 2, "[1608]悲願の継承★4": 1, "[1609]代償魔術★4": 1, "[1610]枯れない花★3": 4}

编号[71ee40944c7f7da7029df4639d97dee0]
等级: 1
圣晶石: 141
圣晶片: 3
呼符: 50
金/银/铜/青苹果: 43/0/0/0
登陆天数: 3天 / 98天
从者: {"[7]盖乌斯·尤利乌斯·恺撒(Saber)★3": 1, "[72]弗格斯·马克·罗伊(Saber)★3": 1, "[9]吉尔·德·雷(Saber)★3": 1, "[63]大卫(Archer)★3": 1, "[105]比利小子(Archer)★3": 1, "[15]尤瑞艾莉(Archer)★3": 1, "[125]俵藤太(Archer)★3": 1, "[95]幼吉尔(Archer)★3": 2, "[71]迪尔姆德·奥迪那(Lancer)★3": 1, "[22]罗穆路斯(Lancer)★3": 1, "[186]宝藏院胤舜(Lancer)★3": 1, "[23]歌果(Rider)★3": 1, "[94]阿斯托尔福(Rider)★4": 1, "[27]牛若丸(Rider)★3": 1, "[28]亚历山大(Rider)★3": 2, "[273]曼迪卡尔多(Rider)★3": 1, "[31]美狄亚(Caster)★3": 3, "[104]杰罗尼莫(Caster)★3": 1, "[284]阿尔托莉雅·卡斯特(Caster)★5": 1, "[348]張角(Caster)★3": 1, "[110]百貌哈桑(Assassin)★3": 1, "[81]亨利·杰基尔＆海德(Assassin)★3": 2, "[117]风魔小太郎(Assassin)★3": 3, "[49]虎狼(Berserker)★3": 1, "[82]弗兰肯斯坦(Berserker)★4": 1, "[1]玛修·基列莱特(Shielder)★3": 1}
礼装: {"[73]死灵魔术★4": 1, "[89]柳洞寺★3": 1, "[91]爱之灵药★3": 2, "[186]情窦未开的千金★4": 1, "[243]Bronze-Link Manipulators★3": 1, "[333]许德拉匕首★3": 1, "[331]佛拉格拉克★3": 1, "[418]固有结界★3": 1, "[580]瓦砾的圣堂★3": 1, "[581]手无寸铁慎二君★3": 4, "[582]阿特拉斯院★3": 1, "[585]幻想种★3": 1, "[815]樱的特制便当★3": 2, "[1271]头脑风暴★4": 3, "[1272]散状花★3": 6, "[1412]宝石的魔弹★4": 1, "[1513]穗群原学园学生会长★3": 3, "[1577]告解の惑い場★4": 1, "[1610]枯れない花★3": 1}

编号[f585ff743431304525215c5fb1dbaa06]
等级: 1
圣晶石: 264
圣晶片: 3
呼符: 50
金/银/铜/青苹果: 43/0/0/0
登陆天数: 3天 / 98天
从者: {"[72]弗格斯·马克·罗伊(Saber)★3": 1, "[11]卫宫(Archer)★4": 1, "[186]宝藏院胤舜(Lancer)★3": 1, "[64]赫克托耳(Lancer)★3": 1, "[31]美狄亚(Caster)★3": 1, "[80]查尔斯·巴贝奇(Caster)★3": 1, "[203]阿维斯布隆(Caster)★3": 1, "[284]阿尔托莉雅·卡斯特(Caster)★5": 1, "[110]百貌哈桑(Assassin)★3": 1, "[56]清姬(Berserker)★3": 1, "[1]玛修·基列莱特(Shielder)★3": 1, "[352]徐福(Alterego)★3": 1}
礼装: {"[42]Mooncell Automaton★3": 1, "[98]千年黄金树★4": 1, "[243]Bronze-Link Manipulators★3": 1, "[420]谜之面具群★3": 1, "[580]瓦砾的圣堂★3": 1, "[674]神造兵器★3": 1, "[814]清扫者★4": 1, "[1270]庆祝回忆★5": 1, "[1670]狩人の夢★4": 1}

编号[a1832becfcb3560a128e8bf3efc5579e]
等级: 1
圣晶石: 1
圣晶片: 3
呼符: 0
金/银/铜/青苹果: 44/0/0/0
登陆天数: 3天 / 98天
从者: {"[6]齐格飞(Saber)★4": 1, "[7]盖乌斯·尤利乌斯·恺撒(Saber)★3": 1, "[72]弗格斯·马克·罗伊(Saber)★3": 2, "[9]吉尔·德·雷(Saber)★3": 1, "[11]卫宫(Archer)★4": 1, "[13]罗宾汉(Archer)★3": 1, "[63]大卫(Archer)★3": 1, "[105]比利小子(Archer)★3": 1, "[15]尤瑞艾莉(Archer)★3": 1, "[125]俵藤太(Archer)★3": 1, "[95]幼吉尔(Archer)★3": 1, "[17]库·丘林(Lancer)★3": 1, "[71]迪尔姆德·奥迪那(Lancer)★3": 2, "[18]伊丽莎白·巴托里(Lancer)★4": 2, "[20]库·丘林〔Prototype〕(Lancer)★3": 1, "[22]罗穆路斯(Lancer)★3": 1, "[186]宝藏院胤舜(Lancer)★3": 2, "[23]歌果(Rider)★3": 1, "[26]布狄卡(Rider)★3": 1, "[27]牛若丸(Rider)★3": 1, "[28]亚历山大(Rider)★3": 1, "[273]曼迪卡尔多(Rider)★3": 3, "[31]美狄亚(Caster)★3": 3, "[79]冯·霍恩海姆·帕拉塞尔苏斯(Caster)★3": 3, "[80]查尔斯·巴贝奇(Caster)★3": 2, "[120]尼托克丽丝(Caster)★4": 1, "[35]梅菲斯托费勒斯(Caster)★3": 4, "[203]阿维斯布隆(Caster)★3": 2, "[348]張角(Caster)★3": 2, "[81]亨利·杰基尔＆海德(Assassin)★3": 1, "[124]静谧哈桑(Assassin)★3": 3, "[41]斯忒诺(Assassin)★4": 1, "[42]匕见(Assassin)★3": 2, "[117]风魔小太郎(Assassin)★3": 2, "[56]清姬(Berserker)★3": 1, "[58]玉藻猫(Berserker)★4": 1, "[1]玛修·基列莱特(Shielder)★3": 1, "[352]徐福(Alterego)★3": 4}
礼装: {"[26]宝石魔术·对影★4": 3, "[31]元素转换★5": 1, "[56]指令咏唱★4": 1, "[73]死灵魔术★4": 4, "[91]爱之灵药★3": 2, "[184]柔软的慈爱★4": 1, "[244]四枝之浅滩★3": 1, "[333]许德拉匕首★3": 1, "[246]特辣麻婆豆腐★3": 1, "[247]宝石剑泽尔里奇★3": 2, "[331]佛拉格拉克★3": 1, "[332]天之逆月★3": 2, "[419]返老还童的灵药★3": 1, "[420]谜之面具群★3": 1, "[581]手无寸铁慎二君★3": 1, "[582]阿特拉斯院★3": 2, "[674]神造兵器★3": 1, "[691]噬魂★3": 2, "[815]樱的特制便当★3": 1, "[1016]狂舞曲★4": 1, "[1270]庆祝回忆★5": 4, "[1271]头脑风暴★4": 8, "[1272]散状花★3": 14, "[1316]王者的气质★4": 1, "[1413]虚数属性★4": 2, "[1415]匮乏之人★3": 2, "[1512]庭园的守护者★4": 1, "[1513]穗群原学园学生会长★3": 2, "[1607]投影装填★4": 1, "[1608]悲願の継承★4": 1, "[1610]枯れない花★3": 5, "[1670]狩人の夢★4": 1, "[1691]逆堕つ泥雨★5": 1, "[1692]免許皆伝★4": 1}

编号[351864a27fb4a56795f8d8577c43c1d0]
等级: 1
圣晶石: 40
圣晶片: 3
呼符: 31
金/银/铜/青苹果: 44/0/0/0
登陆天数: 3天 / 98天
从者: {"[7]盖乌斯·尤利乌斯·恺撒(Saber)★3": 2, "[72]弗格斯·马克·罗伊(Saber)★3": 1, "[101]罗摩(Saber)★4": 1, "[9]吉尔·德·雷(Saber)★3": 2, "[13]罗宾汉(Archer)★3": 1, "[63]大卫(Archer)★3": 1, "[105]比利小子(Archer)★3": 1, "[125]俵藤太(Archer)★3": 1, "[95]幼吉尔(Archer)★3": 1, "[246]威廉·退尔(Archer)★3": 2, "[17]库·丘林(Lancer)★3": 3, "[20]库·丘林〔Prototype〕(Lancer)★3": 1, "[22]罗穆路斯(Lancer)★3": 1, "[186]宝藏院胤舜(Lancer)★3": 1, "[64]赫克托耳(Lancer)★3": 1, "[313]珀西瓦尔(Lancer)★4": 1, "[23]歌果(Rider)★3": 1, "[27]牛若丸(Rider)★3": 2, "[28]亚历山大(Rider)★3": 1, "[31]美狄亚(Caster)★3": 1, "[79]冯·霍恩海姆·帕拉塞尔苏斯(Caster)★3": 2, "[80]查尔斯·巴贝奇(Caster)★3": 2, "[35]梅菲斯托费勒斯(Caster)★3": 1, "[104]杰罗尼莫(Caster)★3": 1, "[192]喀耳刻(Caster)★4": 1, "[203]阿维斯布隆(Caster)★3": 1, "[284]阿尔托莉雅·卡斯特(Caster)★5": 1, "[348]張角(Caster)★3": 1, "[81]亨利·杰基尔＆海德(Assassin)★3": 1, "[124]静谧哈桑(Assassin)★3": 1, "[41]斯忒诺(Assassin)★4": 1, "[48]兰斯洛特(Berserker)★4": 1, "[49]虎狼(Berserker)★3": 1, "[55]大流士三世(Berserker)★3": 1, "[56]清姬(Berserker)★3": 1, "[1]玛修·基列莱特(Shielder)★3": 1, "[352]徐福(Alterego)★3": 2}
礼装: {"[21]钢之锻炼★4": 1, "[56]指令咏唱★4": 1, "[89]柳洞寺★3": 1, "[185]月灵髓液★5": 1, "[186]情窦未开的千金★4": 1, "[246]特辣麻婆豆腐★3": 1, "[247]宝石剑泽尔里奇★3": 1, "[332]天之逆月★3": 1, "[420]谜之面具群★3": 2, "[582]阿特拉斯院★3": 1, "[691]噬魂★3": 1, "[1208]韵律诗节★4": 1, "[1270]庆祝回忆★5": 4, "[1271]头脑风暴★4": 1, "[1272]散状花★3": 11, "[1413]虚数属性★4": 2, "[1414]愿望之容器★4": 2, "[1415]匮乏之人★3": 1, "[1513]穗群原学园学生会长★3": 3, "[1610]枯れない花★3": 2, "[1670]狩人の夢★4": 1}

编号[b93f9b70c489801790b455df6f935d00]
等级: 1
圣晶石: 33
圣晶片: 3
呼符: 50
金/银/铜/青苹果: 43/0/0/0
登陆天数: 3天 / 98天
从者: {"[72]弗格斯·马克·罗伊(Saber)★3": 1, "[9]吉尔·德·雷(Saber)★3": 5, "[11]卫宫(Archer)★4": 1, "[63]大卫(Archer)★3": 2, "[15]尤瑞艾莉(Archer)★3": 3, "[125]俵藤太(Archer)★3": 2, "[95]幼吉尔(Archer)★3": 1, "[17]库·丘林(Lancer)★3": 4, "[71]迪尔姆德·奥迪那(Lancer)★3": 2, "[20]库·丘林〔Prototype〕(Lancer)★3": 2, "[22]罗穆路斯(Lancer)★3": 2, "[186]宝藏院胤舜(Lancer)★3": 2, "[64]赫克托耳(Lancer)★3": 3, "[23]歌果(Rider)★3": 1, "[26]布狄卡(Rider)★3": 1, "[27]牛若丸(Rider)★3": 4, "[31]美狄亚(Caster)★3": 2, "[104]杰罗尼莫(Caster)★3": 1, "[100]海伦娜·布拉瓦茨基(Caster)★4": 2, "[203]阿维斯布隆(Caster)★3": 2, "[284]阿尔托莉雅·卡斯特(Caster)★5": 1, "[348]張角(Caster)★3": 1, "[81]亨利·杰基尔＆海德(Assassin)★3": 1, "[124]静谧哈桑(Assassin)★3": 1, "[46]卡米拉(Assassin)★4": 1, "[49]虎狼(Berserker)★3": 1, "[55]大流士三世(Berserker)★3": 2, "[56]清姬(Berserker)★3": 1, "[58]玉藻猫(Berserker)★4": 1, "[1]玛修·基列莱特(Shielder)★3": 1, "[352]徐福(Alterego)★3": 2}
礼装: {"[73]死灵魔术★4": 1, "[89]柳洞寺★3": 1, "[244]四枝之浅滩★3": 1, "[333]许德拉匕首★3": 3, "[246]特辣麻婆豆腐★3": 1, "[247]宝石剑泽尔里奇★3": 2, "[265]卡姆兰之战★3": 3, "[331]佛拉格拉克★3": 1, "[332]天之逆月★3": 1, "[418]固有结界★3": 1, "[419]返老还童的灵药★3": 1, "[420]谜之面具群★3": 2, "[580]瓦砾的圣堂★3": 1, "[581]手无寸铁慎二君★3": 2, "[582]阿特拉斯院★3": 2, "[585]幻想种★3": 1, "[674]神造兵器★3": 1, "[691]噬魂★3": 2, "[815]樱的特制便当★3": 2, "[1270]庆祝回忆★5": 3, "[1271]头脑风暴★4": 4, "[1272]散状花★3": 9, "[1413]虚数属性★4": 1, "[1415]匮乏之人★3": 1, "[1512]庭园的守护者★4": 1, "[1608]悲願の継承★4": 1, "[1610]枯れない花★3": 2}

编号[eed5756c0ebe4061dd6996164ac5e027]
等级: 1
圣晶石: 1
圣晶片: 3
呼符: 0
金/银/铜/青苹果: 44/0/0/0
登陆天数: 3天 / 98天
从者: {"[2]阿尔托莉雅·潘德拉贡(Saber)★5": 1, "[7]盖乌斯·尤利乌斯·恺撒(Saber)★3": 2, "[72]弗格斯·马克·罗伊(Saber)★3": 3, "[9]吉尔·德·雷(Saber)★3": 1, "[298]渡边纲(Saber)★4": 1, "[13]罗宾汉(Archer)★3": 2, "[63]大卫(Archer)★3": 1, "[105]比利小子(Archer)★3": 2, "[15]尤瑞艾莉(Archer)★3": 1, "[125]俵藤太(Archer)★3": 2, "[246]威廉·退尔(Archer)★3": 3, "[17]库·丘林(Lancer)★3": 1, "[71]迪尔姆德·奥迪那(Lancer)★3": 1, "[20]库·丘林〔Prototype〕(Lancer)★3": 3, "[22]罗穆路斯(Lancer)★3": 1, "[186]宝藏院胤舜(Lancer)★3": 2, "[64]赫克托耳(Lancer)★3": 1, "[193]莲偶(Lancer)★4": 1, "[214]瓦尔基里(Lancer)★4": 1, "[23]歌果(Rider)★3": 1, "[26]布狄卡(Rider)★3": 1, "[27]牛若丸(Rider)★3": 2, "[28]亚历山大(Rider)★3": 2, "[273]曼迪卡尔多(Rider)★3": 1, "[31]美狄亚(Caster)★3": 4, "[79]冯·霍恩海姆·帕拉塞尔苏斯(Caster)★3": 1, "[80]查尔斯·巴贝奇(Caster)★3": 1, "[35]梅菲斯托费勒斯(Caster)★3": 2, "[104]杰罗尼莫(Caster)★3": 2, "[192]喀耳刻(Caster)★4": 1, "[203]阿维斯布隆(Caster)★3": 2, "[348]張角(Caster)★3": 3, "[110]百貌哈桑(Assassin)★3": 2, "[81]亨利·杰基尔＆海德(Assassin)★3": 1, "[124]静谧哈桑(Assassin)★3": 1, "[117]风魔小太郎(Assassin)★3": 1, "[49]虎狼(Berserker)★3": 2, "[1]玛修·基列莱特(Shielder)★3": 1}
礼装: {"[21]钢之锻炼★4": 2, "[56]指令咏唱★4": 1, "[67]2030年的碎片★5": 2, "[73]死灵魔术★4": 1, "[89]柳洞寺★3": 2, "[91]爱之灵药★3": 3, "[183]死之艺术★4": 1, "[243]Bronze-Link Manipulators★3": 1, "[244]四枝之浅滩★3": 2, "[333]许德拉匕首★3": 1, "[246]特辣麻婆豆腐★3": 3, "[247]宝石剑泽尔里奇★3": 1, "[331]佛拉格拉克★3": 1, "[420]谜之面具群★3": 3, "[581]手无寸铁慎二君★3": 3, "[582]阿特拉斯院★3": 1, "[585]幻想种★3": 1, "[674]神造兵器★3": 3, "[691]噬魂★3": 3, "[815]樱的特制便当★3": 2, "[912]火炎伯爵★5": 1, "[1015]黄昏的王圣★5": 1, "[1208]韵律诗节★4": 2, "[1270]庆祝回忆★5": 5, "[1271]头脑风暴★4": 6, "[1272]散状花★3": 17, "[1415]匮乏之人★3": 3, "[1513]穗群原学园学生会长★3": 3, "[1577]告解の惑い場★4": 1, "[1606]五大元素使い★5": 1, "[1607]投影装填★4": 1, "[1610]枯れない花★3": 1, "[1692]免許皆伝★4": 1}

编号[d354c1c5cfaf738cbaef5c459e032ee5]
等级: 1
圣晶石: 294
圣晶片: 3
呼符: 50
金/银/铜/青苹果: 43/0/0/0
登陆天数: 3天 / 98天
从者: {"[11]卫宫(Archer)★4": 1, "[63]大卫(Archer)★3": 1, "[15]尤瑞艾莉(Archer)★3": 1, "[27]牛若丸(Rider)★3": 1, "[120]尼托克丽丝(Caster)★4": 1, "[192]喀耳刻(Caster)★4": 1, "[284]阿尔托莉雅·卡斯特(Caster)★5": 1, "[81]亨利·杰基尔＆海德(Assassin)★3": 1, "[1]玛修·基列莱特(Shielder)★3": 1, "[352]徐福(Alterego)★3": 1}
礼装: {"[42]Mooncell Automaton★3": 1, "[265]卡姆兰之战★3": 1}

编号[1956fa8b87a797dac5b74004d7b41c71]
等级: 1
圣晶石: 90
圣晶片: 3
呼符: 50
金/银/铜/青苹果: 43/0/0/0
登陆天数: 3天 / 98天
从者: {"[72]弗格斯·马克·罗伊(Saber)★3": 1, "[245]拉克什米·芭伊(Saber)★4": 1, "[15]尤瑞艾莉(Archer)★3": 2, "[125]俵藤太(Archer)★3": 1, "[246]威廉·退尔(Archer)★3": 2, "[17]库·丘林(Lancer)★3": 1, "[71]迪尔姆德·奥迪那(Lancer)★3": 1, "[20]库·丘林〔Prototype〕(Lancer)★3": 2, "[22]罗穆路斯(Lancer)★3": 1, "[64]赫克托耳(Lancer)★3": 3, "[23]歌果(Rider)★3": 2, "[26]布狄卡(Rider)★3": 1, "[28]亚历山大(Rider)★3": 1, "[273]曼迪卡尔多(Rider)★3": 3, "[31]美狄亚(Caster)★3": 1, "[80]查尔斯·巴贝奇(Caster)★3": 1, "[284]阿尔托莉雅·卡斯特(Caster)★5": 1, "[348]張角(Caster)★3": 2, "[110]百貌哈桑(Assassin)★3": 1, "[81]亨利·杰基尔＆海德(Assassin)★3": 2, "[124]静谧哈桑(Assassin)★3": 1, "[42]匕见(Assassin)★3": 2, "[117]风魔小太郎(Assassin)★3": 3, "[49]虎狼(Berserker)★3": 2, "[55]大流士三世(Berserker)★3": 2, "[56]清姬(Berserker)★3": 1, "[58]玉藻猫(Berserker)★4": 1, "[1]玛修·基列莱特(Shielder)★3": 1, "[352]徐福(Alterego)★3": 1}
礼装: {"[21]钢之锻炼★4": 1, "[26]宝石魔术·对影★4": 1, "[89]柳洞寺★3": 1, "[91]爱之灵药★3": 1, "[244]四枝之浅滩★3": 2, "[333]许德拉匕首★3": 2, "[246]特辣麻婆豆腐★3": 2, "[247]宝石剑泽尔里奇★3": 1, "[265]卡姆兰之战★3": 2, "[331]佛拉格拉克★3": 2, "[418]固有结界★3": 3, "[420]谜之面具群★3": 1, "[580]瓦砾的圣堂★3": 1, "[581]手无寸铁慎二君★3": 3, "[582]阿特拉斯院★3": 2, "[674]神造兵器★3": 1, "[691]噬魂★3": 1, "[1208]韵律诗节★4": 1, "[1270]庆祝回忆★5": 2, "[1271]头脑风暴★4": 2, "[1272]散状花★3": 6, "[1315]恋之诅咒★5": 1, "[1415]匮乏之人★3": 1, "[1513]穗群原学园学生会长★3": 1, "[1576]華の楽土★4": 1, "[1609]代償魔術★4": 1, "[1670]狩人の夢★4": 1}

编号[f02a7a37f939975b49c941963117947e]
等级: 1
圣晶石: 63
圣晶片: 3
呼符: 50
金/银/铜/青苹果: 43/0/0/0
登陆天数: 3天 / 98天
从者: {"[7]盖乌斯·尤利乌斯·恺撒(Saber)★3": 1, "[72]弗格斯·马克·罗伊(Saber)★3": 2, "[9]吉尔·德·雷(Saber)★3": 2, "[245]拉克什米·芭伊(Saber)★4": 1, "[63]大卫(Archer)★3": 1, "[105]比利小子(Archer)★3": 1, "[15]尤瑞艾莉(Archer)★3": 2, "[125]俵藤太(Archer)★3": 1, "[246]威廉·退尔(Archer)★3": 1, "[17]库·丘林(Lancer)★3": 2, "[71]迪尔姆德·奥迪那(Lancer)★3": 3, "[20]库·丘林〔Prototype〕(Lancer)★3": 2, "[22]罗穆路斯(Lancer)★3": 1, "[23]歌果(Rider)★3": 1, "[94]阿斯托尔福(Rider)★4": 1, "[26]布狄卡(Rider)★3": 2, "[28]亚历山大(Rider)★3": 1, "[273]曼迪卡尔多(Rider)★3": 3, "[79]冯·霍恩海姆·帕拉塞尔苏斯(Caster)★3": 1, "[80]查尔斯·巴贝奇(Caster)★3": 1, "[104]杰罗尼莫(Caster)★3": 2, "[284]阿尔托莉雅·卡斯特(Caster)★5": 1, "[110]百貌哈桑(Assassin)★3": 1, "[81]亨利·杰基尔＆海德(Assassin)★3": 2, "[124]静谧哈桑(Assassin)★3": 1, "[117]风魔小太郎(Assassin)★3": 2, "[49]虎狼(Berserker)★3": 1, "[55]大流士三世(Berserker)★3": 1, "[56]清姬(Berserker)★3": 3, "[1]玛修·基列莱特(Shielder)★3": 1}
礼装: {"[21]钢之锻炼★4": 1, "[89]柳洞寺★3": 2, "[91]爱之灵药★3": 3, "[98]千年黄金树★4": 1, "[183]死之艺术★4": 1, "[186]情窦未开的千金★4": 1, "[243]Bronze-Link Manipulators★3": 1, "[333]许德拉匕首★3": 1, "[246]特辣麻婆豆腐★3": 3, "[247]宝石剑泽尔里奇★3": 2, "[264]援护射击★4": 1, "[265]卡姆兰之战★3": 1, "[418]固有结界★3": 1, "[420]谜之面具群★3": 2, "[580]瓦砾的圣堂★3": 2, "[581]手无寸铁慎二君★3": 1, "[674]神造兵器★3": 2, "[691]噬魂★3": 1, "[813]阿特拉斯的婴儿★5": 1, "[815]樱的特制便当★3": 2, "[1270]庆祝回忆★5": 5, "[1271]头脑风暴★4": 4, "[1272]散状花★3": 6, "[1316]王者的气质★4": 2, "[1513]穗群原学园学生会长★3": 1, "[1610]枯れない花★3": 1, "[1692]免許皆伝★4": 1}

编号[5a1cda14b5beaa3dbd615cfd641ed634]
等级: 1
圣晶石: 1
圣晶片: 3
呼符: 0
金/银/铜/青苹果: 44/0/0/0
登陆天数: 3天 / 98天
从者: {"[7]盖乌斯·尤利乌斯·恺撒(Saber)★3": 1, "[72]弗格斯·马克·罗伊(Saber)★3": 2, "[9]吉尔·德·雷(Saber)★3": 1, "[344]ローラン(Saber)★4": 1, "[13]罗宾汉(Archer)★3": 1, "[63]大卫(Archer)★3": 1, "[105]比利小子(Archer)★3": 2, "[15]尤瑞艾莉(Archer)★3": 1, "[125]俵藤太(Archer)★3": 1, "[95]幼吉尔(Archer)★3": 3, "[246]威廉·退尔(Archer)★3": 2, "[325]芝诺比阿(Archer)★4": 1, "[17]库·丘林(Lancer)★3": 1, "[71]迪尔姆德·奥迪那(Lancer)★3": 2, "[20]库·丘林〔Prototype〕(Lancer)★3": 1, "[22]罗穆路斯(Lancer)★3": 7, "[186]宝藏院胤舜(Lancer)★3": 4, "[64]赫克托耳(Lancer)★3": 1, "[214]瓦尔基里(Lancer)★4": 1, "[23]歌果(Rider)★3": 4, "[26]布狄卡(Rider)★3": 1, "[27]牛若丸(Rider)★3": 1, "[28]亚历山大(Rider)★3": 1, "[273]曼迪卡尔多(Rider)★3": 1, "[332]多布雷尼亚·尼基季奇(Rider)★4": 2, "[31]美狄亚(Caster)★3": 1, "[79]冯·霍恩海姆·帕拉塞尔苏斯(Caster)★3": 2, "[80]查尔斯·巴贝奇(Caster)★3": 2, "[35]梅菲斯托费勒斯(Caster)★3": 3, "[203]阿维斯布隆(Caster)★3": 2, "[110]百貌哈桑(Assassin)★3": 1, "[81]亨利·杰基尔＆海德(Assassin)★3": 3, "[124]静谧哈桑(Assassin)★3": 1, "[42]匕见(Assassin)★3": 3, "[117]风魔小太郎(Assassin)★3": 1, "[159]燕青(Assassin)★4": 2, "[49]虎狼(Berserker)★3": 1, "[55]大流士三世(Berserker)★3": 4, "[56]清姬(Berserker)★3": 3, "[1]玛修·基列莱特(Shielder)★3": 1, "[242]阿斯特赖亚(Ruler)★4": 1, "[352]徐福(Alterego)★3": 2}
礼装: {"[26]宝石魔术·对影★4": 1, "[40]宇宙棱镜★5": 1, "[42]Mooncell Automaton★3": 1, "[56]指令咏唱★4": 1, "[89]柳洞寺★3": 1, "[91]爱之灵药★3": 1, "[182]毒蛇一艺★4": 1, "[243]Bronze-Link Manipulators★3": 1, "[244]四枝之浅滩★3": 2, "[246]特辣麻婆豆腐★3": 2, "[247]宝石剑泽尔里奇★3": 2, "[265]卡姆兰之战★3": 5, "[331]佛拉格拉克★3": 4, "[332]天之逆月★3": 3, "[420]谜之面具群★3": 2, "[580]瓦砾的圣堂★3": 4, "[581]手无寸铁慎二君★3": 1, "[582]阿特拉斯院★3": 1, "[585]幻想种★3": 2, "[674]神造兵器★3": 1, "[691]噬魂★3": 2, "[815]樱的特制便当★3": 1, "[913]远方的前路★4": 1, "[1016]狂舞曲★4": 1, "[1270]庆祝回忆★5": 5, "[1271]头脑风暴★4": 6, "[1272]散状花★3": 13, "[1415]匮乏之人★3": 3, "[1513]穗群原学园学生会长★3": 1, "[1576]華の楽土★4": 1, "[1609]代償魔術★4": 3, "[1610]枯れない花★3": 5, "[1670]狩人の夢★4": 2, "[1692]免許皆伝★4": 1}

编号[1c8d2894fbe72563f0eb5773a648ec67]
等级: 1
圣晶石: 1
圣晶片: 3
呼符: 0
金/银/铜/青苹果: 44/0/0/0
登陆天数: 3天 / 98天
从者: {"[7]盖乌斯·尤利乌斯·恺撒(Saber)★3": 1, "[72]弗格斯·马克·罗伊(Saber)★3": 4, "[13]罗宾汉(Archer)★3": 4, "[63]大卫(Archer)★3": 5, "[105]比利小子(Archer)★3": 1, "[15]尤瑞艾莉(Archer)★3": 2, "[125]俵藤太(Archer)★3": 2, "[95]幼吉尔(Archer)★3": 2, "[207]喀戎(Archer)★4": 1, "[246]威廉·退尔(Archer)★3": 3, "[17]库·丘林(Lancer)★3": 3, "[71]迪尔姆德·奥迪那(Lancer)★3": 4, "[20]库·丘林〔Prototype〕(Lancer)★3": 2, "[22]罗穆路斯(Lancer)★3": 2, "[87]芬恩·麦克库尔(Lancer)★4": 1, "[64]赫克托耳(Lancer)★3": 1, "[183]帕尔瓦蒂(Lancer)★4": 1, "[23]歌果(Rider)★3": 4, "[26]布狄卡(Rider)★3": 3, "[27]牛若丸(Rider)★3": 3, "[28]亚历山大(Rider)★3": 1, "[273]曼迪卡尔多(Rider)★3": 2, "[332]多布雷尼亚·尼基季奇(Rider)★4": 1, "[31]美狄亚(Caster)★3": 1, "[79]冯·霍恩海姆·帕拉塞尔苏斯(Caster)★3": 1, "[35]梅菲斯托费勒斯(Caster)★3": 3, "[104]杰罗尼莫(Caster)★3": 3, "[203]阿维斯布隆(Caster)★3": 1, "[348]張角(Caster)★3": 1, "[110]百貌哈桑(Assassin)★3": 3, "[81]亨利·杰基尔＆海德(Assassin)★3": 2, "[124]静谧哈桑(Assassin)★3": 4, "[42]匕见(Assassin)★3": 3, "[109]卫宫〔Assassin〕(Assassin)★4": 1, "[117]风魔小太郎(Assassin)★3": 3, "[159]燕青(Assassin)★4": 1, "[170]周照(Assassin)★4": 1, "[49]虎狼(Berserker)★3": 1, "[56]清姬(Berserker)★3": 1, "[58]玉藻猫(Berserker)★4": 1, "[1]玛修·基列莱特(Shielder)★3": 1, "[352]徐福(Alterego)★3": 2, "[158]黑森·罗伯(Avenger)★4": 2}
礼装: {"[26]宝石魔术·对影★4": 1, "[56]指令咏唱★4": 1, "[74]觉醒的意志★4": 1, "[89]柳洞寺★3": 3, "[176]记录保持者★4": 1, "[182]毒蛇一艺★4": 1, "[183]死之艺术★4": 1, "[243]Bronze-Link Manipulators★3": 2, "[244]四枝之浅滩★3": 1, "[333]许德拉匕首★3": 3, "[246]特辣麻婆豆腐★3": 3, "[247]宝石剑泽尔里奇★3": 2, "[264]援护射击★4": 1, "[265]卡姆兰之战★3": 3, "[331]佛拉格拉克★3": 5, "[332]天之逆月★3": 1, "[418]固有结界★3": 2, "[419]返老还童的灵药★3": 4, "[420]谜之面具群★3": 2, "[580]瓦砾的圣堂★3": 2, "[582]阿特拉斯院★3": 9, "[585]幻想种★3": 3, "[674]神造兵器★3": 3, "[691]噬魂★3": 3, "[774]最后的叙述者★4": 1, "[815]樱的特制便当★3": 2, "[913]远方的前路★4": 1, "[1130]野心的嚆矢★4": 1, "[1208]韵律诗节★4": 1, "[1270]庆祝回忆★5": 4, "[1271]头脑风暴★4": 9, "[1272]散状花★3": 13, "[1414]愿望之容器★4": 1, "[1415]匮乏之人★3": 1, "[1512]庭园的守护者★4": 1, "[1513]穗群原学园学生会长★3": 2, "[1607]投影装填★4": 1, "[1608]悲願の継承★4": 1, "[1610]枯れない花★3": 1}

编号[f9d515995f12b06b62d31ae9c0cd978d]
等级: 1
圣晶石: 291
圣晶片: 3
呼符: 50
金/银/铜/青苹果: 43/0/0/0
登陆天数: 3天 / 98天
从者: {"[9]吉尔·德·雷(Saber)★3": 1, "[13]罗宾汉(Archer)★3": 1, "[63]大卫(Archer)★3": 1, "[17]库·丘林(Lancer)★3": 1, "[20]库·丘林〔Prototype〕(Lancer)★3": 1, "[284]阿尔托莉雅·卡斯特(Caster)★5": 1, "[58]玉藻猫(Berserker)★4": 1, "[1]玛修·基列莱特(Shielder)★3": 1}
礼装: {"[21]钢之锻炼★4": 1, "[264]援护射击★4": 1, "[585]幻想种★3": 1}

编号[a60efb6abc9a029a1d711cf5f651440a]
等级: 1
圣晶石: 273
圣晶片: 3
呼符: 50
金/银/铜/青苹果: 43/0/0/0
登陆天数: 3天 / 98天
从者: {"[13]罗宾汉(Archer)★3": 1, "[17]库·丘林(Lancer)★3": 1, "[71]迪尔姆德·奥迪那(Lancer)★3": 2, "[186]宝藏院胤舜(Lancer)★3": 1, "[214]瓦尔基里(Lancer)★4": 1, "[273]曼迪卡尔多(Rider)★3": 1, "[79]冯·霍恩海姆·帕拉塞尔苏斯(Caster)★3": 1, "[284]阿尔托莉雅·卡斯特(Caster)★5": 1, "[1]玛修·基列莱特(Shielder)★3": 1}
礼装: {"[39]抹大拉的圣骸布★4": 1, "[580]瓦砾的圣堂★3": 1, "[814]清扫者★4": 1, "[1272]散状花★3": 1, "[1513]穗群原学园学生会长★3": 1, "[1610]枯れない花★3": 2}

编号[1fcd5077e27333b500eff01501da491e]
等级: 1
圣晶石: 1
圣晶片: 3
呼符: 0
金/银/铜/青苹果: 44/0/0/0
登陆天数: 3天 / 98天
从者: {"[7]盖乌斯·尤利乌斯·恺撒(Saber)★3": 1, "[72]弗格斯·马克·罗伊(Saber)★3": 2, "[9]吉尔·德·雷(Saber)★3": 2, "[245]拉克什米·芭伊(Saber)★4": 1, "[13]罗宾汉(Archer)★3": 2, "[63]大卫(Archer)★3": 1, "[105]比利小子(Archer)★3": 2, "[15]尤瑞艾莉(Archer)★3": 2, "[125]俵藤太(Archer)★3": 2, "[95]幼吉尔(Archer)★3": 3, "[246]威廉·退尔(Archer)★3": 3, "[17]库·丘林(Lancer)★3": 2, "[71]迪尔姆德·奥迪那(Lancer)★3": 1, "[20]库·丘林〔Prototype〕(Lancer)★3": 1, "[22]罗穆路斯(Lancer)★3": 1, "[64]赫克托耳(Lancer)★3": 1, "[183]帕尔瓦蒂(Lancer)★4": 1, "[23]歌果(Rider)★3": 1, "[94]阿斯托尔福(Rider)★4": 1, "[26]布狄卡(Rider)★3": 2, "[27]牛若丸(Rider)★3": 2, "[28]亚历山大(Rider)★3": 1, "[29]玛丽·安托瓦内特(Rider)★4": 1, "[273]曼迪卡尔多(Rider)★3": 1, "[31]美狄亚(Caster)★3": 1, "[79]冯·霍恩海姆·帕拉塞尔苏斯(Caster)★3": 2, "[80]查尔斯·巴贝奇(Caster)★3": 3, "[120]尼托克丽丝(Caster)★4": 1, "[35]梅菲斯托费勒斯(Caster)★3": 2, "[104]杰罗尼莫(Caster)★3": 1, "[203]阿维斯布隆(Caster)★3": 2, "[348]張角(Caster)★3": 2, "[110]百貌哈桑(Assassin)★3": 1, "[81]亨利·杰基尔＆海德(Assassin)★3": 4, "[124]静谧哈桑(Assassin)★3": 1, "[42]匕见(Assassin)★3": 3, "[117]风魔小太郎(Assassin)★3": 2, "[49]虎狼(Berserker)★3": 2, "[55]大流士三世(Berserker)★3": 1, "[56]清姬(Berserker)★3": 1, "[116]茨木童子(Berserker)★4": 1, "[171]彭忒西勒亚(Berserker)★4": 1, "[1]玛修·基列莱特(Shielder)★3": 1, "[352]徐福(Alterego)★3": 6, "[335]ヘファイスティオン(Pretender)★4": 1}
礼装: {"[89]柳洞寺★3": 2, "[91]爱之灵药★3": 2, "[93]阿兰若★3": 1, "[98]千年黄金树★4": 1, "[184]柔软的慈爱★4": 1, "[243]Bronze-Link Manipulators★3": 1, "[244]四枝之浅滩★3": 1, "[247]宝石剑泽尔里奇★3": 1, "[332]天之逆月★3": 1, "[420]谜之面具群★3": 1, "[581]手无寸铁慎二君★3": 2, "[585]幻想种★3": 3, "[674]神造兵器★3": 1, "[691]噬魂★3": 2, "[815]樱的特制便当★3": 1, "[1208]韵律诗节★4": 1, "[1270]庆祝回忆★5": 5, "[1271]头脑风暴★4": 9, "[1272]散状花★3": 10, "[1412]宝石的魔弹★4": 1, "[1415]匮乏之人★3": 3, "[1513]穗群原学园学生会长★3": 3, "[1577]告解の惑い場★4": 1, "[1609]代償魔術★4": 1, "[1610]枯れない花★3": 2, "[1670]狩人の夢★4": 1, "[1692]免許皆伝★4": 1}

编号[66bc5ff716095326d41f52f8517c5484]
等级: 1
圣晶石: 117
圣晶片: 3
呼符: 50
金/银/铜/青苹果: 43/0/0/0
登陆天数: 3天 / 98天
从者: {"[7]盖乌斯·尤利乌斯·恺撒(Saber)★3": 1, "[72]弗格斯·马克·罗伊(Saber)★3": 2, "[9]吉尔·德·雷(Saber)★3": 1, "[344]ローラン(Saber)★4": 1, "[298]渡边纲(Saber)★4": 1, "[63]大卫(Archer)★3": 2, "[105]比利小子(Archer)★3": 2, "[125]俵藤太(Archer)★3": 1, "[95]幼吉尔(Archer)★3": 1, "[17]库·丘林(Lancer)★3": 2, "[71]迪尔姆德·奥迪那(Lancer)★3": 4, "[20]库·丘林〔Prototype〕(Lancer)★3": 1, "[64]赫克托耳(Lancer)★3": 1, "[214]瓦尔基里(Lancer)★4": 1, "[23]歌果(Rider)★3": 1, "[26]布狄卡(Rider)★3": 1, "[27]牛若丸(Rider)★3": 1, "[28]亚历山大(Rider)★3": 2, "[273]曼迪卡尔多(Rider)★3": 1, "[31]美狄亚(Caster)★3": 2, "[79]冯·霍恩海姆·帕拉塞尔苏斯(Caster)★3": 1, "[80]查尔斯·巴贝奇(Caster)★3": 1, "[104]杰罗尼莫(Caster)★3": 1, "[284]阿尔托莉雅·卡斯特(Caster)★5": 1, "[110]百貌哈桑(Assassin)★3": 1, "[81]亨利·杰基尔＆海德(Assassin)★3": 1, "[124]静谧哈桑(Assassin)★3": 1, "[42]匕见(Assassin)★3": 2, "[116]茨木童子(Berserker)★4": 1, "[1]玛修·基列莱特(Shielder)★3": 1}
礼装: {"[21]钢之锻炼★4": 1, "[73]死灵魔术★4": 1, "[89]柳洞寺★3": 1, "[244]四枝之浅滩★3": 1, "[333]许德拉匕首★3": 1, "[246]特辣麻婆豆腐★3": 1, "[247]宝石剑泽尔里奇★3": 1, "[331]佛拉格拉克★3": 2, "[401]私室警备员★4": 2, "[420]谜之面具群★3": 2, "[582]阿特拉斯院★3": 2, "[585]幻想种★3": 1, "[674]神造兵器★3": 1, "[691]噬魂★3": 1, "[814]清扫者★4": 1, "[815]樱的特制便当★3": 1, "[1208]韵律诗节★4": 1, "[1270]庆祝回忆★5": 2, "[1271]头脑风暴★4": 3, "[1272]散状花★3": 7, "[1415]匮乏之人★3": 1, "[1513]穗群原学园学生会长★3": 1, "[1576]華の楽土★4": 1, "[1608]悲願の継承★4": 1}

编号[9f771e5dfe8d995043dc9ee23961bd1c]
等级: 1
圣晶石: 261
圣晶片: 3
呼符: 50
金/银/铜/青苹果: 43/0/0/0
登陆天数: 3天 / 98天
从者: {"[15]尤瑞艾莉(Archer)★3": 1, "[125]俵藤太(Archer)★3": 1, "[325]芝诺比阿(Archer)★4": 1, "[64]赫克托耳(Lancer)★3": 1, "[214]瓦尔基里(Lancer)★4": 1, "[27]牛若丸(Rider)★3": 1, "[35]梅菲斯托费勒斯(Caster)★3": 1, "[284]阿尔托莉雅·卡斯特(Caster)★5": 1, "[42]匕见(Assassin)★3": 2, "[49]虎狼(Berserker)★3": 2, "[55]大流士三世(Berserker)★3": 1, "[1]玛修·基列莱特(Shielder)★3": 1}
礼装: {"[244]四枝之浅滩★3": 1, "[333]许德拉匕首★3": 2, "[265]卡姆兰之战★3": 1, "[774]最后的叙述者★4": 1, "[1270]庆祝回忆★5": 1, "[1271]头脑风暴★4": 1, "[1316]王者的气质★4": 1, "[1609]代償魔術★4": 1}

编号[90c20ee4c898b4b550d26666b5621be4]
等级: 1
圣晶石: 1
圣晶片: 3
呼符: 0
金/银/铜/青苹果: 44/0/0/0
登陆天数: 3天 / 98天
从者: {"[7]盖乌斯·尤利乌斯·恺撒(Saber)★3": 1, "[101]罗摩(Saber)★4": 1, "[9]吉尔·德·雷(Saber)★3": 2, "[298]渡边纲(Saber)★4": 1, "[63]大卫(Archer)★3": 2, "[105]比利小子(Archer)★3": 2, "[15]尤瑞艾莉(Archer)★3": 3, "[125]俵藤太(Archer)★3": 2, "[95]幼吉尔(Archer)★3": 1, "[246]威廉·退尔(Archer)★3": 1, "[17]库·丘林(Lancer)★3": 3, "[71]迪尔姆德·奥迪那(Lancer)★3": 1, "[140]弗拉德三世〔EXTRA〕(Lancer)★4": 1, "[20]库·丘林〔Prototype〕(Lancer)★3": 1, "[22]罗穆路斯(Lancer)★3": 1, "[186]宝藏院胤舜(Lancer)★3": 1, "[64]赫克托耳(Lancer)★3": 1, "[193]莲偶(Lancer)★4": 1, "[23]歌果(Rider)★3": 1, "[66]安妮·伯妮＆玛莉·瑞德(Rider)★4": 1, "[26]布狄卡(Rider)★3": 1, "[28]亚历山大(Rider)★3": 1, "[273]曼迪卡尔多(Rider)★3": 2, "[31]美狄亚(Caster)★3": 2, "[79]冯·霍恩海姆·帕拉塞尔苏斯(Caster)★3": 1, "[80]查尔斯·巴贝奇(Caster)★3": 1, "[35]梅菲斯托费勒斯(Caster)★3": 2, "[104]杰罗尼莫(Caster)★3": 1, "[192]喀耳刻(Caster)★4": 2, "[203]阿维斯布隆(Caster)★3": 1, "[348]張角(Caster)★3": 3, "[110]百貌哈桑(Assassin)★3": 1, "[81]亨利·杰基尔＆海德(Assassin)★3": 2, "[124]静谧哈桑(Assassin)★3": 1, "[42]匕见(Assassin)★3": 2, "[117]风魔小太郎(Assassin)★3": 1, "[47]赫拉克勒斯(Berserker)★4": 1, "[49]虎狼(Berserker)★3": 2, "[55]大流士三世(Berserker)★3": 1, "[56]清姬(Berserker)★3": 1, "[171]彭忒西勒亚(Berserker)★4": 2, "[1]玛修·基列莱特(Shielder)★3": 1, "[352]徐福(Alterego)★3": 4}
礼装: {"[24]Gandr★4": 1, "[89]柳洞寺★3": 1, "[91]爱之灵药★3": 1, "[182]毒蛇一艺★4": 1, "[244]四枝之浅滩★3": 2, "[333]许德拉匕首★3": 1, "[246]特辣麻婆豆腐★3": 3, "[265]卡姆兰之战★3": 1, "[332]天之逆月★3": 2, "[418]固有结界★3": 4, "[420]谜之面具群★3": 4, "[580]瓦砾的圣堂★3": 1, "[581]手无寸铁慎二君★3": 2, "[582]阿特拉斯院★3": 1, "[674]神造兵器★3": 2, "[691]噬魂★3": 5, "[815]樱的特制便当★3": 1, "[1270]庆祝回忆★5": 7, "[1271]头脑风暴★4": 10, "[1272]散状花★3": 19, "[1415]匮乏之人★3": 3, "[1513]穗群原学园学生会长★3": 5, "[1577]告解の惑い場★4": 2, "[1607]投影装填★4": 1, "[1610]枯れない花★3": 1}

编号[b6b77e1089423f36a6cbea47a41d45db]
等级: 1
圣晶石: 246
圣晶片: 3
呼符: 50
金/银/铜/青苹果: 43/0/0/0
登陆天数: 3天 / 98天
从者: {"[9]吉尔·德·雷(Saber)★3": 1, "[63]大卫(Archer)★3": 1, "[15]尤瑞艾莉(Archer)★3": 1, "[325]芝诺比阿(Archer)★4": 2, "[64]赫克托耳(Lancer)★3": 1, "[27]牛若丸(Rider)★3": 1, "[31]美狄亚(Caster)★3": 1, "[80]查尔斯·巴贝奇(Caster)★3": 1, "[284]阿尔托莉雅·卡斯特(Caster)★5": 1, "[110]百貌哈桑(Assassin)★3": 1, "[124]静谧哈桑(Assassin)★3": 1, "[49]虎狼(Berserker)★3": 1, "[56]清姬(Berserker)★3": 1, "[1]玛修·基列莱特(Shielder)★3": 1}
礼装: {"[246]特辣麻婆豆腐★3": 1, "[265]卡姆兰之战★3": 1, "[331]佛拉格拉克★3": 1, "[332]天之逆月★3": 1, "[420]谜之面具群★3": 2, "[580]瓦砾的圣堂★3": 1, "[691]噬魂★3": 1, "[1271]头脑风暴★4": 1, "[1272]散状花★3": 4, "[1316]王者的气质★4": 1, "[1415]匮乏之人★3": 1}

编号[495c51119a96b6f526f0273e0b0ce4a9]
等级: 1
圣晶石: 1
圣晶片: 3
呼符: 0
金/银/铜/青苹果: 44/0/0/0
登陆天数: 3天 / 98天
从者: {"[7]盖乌斯·尤利乌斯·恺撒(Saber)★3": 2, "[72]弗格斯·马克·罗伊(Saber)★3": 3, "[9]吉尔·德·雷(Saber)★3": 2, "[344]ローラン(Saber)★4": 1, "[298]渡边纲(Saber)★4": 1, "[13]罗宾汉(Archer)★3": 2, "[63]大卫(Archer)★3": 1, "[105]比利小子(Archer)★3": 2, "[125]俵藤太(Archer)★3": 4, "[95]幼吉尔(Archer)★3": 1, "[246]威廉·退尔(Archer)★3": 2, "[17]库·丘林(Lancer)★3": 1, "[71]迪尔姆德·奥迪那(Lancer)★3": 1, "[20]库·丘林〔Prototype〕(Lancer)★3": 3, "[22]罗穆路斯(Lancer)★3": 2, "[186]宝藏院胤舜(Lancer)★3": 1, "[64]赫克托耳(Lancer)★3": 4, "[313]珀西瓦尔(Lancer)★4": 1, "[23]歌果(Rider)★3": 2, "[66]安妮·伯妮＆玛莉·瑞德(Rider)★4": 1, "[26]布狄卡(Rider)★3": 1, "[27]牛若丸(Rider)★3": 2, "[28]亚历山大(Rider)★3": 3, "[273]曼迪卡尔多(Rider)★3": 1, "[31]美狄亚(Caster)★3": 4, "[79]冯·霍恩海姆·帕拉塞尔苏斯(Caster)★3": 1, "[80]查尔斯·巴贝奇(Caster)★3": 2, "[35]梅菲斯托费勒斯(Caster)★3": 3, "[104]杰罗尼莫(Caster)★3": 2, "[203]阿维斯布隆(Caster)★3": 2, "[110]百貌哈桑(Assassin)★3": 2, "[81]亨利·杰基尔＆海德(Assassin)★3": 1, "[41]斯忒诺(Assassin)★4": 1, "[42]匕见(Assassin)★3": 1, "[117]风魔小太郎(Assassin)★3": 2, "[170]周照(Assassin)★4": 1, "[185]望月千代女(Assassin)★4": 1, "[49]虎狼(Berserker)★3": 3, "[89]贝奥武夫(Berserker)★4": 1, "[55]大流士三世(Berserker)★3": 1, "[56]清姬(Berserker)★3": 1, "[58]玉藻猫(Berserker)★4": 1, "[1]玛修·基列莱特(Shielder)★3": 1}
礼装: {"[26]宝石魔术·对影★4": 1, "[89]柳洞寺★3": 2, "[91]爱之灵药★3": 2, "[98]千年黄金树★4": 1, "[183]死之艺术★4": 1, "[184]柔软的慈爱★4": 2, "[243]Bronze-Link Manipulators★3": 1, "[244]四枝之浅滩★3": 2, "[401]私室警备员★4": 1, "[418]固有结界★3": 1, "[419]返老还童的灵药★3": 1, "[420]谜之面具群★3": 3, "[581]手无寸铁慎二君★3": 2, "[674]神造兵器★3": 1, "[774]最后的叙述者★4": 1, "[815]樱的特制便当★3": 1, "[913]远方的前路★4": 1, "[1130]野心的嚆矢★4": 1, "[1270]庆祝回忆★5": 5, "[1271]头脑风暴★4": 5, "[1272]散状花★3": 18, "[1316]王者的气质★4": 1, "[1414]愿望之容器★4": 2, "[1415]匮乏之人★3": 1, "[1485]冬之结晶★4": 1, "[1512]庭园的守护者★4": 1, "[1513]穗群原学园学生会长★3": 2, "[1575]幻想の姫★5": 1, "[1608]悲願の継承★4": 1, "[1609]代償魔術★4": 1, "[1610]枯れない花★3": 3, "[1692]免許皆伝★4": 1}

编号[00a68a6124b880ac26548bd22af76ed3]
等级: 1
圣晶石: 1
圣晶片: 3
呼符: 0
金/银/铜/青苹果: 44/0/0/0
登陆天数: 3天 / 98天
从者: {"[7]盖乌斯·尤利乌斯·恺撒(Saber)★3": 2, "[72]弗格斯·马克·罗伊(Saber)★3": 1, "[9]吉尔·德·雷(Saber)★3": 1, "[223]迪尔姆德·奥迪那(Saber)★4": 1, "[13]罗宾汉(Archer)★3": 1, "[63]大卫(Archer)★3": 1, "[15]尤瑞艾莉(Archer)★3": 1, "[125]俵藤太(Archer)★3": 1, "[95]幼吉尔(Archer)★3": 1, "[246]威廉·退尔(Archer)★3": 1, "[17]库·丘林(Lancer)★3": 1, "[71]迪尔姆德·奥迪那(Lancer)★3": 1, "[18]伊丽莎白·巴托里(Lancer)★4": 1, "[20]库·丘林〔Prototype〕(Lancer)★3": 4, "[186]宝藏院胤舜(Lancer)★3": 1, "[64]赫克托耳(Lancer)★3": 2, "[23]歌果(Rider)★3": 5, "[26]布狄卡(Rider)★3": 1, "[27]牛若丸(Rider)★3": 1, "[28]亚历山大(Rider)★3": 4, "[273]曼迪卡尔多(Rider)★3": 1, "[366]黄飛虎(Rider)★4": 1, "[31]美狄亚(Caster)★3": 2, "[79]冯·霍恩海姆·帕拉塞尔苏斯(Caster)★3": 1, "[80]查尔斯·巴贝奇(Caster)★3": 2, "[35]梅菲斯托费勒斯(Caster)★3": 2, "[192]喀耳刻(Caster)★4": 1, "[203]阿维斯布隆(Caster)★3": 2, "[348]張角(Caster)★3": 2, "[110]百貌哈桑(Assassin)★3": 2, "[81]亨利·杰基尔＆海德(Assassin)★3": 2, "[124]静谧哈桑(Assassin)★3": 1, "[41]斯忒诺(Assassin)★4": 1, "[42]匕见(Assassin)★3": 3, "[49]虎狼(Berserker)★3": 2, "[55]大流士三世(Berserker)★3": 2, "[56]清姬(Berserker)★3": 4, "[171]彭忒西勒亚(Berserker)★4": 1, "[1]玛修·基列莱特(Shielder)★3": 1, "[352]徐福(Alterego)★3": 2}
礼装: {"[21]钢之锻炼★4": 1, "[37]芦苇海★3": 1, "[74]觉醒的意志★4": 1, "[75]五百年的执着★5": 1, "[89]柳洞寺★3": 1, "[93]阿兰若★3": 1, "[98]千年黄金树★4": 2, "[243]Bronze-Link Manipulators★3": 1, "[244]四枝之浅滩★3": 1, "[333]许德拉匕首★3": 4, "[246]特辣麻婆豆腐★3": 1, "[247]宝石剑泽尔里奇★3": 1, "[265]卡姆兰之战★3": 1, "[331]佛拉格拉克★3": 2, "[418]固有结界★3": 1, "[419]返老还童的灵药★3": 2, "[420]谜之面具群★3": 2, "[580]瓦砾的圣堂★3": 2, "[581]手无寸铁慎二君★3": 2, "[674]神造兵器★3": 1, "[815]樱的特制便当★3": 2, "[1208]韵律诗节★4": 1, "[1270]庆祝回忆★5": 7, "[1271]头脑风暴★4": 8, "[1272]散状花★3": 11, "[1316]王者的气质★4": 1, "[1512]庭园的守护者★4": 2, "[1513]穗群原学园学生会长★3": 3, "[1577]告解の惑い場★4": 1, "[1607]投影装填★4": 1, "[1608]悲願の継承★4": 1, "[1609]代償魔術★4": 1, "[1610]枯れない花★3": 5, "[1670]狩人の夢★4": 1, "[1692]免許皆伝★4": 1}

