编号[756a08240d57645215b7dc9f09d28c50]
等级: 1
圣晶石: 2
圣晶片: 3
呼符: 0
金/银/铜/青苹果: 0/0/0/0
登陆天数: 2天 / 2天
从者: {"[13]罗宾汉(Archer)★3": 1, "[94]阿斯托尔福(Rider)★4": 1, "[332]ドブルイニャ・ニキチッチ(Rider)★4": 1, "[31]美狄亚(Caster)★3": 1, "[41]斯忒诺(Assassin)★4": 1, "[47]赫拉克勒斯(Berserker)★4": 1, "[56]清姬(Berserker)★3": 1, "[1]玛修·基列莱特(Shielder)★3": 1}
礼装: {"[21]钢之锻炼★4": 1, "[25]绿之破音★4": 1, "[46]符文石★3": 1, "[47]一之太刀★4": 1}

编号[cd915c090155f368f6fa99dca418eb70]
等级: 1
圣晶石: 2
圣晶片: 3
呼符: 0
金/银/铜/青苹果: 0/0/0/0
登陆天数: 2天 / 2天
从者: {"[7]盖乌斯·尤利乌斯·恺撒(Saber)★3": 1, "[245]拉克什米·芭伊(Saber)★4": 1, "[325]ゼノビア(Archer)★4": 2, "[64]赫克托耳(Lancer)★3": 1, "[26]布狄卡(Rider)★3": 1, "[79]冯·霍恩海姆·帕拉塞尔苏斯(Caster)★3": 1, "[1]玛修·基列莱特(Shielder)★3": 1}
礼装: {"[21]钢之锻炼★4": 1, "[23]投影魔术★4": 1, "[38]封印指定　执行者★4": 1, "[89]柳洞寺★3": 1}

编号[6598075f4d87c8996a1ce097b3edd2ac]
等级: 1
圣晶石: 2
圣晶片: 3
呼符: 0
金/银/铜/青苹果: 0/0/0/0
登陆天数: 2天 / 2天
从者: {"[72]弗格斯·马克·罗伊(Saber)★3": 1, "[13]罗宾汉(Archer)★3": 1, "[26]布狄卡(Rider)★3": 1, "[79]冯·霍恩海姆·帕拉塞尔苏斯(Caster)★3": 1, "[192]喀耳刻(Caster)★4": 1, "[42]匕见(Assassin)★3": 1, "[1]玛修·基列莱特(Shielder)★3": 1}
礼装: {"[21]钢之锻炼★4": 1, "[46]符文石★3": 1, "[72]时钟塔★3": 1, "[89]柳洞寺★3": 1, "[92]白鹳骑士★3": 1}

编号[aa3de49932193ecc29daadfb491b1a6f]
等级: 1
圣晶石: 2
圣晶片: 3
呼符: 0
金/银/铜/青苹果: 0/0/0/0
登陆天数: 2天 / 2天
从者: {"[13]罗宾汉(Archer)★3": 1, "[22]罗穆路斯(Lancer)★3": 1, "[332]ドブルイニャ・ニキチッチ(Rider)★4": 1, "[31]美狄亚(Caster)★3": 1, "[55]大流士三世(Berserker)★3": 1, "[1]玛修·基列莱特(Shielder)★3": 1}
礼装: {"[24]Gandr★4": 1, "[42]Mooncell Automaton★3": 1, "[55]扬帆远航★3": 1, "[74]觉醒的意志★4": 1, "[89]柳洞寺★3": 1, "[93]阿兰若★3": 1}

编号[9ccc581b44265fcc552e9184beba3e72]
等级: 1
圣晶石: 2
圣晶片: 3
呼符: 0
金/银/铜/青苹果: 0/0/0/0
登陆天数: 2天 / 2天
从者: {"[72]弗格斯·马克·罗伊(Saber)★3": 3, "[22]罗穆路斯(Lancer)★3": 1, "[214]瓦尔基里(Lancer)★4": 1, "[26]布狄卡(Rider)★3": 1, "[81]亨利·杰基尔＆海德(Assassin)★3": 2, "[41]斯忒诺(Assassin)★4": 1, "[55]大流士三世(Berserker)★3": 1, "[1]玛修·基列莱特(Shielder)★3": 1}
礼装: {"[74]觉醒的意志★4": 1}

编号[cb16a4b612f39313c079adefe79b6b74]
等级: 1
圣晶石: 2
圣晶片: 3
呼符: 0
金/银/铜/青苹果: 0/0/0/0
登陆天数: 2天 / 2天
从者: {"[7]盖乌斯·尤利乌斯·恺撒(Saber)★3": 1, "[15]尤瑞艾莉(Archer)★3": 2, "[71]迪尔姆德·奥迪那(Lancer)★3": 1, "[20]库·丘林〔Prototype〕(Lancer)★3": 1, "[27]牛若丸(Rider)★3": 1, "[31]美狄亚(Caster)★3": 1, "[120]尼托克丽丝(Caster)★4": 1, "[1]玛修·基列莱特(Shielder)★3": 1}
礼装: {"[39]抹大拉的圣骸布★4": 1, "[89]柳洞寺★3": 1, "[95]狮子玩偶★3": 1}

编号[54b0d26c6ef6bd7ad83710a2cef217cc]
等级: 1
圣晶石: 2
圣晶片: 3
呼符: 0
金/银/铜/青苹果: 0/0/0/0
登陆天数: 2天 / 2天
从者: {"[13]罗宾汉(Archer)★3": 1, "[15]尤瑞艾莉(Archer)★3": 1, "[18]伊丽莎白·巴托里(Lancer)★4": 2, "[23]美杜莎(Rider)★3": 1, "[192]喀耳刻(Caster)★4": 1, "[81]亨利·杰基尔＆海德(Assassin)★3": 1, "[1]玛修·基列莱特(Shielder)★3": 1}
礼装: {"[27]秉持优雅★4": 1, "[65]魔猪★3": 1, "[72]时钟塔★3": 1, "[74]觉醒的意志★4": 1}

编号[3850ddf65270eb87a5da445580cc1537]
等级: 1
圣晶石: 2
圣晶片: 3
呼符: 0
金/银/铜/青苹果: 0/0/0/0
登陆天数: 2天 / 2天
从者: {"[72]弗格斯·马克·罗伊(Saber)★3": 1, "[298]渡边纲(Saber)★4": 1, "[13]罗宾汉(Archer)★3": 1, "[18]伊丽莎白·巴托里(Lancer)★4": 1, "[20]库·丘林〔Prototype〕(Lancer)★3": 2, "[64]赫克托耳(Lancer)★3": 1, "[42]匕见(Assassin)★3": 1, "[58]玉藻猫(Berserker)★4": 1, "[1]玛修·基列莱特(Shielder)★3": 1}
礼装: {"[23]投影魔术★4": 1, "[26]宝石魔术·对影★4": 1}

编号[edad4f58265eda758e7673b359b37665]
等级: 1
圣晶石: 2
圣晶片: 3
呼符: 0
金/银/铜/青苹果: 0/0/0/0
登陆天数: 2天 / 2天
从者: {"[63]大卫(Archer)★3": 1, "[20]库·丘林〔Prototype〕(Lancer)★3": 1, "[64]赫克托耳(Lancer)★3": 1, "[31]美狄亚(Caster)★3": 1, "[79]冯·霍恩海姆·帕拉塞尔苏斯(Caster)★3": 1, "[47]赫拉克勒斯(Berserker)★4": 1, "[55]大流士三世(Berserker)★3": 1, "[1]玛修·基列莱特(Shielder)★3": 1}
礼装: {"[21]钢之锻炼★4": 1, "[22]原始咒术★4": 1, "[90]魔力计★3": 1, "[92]白鹳骑士★3": 1}

编号[265723978c208a85ca7911d3d493842a]
等级: 1
圣晶石: 2
圣晶片: 3
呼符: 0
金/银/铜/青苹果: 0/0/0/0
登陆天数: 2天 / 2天
从者: {"[7]盖乌斯·尤利乌斯·恺撒(Saber)★3": 1, "[245]拉克什米·芭伊(Saber)★4": 1, "[15]尤瑞艾莉(Archer)★3": 1, "[17]库·丘林(Lancer)★3": 1, "[27]牛若丸(Rider)★3": 1, "[28]亚历山大(Rider)★3": 1, "[35]梅菲斯托费勒斯(Caster)★3": 1, "[192]喀耳刻(Caster)★4": 1, "[42]匕见(Assassin)★3": 1, "[49]虎狼(Berserker)★3": 1, "[1]玛修·基列莱特(Shielder)★3": 1}
礼装: {"[21]钢之锻炼★4": 1}

编号[4328e7de477b0d31404a35b44822e8d4]
等级: 1
圣晶石: 2
圣晶片: 3
呼符: 0
金/银/铜/青苹果: 0/0/0/0
登陆天数: 2天 / 2天
从者: {"[9]吉尔·德·雷(Saber)★3": 1, "[11]卫宫(Archer)★4": 1, "[214]瓦尔基里(Lancer)★4": 1, "[27]牛若丸(Rider)★3": 1, "[31]美狄亚(Caster)★3": 1, "[79]冯·霍恩海姆·帕拉塞尔苏斯(Caster)★3": 2, "[1]玛修·基列莱特(Shielder)★3": 1}
礼装: {"[29]天之晚餐★4": 1, "[39]抹大拉的圣骸布★4": 1, "[66]骑士的矜持★4": 1, "[89]柳洞寺★3": 1}

编号[0242fbfcdae9fe8e5c39374bc8202bce]
等级: 1
圣晶石: 2
圣晶片: 3
呼符: 0
金/银/铜/青苹果: 0/0/0/0
登陆天数: 2天 / 2天
从者: {"[11]卫宫(Archer)★4": 1, "[20]库·丘林〔Prototype〕(Lancer)★3": 1, "[22]罗穆路斯(Lancer)★3": 1, "[23]美杜莎(Rider)★3": 1, "[192]喀耳刻(Caster)★4": 1, "[47]赫拉克勒斯(Berserker)★4": 1, "[49]虎狼(Berserker)★3": 1, "[1]玛修·基列莱特(Shielder)★3": 1}
礼装: {"[23]投影魔术★4": 1, "[25]绿之破音★4": 1, "[73]死灵魔术★4": 1, "[98]千年黄金树★4": 1}

编号[13a63b408285faa3a367da9d0172f497]
等级: 1
圣晶石: 2
圣晶片: 3
呼符: 0
金/银/铜/青苹果: 0/0/0/0
登陆天数: 2天 / 2天
从者: {"[11]卫宫(Archer)★4": 1, "[20]库·丘林〔Prototype〕(Lancer)★3": 1, "[26]布狄卡(Rider)★3": 1, "[28]亚历山大(Rider)★3": 1, "[81]亨利·杰基尔＆海德(Assassin)★3": 1, "[1]玛修·基列莱特(Shielder)★3": 1}
礼装: {"[25]绿之破音★4": 1, "[55]扬帆远航★3": 1, "[91]爱之灵药★3": 1, "[92]白鹳骑士★3": 2, "[98]千年黄金树★4": 1}

编号[bace73fedd67a8da40d18d345f29f6d1]
等级: 1
圣晶石: 2
圣晶片: 3
呼符: 0
金/银/铜/青苹果: 0/0/0/0
登陆天数: 2天 / 2天
从者: {"[9]吉尔·德·雷(Saber)★3": 1, "[63]大卫(Archer)★3": 1, "[15]尤瑞艾莉(Archer)★3": 2, "[214]瓦尔基里(Lancer)★4": 1, "[332]ドブルイニャ・ニキチッチ(Rider)★4": 2, "[1]玛修·基列莱特(Shielder)★3": 1}
礼装: {"[30]天使之诗★4": 1, "[72]时钟塔★3": 1, "[96]鲁格的光环★3": 1, "[98]千年黄金树★4": 1}

编号[23274aa375a1a4686f1ee56949f4251c]
等级: 1
圣晶石: 2
圣晶片: 3
呼符: 0
金/银/铜/青苹果: 0/0/0/0
登陆天数: 2天 / 2天
从者: {"[15]尤瑞艾莉(Archer)★3": 1, "[17]库·丘林(Lancer)★3": 1, "[18]伊丽莎白·巴托里(Lancer)★4": 1, "[22]罗穆路斯(Lancer)★3": 1, "[80]查尔斯·巴贝奇(Caster)★3": 1, "[120]尼托克丽丝(Caster)★4": 1, "[81]亨利·杰基尔＆海德(Assassin)★3": 1, "[1]玛修·基列莱特(Shielder)★3": 1}
礼装: {"[25]绿之破音★4": 1, "[27]秉持优雅★4": 1, "[55]扬帆远航★3": 1, "[94]摩托·装甲骑兵★3": 1}

编号[ffa1ec102aab067ff7d6064f5291ee90]
等级: 1
圣晶石: 2
圣晶片: 3
呼符: 0
金/银/铜/青苹果: 0/0/0/0
登陆天数: 2天 / 2天
从者: {"[245]拉克什米·芭伊(Saber)★4": 1, "[13]罗宾汉(Archer)★3": 1, "[18]伊丽莎白·巴托里(Lancer)★4": 1, "[214]瓦尔基里(Lancer)★4": 1, "[81]亨利·杰基尔＆海德(Assassin)★3": 1, "[41]斯忒诺(Assassin)★4": 2, "[49]虎狼(Berserker)★3": 1, "[1]玛修·基列莱特(Shielder)★3": 1}
礼装: {"[24]Gandr★4": 1, "[28]虚数魔术★4": 1, "[92]白鹳骑士★3": 1}

编号[b2636f716c7269c06d18917ef78a277f]
等级: 1
圣晶石: 2
圣晶片: 3
呼符: 0
金/银/铜/青苹果: 0/0/0/0
登陆天数: 2天 / 2天
从者: {"[72]弗格斯·马克·罗伊(Saber)★3": 1, "[245]拉克什米·芭伊(Saber)★4": 1, "[325]ゼノビア(Archer)★4": 1, "[20]库·丘林〔Prototype〕(Lancer)★3": 2, "[23]美杜莎(Rider)★3": 1, "[27]牛若丸(Rider)★3": 1, "[41]斯忒诺(Assassin)★4": 1, "[1]玛修·基列莱特(Shielder)★3": 1}
礼装: {"[22]原始咒术★4": 1, "[46]符文石★3": 1, "[73]死灵魔术★4": 1}

编号[783e8c7a0f662bf10982a9922230aacd]
等级: 1
圣晶石: 2
圣晶片: 3
呼符: 0
金/银/铜/青苹果: 0/0/0/0
登陆天数: 2天 / 2天
从者: {"[15]尤瑞艾莉(Archer)★3": 1, "[71]迪尔姆德·奥迪那(Lancer)★3": 1, "[28]亚历山大(Rider)★3": 1, "[31]美狄亚(Caster)★3": 1, "[120]尼托克丽丝(Caster)★4": 1, "[41]斯忒诺(Assassin)★4": 1, "[47]赫拉克勒斯(Berserker)★4": 1, "[55]大流士三世(Berserker)★3": 1, "[1]玛修·基列莱特(Shielder)★3": 1}
礼装: {"[24]Gandr★4": 1, "[37]芦苇海★3": 1, "[73]死灵魔术★4": 1}

编号[a6c6e9b8f320df9d220a47c9745f5a63]
等级: 1
圣晶石: 2
圣晶片: 3
呼符: 0
金/银/铜/青苹果: 0/0/0/0
登陆天数: 2天 / 2天
从者: {"[13]罗宾汉(Archer)★3": 1, "[63]大卫(Archer)★3": 1, "[17]库·丘林(Lancer)★3": 1, "[71]迪尔姆德·奥迪那(Lancer)★3": 1, "[22]罗穆路斯(Lancer)★3": 1, "[79]冯·霍恩海姆·帕拉塞尔苏斯(Caster)★3": 1, "[192]喀耳刻(Caster)★4": 1, "[58]玉藻猫(Berserker)★4": 1, "[1]玛修·基列莱特(Shielder)★3": 1}
礼装: {"[25]绿之破音★4": 1, "[37]芦苇海★3": 1, "[92]白鹳骑士★3": 1}

编号[cc40dbd069987c717fa1077dd7671f00]
等级: 1
圣晶石: 2
圣晶片: 3
呼符: 0
金/银/铜/青苹果: 0/0/0/0
登陆天数: 2天 / 2天
从者: {"[9]吉尔·德·雷(Saber)★3": 1, "[13]罗宾汉(Archer)★3": 1, "[63]大卫(Archer)★3": 1, "[15]尤瑞艾莉(Archer)★3": 1, "[325]ゼノビア(Archer)★4": 1, "[17]库·丘林(Lancer)★3": 1, "[28]亚历山大(Rider)★3": 2, "[56]清姬(Berserker)★3": 1, "[58]玉藻猫(Berserker)★4": 1, "[1]玛修·基列莱特(Shielder)★3": 1}
礼装: {"[29]天之晚餐★4": 1}

编号[fe3b7ff932894c935622e7d9ee5943f0]
等级: 1
圣晶石: 2
圣晶片: 3
呼符: 0
金/银/铜/青苹果: 0/0/0/0
登陆天数: 2天 / 2天
从者: {"[63]大卫(Archer)★3": 1, "[325]ゼノビア(Archer)★4": 1, "[17]库·丘林(Lancer)★3": 1, "[64]赫克托耳(Lancer)★3": 1, "[28]亚历山大(Rider)★3": 1, "[42]匕见(Assassin)★3": 1, "[1]玛修·基列莱特(Shielder)★3": 1}
礼装: {"[26]宝石魔术·对影★4": 1, "[37]芦苇海★3": 1, "[55]扬帆远航★3": 1, "[65]魔猪★3": 1, "[92]白鹳骑士★3": 1}

编号[0f4c286b1437333a55ead20cbe59538b]
等级: 1
圣晶石: 2
圣晶片: 3
呼符: 0
金/银/铜/青苹果: 0/0/0/0
登陆天数: 2天 / 2天
从者: {"[11]卫宫(Archer)★4": 1, "[325]ゼノビア(Archer)★4": 1, "[20]库·丘林〔Prototype〕(Lancer)★3": 1, "[35]梅菲斯托费勒斯(Caster)★3": 1, "[55]大流士三世(Berserker)★3": 1, "[58]玉藻猫(Berserker)★4": 1, "[1]玛修·基列莱特(Shielder)★3": 1}
礼装: {"[27]秉持优雅★4": 1, "[39]抹大拉的圣骸布★4": 2, "[47]一之太刀★4": 1, "[72]时钟塔★3": 1}

编号[3d8c9e9edea562aef074b0b6f391e492]
等级: 1
圣晶石: 2
圣晶片: 3
呼符: 0
金/银/铜/青苹果: 0/0/0/0
登陆天数: 2天 / 2天
从者: {"[7]盖乌斯·尤利乌斯·恺撒(Saber)★3": 1, "[9]吉尔·德·雷(Saber)★3": 1, "[325]ゼノビア(Archer)★4": 1, "[94]阿斯托尔福(Rider)★4": 1, "[27]牛若丸(Rider)★3": 1, "[31]美狄亚(Caster)★3": 1, "[35]梅菲斯托费勒斯(Caster)★3": 1, "[1]玛修·基列莱特(Shielder)★3": 1}
礼装: {"[47]一之太刀★4": 1, "[92]白鹳骑士★3": 1, "[93]阿兰若★3": 1, "[95]狮子玩偶★3": 1}

编号[140577dea48940ff1919f6189883ad64]
等级: 1
圣晶石: 2
圣晶片: 3
呼符: 0
金/银/铜/青苹果: 0/0/0/0
登陆天数: 2天 / 2天
从者: {"[17]库·丘林(Lancer)★3": 1, "[18]伊丽莎白·巴托里(Lancer)★4": 1, "[23]美杜莎(Rider)★3": 1, "[94]阿斯托尔福(Rider)★4": 1, "[27]牛若丸(Rider)★3": 1, "[31]美狄亚(Caster)★3": 1, "[81]亨利·杰基尔＆海德(Assassin)★3": 1, "[49]虎狼(Berserker)★3": 1, "[1]玛修·基列莱特(Shielder)★3": 1}
礼装: {"[22]原始咒术★4": 1, "[23]投影魔术★4": 1, "[90]魔力计★3": 1}

编号[f4a5effd750370cab186bd7106649fe8]
等级: 1
圣晶石: 2
圣晶片: 3
呼符: 0
金/银/铜/青苹果: 0/0/0/0
登陆天数: 2天 / 2天
从者: {"[72]弗格斯·马克·罗伊(Saber)★3": 2, "[9]吉尔·德·雷(Saber)★3": 2, "[245]拉克什米·芭伊(Saber)★4": 1, "[11]卫宫(Archer)★4": 1, "[71]迪尔姆德·奥迪那(Lancer)★3": 1, "[64]赫克托耳(Lancer)★3": 1, "[27]牛若丸(Rider)★3": 1, "[35]梅菲斯托费勒斯(Caster)★3": 1, "[1]玛修·基列莱特(Shielder)★3": 1}
礼装: {"[27]秉持优雅★4": 1}

编号[64a573277221e761fe3a919f1ec8873a]
等级: 1
圣晶石: 2
圣晶片: 3
呼符: 0
金/银/铜/青苹果: 0/0/0/0
登陆天数: 2天 / 2天
从者: {"[7]盖乌斯·尤利乌斯·恺撒(Saber)★3": 2, "[71]迪尔姆德·奥迪那(Lancer)★3": 2, "[94]阿斯托尔福(Rider)★4": 1, "[80]查尔斯·巴贝奇(Caster)★3": 1, "[35]梅菲斯托费勒斯(Caster)★3": 1, "[42]匕见(Assassin)★3": 1, "[1]玛修·基列莱特(Shielder)★3": 1}
礼装: {"[46]符文石★3": 1, "[73]死灵魔术★4": 1, "[74]觉醒的意志★4": 1}

编号[8838030998af62c7b6f3d06c52c20f4a]
等级: 1
圣晶石: 2
圣晶片: 3
呼符: 0
金/银/铜/青苹果: 0/0/0/0
登陆天数: 2天 / 2天
从者: {"[72]弗格斯·马克·罗伊(Saber)★3": 1, "[9]吉尔·德·雷(Saber)★3": 1, "[245]拉克什米·芭伊(Saber)★4": 1, "[63]大卫(Archer)★3": 1, "[27]牛若丸(Rider)★3": 1, "[81]亨利·杰基尔＆海德(Assassin)★3": 1, "[42]匕见(Assassin)★3": 1, "[1]玛修·基列莱特(Shielder)★3": 1}
礼装: {"[55]扬帆远航★3": 1, "[89]柳洞寺★3": 1, "[90]魔力计★3": 1, "[98]千年黄金树★4": 1}

编号[fd71d2b8933e43fe2db8a458d64ff572]
等级: 1
圣晶石: 2
圣晶片: 3
呼符: 0
金/银/铜/青苹果: 0/0/0/0
登陆天数: 2天 / 2天
从者: {"[9]吉尔·德·雷(Saber)★3": 1, "[298]渡边纲(Saber)★4": 1, "[325]ゼノビア(Archer)★4": 1, "[71]迪尔姆德·奥迪那(Lancer)★3": 1, "[18]伊丽莎白·巴托里(Lancer)★4": 1, "[94]阿斯托尔福(Rider)★4": 1, "[31]美狄亚(Caster)★3": 1, "[49]虎狼(Berserker)★3": 1, "[1]玛修·基列莱特(Shielder)★3": 1}
礼装: {"[42]Mooncell Automaton★3": 1, "[66]骑士的矜持★4": 1, "[74]觉醒的意志★4": 1}

编号[ca15de89a02c75c014d285d1bcb0ddd6]
等级: 1
圣晶石: 2
圣晶片: 3
呼符: 0
金/银/铜/青苹果: 0/0/0/0
登陆天数: 2天 / 2天
从者: {"[15]尤瑞艾莉(Archer)★3": 1, "[22]罗穆路斯(Lancer)★3": 1, "[64]赫克托耳(Lancer)★3": 1, "[27]牛若丸(Rider)★3": 1, "[79]冯·霍恩海姆·帕拉塞尔苏斯(Caster)★3": 1, "[120]尼托克丽丝(Caster)★4": 1, "[192]喀耳刻(Caster)★4": 1, "[42]匕见(Assassin)★3": 1, "[47]赫拉克勒斯(Berserker)★4": 1, "[1]玛修·基列莱特(Shielder)★3": 1}
礼装: {"[23]投影魔术★4": 1, "[66]骑士的矜持★4": 1}

编号[cc93f8cc3459899c69c40a6ce4888089]
等级: 1
圣晶石: 2
圣晶片: 3
呼符: 0
金/银/铜/青苹果: 0/0/0/0
登陆天数: 2天 / 2天
从者: {"[325]ゼノビア(Archer)★4": 1, "[17]库·丘林(Lancer)★3": 1, "[22]罗穆路斯(Lancer)★3": 1, "[23]美杜莎(Rider)★3": 2, "[27]牛若丸(Rider)★3": 1, "[80]查尔斯·巴贝奇(Caster)★3": 1, "[1]玛修·基列莱特(Shielder)★3": 1}
礼装: {"[23]投影魔术★4": 1, "[46]符文石★3": 1, "[56]指令咏唱★4": 1, "[66]骑士的矜持★4": 1}

编号[69a8eddb05f004f2ac5cf7c8c3dc9bef]
等级: 1
圣晶石: 2
圣晶片: 3
呼符: 0
金/银/铜/青苹果: 0/0/0/0
登陆天数: 2天 / 2天
从者: {"[9]吉尔·德·雷(Saber)★3": 1, "[23]美杜莎(Rider)★3": 1, "[94]阿斯托尔福(Rider)★4": 1, "[79]冯·霍恩海姆·帕拉塞尔苏斯(Caster)★3": 1, "[81]亨利·杰基尔＆海德(Assassin)★3": 1, "[42]匕见(Assassin)★3": 1, "[58]玉藻猫(Berserker)★4": 1, "[1]玛修·基列莱特(Shielder)★3": 1}
礼装: {"[25]绿之破音★4": 1, "[29]天之晚餐★4": 1, "[47]一之太刀★4": 1, "[95]狮子玩偶★3": 1}

编号[6e69bee281f41a49af3222c714e496fc]
等级: 1
圣晶石: 2
圣晶片: 3
呼符: 0
金/银/铜/青苹果: 0/0/0/0
登陆天数: 2天 / 2天
从者: {"[7]盖乌斯·尤利乌斯·恺撒(Saber)★3": 1, "[245]拉克什米·芭伊(Saber)★4": 1, "[64]赫克托耳(Lancer)★3": 1, "[80]查尔斯·巴贝奇(Caster)★3": 1, "[41]斯忒诺(Assassin)★4": 1, "[159]燕青(Assassin)★4": 1, "[1]玛修·基列莱特(Shielder)★3": 1}
礼装: {"[21]钢之锻炼★4": 1, "[23]投影魔术★4": 1, "[72]时钟塔★3": 1, "[91]爱之灵药★3": 2}

编号[06df99b9216c7b63bed9483d79846a9b]
等级: 1
圣晶石: 2
圣晶片: 3
呼符: 0
金/银/铜/青苹果: 0/0/0/0
登陆天数: 2天 / 2天
从者: {"[298]渡边纲(Saber)★4": 1, "[17]库·丘林(Lancer)★3": 1, "[71]迪尔姆德·奥迪那(Lancer)★3": 1, "[23]美杜莎(Rider)★3": 1, "[94]阿斯托尔福(Rider)★4": 1, "[47]赫拉克勒斯(Berserker)★4": 1, "[49]虎狼(Berserker)★3": 1, "[1]玛修·基列莱特(Shielder)★3": 1}
礼装: {"[28]虚数魔术★4": 1, "[46]符文石★3": 1, "[66]骑士的矜持★4": 1, "[92]白鹳骑士★3": 1}

编号[50423d1a3e314e11780a90ed0b3e081d]
等级: 1
圣晶石: 2
圣晶片: 3
呼符: 0
金/银/铜/青苹果: 0/0/0/0
登陆天数: 2天 / 2天
从者: {"[7]盖乌斯·尤利乌斯·恺撒(Saber)★3": 1, "[325]ゼノビア(Archer)★4": 1, "[20]库·丘林〔Prototype〕(Lancer)★3": 1, "[64]赫克托耳(Lancer)★3": 1, "[23]美杜莎(Rider)★3": 1, "[26]布狄卡(Rider)★3": 1, "[120]尼托克丽丝(Caster)★4": 1, "[35]梅菲斯托费勒斯(Caster)★3": 1, "[1]玛修·基列莱特(Shielder)★3": 1}
礼装: {"[30]天使之诗★4": 2, "[46]符文石★3": 1}

编号[e0525edf2fff9b252bff26e3eaf54ceb]
等级: 1
圣晶石: 2
圣晶片: 3
呼符: 0
金/银/铜/青苹果: 0/0/0/0
登陆天数: 2天 / 2天
从者: {"[72]弗格斯·马克·罗伊(Saber)★3": 1, "[9]吉尔·德·雷(Saber)★3": 1, "[325]ゼノビア(Archer)★4": 1, "[17]库·丘林(Lancer)★3": 1, "[22]罗穆路斯(Lancer)★3": 1, "[80]查尔斯·巴贝奇(Caster)★3": 1, "[41]斯忒诺(Assassin)★4": 2, "[1]玛修·基列莱特(Shielder)★3": 1}
礼装: {"[29]天之晚餐★4": 1, "[66]骑士的矜持★4": 1, "[90]魔力计★3": 1}

编号[33478430d29ff5a3cf647ec70cdef237]
等级: 1
圣晶石: 2
圣晶片: 3
呼符: 0
金/银/铜/青苹果: 0/0/0/0
登陆天数: 2天 / 2天
从者: {"[17]库·丘林(Lancer)★3": 1, "[18]伊丽莎白·巴托里(Lancer)★4": 1, "[23]美杜莎(Rider)★3": 1, "[28]亚历山大(Rider)★3": 1, "[31]美狄亚(Caster)★3": 1, "[58]玉藻猫(Berserker)★4": 1, "[1]玛修·基列莱特(Shielder)★3": 1}
礼装: {"[28]虚数魔术★4": 1, "[30]天使之诗★4": 1, "[93]阿兰若★3": 1, "[94]摩托·装甲骑兵★3": 1, "[95]狮子玩偶★3": 1}

编号[40bb7bc840b5f4ee7a447ee93e42fa85]
等级: 1
圣晶石: 2
圣晶片: 3
呼符: 0
金/银/铜/青苹果: 0/0/0/0
登陆天数: 2天 / 2天
从者: {"[7]盖乌斯·尤利乌斯·恺撒(Saber)★3": 1, "[26]布狄卡(Rider)★3": 1, "[332]ドブルイニャ・ニキチッチ(Rider)★4": 1, "[81]亨利·杰基尔＆海德(Assassin)★3": 2, "[159]燕青(Assassin)★4": 1, "[56]清姬(Berserker)★3": 1, "[1]玛修·基列莱特(Shielder)★3": 1}
礼装: {"[37]芦苇海★3": 1, "[73]死灵魔术★4": 1, "[90]魔力计★3": 1, "[98]千年黄金树★4": 1}

编号[d97fb310faa388d04795619d979f3ae2]
等级: 1
圣晶石: 2
圣晶片: 3
呼符: 0
金/银/铜/青苹果: 0/0/0/0
登陆天数: 2天 / 2天
从者: {"[7]盖乌斯·尤利乌斯·恺撒(Saber)★3": 1, "[325]ゼノビア(Archer)★4": 1, "[71]迪尔姆德·奥迪那(Lancer)★3": 1, "[27]牛若丸(Rider)★3": 1, "[31]美狄亚(Caster)★3": 2, "[42]匕见(Assassin)★3": 3, "[1]玛修·基列莱特(Shielder)★3": 1}
礼装: {"[21]钢之锻炼★4": 1, "[29]天之晚餐★4": 1}

编号[d7667d2aeaed67d33591b36e61b507d7]
等级: 1
圣晶石: 2
圣晶片: 3
呼符: 0
金/银/铜/青苹果: 0/0/0/0
登陆天数: 2天 / 2天
从者: {"[9]吉尔·德·雷(Saber)★3": 1, "[11]卫宫(Archer)★4": 1, "[63]大卫(Archer)★3": 1, "[15]尤瑞艾莉(Archer)★3": 1, "[94]阿斯托尔福(Rider)★4": 1, "[79]冯·霍恩海姆·帕拉塞尔苏斯(Caster)★3": 1, "[192]喀耳刻(Caster)★4": 2, "[1]玛修·基列莱特(Shielder)★3": 1}
礼装: {"[21]钢之锻炼★4": 1, "[47]一之太刀★4": 1, "[72]时钟塔★3": 1}

编号[7e790fdb91163d6d2da3eb5124d05ac8]
等级: 1
圣晶石: 2
圣晶片: 3
呼符: 0
金/银/铜/青苹果: 0/0/0/0
登陆天数: 2天 / 2天
从者: {"[20]库·丘林〔Prototype〕(Lancer)★3": 1, "[31]美狄亚(Caster)★3": 1, "[80]查尔斯·巴贝奇(Caster)★3": 1, "[120]尼托克丽丝(Caster)★4": 1, "[1]玛修·基列莱特(Shielder)★3": 1}
礼装: {"[23]投影魔术★4": 1, "[28]虚数魔术★4": 1, "[46]符文石★3": 1, "[55]扬帆远航★3": 1, "[73]死灵魔术★4": 1, "[92]白鹳骑士★3": 2}

编号[d4b09fefe1abd73f3f32d25963d27839]
等级: 1
圣晶石: 2
圣晶片: 3
呼符: 0
金/银/铜/青苹果: 0/0/0/0
登陆天数: 2天 / 2天
从者: {"[72]弗格斯·马克·罗伊(Saber)★3": 2, "[20]库·丘林〔Prototype〕(Lancer)★3": 1, "[23]美杜莎(Rider)★3": 1, "[159]燕青(Assassin)★4": 1, "[1]玛修·基列莱特(Shielder)★3": 1}
礼装: {"[38]封印指定　执行者★4": 1, "[65]魔猪★3": 1, "[74]觉醒的意志★4": 1, "[92]白鹳骑士★3": 1, "[95]狮子玩偶★3": 2}

编号[ab321cc5b2e6cec8f6df05bf74f63ca9]
等级: 1
圣晶石: 2
圣晶片: 3
呼符: 0
金/银/铜/青苹果: 0/0/0/0
登陆天数: 2天 / 2天
从者: {"[9]吉尔·德·雷(Saber)★3": 1, "[13]罗宾汉(Archer)★3": 1, "[17]库·丘林(Lancer)★3": 1, "[20]库·丘林〔Prototype〕(Lancer)★3": 1, "[120]尼托克丽丝(Caster)★4": 1, "[35]梅菲斯托费勒斯(Caster)★3": 1, "[81]亨利·杰基尔＆海德(Assassin)★3": 2, "[49]虎狼(Berserker)★3": 1, "[1]玛修·基列莱特(Shielder)★3": 1}
礼装: {"[27]秉持优雅★4": 1, "[66]骑士的矜持★4": 1}

编号[c4e6657bf7f660872ba02dff82414d10]
等级: 1
圣晶石: 2
圣晶片: 3
呼符: 0
金/银/铜/青苹果: 0/0/0/0
登陆天数: 2天 / 2天
从者: {"[7]盖乌斯·尤利乌斯·恺撒(Saber)★3": 1, "[15]尤瑞艾莉(Archer)★3": 1, "[64]赫克托耳(Lancer)★3": 1, "[214]瓦尔基里(Lancer)★4": 1, "[28]亚历山大(Rider)★3": 1, "[31]美狄亚(Caster)★3": 2, "[79]冯·霍恩海姆·帕拉塞尔苏斯(Caster)★3": 1, "[1]玛修·基列莱特(Shielder)★3": 1}
礼装: {"[26]宝石魔术·对影★4": 1, "[66]骑士的矜持★4": 1, "[89]柳洞寺★3": 1}

编号[8a5ff5c6abee4a506b6a4c7f5c6edbcb]
等级: 1
圣晶石: 2
圣晶片: 3
呼符: 0
金/银/铜/青苹果: 0/0/0/0
登陆天数: 2天 / 2天
从者: {"[72]弗格斯·马克·罗伊(Saber)★3": 1, "[325]ゼノビア(Archer)★4": 1, "[22]罗穆路斯(Lancer)★3": 1, "[214]瓦尔基里(Lancer)★4": 2, "[23]美杜莎(Rider)★3": 1, "[81]亨利·杰基尔＆海德(Assassin)★3": 1, "[42]匕见(Assassin)★3": 1, "[55]大流士三世(Berserker)★3": 1, "[58]玉藻猫(Berserker)★4": 1, "[1]玛修·基列莱特(Shielder)★3": 1}
礼装: {"[28]虚数魔术★4": 1}

编号[34b1660ed928c4ce403cae5eac2971c8]
等级: 1
圣晶石: 2
圣晶片: 3
呼符: 0
金/银/铜/青苹果: 0/0/0/0
登陆天数: 2天 / 2天
从者: {"[298]渡边纲(Saber)★4": 1, "[15]尤瑞艾莉(Archer)★3": 1, "[71]迪尔姆德·奥迪那(Lancer)★3": 1, "[26]布狄卡(Rider)★3": 1, "[79]冯·霍恩海姆·帕拉塞尔苏斯(Caster)★3": 1, "[81]亨利·杰基尔＆海德(Assassin)★3": 1, "[159]燕青(Assassin)★4": 1, "[58]玉藻猫(Berserker)★4": 1, "[1]玛修·基列莱特(Shielder)★3": 1}
礼装: {"[21]钢之锻炼★4": 1, "[37]芦苇海★3": 1, "[98]千年黄金树★4": 1}

编号[666d054767a98d4383c4fa0b11ea1add]
等级: 1
圣晶石: 2
圣晶片: 3
呼符: 0
金/银/铜/青苹果: 0/0/0/0
登陆天数: 2天 / 2天
从者: {"[28]亚历山大(Rider)★3": 1, "[80]查尔斯·巴贝奇(Caster)★3": 1, "[120]尼托克丽丝(Caster)★4": 1, "[35]梅菲斯托费勒斯(Caster)★3": 1, "[81]亨利·杰基尔＆海德(Assassin)★3": 1, "[55]大流士三世(Berserker)★3": 1, "[1]玛修·基列莱特(Shielder)★3": 1}
礼装: {"[29]天之晚餐★4": 1, "[37]芦苇海★3": 1, "[46]符文石★3": 1, "[65]魔猪★3": 1, "[90]魔力计★3": 1}

编号[7d63bbb288c1954354b01aa0c7c760e5]
等级: 1
圣晶石: 2
圣晶片: 3
呼符: 0
金/银/铜/青苹果: 0/0/0/0
登陆天数: 2天 / 2天
从者: {"[7]盖乌斯·尤利乌斯·恺撒(Saber)★3": 1, "[18]伊丽莎白·巴托里(Lancer)★4": 1, "[22]罗穆路斯(Lancer)★3": 2, "[26]布狄卡(Rider)★3": 1, "[332]ドブルイニャ・ニキチッチ(Rider)★4": 1, "[81]亨利·杰基尔＆海德(Assassin)★3": 2, "[1]玛修·基列莱特(Shielder)★3": 1}
礼装: {"[24]Gandr★4": 1, "[73]死灵魔术★4": 1, "[96]鲁格的光环★3": 1}

编号[4827275af157eea02614b6ac9e3676ca]
等级: 1
圣晶石: 2
圣晶片: 3
呼符: 0
金/银/铜/青苹果: 0/0/0/0
登陆天数: 2天 / 2天
从者: {"[22]罗穆路斯(Lancer)★3": 1, "[23]美杜莎(Rider)★3": 2, "[120]尼托克丽丝(Caster)★4": 1, "[35]梅菲斯托费勒斯(Caster)★3": 1, "[42]匕见(Assassin)★3": 1, "[159]燕青(Assassin)★4": 1, "[56]清姬(Berserker)★3": 1, "[1]玛修·基列莱特(Shielder)★3": 1}
礼装: {"[66]骑士的矜持★4": 1, "[91]爱之灵药★3": 1, "[93]阿兰若★3": 1}

编号[f8c36ce1e1b6e8ffc27ee1894e717926]
等级: 1
圣晶石: 2
圣晶片: 3
呼符: 0
金/银/铜/青苹果: 0/0/0/0
登陆天数: 2天 / 2天
从者: {"[7]盖乌斯·尤利乌斯·恺撒(Saber)★3": 1, "[15]尤瑞艾莉(Archer)★3": 1, "[325]ゼノビア(Archer)★4": 1, "[64]赫克托耳(Lancer)★3": 1, "[120]尼托克丽丝(Caster)★4": 1, "[81]亨利·杰基尔＆海德(Assassin)★3": 2, "[1]玛修·基列莱特(Shielder)★3": 1}
礼装: {"[27]秉持优雅★4": 1, "[89]柳洞寺★3": 1, "[90]魔力计★3": 2}

编号[23bf2b2462b7168e2bf588d85e46c6fb]
等级: 1
圣晶石: 2
圣晶片: 3
呼符: 0
金/银/铜/青苹果: 0/0/0/0
登陆天数: 2天 / 2天
从者: {"[7]盖乌斯·尤利乌斯·恺撒(Saber)★3": 1, "[20]库·丘林〔Prototype〕(Lancer)★3": 1, "[214]瓦尔基里(Lancer)★4": 1, "[31]美狄亚(Caster)★3": 1, "[35]梅菲斯托费勒斯(Caster)★3": 1, "[56]清姬(Berserker)★3": 1, "[1]玛修·基列莱特(Shielder)★3": 1}
礼装: {"[23]投影魔术★4": 1, "[29]天之晚餐★4": 1, "[37]芦苇海★3": 1, "[39]抹大拉的圣骸布★4": 1, "[55]扬帆远航★3": 1}

