编号[afe73cfc9dd423a4f0be1c85a78ef7b1]
等级: 1
圣晶石: 2
圣晶片: 3
呼符: 0
金/银/铜/青苹果: 0/0/0/0
登陆天数: 10天 / 10天
从者: {"[245]拉克什米·芭伊(Saber)★4": 1, "[11]卫宫(Archer)★4": 1, "[63]大卫(Archer)★3": 1, "[22]罗穆路斯(Lancer)★3": 1, "[80]查尔斯·巴贝奇(Caster)★3": 1, "[49]虎狼(Berserker)★3": 1, "[58]玉藻猫(Berserker)★4": 1, "[1]玛修·基列莱特(Shielder)★3": 1}
礼装: {"[25]绿之破音★4": 1, "[30]天使之诗★4": 1, "[93]阿兰若★3": 1, "[94]摩托·装甲骑兵★3": 1}

编号[784941cc5df0386517201c97762633aa]
等级: 1
圣晶石: 2
圣晶片: 3
呼符: 0
金/银/铜/青苹果: 0/0/0/0
登陆天数: 10天 / 10天
从者: {"[245]拉克什米·芭伊(Saber)★4": 1, "[298]渡边纲(Saber)★4": 1, "[64]赫克托耳(Lancer)★3": 1, "[23]美杜莎(Rider)★3": 1, "[27]牛若丸(Rider)★3": 1, "[35]梅菲斯托费勒斯(Caster)★3": 1, "[159]燕青(Assassin)★4": 1, "[49]虎狼(Berserker)★3": 1, "[1]玛修·基列莱特(Shielder)★3": 1}
礼装: {"[22]原始咒术★4": 1, "[72]时钟塔★3": 1, "[98]千年黄金树★4": 1}

编号[d54467accd2429a20b2893ca12bd6646]
等级: 1
圣晶石: 2
圣晶片: 3
呼符: 0
金/银/铜/青苹果: 0/0/0/0
登陆天数: 10天 / 10天
从者: {"[9]吉尔·德·雷(Saber)★3": 1, "[15]尤瑞艾莉(Archer)★3": 2, "[94]阿斯托尔福(Rider)★4": 1, "[31]美狄亚(Caster)★3": 2, "[81]亨利·杰基尔＆海德(Assassin)★3": 1, "[49]虎狼(Berserker)★3": 1, "[1]玛修·基列莱特(Shielder)★3": 1}
礼装: {"[74]觉醒的意志★4": 1, "[89]柳洞寺★3": 1, "[91]爱之灵药★3": 1}

编号[865cb12239d42ba30f340413dba65041]
等级: 1
圣晶石: 2
圣晶片: 3
呼符: 0
金/银/铜/青苹果: 0/0/0/0
登陆天数: 10天 / 10天
从者: {"[17]库·丘林(Lancer)★3": 1, "[71]迪尔姆德·奥迪那(Lancer)★3": 1, "[28]亚历山大(Rider)★3": 1, "[332]ドブルイニャ・ニキチッチ(Rider)★4": 1, "[81]亨利·杰基尔＆海德(Assassin)★3": 1, "[42]匕见(Assassin)★3": 1, "[1]玛修·基列莱特(Shielder)★3": 1}
礼装: {"[28]虚数魔术★4": 1, "[65]魔猪★3": 1, "[66]骑士的矜持★4": 1, "[89]柳洞寺★3": 1, "[92]白鹳骑士★3": 1}

编号[ac4f838d7492612b4594e706f0a39ce0]
等级: 1
圣晶石: 2
圣晶片: 3
呼符: 0
金/银/铜/青苹果: 0/0/0/0
登陆天数: 10天 / 10天
从者: {"[298]渡边纲(Saber)★4": 1, "[71]迪尔姆德·奥迪那(Lancer)★3": 1, "[64]赫克托耳(Lancer)★3": 1, "[27]牛若丸(Rider)★3": 1, "[192]喀耳刻(Caster)★4": 1, "[81]亨利·杰基尔＆海德(Assassin)★3": 1, "[1]玛修·基列莱特(Shielder)★3": 1}
礼装: {"[21]钢之锻炼★4": 1, "[28]虚数魔术★4": 1, "[30]天使之诗★4": 1, "[56]指令咏唱★4": 1, "[94]摩托·装甲骑兵★3": 1}

编号[fd63d93e190a62c858bdffccee39a8ae]
等级: 1
圣晶石: 2
圣晶片: 3
呼符: 0
金/银/铜/青苹果: 0/0/0/0
登陆天数: 10天 / 10天
从者: {"[13]罗宾汉(Archer)★3": 1, "[17]库·丘林(Lancer)★3": 2, "[18]伊丽莎白·巴托里(Lancer)★4": 1, "[64]赫克托耳(Lancer)★3": 1, "[94]阿斯托尔福(Rider)★4": 3, "[1]玛修·基列莱特(Shielder)★3": 1}
礼装: {"[26]宝石魔术·对影★4": 1, "[38]封印指定　执行者★4": 1, "[90]魔力计★3": 1}

编号[11c86f14774591cc4a423245877f069d]
等级: 1
圣晶石: 2
圣晶片: 3
呼符: 0
金/银/铜/青苹果: 0/0/0/0
登陆天数: 10天 / 10天
从者: {"[63]大卫(Archer)★3": 1, "[15]尤瑞艾莉(Archer)★3": 1, "[325]ゼノビア(Archer)★4": 1, "[27]牛若丸(Rider)★3": 1, "[79]冯·霍恩海姆·帕拉塞尔苏斯(Caster)★3": 1, "[159]燕青(Assassin)★4": 1, "[49]虎狼(Berserker)★3": 1, "[1]玛修·基列莱特(Shielder)★3": 1}
礼装: {"[30]天使之诗★4": 1, "[66]骑士的矜持★4": 1, "[93]阿兰若★3": 1, "[98]千年黄金树★4": 1}

编号[6e62a9b8aabc32845f6f6b29515fe0ac]
等级: 1
圣晶石: 2
圣晶片: 3
呼符: 0
金/银/铜/青苹果: 0/0/0/0
登陆天数: 10天 / 10天
从者: {"[15]尤瑞艾莉(Archer)★3": 1, "[23]美杜莎(Rider)★3": 1, "[94]阿斯托尔福(Rider)★4": 1, "[26]布狄卡(Rider)★3": 1, "[80]查尔斯·巴贝奇(Caster)★3": 1, "[192]喀耳刻(Caster)★4": 1, "[41]斯忒诺(Assassin)★4": 1, "[1]玛修·基列莱特(Shielder)★3": 1}
礼装: {"[21]钢之锻炼★4": 1, "[23]投影魔术★4": 1, "[72]时钟塔★3": 1, "[91]爱之灵药★3": 1}

编号[33ca6f94af6b27a71baa854c13b06abe]
等级: 1
圣晶石: 2
圣晶片: 3
呼符: 0
金/银/铜/青苹果: 0/0/0/0
登陆天数: 10天 / 10天
从者: {"[17]库·丘林(Lancer)★3": 1, "[64]赫克托耳(Lancer)★3": 1, "[27]牛若丸(Rider)★3": 1, "[28]亚历山大(Rider)★3": 1, "[79]冯·霍恩海姆·帕拉塞尔苏斯(Caster)★3": 1, "[120]尼托克丽丝(Caster)★4": 1, "[49]虎狼(Berserker)★3": 1, "[58]玉藻猫(Berserker)★4": 1, "[1]玛修·基列莱特(Shielder)★3": 1}
礼装: {"[21]钢之锻炼★4": 1, "[22]原始咒术★4": 1, "[39]抹大拉的圣骸布★4": 1}

编号[78ab322914df81f798d2036bdb71fe77]
等级: 1
圣晶石: 2
圣晶片: 3
呼符: 0
金/银/铜/青苹果: 0/0/0/0
登陆天数: 10天 / 10天
从者: {"[7]盖乌斯·尤利乌斯·恺撒(Saber)★3": 1, "[298]渡边纲(Saber)★4": 1, "[13]罗宾汉(Archer)★3": 1, "[63]大卫(Archer)★3": 1, "[27]牛若丸(Rider)★3": 1, "[79]冯·霍恩海姆·帕拉塞尔苏斯(Caster)★3": 1, "[41]斯忒诺(Assassin)★4": 1, "[49]虎狼(Berserker)★3": 1, "[1]玛修·基列莱特(Shielder)★3": 1}
礼装: {"[47]一之太刀★4": 1, "[73]死灵魔术★4": 1, "[95]狮子玩偶★3": 1}

编号[d125a9185bb4feea99d31545f52d557c]
等级: 1
圣晶石: 2
圣晶片: 3
呼符: 0
金/银/铜/青苹果: 0/0/0/0
登陆天数: 10天 / 10天
从者: {"[9]吉尔·德·雷(Saber)★3": 1, "[245]拉克什米·芭伊(Saber)★4": 1, "[11]卫宫(Archer)★4": 1, "[31]美狄亚(Caster)★3": 1, "[80]查尔斯·巴贝奇(Caster)★3": 1, "[120]尼托克丽丝(Caster)★4": 1, "[55]大流士三世(Berserker)★3": 1, "[1]玛修·基列莱特(Shielder)★3": 1}
礼装: {"[22]原始咒术★4": 1, "[39]抹大拉的圣骸布★4": 1, "[72]时钟塔★3": 2}

编号[fcffa97fa73344bcfc26c16fb3d85bb0]
等级: 1
圣晶石: 2
圣晶片: 3
呼符: 0
金/银/铜/青苹果: 0/0/0/0
登陆天数: 10天 / 10天
从者: {"[7]盖乌斯·尤利乌斯·恺撒(Saber)★3": 1, "[22]罗穆路斯(Lancer)★3": 1, "[31]美狄亚(Caster)★3": 1, "[79]冯·霍恩海姆·帕拉塞尔苏斯(Caster)★3": 1, "[80]查尔斯·巴贝奇(Caster)★3": 1, "[49]虎狼(Berserker)★3": 1, "[58]玉藻猫(Berserker)★4": 1, "[1]玛修·基列莱特(Shielder)★3": 1}
礼装: {"[37]芦苇海★3": 1, "[42]Mooncell Automaton★3": 1, "[56]指令咏唱★4": 1, "[66]骑士的矜持★4": 1}

编号[e499f8c21c2474a717c08f79a3fa168c]
等级: 2
圣晶石: 2
圣晶片: 3
呼符: 0
金/银/铜/青苹果: 0/0/0/0
登陆天数: 10天 / 10天
从者: {"[9]吉尔·德·雷(Saber)★3": 2, "[71]迪尔姆德·奥迪那(Lancer)★3": 1, "[94]阿斯托尔福(Rider)★4": 1, "[31]美狄亚(Caster)★3": 2, "[1]玛修·基列莱特(Shielder)★3": 1}
礼装: {"[21]钢之锻炼★4": 1, "[25]绿之破音★4": 1, "[65]魔猪★3": 1, "[89]柳洞寺★3": 2}

编号[eb6323cba9ebf6dcb89e5f4b7fc193bd]
等级: 1
圣晶石: 2
圣晶片: 3
呼符: 0
金/银/铜/青苹果: 0/0/0/0
登陆天数: 10天 / 10天
从者: {"[18]伊丽莎白·巴托里(Lancer)★4": 1, "[64]赫克托耳(Lancer)★3": 1, "[23]美杜莎(Rider)★3": 1, "[28]亚历山大(Rider)★3": 1, "[332]ドブルイニャ・ニキチッチ(Rider)★4": 1, "[35]梅菲斯托费勒斯(Caster)★3": 1, "[159]燕青(Assassin)★4": 1, "[1]玛修·基列莱特(Shielder)★3": 1}
礼装: {"[23]投影魔术★4": 1, "[27]秉持优雅★4": 1, "[55]扬帆远航★3": 1, "[91]爱之灵药★3": 1}

编号[93df1ea48d6fbc9a7d2ac2eae7ceab04]
等级: 1
圣晶石: 2
圣晶片: 3
呼符: 0
金/银/铜/青苹果: 0/0/0/0
登陆天数: 10天 / 10天
从者: {"[22]罗穆路斯(Lancer)★3": 1, "[27]牛若丸(Rider)★3": 1, "[31]美狄亚(Caster)★3": 1, "[120]尼托克丽丝(Caster)★4": 1, "[81]亨利·杰基尔＆海德(Assassin)★3": 1, "[58]玉藻猫(Berserker)★4": 2, "[1]玛修·基列莱特(Shielder)★3": 1}
礼装: {"[25]绿之破音★4": 1, "[27]秉持优雅★4": 1, "[93]阿兰若★3": 1, "[95]狮子玩偶★3": 1}

编号[75d7867a95391ff2b5e684735297553e]
等级: 1
圣晶石: 2
圣晶片: 3
呼符: 0
金/银/铜/青苹果: 0/0/0/0
登陆天数: 10天 / 10天
从者: {"[72]弗格斯·马克·罗伊(Saber)★3": 1, "[9]吉尔·德·雷(Saber)★3": 1, "[71]迪尔姆德·奥迪那(Lancer)★3": 1, "[18]伊丽莎白·巴托里(Lancer)★4": 1, "[27]牛若丸(Rider)★3": 1, "[80]查尔斯·巴贝奇(Caster)★3": 1, "[1]玛修·基列莱特(Shielder)★3": 1}
礼装: {"[27]秉持优雅★4": 1, "[30]天使之诗★4": 1, "[42]Mooncell Automaton★3": 1, "[72]时钟塔★3": 1, "[93]阿兰若★3": 1}

编号[d271878caaeccef5c7428ad94df2e4e6]
等级: 1
圣晶石: 2
圣晶片: 3
呼符: 0
金/银/铜/青苹果: 0/0/0/0
登陆天数: 10天 / 10天
从者: {"[63]大卫(Archer)★3": 1, "[17]库·丘林(Lancer)★3": 1, "[28]亚历山大(Rider)★3": 1, "[41]斯忒诺(Assassin)★4": 1, "[1]玛修·基列莱特(Shielder)★3": 1}
礼装: {"[30]天使之诗★4": 1, "[65]魔猪★3": 1, "[89]柳洞寺★3": 1, "[91]爱之灵药★3": 2, "[93]阿兰若★3": 2}

编号[7de04eca3a1e654df77d5723eccda8d0]
等级: 1
圣晶石: 2
圣晶片: 3
呼符: 0
金/银/铜/青苹果: 0/0/0/0
登陆天数: 11天 / 11天
从者: {"[7]盖乌斯·尤利乌斯·恺撒(Saber)★3": 1, "[11]卫宫(Archer)★4": 1, "[15]尤瑞艾莉(Archer)★3": 1, "[27]牛若丸(Rider)★3": 1, "[79]冯·霍恩海姆·帕拉塞尔苏斯(Caster)★3": 1, "[80]查尔斯·巴贝奇(Caster)★3": 1, "[35]梅菲斯托费勒斯(Caster)★3": 2, "[47]赫拉克勒斯(Berserker)★4": 1, "[1]玛修·基列莱特(Shielder)★3": 1}
礼装: {"[39]抹大拉的圣骸布★4": 1, "[93]阿兰若★3": 1}

编号[1a09fa497d89e168f7a2149813dd7a00]
等级: 1
圣晶石: 2
圣晶片: 3
呼符: 0
金/银/铜/青苹果: 0/0/0/0
登陆天数: 10天 / 10天
从者: {"[72]弗格斯·马克·罗伊(Saber)★3": 2, "[298]渡边纲(Saber)★4": 1, "[17]库·丘林(Lancer)★3": 1, "[18]伊丽莎白·巴托里(Lancer)★4": 1, "[81]亨利·杰基尔＆海德(Assassin)★3": 1, "[1]玛修·基列莱特(Shielder)★3": 1}
礼装: {"[25]绿之破音★4": 1, "[37]芦苇海★3": 1, "[91]爱之灵药★3": 1, "[93]阿兰若★3": 1, "[94]摩托·装甲骑兵★3": 1}

编号[f24560d47077753f1695a678ecc88b4e]
等级: 1
圣晶石: 2
圣晶片: 3
呼符: 0
金/银/铜/青苹果: 0/0/0/0
登陆天数: 10天 / 10天
从者: {"[13]罗宾汉(Archer)★3": 2, "[17]库·丘林(Lancer)★3": 1, "[28]亚历山大(Rider)★3": 1, "[35]梅菲斯托费勒斯(Caster)★3": 2, "[42]匕见(Assassin)★3": 1, "[159]燕青(Assassin)★4": 1, "[1]玛修·基列莱特(Shielder)★3": 1}
礼装: {"[28]虚数魔术★4": 1, "[91]爱之灵药★3": 1, "[95]狮子玩偶★3": 1}

编号[16854475cbe7b2b012676c3b98cfa3a1]
等级: 1
圣晶石: 2
圣晶片: 3
呼符: 0
金/银/铜/青苹果: 0/0/0/0
登陆天数: 10天 / 10天
从者: {"[245]拉克什米·芭伊(Saber)★4": 1, "[17]库·丘林(Lancer)★3": 1, "[71]迪尔姆德·奥迪那(Lancer)★3": 1, "[214]瓦尔基里(Lancer)★4": 1, "[31]美狄亚(Caster)★3": 1, "[79]冯·霍恩海姆·帕拉塞尔苏斯(Caster)★3": 1, "[120]尼托克丽丝(Caster)★4": 1, "[56]清姬(Berserker)★3": 1, "[58]玉藻猫(Berserker)★4": 1, "[1]玛修·基列莱特(Shielder)★3": 1}
礼装: {"[24]Gandr★4": 1, "[65]魔猪★3": 1}

编号[d1c11b23af2b1f21024f3c20b735333e]
等级: 1
圣晶石: 2
圣晶片: 3
呼符: 0
金/银/铜/青苹果: 0/0/0/0
登陆天数: 10天 / 10天
从者: {"[9]吉尔·德·雷(Saber)★3": 1, "[332]ドブルイニャ・ニキチッチ(Rider)★4": 1, "[80]查尔斯·巴贝奇(Caster)★3": 1, "[42]匕见(Assassin)★3": 1, "[159]燕青(Assassin)★4": 1, "[49]虎狼(Berserker)★3": 1, "[56]清姬(Berserker)★3": 1, "[1]玛修·基列莱特(Shielder)★3": 1}
礼装: {"[37]芦苇海★3": 1, "[46]符文石★3": 1, "[73]死灵魔术★4": 2}

编号[c22aa382478aa2580414b4aac123122f]
等级: 1
圣晶石: 2
圣晶片: 3
呼符: 0
金/银/铜/青苹果: 0/0/0/0
登陆天数: 10天 / 10天
从者: {"[72]弗格斯·马克·罗伊(Saber)★3": 1, "[63]大卫(Archer)★3": 1, "[23]美杜莎(Rider)★3": 1, "[26]布狄卡(Rider)★3": 1, "[332]ドブルイニャ・ニキチッチ(Rider)★4": 1, "[35]梅菲斯托费勒斯(Caster)★3": 1, "[47]赫拉克勒斯(Berserker)★4": 2, "[56]清姬(Berserker)★3": 1, "[1]玛修·基列莱特(Shielder)★3": 1}
礼装: {"[25]绿之破音★4": 1, "[91]爱之灵药★3": 1}

编号[b017085e7173af658a645d783b09467c]
等级: 1
圣晶石: 2
圣晶片: 3
呼符: 0
金/银/铜/青苹果: 0/0/0/0
登陆天数: 10天 / 10天
从者: {"[9]吉尔·德·雷(Saber)★3": 2, "[18]伊丽莎白·巴托里(Lancer)★4": 1, "[20]库·丘林〔Prototype〕(Lancer)★3": 1, "[64]赫克托耳(Lancer)★3": 1, "[35]梅菲斯托费勒斯(Caster)★3": 1, "[55]大流士三世(Berserker)★3": 1, "[1]玛修·基列莱特(Shielder)★3": 1}
礼装: {"[21]钢之锻炼★4": 1, "[28]虚数魔术★4": 1, "[74]觉醒的意志★4": 1, "[98]千年黄金树★4": 1}

编号[aff44289c7279065ff34b6237d4ec157]
等级: 1
圣晶石: 2
圣晶片: 3
呼符: 0
金/银/铜/青苹果: 0/0/0/0
登陆天数: 10天 / 10天
从者: {"[325]ゼノビア(Archer)★4": 1, "[22]罗穆路斯(Lancer)★3": 1, "[64]赫克托耳(Lancer)★3": 1, "[214]瓦尔基里(Lancer)★4": 1, "[26]布狄卡(Rider)★3": 1, "[27]牛若丸(Rider)★3": 1, "[81]亨利·杰基尔＆海德(Assassin)★3": 1, "[58]玉藻猫(Berserker)★4": 1, "[1]玛修·基列莱特(Shielder)★3": 1}
礼装: {"[23]投影魔术★4": 1, "[92]白鹳骑士★3": 1, "[96]鲁格的光环★3": 1}

编号[775da22d3f8014ff850f4200365a5d5e]
等级: 1
圣晶石: 2
圣晶片: 3
呼符: 0
金/银/铜/青苹果: 0/0/0/0
登陆天数: 10天 / 10天
从者: {"[298]渡边纲(Saber)★4": 1, "[63]大卫(Archer)★3": 1, "[18]伊丽莎白·巴托里(Lancer)★4": 1, "[214]瓦尔基里(Lancer)★4": 1, "[332]ドブルイニャ・ニキチッチ(Rider)★4": 1, "[31]美狄亚(Caster)★3": 1, "[42]匕见(Assassin)★3": 1, "[47]赫拉克勒斯(Berserker)★4": 1, "[1]玛修·基列莱特(Shielder)★3": 1}
礼装: {"[65]魔猪★3": 1, "[66]骑士的矜持★4": 1, "[90]魔力计★3": 1}

编号[7198f573274745010464ef5072d34d67]
等级: 1
圣晶石: 2
圣晶片: 3
呼符: 0
金/银/铜/青苹果: 0/0/0/0
登陆天数: 10天 / 10天
从者: {"[7]盖乌斯·尤利乌斯·恺撒(Saber)★3": 1, "[72]弗格斯·马克·罗伊(Saber)★3": 1, "[18]伊丽莎白·巴托里(Lancer)★4": 1, "[332]ドブルイニャ・ニキチッチ(Rider)★4": 1, "[49]虎狼(Berserker)★3": 1, "[56]清姬(Berserker)★3": 1, "[58]玉藻猫(Berserker)★4": 1, "[1]玛修·基列莱特(Shielder)★3": 1}
礼装: {"[24]Gandr★4": 1, "[26]宝石魔术·对影★4": 1, "[55]扬帆远航★3": 1, "[93]阿兰若★3": 1}

编号[53a75ebd4faf272d3109fcea93c56210]
等级: 1
圣晶石: 2
圣晶片: 3
呼符: 0
金/银/铜/青苹果: 0/0/0/0
登陆天数: 10天 / 10天
从者: {"[72]弗格斯·马克·罗伊(Saber)★3": 1, "[298]渡边纲(Saber)★4": 1, "[11]卫宫(Archer)★4": 1, "[325]ゼノビア(Archer)★4": 1, "[18]伊丽莎白·巴托里(Lancer)★4": 1, "[23]美杜莎(Rider)★3": 1, "[42]匕见(Assassin)★3": 1, "[1]玛修·基列莱特(Shielder)★3": 1}
礼装: {"[24]Gandr★4": 1, "[30]天使之诗★4": 1, "[56]指令咏唱★4": 1, "[73]死灵魔术★4": 1}

编号[4e2c395ec20d824ec12a149d94b189bf]
等级: 1
圣晶石: 2
圣晶片: 3
呼符: 0
金/银/铜/青苹果: 0/0/0/0
登陆天数: 10天 / 10天
从者: {"[13]罗宾汉(Archer)★3": 1, "[15]尤瑞艾莉(Archer)★3": 2, "[23]美杜莎(Rider)★3": 1, "[94]阿斯托尔福(Rider)★4": 1, "[332]ドブルイニャ・ニキチッチ(Rider)★4": 1, "[31]美狄亚(Caster)★3": 1, "[80]查尔斯·巴贝奇(Caster)★3": 1, "[1]玛修·基列莱特(Shielder)★3": 1}
礼装: {"[21]钢之锻炼★4": 1, "[30]天使之诗★4": 1, "[90]魔力计★3": 1}

编号[04e52c36a63b4288b6137a0ae544c606]
等级: 1
圣晶石: 2
圣晶片: 3
呼符: 0
金/银/铜/青苹果: 0/0/0/0
登陆天数: 10天 / 10天
从者: {"[15]尤瑞艾莉(Archer)★3": 1, "[17]库·丘林(Lancer)★3": 1, "[27]牛若丸(Rider)★3": 1, "[81]亨利·杰基尔＆海德(Assassin)★3": 1, "[41]斯忒诺(Assassin)★4": 1, "[49]虎狼(Berserker)★3": 1, "[1]玛修·基列莱特(Shielder)★3": 1}
礼装: {"[23]投影魔术★4": 1, "[38]封印指定　执行者★4": 1, "[55]扬帆远航★3": 1, "[91]爱之灵药★3": 1, "[92]白鹳骑士★3": 1}

编号[9da36b520a673c1584ce199b903fe57a]
等级: 1
圣晶石: 2
圣晶片: 3
呼符: 0
金/银/铜/青苹果: 0/0/0/0
登陆天数: 10天 / 10天
从者: {"[298]渡边纲(Saber)★4": 1, "[11]卫宫(Archer)★4": 1, "[325]ゼノビア(Archer)★4": 1, "[17]库·丘林(Lancer)★3": 1, "[94]阿斯托尔福(Rider)★4": 1, "[49]虎狼(Berserker)★3": 1, "[1]玛修·基列莱特(Shielder)★3": 1}
礼装: {"[39]抹大拉的圣骸布★4": 3, "[55]扬帆远航★3": 1, "[66]骑士的矜持★4": 1}

编号[8fbf5c74c6350a2fb1bc3bbc24da018a]
等级: 1
圣晶石: 2
圣晶片: 3
呼符: 0
金/银/铜/青苹果: 0/0/0/0
登陆天数: 10天 / 10天
从者: {"[64]赫克托耳(Lancer)★3": 3, "[28]亚历山大(Rider)★3": 1, "[120]尼托克丽丝(Caster)★4": 1, "[42]匕见(Assassin)★3": 2, "[55]大流士三世(Berserker)★3": 1, "[1]玛修·基列莱特(Shielder)★3": 1}
礼装: {"[26]宝石魔术·对影★4": 1, "[56]指令咏唱★4": 1, "[96]鲁格的光环★3": 1}

编号[4ef87acf7706013ec18ff3af3f9d8bc4]
等级: 1
圣晶石: 2
圣晶片: 3
呼符: 0
金/银/铜/青苹果: 0/0/0/0
登陆天数: 10天 / 10天
从者: {"[7]盖乌斯·尤利乌斯·恺撒(Saber)★3": 1, "[11]卫宫(Archer)★4": 1, "[71]迪尔姆德·奥迪那(Lancer)★3": 1, "[18]伊丽莎白·巴托里(Lancer)★4": 2, "[23]美杜莎(Rider)★3": 1, "[79]冯·霍恩海姆·帕拉塞尔苏斯(Caster)★3": 2, "[56]清姬(Berserker)★3": 1, "[1]玛修·基列莱特(Shielder)★3": 1}
礼装: {"[25]绿之破音★4": 1, "[47]一之太刀★4": 1}

编号[785026dd91bbe46e1f2588792a280aa6]
等级: 1
圣晶石: 2
圣晶片: 3
呼符: 0
金/银/铜/青苹果: 0/0/0/0
登陆天数: 10天 / 10天
从者: {"[64]赫克托耳(Lancer)★3": 1, "[26]布狄卡(Rider)★3": 1, "[27]牛若丸(Rider)★3": 1, "[332]ドブルイニャ・ニキチッチ(Rider)★4": 1, "[192]喀耳刻(Caster)★4": 1, "[56]清姬(Berserker)★3": 1, "[1]玛修·基列莱特(Shielder)★3": 1}
礼装: {"[22]原始咒术★4": 1, "[24]Gandr★4": 1, "[46]符文石★3": 1, "[91]爱之灵药★3": 1, "[94]摩托·装甲骑兵★3": 1}

编号[52204cfe8f0a88f4b455353af49a3961]
等级: 1
圣晶石: 2
圣晶片: 3
呼符: 0
金/银/铜/青苹果: 0/0/0/0
登陆天数: 10天 / 10天
从者: {"[13]罗宾汉(Archer)★3": 1, "[18]伊丽莎白·巴托里(Lancer)★4": 1, "[64]赫克托耳(Lancer)★3": 1, "[23]美杜莎(Rider)★3": 2, "[35]梅菲斯托费勒斯(Caster)★3": 1, "[1]玛修·基列莱特(Shielder)★3": 1}
礼装: {"[21]钢之锻炼★4": 1, "[30]天使之诗★4": 1, "[65]魔猪★3": 1, "[74]觉醒的意志★4": 1, "[89]柳洞寺★3": 1}

编号[612dcc9fe7d175c67c921190d22e1218]
等级: 1
圣晶石: 2
圣晶片: 3
呼符: 0
金/银/铜/青苹果: 0/0/0/0
登陆天数: 10天 / 10天
从者: {"[63]大卫(Archer)★3": 1, "[20]库·丘林〔Prototype〕(Lancer)★3": 1, "[64]赫克托耳(Lancer)★3": 1, "[214]瓦尔基里(Lancer)★4": 1, "[79]冯·霍恩海姆·帕拉塞尔苏斯(Caster)★3": 1, "[55]大流士三世(Berserker)★3": 1, "[58]玉藻猫(Berserker)★4": 1, "[1]玛修·基列莱特(Shielder)★3": 1}
礼装: {"[26]宝石魔术·对影★4": 1, "[39]抹大拉的圣骸布★4": 1, "[89]柳洞寺★3": 1, "[93]阿兰若★3": 1}

编号[a8f61042f8557e336e665a52875cdcd1]
等级: 1
圣晶石: 2
圣晶片: 3
呼符: 0
金/银/铜/青苹果: 0/0/0/0
登陆天数: 10天 / 10天
从者: {"[245]拉克什米·芭伊(Saber)★4": 1, "[13]罗宾汉(Archer)★3": 1, "[15]尤瑞艾莉(Archer)★3": 1, "[20]库·丘林〔Prototype〕(Lancer)★3": 1, "[94]阿斯托尔福(Rider)★4": 1, "[27]牛若丸(Rider)★3": 1, "[120]尼托克丽丝(Caster)★4": 1, "[1]玛修·基列莱特(Shielder)★3": 1}
礼装: {"[22]原始咒术★4": 1, "[46]符文石★3": 1, "[47]一之太刀★4": 1, "[98]千年黄金树★4": 1}

编号[baa2b59e8ba36d7cf6d5e5122821bd4f]
等级: 1
圣晶石: 2
圣晶片: 3
呼符: 0
金/银/铜/青苹果: 0/0/0/0
登陆天数: 10天 / 10天
从者: {"[325]ゼノビア(Archer)★4": 1, "[17]库·丘林(Lancer)★3": 1, "[20]库·丘林〔Prototype〕(Lancer)★3": 1, "[28]亚历山大(Rider)★3": 1, "[49]虎狼(Berserker)★3": 1, "[1]玛修·基列莱特(Shielder)★3": 1}
礼装: {"[28]虚数魔术★4": 1, "[42]Mooncell Automaton★3": 1, "[47]一之太刀★4": 1, "[55]扬帆远航★3": 1, "[90]魔力计★3": 1, "[92]白鹳骑士★3": 1}

编号[efb550534d5a5abe34a1996df8b58920]
等级: 1
圣晶石: 2
圣晶片: 3
呼符: 0
金/银/铜/青苹果: 0/0/0/0
登陆天数: 10天 / 10天
从者: {"[298]渡边纲(Saber)★4": 1, "[15]尤瑞艾莉(Archer)★3": 1, "[325]ゼノビア(Archer)★4": 1, "[31]美狄亚(Caster)★3": 2, "[80]查尔斯·巴贝奇(Caster)★3": 1, "[35]梅菲斯托费勒斯(Caster)★3": 1, "[1]玛修·基列莱特(Shielder)★3": 1}
礼装: {"[24]Gandr★4": 1, "[25]绿之破音★4": 1, "[26]宝石魔术·对影★4": 1, "[39]抹大拉的圣骸布★4": 1}

编号[c86a59805430050b37d3ab0021e2894e]
等级: 1
圣晶石: 2
圣晶片: 3
呼符: 0
金/银/铜/青苹果: 0/0/0/0
登陆天数: 10天 / 10天
从者: {"[325]ゼノビア(Archer)★4": 1, "[17]库·丘林(Lancer)★3": 1, "[94]阿斯托尔福(Rider)★4": 2, "[26]布狄卡(Rider)★3": 1, "[58]玉藻猫(Berserker)★4": 1, "[1]玛修·基列莱特(Shielder)★3": 1}
礼装: {"[28]虚数魔术★4": 1, "[30]天使之诗★4": 1, "[55]扬帆远航★3": 1, "[92]白鹳骑士★3": 1, "[95]狮子玩偶★3": 1}

编号[77d64b4cbd6b0ea32c17850430a29a95]
等级: 1
圣晶石: 2
圣晶片: 3
呼符: 0
金/银/铜/青苹果: 0/0/0/0
登陆天数: 10天 / 10天
从者: {"[72]弗格斯·马克·罗伊(Saber)★3": 1, "[9]吉尔·德·雷(Saber)★3": 1, "[245]拉克什米·芭伊(Saber)★4": 1, "[18]伊丽莎白·巴托里(Lancer)★4": 1, "[26]布狄卡(Rider)★3": 1, "[80]查尔斯·巴贝奇(Caster)★3": 1, "[35]梅菲斯托费勒斯(Caster)★3": 1, "[41]斯忒诺(Assassin)★4": 1, "[1]玛修·基列莱特(Shielder)★3": 1}
礼装: {"[23]投影魔术★4": 1, "[24]Gandr★4": 1, "[39]抹大拉的圣骸布★4": 1}

编号[a7d079624b42f8e3582933f89e3ef653]
等级: 1
圣晶石: 2
圣晶片: 3
呼符: 0
金/银/铜/青苹果: 0/0/0/0
登陆天数: 10天 / 10天
从者: {"[245]拉克什米·芭伊(Saber)★4": 1, "[325]ゼノビア(Archer)★4": 1, "[28]亚历山大(Rider)★3": 1, "[332]ドブルイニャ・ニキチッチ(Rider)★4": 1, "[80]查尔斯·巴贝奇(Caster)★3": 1, "[41]斯忒诺(Assassin)★4": 1, "[55]大流士三世(Berserker)★3": 1, "[1]玛修·基列莱特(Shielder)★3": 1}
礼装: {"[23]投影魔术★4": 1, "[30]天使之诗★4": 1, "[56]指令咏唱★4": 1, "[93]阿兰若★3": 1}

编号[c833d56388eb53745218c737922d4580]
等级: 1
圣晶石: 2
圣晶片: 3
呼符: 0
金/银/铜/青苹果: 0/0/0/0
登陆天数: 10天 / 10天
从者: {"[20]库·丘林〔Prototype〕(Lancer)★3": 2, "[120]尼托克丽丝(Caster)★4": 1, "[55]大流士三世(Berserker)★3": 1, "[1]玛修·基列莱特(Shielder)★3": 1}
礼装: {"[22]原始咒术★4": 1, "[37]芦苇海★3": 1, "[65]魔猪★3": 1, "[72]时钟塔★3": 1, "[91]爱之灵药★3": 1, "[93]阿兰若★3": 1, "[98]千年黄金树★4": 1}

编号[2cd19271fde237b2fc5d12b3602d110d]
等级: 1
圣晶石: 2
圣晶片: 3
呼符: 0
金/银/铜/青苹果: 0/0/0/0
登陆天数: 10天 / 10天
从者: {"[64]赫克托耳(Lancer)★3": 1, "[23]美杜莎(Rider)★3": 2, "[94]阿斯托尔福(Rider)★4": 1, "[27]牛若丸(Rider)★3": 1, "[35]梅菲斯托费勒斯(Caster)★3": 1, "[47]赫拉克勒斯(Berserker)★4": 1, "[55]大流士三世(Berserker)★3": 1, "[1]玛修·基列莱特(Shielder)★3": 1}
礼装: {"[38]封印指定　执行者★4": 1, "[55]扬帆远航★3": 1, "[74]觉醒的意志★4": 1}

编号[1947e1b39e87dfc740e4be5082d1bbd5]
等级: 1
圣晶石: 2
圣晶片: 3
呼符: 0
金/银/铜/青苹果: 0/0/0/0
登陆天数: 10天 / 10天
从者: {"[7]盖乌斯·尤利乌斯·恺撒(Saber)★3": 1, "[64]赫克托耳(Lancer)★3": 1, "[214]瓦尔基里(Lancer)★4": 1, "[23]美杜莎(Rider)★3": 1, "[94]阿斯托尔福(Rider)★4": 1, "[26]布狄卡(Rider)★3": 1, "[28]亚历山大(Rider)★3": 1, "[79]冯·霍恩海姆·帕拉塞尔苏斯(Caster)★3": 1, "[80]查尔斯·巴贝奇(Caster)★3": 1, "[55]大流士三世(Berserker)★3": 1, "[1]玛修·基列莱特(Shielder)★3": 1}
礼装: {"[23]投影魔术★4": 1}

编号[8765b3ffd1dd5b14830fcad5d374c268]
等级: 1
圣晶石: 2
圣晶片: 3
呼符: 0
金/银/铜/青苹果: 0/0/0/0
登陆天数: 10天 / 10天
从者: {"[72]弗格斯·马克·罗伊(Saber)★3": 1, "[245]拉克什米·芭伊(Saber)★4": 1, "[71]迪尔姆德·奥迪那(Lancer)★3": 1, "[64]赫克托耳(Lancer)★3": 1, "[28]亚历山大(Rider)★3": 1, "[192]喀耳刻(Caster)★4": 1, "[1]玛修·基列莱特(Shielder)★3": 1}
礼装: {"[25]绿之破音★4": 1, "[42]Mooncell Automaton★3": 1, "[66]骑士的矜持★4": 1, "[73]死灵魔术★4": 1, "[96]鲁格的光环★3": 1}

编号[13e3971420a1416eb24bcb74a169f9f6]
等级: 1
圣晶石: 2
圣晶片: 3
呼符: 0
金/银/铜/青苹果: 0/0/0/0
登陆天数: 10天 / 10天
从者: {"[72]弗格斯·马克·罗伊(Saber)★3": 1, "[17]库·丘林(Lancer)★3": 1, "[214]瓦尔基里(Lancer)★4": 1, "[23]美杜莎(Rider)★3": 1, "[26]布狄卡(Rider)★3": 1, "[79]冯·霍恩海姆·帕拉塞尔苏斯(Caster)★3": 1, "[35]梅菲斯托费勒斯(Caster)★3": 2, "[1]玛修·基列莱特(Shielder)★3": 1}
礼装: {"[28]虚数魔术★4": 1, "[72]时钟塔★3": 1, "[91]爱之灵药★3": 1}

编号[de9046546f92d5e9731a6782936826fa]
等级: 1
圣晶石: 2
圣晶片: 3
呼符: 0
金/银/铜/青苹果: 0/0/0/0
登陆天数: 10天 / 10天
从者: {"[11]卫宫(Archer)★4": 1, "[63]大卫(Archer)★3": 1, "[23]美杜莎(Rider)★3": 1, "[27]牛若丸(Rider)★3": 2, "[35]梅菲斯托费勒斯(Caster)★3": 1, "[81]亨利·杰基尔＆海德(Assassin)★3": 1, "[41]斯忒诺(Assassin)★4": 1, "[55]大流士三世(Berserker)★3": 1, "[1]玛修·基列莱特(Shielder)★3": 1}
礼装: {"[26]宝石魔术·对影★4": 1, "[56]指令咏唱★4": 1}

编号[b29f9ad911b4dec4239327d4b462552c]
等级: 1
圣晶石: 2
圣晶片: 3
呼符: 0
金/银/铜/青苹果: 0/0/0/0
登陆天数: 10天 / 10天
从者: {"[63]大卫(Archer)★3": 1, "[94]阿斯托尔福(Rider)★4": 1, "[27]牛若丸(Rider)★3": 2, "[332]ドブルイニャ・ニキチッチ(Rider)★4": 1, "[31]美狄亚(Caster)★3": 2, "[55]大流士三世(Berserker)★3": 1, "[1]玛修·基列莱特(Shielder)★3": 1}
礼装: {"[30]天使之诗★4": 1, "[56]指令咏唱★4": 1, "[90]魔力计★3": 1}

编号[0b37149c8d6233588d7937a399ae41cc]
等级: 1
圣晶石: 2
圣晶片: 3
呼符: 0
金/银/铜/青苹果: 0/0/0/0
登陆天数: 10天 / 10天
从者: {"[9]吉尔·德·雷(Saber)★3": 1, "[13]罗宾汉(Archer)★3": 2, "[325]ゼノビア(Archer)★4": 1, "[20]库·丘林〔Prototype〕(Lancer)★3": 1, "[1]玛修·基列莱特(Shielder)★3": 1}
礼装: {"[25]绿之破音★4": 1, "[28]虚数魔术★4": 1, "[42]Mooncell Automaton★3": 1, "[72]时钟塔★3": 1, "[94]摩托·装甲骑兵★3": 2}

