编号[6fa8c9f92c5f76b7c3813933131e9358]
等级: 1
圣晶石: 270
圣晶片: 3
呼符: 50
金/银/铜/青苹果: 43/0/0/0
登陆天数: 15天 / 91天
从者: {"[72]弗格斯·马克·罗伊(Saber)★3": 1, "[13]罗宾汉(Archer)★3": 1, "[17]库·丘林(Lancer)★3": 1, "[20]库·丘林〔Prototype〕(Lancer)★3": 1, "[64]赫克托耳(Lancer)★3": 1, "[214]瓦尔基里(Lancer)★4": 1, "[23]歌果(Rider)★3": 2, "[27]牛若丸(Rider)★3": 1, "[120]尼托克丽丝(Caster)★4": 1, "[284]阿尔托莉雅·卡斯特(Caster)★5": 1, "[42]匕见(Assassin)★3": 1, "[49]虎狼(Berserker)★3": 1, "[1]玛修·基列莱特(Shielder)★3": 1}
礼装: {"[265]卡姆兰之战★3": 1, "[420]谜之面具群★3": 1, "[582]阿特拉斯院★3": 1, "[674]神造兵器★3": 1, "[1270]庆祝回忆★5": 1, "[1272]散状花★3": 1, "[1610]枯れない花★3": 1}

编号[c3aa4608e2610dc08b7e767ad78bd0ee]
等级: 1
圣晶石: 45
圣晶片: 3
呼符: 50
金/银/铜/青苹果: 43/0/0/0
登陆天数: 15天 / 91天
从者: {"[223]迪尔姆德·奥迪那(Saber)★4": 1, "[13]罗宾汉(Archer)★3": 3, "[63]大卫(Archer)★3": 2, "[105]比利小子(Archer)★3": 2, "[15]尤瑞艾莉(Archer)★3": 2, "[95]幼吉尔(Archer)★3": 1, "[207]喀戎(Archer)★4": 1, "[140]弗拉德三世〔EXTRA〕(Lancer)★4": 1, "[186]宝藏院胤舜(Lancer)★3": 1, "[23]歌果(Rider)★3": 2, "[26]布狄卡(Rider)★3": 2, "[27]牛若丸(Rider)★3": 2, "[273]曼迪卡尔多(Rider)★3": 1, "[31]美狄亚(Caster)★3": 1, "[80]查尔斯·巴贝奇(Caster)★3": 3, "[192]喀耳刻(Caster)★4": 1, "[284]阿尔托莉雅·卡斯特(Caster)★5": 1, "[124]静谧哈桑(Assassin)★3": 2, "[42]匕见(Assassin)★3": 1, "[117]风魔小太郎(Assassin)★3": 4, "[49]虎狼(Berserker)★3": 3, "[55]大流士三世(Berserker)★3": 1, "[56]清姬(Berserker)★3": 1, "[1]玛修·基列莱特(Shielder)★3": 1, "[352]徐福(Alterego)★3": 1}
礼装: {"[22]原始咒术★4": 1, "[26]宝石魔术·对影★4": 1, "[56]指令咏唱★4": 2, "[73]死灵魔术★4": 1, "[89]柳洞寺★3": 2, "[91]爱之灵药★3": 1, "[182]毒蛇一艺★4": 1, "[243]Bronze-Link Manipulators★3": 1, "[244]四枝之浅滩★3": 1, "[333]许德拉匕首★3": 1, "[246]特辣麻婆豆腐★3": 2, "[264]援护射击★4": 1, "[265]卡姆兰之战★3": 2, "[331]佛拉格拉克★3": 1, "[332]天之逆月★3": 1, "[418]固有结界★3": 2, "[419]返老还童的灵药★3": 2, "[420]谜之面具群★3": 1, "[580]瓦砾的圣堂★3": 2, "[581]手无寸铁慎二君★3": 1, "[582]阿特拉斯院★3": 2, "[585]幻想种★3": 1, "[674]神造兵器★3": 1, "[691]噬魂★3": 3, "[815]樱的特制便当★3": 1, "[1016]狂舞曲★4": 1, "[1270]庆祝回忆★5": 4, "[1271]头脑风暴★4": 5, "[1272]散状花★3": 8, "[1415]匮乏之人★3": 1, "[1513]穂群原学園生徒会長★3": 2, "[1609]代償魔術★4": 2, "[1610]枯れない花★3": 2, "[1669]熾天の王★5": 1}

编号[b238a8125915536ed9c19ada0d7761c5]
等级: 1
圣晶石: 1
圣晶片: 3
呼符: 0
金/银/铜/青苹果: 44/0/0/0
登陆天数: 15天 / 91天
从者: {"[7]盖乌斯·尤利乌斯·恺撒(Saber)★3": 4, "[72]弗格斯·马克·罗伊(Saber)★3": 1, "[9]吉尔·德·雷(Saber)★3": 2, "[11]卫宫(Archer)★4": 1, "[13]罗宾汉(Archer)★3": 1, "[105]比利小子(Archer)★3": 2, "[15]尤瑞艾莉(Archer)★3": 1, "[125]俵藤太(Archer)★3": 3, "[95]幼吉尔(Archer)★3": 5, "[17]库·丘林(Lancer)★3": 3, "[71]迪尔姆德·奥迪那(Lancer)★3": 1, "[20]库·丘林〔Prototype〕(Lancer)★3": 1, "[22]罗穆路斯(Lancer)★3": 1, "[186]宝藏院胤舜(Lancer)★3": 2, "[64]赫克托耳(Lancer)★3": 1, "[214]瓦尔基里(Lancer)★4": 1, "[26]布狄卡(Rider)★3": 1, "[28]亚历山大(Rider)★3": 1, "[273]曼迪卡尔多(Rider)★3": 2, "[31]美狄亚(Caster)★3": 3, "[79]冯·霍恩海姆·帕拉塞尔苏斯(Caster)★3": 1, "[80]查尔斯·巴贝奇(Caster)★3": 1, "[35]梅菲斯托费勒斯(Caster)★3": 2, "[104]杰罗尼莫(Caster)★3": 1, "[192]喀耳刻(Caster)★4": 1, "[203]阿维斯布隆(Caster)★3": 2, "[110]百貌哈桑(Assassin)★3": 1, "[81]亨利·杰基尔＆海德(Assassin)★3": 5, "[124]静谧哈桑(Assassin)★3": 2, "[117]风魔小太郎(Assassin)★3": 2, "[159]燕青(Assassin)★4": 1, "[47]赫拉克勒斯(Berserker)★4": 1, "[49]虎狼(Berserker)★3": 3, "[55]大流士三世(Berserker)★3": 2, "[56]清姬(Berserker)★3": 4, "[1]玛修·基列莱特(Shielder)★3": 1, "[352]徐福(Alterego)★3": 5}
礼装: {"[26]宝石魔术·对影★4": 1, "[40]宇宙棱镜★5": 1, "[56]指令咏唱★4": 1, "[73]死灵魔术★4": 1, "[89]柳洞寺★3": 2, "[91]爱之灵药★3": 2, "[98]千年黄金树★4": 1, "[175]理想的王圣★5": 1, "[186]情窦未开的千金★4": 1, "[244]四枝之浅滩★3": 2, "[333]许德拉匕首★3": 1, "[246]特辣麻婆豆腐★3": 3, "[247]宝石剑泽尔里奇★3": 4, "[265]卡姆兰之战★3": 2, "[332]天之逆月★3": 3, "[400]天堂之孔★5": 1, "[418]固有结界★3": 1, "[419]返老还童的灵药★3": 2, "[580]瓦砾的圣堂★3": 2, "[581]手无寸铁慎二君★3": 2, "[582]阿特拉斯院★3": 2, "[585]幻想种★3": 2, "[674]神造兵器★3": 4, "[691]噬魂★3": 2, "[815]樱的特制便当★3": 1, "[1207]黑魔术★5": 1, "[1270]庆祝回忆★5": 6, "[1271]头脑风暴★4": 6, "[1272]散状花★3": 17, "[1316]王者的气质★4": 1, "[1412]宝石的魔弹★4": 1, "[1414]愿望之容器★4": 1, "[1415]匮乏之人★3": 2, "[1485]冬之结晶★4": 1, "[1513]穂群原学園生徒会長★3": 3, "[1575]幻想の姫★5": 1, "[1610]枯れない花★3": 1}

编号[19983c7ce7d15228c610dd15417cca81]
等级: 1
圣晶石: 144
圣晶片: 3
呼符: 50
金/银/铜/青苹果: 43/0/0/0
登陆天数: 15天 / 91天
从者: {"[6]齐格飞(Saber)★4": 1, "[7]盖乌斯·尤利乌斯·恺撒(Saber)★3": 2, "[72]弗格斯·马克·罗伊(Saber)★3": 1, "[11]卫宫(Archer)★4": 1, "[13]罗宾汉(Archer)★3": 1, "[63]大卫(Archer)★3": 2, "[15]尤瑞艾莉(Archer)★3": 1, "[125]俵藤太(Archer)★3": 1, "[95]幼吉尔(Archer)★3": 1, "[17]库·丘林(Lancer)★3": 3, "[20]库·丘林〔Prototype〕(Lancer)★3": 1, "[22]罗穆路斯(Lancer)★3": 1, "[186]宝藏院胤舜(Lancer)★3": 2, "[193]莲偶(Lancer)★4": 1, "[26]布狄卡(Rider)★3": 1, "[28]亚历山大(Rider)★3": 2, "[31]美狄亚(Caster)★3": 2, "[79]冯·霍恩海姆·帕拉塞尔苏斯(Caster)★3": 1, "[120]尼托克丽丝(Caster)★4": 1, "[203]阿维斯布隆(Caster)★3": 1, "[284]阿尔托莉雅·卡斯特(Caster)★5": 1, "[81]亨利·杰基尔＆海德(Assassin)★3": 1, "[49]虎狼(Berserker)★3": 1, "[55]大流士三世(Berserker)★3": 1, "[56]清姬(Berserker)★3": 1, "[58]玉藻猫(Berserker)★4": 1, "[171]彭忒西勒亚(Berserker)★4": 1, "[1]玛修·基列莱特(Shielder)★3": 1}
礼装: {"[24]Gandr★4": 1, "[39]抹大拉的圣骸布★4": 1, "[89]柳洞寺★3": 1, "[91]爱之灵药★3": 1, "[243]Bronze-Link Manipulators★3": 1, "[265]卡姆兰之战★3": 3, "[418]固有结界★3": 2, "[420]谜之面具群★3": 4, "[585]幻想种★3": 1, "[674]神造兵器★3": 1, "[691]噬魂★3": 3, "[1130]野心的嚆矢★4": 1, "[1270]庆祝回忆★5": 3, "[1271]头脑风暴★4": 3, "[1272]散状花★3": 4, "[1576]華の楽土★4": 1, "[1692]免許皆伝★4": 1}

编号[a58e9585eeab2f5f461bec068ecc248c]
等级: 1
圣晶石: 1
圣晶片: 3
呼符: 0
金/银/铜/青苹果: 44/0/0/0
登陆天数: 15天 / 91天
从者: {"[7]盖乌斯·尤利乌斯·恺撒(Saber)★3": 3, "[72]弗格斯·马克·罗伊(Saber)★3": 2, "[9]吉尔·德·雷(Saber)★3": 2, "[11]卫宫(Archer)★4": 1, "[13]罗宾汉(Archer)★3": 3, "[105]比利小子(Archer)★3": 3, "[15]尤瑞艾莉(Archer)★3": 3, "[125]俵藤太(Archer)★3": 1, "[95]幼吉尔(Archer)★3": 3, "[246]威廉·退尔(Archer)★3": 2, "[17]库·丘林(Lancer)★3": 2, "[20]库·丘林〔Prototype〕(Lancer)★3": 1, "[22]罗穆路斯(Lancer)★3": 2, "[87]芬恩·麦克库尔(Lancer)★4": 1, "[186]宝藏院胤舜(Lancer)★3": 2, "[64]赫克托耳(Lancer)★3": 1, "[23]歌果(Rider)★3": 2, "[26]布狄卡(Rider)★3": 1, "[27]牛若丸(Rider)★3": 2, "[28]亚历山大(Rider)★3": 1, "[30]玛尔达(Rider)★4": 1, "[273]曼迪卡尔多(Rider)★3": 3, "[332]ドブルイニャ・ニキチッチ(Rider)★4": 1, "[31]美狄亚(Caster)★3": 2, "[79]冯·霍恩海姆·帕拉塞尔苏斯(Caster)★3": 1, "[80]查尔斯·巴贝奇(Caster)★3": 2, "[35]梅菲斯托费勒斯(Caster)★3": 4, "[203]阿维斯布隆(Caster)★3": 1, "[348]張角(Caster)★3": 1, "[110]百貌哈桑(Assassin)★3": 1, "[81]亨利·杰基尔＆海德(Assassin)★3": 2, "[124]静谧哈桑(Assassin)★3": 1, "[41]斯忒诺(Assassin)★4": 2, "[42]匕见(Assassin)★3": 1, "[117]风魔小太郎(Assassin)★3": 3, "[49]虎狼(Berserker)★3": 2, "[55]大流士三世(Berserker)★3": 2, "[56]清姬(Berserker)★3": 3, "[171]彭忒西勒亚(Berserker)★4": 1, "[202]阿塔兰忒〔Alter〕(Berserker)★4": 1, "[1]玛修·基列莱特(Shielder)★3": 1}
礼装: {"[26]宝石魔术·对影★4": 1, "[56]指令咏唱★4": 4, "[91]爱之灵药★3": 1, "[243]Bronze-Link Manipulators★3": 1, "[244]四枝之浅滩★3": 1, "[333]许德拉匕首★3": 1, "[247]宝石剑泽尔里奇★3": 3, "[265]卡姆兰之战★3": 1, "[332]天之逆月★3": 2, "[419]返老还童的灵药★3": 2, "[420]谜之面具群★3": 3, "[581]手无寸铁慎二君★3": 1, "[585]幻想种★3": 1, "[774]最后的叙述者★4": 1, "[815]樱的特制便当★3": 4, "[1208]韵律诗节★4": 1, "[1270]庆祝回忆★5": 5, "[1271]头脑风暴★4": 9, "[1272]散状花★3": 15, "[1413]虚数属性★4": 1, "[1414]愿望之容器★4": 1, "[1415]匮乏之人★3": 3, "[1512]庭園の守り人★4": 1, "[1513]穂群原学園生徒会長★3": 2, "[1576]華の楽土★4": 1, "[1610]枯れない花★3": 3, "[1670]狩人の夢★4": 1}

编号[9b91323e6266cc3e959c9a9cd4d97df9]
等级: 1
圣晶石: 1
圣晶片: 3
呼符: 0
金/银/铜/青苹果: 44/0/0/0
登陆天数: 15天 / 91天
从者: {"[7]盖乌斯·尤利乌斯·恺撒(Saber)★3": 1, "[72]弗格斯·马克·罗伊(Saber)★3": 1, "[9]吉尔·德·雷(Saber)★3": 1, "[13]罗宾汉(Archer)★3": 2, "[105]比利小子(Archer)★3": 1, "[15]尤瑞艾莉(Archer)★3": 1, "[125]俵藤太(Archer)★3": 2, "[95]幼吉尔(Archer)★3": 1, "[246]威廉·退尔(Archer)★3": 1, "[17]库·丘林(Lancer)★3": 1, "[71]迪尔姆德·奥迪那(Lancer)★3": 1, "[18]伊丽莎白·巴托里(Lancer)★4": 1, "[20]库·丘林〔Prototype〕(Lancer)★3": 2, "[22]罗穆路斯(Lancer)★3": 1, "[186]宝藏院胤舜(Lancer)★3": 1, "[64]赫克托耳(Lancer)★3": 1, "[26]布狄卡(Rider)★3": 1, "[27]牛若丸(Rider)★3": 1, "[28]亚历山大(Rider)★3": 1, "[273]曼迪卡尔多(Rider)★3": 1, "[31]美狄亚(Caster)★3": 1, "[74]童谣(Caster)★4": 1, "[79]冯·霍恩海姆·帕拉塞尔苏斯(Caster)★3": 1, "[80]查尔斯·巴贝奇(Caster)★3": 1, "[35]梅菲斯托费勒斯(Caster)★3": 1, "[104]杰罗尼莫(Caster)★3": 1, "[203]阿维斯布隆(Caster)★3": 1, "[348]張角(Caster)★3": 2, "[110]百貌哈桑(Assassin)★3": 1, "[81]亨利·杰基尔＆海德(Assassin)★3": 1, "[124]静谧哈桑(Assassin)★3": 1, "[42]匕见(Assassin)★3": 1, "[47]赫拉克勒斯(Berserker)★4": 1, "[49]虎狼(Berserker)★3": 4, "[55]大流士三世(Berserker)★3": 1, "[56]清姬(Berserker)★3": 1, "[226]重瞳(Berserker)★5": 1, "[1]玛修·基列莱特(Shielder)★3": 1, "[352]徐福(Alterego)★3": 2}
礼装: {"[21]钢之锻炼★4": 1, "[26]宝石魔术·对影★4": 1, "[32]虚数环★5": 1, "[33]限制/零毁★5": 1, "[42]Mooncell Automaton★3": 1, "[56]指令咏唱★4": 1, "[67]2030年的碎片★5": 1, "[74]觉醒的意志★4": 1, "[186]情窦未开的千金★4": 1, "[333]许德拉匕首★3": 1, "[247]宝石剑泽尔里奇★3": 1, "[264]援护射击★4": 1, "[265]卡姆兰之战★3": 1, "[401]私室警备员★4": 1, "[418]固有结界★3": 1, "[420]谜之面具群★3": 2, "[580]瓦砾的圣堂★3": 2, "[674]神造兵器★3": 1, "[1015]黄昏的王圣★5": 1, "[1016]狂舞曲★4": 1, "[1208]韵律诗节★4": 1, "[1270]庆祝回忆★5": 4, "[1271]头脑风暴★4": 3, "[1272]散状花★3": 14, "[1316]王者的气质★4": 1, "[1411]重责者孤寂于此★5": 1, "[1412]宝石的魔弹★4": 2, "[1414]愿望之容器★4": 1, "[1415]匮乏之人★3": 5, "[1485]冬之结晶★4": 1, "[1513]穂群原学園生徒会長★3": 2, "[1575]幻想の姫★5": 1, "[1577]告解の惑い場★4": 1, "[1608]悲願の継承★4": 1, "[1610]枯れない花★3": 2, "[1669]熾天の王★5": 2, "[1692]免許皆伝★4": 1}

编号[83ff2e454954602f0e66ccd2abcc8466]
等级: 1
圣晶石: 1
圣晶片: 3
呼符: 0
金/银/铜/青苹果: 44/0/0/0
登陆天数: 15天 / 91天
从者: {"[7]盖乌斯·尤利乌斯·恺撒(Saber)★3": 1, "[72]弗格斯·马克·罗伊(Saber)★3": 1, "[9]吉尔·德·雷(Saber)★3": 1, "[227]兰陵王(Saber)★4": 1, "[245]拉克什米·芭伊(Saber)★4": 1, "[13]罗宾汉(Archer)★3": 1, "[105]比利小子(Archer)★3": 2, "[15]尤瑞艾莉(Archer)★3": 1, "[125]俵藤太(Archer)★3": 3, "[95]幼吉尔(Archer)★3": 1, "[207]喀戎(Archer)★4": 1, "[246]威廉·退尔(Archer)★3": 1, "[325]芝诺比阿(Archer)★4": 2, "[17]库·丘林(Lancer)★3": 1, "[71]迪尔姆德·奥迪那(Lancer)★3": 1, "[20]库·丘林〔Prototype〕(Lancer)★3": 1, "[22]罗穆路斯(Lancer)★3": 1, "[186]宝藏院胤舜(Lancer)★3": 1, "[64]赫克托耳(Lancer)★3": 1, "[183]帕尔瓦蒂(Lancer)★4": 1, "[23]歌果(Rider)★3": 1, "[94]阿斯托尔福(Rider)★4": 1, "[26]布狄卡(Rider)★3": 1, "[27]牛若丸(Rider)★3": 1, "[28]亚历山大(Rider)★3": 2, "[273]曼迪卡尔多(Rider)★3": 2, "[332]ドブルイニャ・ニキチッチ(Rider)★4": 1, "[31]美狄亚(Caster)★3": 1, "[79]冯·霍恩海姆·帕拉塞尔苏斯(Caster)★3": 1, "[80]查尔斯·巴贝奇(Caster)★3": 1, "[104]杰罗尼莫(Caster)★3": 1, "[203]阿维斯布隆(Caster)★3": 1, "[348]張角(Caster)★3": 2, "[110]百貌哈桑(Assassin)★3": 1, "[81]亨利·杰基尔＆海德(Assassin)★3": 1, "[124]静谧哈桑(Assassin)★3": 1, "[42]匕见(Assassin)★3": 1, "[46]卡米拉(Assassin)★4": 2, "[117]风魔小太郎(Assassin)★3": 1, "[49]虎狼(Berserker)★3": 2, "[56]清姬(Berserker)★3": 1, "[1]玛修·基列莱特(Shielder)★3": 1, "[352]徐福(Alterego)★3": 1}
礼装: {"[26]宝石魔术·对影★4": 1, "[28]虚数魔术★4": 1, "[35]天之杯★5": 1, "[186]情窦未开的千金★4": 1, "[420]谜之面具群★3": 2, "[580]瓦砾的圣堂★3": 3, "[674]神造兵器★3": 2, "[813]阿特拉斯的婴儿★5": 1, "[815]樱的特制便当★3": 1, "[1015]黄昏的王圣★5": 1, "[1270]庆祝回忆★5": 4, "[1271]头脑风暴★4": 7, "[1272]散状花★3": 16, "[1412]宝石的魔弹★4": 1, "[1415]匮乏之人★3": 1, "[1485]冬之结晶★4": 2, "[1512]庭園の守り人★4": 1, "[1513]穂群原学園生徒会長★3": 4, "[1576]華の楽土★4": 1, "[1609]代償魔術★4": 2, "[1610]枯れない花★3": 2, "[1692]免許皆伝★4": 1}

编号[12243dd883bef6ac2f71a84d0710a782]
等级: 1
圣晶石: 40
圣晶片: 3
呼符: 7
金/银/铜/青苹果: 44/0/0/0
登陆天数: 15天 / 91天
从者: {"[7]盖乌斯·尤利乌斯·恺撒(Saber)★3": 2, "[9]吉尔·德·雷(Saber)★3": 1, "[165]铃鹿御前(Saber)★4": 1, "[13]罗宾汉(Archer)★3": 3, "[63]大卫(Archer)★3": 1, "[105]比利小子(Archer)★3": 1, "[246]威廉·退尔(Archer)★3": 1, "[17]库·丘林(Lancer)★3": 4, "[71]迪尔姆德·奥迪那(Lancer)★3": 1, "[20]库·丘林〔Prototype〕(Lancer)★3": 1, "[22]罗穆路斯(Lancer)★3": 3, "[186]宝藏院胤舜(Lancer)★3": 1, "[214]瓦尔基里(Lancer)★4": 1, "[23]歌果(Rider)★3": 1, "[26]布狄卡(Rider)★3": 2, "[27]牛若丸(Rider)★3": 1, "[28]亚历山大(Rider)★3": 1, "[206]阿喀琉斯(Rider)★5": 1, "[273]曼迪卡尔多(Rider)★3": 1, "[31]美狄亚(Caster)★3": 2, "[80]查尔斯·巴贝奇(Caster)★3": 1, "[104]杰罗尼莫(Caster)★3": 2, "[203]阿维斯布隆(Caster)★3": 1, "[284]阿尔托莉雅·卡斯特(Caster)★5": 1, "[348]張角(Caster)★3": 4, "[110]百貌哈桑(Assassin)★3": 1, "[81]亨利·杰基尔＆海德(Assassin)★3": 1, "[124]静谧哈桑(Assassin)★3": 1, "[42]匕见(Assassin)★3": 2, "[46]卡米拉(Assassin)★4": 1, "[117]风魔小太郎(Assassin)★3": 1, "[159]燕青(Assassin)★4": 1, "[185]望月千代女(Assassin)★4": 1, "[49]虎狼(Berserker)★3": 2, "[55]大流士三世(Berserker)★3": 1, "[56]清姬(Berserker)★3": 1, "[1]玛修·基列莱特(Shielder)★3": 1, "[352]徐福(Alterego)★3": 3}
礼装: {"[21]钢之锻炼★4": 1, "[26]宝石魔术·对影★4": 1, "[34]万华镜★5": 1, "[56]指令咏唱★4": 1, "[67]2030年的碎片★5": 1, "[89]柳洞寺★3": 1, "[91]爱之灵药★3": 3, "[182]毒蛇一艺★4": 1, "[188]觉醒之前★5": 1, "[247]宝石剑泽尔里奇★3": 1, "[331]佛拉格拉克★3": 2, "[332]天之逆月★3": 1, "[401]私室警备员★4": 1, "[418]固有结界★3": 2, "[420]谜之面具群★3": 4, "[580]瓦砾的圣堂★3": 1, "[582]阿特拉斯院★3": 1, "[691]噬魂★3": 1, "[815]樱的特制便当★3": 1, "[912]火炎伯爵★5": 1, "[1208]韵律诗节★4": 1, "[1270]庆祝回忆★5": 5, "[1271]头脑风暴★4": 5, "[1272]散状花★3": 11, "[1415]匮乏之人★3": 3, "[1512]庭園の守り人★4": 1, "[1513]穂群原学園生徒会長★3": 3, "[1576]華の楽土★4": 1, "[1607]投影装填★4": 2, "[1609]代償魔術★4": 1, "[1692]免許皆伝★4": 1}

编号[97c79a4197cfc44595bdcab46d683bb9]
等级: 1
圣晶石: 40
圣晶片: 3
呼符: 32
金/银/铜/青苹果: 44/0/0/0
登陆天数: 15天 / 91天
从者: {"[72]弗格斯·马克·罗伊(Saber)★3": 1, "[9]吉尔·德·雷(Saber)★3": 1, "[245]拉克什米·芭伊(Saber)★4": 1, "[11]卫宫(Archer)★4": 1, "[13]罗宾汉(Archer)★3": 1, "[63]大卫(Archer)★3": 1, "[60]俄里翁(Archer)★5": 1, "[105]比利小子(Archer)★3": 1, "[15]尤瑞艾莉(Archer)★3": 2, "[95]幼吉尔(Archer)★3": 2, "[246]威廉·退尔(Archer)★3": 1, "[17]库·丘林(Lancer)★3": 1, "[71]迪尔姆德·奥迪那(Lancer)★3": 1, "[20]库·丘林〔Prototype〕(Lancer)★3": 1, "[22]罗穆路斯(Lancer)★3": 1, "[64]赫克托耳(Lancer)★3": 1, "[23]歌果(Rider)★3": 1, "[26]布狄卡(Rider)★3": 2, "[28]亚历山大(Rider)★3": 1, "[273]曼迪卡尔多(Rider)★3": 2, "[366]黄飛虎(Rider)★4": 1, "[79]冯·霍恩海姆·帕拉塞尔苏斯(Caster)★3": 1, "[80]查尔斯·巴贝奇(Caster)★3": 1, "[100]海伦娜·布拉瓦茨基(Caster)★4": 1, "[203]阿维斯布隆(Caster)★3": 1, "[284]阿尔托莉雅·卡斯特(Caster)★5": 1, "[348]張角(Caster)★3": 2, "[110]百貌哈桑(Assassin)★3": 1, "[81]亨利·杰基尔＆海德(Assassin)★3": 2, "[124]静谧哈桑(Assassin)★3": 1, "[42]匕见(Assassin)★3": 1, "[117]风魔小太郎(Assassin)★3": 1, "[159]燕青(Assassin)★4": 1, "[48]兰斯洛特(Berserker)★4": 1, "[49]虎狼(Berserker)★3": 1, "[55]大流士三世(Berserker)★3": 1, "[58]玉藻猫(Berserker)★4": 1, "[1]玛修·基列莱特(Shielder)★3": 1, "[242]阿斯特赖亚(Ruler)★4": 1}
礼装: {"[21]钢之锻炼★4": 1, "[33]限制/零毁★5": 2, "[56]指令咏唱★4": 1, "[176]记录保持者★4": 1, "[185]月灵髓液★5": 1, "[333]许德拉匕首★3": 1, "[246]特辣麻婆豆腐★3": 1, "[247]宝石剑泽尔里奇★3": 1, "[420]谜之面具群★3": 2, "[674]神造兵器★3": 1, "[912]火炎伯爵★5": 1, "[1208]韵律诗节★4": 1, "[1270]庆祝回忆★5": 4, "[1271]头脑风暴★4": 7, "[1272]散状花★3": 13, "[1316]王者的气质★4": 1, "[1411]重责者孤寂于此★5": 1, "[1513]穂群原学園生徒会長★3": 2, "[1607]投影装填★4": 1, "[1609]代償魔術★4": 1, "[1610]枯れない花★3": 7, "[1670]狩人の夢★4": 1}

编号[1ea240606f297625d2cde4f822ac9ce3]
等级: 1
圣晶石: 252
圣晶片: 3
呼符: 50
金/银/铜/青苹果: 43/0/0/0
登陆天数: 15天 / 91天
从者: {"[7]盖乌斯·尤利乌斯·恺撒(Saber)★3": 1, "[9]吉尔·德·雷(Saber)★3": 2, "[63]大卫(Archer)★3": 1, "[17]库·丘林(Lancer)★3": 1, "[186]宝藏院胤舜(Lancer)★3": 1, "[64]赫克托耳(Lancer)★3": 1, "[94]阿斯托尔福(Rider)★4": 1, "[27]牛若丸(Rider)★3": 1, "[28]亚历山大(Rider)★3": 1, "[80]查尔斯·巴贝奇(Caster)★3": 1, "[203]阿维斯布隆(Caster)★3": 1, "[284]阿尔托莉雅·卡斯特(Caster)★5": 1, "[42]匕见(Assassin)★3": 1, "[58]玉藻猫(Berserker)★4": 1, "[1]玛修·基列莱特(Shielder)★3": 1}
礼装: {"[74]觉醒的意志★4": 1, "[246]特辣麻婆豆腐★3": 1, "[265]卡姆兰之战★3": 2, "[580]瓦砾的圣堂★3": 1, "[674]神造兵器★3": 1, "[1207]黑魔术★5": 1, "[1271]头脑风暴★4": 1, "[1414]愿望之容器★4": 1, "[1610]枯れない花★3": 1}

编号[191065c75e0b1625075a0eeac81b1003]
等级: 1
圣晶石: 297
圣晶片: 3
呼符: 50
金/银/铜/青苹果: 43/0/0/0
登陆天数: 15天 / 91天
从者: {"[63]大卫(Archer)★3": 1, "[17]库·丘林(Lancer)★3": 1, "[71]迪尔姆德·奥迪那(Lancer)★3": 1, "[64]赫克托耳(Lancer)★3": 1, "[214]瓦尔基里(Lancer)★4": 1, "[23]歌果(Rider)★3": 1, "[28]亚历山大(Rider)★3": 1, "[120]尼托克丽丝(Caster)★4": 1, "[284]阿尔托莉雅·卡斯特(Caster)★5": 1, "[1]玛修·基列莱特(Shielder)★3": 1}
礼装: {"[28]虚数魔术★4": 1, "[332]天之逆月★3": 1}

编号[9ca94504a0892146c477a44dbd3c4fa3]
等级: 1
圣晶石: 222
圣晶片: 3
呼符: 50
金/银/铜/青苹果: 43/0/0/0
登陆天数: 15天 / 91天
从者: {"[246]威廉·退尔(Archer)★3": 1, "[71]迪尔姆德·奥迪那(Lancer)★3": 1, "[23]歌果(Rider)★3": 2, "[27]牛若丸(Rider)★3": 1, "[28]亚历山大(Rider)★3": 1, "[273]曼迪卡尔多(Rider)★3": 1, "[79]冯·霍恩海姆·帕拉塞尔苏斯(Caster)★3": 1, "[80]查尔斯·巴贝奇(Caster)★3": 1, "[192]喀耳刻(Caster)★4": 2, "[284]阿尔托莉雅·卡斯特(Caster)★5": 1, "[348]張角(Caster)★3": 1, "[81]亨利·杰基尔＆海德(Assassin)★3": 1, "[47]赫拉克勒斯(Berserker)★4": 1, "[1]玛修·基列莱特(Shielder)★3": 1, "[352]徐福(Alterego)★3": 2}
礼装: {"[21]钢之锻炼★4": 1, "[24]Gandr★4": 1, "[26]宝石魔术·对影★4": 1, "[28]虚数魔术★4": 2, "[89]柳洞寺★3": 2, "[98]千年黄金树★4": 1, "[182]毒蛇一艺★4": 1, "[333]许德拉匕首★3": 1, "[247]宝石剑泽尔里奇★3": 1, "[264]援护射击★4": 1, "[582]阿特拉斯院★3": 2, "[585]幻想种★3": 1, "[674]神造兵器★3": 2, "[774]最后的叙述者★4": 1, "[1270]庆祝回忆★5": 2, "[1271]头脑风暴★4": 1}

编号[25a2325063498996cffba4030a5a1225]
等级: 1
圣晶石: 72
圣晶片: 3
呼符: 50
金/银/铜/青苹果: 43/0/0/0
登陆天数: 15天 / 91天
从者: {"[7]盖乌斯·尤利乌斯·恺撒(Saber)★3": 1, "[72]弗格斯·马克·罗伊(Saber)★3": 1, "[9]吉尔·德·雷(Saber)★3": 2, "[165]铃鹿御前(Saber)★4": 1, "[278]狄俄斯库里(Saber)★5": 1, "[13]罗宾汉(Archer)★3": 1, "[63]大卫(Archer)★3": 3, "[105]比利小子(Archer)★3": 1, "[15]尤瑞艾莉(Archer)★3": 1, "[125]俵藤太(Archer)★3": 2, "[95]幼吉尔(Archer)★3": 3, "[246]威廉·退尔(Archer)★3": 1, "[17]库·丘林(Lancer)★3": 1, "[20]库·丘林〔Prototype〕(Lancer)★3": 2, "[22]罗穆路斯(Lancer)★3": 2, "[193]莲偶(Lancer)★4": 1, "[23]歌果(Rider)★3": 1, "[94]阿斯托尔福(Rider)★4": 1, "[26]布狄卡(Rider)★3": 1, "[28]亚历山大(Rider)★3": 2, "[332]ドブルイニャ・ニキチッチ(Rider)★4": 1, "[31]美狄亚(Caster)★3": 1, "[80]查尔斯·巴贝奇(Caster)★3": 3, "[104]杰罗尼莫(Caster)★3": 2, "[284]阿尔托莉雅·卡斯特(Caster)★5": 1, "[110]百貌哈桑(Assassin)★3": 3, "[81]亨利·杰基尔＆海德(Assassin)★3": 2, "[124]静谧哈桑(Assassin)★3": 1, "[42]匕见(Assassin)★3": 1, "[47]赫拉克勒斯(Berserker)★4": 1, "[49]虎狼(Berserker)★3": 1, "[55]大流士三世(Berserker)★3": 2, "[56]清姬(Berserker)★3": 2, "[1]玛修·基列莱特(Shielder)★3": 1, "[352]徐福(Alterego)★3": 2}
礼装: {"[26]宝石魔术·对影★4": 1, "[39]抹大拉的圣骸布★4": 1, "[89]柳洞寺★3": 1, "[91]爱之灵药★3": 3, "[243]Bronze-Link Manipulators★3": 1, "[333]许德拉匕首★3": 1, "[247]宝石剑泽尔里奇★3": 2, "[332]天之逆月★3": 1, "[420]谜之面具群★3": 1, "[580]瓦砾的圣堂★3": 1, "[581]手无寸铁慎二君★3": 1, "[582]阿特拉斯院★3": 2, "[585]幻想种★3": 1, "[674]神造兵器★3": 2, "[691]噬魂★3": 1, "[1270]庆祝回忆★5": 3, "[1271]头脑风暴★4": 6, "[1272]散状花★3": 6, "[1413]虚数属性★4": 1, "[1577]告解の惑い場★4": 1, "[1608]悲願の継承★4": 1, "[1609]代償魔術★4": 1, "[1610]枯れない花★3": 1}

编号[1f50e6a6e94341592d896adcb54475fc]
等级: 1
圣晶石: 96
圣晶片: 3
呼符: 50
金/银/铜/青苹果: 43/0/0/0
登陆天数: 15天 / 91天
从者: {"[7]盖乌斯·尤利乌斯·恺撒(Saber)★3": 1, "[9]吉尔·德·雷(Saber)★3": 1, "[298]渡边纲(Saber)★4": 1, "[11]卫宫(Archer)★4": 1, "[13]罗宾汉(Archer)★3": 2, "[63]大卫(Archer)★3": 2, "[105]比利小子(Archer)★3": 2, "[15]尤瑞艾莉(Archer)★3": 2, "[125]俵藤太(Archer)★3": 1, "[246]威廉·退尔(Archer)★3": 1, "[17]库·丘林(Lancer)★3": 1, "[64]赫克托耳(Lancer)★3": 1, "[23]歌果(Rider)★3": 2, "[26]布狄卡(Rider)★3": 1, "[31]美狄亚(Caster)★3": 2, "[79]冯·霍恩海姆·帕拉塞尔苏斯(Caster)★3": 2, "[80]查尔斯·巴贝奇(Caster)★3": 4, "[120]尼托克丽丝(Caster)★4": 1, "[35]梅菲斯托费勒斯(Caster)★3": 2, "[104]杰罗尼莫(Caster)★3": 1, "[192]喀耳刻(Caster)★4": 1, "[203]阿维斯布隆(Caster)★3": 3, "[284]阿尔托莉雅·卡斯特(Caster)★5": 1, "[81]亨利·杰基尔＆海德(Assassin)★3": 1, "[124]静谧哈桑(Assassin)★3": 1, "[117]风魔小太郎(Assassin)★3": 1, "[49]虎狼(Berserker)★3": 1, "[82]弗兰肯斯坦(Berserker)★4": 1, "[55]大流士三世(Berserker)★3": 1, "[202]阿塔兰忒〔Alter〕(Berserker)★4": 1, "[1]玛修·基列莱特(Shielder)★3": 1, "[352]徐福(Alterego)★3": 1}
礼装: {"[91]爱之灵药★3": 1, "[93]阿兰若★3": 1, "[243]Bronze-Link Manipulators★3": 1, "[246]特辣麻婆豆腐★3": 3, "[332]天之逆月★3": 1, "[419]返老还童的灵药★3": 1, "[420]谜之面具群★3": 1, "[580]瓦砾的圣堂★3": 4, "[581]手无寸铁慎二君★3": 1, "[582]阿特拉斯院★3": 1, "[585]幻想种★3": 2, "[674]神造兵器★3": 1, "[691]噬魂★3": 1, "[1208]韵律诗节★4": 1, "[1270]庆祝回忆★5": 1, "[1271]头脑风暴★4": 4, "[1272]散状花★3": 10, "[1415]匮乏之人★3": 1, "[1512]庭園の守り人★4": 1, "[1513]穂群原学園生徒会長★3": 1, "[1610]枯れない花★3": 1}

编号[c73d4ac2dd17e7731f2e1db2e2720438]
等级: 1
圣晶石: 6
圣晶片: 3
呼符: 50
金/银/铜/青苹果: 43/0/0/0
登陆天数: 15天 / 91天
从者: {"[7]盖乌斯·尤利乌斯·恺撒(Saber)★3": 3, "[72]弗格斯·马克·罗伊(Saber)★3": 1, "[11]卫宫(Archer)★4": 2, "[13]罗宾汉(Archer)★3": 3, "[63]大卫(Archer)★3": 1, "[60]俄里翁(Archer)★5": 1, "[105]比利小子(Archer)★3": 1, "[15]尤瑞艾莉(Archer)★3": 1, "[125]俵藤太(Archer)★3": 1, "[95]幼吉尔(Archer)★3": 1, "[71]迪尔姆德·奥迪那(Lancer)★3": 3, "[20]库·丘林〔Prototype〕(Lancer)★3": 2, "[22]罗穆路斯(Lancer)★3": 2, "[186]宝藏院胤舜(Lancer)★3": 2, "[64]赫克托耳(Lancer)★3": 1, "[23]歌果(Rider)★3": 2, "[27]牛若丸(Rider)★3": 1, "[28]亚历山大(Rider)★3": 2, "[31]美狄亚(Caster)★3": 3, "[80]查尔斯·巴贝奇(Caster)★3": 2, "[35]梅菲斯托费勒斯(Caster)★3": 2, "[104]杰罗尼莫(Caster)★3": 2, "[169]山鲁佐德(Caster)★5": 1, "[203]阿维斯布隆(Caster)★3": 2, "[284]阿尔托莉雅·卡斯特(Caster)★5": 1, "[348]張角(Caster)★3": 2, "[124]静谧哈桑(Assassin)★3": 1, "[42]匕见(Assassin)★3": 2, "[49]虎狼(Berserker)★3": 1, "[55]大流士三世(Berserker)★3": 3, "[1]玛修·基列莱特(Shielder)★3": 1, "[352]徐福(Alterego)★3": 1}
礼装: {"[39]抹大拉的圣骸布★4": 1, "[56]指令咏唱★4": 1, "[89]柳洞寺★3": 1, "[91]爱之灵药★3": 2, "[184]柔软的慈爱★4": 1, "[243]Bronze-Link Manipulators★3": 2, "[244]四枝之浅滩★3": 1, "[333]许德拉匕首★3": 2, "[246]特辣麻婆豆腐★3": 2, "[247]宝石剑泽尔里奇★3": 1, "[265]卡姆兰之战★3": 1, "[331]佛拉格拉克★3": 2, "[332]天之逆月★3": 1, "[419]返老还童的灵药★3": 1, "[420]谜之面具群★3": 1, "[580]瓦砾的圣堂★3": 4, "[581]手无寸铁慎二君★3": 2, "[585]幻想种★3": 2, "[674]神造兵器★3": 1, "[691]噬魂★3": 1, "[774]最后的叙述者★4": 1, "[814]清扫者★4": 1, "[815]樱的特制便当★3": 2, "[1270]庆祝回忆★5": 4, "[1271]头脑风暴★4": 4, "[1272]散状花★3": 11, "[1316]王者的气质★4": 1, "[1414]愿望之容器★4": 1, "[1415]匮乏之人★3": 2, "[1576]華の楽土★4": 1, "[1610]枯れない花★3": 4, "[1692]免許皆伝★4": 1}

编号[09a01a33f7fadd30ca205abfb18a27f7]
等级: 1
圣晶石: 40
圣晶片: 3
呼符: 38
金/银/铜/青苹果: 44/0/0/0
登陆天数: 15天 / 91天
从者: {"[7]盖乌斯·尤利乌斯·恺撒(Saber)★3": 1, "[72]弗格斯·马克·罗伊(Saber)★3": 1, "[105]比利小子(Archer)★3": 1, "[15]尤瑞艾莉(Archer)★3": 1, "[125]俵藤太(Archer)★3": 1, "[95]幼吉尔(Archer)★3": 1, "[246]威廉·退尔(Archer)★3": 1, "[17]库·丘林(Lancer)★3": 1, "[71]迪尔姆德·奥迪那(Lancer)★3": 1, "[20]库·丘林〔Prototype〕(Lancer)★3": 1, "[22]罗穆路斯(Lancer)★3": 2, "[186]宝藏院胤舜(Lancer)★3": 2, "[64]赫克托耳(Lancer)★3": 1, "[23]歌果(Rider)★3": 1, "[94]阿斯托尔福(Rider)★4": 1, "[26]布狄卡(Rider)★3": 1, "[27]牛若丸(Rider)★3": 1, "[28]亚历山大(Rider)★3": 1, "[273]曼迪卡尔多(Rider)★3": 2, "[332]ドブルイニャ・ニキチッチ(Rider)★4": 1, "[31]美狄亚(Caster)★3": 1, "[79]冯·霍恩海姆·帕拉塞尔苏斯(Caster)★3": 1, "[80]查尔斯·巴贝奇(Caster)★3": 1, "[120]尼托克丽丝(Caster)★4": 1, "[203]阿维斯布隆(Caster)★3": 1, "[284]阿尔托莉雅·卡斯特(Caster)★5": 1, "[348]張角(Caster)★3": 1, "[81]亨利·杰基尔＆海德(Assassin)★3": 1, "[124]静谧哈桑(Assassin)★3": 2, "[42]匕见(Assassin)★3": 1, "[117]风魔小太郎(Assassin)★3": 1, "[49]虎狼(Berserker)★3": 1, "[56]清姬(Berserker)★3": 1, "[1]玛修·基列莱特(Shielder)★3": 1, "[352]徐福(Alterego)★3": 2, "[335]ヘファイスティオン(Pretender)★4": 1}
礼装: {"[22]原始咒术★4": 1, "[24]Gandr★4": 1, "[42]Mooncell Automaton★3": 1, "[89]柳洞寺★3": 1, "[331]佛拉格拉克★3": 1, "[332]天之逆月★3": 1, "[419]返老还童的灵药★3": 1, "[420]谜之面具群★3": 2, "[691]噬魂★3": 1, "[1270]庆祝回忆★5": 3, "[1271]头脑风暴★4": 3, "[1272]散状花★3": 14, "[1513]穂群原学園生徒会長★3": 2, "[1608]悲願の継承★4": 2, "[1610]枯れない花★3": 4, "[1670]狩人の夢★4": 3}

编号[a257c928072303b41a5fc1cf5187d1a7]
等级: 1
圣晶石: 40
圣晶片: 3
呼符: 44
金/银/铜/青苹果: 44/0/0/0
登陆天数: 15天 / 91天
从者: {"[7]盖乌斯·尤利乌斯·恺撒(Saber)★3": 2, "[72]弗格斯·马克·罗伊(Saber)★3": 1, "[9]吉尔·德·雷(Saber)★3": 1, "[298]渡边纲(Saber)★4": 1, "[63]大卫(Archer)★3": 1, "[105]比利小子(Archer)★3": 2, "[15]尤瑞艾莉(Archer)★3": 1, "[125]俵藤太(Archer)★3": 1, "[95]幼吉尔(Archer)★3": 1, "[17]库·丘林(Lancer)★3": 1, "[71]迪尔姆德·奥迪那(Lancer)★3": 1, "[64]赫克托耳(Lancer)★3": 1, "[214]瓦尔基里(Lancer)★4": 1, "[26]布狄卡(Rider)★3": 1, "[27]牛若丸(Rider)★3": 1, "[28]亚历山大(Rider)★3": 1, "[29]玛丽·安托瓦内特(Rider)★4": 1, "[273]曼迪卡尔多(Rider)★3": 1, "[31]美狄亚(Caster)★3": 1, "[79]冯·霍恩海姆·帕拉塞尔苏斯(Caster)★3": 1, "[80]查尔斯·巴贝奇(Caster)★3": 1, "[35]梅菲斯托费勒斯(Caster)★3": 1, "[104]杰罗尼莫(Caster)★3": 2, "[203]阿维斯布隆(Caster)★3": 1, "[284]阿尔托莉雅·卡斯特(Caster)★5": 1, "[81]亨利·杰基尔＆海德(Assassin)★3": 1, "[46]卡米拉(Assassin)★4": 1, "[117]风魔小太郎(Assassin)★3": 1, "[47]赫拉克勒斯(Berserker)★4": 1, "[82]弗兰肯斯坦(Berserker)★4": 1, "[89]贝奥武夫(Berserker)★4": 1, "[55]大流士三世(Berserker)★3": 1, "[56]清姬(Berserker)★3": 1, "[171]彭忒西勒亚(Berserker)★4": 1, "[1]玛修·基列莱特(Shielder)★3": 1, "[352]徐福(Alterego)★3": 2}
礼装: {"[89]柳洞寺★3": 2, "[97]圣者凭依之躯★5": 1, "[175]理想的王圣★5": 1, "[186]情窦未开的千金★4": 1, "[188]觉醒之前★5": 1, "[420]谜之面具群★3": 2, "[815]樱的特制便当★3": 1, "[1270]庆祝回忆★5": 4, "[1271]头脑风暴★4": 3, "[1272]散状花★3": 9, "[1315]恋之诅咒★5": 1, "[1415]匮乏之人★3": 3, "[1512]庭園の守り人★4": 1, "[1513]穂群原学園生徒会長★3": 1, "[1610]枯れない花★3": 4, "[1692]免許皆伝★4": 2}

编号[cbc4cd45877deb3240bdb77b64780ef0]
等级: 1
圣晶石: 238
圣晶片: 3
呼符: 8
金/银/铜/青苹果: 44/0/0/0
登陆天数: 15天 / 91天
从者: {"[72]弗格斯·马克·罗伊(Saber)★3": 1, "[9]吉尔·德·雷(Saber)★3": 1, "[13]罗宾汉(Archer)★3": 1, "[15]尤瑞艾莉(Archer)★3": 1, "[125]俵藤太(Archer)★3": 1, "[246]威廉·退尔(Archer)★3": 2, "[325]芝诺比阿(Archer)★4": 1, "[17]库·丘林(Lancer)★3": 1, "[71]迪尔姆德·奥迪那(Lancer)★3": 2, "[18]伊丽莎白·巴托里(Lancer)★4": 1, "[22]罗穆路斯(Lancer)★3": 2, "[23]歌果(Rider)★3": 1, "[94]阿斯托尔福(Rider)★4": 1, "[28]亚历山大(Rider)★3": 1, "[273]曼迪卡尔多(Rider)★3": 1, "[31]美狄亚(Caster)★3": 1, "[79]冯·霍恩海姆·帕拉塞尔苏斯(Caster)★3": 3, "[35]梅菲斯托费勒斯(Caster)★3": 1, "[203]阿维斯布隆(Caster)★3": 2, "[284]阿尔托莉雅·卡斯特(Caster)★5": 1, "[110]百貌哈桑(Assassin)★3": 1, "[124]静谧哈桑(Assassin)★3": 1, "[42]匕见(Assassin)★3": 1, "[117]风魔小太郎(Assassin)★3": 1, "[170]周照(Assassin)★4": 1, "[49]虎狼(Berserker)★3": 1, "[56]清姬(Berserker)★3": 1, "[1]玛修·基列莱特(Shielder)★3": 1, "[352]徐福(Alterego)★3": 2}
礼装: {"[56]指令咏唱★4": 1, "[89]柳洞寺★3": 1, "[176]记录保持者★4": 1, "[243]Bronze-Link Manipulators★3": 2, "[244]四枝之浅滩★3": 1, "[333]许德拉匕首★3": 1, "[246]特辣麻婆豆腐★3": 1, "[247]宝石剑泽尔里奇★3": 1, "[265]卡姆兰之战★3": 2, "[332]天之逆月★3": 1, "[418]固有结界★3": 3, "[419]返老还童的灵药★3": 2, "[420]谜之面具群★3": 3, "[581]手无寸铁慎二君★3": 1, "[585]幻想种★3": 1, "[691]噬魂★3": 1, "[774]最后的叙述者★4": 1, "[1271]头脑风暴★4": 3, "[1272]散状花★3": 8, "[1415]匮乏之人★3": 1, "[1513]穂群原学園生徒会長★3": 2, "[1606]五大元素使い★5": 1}

编号[60ef14076f6c92855ad81307110e866a]
等级: 1
圣晶石: 1
圣晶片: 3
呼符: 0
金/银/铜/青苹果: 44/0/0/0
登陆天数: 15天 / 91天
从者: {"[7]盖乌斯·尤利乌斯·恺撒(Saber)★3": 1, "[72]弗格斯·马克·罗伊(Saber)★3": 1, "[9]吉尔·德·雷(Saber)★3": 1, "[298]渡边纲(Saber)★4": 1, "[13]罗宾汉(Archer)★3": 1, "[15]尤瑞艾莉(Archer)★3": 1, "[95]幼吉尔(Archer)★3": 1, "[246]威廉·退尔(Archer)★3": 3, "[17]库·丘林(Lancer)★3": 1, "[71]迪尔姆德·奥迪那(Lancer)★3": 1, "[18]伊丽莎白·巴托里(Lancer)★4": 1, "[20]库·丘林〔Prototype〕(Lancer)★3": 2, "[186]宝藏院胤舜(Lancer)★3": 2, "[64]赫克托耳(Lancer)★3": 2, "[214]瓦尔基里(Lancer)★4": 1, "[23]歌果(Rider)★3": 1, "[26]布狄卡(Rider)★3": 2, "[27]牛若丸(Rider)★3": 2, "[28]亚历山大(Rider)★3": 2, "[273]曼迪卡尔多(Rider)★3": 2, "[31]美狄亚(Caster)★3": 1, "[79]冯·霍恩海姆·帕拉塞尔苏斯(Caster)★3": 1, "[80]查尔斯·巴贝奇(Caster)★3": 2, "[35]梅菲斯托费勒斯(Caster)★3": 1, "[104]杰罗尼莫(Caster)★3": 1, "[348]張角(Caster)★3": 1, "[110]百貌哈桑(Assassin)★3": 1, "[81]亨利·杰基尔＆海德(Assassin)★3": 2, "[124]静谧哈桑(Assassin)★3": 2, "[42]匕见(Assassin)★3": 1, "[117]风魔小太郎(Assassin)★3": 2, "[47]赫拉克勒斯(Berserker)★4": 1, "[49]虎狼(Berserker)★3": 3, "[56]清姬(Berserker)★3": 2, "[1]玛修·基列莱特(Shielder)★3": 1, "[352]徐福(Alterego)★3": 3}
礼装: {"[21]钢之锻炼★4": 2, "[42]Mooncell Automaton★3": 1, "[89]柳洞寺★3": 1, "[91]爱之灵药★3": 3, "[98]千年黄金树★4": 2, "[176]记录保持者★4": 1, "[182]毒蛇一艺★4": 1, "[185]月灵髓液★5": 1, "[333]许德拉匕首★3": 1, "[246]特辣麻婆豆腐★3": 2, "[247]宝石剑泽尔里奇★3": 1, "[264]援护射击★4": 1, "[265]卡姆兰之战★3": 1, "[331]佛拉格拉克★3": 1, "[332]天之逆月★3": 1, "[418]固有结界★3": 1, "[419]返老还童的灵药★3": 1, "[420]谜之面具群★3": 3, "[580]瓦砾的圣堂★3": 2, "[581]手无寸铁慎二君★3": 1, "[582]阿特拉斯院★3": 1, "[585]幻想种★3": 1, "[815]樱的特制便当★3": 5, "[1130]野心的嚆矢★4": 1, "[1207]黑魔术★5": 1, "[1270]庆祝回忆★5": 6, "[1271]头脑风暴★4": 5, "[1272]散状花★3": 19, "[1316]王者的气质★4": 1, "[1412]宝石的魔弹★4": 1, "[1413]虚数属性★4": 1, "[1414]愿望之容器★4": 2, "[1415]匮乏之人★3": 2, "[1512]庭園の守り人★4": 1, "[1513]穂群原学園生徒会長★3": 2, "[1575]幻想の姫★5": 1, "[1576]華の楽土★4": 1, "[1609]代償魔術★4": 2, "[1610]枯れない花★3": 4}

编号[0de85ad665534f31bad9a2480e52155c]
等级: 1
圣晶石: 40
圣晶片: 3
呼符: 46
金/银/铜/青苹果: 44/0/0/0
登陆天数: 15天 / 91天
从者: {"[6]齐格飞(Saber)★4": 1, "[72]弗格斯·马克·罗伊(Saber)★3": 1, "[9]吉尔·德·雷(Saber)★3": 2, "[245]拉克什米·芭伊(Saber)★4": 1, "[11]卫宫(Archer)★4": 1, "[13]罗宾汉(Archer)★3": 1, "[105]比利小子(Archer)★3": 1, "[15]尤瑞艾莉(Archer)★3": 1, "[125]俵藤太(Archer)★3": 1, "[95]幼吉尔(Archer)★3": 1, "[325]芝诺比阿(Archer)★4": 1, "[17]库·丘林(Lancer)★3": 2, "[71]迪尔姆德·奥迪那(Lancer)★3": 1, "[20]库·丘林〔Prototype〕(Lancer)★3": 1, "[22]罗穆路斯(Lancer)★3": 1, "[64]赫克托耳(Lancer)★3": 1, "[193]莲偶(Lancer)★4": 1, "[23]歌果(Rider)★3": 1, "[27]牛若丸(Rider)★3": 1, "[28]亚历山大(Rider)★3": 1, "[273]曼迪卡尔多(Rider)★3": 1, "[332]ドブルイニャ・ニキチッチ(Rider)★4": 1, "[31]美狄亚(Caster)★3": 1, "[79]冯·霍恩海姆·帕拉塞尔苏斯(Caster)★3": 1, "[80]查尔斯·巴贝奇(Caster)★3": 1, "[35]梅菲斯托费勒斯(Caster)★3": 1, "[203]阿维斯布隆(Caster)★3": 1, "[284]阿尔托莉雅·卡斯特(Caster)★5": 1, "[110]百貌哈桑(Assassin)★3": 1, "[81]亨利·杰基尔＆海德(Assassin)★3": 1, "[124]静谧哈桑(Assassin)★3": 1, "[42]匕见(Assassin)★3": 1, "[117]风魔小太郎(Assassin)★3": 1, "[49]虎狼(Berserker)★3": 2, "[56]清姬(Berserker)★3": 1, "[58]玉藻猫(Berserker)★4": 1, "[1]玛修·基列莱特(Shielder)★3": 1, "[352]徐福(Alterego)★3": 3}
礼装: {"[39]抹大拉的圣骸布★4": 1, "[98]千年黄金树★4": 1, "[420]谜之面具群★3": 2, "[691]噬魂★3": 1, "[1270]庆祝回忆★5": 2, "[1271]头脑风暴★4": 5, "[1272]散状花★3": 8, "[1316]王者的气质★4": 1, "[1415]匮乏之人★3": 2, "[1513]穂群原学園生徒会長★3": 2, "[1575]幻想の姫★5": 1, "[1576]華の楽土★4": 1, "[1610]枯れない花★3": 1}

编号[2df2fe676806eb1536a885f90c2b7f42]
等级: 1
圣晶石: 243
圣晶片: 3
呼符: 50
金/银/铜/青苹果: 43/0/0/0
登陆天数: 15天 / 91天
从者: {"[72]弗格斯·马克·罗伊(Saber)★3": 1, "[298]渡边纲(Saber)★4": 2, "[15]尤瑞艾莉(Archer)★3": 1, "[246]威廉·退尔(Archer)★3": 1, "[22]罗穆路斯(Lancer)★3": 1, "[186]宝藏院胤舜(Lancer)★3": 1, "[64]赫克托耳(Lancer)★3": 2, "[27]牛若丸(Rider)★3": 1, "[31]美狄亚(Caster)★3": 1, "[284]阿尔托莉雅·卡斯特(Caster)★5": 1, "[81]亨利·杰基尔＆海德(Assassin)★3": 1, "[55]大流士三世(Berserker)★3": 1, "[1]玛修·基列莱特(Shielder)★3": 1}
礼装: {"[24]Gandr★4": 1, "[39]抹大拉的圣骸布★4": 1, "[56]指令咏唱★4": 1, "[91]爱之灵药★3": 1, "[265]卡姆兰之战★3": 1, "[331]佛拉格拉克★3": 1, "[332]天之逆月★3": 1, "[418]固有结界★3": 1, "[581]手无寸铁慎二君★3": 1, "[674]神造兵器★3": 1, "[691]噬魂★3": 1, "[815]樱的特制便当★3": 1, "[1270]庆祝回忆★5": 2, "[1271]头脑风暴★4": 1, "[1272]散状花★3": 1, "[1610]枯れない花★3": 1}

编号[8cd55336100fa76948e6aa51b2f8ce80]
等级: 1
圣晶石: 106
圣晶片: 3
呼符: 0
金/银/铜/青苹果: 44/0/0/0
登陆天数: 15天 / 91天
从者: {"[7]盖乌斯·尤利乌斯·恺撒(Saber)★3": 2, "[72]弗格斯·马克·罗伊(Saber)★3": 1, "[9]吉尔·德·雷(Saber)★3": 1, "[298]渡边纲(Saber)★4": 2, "[13]罗宾汉(Archer)★3": 2, "[105]比利小子(Archer)★3": 2, "[15]尤瑞艾莉(Archer)★3": 3, "[125]俵藤太(Archer)★3": 3, "[95]幼吉尔(Archer)★3": 1, "[246]威廉·退尔(Archer)★3": 3, "[17]库·丘林(Lancer)★3": 1, "[71]迪尔姆德·奥迪那(Lancer)★3": 1, "[140]弗拉德三世〔EXTRA〕(Lancer)★4": 1, "[18]伊丽莎白·巴托里(Lancer)★4": 1, "[20]库·丘林〔Prototype〕(Lancer)★3": 1, "[22]罗穆路斯(Lancer)★3": 3, "[87]芬恩·麦克库尔(Lancer)★4": 1, "[186]宝藏院胤舜(Lancer)★3": 2, "[64]赫克托耳(Lancer)★3": 1, "[183]帕尔瓦蒂(Lancer)★4": 2, "[214]瓦尔基里(Lancer)★4": 1, "[94]阿斯托尔福(Rider)★4": 2, "[26]布狄卡(Rider)★3": 2, "[27]牛若丸(Rider)★3": 3, "[28]亚历山大(Rider)★3": 1, "[273]曼迪卡尔多(Rider)★3": 2, "[31]美狄亚(Caster)★3": 2, "[79]冯·霍恩海姆·帕拉塞尔苏斯(Caster)★3": 1, "[80]查尔斯·巴贝奇(Caster)★3": 4, "[104]杰罗尼莫(Caster)★3": 1, "[145]吉尔伽美什(Caster)★4": 1, "[203]阿维斯布隆(Caster)★3": 1, "[284]阿尔托莉雅·卡斯特(Caster)★5": 1, "[348]張角(Caster)★3": 1, "[110]百貌哈桑(Assassin)★3": 1, "[81]亨利·杰基尔＆海德(Assassin)★3": 2, "[46]卡米拉(Assassin)★4": 1, "[117]风魔小太郎(Assassin)★3": 4, "[55]大流士三世(Berserker)★3": 1, "[56]清姬(Berserker)★3": 1, "[1]玛修·基列莱特(Shielder)★3": 1, "[242]阿斯特赖亚(Ruler)★4": 1}
礼装: {"[42]Mooncell Automaton★3": 2, "[89]柳洞寺★3": 4, "[91]爱之灵药★3": 2, "[98]千年黄金树★4": 1, "[243]Bronze-Link Manipulators★3": 2, "[244]四枝之浅滩★3": 1, "[333]许德拉匕首★3": 4, "[246]特辣麻婆豆腐★3": 2, "[265]卡姆兰之战★3": 2, "[331]佛拉格拉克★3": 2, "[332]天之逆月★3": 2, "[418]固有结界★3": 5, "[419]返老还童的灵药★3": 1, "[420]谜之面具群★3": 1, "[581]手无寸铁慎二君★3": 2, "[585]幻想种★3": 5, "[674]神造兵器★3": 1, "[691]噬魂★3": 2, "[774]最后的叙述者★4": 1, "[815]樱的特制便当★3": 1, "[913]远方的前路★4": 1, "[1270]庆祝回忆★5": 4, "[1271]头脑风暴★4": 7, "[1272]散状花★3": 11, "[1413]虚数属性★4": 2, "[1415]匮乏之人★3": 1, "[1512]庭園の守り人★4": 1, "[1513]穂群原学園生徒会長★3": 4, "[1606]五大元素使い★5": 1, "[1610]枯れない花★3": 3, "[1670]狩人の夢★4": 1}

编号[f3a30d5a18ae2526ae58a66d90b1941d]
等级: 1
圣晶石: 261
圣晶片: 3
呼符: 50
金/银/铜/青苹果: 43/0/0/0
登陆天数: 15天 / 91天
从者: {"[7]盖乌斯·尤利乌斯·恺撒(Saber)★3": 1, "[9]吉尔·德·雷(Saber)★3": 1, "[63]大卫(Archer)★3": 3, "[17]库·丘林(Lancer)★3": 1, "[22]罗穆路斯(Lancer)★3": 1, "[214]瓦尔基里(Lancer)★4": 1, "[27]牛若丸(Rider)★3": 1, "[28]亚历山大(Rider)★3": 1, "[273]曼迪卡尔多(Rider)★3": 1, "[332]ドブルイニャ・ニキチッチ(Rider)★4": 1, "[31]美狄亚(Caster)★3": 1, "[79]冯·霍恩海姆·帕拉塞尔苏斯(Caster)★3": 1, "[284]阿尔托莉雅·卡斯特(Caster)★5": 1, "[42]匕见(Assassin)★3": 1, "[49]虎狼(Berserker)★3": 1, "[1]玛修·基列莱特(Shielder)★3": 1}
礼装: {"[56]指令咏唱★4": 1, "[186]情窦未开的千金★4": 1, "[419]返老还童的灵药★3": 1, "[420]谜之面具群★3": 1, "[582]阿特拉斯院★3": 1, "[1129]祈祷救济之人★5": 1, "[1271]头脑风暴★4": 1, "[1576]華の楽土★4": 1}

编号[50ddb4f9d2b806de268acb1ef1606809]
等级: 1
圣晶石: 1
圣晶片: 3
呼符: 0
金/银/铜/青苹果: 44/0/0/0
登陆天数: 15天 / 91天
从者: {"[7]盖乌斯·尤利乌斯·恺撒(Saber)★3": 2, "[72]弗格斯·马克·罗伊(Saber)★3": 1, "[121]兰斯洛特(Saber)★4": 1, "[13]罗宾汉(Archer)★3": 3, "[63]大卫(Archer)★3": 3, "[105]比利小子(Archer)★3": 3, "[15]尤瑞艾莉(Archer)★3": 2, "[125]俵藤太(Archer)★3": 1, "[95]幼吉尔(Archer)★3": 1, "[246]威廉·退尔(Archer)★3": 4, "[17]库·丘林(Lancer)★3": 2, "[71]迪尔姆德·奥迪那(Lancer)★3": 3, "[18]伊丽莎白·巴托里(Lancer)★4": 1, "[20]库·丘林〔Prototype〕(Lancer)★3": 3, "[22]罗穆路斯(Lancer)★3": 2, "[186]宝藏院胤舜(Lancer)★3": 1, "[64]赫克托耳(Lancer)★3": 3, "[23]歌果(Rider)★3": 3, "[26]布狄卡(Rider)★3": 2, "[27]牛若丸(Rider)★3": 2, "[28]亚历山大(Rider)★3": 2, "[273]曼迪卡尔多(Rider)★3": 1, "[332]ドブルイニャ・ニキチッチ(Rider)★4": 1, "[31]美狄亚(Caster)★3": 1, "[80]查尔斯·巴贝奇(Caster)★3": 2, "[35]梅菲斯托费勒斯(Caster)★3": 2, "[192]喀耳刻(Caster)★4": 1, "[203]阿维斯布隆(Caster)★3": 1, "[348]張角(Caster)★3": 1, "[110]百貌哈桑(Assassin)★3": 1, "[81]亨利·杰基尔＆海德(Assassin)★3": 1, "[124]静谧哈桑(Assassin)★3": 1, "[41]斯忒诺(Assassin)★4": 1, "[42]匕见(Assassin)★3": 1, "[117]风魔小太郎(Assassin)★3": 2, "[47]赫拉克勒斯(Berserker)★4": 1, "[49]虎狼(Berserker)★3": 2, "[55]大流士三世(Berserker)★3": 2, "[56]清姬(Berserker)★3": 2, "[116]茨木童子(Berserker)★4": 1, "[1]玛修·基列莱特(Shielder)★3": 1, "[352]徐福(Alterego)★3": 8}
礼装: {"[73]死灵魔术★4": 1, "[91]爱之灵药★3": 3, "[93]阿兰若★3": 1, "[98]千年黄金树★4": 1, "[176]记录保持者★4": 1, "[244]四枝之浅滩★3": 1, "[333]许德拉匕首★3": 2, "[246]特辣麻婆豆腐★3": 1, "[247]宝石剑泽尔里奇★3": 3, "[265]卡姆兰之战★3": 1, "[332]天之逆月★3": 1, "[419]返老还童的灵药★3": 2, "[420]谜之面具群★3": 6, "[580]瓦砾的圣堂★3": 3, "[585]幻想种★3": 1, "[674]神造兵器★3": 2, "[774]最后的叙述者★4": 1, "[815]樱的特制便当★3": 1, "[1016]狂舞曲★4": 1, "[1270]庆祝回忆★5": 5, "[1271]头脑风暴★4": 13, "[1272]散状花★3": 20, "[1411]重责者孤寂于此★5": 2, "[1412]宝石的魔弹★4": 1, "[1414]愿望之容器★4": 1, "[1415]匮乏之人★3": 1, "[1513]穂群原学園生徒会長★3": 3, "[1576]華の楽土★4": 1, "[1610]枯れない花★3": 1}

编号[c0982ae41a09c57d77ae72cce5de7b41]
等级: 1
圣晶石: 117
圣晶片: 3
呼符: 50
金/银/铜/青苹果: 43/0/0/0
登陆天数: 15天 / 91天
从者: {"[72]弗格斯·马克·罗伊(Saber)★3": 3, "[13]罗宾汉(Archer)★3": 1, "[14]阿塔兰忒(Archer)★4": 1, "[63]大卫(Archer)★3": 1, "[15]尤瑞艾莉(Archer)★3": 2, "[125]俵藤太(Archer)★3": 2, "[71]迪尔姆德·奥迪那(Lancer)★3": 1, "[20]库·丘林〔Prototype〕(Lancer)★3": 2, "[22]罗穆路斯(Lancer)★3": 1, "[64]赫克托耳(Lancer)★3": 1, "[23]歌果(Rider)★3": 1, "[26]布狄卡(Rider)★3": 2, "[28]亚历山大(Rider)★3": 1, "[273]曼迪卡尔多(Rider)★3": 1, "[332]ドブルイニャ・ニキチッチ(Rider)★4": 2, "[31]美狄亚(Caster)★3": 1, "[79]冯·霍恩海姆·帕拉塞尔苏斯(Caster)★3": 3, "[80]查尔斯·巴贝奇(Caster)★3": 1, "[35]梅菲斯托费勒斯(Caster)★3": 2, "[284]阿尔托莉雅·卡斯特(Caster)★5": 1, "[348]張角(Caster)★3": 2, "[110]百貌哈桑(Assassin)★3": 3, "[124]静谧哈桑(Assassin)★3": 2, "[47]赫拉克勒斯(Berserker)★4": 1, "[49]虎狼(Berserker)★3": 1, "[55]大流士三世(Berserker)★3": 1, "[1]玛修·基列莱特(Shielder)★3": 1}
礼装: {"[26]宝石魔术·对影★4": 1, "[31]元素转换★5": 1, "[56]指令咏唱★4": 1, "[89]柳洞寺★3": 1, "[91]爱之灵药★3": 1, "[243]Bronze-Link Manipulators★3": 2, "[246]特辣麻婆豆腐★3": 3, "[331]佛拉格拉克★3": 1, "[401]私室警备员★4": 1, "[418]固有结界★3": 1, "[420]谜之面具群★3": 1, "[580]瓦砾的圣堂★3": 1, "[581]手无寸铁慎二君★3": 1, "[582]阿特拉斯院★3": 1, "[585]幻想种★3": 1, "[674]神造兵器★3": 1, "[815]樱的特制便当★3": 1, "[1016]狂舞曲★4": 1, "[1270]庆祝回忆★5": 1, "[1271]头脑风暴★4": 1, "[1272]散状花★3": 6, "[1412]宝石的魔弹★4": 1, "[1415]匮乏之人★3": 2, "[1485]冬之结晶★4": 1, "[1609]代償魔術★4": 1, "[1610]枯れない花★3": 1, "[1670]狩人の夢★4": 1}

编号[00fa0cb3de999a27375b79c279e587f4]
等级: 1
圣晶石: 81
圣晶片: 3
呼符: 50
金/银/铜/青苹果: 43/0/0/0
登陆天数: 15天 / 91天
从者: {"[72]弗格斯·马克·罗伊(Saber)★3": 1, "[9]吉尔·德·雷(Saber)★3": 1, "[11]卫宫(Archer)★4": 1, "[13]罗宾汉(Archer)★3": 2, "[125]俵藤太(Archer)★3": 2, "[95]幼吉尔(Archer)★3": 1, "[17]库·丘林(Lancer)★3": 1, "[71]迪尔姆德·奥迪那(Lancer)★3": 2, "[22]罗穆路斯(Lancer)★3": 1, "[193]莲偶(Lancer)★4": 1, "[313]珀西瓦尔(Lancer)★4": 1, "[26]布狄卡(Rider)★3": 1, "[27]牛若丸(Rider)★3": 1, "[28]亚历山大(Rider)★3": 1, "[273]曼迪卡尔多(Rider)★3": 1, "[80]查尔斯·巴贝奇(Caster)★3": 1, "[113]西行者(Caster)★5": 1, "[203]阿维斯布隆(Caster)★3": 2, "[284]阿尔托莉雅·卡斯特(Caster)★5": 1, "[348]張角(Caster)★3": 3, "[110]百貌哈桑(Assassin)★3": 1, "[81]亨利·杰基尔＆海德(Assassin)★3": 1, "[42]匕见(Assassin)★3": 1, "[117]风魔小太郎(Assassin)★3": 2, "[47]赫拉克勒斯(Berserker)★4": 1, "[49]虎狼(Berserker)★3": 1, "[55]大流士三世(Berserker)★3": 1, "[56]清姬(Berserker)★3": 1, "[116]茨木童子(Berserker)★4": 1, "[1]玛修·基列莱特(Shielder)★3": 1}
礼装: {"[21]钢之锻炼★4": 1, "[22]原始咒术★4": 1, "[26]宝石魔术·对影★4": 1, "[89]柳洞寺★3": 2, "[91]爱之灵药★3": 1, "[244]四枝之浅滩★3": 1, "[246]特辣麻婆豆腐★3": 2, "[265]卡姆兰之战★3": 3, "[331]佛拉格拉克★3": 2, "[401]私室警备员★4": 1, "[418]固有结界★3": 3, "[420]谜之面具群★3": 1, "[580]瓦砾的圣堂★3": 3, "[581]手无寸铁慎二君★3": 2, "[582]阿特拉斯院★3": 2, "[674]神造兵器★3": 2, "[691]噬魂★3": 3, "[774]最后的叙述者★4": 1, "[814]清扫者★4": 1, "[815]樱的特制便当★3": 2, "[1016]狂舞曲★4": 1, "[1270]庆祝回忆★5": 3, "[1272]散状花★3": 6, "[1415]匮乏之人★3": 3, "[1485]冬之结晶★4": 1, "[1513]穂群原学園生徒会長★3": 1, "[1575]幻想の姫★5": 1, "[1608]悲願の継承★4": 1, "[1610]枯れない花★3": 1}

编号[4292c1536436f2318301cc19326b7231]
等级: 1
圣晶石: 159
圣晶片: 3
呼符: 50
金/银/铜/青苹果: 43/0/0/0
登陆天数: 15天 / 91天
从者: {"[9]吉尔·德·雷(Saber)★3": 1, "[63]大卫(Archer)★3": 2, "[15]尤瑞艾莉(Archer)★3": 1, "[125]俵藤太(Archer)★3": 1, "[95]幼吉尔(Archer)★3": 1, "[140]弗拉德三世〔EXTRA〕(Lancer)★4": 1, "[22]罗穆路斯(Lancer)★3": 1, "[64]赫克托耳(Lancer)★3": 2, "[27]牛若丸(Rider)★3": 1, "[273]曼迪卡尔多(Rider)★3": 1, "[31]美狄亚(Caster)★3": 1, "[79]冯·霍恩海姆·帕拉塞尔苏斯(Caster)★3": 1, "[192]喀耳刻(Caster)★4": 1, "[203]阿维斯布隆(Caster)★3": 2, "[284]阿尔托莉雅·卡斯特(Caster)★5": 1, "[348]張角(Caster)★3": 4, "[110]百貌哈桑(Assassin)★3": 1, "[81]亨利·杰基尔＆海德(Assassin)★3": 1, "[124]静谧哈桑(Assassin)★3": 2, "[41]斯忒诺(Assassin)★4": 1, "[42]匕见(Assassin)★3": 2, "[117]风魔小太郎(Assassin)★3": 1, "[49]虎狼(Berserker)★3": 1, "[55]大流士三世(Berserker)★3": 1, "[1]玛修·基列莱特(Shielder)★3": 1, "[335]ヘファイスティオン(Pretender)★4": 1}
礼装: {"[37]芦苇海★3": 1, "[39]抹大拉的圣骸布★4": 1, "[42]Mooncell Automaton★3": 1, "[56]指令咏唱★4": 1, "[89]柳洞寺★3": 1, "[246]特辣麻婆豆腐★3": 1, "[247]宝石剑泽尔里奇★3": 3, "[265]卡姆兰之战★3": 2, "[331]佛拉格拉克★3": 2, "[418]固有结界★3": 1, "[420]谜之面具群★3": 1, "[580]瓦砾的圣堂★3": 1, "[582]阿特拉斯院★3": 1, "[691]噬魂★3": 1, "[913]远方的前路★4": 1, "[1271]头脑风暴★4": 2, "[1272]散状花★3": 4, "[1609]代償魔術★4": 1, "[1610]枯れない花★3": 1}

编号[def484b596ed1b3f537eb875ade8f7e4]
等级: 2
圣晶石: 105
圣晶片: 3
呼符: 50
金/银/铜/青苹果: 43/0/0/0
登陆天数: 15天 / 91天
从者: {"[72]弗格斯·马克·罗伊(Saber)★3": 3, "[9]吉尔·德·雷(Saber)★3": 1, "[13]罗宾汉(Archer)★3": 1, "[63]大卫(Archer)★3": 2, "[125]俵藤太(Archer)★3": 1, "[95]幼吉尔(Archer)★3": 1, "[184]巴御前(Archer)★4": 1, "[246]威廉·退尔(Archer)★3": 1, "[17]库·丘林(Lancer)★3": 1, "[71]迪尔姆德·奥迪那(Lancer)★3": 2, "[20]库·丘林〔Prototype〕(Lancer)★3": 2, "[186]宝藏院胤舜(Lancer)★3": 3, "[64]赫克托耳(Lancer)★3": 1, "[23]歌果(Rider)★3": 1, "[26]布狄卡(Rider)★3": 2, "[27]牛若丸(Rider)★3": 2, "[30]玛尔达(Rider)★4": 1, "[273]曼迪卡尔多(Rider)★3": 1, "[79]冯·霍恩海姆·帕拉塞尔苏斯(Caster)★3": 2, "[80]查尔斯·巴贝奇(Caster)★3": 1, "[104]杰罗尼莫(Caster)★3": 2, "[203]阿维斯布隆(Caster)★3": 1, "[284]阿尔托莉雅·卡斯特(Caster)★5": 1, "[348]張角(Caster)★3": 1, "[110]百貌哈桑(Assassin)★3": 1, "[41]斯忒诺(Assassin)★4": 1, "[117]风魔小太郎(Assassin)★3": 2, "[185]望月千代女(Assassin)★4": 1, "[49]虎狼(Berserker)★3": 1, "[55]大流士三世(Berserker)★3": 2, "[1]玛修·基列莱特(Shielder)★3": 1, "[352]徐福(Alterego)★3": 1}
礼装: {"[24]Gandr★4": 1, "[35]天之杯★5": 1, "[89]柳洞寺★3": 2, "[243]Bronze-Link Manipulators★3": 1, "[244]四枝之浅滩★3": 2, "[333]许德拉匕首★3": 1, "[246]特辣麻婆豆腐★3": 2, "[247]宝石剑泽尔里奇★3": 1, "[264]援护射击★4": 1, "[265]卡姆兰之战★3": 1, "[331]佛拉格拉克★3": 1, "[332]天之逆月★3": 2, "[418]固有结界★3": 1, "[419]返老还童的灵药★3": 4, "[420]谜之面具群★3": 1, "[581]手无寸铁慎二君★3": 3, "[1270]庆祝回忆★5": 1, "[1271]头脑风暴★4": 5, "[1272]散状花★3": 3, "[1415]匮乏之人★3": 1, "[1609]代償魔術★4": 1, "[1610]枯れない花★3": 2}

编号[6d7bef05ad71bb0fb570c1aa0ff9ddda]
等级: 1
圣晶石: 210
圣晶片: 3
呼符: 50
金/银/铜/青苹果: 43/0/0/0
登陆天数: 15天 / 91天
从者: {"[6]齐格飞(Saber)★4": 1, "[7]盖乌斯·尤利乌斯·恺撒(Saber)★3": 1, "[72]弗格斯·马克·罗伊(Saber)★3": 1, "[245]拉克什米·芭伊(Saber)★4": 1, "[13]罗宾汉(Archer)★3": 2, "[63]大卫(Archer)★3": 1, "[15]尤瑞艾莉(Archer)★3": 3, "[125]俵藤太(Archer)★3": 1, "[95]幼吉尔(Archer)★3": 1, "[325]芝诺比阿(Archer)★4": 1, "[17]库·丘林(Lancer)★3": 1, "[71]迪尔姆德·奥迪那(Lancer)★3": 1, "[23]歌果(Rider)★3": 1, "[26]布狄卡(Rider)★3": 1, "[31]美狄亚(Caster)★3": 1, "[284]阿尔托莉雅·卡斯特(Caster)★5": 1, "[348]張角(Caster)★3": 1, "[110]百貌哈桑(Assassin)★3": 1, "[117]风魔小太郎(Assassin)★3": 1, "[55]大流士三世(Berserker)★3": 1, "[56]清姬(Berserker)★3": 1, "[1]玛修·基列莱特(Shielder)★3": 1}
礼装: {"[39]抹大拉的圣骸布★4": 1, "[91]爱之灵药★3": 1, "[247]宝石剑泽尔里奇★3": 2, "[419]返老还童的灵药★3": 1, "[674]神造兵器★3": 1, "[815]樱的特制便当★3": 1, "[1270]庆祝回忆★5": 1, "[1271]头脑风暴★4": 3, "[1272]散状花★3": 1, "[1415]匮乏之人★3": 1, "[1513]穂群原学園生徒会長★3": 1, "[1577]告解の惑い場★4": 1, "[1608]悲願の継承★4": 1, "[1610]枯れない花★3": 1, "[1670]狩人の夢★4": 1}

编号[c81e09607f336f57fd9ed7c47ca5ae03]
等级: 1
圣晶石: 205
圣晶片: 3
呼符: 0
金/银/铜/青苹果: 44/0/0/0
登陆天数: 15天 / 91天
从者: {"[72]弗格斯·马克·罗伊(Saber)★3": 2, "[298]渡边纲(Saber)★4": 1, "[13]罗宾汉(Archer)★3": 1, "[105]比利小子(Archer)★3": 1, "[15]尤瑞艾莉(Archer)★3": 1, "[95]幼吉尔(Archer)★3": 1, "[246]威廉·退尔(Archer)★3": 1, "[325]芝诺比阿(Archer)★4": 1, "[17]库·丘林(Lancer)★3": 1, "[20]库·丘林〔Prototype〕(Lancer)★3": 1, "[64]赫克托耳(Lancer)★3": 1, "[23]歌果(Rider)★3": 1, "[26]布狄卡(Rider)★3": 2, "[27]牛若丸(Rider)★3": 5, "[28]亚历山大(Rider)★3": 1, "[273]曼迪卡尔多(Rider)★3": 2, "[332]ドブルイニャ・ニキチッチ(Rider)★4": 1, "[31]美狄亚(Caster)★3": 4, "[80]查尔斯·巴贝奇(Caster)★3": 2, "[35]梅菲斯托费勒斯(Caster)★3": 2, "[104]杰罗尼莫(Caster)★3": 1, "[145]吉尔伽美什(Caster)★4": 1, "[284]阿尔托莉雅·卡斯特(Caster)★5": 1, "[348]張角(Caster)★3": 2, "[110]百貌哈桑(Assassin)★3": 1, "[81]亨利·杰基尔＆海德(Assassin)★3": 1, "[124]静谧哈桑(Assassin)★3": 3, "[49]虎狼(Berserker)★3": 1, "[55]大流士三世(Berserker)★3": 1, "[56]清姬(Berserker)★3": 1, "[1]玛修·基列莱特(Shielder)★3": 1, "[352]徐福(Alterego)★3": 1}
礼装: {"[21]钢之锻炼★4": 1, "[42]Mooncell Automaton★3": 1, "[48]黑之圣杯★5": 1, "[74]觉醒的意志★4": 1, "[89]柳洞寺★3": 1, "[91]爱之灵药★3": 3, "[98]千年黄金树★4": 1, "[176]记录保持者★4": 1, "[184]柔软的慈爱★4": 1, "[243]Bronze-Link Manipulators★3": 3, "[244]四枝之浅滩★3": 2, "[333]许德拉匕首★3": 2, "[246]特辣麻婆豆腐★3": 1, "[247]宝石剑泽尔里奇★3": 3, "[265]卡姆兰之战★3": 1, "[331]佛拉格拉克★3": 2, "[418]固有结界★3": 1, "[420]谜之面具群★3": 1, "[580]瓦砾的圣堂★3": 1, "[581]手无寸铁慎二君★3": 1, "[582]阿特拉斯院★3": 3, "[691]噬魂★3": 2, "[815]樱的特制便当★3": 2, "[1270]庆祝回忆★5": 2, "[1271]头脑风暴★4": 6, "[1272]散状花★3": 9, "[1413]虚数属性★4": 1, "[1414]愿望之容器★4": 1, "[1415]匮乏之人★3": 2, "[1511]冬の聖女★5": 1, "[1513]穂群原学園生徒会長★3": 1, "[1577]告解の惑い場★4": 3, "[1610]枯れない花★3": 5}

编号[2ffd7655c247a994b3a6c4c65be699ee]
等级: 1
圣晶石: 189
圣晶片: 3
呼符: 50
金/银/铜/青苹果: 43/0/0/0
登陆天数: 15天 / 91天
从者: {"[7]盖乌斯·尤利乌斯·恺撒(Saber)★3": 1, "[72]弗格斯·马克·罗伊(Saber)★3": 1, "[344]ローラン(Saber)★4": 1, "[63]大卫(Archer)★3": 1, "[95]幼吉尔(Archer)★3": 1, "[246]威廉·退尔(Archer)★3": 1, "[71]迪尔姆德·奥迪那(Lancer)★3": 4, "[20]库·丘林〔Prototype〕(Lancer)★3": 1, "[22]罗穆路斯(Lancer)★3": 1, "[186]宝藏院胤舜(Lancer)★3": 1, "[64]赫克托耳(Lancer)★3": 2, "[23]歌果(Rider)★3": 1, "[273]曼迪卡尔多(Rider)★3": 2, "[79]冯·霍恩海姆·帕拉塞尔苏斯(Caster)★3": 1, "[80]查尔斯·巴贝奇(Caster)★3": 1, "[120]尼托克丽丝(Caster)★4": 2, "[104]杰罗尼莫(Caster)★3": 2, "[192]喀耳刻(Caster)★4": 1, "[284]阿尔托莉雅·卡斯特(Caster)★5": 1, "[42]匕见(Assassin)★3": 2, "[117]风魔小太郎(Assassin)★3": 1, "[1]玛修·基列莱特(Shielder)★3": 1, "[352]徐福(Alterego)★3": 1}
礼装: {"[91]爱之灵药★3": 1, "[246]特辣麻婆豆腐★3": 2, "[265]卡姆兰之战★3": 2, "[331]佛拉格拉克★3": 1, "[418]固有结界★3": 2, "[419]返老还童的灵药★3": 1, "[585]幻想种★3": 1, "[674]神造兵器★3": 2, "[1272]散状花★3": 5, "[1316]王者的气质★4": 1, "[1412]宝石的魔弹★4": 1}

编号[97fa8bef4d78ba827a3ca4dade5592e5]
等级: 1
圣晶石: 153
圣晶片: 3
呼符: 50
金/银/铜/青苹果: 43/0/0/0
登陆天数: 15天 / 91天
从者: {"[7]盖乌斯·尤利乌斯·恺撒(Saber)★3": 1, "[72]弗格斯·马克·罗伊(Saber)★3": 1, "[9]吉尔·德·雷(Saber)★3": 1, "[13]罗宾汉(Archer)★3": 3, "[63]大卫(Archer)★3": 2, "[15]尤瑞艾莉(Archer)★3": 1, "[22]罗穆路斯(Lancer)★3": 1, "[64]赫克托耳(Lancer)★3": 1, "[300]弗栗多(Lancer)★5": 1, "[23]歌果(Rider)★3": 2, "[27]牛若丸(Rider)★3": 1, "[30]玛尔达(Rider)★4": 1, "[273]曼迪卡尔多(Rider)★3": 1, "[332]ドブルイニャ・ニキチッチ(Rider)★4": 1, "[31]美狄亚(Caster)★3": 1, "[79]冯·霍恩海姆·帕拉塞尔苏斯(Caster)★3": 3, "[80]查尔斯·巴贝奇(Caster)★3": 1, "[35]梅菲斯托费勒斯(Caster)★3": 1, "[104]杰罗尼莫(Caster)★3": 2, "[203]阿维斯布隆(Caster)★3": 2, "[284]阿尔托莉雅·卡斯特(Caster)★5": 1, "[110]百貌哈桑(Assassin)★3": 1, "[42]匕见(Assassin)★3": 2, "[109]卫宫〔Assassin〕(Assassin)★4": 1, "[49]虎狼(Berserker)★3": 2, "[55]大流士三世(Berserker)★3": 1, "[56]清姬(Berserker)★3": 1, "[1]玛修·基列莱特(Shielder)★3": 1}
礼装: {"[26]宝石魔术·对影★4": 1, "[31]元素转换★5": 1, "[56]指令咏唱★4": 1, "[176]记录保持者★4": 1, "[184]柔软的慈爱★4": 1, "[186]情窦未开的千金★4": 1, "[244]四枝之浅滩★3": 1, "[246]特辣麻婆豆腐★3": 2, "[247]宝石剑泽尔里奇★3": 1, "[265]卡姆兰之战★3": 1, "[331]佛拉格拉克★3": 1, "[332]天之逆月★3": 1, "[418]固有结界★3": 2, "[420]谜之面具群★3": 1, "[581]手无寸铁慎二君★3": 1, "[585]幻想种★3": 2, "[674]神造兵器★3": 1, "[814]清扫者★4": 1, "[1130]野心的嚆矢★4": 1, "[1271]头脑风暴★4": 1, "[1272]散状花★3": 2, "[1513]穂群原学園生徒会長★3": 1, "[1610]枯れない花★3": 1}

编号[ca47e9de4ce3274a0c2222e0914232f3]
等级: 1
圣晶石: 40
圣晶片: 3
呼符: 9
金/银/铜/青苹果: 44/0/0/0
登陆天数: 15天 / 91天
从者: {"[6]齐格飞(Saber)★4": 1, "[7]盖乌斯·尤利乌斯·恺撒(Saber)★3": 1, "[72]弗格斯·马克·罗伊(Saber)★3": 3, "[9]吉尔·德·雷(Saber)★3": 3, "[245]拉克什米·芭伊(Saber)★4": 1, "[63]大卫(Archer)★3": 2, "[105]比利小子(Archer)★3": 2, "[15]尤瑞艾莉(Archer)★3": 1, "[125]俵藤太(Archer)★3": 1, "[95]幼吉尔(Archer)★3": 1, "[246]威廉·退尔(Archer)★3": 1, "[17]库·丘林(Lancer)★3": 1, "[71]迪尔姆德·奥迪那(Lancer)★3": 1, "[18]伊丽莎白·巴托里(Lancer)★4": 1, "[20]库·丘林〔Prototype〕(Lancer)★3": 2, "[22]罗穆路斯(Lancer)★3": 1, "[186]宝藏院胤舜(Lancer)★3": 2, "[64]赫克托耳(Lancer)★3": 1, "[94]阿斯托尔福(Rider)★4": 1, "[26]布狄卡(Rider)★3": 1, "[27]牛若丸(Rider)★3": 1, "[28]亚历山大(Rider)★3": 2, "[273]曼迪卡尔多(Rider)★3": 2, "[31]美狄亚(Caster)★3": 1, "[79]冯·霍恩海姆·帕拉塞尔苏斯(Caster)★3": 2, "[80]查尔斯·巴贝奇(Caster)★3": 4, "[35]梅菲斯托费勒斯(Caster)★3": 1, "[192]喀耳刻(Caster)★4": 1, "[203]阿维斯布隆(Caster)★3": 2, "[284]阿尔托莉雅·卡斯特(Caster)★5": 1, "[348]張角(Caster)★3": 1, "[124]静谧哈桑(Assassin)★3": 1, "[41]斯忒诺(Assassin)★4": 1, "[42]匕见(Assassin)★3": 1, "[117]风魔小太郎(Assassin)★3": 1, "[48]兰斯洛特(Berserker)★4": 1, "[49]虎狼(Berserker)★3": 2, "[55]大流士三世(Berserker)★3": 1, "[56]清姬(Berserker)★3": 1, "[58]玉藻猫(Berserker)★4": 1, "[116]茨木童子(Berserker)★4": 1, "[1]玛修·基列莱特(Shielder)★3": 1}
礼装: {"[21]钢之锻炼★4": 2, "[89]柳洞寺★3": 1, "[91]爱之灵药★3": 1, "[182]毒蛇一艺★4": 1, "[244]四枝之浅滩★3": 1, "[265]卡姆兰之战★3": 1, "[331]佛拉格拉克★3": 1, "[418]固有结界★3": 2, "[419]返老还童的灵药★3": 1, "[420]谜之面具群★3": 5, "[581]手无寸铁慎二君★3": 1, "[585]幻想种★3": 2, "[674]神造兵器★3": 1, "[691]噬魂★3": 1, "[815]樱的特制便当★3": 1, "[913]远方的前路★4": 1, "[1208]韵律诗节★4": 2, "[1270]庆祝回忆★5": 4, "[1271]头脑风暴★4": 5, "[1272]散状花★3": 13, "[1315]恋之诅咒★5": 1, "[1413]虚数属性★4": 1, "[1513]穂群原学園生徒会長★3": 1, "[1606]五大元素使い★5": 1, "[1608]悲願の継承★4": 1, "[1610]枯れない花★3": 6}

编号[3e7dc4125134a9effc00676b7ee10dc0]
等级: 1
圣晶石: 189
圣晶片: 3
呼符: 50
金/银/铜/青苹果: 43/0/0/0
登陆天数: 15天 / 91天
从者: {"[72]弗格斯·马克·罗伊(Saber)★3": 1, "[298]渡边纲(Saber)★4": 1, "[13]罗宾汉(Archer)★3": 1, "[15]尤瑞艾莉(Archer)★3": 1, "[95]幼吉尔(Archer)★3": 2, "[71]迪尔姆德·奥迪那(Lancer)★3": 1, "[22]罗穆路斯(Lancer)★3": 1, "[64]赫克托耳(Lancer)★3": 1, "[28]亚历山大(Rider)★3": 2, "[332]ドブルイニャ・ニキチッチ(Rider)★4": 1, "[79]冯·霍恩海姆·帕拉塞尔苏斯(Caster)★3": 1, "[80]查尔斯·巴贝奇(Caster)★3": 1, "[104]杰罗尼莫(Caster)★3": 2, "[192]喀耳刻(Caster)★4": 1, "[284]阿尔托莉雅·卡斯特(Caster)★5": 1, "[348]張角(Caster)★3": 1, "[81]亨利·杰基尔＆海德(Assassin)★3": 1, "[124]静谧哈桑(Assassin)★3": 1, "[42]匕见(Assassin)★3": 1, "[109]卫宫〔Assassin〕(Assassin)★4": 1, "[117]风魔小太郎(Assassin)★3": 1, "[159]燕青(Assassin)★4": 1, "[185]望月千代女(Assassin)★4": 1, "[56]清姬(Berserker)★3": 1, "[58]玉藻猫(Berserker)★4": 1, "[1]玛修·基列莱特(Shielder)★3": 1}
礼装: {"[26]宝石魔术·对影★4": 1, "[56]指令咏唱★4": 1, "[73]死灵魔术★4": 1, "[89]柳洞寺★3": 1, "[244]四枝之浅滩★3": 2, "[246]特辣麻婆豆腐★3": 1, "[247]宝石剑泽尔里奇★3": 1, "[265]卡姆兰之战★3": 1, "[401]私室警备员★4": 1, "[420]谜之面具群★3": 1, "[580]瓦砾的圣堂★3": 1, "[815]樱的特制便当★3": 2, "[1271]头脑风暴★4": 3, "[1272]散状花★3": 3, "[1415]匮乏之人★3": 1, "[1577]告解の惑い場★4": 1, "[1608]悲願の継承★4": 1}

编号[c912fee4b7e793bcb5e1baff9babc90d]
等级: 1
圣晶石: 1
圣晶片: 3
呼符: 0
金/银/铜/青苹果: 44/0/0/0
登陆天数: 15天 / 91天
从者: {"[7]盖乌斯·尤利乌斯·恺撒(Saber)★3": 1, "[72]弗格斯·马克·罗伊(Saber)★3": 1, "[101]罗摩(Saber)★4": 1, "[9]吉尔·德·雷(Saber)★3": 5, "[13]罗宾汉(Archer)★3": 1, "[63]大卫(Archer)★3": 2, "[105]比利小子(Archer)★3": 1, "[15]尤瑞艾莉(Archer)★3": 2, "[125]俵藤太(Archer)★3": 2, "[95]幼吉尔(Archer)★3": 1, "[246]威廉·退尔(Archer)★3": 2, "[71]迪尔姆德·奥迪那(Lancer)★3": 2, "[20]库·丘林〔Prototype〕(Lancer)★3": 2, "[22]罗穆路斯(Lancer)★3": 1, "[186]宝藏院胤舜(Lancer)★3": 1, "[64]赫克托耳(Lancer)★3": 3, "[193]莲偶(Lancer)★4": 1, "[23]歌果(Rider)★3": 1, "[26]布狄卡(Rider)★3": 1, "[27]牛若丸(Rider)★3": 2, "[28]亚历山大(Rider)★3": 1, "[273]曼迪卡尔多(Rider)★3": 3, "[31]美狄亚(Caster)★3": 1, "[79]冯·霍恩海姆·帕拉塞尔苏斯(Caster)★3": 1, "[80]查尔斯·巴贝奇(Caster)★3": 2, "[104]杰罗尼莫(Caster)★3": 2, "[192]喀耳刻(Caster)★4": 1, "[203]阿维斯布隆(Caster)★3": 2, "[348]張角(Caster)★3": 3, "[110]百貌哈桑(Assassin)★3": 3, "[81]亨利·杰基尔＆海德(Assassin)★3": 1, "[41]斯忒诺(Assassin)★4": 1, "[42]匕见(Assassin)★3": 3, "[117]风魔小太郎(Assassin)★3": 2, "[159]燕青(Assassin)★4": 1, "[55]大流士三世(Berserker)★3": 1, "[56]清姬(Berserker)★3": 1, "[1]玛修·基列莱特(Shielder)★3": 1}
礼装: {"[89]柳洞寺★3": 1, "[91]爱之灵药★3": 2, "[182]毒蛇一艺★4": 1, "[243]Bronze-Link Manipulators★3": 1, "[244]四枝之浅滩★3": 1, "[246]特辣麻婆豆腐★3": 1, "[247]宝石剑泽尔里奇★3": 1, "[265]卡姆兰之战★3": 2, "[331]佛拉格拉克★3": 4, "[332]天之逆月★3": 1, "[401]私室警备员★4": 1, "[418]固有结界★3": 1, "[419]返老还童的灵药★3": 2, "[420]谜之面具群★3": 3, "[581]手无寸铁慎二君★3": 2, "[582]阿特拉斯院★3": 1, "[585]幻想种★3": 4, "[674]神造兵器★3": 2, "[691]噬魂★3": 1, "[774]最后的叙述者★4": 1, "[814]清扫者★4": 1, "[815]樱的特制便当★3": 1, "[1130]野心的嚆矢★4": 1, "[1208]韵律诗节★4": 1, "[1270]庆祝回忆★5": 1, "[1271]头脑风暴★4": 7, "[1272]散状花★3": 16, "[1415]匮乏之人★3": 2, "[1485]冬之结晶★4": 2, "[1577]告解の惑い場★4": 1, "[1610]枯れない花★3": 1, "[1670]狩人の夢★4": 1}

编号[4914ff94b9546e594c2345101bd4a45a]
等级: 1
圣晶石: 40
圣晶片: 3
呼符: 28
金/银/铜/青苹果: 44/0/0/0
登陆天数: 15天 / 91天
从者: {"[7]盖乌斯·尤利乌斯·恺撒(Saber)★3": 1, "[72]弗格斯·马克·罗伊(Saber)★3": 1, "[9]吉尔·德·雷(Saber)★3": 1, "[13]罗宾汉(Archer)★3": 1, "[63]大卫(Archer)★3": 1, "[105]比利小子(Archer)★3": 1, "[15]尤瑞艾莉(Archer)★3": 1, "[125]俵藤太(Archer)★3": 2, "[95]幼吉尔(Archer)★3": 1, "[246]威廉·退尔(Archer)★3": 1, "[17]库·丘林(Lancer)★3": 1, "[71]迪尔姆德·奥迪那(Lancer)★3": 1, "[20]库·丘林〔Prototype〕(Lancer)★3": 1, "[22]罗穆路斯(Lancer)★3": 1, "[186]宝藏院胤舜(Lancer)★3": 1, "[64]赫克托耳(Lancer)★3": 1, "[193]莲偶(Lancer)★4": 1, "[23]歌果(Rider)★3": 1, "[26]布狄卡(Rider)★3": 1, "[27]牛若丸(Rider)★3": 1, "[28]亚历山大(Rider)★3": 1, "[273]曼迪卡尔多(Rider)★3": 1, "[332]ドブルイニャ・ニキチッチ(Rider)★4": 1, "[79]冯·霍恩海姆·帕拉塞尔苏斯(Caster)★3": 1, "[80]查尔斯·巴贝奇(Caster)★3": 1, "[104]杰罗尼莫(Caster)★3": 1, "[100]海伦娜·布拉瓦茨基(Caster)★4": 1, "[203]阿维斯布隆(Caster)★3": 1, "[284]阿尔托莉雅·卡斯特(Caster)★5": 1, "[81]亨利·杰基尔＆海德(Assassin)★3": 1, "[124]静谧哈桑(Assassin)★3": 1, "[41]斯忒诺(Assassin)★4": 1, "[42]匕见(Assassin)★3": 1, "[109]卫宫〔Assassin〕(Assassin)★4": 1, "[117]风魔小太郎(Assassin)★3": 1, "[49]虎狼(Berserker)★3": 4, "[55]大流士三世(Berserker)★3": 1, "[56]清姬(Berserker)★3": 2, "[171]彭忒西勒亚(Berserker)★4": 1, "[1]玛修·基列莱特(Shielder)★3": 1}
礼装: {"[21]钢之锻炼★4": 1, "[32]虚数环★5": 1, "[57]月之胜利者★5": 1, "[73]死灵魔术★4": 1, "[91]爱之灵药★3": 1, "[98]千年黄金树★4": 1, "[176]记录保持者★4": 1, "[186]情窦未开的千金★4": 1, "[244]四枝之浅滩★3": 1, "[333]许德拉匕首★3": 1, "[246]特辣麻婆豆腐★3": 2, "[332]天之逆月★3": 1, "[420]谜之面具群★3": 2, "[580]瓦砾的圣堂★3": 1, "[581]手无寸铁慎二君★3": 1, "[674]神造兵器★3": 2, "[815]樱的特制便当★3": 1, "[1270]庆祝回忆★5": 3, "[1271]头脑风暴★4": 7, "[1272]散状花★3": 12, "[1412]宝石的魔弹★4": 1, "[1577]告解の惑い場★4": 2, "[1608]悲願の継承★4": 2, "[1610]枯れない花★3": 5}

编号[35c948ba30d26ab8a2ee97d0cd1b6a24]
等级: 1
圣晶石: 162
圣晶片: 3
呼符: 50
金/银/铜/青苹果: 43/0/0/0
登陆天数: 15天 / 91天
从者: {"[9]吉尔·德·雷(Saber)★3": 1, "[245]拉克什米·芭伊(Saber)★4": 1, "[13]罗宾汉(Archer)★3": 1, "[105]比利小子(Archer)★3": 1, "[15]尤瑞艾莉(Archer)★3": 1, "[71]迪尔姆德·奥迪那(Lancer)★3": 1, "[87]芬恩·麦克库尔(Lancer)★4": 1, "[186]宝藏院胤舜(Lancer)★3": 2, "[64]赫克托耳(Lancer)★3": 2, "[23]歌果(Rider)★3": 2, "[26]布狄卡(Rider)★3": 1, "[28]亚历山大(Rider)★3": 1, "[332]ドブルイニャ・ニキチッチ(Rider)★4": 1, "[31]美狄亚(Caster)★3": 2, "[35]梅菲斯托费勒斯(Caster)★3": 1, "[284]阿尔托莉雅·卡斯特(Caster)★5": 1, "[348]張角(Caster)★3": 1, "[124]静谧哈桑(Assassin)★3": 1, "[49]虎狼(Berserker)★3": 1, "[55]大流士三世(Berserker)★3": 3, "[56]清姬(Berserker)★3": 2, "[1]玛修·基列莱特(Shielder)★3": 1}
礼装: {"[37]芦苇海★3": 1, "[73]死灵魔术★4": 1, "[93]阿兰若★3": 1, "[184]柔软的慈爱★4": 1, "[244]四枝之浅滩★3": 1, "[333]许德拉匕首★3": 3, "[247]宝石剑泽尔里奇★3": 2, "[264]援护射击★4": 1, "[265]卡姆兰之战★3": 1, "[331]佛拉格拉克★3": 1, "[332]天之逆月★3": 1, "[419]返老还童的灵药★3": 1, "[581]手无寸铁慎二君★3": 1, "[674]神造兵器★3": 2, "[814]清扫者★4": 1, "[815]樱的特制便当★3": 1, "[912]火炎伯爵★5": 1, "[1130]野心的嚆矢★4": 1, "[1270]庆祝回忆★5": 1, "[1271]头脑风暴★4": 1, "[1272]散状花★3": 3, "[1415]匮乏之人★3": 1, "[1513]穂群原学園生徒会長★3": 1, "[1607]投影装填★4": 1, "[1608]悲願の継承★4": 1, "[1609]代償魔術★4": 1}

编号[09b867fe986b26d6ac12ab6d74d0801b]
等级: 1
圣晶石: 129
圣晶片: 3
呼符: 50
金/银/铜/青苹果: 43/0/0/0
登陆天数: 15天 / 91天
从者: {"[7]盖乌斯·尤利乌斯·恺撒(Saber)★3": 1, "[72]弗格斯·马克·罗伊(Saber)★3": 1, "[9]吉尔·德·雷(Saber)★3": 1, "[245]拉克什米·芭伊(Saber)★4": 1, "[63]大卫(Archer)★3": 2, "[105]比利小子(Archer)★3": 2, "[15]尤瑞艾莉(Archer)★3": 1, "[125]俵藤太(Archer)★3": 1, "[95]幼吉尔(Archer)★3": 2, "[246]威廉·退尔(Archer)★3": 2, "[18]伊丽莎白·巴托里(Lancer)★4": 1, "[20]库·丘林〔Prototype〕(Lancer)★3": 2, "[22]罗穆路斯(Lancer)★3": 2, "[186]宝藏院胤舜(Lancer)★3": 1, "[64]赫克托耳(Lancer)★3": 1, "[214]瓦尔基里(Lancer)★4": 1, "[31]美狄亚(Caster)★3": 2, "[74]童谣(Caster)★4": 1, "[145]吉尔伽美什(Caster)★4": 1, "[284]阿尔托莉雅·卡斯特(Caster)★5": 1, "[110]百貌哈桑(Assassin)★3": 1, "[42]匕见(Assassin)★3": 1, "[117]风魔小太郎(Assassin)★3": 1, "[49]虎狼(Berserker)★3": 2, "[56]清姬(Berserker)★3": 2, "[1]玛修·基列莱特(Shielder)★3": 1, "[352]徐福(Alterego)★3": 1}
礼装: {"[26]宝石魔术·对影★4": 1, "[39]抹大拉的圣骸布★4": 1, "[98]千年黄金树★4": 2, "[183]死之艺术★4": 1, "[243]Bronze-Link Manipulators★3": 2, "[244]四枝之浅滩★3": 1, "[333]许德拉匕首★3": 4, "[246]特辣麻婆豆腐★3": 1, "[247]宝石剑泽尔里奇★3": 1, "[331]佛拉格拉克★3": 1, "[419]返老还童的灵药★3": 1, "[420]谜之面具群★3": 3, "[580]瓦砾的圣堂★3": 1, "[581]手无寸铁慎二君★3": 2, "[582]阿特拉斯院★3": 1, "[674]神造兵器★3": 1, "[691]噬魂★3": 2, "[912]火炎伯爵★5": 1, "[1270]庆祝回忆★5": 1, "[1271]头脑风暴★4": 2, "[1272]散状花★3": 4, "[1316]王者的气质★4": 1, "[1412]宝石的魔弹★4": 1, "[1513]穂群原学園生徒会長★3": 1, "[1577]告解の惑い場★4": 1, "[1610]枯れない花★3": 1}

编号[a5ae492d66d7fc80dfb212425b115f83]
等级: 1
圣晶石: 99
圣晶片: 3
呼符: 50
金/银/铜/青苹果: 43/0/0/0
登陆天数: 15天 / 91天
从者: {"[7]盖乌斯·尤利乌斯·恺撒(Saber)★3": 1, "[72]弗格斯·马克·罗伊(Saber)★3": 2, "[298]渡边纲(Saber)★4": 1, "[13]罗宾汉(Archer)★3": 2, "[125]俵藤太(Archer)★3": 1, "[95]幼吉尔(Archer)★3": 1, "[246]威廉·退尔(Archer)★3": 2, "[17]库·丘林(Lancer)★3": 1, "[71]迪尔姆德·奥迪那(Lancer)★3": 1, "[186]宝藏院胤舜(Lancer)★3": 1, "[64]赫克托耳(Lancer)★3": 1, "[23]歌果(Rider)★3": 2, "[94]阿斯托尔福(Rider)★4": 1, "[26]布狄卡(Rider)★3": 1, "[28]亚历山大(Rider)★3": 1, "[332]ドブルイニャ・ニキチッチ(Rider)★4": 1, "[31]美狄亚(Caster)★3": 2, "[80]查尔斯·巴贝奇(Caster)★3": 2, "[35]梅菲斯托费勒斯(Caster)★3": 2, "[203]阿维斯布隆(Caster)★3": 2, "[284]阿尔托莉雅·卡斯特(Caster)★5": 1, "[81]亨利·杰基尔＆海德(Assassin)★3": 1, "[42]匕见(Assassin)★3": 1, "[46]卡米拉(Assassin)★4": 1, "[117]风魔小太郎(Assassin)★3": 1, "[49]虎狼(Berserker)★3": 1, "[56]清姬(Berserker)★3": 1, "[1]玛修·基列莱特(Shielder)★3": 1, "[158]黑森·罗伯(Avenger)★4": 1}
礼装: {"[89]柳洞寺★3": 1, "[98]千年黄金树★4": 1, "[175]理想的王圣★5": 1, "[243]Bronze-Link Manipulators★3": 3, "[333]许德拉匕首★3": 2, "[246]特辣麻婆豆腐★3": 1, "[265]卡姆兰之战★3": 1, "[331]佛拉格拉克★3": 1, "[418]固有结界★3": 1, "[420]谜之面具群★3": 1, "[581]手无寸铁慎二君★3": 1, "[582]阿特拉斯院★3": 1, "[585]幻想种★3": 2, "[674]神造兵器★3": 3, "[691]噬魂★3": 1, "[815]樱的特制便当★3": 3, "[1270]庆祝回忆★5": 4, "[1271]头脑风暴★4": 2, "[1272]散状花★3": 7, "[1413]虚数属性★4": 1, "[1415]匮乏之人★3": 2, "[1485]冬之结晶★4": 1, "[1513]穂群原学園生徒会長★3": 3, "[1606]五大元素使い★5": 1, "[1610]枯れない花★3": 1}

编号[c82b8bf72868d2941e921fd392c78ccd]
等级: 1
圣晶石: 0
圣晶片: 3
呼符: 50
金/银/铜/青苹果: 43/0/0/0
登陆天数: 15天 / 91天
从者: {"[7]盖乌斯·尤利乌斯·恺撒(Saber)★3": 4, "[72]弗格斯·马克·罗伊(Saber)★3": 2, "[121]兰斯洛特(Saber)★4": 1, "[9]吉尔·德·雷(Saber)★3": 1, "[245]拉克什米·芭伊(Saber)★4": 1, "[298]渡边纲(Saber)★4": 1, "[13]罗宾汉(Archer)★3": 2, "[63]大卫(Archer)★3": 2, "[105]比利小子(Archer)★3": 3, "[15]尤瑞艾莉(Archer)★3": 2, "[125]俵藤太(Archer)★3": 2, "[95]幼吉尔(Archer)★3": 2, "[71]迪尔姆德·奥迪那(Lancer)★3": 2, "[20]库·丘林〔Prototype〕(Lancer)★3": 3, "[23]歌果(Rider)★3": 2, "[26]布狄卡(Rider)★3": 2, "[27]牛若丸(Rider)★3": 2, "[273]曼迪卡尔多(Rider)★3": 1, "[332]ドブルイニャ・ニキチッチ(Rider)★4": 1, "[79]冯·霍恩海姆·帕拉塞尔苏斯(Caster)★3": 3, "[80]查尔斯·巴贝奇(Caster)★3": 1, "[120]尼托克丽丝(Caster)★4": 1, "[35]梅菲斯托费勒斯(Caster)★3": 1, "[104]杰罗尼莫(Caster)★3": 1, "[203]阿维斯布隆(Caster)★3": 2, "[348]張角(Caster)★3": 2, "[81]亨利·杰基尔＆海德(Assassin)★3": 1, "[124]静谧哈桑(Assassin)★3": 1, "[42]匕见(Assassin)★3": 2, "[117]风魔小太郎(Assassin)★3": 1, "[56]清姬(Berserker)★3": 1, "[1]玛修·基列莱特(Shielder)★3": 1}
礼装: {"[21]钢之锻炼★4": 1, "[37]芦苇海★3": 1, "[89]柳洞寺★3": 1, "[91]爱之灵药★3": 2, "[176]记录保持者★4": 1, "[243]Bronze-Link Manipulators★3": 3, "[244]四枝之浅滩★3": 1, "[265]卡姆兰之战★3": 3, "[331]佛拉格拉克★3": 4, "[332]天之逆月★3": 1, "[418]固有结界★3": 1, "[419]返老还童的灵药★3": 1, "[420]谜之面具群★3": 1, "[581]手无寸铁慎二君★3": 1, "[582]阿特拉斯院★3": 4, "[585]幻想种★3": 2, "[674]神造兵器★3": 3, "[691]噬魂★3": 1, "[1208]韵律诗节★4": 1, "[1270]庆祝回忆★5": 5, "[1271]头脑风暴★4": 3, "[1272]散状花★3": 12, "[1415]匮乏之人★3": 2, "[1485]冬之结晶★4": 2, "[1512]庭園の守り人★4": 1, "[1513]穂群原学園生徒会長★3": 3, "[1606]五大元素使い★5": 1, "[1609]代償魔術★4": 1, "[1610]枯れない花★3": 2, "[1692]免許皆伝★4": 2}

编号[4aae1e5f8ca3167def7ee959ee0c53d2]
等级: 1
圣晶石: 1
圣晶片: 3
呼符: 0
金/银/铜/青苹果: 44/0/0/0
登陆天数: 15天 / 91天
从者: {"[6]齐格飞(Saber)★4": 1, "[72]弗格斯·马克·罗伊(Saber)★3": 2, "[121]兰斯洛特(Saber)★4": 1, "[9]吉尔·德·雷(Saber)★3": 2, "[10]骑士迪昂(Saber)★4": 1, "[11]卫宫(Archer)★4": 2, "[13]罗宾汉(Archer)★3": 1, "[63]大卫(Archer)★3": 1, "[105]比利小子(Archer)★3": 2, "[15]尤瑞艾莉(Archer)★3": 2, "[125]俵藤太(Archer)★3": 3, "[95]幼吉尔(Archer)★3": 1, "[246]威廉·退尔(Archer)★3": 1, "[17]库·丘林(Lancer)★3": 3, "[71]迪尔姆德·奥迪那(Lancer)★3": 1, "[18]伊丽莎白·巴托里(Lancer)★4": 1, "[20]库·丘林〔Prototype〕(Lancer)★3": 1, "[22]罗穆路斯(Lancer)★3": 2, "[186]宝藏院胤舜(Lancer)★3": 1, "[64]赫克托耳(Lancer)★3": 2, "[146]美杜莎(Lancer)★4": 1, "[214]瓦尔基里(Lancer)★4": 1, "[313]珀西瓦尔(Lancer)★4": 1, "[23]歌果(Rider)★3": 1, "[26]布狄卡(Rider)★3": 1, "[27]牛若丸(Rider)★3": 2, "[273]曼迪卡尔多(Rider)★3": 1, "[31]美狄亚(Caster)★3": 2, "[79]冯·霍恩海姆·帕拉塞尔苏斯(Caster)★3": 1, "[80]查尔斯·巴贝奇(Caster)★3": 1, "[35]梅菲斯托费勒斯(Caster)★3": 3, "[104]杰罗尼莫(Caster)★3": 2, "[145]吉尔伽美什(Caster)★4": 1, "[192]喀耳刻(Caster)★4": 1, "[203]阿维斯布隆(Caster)★3": 2, "[348]張角(Caster)★3": 1, "[110]百貌哈桑(Assassin)★3": 3, "[81]亨利·杰基尔＆海德(Assassin)★3": 1, "[42]匕见(Assassin)★3": 1, "[46]卡米拉(Assassin)★4": 1, "[117]风魔小太郎(Assassin)★3": 2, "[185]望月千代女(Assassin)★4": 1, "[49]虎狼(Berserker)★3": 1, "[82]弗兰肯斯坦(Berserker)★4": 1, "[55]大流士三世(Berserker)★3": 1, "[56]清姬(Berserker)★3": 2, "[1]玛修·基列莱特(Shielder)★3": 1, "[352]徐福(Alterego)★3": 1}
礼装: {"[26]宝石魔术·对影★4": 1, "[37]芦苇海★3": 2, "[89]柳洞寺★3": 1, "[91]爱之灵药★3": 1, "[98]千年黄金树★4": 1, "[182]毒蛇一艺★4": 1, "[186]情窦未开的千金★4": 1, "[243]Bronze-Link Manipulators★3": 1, "[247]宝石剑泽尔里奇★3": 1, "[265]卡姆兰之战★3": 1, "[331]佛拉格拉克★3": 1, "[332]天之逆月★3": 1, "[401]私室警备员★4": 1, "[420]谜之面具群★3": 2, "[582]阿特拉斯院★3": 2, "[674]神造兵器★3": 1, "[691]噬魂★3": 2, "[774]最后的叙述者★4": 2, "[1016]狂舞曲★4": 1, "[1208]韵律诗节★4": 2, "[1270]庆祝回忆★5": 4, "[1271]头脑风暴★4": 8, "[1272]散状花★3": 16, "[1412]宝石的魔弹★4": 3, "[1413]虚数属性★4": 1, "[1415]匮乏之人★3": 2, "[1512]庭園の守り人★4": 3, "[1513]穂群原学園生徒会長★3": 2, "[1607]投影装填★4": 1, "[1608]悲願の継承★4": 1, "[1609]代償魔術★4": 1, "[1610]枯れない花★3": 3, "[1670]狩人の夢★4": 1}

编号[7e5cf59ec5f2bc3542fd106f8d0b0423]
等级: 1
圣晶石: 183
圣晶片: 3
呼符: 50
金/银/铜/青苹果: 43/0/0/0
登陆天数: 15天 / 91天
从者: {"[72]弗格斯·马克·罗伊(Saber)★3": 2, "[11]卫宫(Archer)★4": 2, "[63]大卫(Archer)★3": 1, "[105]比利小子(Archer)★3": 1, "[125]俵藤太(Archer)★3": 1, "[95]幼吉尔(Archer)★3": 1, "[22]罗穆路斯(Lancer)★3": 1, "[28]亚历山大(Rider)★3": 1, "[31]美狄亚(Caster)★3": 3, "[80]查尔斯·巴贝奇(Caster)★3": 1, "[284]阿尔托莉雅·卡斯特(Caster)★5": 1, "[110]百貌哈桑(Assassin)★3": 4, "[42]匕见(Assassin)★3": 2, "[117]风魔小太郎(Assassin)★3": 2, "[159]燕青(Assassin)★4": 1, "[48]兰斯洛特(Berserker)★4": 1, "[49]虎狼(Berserker)★3": 1, "[55]大流士三世(Berserker)★3": 1, "[1]玛修·基列莱特(Shielder)★3": 1, "[352]徐福(Alterego)★3": 1}
礼装: {"[24]Gandr★4": 1, "[26]宝石魔术·对影★4": 2, "[28]虚数魔术★4": 1, "[33]限制/零毁★5": 1, "[37]芦苇海★3": 1, "[91]爱之灵药★3": 1, "[243]Bronze-Link Manipulators★3": 2, "[244]四枝之浅滩★3": 1, "[333]许德拉匕首★3": 1, "[246]特辣麻婆豆腐★3": 1, "[247]宝石剑泽尔里奇★3": 1, "[331]佛拉格拉克★3": 2, "[581]手无寸铁慎二君★3": 1, "[585]幻想种★3": 1, "[691]噬魂★3": 1, "[815]樱的特制便当★3": 1, "[1270]庆祝回忆★5": 1, "[1271]头脑风暴★4": 2, "[1272]散状花★3": 3, "[1576]華の楽土★4": 1, "[1610]枯れない花★3": 1}

编号[213e9a052a3bfc606874766705a9fcc6]
等级: 1
圣晶石: 40
圣晶片: 3
呼符: 34
金/银/铜/青苹果: 44/0/0/0
登陆天数: 15天 / 91天
从者: {"[7]盖乌斯·尤利乌斯·恺撒(Saber)★3": 1, "[72]弗格斯·马克·罗伊(Saber)★3": 2, "[9]吉尔·德·雷(Saber)★3": 1, "[245]拉克什米·芭伊(Saber)★4": 1, "[13]罗宾汉(Archer)★3": 2, "[63]大卫(Archer)★3": 2, "[105]比利小子(Archer)★3": 1, "[15]尤瑞艾莉(Archer)★3": 1, "[95]幼吉尔(Archer)★3": 1, "[246]威廉·退尔(Archer)★3": 1, "[17]库·丘林(Lancer)★3": 1, "[71]迪尔姆德·奥迪那(Lancer)★3": 1, "[20]库·丘林〔Prototype〕(Lancer)★3": 2, "[22]罗穆路斯(Lancer)★3": 1, "[146]美杜莎(Lancer)★4": 1, "[214]瓦尔基里(Lancer)★4": 1, "[26]布狄卡(Rider)★3": 1, "[27]牛若丸(Rider)★3": 2, "[28]亚历山大(Rider)★3": 1, "[273]曼迪卡尔多(Rider)★3": 1, "[31]美狄亚(Caster)★3": 2, "[79]冯·霍恩海姆·帕拉塞尔苏斯(Caster)★3": 1, "[80]查尔斯·巴贝奇(Caster)★3": 1, "[120]尼托克丽丝(Caster)★4": 1, "[35]梅菲斯托费勒斯(Caster)★3": 2, "[104]杰罗尼莫(Caster)★3": 1, "[203]阿维斯布隆(Caster)★3": 1, "[284]阿尔托莉雅·卡斯特(Caster)★5": 1, "[348]張角(Caster)★3": 3, "[110]百貌哈桑(Assassin)★3": 1, "[81]亨利·杰基尔＆海德(Assassin)★3": 1, "[124]静谧哈桑(Assassin)★3": 1, "[117]风魔小太郎(Assassin)★3": 1, "[49]虎狼(Berserker)★3": 2, "[55]大流士三世(Berserker)★3": 1, "[56]清姬(Berserker)★3": 1, "[1]玛修·基列莱特(Shielder)★3": 1, "[352]徐福(Alterego)★3": 2, "[335]ヘファイスティオン(Pretender)★4": 1}
礼装: {"[37]芦苇海★3": 1, "[56]指令咏唱★4": 1, "[98]千年黄金树★4": 1, "[247]宝石剑泽尔里奇★3": 1, "[265]卡姆兰之战★3": 1, "[420]谜之面具群★3": 1, "[582]阿特拉斯院★3": 1, "[774]最后的叙述者★4": 1, "[913]远方的前路★4": 2, "[1270]庆祝回忆★5": 3, "[1271]头脑风暴★4": 7, "[1272]散状花★3": 9, "[1414]愿望之容器★4": 1, "[1415]匮乏之人★3": 1, "[1485]冬之结晶★4": 1, "[1513]穂群原学園生徒会長★3": 5, "[1610]枯れない花★3": 1}

编号[3d52931e15b3c6159f0d0fd8eb37d1ac]
等级: 1
圣晶石: 297
圣晶片: 3
呼符: 50
金/银/铜/青苹果: 43/0/0/0
登陆天数: 15天 / 91天
从者: {"[298]渡边纲(Saber)★4": 1, "[15]尤瑞艾莉(Archer)★3": 1, "[26]布狄卡(Rider)★3": 1, "[31]美狄亚(Caster)★3": 1, "[284]阿尔托莉雅·卡斯特(Caster)★5": 1, "[41]斯忒诺(Assassin)★4": 1, "[49]虎狼(Berserker)★3": 1, "[1]玛修·基列莱特(Shielder)★3": 1}
礼装: {"[28]虚数魔术★4": 1, "[42]Mooncell Automaton★3": 1, "[93]阿兰若★3": 1}

编号[851f3a2edadd859fe31f3c704829520b]
等级: 1
圣晶石: 69
圣晶片: 3
呼符: 50
金/银/铜/青苹果: 43/0/0/0
登陆天数: 15天 / 91天
从者: {"[7]盖乌斯·尤利乌斯·恺撒(Saber)★3": 1, "[9]吉尔·德·雷(Saber)★3": 2, "[227]兰陵王(Saber)★4": 1, "[13]罗宾汉(Archer)★3": 1, "[105]比利小子(Archer)★3": 2, "[15]尤瑞艾莉(Archer)★3": 2, "[125]俵藤太(Archer)★3": 2, "[95]幼吉尔(Archer)★3": 2, "[246]威廉·退尔(Archer)★3": 1, "[17]库·丘林(Lancer)★3": 3, "[71]迪尔姆德·奥迪那(Lancer)★3": 2, "[20]库·丘林〔Prototype〕(Lancer)★3": 1, "[186]宝藏院胤舜(Lancer)★3": 2, "[64]赫克托耳(Lancer)★3": 2, "[23]歌果(Rider)★3": 2, "[94]阿斯托尔福(Rider)★4": 1, "[26]布狄卡(Rider)★3": 3, "[27]牛若丸(Rider)★3": 1, "[28]亚历山大(Rider)★3": 1, "[31]美狄亚(Caster)★3": 3, "[80]查尔斯·巴贝奇(Caster)★3": 1, "[192]喀耳刻(Caster)★4": 1, "[284]阿尔托莉雅·卡斯特(Caster)★5": 1, "[124]静谧哈桑(Assassin)★3": 2, "[42]匕见(Assassin)★3": 1, "[117]风魔小太郎(Assassin)★3": 2, "[47]赫拉克勒斯(Berserker)★4": 1, "[49]虎狼(Berserker)★3": 1, "[55]大流士三世(Berserker)★3": 1, "[56]清姬(Berserker)★3": 2, "[202]阿塔兰忒〔Alter〕(Berserker)★4": 1, "[1]玛修·基列莱特(Shielder)★3": 1, "[242]阿斯特赖亚(Ruler)★4": 1}
礼装: {"[24]Gandr★4": 2, "[89]柳洞寺★3": 1, "[91]爱之灵药★3": 1, "[243]Bronze-Link Manipulators★3": 1, "[244]四枝之浅滩★3": 1, "[246]特辣麻婆豆腐★3": 1, "[265]卡姆兰之战★3": 1, "[331]佛拉格拉克★3": 3, "[332]天之逆月★3": 3, "[401]私室警备员★4": 1, "[582]阿特拉斯院★3": 3, "[585]幻想种★3": 3, "[691]噬魂★3": 1, "[814]清扫者★4": 1, "[815]樱的特制便当★3": 2, "[1208]韵律诗节★4": 1, "[1270]庆祝回忆★5": 1, "[1271]头脑风暴★4": 4, "[1272]散状花★3": 8, "[1415]匮乏之人★3": 3, "[1577]告解の惑い場★4": 1, "[1610]枯れない花★3": 1}

编号[72fd9b7034646cc3950802a9fea1b0e8]
等级: 1
圣晶石: 39
圣晶片: 3
呼符: 50
金/银/铜/青苹果: 43/0/0/0
登陆天数: 15天 / 91天
从者: {"[7]盖乌斯·尤利乌斯·恺撒(Saber)★3": 2, "[72]弗格斯·马克·罗伊(Saber)★3": 1, "[9]吉尔·德·雷(Saber)★3": 2, "[245]拉克什米·芭伊(Saber)★4": 2, "[13]罗宾汉(Archer)★3": 1, "[63]大卫(Archer)★3": 3, "[105]比利小子(Archer)★3": 1, "[15]尤瑞艾莉(Archer)★3": 3, "[125]俵藤太(Archer)★3": 2, "[95]幼吉尔(Archer)★3": 1, "[246]威廉·退尔(Archer)★3": 1, "[17]库·丘林(Lancer)★3": 3, "[140]弗拉德三世〔EXTRA〕(Lancer)★4": 1, "[20]库·丘林〔Prototype〕(Lancer)★3": 3, "[22]罗穆路斯(Lancer)★3": 1, "[313]珀西瓦尔(Lancer)★4": 1, "[23]歌果(Rider)★3": 1, "[26]布狄卡(Rider)★3": 2, "[27]牛若丸(Rider)★3": 2, "[273]曼迪卡尔多(Rider)★3": 2, "[31]美狄亚(Caster)★3": 1, "[79]冯·霍恩海姆·帕拉塞尔苏斯(Caster)★3": 2, "[80]查尔斯·巴贝奇(Caster)★3": 2, "[192]喀耳刻(Caster)★4": 1, "[284]阿尔托莉雅·卡斯特(Caster)★5": 1, "[348]張角(Caster)★3": 1, "[110]百貌哈桑(Assassin)★3": 2, "[81]亨利·杰基尔＆海德(Assassin)★3": 2, "[42]匕见(Assassin)★3": 1, "[159]燕青(Assassin)★4": 1, "[47]赫拉克勒斯(Berserker)★4": 1, "[49]虎狼(Berserker)★3": 1, "[55]大流士三世(Berserker)★3": 1, "[56]清姬(Berserker)★3": 3, "[1]玛修·基列莱特(Shielder)★3": 1}
礼装: {"[28]虚数魔术★4": 1, "[56]指令咏唱★4": 1, "[89]柳洞寺★3": 1, "[91]爱之灵药★3": 3, "[184]柔软的慈爱★4": 1, "[244]四枝之浅滩★3": 1, "[333]许德拉匕首★3": 1, "[246]特辣麻婆豆腐★3": 1, "[247]宝石剑泽尔里奇★3": 2, "[265]卡姆兰之战★3": 1, "[331]佛拉格拉克★3": 2, "[418]固有结界★3": 2, "[419]返老还童的灵药★3": 1, "[580]瓦砾的圣堂★3": 1, "[581]手无寸铁慎二君★3": 3, "[582]阿特拉斯院★3": 2, "[585]幻想种★3": 1, "[674]神造兵器★3": 2, "[691]噬魂★3": 1, "[815]樱的特制便当★3": 4, "[1208]韵律诗节★4": 1, "[1270]庆祝回忆★5": 2, "[1271]头脑风暴★4": 2, "[1272]散状花★3": 6, "[1316]王者的气质★4": 1, "[1415]匮乏之人★3": 2, "[1512]庭園の守り人★4": 1, "[1513]穂群原学園生徒会長★3": 3, "[1576]華の楽土★4": 1, "[1610]枯れない花★3": 1}

编号[c8be3d5323d022ffb947575e6685be68]
等级: 1
圣晶石: 1
圣晶片: 3
呼符: 0
金/银/铜/青苹果: 44/0/0/0
登陆天数: 15天 / 91天
从者: {"[7]盖乌斯·尤利乌斯·恺撒(Saber)★3": 2, "[72]弗格斯·马克·罗伊(Saber)★3": 2, "[9]吉尔·德·雷(Saber)★3": 2, "[14]阿塔兰忒(Archer)★4": 1, "[63]大卫(Archer)★3": 4, "[105]比利小子(Archer)★3": 2, "[15]尤瑞艾莉(Archer)★3": 2, "[125]俵藤太(Archer)★3": 1, "[246]威廉·退尔(Archer)★3": 2, "[17]库·丘林(Lancer)★3": 2, "[71]迪尔姆德·奥迪那(Lancer)★3": 2, "[20]库·丘林〔Prototype〕(Lancer)★3": 1, "[22]罗穆路斯(Lancer)★3": 4, "[23]歌果(Rider)★3": 2, "[26]布狄卡(Rider)★3": 1, "[27]牛若丸(Rider)★3": 1, "[28]亚历山大(Rider)★3": 2, "[273]曼迪卡尔多(Rider)★3": 2, "[332]ドブルイニャ・ニキチッチ(Rider)★4": 1, "[31]美狄亚(Caster)★3": 1, "[79]冯·霍恩海姆·帕拉塞尔苏斯(Caster)★3": 2, "[80]查尔斯·巴贝奇(Caster)★3": 1, "[35]梅菲斯托费勒斯(Caster)★3": 1, "[104]杰罗尼莫(Caster)★3": 1, "[192]喀耳刻(Caster)★4": 1, "[203]阿维斯布隆(Caster)★3": 3, "[348]張角(Caster)★3": 1, "[110]百貌哈桑(Assassin)★3": 2, "[81]亨利·杰基尔＆海德(Assassin)★3": 3, "[124]静谧哈桑(Assassin)★3": 1, "[42]匕见(Assassin)★3": 2, "[117]风魔小太郎(Assassin)★3": 1, "[49]虎狼(Berserker)★3": 2, "[55]大流士三世(Berserker)★3": 3, "[56]清姬(Berserker)★3": 1, "[58]玉藻猫(Berserker)★4": 1, "[1]玛修·基列莱特(Shielder)★3": 1, "[59]贞德(Ruler)★5": 1, "[352]徐福(Alterego)★3": 2, "[335]ヘファイスティオン(Pretender)★4": 1}
礼装: {"[21]钢之锻炼★4": 2, "[26]宝石魔术·对影★4": 2, "[31]元素转换★5": 1, "[56]指令咏唱★4": 4, "[74]觉醒的意志★4": 1, "[91]爱之灵药★3": 1, "[175]理想的王圣★5": 1, "[186]情窦未开的千金★4": 1, "[243]Bronze-Link Manipulators★3": 4, "[244]四枝之浅滩★3": 1, "[333]许德拉匕首★3": 1, "[246]特辣麻婆豆腐★3": 2, "[247]宝石剑泽尔里奇★3": 4, "[265]卡姆兰之战★3": 3, "[331]佛拉格拉克★3": 2, "[418]固有结界★3": 1, "[419]返老还童的灵药★3": 3, "[420]谜之面具群★3": 2, "[581]手无寸铁慎二君★3": 1, "[585]幻想种★3": 2, "[815]樱的特制便当★3": 1, "[913]远方的前路★4": 1, "[1208]韵律诗节★4": 2, "[1270]庆祝回忆★5": 6, "[1271]头脑风暴★4": 8, "[1272]散状花★3": 16, "[1316]王者的气质★4": 2, "[1458]魔道元帅★5": 1, "[1485]冬之结晶★4": 1, "[1513]穂群原学園生徒会長★3": 2, "[1606]五大元素使い★5": 1, "[1608]悲願の継承★4": 2, "[1610]枯れない花★3": 1, "[1692]免許皆伝★4": 1}

编号[aa0e3efe531fc178b3c77b731f683e3d]
等级: 1
圣晶石: 1
圣晶片: 3
呼符: 0
金/银/铜/青苹果: 44/0/0/0
登陆天数: 15天 / 91天
从者: {"[7]盖乌斯·尤利乌斯·恺撒(Saber)★3": 1, "[72]弗格斯·马克·罗伊(Saber)★3": 2, "[9]吉尔·德·雷(Saber)★3": 1, "[13]罗宾汉(Archer)★3": 1, "[63]大卫(Archer)★3": 1, "[105]比利小子(Archer)★3": 2, "[15]尤瑞艾莉(Archer)★3": 1, "[125]俵藤太(Archer)★3": 2, "[95]幼吉尔(Archer)★3": 1, "[207]喀戎(Archer)★4": 1, "[246]威廉·退尔(Archer)★3": 1, "[325]芝诺比阿(Archer)★4": 1, "[17]库·丘林(Lancer)★3": 2, "[71]迪尔姆德·奥迪那(Lancer)★3": 2, "[20]库·丘林〔Prototype〕(Lancer)★3": 2, "[22]罗穆路斯(Lancer)★3": 1, "[186]宝藏院胤舜(Lancer)★3": 2, "[64]赫克托耳(Lancer)★3": 1, "[183]帕尔瓦蒂(Lancer)★4": 1, "[23]歌果(Rider)★3": 2, "[26]布狄卡(Rider)★3": 1, "[27]牛若丸(Rider)★3": 1, "[28]亚历山大(Rider)★3": 4, "[29]玛丽·安托瓦内特(Rider)★4": 1, "[273]曼迪卡尔多(Rider)★3": 1, "[274]欧罗巴(Rider)★5": 1, "[31]美狄亚(Caster)★3": 1, "[79]冯·霍恩海姆·帕拉塞尔苏斯(Caster)★3": 1, "[80]查尔斯·巴贝奇(Caster)★3": 1, "[120]尼托克丽丝(Caster)★4": 1, "[35]梅菲斯托费勒斯(Caster)★3": 2, "[104]杰罗尼莫(Caster)★3": 2, "[203]阿维斯布隆(Caster)★3": 2, "[348]張角(Caster)★3": 1, "[110]百貌哈桑(Assassin)★3": 2, "[81]亨利·杰基尔＆海德(Assassin)★3": 3, "[117]风魔小太郎(Assassin)★3": 1, "[55]大流士三世(Berserker)★3": 4, "[56]清姬(Berserker)★3": 1, "[1]玛修·基列莱特(Shielder)★3": 1, "[352]徐福(Alterego)★3": 1}
礼装: {"[21]钢之锻炼★4": 1, "[26]宝石魔术·对影★4": 2, "[37]芦苇海★3": 1, "[39]抹大拉的圣骸布★4": 1, "[56]指令咏唱★4": 2, "[57]月之胜利者★5": 1, "[185]月灵髓液★5": 1, "[243]Bronze-Link Manipulators★3": 2, "[246]特辣麻婆豆腐★3": 1, "[247]宝石剑泽尔里奇★3": 2, "[265]卡姆兰之战★3": 2, "[419]返老还童的灵药★3": 1, "[420]谜之面具群★3": 3, "[580]瓦砾的圣堂★3": 2, "[582]阿特拉斯院★3": 1, "[585]幻想种★3": 2, "[815]樱的特制便当★3": 2, "[1270]庆祝回忆★5": 2, "[1271]头脑风暴★4": 7, "[1272]散状花★3": 19, "[1412]宝石的魔弹★4": 1, "[1413]虚数属性★4": 1, "[1414]愿望之容器★4": 2, "[1415]匮乏之人★3": 1, "[1458]魔道元帅★5": 1, "[1485]冬之结晶★4": 1, "[1577]告解の惑い場★4": 1, "[1607]投影装填★4": 3, "[1610]枯れない花★3": 5, "[1692]免許皆伝★4": 2}

编号[a20bb99802119a9412b17ecf1ac9546f]
等级: 1
圣晶石: 102
圣晶片: 3
呼符: 50
金/银/铜/青苹果: 43/0/0/0
登陆天数: 15天 / 91天
从者: {"[298]渡边纲(Saber)★4": 1, "[105]比利小子(Archer)★3": 1, "[15]尤瑞艾莉(Archer)★3": 1, "[71]迪尔姆德·奥迪那(Lancer)★3": 1, "[18]伊丽莎白·巴托里(Lancer)★4": 1, "[20]库·丘林〔Prototype〕(Lancer)★3": 1, "[22]罗穆路斯(Lancer)★3": 3, "[214]瓦尔基里(Lancer)★4": 1, "[27]牛若丸(Rider)★3": 3, "[273]曼迪卡尔多(Rider)★3": 1, "[31]美狄亚(Caster)★3": 1, "[79]冯·霍恩海姆·帕拉塞尔苏斯(Caster)★3": 2, "[80]查尔斯·巴贝奇(Caster)★3": 3, "[35]梅菲斯托费勒斯(Caster)★3": 1, "[104]杰罗尼莫(Caster)★3": 2, "[203]阿维斯布隆(Caster)★3": 1, "[284]阿尔托莉雅·卡斯特(Caster)★5": 1, "[110]百貌哈桑(Assassin)★3": 3, "[42]匕见(Assassin)★3": 1, "[117]风魔小太郎(Assassin)★3": 1, "[49]虎狼(Berserker)★3": 3, "[55]大流士三世(Berserker)★3": 2, "[56]清姬(Berserker)★3": 2, "[1]玛修·基列莱特(Shielder)★3": 1, "[352]徐福(Alterego)★3": 1}
礼装: {"[56]指令咏唱★4": 1, "[67]2030年的碎片★5": 1, "[89]柳洞寺★3": 2, "[91]爱之灵药★3": 1, "[98]千年黄金树★4": 2, "[183]死之艺术★4": 1, "[186]情窦未开的千金★4": 1, "[243]Bronze-Link Manipulators★3": 2, "[244]四枝之浅滩★3": 2, "[246]特辣麻婆豆腐★3": 4, "[265]卡姆兰之战★3": 2, "[332]天之逆月★3": 1, "[418]固有结界★3": 1, "[420]谜之面具群★3": 2, "[580]瓦砾的圣堂★3": 1, "[581]手无寸铁慎二君★3": 1, "[585]幻想种★3": 3, "[1270]庆祝回忆★5": 2, "[1271]头脑风暴★4": 3, "[1272]散状花★3": 6, "[1413]虚数属性★4": 1, "[1415]匮乏之人★3": 2, "[1485]冬之结晶★4": 1, "[1610]枯れない花★3": 1}

编号[f4116fc64fc5978f6ec57791f7d634f2]
等级: 1
圣晶石: 40
圣晶片: 3
呼符: 46
金/银/铜/青苹果: 44/0/0/0
登陆天数: 15天 / 91天
从者: {"[2]阿尔托莉雅·潘德拉贡(Saber)★5": 1, "[72]弗格斯·马克·罗伊(Saber)★3": 1, "[13]罗宾汉(Archer)★3": 1, "[63]大卫(Archer)★3": 1, "[105]比利小子(Archer)★3": 1, "[15]尤瑞艾莉(Archer)★3": 2, "[95]幼吉尔(Archer)★3": 1, "[246]威廉·退尔(Archer)★3": 1, "[71]迪尔姆德·奥迪那(Lancer)★3": 1, "[20]库·丘林〔Prototype〕(Lancer)★3": 1, "[22]罗穆路斯(Lancer)★3": 1, "[64]赫克托耳(Lancer)★3": 1, "[23]歌果(Rider)★3": 1, "[26]布狄卡(Rider)★3": 1, "[28]亚历山大(Rider)★3": 1, "[273]曼迪卡尔多(Rider)★3": 1, "[79]冯·霍恩海姆·帕拉塞尔苏斯(Caster)★3": 1, "[80]查尔斯·巴贝奇(Caster)★3": 1, "[120]尼托克丽丝(Caster)★4": 1, "[104]杰罗尼莫(Caster)★3": 1, "[192]喀耳刻(Caster)★4": 1, "[284]阿尔托莉雅·卡斯特(Caster)★5": 1, "[348]張角(Caster)★3": 1, "[81]亨利·杰基尔＆海德(Assassin)★3": 1, "[124]静谧哈桑(Assassin)★3": 1, "[42]匕见(Assassin)★3": 1, "[117]风魔小太郎(Assassin)★3": 1, "[159]燕青(Assassin)★4": 1, "[49]虎狼(Berserker)★3": 2, "[89]贝奥武夫(Berserker)★4": 1, "[55]大流士三世(Berserker)★3": 1, "[56]清姬(Berserker)★3": 1, "[58]玉藻猫(Berserker)★4": 1, "[202]阿塔兰忒〔Alter〕(Berserker)★4": 1, "[1]玛修·基列莱特(Shielder)★3": 1}
礼装: {"[21]钢之锻炼★4": 1, "[175]理想的王圣★5": 1, "[246]特辣麻婆豆腐★3": 1, "[401]私室警备员★4": 1, "[420]谜之面具群★3": 1, "[585]幻想种★3": 1, "[674]神造兵器★3": 1, "[1208]韵律诗节★4": 1, "[1270]庆祝回忆★5": 1, "[1271]头脑风暴★4": 5, "[1272]散状花★3": 12, "[1414]愿望之容器★4": 1, "[1415]匮乏之人★3": 1, "[1513]穂群原学園生徒会長★3": 1, "[1608]悲願の継承★4": 1, "[1692]免許皆伝★4": 1}

