编号[e0ef08df58206d76359f731378d3f05b]
等级: 1
圣晶石: 2
圣晶片: 3
呼符: 0
金/银/铜/青苹果: 0/0/0/0
登陆天数: 2天 / 21天
从者: {"[298]渡边纲(Saber)★4": 1, "[13]罗宾汉(Archer)★3": 1, "[81]亨利·杰基尔＆海德(Assassin)★3": 1, "[49]虎狼(Berserker)★3": 2, "[58]玉藻猫(Berserker)★4": 1, "[1]玛修·基列莱特(Shielder)★3": 1}
礼装: {"[39]抹大拉的圣骸布★4": 1, "[66]骑士的矜持★4": 1, "[89]柳洞寺★3": 1, "[92]白鹳骑士★3": 1, "[96]鲁格的光环★3": 1}

编号[7e52d8f5260e62a9ae65d3748767a7c9]
等级: 1
圣晶石: 2
圣晶片: 3
呼符: 0
金/银/铜/青苹果: 0/0/0/0
登陆天数: 2天 / 21天
从者: {"[17]库·丘林(Lancer)★3": 1, "[22]罗穆路斯(Lancer)★3": 1, "[64]赫克托耳(Lancer)★3": 1, "[94]阿斯托尔福(Rider)★4": 1, "[28]亚历山大(Rider)★3": 1, "[80]查尔斯·巴贝奇(Caster)★3": 1, "[159]燕青(Assassin)★4": 1, "[1]玛修·基列莱特(Shielder)★3": 1}
礼装: {"[23]投影魔术★4": 1, "[66]骑士的矜持★4": 1, "[89]柳洞寺★3": 1, "[91]爱之灵药★3": 1}

编号[96ff413556e41c4a8b25f1851f0c5d6c]
等级: 1
圣晶石: 2
圣晶片: 3
呼符: 0
金/银/铜/青苹果: 0/0/0/0
登陆天数: 2天 / 21天
从者: {"[72]弗格斯·马克·罗伊(Saber)★3": 1, "[298]渡边纲(Saber)★4": 1, "[15]尤瑞艾莉(Archer)★3": 1, "[94]阿斯托尔福(Rider)★4": 1, "[28]亚历山大(Rider)★3": 1, "[192]喀耳刻(Caster)★4": 1, "[159]燕青(Assassin)★4": 1, "[55]大流士三世(Berserker)★3": 1, "[1]玛修·基列莱特(Shielder)★3": 1}
礼装: {"[38]封印指定　执行者★4": 1, "[89]柳洞寺★3": 2}

编号[8b1a148a2767725da58d168fc94eaf7b]
等级: 1
圣晶石: 2
圣晶片: 3
呼符: 0
金/银/铜/青苹果: 0/0/0/0
登陆天数: 2天 / 21天
从者: {"[72]弗格斯·马克·罗伊(Saber)★3": 1, "[245]拉克什米·芭伊(Saber)★4": 1, "[11]卫宫(Archer)★4": 1, "[17]库·丘林(Lancer)★3": 1, "[35]梅菲斯托费勒斯(Caster)★3": 1, "[1]玛修·基列莱特(Shielder)★3": 1}
礼装: {"[21]钢之锻炼★4": 1, "[56]指令咏唱★4": 1, "[73]死灵魔术★4": 1, "[91]爱之灵药★3": 1, "[92]白鹳骑士★3": 1, "[96]鲁格的光环★3": 1}

编号[710f55a4499776b1c518f3750e2d5cca]
等级: 1
圣晶石: 2
圣晶片: 3
呼符: 0
金/银/铜/青苹果: 0/0/0/0
登陆天数: 2天 / 21天
从者: {"[7]盖乌斯·尤利乌斯·恺撒(Saber)★3": 1, "[245]拉克什米·芭伊(Saber)★4": 1, "[13]罗宾汉(Archer)★3": 1, "[63]大卫(Archer)★3": 1, "[15]尤瑞艾莉(Archer)★3": 1, "[49]虎狼(Berserker)★3": 1, "[56]清姬(Berserker)★3": 1, "[1]玛修·基列莱特(Shielder)★3": 1}
礼装: {"[23]投影魔术★4": 1, "[39]抹大拉的圣骸布★4": 1, "[92]白鹳骑士★3": 1, "[95]狮子玩偶★3": 1}

编号[9b7c25f072112768ac23baff43ff339b]
等级: 1
圣晶石: 2
圣晶片: 3
呼符: 0
金/银/铜/青苹果: 0/0/0/0
登陆天数: 2天 / 21天
从者: {"[11]卫宫(Archer)★4": 1, "[13]罗宾汉(Archer)★3": 1, "[64]赫克托耳(Lancer)★3": 1, "[56]清姬(Berserker)★3": 1, "[1]玛修·基列莱特(Shielder)★3": 1}
礼装: {"[22]原始咒术★4": 1, "[24]Gandr★4": 1, "[46]符文石★3": 1, "[55]扬帆远航★3": 1, "[66]骑士的矜持★4": 1, "[92]白鹳骑士★3": 1, "[93]阿兰若★3": 1}

编号[c2781e34b07b3f757bd5aa58cabf6405]
等级: 1
圣晶石: 2
圣晶片: 3
呼符: 0
金/银/铜/青苹果: 0/0/0/0
登陆天数: 2天 / 21天
从者: {"[7]盖乌斯·尤利乌斯·恺撒(Saber)★3": 1, "[17]库·丘林(Lancer)★3": 1, "[71]迪尔姆德·奥迪那(Lancer)★3": 2, "[20]库·丘林〔Prototype〕(Lancer)★3": 1, "[31]美狄亚(Caster)★3": 1, "[79]冯·霍恩海姆·帕拉塞尔苏斯(Caster)★3": 1, "[42]匕见(Assassin)★3": 1, "[47]赫拉克勒斯(Berserker)★4": 1, "[55]大流士三世(Berserker)★3": 1, "[1]玛修·基列莱特(Shielder)★3": 1}
礼装: {"[25]绿之破音★4": 1}

编号[d081368a44568734755b3872955345d3]
等级: 1
圣晶石: 2
圣晶片: 3
呼符: 0
金/银/铜/青苹果: 0/0/0/0
登陆天数: 2天 / 21天
从者: {"[15]尤瑞艾莉(Archer)★3": 1, "[214]瓦尔基里(Lancer)★4": 1, "[94]阿斯托尔福(Rider)★4": 1, "[27]牛若丸(Rider)★3": 1, "[28]亚历山大(Rider)★3": 1, "[49]虎狼(Berserker)★3": 1, "[56]清姬(Berserker)★3": 1, "[1]玛修·基列莱特(Shielder)★3": 1}
礼装: {"[73]死灵魔术★4": 2, "[91]爱之灵药★3": 1, "[93]阿兰若★3": 1}

编号[3b703d863be5a55ba26f54062608d36b]
等级: 1
圣晶石: 2
圣晶片: 3
呼符: 0
金/银/铜/青苹果: 0/0/0/0
登陆天数: 2天 / 21天
从者: {"[72]弗格斯·马克·罗伊(Saber)★3": 1, "[9]吉尔·德·雷(Saber)★3": 1, "[11]卫宫(Archer)★4": 1, "[64]赫克托耳(Lancer)★3": 1, "[49]虎狼(Berserker)★3": 1, "[55]大流士三世(Berserker)★3": 2, "[1]玛修·基列莱特(Shielder)★3": 1}
礼装: {"[65]魔猪★3": 2, "[73]死灵魔术★4": 1, "[93]阿兰若★3": 1}

编号[0d5865ab66397ff9d6a6c397ffa82082]
等级: 1
圣晶石: 2
圣晶片: 3
呼符: 0
金/银/铜/青苹果: 0/0/0/0
登陆天数: 2天 / 21天
从者: {"[9]吉尔·德·雷(Saber)★3": 1, "[245]拉克什米·芭伊(Saber)★4": 1, "[17]库·丘林(Lancer)★3": 1, "[28]亚历山大(Rider)★3": 1, "[31]美狄亚(Caster)★3": 1, "[79]冯·霍恩海姆·帕拉塞尔苏斯(Caster)★3": 1, "[56]清姬(Berserker)★3": 1, "[1]玛修·基列莱特(Shielder)★3": 1}
礼装: {"[26]宝石魔术·对影★4": 1, "[27]秉持优雅★4": 1, "[37]芦苇海★3": 1, "[98]千年黄金树★4": 1}

编号[0494295d639ee7175dd8dbb5942bfc2b]
等级: 1
圣晶石: 2
圣晶片: 3
呼符: 0
金/银/铜/青苹果: 0/0/0/0
登陆天数: 2天 / 21天
从者: {"[245]拉克什米·芭伊(Saber)★4": 1, "[71]迪尔姆德·奥迪那(Lancer)★3": 1, "[20]库·丘林〔Prototype〕(Lancer)★3": 1, "[64]赫克托耳(Lancer)★3": 1, "[192]喀耳刻(Caster)★4": 1, "[1]玛修·基列莱特(Shielder)★3": 1}
礼装: {"[28]虚数魔术★4": 1, "[29]天之晚餐★4": 1, "[30]天使之诗★4": 1, "[37]芦苇海★3": 1, "[46]符文石★3": 1, "[72]时钟塔★3": 1}

编号[3d8a0c93c4de9a188bff1c340ef42aad]
等级: 1
圣晶石: 2
圣晶片: 3
呼符: 0
金/银/铜/青苹果: 0/0/0/0
登陆天数: 2天 / 21天
从者: {"[11]卫宫(Archer)★4": 1, "[64]赫克托耳(Lancer)★3": 1, "[80]查尔斯·巴贝奇(Caster)★3": 1, "[35]梅菲斯托费勒斯(Caster)★3": 1, "[56]清姬(Berserker)★3": 1, "[1]玛修·基列莱特(Shielder)★3": 1}
礼装: {"[24]Gandr★4": 1, "[55]扬帆远航★3": 1, "[74]觉醒的意志★4": 1, "[89]柳洞寺★3": 2, "[93]阿兰若★3": 1}

编号[6946eca9d173412ff5dec9cd87aba9bb]
等级: 1
圣晶石: 2
圣晶片: 3
呼符: 0
金/银/铜/青苹果: 0/0/0/0
登陆天数: 2天 / 21天
从者: {"[245]拉克什米·芭伊(Saber)★4": 1, "[63]大卫(Archer)★3": 2, "[325]ゼノビア(Archer)★4": 1, "[27]牛若丸(Rider)★3": 1, "[35]梅菲斯托费勒斯(Caster)★3": 1, "[81]亨利·杰基尔＆海德(Assassin)★3": 1, "[1]玛修·基列莱特(Shielder)★3": 1}
礼装: {"[27]秉持优雅★4": 1, "[30]天使之诗★4": 1, "[55]扬帆远航★3": 1, "[94]摩托·装甲骑兵★3": 1}

编号[043b7cab51494a10b838c728f27b21b2]
等级: 1
圣晶石: 2
圣晶片: 3
呼符: 0
金/银/铜/青苹果: 0/0/0/0
登陆天数: 2天 / 21天
从者: {"[72]弗格斯·马克·罗伊(Saber)★3": 1, "[13]罗宾汉(Archer)★3": 1, "[63]大卫(Archer)★3": 1, "[18]伊丽莎白·巴托里(Lancer)★4": 1, "[214]瓦尔基里(Lancer)★4": 1, "[26]布狄卡(Rider)★3": 1, "[81]亨利·杰基尔＆海德(Assassin)★3": 1, "[49]虎狼(Berserker)★3": 1, "[1]玛修·基列莱特(Shielder)★3": 1}
礼装: {"[29]天之晚餐★4": 1, "[56]指令咏唱★4": 1, "[72]时钟塔★3": 1}

编号[e43f168be517765cac842f9231d05f97]
等级: 1
圣晶石: 2
圣晶片: 3
呼符: 0
金/银/铜/青苹果: 0/0/0/0
登陆天数: 2天 / 21天
从者: {"[7]盖乌斯·尤利乌斯·恺撒(Saber)★3": 1, "[298]渡边纲(Saber)★4": 1, "[26]布狄卡(Rider)★3": 1, "[49]虎狼(Berserker)★3": 1, "[56]清姬(Berserker)★3": 1, "[1]玛修·基列莱特(Shielder)★3": 1}
礼装: {"[26]宝石魔术·对影★4": 1, "[42]Mooncell Automaton★3": 1, "[72]时钟塔★3": 1, "[74]觉醒的意志★4": 1, "[96]鲁格的光环★3": 1, "[98]千年黄金树★4": 1}

编号[c3f83e50b0481ffc1884b8dc5ed3b7fa]
等级: 1
圣晶石: 2
圣晶片: 3
呼符: 0
金/银/铜/青苹果: 0/0/0/0
登陆天数: 2天 / 21天
从者: {"[9]吉尔·德·雷(Saber)★3": 1, "[22]罗穆路斯(Lancer)★3": 1, "[23]歌果(Rider)★3": 1, "[94]阿斯托尔福(Rider)★4": 1, "[332]ドブルイニャ・ニキチッチ(Rider)★4": 1, "[31]美狄亚(Caster)★3": 2, "[41]斯忒诺(Assassin)★4": 1, "[55]大流士三世(Berserker)★3": 1, "[1]玛修·基列莱特(Shielder)★3": 1}
礼装: {"[56]指令咏唱★4": 1, "[74]觉醒的意志★4": 1}

编号[1d9cc25e38f3914935c95e1be3627568]
等级: 1
圣晶石: 2
圣晶片: 3
呼符: 0
金/银/铜/青苹果: 0/0/0/0
登陆天数: 2天 / 21天
从者: {"[72]弗格斯·马克·罗伊(Saber)★3": 1, "[17]库·丘林(Lancer)★3": 1, "[22]罗穆路斯(Lancer)★3": 1, "[23]歌果(Rider)★3": 1, "[27]牛若丸(Rider)★3": 1, "[31]美狄亚(Caster)★3": 1, "[120]尼托克丽丝(Caster)★4": 1, "[56]清姬(Berserker)★3": 1, "[58]玉藻猫(Berserker)★4": 1, "[1]玛修·基列莱特(Shielder)★3": 1}
礼装: {"[72]时钟塔★3": 1, "[98]千年黄金树★4": 1}

编号[0e0d2d8e8d0622ac6d79bd1c72f54de4]
等级: 1
圣晶石: 2
圣晶片: 3
呼符: 0
金/银/铜/青苹果: 0/0/0/0
登陆天数: 2天 / 21天
从者: {"[7]盖乌斯·尤利乌斯·恺撒(Saber)★3": 1, "[64]赫克托耳(Lancer)★3": 2, "[81]亨利·杰基尔＆海德(Assassin)★3": 2, "[49]虎狼(Berserker)★3": 2, "[58]玉藻猫(Berserker)★4": 1, "[1]玛修·基列莱特(Shielder)★3": 1}
礼装: {"[24]Gandr★4": 2, "[56]指令咏唱★4": 1}

编号[5974cda484e2437faaf6dfda6cea78a6]
等级: 1
圣晶石: 2
圣晶片: 3
呼符: 0
金/银/铜/青苹果: 0/0/0/0
登陆天数: 2天 / 21天
从者: {"[245]拉克什米·芭伊(Saber)★4": 1, "[332]ドブルイニャ・ニキチッチ(Rider)★4": 2, "[35]梅菲斯托费勒斯(Caster)★3": 1, "[1]玛修·基列莱特(Shielder)★3": 1}
礼装: {"[22]原始咒术★4": 1, "[26]宝石魔术·对影★4": 1, "[46]符文石★3": 1, "[47]一之太刀★4": 1, "[90]魔力计★3": 1, "[91]爱之灵药★3": 1, "[93]阿兰若★3": 1}

编号[e2fc9a18ad157eccc875d1befb73b997]
等级: 1
圣晶石: 2
圣晶片: 3
呼符: 0
金/银/铜/青苹果: 0/0/0/0
登陆天数: 2天 / 21天
从者: {"[7]盖乌斯·尤利乌斯·恺撒(Saber)★3": 1, "[298]渡边纲(Saber)★4": 1, "[11]卫宫(Archer)★4": 1, "[17]库·丘林(Lancer)★3": 1, "[71]迪尔姆德·奥迪那(Lancer)★3": 1, "[22]罗穆路斯(Lancer)★3": 1, "[23]歌果(Rider)★3": 1, "[79]冯·霍恩海姆·帕拉塞尔苏斯(Caster)★3": 1, "[192]喀耳刻(Caster)★4": 1, "[1]玛修·基列莱特(Shielder)★3": 1}
礼装: {"[27]秉持优雅★4": 1, "[98]千年黄金树★4": 1}

编号[5ce22c47f5990131c7cf47bc7b32c1d6]
等级: 1
圣晶石: 2
圣晶片: 3
呼符: 0
金/银/铜/青苹果: 0/0/0/0
登陆天数: 2天 / 21天
从者: {"[9]吉尔·德·雷(Saber)★3": 1, "[325]ゼノビア(Archer)★4": 1, "[20]库·丘林〔Prototype〕(Lancer)★3": 2, "[80]查尔斯·巴贝奇(Caster)★3": 1, "[35]梅菲斯托费勒斯(Caster)★3": 1, "[56]清姬(Berserker)★3": 1, "[1]玛修·基列莱特(Shielder)★3": 1}
礼装: {"[28]虚数魔术★4": 2, "[91]爱之灵药★3": 1, "[96]鲁格的光环★3": 1}

编号[88d1e622d1547fc44d74f4e5f589680e]
等级: 1
圣晶石: 2
圣晶片: 3
呼符: 0
金/银/铜/青苹果: 0/0/0/0
登陆天数: 2天 / 21天
从者: {"[9]吉尔·德·雷(Saber)★3": 1, "[245]拉克什米·芭伊(Saber)★4": 1, "[18]伊丽莎白·巴托里(Lancer)★4": 1, "[214]瓦尔基里(Lancer)★4": 1, "[27]牛若丸(Rider)★3": 1, "[159]燕青(Assassin)★4": 2, "[1]玛修·基列莱特(Shielder)★3": 1}
礼装: {"[26]宝石魔术·对影★4": 1, "[28]虚数魔术★4": 1, "[39]抹大拉的圣骸布★4": 1, "[91]爱之灵药★3": 1}

编号[d72a7bab676a9abc1b2ddbd8e220e029]
等级: 1
圣晶石: 2
圣晶片: 3
呼符: 0
金/银/铜/青苹果: 0/0/0/0
登陆天数: 2天 / 21天
从者: {"[245]拉克什米·芭伊(Saber)★4": 1, "[13]罗宾汉(Archer)★3": 1, "[15]尤瑞艾莉(Archer)★3": 1, "[22]罗穆路斯(Lancer)★3": 1, "[23]歌果(Rider)★3": 1, "[94]阿斯托尔福(Rider)★4": 1, "[31]美狄亚(Caster)★3": 1, "[80]查尔斯·巴贝奇(Caster)★3": 1, "[1]玛修·基列莱特(Shielder)★3": 1}
礼装: {"[39]抹大拉的圣骸布★4": 1, "[66]骑士的矜持★4": 1, "[74]觉醒的意志★4": 1}

编号[6ee9a6423f085e65e082515f1c9aa20e]
等级: 1
圣晶石: 2
圣晶片: 3
呼符: 0
金/银/铜/青苹果: 0/0/0/0
登陆天数: 2天 / 21天
从者: {"[15]尤瑞艾莉(Archer)★3": 2, "[18]伊丽莎白·巴托里(Lancer)★4": 1, "[20]库·丘林〔Prototype〕(Lancer)★3": 2, "[27]牛若丸(Rider)★3": 2, "[80]查尔斯·巴贝奇(Caster)★3": 2, "[42]匕见(Assassin)★3": 1, "[1]玛修·基列莱特(Shielder)★3": 1}
礼装: {"[21]钢之锻炼★4": 1}

编号[c9c340bb26b22d73c04adce144fc651e]
等级: 1
圣晶石: 2
圣晶片: 3
呼符: 0
金/银/铜/青苹果: 0/0/0/0
登陆天数: 2天 / 21天
从者: {"[20]库·丘林〔Prototype〕(Lancer)★3": 1, "[22]罗穆路斯(Lancer)★3": 1, "[214]瓦尔基里(Lancer)★4": 1, "[332]ドブルイニャ・ニキチッチ(Rider)★4": 1, "[42]匕见(Assassin)★3": 1, "[49]虎狼(Berserker)★3": 2, "[56]清姬(Berserker)★3": 1, "[1]玛修·基列莱特(Shielder)★3": 1}
礼装: {"[24]Gandr★4": 1, "[29]天之晚餐★4": 1, "[55]扬帆远航★3": 1}

编号[4d1fe9483ae7e7b8601e46d6d6a9303d]
等级: 1
圣晶石: 2
圣晶片: 3
呼符: 0
金/银/铜/青苹果: 0/0/0/0
登陆天数: 2天 / 21天
从者: {"[245]拉克什米·芭伊(Saber)★4": 1, "[13]罗宾汉(Archer)★3": 1, "[71]迪尔姆德·奥迪那(Lancer)★3": 2, "[23]歌果(Rider)★3": 1, "[120]尼托克丽丝(Caster)★4": 1, "[56]清姬(Berserker)★3": 1, "[58]玉藻猫(Berserker)★4": 1, "[1]玛修·基列莱特(Shielder)★3": 1}
礼装: {"[22]原始咒术★4": 1, "[39]抹大拉的圣骸布★4": 1, "[93]阿兰若★3": 1}

编号[bf100eb8ffb164d9e9a0c3791468ea6a]
等级: 1
圣晶石: 2
圣晶片: 3
呼符: 0
金/银/铜/青苹果: 0/0/0/0
登陆天数: 2天 / 21天
从者: {"[15]尤瑞艾莉(Archer)★3": 1, "[332]ドブルイニャ・ニキチッチ(Rider)★4": 1, "[31]美狄亚(Caster)★3": 1, "[35]梅菲斯托费勒斯(Caster)★3": 1, "[81]亨利·杰基尔＆海德(Assassin)★3": 1, "[47]赫拉克勒斯(Berserker)★4": 1, "[55]大流士三世(Berserker)★3": 1, "[1]玛修·基列莱特(Shielder)★3": 1}
礼装: {"[23]投影魔术★4": 1, "[26]宝石魔术·对影★4": 1, "[37]芦苇海★3": 1, "[73]死灵魔术★4": 1}

编号[8432f7b4f8c49b12166ee5b3643c1b52]
等级: 1
圣晶石: 2
圣晶片: 3
呼符: 0
金/银/铜/青苹果: 0/0/0/0
登陆天数: 2天 / 21天
从者: {"[72]弗格斯·马克·罗伊(Saber)★3": 1, "[22]罗穆路斯(Lancer)★3": 1, "[26]布狄卡(Rider)★3": 1, "[31]美狄亚(Caster)★3": 1, "[79]冯·霍恩海姆·帕拉塞尔苏斯(Caster)★3": 3, "[120]尼托克丽丝(Caster)★4": 1, "[41]斯忒诺(Assassin)★4": 1, "[58]玉藻猫(Berserker)★4": 1, "[1]玛修·基列莱特(Shielder)★3": 1}
礼装: {"[47]一之太刀★4": 1}

编号[667a17c00fc67f74bb1dce39eaa0216e]
等级: 1
圣晶石: 2
圣晶片: 3
呼符: 0
金/银/铜/青苹果: 0/0/0/0
登陆天数: 2天 / 21天
从者: {"[11]卫宫(Archer)★4": 1, "[325]ゼノビア(Archer)★4": 1, "[23]歌果(Rider)★3": 1, "[27]牛若丸(Rider)★3": 1, "[28]亚历山大(Rider)★3": 1, "[31]美狄亚(Caster)★3": 1, "[49]虎狼(Berserker)★3": 1, "[55]大流士三世(Berserker)★3": 1, "[1]玛修·基列莱特(Shielder)★3": 1}
礼装: {"[42]Mooncell Automaton★3": 1, "[73]死灵魔术★4": 1, "[89]柳洞寺★3": 1}

编号[a06bc398a591c322af85071fcef9915a]
等级: 1
圣晶石: 2
圣晶片: 3
呼符: 0
金/银/铜/青苹果: 0/0/0/0
登陆天数: 2天 / 21天
从者: {"[72]弗格斯·马克·罗伊(Saber)★3": 1, "[13]罗宾汉(Archer)★3": 1, "[64]赫克托耳(Lancer)★3": 1, "[26]布狄卡(Rider)★3": 1, "[58]玉藻猫(Berserker)★4": 1, "[1]玛修·基列莱特(Shielder)★3": 1}
礼装: {"[26]宝石魔术·对影★4": 1, "[39]抹大拉的圣骸布★4": 1, "[42]Mooncell Automaton★3": 1, "[47]一之太刀★4": 1, "[55]扬帆远航★3": 1, "[94]摩托·装甲骑兵★3": 1}

编号[2bcf7382b03c829c5a14f5662b519270]
等级: 1
圣晶石: 2
圣晶片: 3
呼符: 0
金/银/铜/青苹果: 0/0/0/0
登陆天数: 2天 / 21天
从者: {"[71]迪尔姆德·奥迪那(Lancer)★3": 1, "[18]伊丽莎白·巴托里(Lancer)★4": 1, "[20]库·丘林〔Prototype〕(Lancer)★3": 2, "[79]冯·霍恩海姆·帕拉塞尔苏斯(Caster)★3": 1, "[49]虎狼(Berserker)★3": 1, "[55]大流士三世(Berserker)★3": 1, "[1]玛修·基列莱特(Shielder)★3": 1}
礼装: {"[29]天之晚餐★4": 2, "[65]魔猪★3": 1, "[91]爱之灵药★3": 1}

编号[a3de86b9546645bb994def6f8643293a]
等级: 1
圣晶石: 2
圣晶片: 3
呼符: 0
金/银/铜/青苹果: 0/0/0/0
登陆天数: 2天 / 21天
从者: {"[13]罗宾汉(Archer)★3": 1, "[64]赫克托耳(Lancer)★3": 1, "[26]布狄卡(Rider)★3": 1, "[31]美狄亚(Caster)★3": 1, "[47]赫拉克勒斯(Berserker)★4": 1, "[1]玛修·基列莱特(Shielder)★3": 1}
礼装: {"[22]原始咒术★4": 1, "[26]宝石魔术·对影★4": 1, "[56]指令咏唱★4": 1, "[89]柳洞寺★3": 1, "[96]鲁格的光环★3": 1, "[98]千年黄金树★4": 1}

编号[5327eb1f407e1c5b540aad25cb0467bb]
等级: 1
圣晶石: 2
圣晶片: 3
呼符: 0
金/银/铜/青苹果: 0/0/0/0
登陆天数: 2天 / 21天
从者: {"[13]罗宾汉(Archer)★3": 1, "[325]ゼノビア(Archer)★4": 1, "[20]库·丘林〔Prototype〕(Lancer)★3": 1, "[28]亚历山大(Rider)★3": 1, "[332]ドブルイニャ・ニキチッチ(Rider)★4": 1, "[81]亨利·杰基尔＆海德(Assassin)★3": 1, "[55]大流士三世(Berserker)★3": 2, "[1]玛修·基列莱特(Shielder)★3": 1}
礼装: {"[23]投影魔术★4": 1, "[28]虚数魔术★4": 1, "[39]抹大拉的圣骸布★4": 1}

编号[8969c9427e10087e941004e2886f6200]
等级: 1
圣晶石: 2
圣晶片: 3
呼符: 0
金/银/铜/青苹果: 0/0/0/0
登陆天数: 2天 / 21天
从者: {"[9]吉尔·德·雷(Saber)★3": 1, "[11]卫宫(Archer)★4": 1, "[15]尤瑞艾莉(Archer)★3": 1, "[325]ゼノビア(Archer)★4": 1, "[94]阿斯托尔福(Rider)★4": 1, "[31]美狄亚(Caster)★3": 1, "[42]匕见(Assassin)★3": 1, "[1]玛修·基列莱特(Shielder)★3": 1}
礼装: {"[47]一之太刀★4": 1, "[92]白鹳骑士★3": 1, "[93]阿兰若★3": 2}

编号[ba4ecea41f07c29ec8cf198dab66eb5b]
等级: 1
圣晶石: 2
圣晶片: 3
呼符: 0
金/银/铜/青苹果: 0/0/0/0
登陆天数: 2天 / 21天
从者: {"[15]尤瑞艾莉(Archer)★3": 1, "[28]亚历山大(Rider)★3": 2, "[332]ドブルイニャ・ニキチッチ(Rider)★4": 1, "[31]美狄亚(Caster)★3": 1, "[80]查尔斯·巴贝奇(Caster)★3": 1, "[58]玉藻猫(Berserker)★4": 2, "[1]玛修·基列莱特(Shielder)★3": 1}
礼装: {"[21]钢之锻炼★4": 1, "[39]抹大拉的圣骸布★4": 1, "[89]柳洞寺★3": 1}

编号[81cf3aaac15f0243395fe013fbd2e604]
等级: 1
圣晶石: 2
圣晶片: 3
呼符: 0
金/银/铜/青苹果: 0/0/0/0
登陆天数: 2天 / 21天
从者: {"[72]弗格斯·马克·罗伊(Saber)★3": 1, "[325]ゼノビア(Archer)★4": 1, "[17]库·丘林(Lancer)★3": 1, "[26]布狄卡(Rider)★3": 1, "[80]查尔斯·巴贝奇(Caster)★3": 2, "[159]燕青(Assassin)★4": 1, "[56]清姬(Berserker)★3": 1, "[1]玛修·基列莱特(Shielder)★3": 1}
礼装: {"[39]抹大拉的圣骸布★4": 1, "[55]扬帆远航★3": 1, "[73]死灵魔术★4": 1}

编号[15bbcb0b9bb19d988dbe98c77c7f7f4b]
等级: 1
圣晶石: 2
圣晶片: 3
呼符: 0
金/银/铜/青苹果: 0/0/0/0
登陆天数: 2天 / 21天
从者: {"[298]渡边纲(Saber)★4": 1, "[11]卫宫(Archer)★4": 1, "[71]迪尔姆德·奥迪那(Lancer)★3": 2, "[20]库·丘林〔Prototype〕(Lancer)★3": 1, "[55]大流士三世(Berserker)★3": 1, "[1]玛修·基列莱特(Shielder)★3": 1}
礼装: {"[25]绿之破音★4": 1, "[29]天之晚餐★4": 1, "[46]符文石★3": 1, "[94]摩托·装甲骑兵★3": 1, "[95]狮子玩偶★3": 1}

编号[1a97deb7e97406697e54fc027d5344fb]
等级: 1
圣晶石: 2
圣晶片: 3
呼符: 0
金/银/铜/青苹果: 0/0/0/0
登陆天数: 2天 / 21天
从者: {"[15]尤瑞艾莉(Archer)★3": 1, "[22]罗穆路斯(Lancer)★3": 1, "[94]阿斯托尔福(Rider)★4": 1, "[31]美狄亚(Caster)★3": 1, "[79]冯·霍恩海姆·帕拉塞尔苏斯(Caster)★3": 1, "[47]赫拉克勒斯(Berserker)★4": 1, "[56]清姬(Berserker)★3": 2, "[1]玛修·基列莱特(Shielder)★3": 1}
礼装: {"[23]投影魔术★4": 1, "[28]虚数魔术★4": 1, "[55]扬帆远航★3": 1}

编号[049bee767653de956face023c0f5e113]
等级: 2
圣晶石: 2
圣晶片: 3
呼符: 0
金/银/铜/青苹果: 0/0/0/0
登陆天数: 2天 / 21天
从者: {"[63]大卫(Archer)★3": 1, "[17]库·丘林(Lancer)★3": 1, "[71]迪尔姆德·奥迪那(Lancer)★3": 1, "[22]罗穆路斯(Lancer)★3": 1, "[332]ドブルイニャ・ニキチッチ(Rider)★4": 1, "[79]冯·霍恩海姆·帕拉塞尔苏斯(Caster)★3": 1, "[35]梅菲斯托费勒斯(Caster)★3": 1, "[1]玛修·基列莱特(Shielder)★3": 1}
礼装: {"[22]原始咒术★4": 1, "[25]绿之破音★4": 2, "[92]白鹳骑士★3": 1}

编号[9ca2f3a4ee6b81344071c3a92f9ddf85]
等级: 1
圣晶石: 2
圣晶片: 3
呼符: 0
金/银/铜/青苹果: 0/0/0/0
登陆天数: 2天 / 21天
从者: {"[7]盖乌斯·尤利乌斯·恺撒(Saber)★3": 1, "[245]拉克什米·芭伊(Saber)★4": 1, "[298]渡边纲(Saber)★4": 1, "[63]大卫(Archer)★3": 1, "[80]查尔斯·巴贝奇(Caster)★3": 1, "[42]匕见(Assassin)★3": 1, "[55]大流士三世(Berserker)★3": 3, "[1]玛修·基列莱特(Shielder)★3": 1}
礼装: {"[27]秉持优雅★4": 1, "[89]柳洞寺★3": 1}

编号[00d914bc0b8d7acddee4072c0d6a4c01]
等级: 1
圣晶石: 2
圣晶片: 3
呼符: 0
金/银/铜/青苹果: 0/0/0/0
登陆天数: 2天 / 21天
从者: {"[15]尤瑞艾莉(Archer)★3": 1, "[17]库·丘林(Lancer)★3": 1, "[27]牛若丸(Rider)★3": 1, "[31]美狄亚(Caster)★3": 1, "[120]尼托克丽丝(Caster)★4": 1, "[41]斯忒诺(Assassin)★4": 1, "[47]赫拉克勒斯(Berserker)★4": 1, "[55]大流士三世(Berserker)★3": 1, "[1]玛修·基列莱特(Shielder)★3": 1}
礼装: {"[24]Gandr★4": 2, "[94]摩托·装甲骑兵★3": 1}

编号[dfd9b57056a627abc53e36b035a50dff]
等级: 1
圣晶石: 2
圣晶片: 3
呼符: 0
金/银/铜/青苹果: 0/0/0/0
登陆天数: 2天 / 21天
从者: {"[9]吉尔·德·雷(Saber)★3": 1, "[63]大卫(Archer)★3": 1, "[94]阿斯托尔福(Rider)★4": 1, "[26]布狄卡(Rider)★3": 1, "[28]亚历山大(Rider)★3": 1, "[41]斯忒诺(Assassin)★4": 1, "[42]匕见(Assassin)★3": 1, "[58]玉藻猫(Berserker)★4": 1, "[1]玛修·基列莱特(Shielder)★3": 1}
礼装: {"[26]宝石魔术·对影★4": 1, "[46]符文石★3": 1, "[90]魔力计★3": 1}

编号[a1073910585890d5a623a0c84597d254]
等级: 1
圣晶石: 2
圣晶片: 3
呼符: 0
金/银/铜/青苹果: 0/0/0/0
登陆天数: 2天 / 21天
从者: {"[7]盖乌斯·尤利乌斯·恺撒(Saber)★3": 1, "[9]吉尔·德·雷(Saber)★3": 1, "[71]迪尔姆德·奥迪那(Lancer)★3": 1, "[31]美狄亚(Caster)★3": 1, "[41]斯忒诺(Assassin)★4": 1, "[42]匕见(Assassin)★3": 2, "[49]虎狼(Berserker)★3": 1, "[1]玛修·基列莱特(Shielder)★3": 1}
礼装: {"[27]秉持优雅★4": 1, "[65]魔猪★3": 1, "[91]爱之灵药★3": 1}

编号[37f4807a90e392a295f8568701d67f15]
等级: 1
圣晶石: 2
圣晶片: 3
呼符: 0
金/银/铜/青苹果: 0/0/0/0
登陆天数: 2天 / 21天
从者: {"[13]罗宾汉(Archer)★3": 1, "[17]库·丘林(Lancer)★3": 1, "[71]迪尔姆德·奥迪那(Lancer)★3": 1, "[332]ドブルイニャ・ニキチッチ(Rider)★4": 1, "[120]尼托克丽丝(Caster)★4": 1, "[55]大流士三世(Berserker)★3": 1, "[56]清姬(Berserker)★3": 1, "[1]玛修·基列莱特(Shielder)★3": 1}
礼装: {"[27]秉持优雅★4": 1, "[42]Mooncell Automaton★3": 1, "[95]狮子玩偶★3": 1, "[98]千年黄金树★4": 1}

编号[af7d86505d7606afc46435c820946d8f]
等级: 1
圣晶石: 2
圣晶片: 3
呼符: 0
金/银/铜/青苹果: 0/0/0/0
登陆天数: 2天 / 21天
从者: {"[9]吉尔·德·雷(Saber)★3": 1, "[20]库·丘林〔Prototype〕(Lancer)★3": 1, "[22]罗穆路斯(Lancer)★3": 1, "[214]瓦尔基里(Lancer)★4": 1, "[94]阿斯托尔福(Rider)★4": 1, "[27]牛若丸(Rider)★3": 2, "[120]尼托克丽丝(Caster)★4": 1, "[1]玛修·基列莱特(Shielder)★3": 1}
礼装: {"[28]虚数魔术★4": 1, "[30]天使之诗★4": 1, "[38]封印指定　执行者★4": 1}

编号[aea08deaef99537914f69bd5d408d288]
等级: 1
圣晶石: 2
圣晶片: 3
呼符: 0
金/银/铜/青苹果: 0/0/0/0
登陆天数: 2天 / 21天
从者: {"[64]赫克托耳(Lancer)★3": 1, "[27]牛若丸(Rider)★3": 1, "[28]亚历山大(Rider)★3": 1, "[120]尼托克丽丝(Caster)★4": 1, "[41]斯忒诺(Assassin)★4": 1, "[56]清姬(Berserker)★3": 1, "[1]玛修·基列莱特(Shielder)★3": 1}
礼装: {"[38]封印指定　执行者★4": 1, "[39]抹大拉的圣骸布★4": 1, "[46]符文石★3": 1, "[56]指令咏唱★4": 1, "[94]摩托·装甲骑兵★3": 1}

编号[3fd9a96e48dd130ee4856e84ca72449e]
等级: 1
圣晶石: 2
圣晶片: 3
呼符: 0
金/银/铜/青苹果: 0/0/0/0
登陆天数: 2天 / 21天
从者: {"[17]库·丘林(Lancer)★3": 1, "[64]赫克托耳(Lancer)★3": 1, "[23]歌果(Rider)★3": 1, "[27]牛若丸(Rider)★3": 1, "[80]查尔斯·巴贝奇(Caster)★3": 1, "[42]匕见(Assassin)★3": 1, "[58]玉藻猫(Berserker)★4": 1, "[1]玛修·基列莱特(Shielder)★3": 1}
礼装: {"[23]投影魔术★4": 1, "[56]指令咏唱★4": 1, "[65]魔猪★3": 1, "[95]狮子玩偶★3": 1}

编号[a5d2ae6341ce079ffe2deded8c99b473]
等级: 1
圣晶石: 2
圣晶片: 3
呼符: 0
金/银/铜/青苹果: 0/0/0/0
登陆天数: 2天 / 21天
从者: {"[72]弗格斯·马克·罗伊(Saber)★3": 1, "[63]大卫(Archer)★3": 1, "[23]歌果(Rider)★3": 1, "[26]布狄卡(Rider)★3": 1, "[79]冯·霍恩海姆·帕拉塞尔苏斯(Caster)★3": 1, "[81]亨利·杰基尔＆海德(Assassin)★3": 1, "[42]匕见(Assassin)★3": 1, "[159]燕青(Assassin)★4": 1, "[1]玛修·基列莱特(Shielder)★3": 1}
礼装: {"[22]原始咒术★4": 1, "[91]爱之灵药★3": 1, "[92]白鹳骑士★3": 1}

编号[8ded32997a087a258a2180f83b29adc0]
等级: 1
圣晶石: 2
圣晶片: 3
呼符: 0
金/银/铜/青苹果: 0/0/0/0
登陆天数: 2天 / 21天
从者: {"[63]大卫(Archer)★3": 1, "[18]伊丽莎白·巴托里(Lancer)★4": 1, "[20]库·丘林〔Prototype〕(Lancer)★3": 1, "[26]布狄卡(Rider)★3": 1, "[42]匕见(Assassin)★3": 1, "[55]大流士三世(Berserker)★3": 1, "[58]玉藻猫(Berserker)★4": 1, "[1]玛修·基列莱特(Shielder)★3": 1}
礼装: {"[28]虚数魔术★4": 1, "[30]天使之诗★4": 1, "[37]芦苇海★3": 1, "[55]扬帆远航★3": 1}

编号[5318a71c438d5fb30597884ef4fd2ea2]
等级: 1
圣晶石: 2
圣晶片: 3
呼符: 0
金/银/铜/青苹果: 0/0/0/0
登陆天数: 2天 / 21天
从者: {"[15]尤瑞艾莉(Archer)★3": 1, "[23]歌果(Rider)★3": 2, "[94]阿斯托尔福(Rider)★4": 1, "[332]ドブルイニャ・ニキチッチ(Rider)★4": 1, "[80]查尔斯·巴贝奇(Caster)★3": 1, "[120]尼托克丽丝(Caster)★4": 1, "[56]清姬(Berserker)★3": 1, "[1]玛修·基列莱特(Shielder)★3": 1}
礼装: {"[29]天之晚餐★4": 1, "[37]芦苇海★3": 1, "[72]时钟塔★3": 1}

