编号[41bf35676a5a09913c275ea1a0ebf7e3]
等级: 1
圣晶石: 23
圣晶片: 3
呼符: 0
金/银/铜/青苹果: 44/0/0/0
登陆天数: 15天 / 90天
从者: {"[7]盖乌斯·尤利乌斯·恺撒(Saber)★3": 3, "[72]弗格斯·马克·罗伊(Saber)★3": 1, "[9]吉尔·德·雷(Saber)★3": 1, "[245]拉克什米·芭伊(Saber)★4": 1, "[11]卫宫(Archer)★4": 1, "[13]罗宾汉(Archer)★3": 1, "[63]大卫(Archer)★3": 2, "[105]比利小子(Archer)★3": 1, "[15]尤瑞艾莉(Archer)★3": 3, "[125]俵藤太(Archer)★3": 1, "[184]巴御前(Archer)★4": 1, "[207]喀戎(Archer)★4": 1, "[246]威廉·退尔(Archer)★3": 1, "[17]库·丘林(Lancer)★3": 2, "[71]迪尔姆德·奥迪那(Lancer)★3": 2, "[20]库·丘林〔Prototype〕(Lancer)★3": 2, "[22]罗穆路斯(Lancer)★3": 2, "[87]芬恩·麦克库尔(Lancer)★4": 1, "[64]赫克托耳(Lancer)★3": 2, "[300]弗栗多(Lancer)★5": 1, "[23]歌果(Rider)★3": 2, "[26]布狄卡(Rider)★3": 1, "[27]牛若丸(Rider)★3": 2, "[28]亚历山大(Rider)★3": 1, "[273]曼迪卡尔多(Rider)★3": 1, "[332]ドブルイニャ・ニキチッチ(Rider)★4": 1, "[31]美狄亚(Caster)★3": 2, "[80]查尔斯·巴贝奇(Caster)★3": 1, "[35]梅菲斯托费勒斯(Caster)★3": 1, "[104]杰罗尼莫(Caster)★3": 1, "[203]阿维斯布隆(Caster)★3": 1, "[284]阿尔托莉雅·卡斯特(Caster)★5": 1, "[348]張角(Caster)★3": 3, "[110]百貌哈桑(Assassin)★3": 2, "[81]亨利·杰基尔＆海德(Assassin)★3": 1, "[124]静谧哈桑(Assassin)★3": 2, "[49]虎狼(Berserker)★3": 4, "[55]大流士三世(Berserker)★3": 1, "[56]清姬(Berserker)★3": 2, "[1]玛修·基列莱特(Shielder)★3": 1, "[352]徐福(Alterego)★3": 4}
礼装: {"[26]宝石魔术·对影★4": 1, "[32]虚数环★5": 1, "[37]芦苇海★3": 1, "[89]柳洞寺★3": 2, "[91]爱之灵药★3": 1, "[184]柔软的慈爱★4": 1, "[243]Bronze-Link Manipulators★3": 1, "[333]许德拉匕首★3": 2, "[265]卡姆兰之战★3": 2, "[331]佛拉格拉克★3": 1, "[418]固有结界★3": 1, "[420]谜之面具群★3": 3, "[580]瓦砾的圣堂★3": 1, "[581]手无寸铁慎二君★3": 1, "[582]阿特拉斯院★3": 2, "[585]幻想种★3": 2, "[691]噬魂★3": 1, "[913]远方的前路★4": 1, "[1016]狂舞曲★4": 1, "[1270]庆祝回忆★5": 4, "[1271]头脑风暴★4": 5, "[1272]散状花★3": 20, "[1413]虚数属性★4": 1, "[1414]愿望之容器★4": 1, "[1415]匮乏之人★3": 1, "[1485]冬之结晶★4": 1, "[1513]穂群原学園生徒会長★3": 1, "[1576]華の楽土★4": 3, "[1608]悲願の継承★4": 1, "[1609]代償魔術★4": 1, "[1610]枯れない花★3": 2}

编号[e7a6594d61098c2d440cc1b387362796]
等级: 1
圣晶石: 41
圣晶片: 3
呼符: 6
金/银/铜/青苹果: 44/0/0/0
登陆天数: 15天 / 90天
从者: {"[6]齐格飞(Saber)★4": 1, "[7]盖乌斯·尤利乌斯·恺撒(Saber)★3": 1, "[72]弗格斯·马克·罗伊(Saber)★3": 3, "[13]罗宾汉(Archer)★3": 2, "[63]大卫(Archer)★3": 1, "[105]比利小子(Archer)★3": 3, "[15]尤瑞艾莉(Archer)★3": 1, "[95]幼吉尔(Archer)★3": 1, "[17]库·丘林(Lancer)★3": 1, "[71]迪尔姆德·奥迪那(Lancer)★3": 1, "[20]库·丘林〔Prototype〕(Lancer)★3": 2, "[22]罗穆路斯(Lancer)★3": 2, "[186]宝藏院胤舜(Lancer)★3": 1, "[64]赫克托耳(Lancer)★3": 1, "[146]美杜莎(Lancer)★4": 1, "[23]歌果(Rider)★3": 2, "[94]阿斯托尔福(Rider)★4": 1, "[26]布狄卡(Rider)★3": 1, "[27]牛若丸(Rider)★3": 2, "[28]亚历山大(Rider)★3": 2, "[273]曼迪卡尔多(Rider)★3": 1, "[31]美狄亚(Caster)★3": 1, "[79]冯·霍恩海姆·帕拉塞尔苏斯(Caster)★3": 1, "[80]查尔斯·巴贝奇(Caster)★3": 2, "[35]梅菲斯托费勒斯(Caster)★3": 1, "[104]杰罗尼莫(Caster)★3": 1, "[203]阿维斯布隆(Caster)★3": 1, "[284]阿尔托莉雅·卡斯特(Caster)★5": 1, "[110]百貌哈桑(Assassin)★3": 1, "[81]亨利·杰基尔＆海德(Assassin)★3": 1, "[124]静谧哈桑(Assassin)★3": 1, "[41]斯忒诺(Assassin)★4": 1, "[42]匕见(Assassin)★3": 1, "[117]风魔小太郎(Assassin)★3": 1, "[159]燕青(Assassin)★4": 1, "[49]虎狼(Berserker)★3": 2, "[55]大流士三世(Berserker)★3": 2, "[56]清姬(Berserker)★3": 1, "[1]玛修·基列莱特(Shielder)★3": 1, "[352]徐福(Alterego)★3": 2, "[158]黑森·罗伯(Avenger)★4": 1}
礼装: {"[21]钢之锻炼★4": 1, "[22]原始咒术★4": 1, "[56]指令咏唱★4": 1, "[91]爱之灵药★3": 3, "[243]Bronze-Link Manipulators★3": 1, "[244]四枝之浅滩★3": 2, "[333]许德拉匕首★3": 1, "[331]佛拉格拉克★3": 2, "[332]天之逆月★3": 1, "[419]返老还童的灵药★3": 1, "[580]瓦砾的圣堂★3": 1, "[581]手无寸铁慎二君★3": 1, "[691]噬魂★3": 1, "[815]樱的特制便当★3": 1, "[913]远方的前路★4": 1, "[1270]庆祝回忆★5": 2, "[1271]头脑风暴★4": 14, "[1272]散状花★3": 14, "[1413]虚数属性★4": 1, "[1415]匮乏之人★3": 3, "[1485]冬之结晶★4": 1, "[1513]穂群原学園生徒会長★3": 1, "[1576]華の楽土★4": 1, "[1607]投影装填★4": 1, "[1610]枯れない花★3": 2, "[1692]免許皆伝★4": 1}

编号[84d5df380d1b86542d0b2f9e782e0b64]
等级: 1
圣晶石: 91
圣晶片: 3
呼符: 50
金/银/铜/青苹果: 44/0/0/0
登陆天数: 15天 / 90天
从者: {"[72]弗格斯·马克·罗伊(Saber)★3": 1, "[9]吉尔·德·雷(Saber)★3": 3, "[10]骑士迪昂(Saber)★4": 1, "[245]拉克什米·芭伊(Saber)★4": 1, "[298]渡边纲(Saber)★4": 2, "[105]比利小子(Archer)★3": 1, "[15]尤瑞艾莉(Archer)★3": 2, "[95]幼吉尔(Archer)★3": 2, "[71]迪尔姆德·奥迪那(Lancer)★3": 2, "[20]库·丘林〔Prototype〕(Lancer)★3": 1, "[22]罗穆路斯(Lancer)★3": 1, "[66]安妮·伯妮＆玛莉·瑞德(Rider)★4": 1, "[26]布狄卡(Rider)★3": 1, "[27]牛若丸(Rider)★3": 2, "[28]亚历山大(Rider)★3": 1, "[79]冯·霍恩海姆·帕拉塞尔苏斯(Caster)★3": 1, "[35]梅菲斯托费勒斯(Caster)★3": 1, "[104]杰罗尼莫(Caster)★3": 2, "[284]阿尔托莉雅·卡斯特(Caster)★5": 1, "[81]亨利·杰基尔＆海德(Assassin)★3": 2, "[124]静谧哈桑(Assassin)★3": 1, "[42]匕见(Assassin)★3": 2, "[117]风魔小太郎(Assassin)★3": 1, "[49]虎狼(Berserker)★3": 3, "[56]清姬(Berserker)★3": 1, "[1]玛修·基列莱特(Shielder)★3": 1}
礼装: {"[42]Mooncell Automaton★3": 1, "[89]柳洞寺★3": 2, "[183]死之艺术★4": 1, "[184]柔软的慈爱★4": 1, "[243]Bronze-Link Manipulators★3": 2, "[244]四枝之浅滩★3": 3, "[333]许德拉匕首★3": 2, "[246]特辣麻婆豆腐★3": 1, "[247]宝石剑泽尔里奇★3": 1, "[331]佛拉格拉克★3": 3, "[332]天之逆月★3": 1, "[418]固有结界★3": 1, "[419]返老还童的灵药★3": 3, "[420]谜之面具群★3": 2, "[580]瓦砾的圣堂★3": 5, "[581]手无寸铁慎二君★3": 1, "[582]阿特拉斯院★3": 2, "[815]樱的特制便当★3": 1, "[1016]狂舞曲★4": 1, "[1270]庆祝回忆★5": 1, "[1271]头脑风暴★4": 2, "[1272]散状花★3": 6, "[1414]愿望之容器★4": 1, "[1485]冬之结晶★4": 1, "[1512]庭園の守り人★4": 1, "[1576]華の楽土★4": 1, "[1610]枯れない花★3": 1}

编号[35b6667c6ec0106cfd9ae504004228a0]
等级: 1
圣晶石: 124
圣晶片: 3
呼符: 50
金/银/铜/青苹果: 44/0/0/0
登陆天数: 15天 / 90天
从者: {"[7]盖乌斯·尤利乌斯·恺撒(Saber)★3": 1, "[72]弗格斯·马克·罗伊(Saber)★3": 1, "[9]吉尔·德·雷(Saber)★3": 2, "[13]罗宾汉(Archer)★3": 1, "[63]大卫(Archer)★3": 1, "[95]幼吉尔(Archer)★3": 1, "[246]威廉·退尔(Archer)★3": 4, "[20]库·丘林〔Prototype〕(Lancer)★3": 1, "[22]罗穆路斯(Lancer)★3": 1, "[23]歌果(Rider)★3": 3, "[27]牛若丸(Rider)★3": 1, "[31]美狄亚(Caster)★3": 1, "[80]查尔斯·巴贝奇(Caster)★3": 1, "[120]尼托克丽丝(Caster)★4": 1, "[35]梅菲斯托费勒斯(Caster)★3": 3, "[203]阿维斯布隆(Caster)★3": 1, "[284]阿尔托莉雅·卡斯特(Caster)★5": 1, "[348]張角(Caster)★3": 2, "[110]百貌哈桑(Assassin)★3": 1, "[124]静谧哈桑(Assassin)★3": 1, "[41]斯忒诺(Assassin)★4": 1, "[42]匕见(Assassin)★3": 1, "[159]燕青(Assassin)★4": 1, "[55]大流士三世(Berserker)★3": 1, "[56]清姬(Berserker)★3": 1, "[1]玛修·基列莱特(Shielder)★3": 1, "[352]徐福(Alterego)★3": 1}
礼装: {"[22]原始咒术★4": 1, "[24]Gandr★4": 1, "[89]柳洞寺★3": 1, "[243]Bronze-Link Manipulators★3": 2, "[244]四枝之浅滩★3": 1, "[333]许德拉匕首★3": 1, "[246]特辣麻婆豆腐★3": 1, "[247]宝石剑泽尔里奇★3": 1, "[331]佛拉格拉克★3": 1, "[332]天之逆月★3": 3, "[401]私室警备员★4": 1, "[418]固有结界★3": 1, "[419]返老还童的灵药★3": 1, "[580]瓦砾的圣堂★3": 1, "[581]手无寸铁慎二君★3": 1, "[582]阿特拉斯院★3": 2, "[674]神造兵器★3": 1, "[815]樱的特制便当★3": 2, "[1270]庆祝回忆★5": 2, "[1271]头脑风暴★4": 4, "[1272]散状花★3": 6, "[1415]匮乏之人★3": 1, "[1513]穂群原学園生徒会長★3": 1, "[1577]告解の惑い場★4": 1, "[1607]投影装填★4": 1}

编号[ad86a6aff840f8ba19f80957e366dbe5]
等级: 1
圣晶石: 181
圣晶片: 3
呼符: 50
金/银/铜/青苹果: 44/0/0/0
登陆天数: 15天 / 90天
从者: {"[7]盖乌斯·尤利乌斯·恺撒(Saber)★3": 1, "[72]弗格斯·马克·罗伊(Saber)★3": 1, "[245]拉克什米·芭伊(Saber)★4": 1, "[63]大卫(Archer)★3": 1, "[105]比利小子(Archer)★3": 1, "[15]尤瑞艾莉(Archer)★3": 1, "[125]俵藤太(Archer)★3": 1, "[71]迪尔姆德·奥迪那(Lancer)★3": 2, "[20]库·丘林〔Prototype〕(Lancer)★3": 2, "[186]宝藏院胤舜(Lancer)★3": 2, "[64]赫克托耳(Lancer)★3": 1, "[26]布狄卡(Rider)★3": 2, "[27]牛若丸(Rider)★3": 1, "[28]亚历山大(Rider)★3": 1, "[31]美狄亚(Caster)★3": 2, "[104]杰罗尼莫(Caster)★3": 1, "[192]喀耳刻(Caster)★4": 1, "[203]阿维斯布隆(Caster)★3": 1, "[284]阿尔托莉雅·卡斯特(Caster)★5": 1, "[110]百貌哈桑(Assassin)★3": 1, "[124]静谧哈桑(Assassin)★3": 1, "[42]匕见(Assassin)★3": 1, "[49]虎狼(Berserker)★3": 1, "[56]清姬(Berserker)★3": 1, "[58]玉藻猫(Berserker)★4": 2, "[306]伽拉忒亚(Berserker)★5": 1, "[1]玛修·基列莱特(Shielder)★3": 1}
礼装: {"[21]钢之锻炼★4": 1, "[89]柳洞寺★3": 1, "[243]Bronze-Link Manipulators★3": 1, "[244]四枝之浅滩★3": 2, "[264]援护射击★4": 2, "[265]卡姆兰之战★3": 1, "[418]固有结界★3": 1, "[581]手无寸铁慎二君★3": 1, "[691]噬魂★3": 2, "[1270]庆祝回忆★5": 2, "[1271]头脑风暴★4": 1, "[1272]散状花★3": 3, "[1415]匮乏之人★3": 2}

编号[3f7c9536f13dd63519632048271bdabf]
等级: 1
圣晶石: 121
圣晶片: 3
呼符: 50
金/银/铜/青苹果: 44/0/0/0
登陆天数: 15天 / 90天
从者: {"[7]盖乌斯·尤利乌斯·恺撒(Saber)★3": 2, "[72]弗格斯·马克·罗伊(Saber)★3": 2, "[9]吉尔·德·雷(Saber)★3": 2, "[11]卫宫(Archer)★4": 1, "[63]大卫(Archer)★3": 1, "[95]幼吉尔(Archer)★3": 1, "[17]库·丘林(Lancer)★3": 1, "[71]迪尔姆德·奥迪那(Lancer)★3": 1, "[20]库·丘林〔Prototype〕(Lancer)★3": 1, "[64]赫克托耳(Lancer)★3": 1, "[23]歌果(Rider)★3": 2, "[26]布狄卡(Rider)★3": 2, "[31]美狄亚(Caster)★3": 3, "[79]冯·霍恩海姆·帕拉塞尔苏斯(Caster)★3": 3, "[35]梅菲斯托费勒斯(Caster)★3": 1, "[104]杰罗尼莫(Caster)★3": 1, "[284]阿尔托莉雅·卡斯特(Caster)★5": 1, "[110]百貌哈桑(Assassin)★3": 2, "[81]亨利·杰基尔＆海德(Assassin)★3": 1, "[124]静谧哈桑(Assassin)★3": 1, "[42]匕见(Assassin)★3": 2, "[82]弗兰肯斯坦(Berserker)★4": 1, "[56]清姬(Berserker)★3": 1, "[58]玉藻猫(Berserker)★4": 1, "[1]玛修·基列莱特(Shielder)★3": 1, "[352]徐福(Alterego)★3": 2}
礼装: {"[21]钢之锻炼★4": 1, "[26]宝石魔术·对影★4": 1, "[39]抹大拉的圣骸布★4": 1, "[89]柳洞寺★3": 2, "[176]记录保持者★4": 1, "[244]四枝之浅滩★3": 1, "[246]特辣麻婆豆腐★3": 2, "[247]宝石剑泽尔里奇★3": 3, "[265]卡姆兰之战★3": 1, "[331]佛拉格拉克★3": 2, "[332]天之逆月★3": 2, "[418]固有结界★3": 1, "[419]返老还童的灵药★3": 1, "[580]瓦砾的圣堂★3": 1, "[581]手无寸铁慎二君★3": 1, "[585]幻想种★3": 2, "[815]樱的特制便当★3": 1, "[1016]狂舞曲★4": 1, "[1270]庆祝回忆★5": 2, "[1271]头脑风暴★4": 2, "[1272]散状花★3": 4, "[1485]冬之结晶★4": 1, "[1513]穂群原学園生徒会長★3": 1, "[1670]狩人の夢★4": 1}

编号[cf1b98c23ac484b2a826836589d354f7]
等级: 1
圣晶石: 244
圣晶片: 3
呼符: 50
金/银/铜/青苹果: 44/0/0/0
登陆天数: 15天 / 90天
从者: {"[9]吉尔·德·雷(Saber)★3": 1, "[245]拉克什米·芭伊(Saber)★4": 1, "[125]俵藤太(Archer)★3": 1, "[71]迪尔姆德·奥迪那(Lancer)★3": 1, "[35]梅菲斯托费勒斯(Caster)★3": 1, "[284]阿尔托莉雅·卡斯特(Caster)★5": 1, "[46]卡米拉(Assassin)★4": 1, "[117]风魔小太郎(Assassin)★3": 1, "[47]赫拉克勒斯(Berserker)★4": 1, "[49]虎狼(Berserker)★3": 1, "[1]玛修·基列莱特(Shielder)★3": 1}
礼装: {"[37]芦苇海★3": 2, "[39]抹大拉的圣骸布★4": 1, "[56]指令咏唱★4": 1, "[182]毒蛇一艺★4": 1, "[184]柔软的慈爱★4": 1, "[243]Bronze-Link Manipulators★3": 2, "[247]宝石剑泽尔里奇★3": 1, "[265]卡姆兰之战★3": 1, "[691]噬魂★3": 1, "[1270]庆祝回忆★5": 2, "[1271]头脑风暴★4": 3, "[1272]散状花★3": 3}

编号[94dfd7865a9383d96218def9f39208ad]
等级: 1
圣晶石: 265
圣晶片: 3
呼符: 50
金/银/铜/青苹果: 44/0/0/0
登陆天数: 15天 / 90天
从者: {"[7]盖乌斯·尤利乌斯·恺撒(Saber)★3": 1, "[9]吉尔·德·雷(Saber)★3": 1, "[245]拉克什米·芭伊(Saber)★4": 1, "[13]罗宾汉(Archer)★3": 1, "[350]源為朝(Archer)★5": 1, "[20]库·丘林〔Prototype〕(Lancer)★3": 1, "[64]赫克托耳(Lancer)★3": 1, "[23]歌果(Rider)★3": 1, "[26]布狄卡(Rider)★3": 1, "[27]牛若丸(Rider)★3": 1, "[284]阿尔托莉雅·卡斯特(Caster)★5": 1, "[47]赫拉克勒斯(Berserker)★4": 2, "[1]玛修·基列莱特(Shielder)★3": 1, "[352]徐福(Alterego)★3": 1}
礼装: {"[24]Gandr★4": 1, "[333]许德拉匕首★3": 1, "[815]樱的特制便当★3": 1, "[1016]狂舞曲★4": 1, "[1270]庆祝回忆★5": 1, "[1271]头脑风暴★4": 1, "[1272]散状花★3": 2, "[1413]虚数属性★4": 1}

编号[d918adbb288820fb29351df7868d68ab]
等级: 2
圣晶石: 274
圣晶片: 3
呼符: 50
金/银/铜/青苹果: 44/0/0/0
登陆天数: 15天 / 90天
从者: {"[72]弗格斯·马克·罗伊(Saber)★3": 1, "[9]吉尔·德·雷(Saber)★3": 1, "[15]尤瑞艾莉(Archer)★3": 1, "[325]芝诺比阿(Archer)★4": 1, "[71]迪尔姆德·奥迪那(Lancer)★3": 1, "[18]伊丽莎白·巴托里(Lancer)★4": 1, "[20]库·丘林〔Prototype〕(Lancer)★3": 1, "[22]罗穆路斯(Lancer)★3": 1, "[118]奥斯曼狄斯(Rider)★5": 1, "[79]冯·霍恩海姆·帕拉塞尔苏斯(Caster)★3": 1, "[284]阿尔托莉雅·卡斯特(Caster)★5": 1, "[117]风魔小太郎(Assassin)★3": 1, "[56]清姬(Berserker)★3": 1, "[1]玛修·基列莱特(Shielder)★3": 1, "[352]徐福(Alterego)★3": 1}
礼装: {"[332]天之逆月★3": 1, "[1271]头脑风暴★4": 1}

编号[3d16f23bf7d2f14a400ccf0a93241391]
等级: 1
圣晶石: 2
圣晶片: 3
呼符: 0
金/银/铜/青苹果: 44/0/0/0
登陆天数: 15天 / 90天
从者: {"[7]盖乌斯·尤利乌斯·恺撒(Saber)★3": 2, "[72]弗格斯·马克·罗伊(Saber)★3": 1, "[9]吉尔·德·雷(Saber)★3": 4, "[344]ローラン(Saber)★4": 1, "[298]渡边纲(Saber)★4": 1, "[13]罗宾汉(Archer)★3": 4, "[63]大卫(Archer)★3": 1, "[105]比利小子(Archer)★3": 1, "[15]尤瑞艾莉(Archer)★3": 4, "[95]幼吉尔(Archer)★3": 2, "[246]威廉·退尔(Archer)★3": 3, "[17]库·丘林(Lancer)★3": 2, "[71]迪尔姆德·奥迪那(Lancer)★3": 3, "[140]弗拉德三世〔EXTRA〕(Lancer)★4": 1, "[20]库·丘林〔Prototype〕(Lancer)★3": 2, "[22]罗穆路斯(Lancer)★3": 1, "[186]宝藏院胤舜(Lancer)★3": 2, "[64]赫克托耳(Lancer)★3": 1, "[26]布狄卡(Rider)★3": 2, "[27]牛若丸(Rider)★3": 4, "[28]亚历山大(Rider)★3": 1, "[29]玛丽·安托瓦内特(Rider)★4": 1, "[273]曼迪卡尔多(Rider)★3": 1, "[332]ドブルイニャ・ニキチッチ(Rider)★4": 1, "[366]黄飛虎(Rider)★4": 1, "[31]美狄亚(Caster)★3": 4, "[79]冯·霍恩海姆·帕拉塞尔苏斯(Caster)★3": 2, "[80]查尔斯·巴贝奇(Caster)★3": 1, "[35]梅菲斯托费勒斯(Caster)★3": 2, "[104]杰罗尼莫(Caster)★3": 3, "[203]阿维斯布隆(Caster)★3": 3, "[348]張角(Caster)★3": 1, "[110]百貌哈桑(Assassin)★3": 2, "[81]亨利·杰基尔＆海德(Assassin)★3": 1, "[124]静谧哈桑(Assassin)★3": 3, "[41]斯忒诺(Assassin)★4": 1, "[42]匕见(Assassin)★3": 3, "[117]风魔小太郎(Assassin)★3": 3, "[159]燕青(Assassin)★4": 1, "[47]赫拉克勒斯(Berserker)★4": 1, "[49]虎狼(Berserker)★3": 1, "[55]大流士三世(Berserker)★3": 3, "[56]清姬(Berserker)★3": 1, "[1]玛修·基列莱特(Shielder)★3": 1, "[352]徐福(Alterego)★3": 2, "[158]黑森·罗伯(Avenger)★4": 1}
礼装: {"[21]钢之锻炼★4": 2, "[56]指令咏唱★4": 1, "[74]觉醒的意志★4": 1, "[89]柳洞寺★3": 3, "[91]爱之灵药★3": 3, "[98]千年黄金树★4": 1, "[176]记录保持者★4": 2, "[184]柔软的慈爱★4": 1, "[243]Bronze-Link Manipulators★3": 2, "[244]四枝之浅滩★3": 2, "[333]许德拉匕首★3": 1, "[246]特辣麻婆豆腐★3": 2, "[247]宝石剑泽尔里奇★3": 1, "[264]援护射击★4": 1, "[265]卡姆兰之战★3": 5, "[331]佛拉格拉克★3": 4, "[332]天之逆月★3": 2, "[400]天堂之孔★5": 1, "[401]私室警备员★4": 1, "[418]固有结界★3": 5, "[419]返老还童的灵药★3": 1, "[420]谜之面具群★3": 2, "[580]瓦砾的圣堂★3": 5, "[581]手无寸铁慎二君★3": 3, "[582]阿特拉斯院★3": 2, "[585]幻想种★3": 3, "[691]噬魂★3": 2, "[774]最后的叙述者★4": 1, "[912]火炎伯爵★5": 1, "[1208]韵律诗节★4": 1, "[1270]庆祝回忆★5": 6, "[1271]头脑风暴★4": 5, "[1272]散状花★3": 15, "[1412]宝石的魔弹★4": 1, "[1414]愿望之容器★4": 1, "[1415]匮乏之人★3": 2, "[1485]冬之结晶★4": 1, "[1512]庭園の守り人★4": 2, "[1577]告解の惑い場★4": 1, "[1610]枯れない花★3": 5, "[1691]逆堕つ泥雨★5": 2, "[1692]免許皆伝★4": 1}

编号[d919a2375d94f779aa1314d75d9edccb]
等级: 1
圣晶石: 223
圣晶片: 3
呼符: 50
金/银/铜/青苹果: 44/0/0/0
登陆天数: 15天 / 90天
从者: {"[7]盖乌斯·尤利乌斯·恺撒(Saber)★3": 2, "[15]尤瑞艾莉(Archer)★3": 2, "[125]俵藤太(Archer)★3": 1, "[22]罗穆路斯(Lancer)★3": 1, "[23]歌果(Rider)★3": 1, "[29]玛丽·安托瓦内特(Rider)★4": 1, "[104]杰罗尼莫(Caster)★3": 1, "[203]阿维斯布隆(Caster)★3": 1, "[284]阿尔托莉雅·卡斯特(Caster)★5": 1, "[117]风魔小太郎(Assassin)★3": 1, "[159]燕青(Assassin)★4": 1, "[55]大流士三世(Berserker)★3": 2, "[58]玉藻猫(Berserker)★4": 1, "[116]茨木童子(Berserker)★4": 1, "[1]玛修·基列莱特(Shielder)★3": 1}
礼装: {"[244]四枝之浅滩★3": 1, "[247]宝石剑泽尔里奇★3": 1, "[331]佛拉格拉克★3": 2, "[418]固有结界★3": 1, "[419]返老还童的灵药★3": 1, "[420]谜之面具群★3": 1, "[580]瓦砾的圣堂★3": 1, "[674]神造兵器★3": 1, "[773]艳阳之下★5": 1, "[815]樱的特制便当★3": 1, "[1270]庆祝回忆★5": 1, "[1271]头脑风暴★4": 1, "[1414]愿望之容器★4": 1, "[1415]匮乏之人★3": 1, "[1485]冬之结晶★4": 1, "[1513]穂群原学園生徒会長★3": 1}

编号[a6d99fc01af85d1f30be2d4f5a91ee40]
等级: 1
圣晶石: 244
圣晶片: 3
呼符: 50
金/银/铜/青苹果: 44/0/0/0
登陆天数: 15天 / 90天
从者: {"[7]盖乌斯·尤利乌斯·恺撒(Saber)★3": 1, "[298]渡边纲(Saber)★4": 2, "[125]俵藤太(Archer)★3": 1, "[71]迪尔姆德·奥迪那(Lancer)★3": 1, "[22]罗穆路斯(Lancer)★3": 1, "[64]赫克托耳(Lancer)★3": 1, "[94]阿斯托尔福(Rider)★4": 1, "[26]布狄卡(Rider)★3": 1, "[28]亚历山大(Rider)★3": 1, "[120]尼托克丽丝(Caster)★4": 1, "[284]阿尔托莉雅·卡斯特(Caster)★5": 1, "[81]亨利·杰基尔＆海德(Assassin)★3": 1, "[55]大流士三世(Berserker)★3": 1, "[1]玛修·基列莱特(Shielder)★3": 1, "[352]徐福(Alterego)★3": 1}
礼装: {"[691]噬魂★3": 1, "[815]樱的特制便当★3": 1, "[913]远方的前路★4": 1, "[1270]庆祝回忆★5": 1, "[1271]头脑风暴★4": 1, "[1272]散状花★3": 1, "[1412]宝石的魔弹★4": 2, "[1610]枯れない花★3": 2}

编号[6a71cc0ed21ddd50d5c6a502f1792135]
等级: 1
圣晶石: 167
圣晶片: 3
呼符: 19
金/银/铜/青苹果: 44/0/0/0
登陆天数: 15天 / 90天
从者: {"[7]盖乌斯·尤利乌斯·恺撒(Saber)★3": 1, "[72]弗格斯·马克·罗伊(Saber)★3": 1, "[63]大卫(Archer)★3": 1, "[105]比利小子(Archer)★3": 1, "[15]尤瑞艾莉(Archer)★3": 3, "[125]俵藤太(Archer)★3": 1, "[95]幼吉尔(Archer)★3": 4, "[71]迪尔姆德·奥迪那(Lancer)★3": 1, "[20]库·丘林〔Prototype〕(Lancer)★3": 1, "[22]罗穆路斯(Lancer)★3": 1, "[186]宝藏院胤舜(Lancer)★3": 2, "[64]赫克托耳(Lancer)★3": 2, "[23]歌果(Rider)★3": 1, "[26]布狄卡(Rider)★3": 1, "[27]牛若丸(Rider)★3": 1, "[31]美狄亚(Caster)★3": 2, "[79]冯·霍恩海姆·帕拉塞尔苏斯(Caster)★3": 1, "[80]查尔斯·巴贝奇(Caster)★3": 1, "[284]阿尔托莉雅·卡斯特(Caster)★5": 1, "[348]張角(Caster)★3": 1, "[110]百貌哈桑(Assassin)★3": 1, "[81]亨利·杰基尔＆海德(Assassin)★3": 1, "[42]匕见(Assassin)★3": 1, "[49]虎狼(Berserker)★3": 1, "[55]大流士三世(Berserker)★3": 1, "[58]玉藻猫(Berserker)★4": 1, "[1]玛修·基列莱特(Shielder)★3": 1, "[352]徐福(Alterego)★3": 1}
礼装: {"[40]宇宙棱镜★5": 1, "[91]爱之灵药★3": 1, "[244]四枝之浅滩★3": 1, "[333]许德拉匕首★3": 1, "[331]佛拉格拉克★3": 1, "[332]天之逆月★3": 3, "[419]返老还童的灵药★3": 1, "[420]谜之面具群★3": 2, "[580]瓦砾的圣堂★3": 1, "[581]手无寸铁慎二君★3": 1, "[691]噬魂★3": 1, "[774]最后的叙述者★4": 1, "[815]樱的特制便当★3": 2, "[913]远方的前路★4": 1, "[1016]狂舞曲★4": 1, "[1270]庆祝回忆★5": 6, "[1271]头脑风暴★4": 6, "[1272]散状花★3": 10, "[1412]宝石的魔弹★4": 2, "[1415]匮乏之人★3": 1, "[1513]穂群原学園生徒会長★3": 1, "[1576]華の楽土★4": 2, "[1609]代償魔術★4": 1, "[1670]狩人の夢★4": 1, "[1692]免許皆伝★4": 1}

编号[969bbb2b8f2ff8231137b9912b4a56e4]
等级: 1
圣晶石: 88
圣晶片: 3
呼符: 50
金/银/铜/青苹果: 44/0/0/0
登陆天数: 15天 / 90天
从者: {"[72]弗格斯·马克·罗伊(Saber)★3": 1, "[9]吉尔·德·雷(Saber)★3": 3, "[165]铃鹿御前(Saber)★4": 1, "[298]渡边纲(Saber)★4": 1, "[13]罗宾汉(Archer)★3": 1, "[15]尤瑞艾莉(Archer)★3": 2, "[125]俵藤太(Archer)★3": 1, "[325]芝诺比阿(Archer)★4": 1, "[17]库·丘林(Lancer)★3": 1, "[71]迪尔姆德·奥迪那(Lancer)★3": 1, "[20]库·丘林〔Prototype〕(Lancer)★3": 1, "[22]罗穆路斯(Lancer)★3": 1, "[186]宝藏院胤舜(Lancer)★3": 1, "[193]莲偶(Lancer)★4": 1, "[23]歌果(Rider)★3": 1, "[273]曼迪卡尔多(Rider)★3": 1, "[31]美狄亚(Caster)★3": 1, "[35]梅菲斯托费勒斯(Caster)★3": 1, "[104]杰罗尼莫(Caster)★3": 1, "[284]阿尔托莉雅·卡斯特(Caster)★5": 1, "[124]静谧哈桑(Assassin)★3": 2, "[55]大流士三世(Berserker)★3": 1, "[58]玉藻猫(Berserker)★4": 1, "[1]玛修·基列莱特(Shielder)★3": 1, "[242]阿斯特赖亚(Ruler)★4": 1, "[352]徐福(Alterego)★3": 2}
礼装: {"[21]钢之锻炼★4": 1, "[26]宝石魔术·对影★4": 1, "[37]芦苇海★3": 1, "[91]爱之灵药★3": 2, "[93]阿兰若★3": 1, "[182]毒蛇一艺★4": 1, "[244]四枝之浅滩★3": 1, "[333]许德拉匕首★3": 1, "[246]特辣麻婆豆腐★3": 1, "[247]宝石剑泽尔里奇★3": 2, "[265]卡姆兰之战★3": 2, "[331]佛拉格拉克★3": 2, "[332]天之逆月★3": 3, "[420]谜之面具群★3": 1, "[580]瓦砾的圣堂★3": 1, "[582]阿特拉斯院★3": 1, "[585]幻想种★3": 2, "[674]神造兵器★3": 1, "[815]樱的特制便当★3": 2, "[913]远方的前路★4": 2, "[1270]庆祝回忆★5": 2, "[1271]头脑风暴★4": 7, "[1272]散状花★3": 8, "[1316]王者的气质★4": 1, "[1412]宝石的魔弹★4": 1, "[1415]匮乏之人★3": 1, "[1513]穂群原学園生徒会長★3": 3, "[1577]告解の惑い場★4": 2, "[1610]枯れない花★3": 1, "[1692]免許皆伝★4": 1}

编号[5602ca9f146a8f50d447a40f1f4e1134]
等级: 1
圣晶石: 2
圣晶片: 3
呼符: 0
金/银/铜/青苹果: 44/0/0/0
登陆天数: 15天 / 90天
从者: {"[7]盖乌斯·尤利乌斯·恺撒(Saber)★3": 3, "[72]弗格斯·马克·罗伊(Saber)★3": 2, "[9]吉尔·德·雷(Saber)★3": 1, "[13]罗宾汉(Archer)★3": 1, "[63]大卫(Archer)★3": 2, "[105]比利小子(Archer)★3": 1, "[15]尤瑞艾莉(Archer)★3": 3, "[125]俵藤太(Archer)★3": 3, "[95]幼吉尔(Archer)★3": 1, "[246]威廉·退尔(Archer)★3": 1, "[17]库·丘林(Lancer)★3": 1, "[71]迪尔姆德·奥迪那(Lancer)★3": 3, "[20]库·丘林〔Prototype〕(Lancer)★3": 2, "[22]罗穆路斯(Lancer)★3": 2, "[186]宝藏院胤舜(Lancer)★3": 2, "[64]赫克托耳(Lancer)★3": 3, "[228]忠贞(Lancer)★4": 1, "[23]歌果(Rider)★3": 2, "[65]弗朗西斯·德雷克(Rider)★5": 1, "[26]布狄卡(Rider)★3": 1, "[27]牛若丸(Rider)★3": 1, "[28]亚历山大(Rider)★3": 1, "[332]ドブルイニャ・ニキチッチ(Rider)★4": 1, "[31]美狄亚(Caster)★3": 1, "[79]冯·霍恩海姆·帕拉塞尔苏斯(Caster)★3": 1, "[80]查尔斯·巴贝奇(Caster)★3": 3, "[35]梅菲斯托费勒斯(Caster)★3": 1, "[104]杰罗尼莫(Caster)★3": 1, "[203]阿维斯布隆(Caster)★3": 2, "[348]張角(Caster)★3": 2, "[110]百貌哈桑(Assassin)★3": 2, "[81]亨利·杰基尔＆海德(Assassin)★3": 2, "[124]静谧哈桑(Assassin)★3": 3, "[42]匕见(Assassin)★3": 1, "[46]卡米拉(Assassin)★4": 1, "[117]风魔小太郎(Assassin)★3": 1, "[49]虎狼(Berserker)★3": 2, "[55]大流士三世(Berserker)★3": 1, "[56]清姬(Berserker)★3": 2, "[116]茨木童子(Berserker)★4": 1, "[1]玛修·基列莱特(Shielder)★3": 1, "[352]徐福(Alterego)★3": 3, "[335]ヘファイスティオン(Pretender)★4": 1}
礼装: {"[26]宝石魔术·对影★4": 1, "[31]元素转换★5": 1, "[32]虚数环★5": 1, "[39]抹大拉的圣骸布★4": 1, "[56]指令咏唱★4": 1, "[89]柳洞寺★3": 1, "[98]千年黄金树★4": 1, "[185]月灵髓液★5": 1, "[186]情窦未开的千金★4": 1, "[243]Bronze-Link Manipulators★3": 1, "[333]许德拉匕首★3": 1, "[246]特辣麻婆豆腐★3": 1, "[264]援护射击★4": 1, "[332]天之逆月★3": 1, "[418]固有结界★3": 2, "[419]返老还童的灵药★3": 1, "[420]谜之面具群★3": 1, "[580]瓦砾的圣堂★3": 1, "[581]手无寸铁慎二君★3": 1, "[582]阿特拉斯院★3": 1, "[585]幻想种★3": 1, "[674]神造兵器★3": 2, "[913]远方的前路★4": 2, "[1015]黄昏的王圣★5": 1, "[1208]韵律诗节★4": 1, "[1270]庆祝回忆★5": 3, "[1271]头脑风暴★4": 7, "[1272]散状花★3": 16, "[1412]宝石的魔弹★4": 1, "[1414]愿望之容器★4": 3, "[1415]匮乏之人★3": 2, "[1513]穂群原学園生徒会長★3": 3, "[1610]枯れない花★3": 2}

编号[655b5a84ee638fa30710dd66a4384061]
等级: 1
圣晶石: 41
圣晶片: 3
呼符: 44
金/银/铜/青苹果: 44/0/0/0
登陆天数: 15天 / 90天
从者: {"[7]盖乌斯·尤利乌斯·恺撒(Saber)★3": 1, "[72]弗格斯·马克·罗伊(Saber)★3": 1, "[9]吉尔·德·雷(Saber)★3": 1, "[165]铃鹿御前(Saber)★4": 1, "[11]卫宫(Archer)★4": 1, "[13]罗宾汉(Archer)★3": 1, "[63]大卫(Archer)★3": 1, "[15]尤瑞艾莉(Archer)★3": 1, "[125]俵藤太(Archer)★3": 1, "[71]迪尔姆德·奥迪那(Lancer)★3": 1, "[20]库·丘林〔Prototype〕(Lancer)★3": 1, "[22]罗穆路斯(Lancer)★3": 2, "[183]帕尔瓦蒂(Lancer)★4": 1, "[23]歌果(Rider)★3": 1, "[26]布狄卡(Rider)★3": 1, "[27]牛若丸(Rider)★3": 1, "[28]亚历山大(Rider)★3": 1, "[273]曼迪卡尔多(Rider)★3": 1, "[332]ドブルイニャ・ニキチッチ(Rider)★4": 1, "[31]美狄亚(Caster)★3": 1, "[80]查尔斯·巴贝奇(Caster)★3": 1, "[35]梅菲斯托费勒斯(Caster)★3": 1, "[284]阿尔托莉雅·卡斯特(Caster)★5": 1, "[110]百貌哈桑(Assassin)★3": 1, "[81]亨利·杰基尔＆海德(Assassin)★3": 1, "[42]匕见(Assassin)★3": 1, "[117]风魔小太郎(Assassin)★3": 1, "[47]赫拉克勒斯(Berserker)★4": 1, "[49]虎狼(Berserker)★3": 1, "[56]清姬(Berserker)★3": 1, "[1]玛修·基列莱特(Shielder)★3": 1, "[352]徐福(Alterego)★3": 2}
礼装: {"[56]指令咏唱★4": 2, "[93]阿兰若★3": 1, "[246]特辣麻婆豆腐★3": 1, "[420]谜之面具群★3": 1, "[580]瓦砾的圣堂★3": 1, "[582]阿特拉斯院★3": 1, "[1208]韵律诗节★4": 1, "[1270]庆祝回忆★5": 4, "[1271]头脑风暴★4": 6, "[1272]散状花★3": 4, "[1412]宝石的魔弹★4": 1, "[1415]匮乏之人★3": 1, "[1485]冬之结晶★4": 1, "[1513]穂群原学園生徒会長★3": 1, "[1610]枯れない花★3": 1}

编号[b7348d2650c6cd508e38195c9006c476]
等级: 1
圣晶石: 256
圣晶片: 3
呼符: 50
金/银/铜/青苹果: 44/0/0/0
登陆天数: 15天 / 90天
从者: {"[72]弗格斯·马克·罗伊(Saber)★3": 1, "[13]罗宾汉(Archer)★3": 1, "[105]比利小子(Archer)★3": 1, "[95]幼吉尔(Archer)★3": 1, "[20]库·丘林〔Prototype〕(Lancer)★3": 1, "[27]牛若丸(Rider)★3": 1, "[28]亚历山大(Rider)★3": 1, "[273]曼迪卡尔多(Rider)★3": 1, "[120]尼托克丽丝(Caster)★4": 1, "[35]梅菲斯托费勒斯(Caster)★3": 1, "[104]杰罗尼莫(Caster)★3": 1, "[284]阿尔托莉雅·卡斯特(Caster)★5": 1, "[81]亨利·杰基尔＆海德(Assassin)★3": 1, "[47]赫拉克勒斯(Berserker)★4": 1, "[49]虎狼(Berserker)★3": 1, "[1]玛修·基列莱特(Shielder)★3": 1}
礼装: {"[22]原始咒术★4": 1, "[56]指令咏唱★4": 1, "[89]柳洞寺★3": 1, "[91]爱之灵药★3": 1, "[93]阿兰若★3": 1, "[246]特辣麻婆豆腐★3": 1, "[247]宝石剑泽尔里奇★3": 1, "[581]手无寸铁慎二君★3": 1, "[691]噬魂★3": 1, "[912]火炎伯爵★5": 1, "[1272]散状花★3": 1}

编号[8b811ba5c2fbdd30d674679a373ecb75]
等级: 1
圣晶石: 64
圣晶片: 3
呼符: 50
金/银/铜/青苹果: 44/0/0/0
登陆天数: 15天 / 90天
从者: {"[7]盖乌斯·尤利乌斯·恺撒(Saber)★3": 1, "[9]吉尔·德·雷(Saber)★3": 2, "[298]渡边纲(Saber)★4": 1, "[63]大卫(Archer)★3": 1, "[105]比利小子(Archer)★3": 2, "[15]尤瑞艾莉(Archer)★3": 4, "[95]幼吉尔(Archer)★3": 1, "[246]威廉·退尔(Archer)★3": 1, "[71]迪尔姆德·奥迪那(Lancer)★3": 1, "[20]库·丘林〔Prototype〕(Lancer)★3": 2, "[22]罗穆路斯(Lancer)★3": 1, "[23]歌果(Rider)★3": 1, "[27]牛若丸(Rider)★3": 2, "[28]亚历山大(Rider)★3": 1, "[273]曼迪卡尔多(Rider)★3": 3, "[79]冯·霍恩海姆·帕拉塞尔苏斯(Caster)★3": 3, "[35]梅菲斯托费勒斯(Caster)★3": 3, "[203]阿维斯布隆(Caster)★3": 2, "[284]阿尔托莉雅·卡斯特(Caster)★5": 1, "[348]張角(Caster)★3": 4, "[81]亨利·杰基尔＆海德(Assassin)★3": 3, "[124]静谧哈桑(Assassin)★3": 2, "[42]匕见(Assassin)★3": 1, "[117]风魔小太郎(Assassin)★3": 1, "[47]赫拉克勒斯(Berserker)★4": 1, "[89]贝奥武夫(Berserker)★4": 1, "[1]玛修·基列莱特(Shielder)★3": 1, "[352]徐福(Alterego)★3": 3}
礼装: {"[26]宝石魔术·对影★4": 1, "[91]爱之灵药★3": 1, "[183]死之艺术★4": 1, "[244]四枝之浅滩★3": 1, "[333]许德拉匕首★3": 2, "[246]特辣麻婆豆腐★3": 1, "[247]宝石剑泽尔里奇★3": 1, "[331]佛拉格拉克★3": 1, "[401]私室警备员★4": 1, "[418]固有结界★3": 3, "[419]返老还童的灵药★3": 3, "[420]谜之面具群★3": 1, "[580]瓦砾的圣堂★3": 2, "[581]手无寸铁慎二君★3": 1, "[582]阿特拉斯院★3": 2, "[585]幻想种★3": 2, "[674]神造兵器★3": 1, "[691]噬魂★3": 1, "[774]最后的叙述者★4": 1, "[815]樱的特制便当★3": 1, "[1270]庆祝回忆★5": 2, "[1271]头脑风暴★4": 3, "[1272]散状花★3": 4, "[1413]虚数属性★4": 1, "[1415]匮乏之人★3": 1, "[1485]冬之结晶★4": 1, "[1513]穂群原学園生徒会長★3": 1, "[1576]華の楽土★4": 1, "[1610]枯れない花★3": 1}

编号[3fce29c2a1c2bad86e2dc4b358b40d0e]
等级: 1
圣晶石: 41
圣晶片: 3
呼符: 15
金/银/铜/青苹果: 44/0/0/0
登陆天数: 15天 / 90天
从者: {"[7]盖乌斯·尤利乌斯·恺撒(Saber)★3": 1, "[72]弗格斯·马克·罗伊(Saber)★3": 1, "[9]吉尔·德·雷(Saber)★3": 1, "[245]拉克什米·芭伊(Saber)★4": 1, "[298]渡边纲(Saber)★4": 2, "[13]罗宾汉(Archer)★3": 1, "[63]大卫(Archer)★3": 1, "[15]尤瑞艾莉(Archer)★3": 1, "[125]俵藤太(Archer)★3": 1, "[95]幼吉尔(Archer)★3": 2, "[246]威廉·退尔(Archer)★3": 1, "[17]库·丘林(Lancer)★3": 2, "[71]迪尔姆德·奥迪那(Lancer)★3": 1, "[140]弗拉德三世〔EXTRA〕(Lancer)★4": 1, "[18]伊丽莎白·巴托里(Lancer)★4": 1, "[20]库·丘林〔Prototype〕(Lancer)★3": 2, "[22]罗穆路斯(Lancer)★3": 2, "[186]宝藏院胤舜(Lancer)★3": 2, "[193]莲偶(Lancer)★4": 1, "[23]歌果(Rider)★3": 1, "[27]牛若丸(Rider)★3": 1, "[28]亚历山大(Rider)★3": 4, "[29]玛丽·安托瓦内特(Rider)★4": 1, "[273]曼迪卡尔多(Rider)★3": 2, "[31]美狄亚(Caster)★3": 1, "[79]冯·霍恩海姆·帕拉塞尔苏斯(Caster)★3": 2, "[80]查尔斯·巴贝奇(Caster)★3": 2, "[35]梅菲斯托费勒斯(Caster)★3": 1, "[104]杰罗尼莫(Caster)★3": 1, "[203]阿维斯布隆(Caster)★3": 1, "[284]阿尔托莉雅·卡斯特(Caster)★5": 1, "[348]張角(Caster)★3": 3, "[110]百貌哈桑(Assassin)★3": 1, "[81]亨利·杰基尔＆海德(Assassin)★3": 2, "[42]匕见(Assassin)★3": 1, "[159]燕青(Assassin)★4": 1, "[185]望月千代女(Assassin)★4": 1, "[49]虎狼(Berserker)★3": 2, "[55]大流士三世(Berserker)★3": 1, "[56]清姬(Berserker)★3": 1, "[1]玛修·基列莱特(Shielder)★3": 1, "[352]徐福(Alterego)★3": 1}
礼装: {"[26]宝石魔术·对影★4": 1, "[35]天之杯★5": 1, "[42]Mooncell Automaton★3": 1, "[333]许德拉匕首★3": 1, "[247]宝石剑泽尔里奇★3": 1, "[331]佛拉格拉克★3": 1, "[332]天之逆月★3": 1, "[418]固有结界★3": 1, "[419]返老还童的灵药★3": 1, "[420]谜之面具群★3": 3, "[581]手无寸铁慎二君★3": 2, "[674]神造兵器★3": 1, "[774]最后的叙述者★4": 1, "[1208]韵律诗节★4": 2, "[1270]庆祝回忆★5": 7, "[1271]头脑风暴★4": 3, "[1272]散状花★3": 11, "[1412]宝石的魔弹★4": 2, "[1413]虚数属性★4": 1, "[1415]匮乏之人★3": 1, "[1513]穂群原学園生徒会長★3": 1, "[1576]華の楽土★4": 1, "[1607]投影装填★4": 1, "[1610]枯れない花★3": 2, "[1670]狩人の夢★4": 1}

编号[db0fa4db8e83941e1628f9bd4aa7173f]
等级: 1
圣晶石: 247
圣晶片: 3
呼符: 50
金/银/铜/青苹果: 44/0/0/0
登陆天数: 15天 / 90天
从者: {"[7]盖乌斯·尤利乌斯·恺撒(Saber)★3": 3, "[72]弗格斯·马克·罗伊(Saber)★3": 1, "[15]尤瑞艾莉(Archer)★3": 1, "[246]威廉·退尔(Archer)★3": 1, "[325]芝诺比阿(Archer)★4": 1, "[71]迪尔姆德·奥迪那(Lancer)★3": 1, "[273]曼迪卡尔多(Rider)★3": 1, "[31]美狄亚(Caster)★3": 1, "[79]冯·霍恩海姆·帕拉塞尔苏斯(Caster)★3": 2, "[100]海伦娜·布拉瓦茨基(Caster)★4": 1, "[284]阿尔托莉雅·卡斯特(Caster)★5": 1, "[159]燕青(Assassin)★4": 1, "[49]虎狼(Berserker)★3": 1, "[56]清姬(Berserker)★3": 1, "[58]玉藻猫(Berserker)★4": 1, "[1]玛修·基列莱特(Shielder)★3": 1}
礼装: {"[21]钢之锻炼★4": 1, "[37]芦苇海★3": 1, "[89]柳洞寺★3": 1, "[333]许德拉匕首★3": 1, "[247]宝石剑泽尔里奇★3": 1, "[332]天之逆月★3": 1, "[1270]庆祝回忆★5": 1, "[1271]头脑风暴★4": 1, "[1272]散状花★3": 1}

编号[36e2d47be81940f3ba76fdd899338f47]
等级: 1
圣晶石: 259
圣晶片: 3
呼符: 50
金/银/铜/青苹果: 44/0/0/0
登陆天数: 15天 / 90天
从者: {"[72]弗格斯·马克·罗伊(Saber)★3": 1, "[63]大卫(Archer)★3": 1, "[325]芝诺比阿(Archer)★4": 1, "[71]迪尔姆德·奥迪那(Lancer)★3": 1, "[20]库·丘林〔Prototype〕(Lancer)★3": 1, "[273]曼迪卡尔多(Rider)★3": 1, "[284]阿尔托莉雅·卡斯特(Caster)★5": 1, "[81]亨利·杰基尔＆海德(Assassin)★3": 1, "[42]匕见(Assassin)★3": 2, "[159]燕青(Assassin)★4": 2, "[56]清姬(Berserker)★3": 1, "[1]玛修·基列莱特(Shielder)★3": 1}
礼装: {"[24]Gandr★4": 1, "[184]柔软的慈爱★4": 2, "[331]佛拉格拉克★3": 1, "[419]返老还童的灵药★3": 1, "[420]谜之面具群★3": 1, "[815]樱的特制便当★3": 1, "[1271]头脑风暴★4": 1, "[1272]散状花★3": 1}

编号[48b92e9948c37ef254fa7411bc74cd56]
等级: 1
圣晶石: 95
圣晶片: 3
呼符: 0
金/银/铜/青苹果: 44/0/0/0
登陆天数: 15天 / 90天
从者: {"[7]盖乌斯·尤利乌斯·恺撒(Saber)★3": 2, "[9]吉尔·德·雷(Saber)★3": 2, "[223]迪尔姆德·奥迪那(Saber)★4": 1, "[298]渡边纲(Saber)★4": 1, "[63]大卫(Archer)★3": 2, "[105]比利小子(Archer)★3": 2, "[15]尤瑞艾莉(Archer)★3": 1, "[125]俵藤太(Archer)★3": 1, "[95]幼吉尔(Archer)★3": 3, "[246]威廉·退尔(Archer)★3": 3, "[17]库·丘林(Lancer)★3": 1, "[71]迪尔姆德·奥迪那(Lancer)★3": 1, "[18]伊丽莎白·巴托里(Lancer)★4": 2, "[20]库·丘林〔Prototype〕(Lancer)★3": 1, "[186]宝藏院胤舜(Lancer)★3": 2, "[64]赫克托耳(Lancer)★3": 1, "[26]布狄卡(Rider)★3": 1, "[27]牛若丸(Rider)★3": 2, "[28]亚历山大(Rider)★3": 2, "[273]曼迪卡尔多(Rider)★3": 1, "[31]美狄亚(Caster)★3": 2, "[80]查尔斯·巴贝奇(Caster)★3": 2, "[104]杰罗尼莫(Caster)★3": 4, "[100]海伦娜·布拉瓦茨基(Caster)★4": 2, "[203]阿维斯布隆(Caster)★3": 2, "[284]阿尔托莉雅·卡斯特(Caster)★5": 1, "[110]百貌哈桑(Assassin)★3": 1, "[81]亨利·杰基尔＆海德(Assassin)★3": 3, "[42]匕见(Assassin)★3": 2, "[117]风魔小太郎(Assassin)★3": 4, "[159]燕青(Assassin)★4": 1, "[49]虎狼(Berserker)★3": 1, "[82]弗兰肯斯坦(Berserker)★4": 1, "[55]大流士三世(Berserker)★3": 2, "[58]玉藻猫(Berserker)★4": 1, "[306]伽拉忒亚(Berserker)★5": 1, "[1]玛修·基列莱特(Shielder)★3": 1}
礼装: {"[31]元素转换★5": 1, "[37]芦苇海★3": 1, "[75]五百年的执着★5": 1, "[91]爱之灵药★3": 2, "[176]记录保持者★4": 1, "[183]死之艺术★4": 1, "[243]Bronze-Link Manipulators★3": 3, "[333]许德拉匕首★3": 2, "[265]卡姆兰之战★3": 3, "[331]佛拉格拉克★3": 2, "[332]天之逆月★3": 1, "[419]返老还童的灵药★3": 1, "[420]谜之面具群★3": 2, "[581]手无寸铁慎二君★3": 1, "[585]幻想种★3": 1, "[674]神造兵器★3": 2, "[773]艳阳之下★5": 1, "[815]樱的特制便当★3": 1, "[913]远方的前路★4": 1, "[1015]黄昏的王圣★5": 1, "[1130]野心的嚆矢★4": 2, "[1270]庆祝回忆★5": 5, "[1271]头脑风暴★4": 6, "[1272]散状花★3": 15, "[1414]愿望之容器★4": 2, "[1415]匮乏之人★3": 1, "[1485]冬之结晶★4": 1, "[1513]穂群原学園生徒会長★3": 1, "[1577]告解の惑い場★4": 1, "[1609]代償魔術★4": 2, "[1610]枯れない花★3": 1, "[1670]狩人の夢★4": 2}

编号[d2432a9ec6649be2c48ee1f9391cfa3e]
等级: 1
圣晶石: 28
圣晶片: 3
呼符: 50
金/银/铜/青苹果: 44/0/0/0
登陆天数: 15天 / 90天
从者: {"[7]盖乌斯·尤利乌斯·恺撒(Saber)★3": 1, "[72]弗格斯·马克·罗伊(Saber)★3": 2, "[8]阿蒂拉(Saber)★5": 1, "[101]罗摩(Saber)★4": 1, "[9]吉尔·德·雷(Saber)★3": 1, "[223]迪尔姆德·奥迪那(Saber)★4": 1, "[245]拉克什米·芭伊(Saber)★4": 1, "[13]罗宾汉(Archer)★3": 1, "[63]大卫(Archer)★3": 2, "[105]比利小子(Archer)★3": 3, "[15]尤瑞艾莉(Archer)★3": 3, "[125]俵藤太(Archer)★3": 1, "[95]幼吉尔(Archer)★3": 1, "[246]威廉·退尔(Archer)★3": 1, "[325]芝诺比阿(Archer)★4": 1, "[71]迪尔姆德·奥迪那(Lancer)★3": 2, "[20]库·丘林〔Prototype〕(Lancer)★3": 2, "[64]赫克托耳(Lancer)★3": 3, "[23]歌果(Rider)★3": 1, "[26]布狄卡(Rider)★3": 2, "[273]曼迪卡尔多(Rider)★3": 1, "[31]美狄亚(Caster)★3": 1, "[79]冯·霍恩海姆·帕拉塞尔苏斯(Caster)★3": 1, "[80]查尔斯·巴贝奇(Caster)★3": 1, "[35]梅菲斯托费勒斯(Caster)★3": 1, "[104]杰罗尼莫(Caster)★3": 1, "[100]海伦娜·布拉瓦茨基(Caster)★4": 1, "[192]喀耳刻(Caster)★4": 1, "[284]阿尔托莉雅·卡斯特(Caster)★5": 1, "[348]張角(Caster)★3": 4, "[110]百貌哈桑(Assassin)★3": 1, "[81]亨利·杰基尔＆海德(Assassin)★3": 1, "[42]匕见(Assassin)★3": 1, "[159]燕青(Assassin)★4": 1, "[49]虎狼(Berserker)★3": 2, "[55]大流士三世(Berserker)★3": 3, "[56]清姬(Berserker)★3": 1, "[1]玛修·基列莱特(Shielder)★3": 1}
礼装: {"[26]宝石魔术·对影★4": 2, "[40]宇宙棱镜★5": 1, "[42]Mooncell Automaton★3": 1, "[89]柳洞寺★3": 1, "[91]爱之灵药★3": 6, "[184]柔软的慈爱★4": 1, "[243]Bronze-Link Manipulators★3": 2, "[244]四枝之浅滩★3": 2, "[246]特辣麻婆豆腐★3": 3, "[265]卡姆兰之战★3": 3, "[331]佛拉格拉克★3": 1, "[332]天之逆月★3": 2, "[419]返老还童的灵药★3": 2, "[580]瓦砾的圣堂★3": 1, "[581]手无寸铁慎二君★3": 1, "[585]幻想种★3": 1, "[691]噬魂★3": 1, "[1130]野心的嚆矢★4": 2, "[1270]庆祝回忆★5": 4, "[1271]头脑风暴★4": 3, "[1272]散状花★3": 8, "[1415]匮乏之人★3": 1, "[1485]冬之结晶★4": 1, "[1512]庭園の守り人★4": 1, "[1513]穂群原学園生徒会長★3": 1, "[1608]悲願の継承★4": 1, "[1609]代償魔術★4": 1, "[1610]枯れない花★3": 1, "[1692]免許皆伝★4": 1}

编号[8f6e7cfbd369d3a972829efb8ca89cc8]
等级: 1
圣晶石: 2
圣晶片: 3
呼符: 0
金/银/铜/青苹果: 44/0/0/0
登陆天数: 15天 / 90天
从者: {"[7]盖乌斯·尤利乌斯·恺撒(Saber)★3": 1, "[72]弗格斯·马克·罗伊(Saber)★3": 2, "[9]吉尔·德·雷(Saber)★3": 2, "[63]大卫(Archer)★3": 2, "[105]比利小子(Archer)★3": 4, "[15]尤瑞艾莉(Archer)★3": 2, "[125]俵藤太(Archer)★3": 2, "[95]幼吉尔(Archer)★3": 1, "[246]威廉·退尔(Archer)★3": 4, "[17]库·丘林(Lancer)★3": 1, "[71]迪尔姆德·奥迪那(Lancer)★3": 1, "[20]库·丘林〔Prototype〕(Lancer)★3": 3, "[22]罗穆路斯(Lancer)★3": 2, "[186]宝藏院胤舜(Lancer)★3": 2, "[64]赫克托耳(Lancer)★3": 3, "[228]忠贞(Lancer)★4": 1, "[23]歌果(Rider)★3": 2, "[26]布狄卡(Rider)★3": 1, "[27]牛若丸(Rider)★3": 2, "[28]亚历山大(Rider)★3": 1, "[273]曼迪卡尔多(Rider)★3": 2, "[31]美狄亚(Caster)★3": 3, "[79]冯·霍恩海姆·帕拉塞尔苏斯(Caster)★3": 2, "[80]查尔斯·巴贝奇(Caster)★3": 2, "[120]尼托克丽丝(Caster)★4": 1, "[35]梅菲斯托费勒斯(Caster)★3": 1, "[104]杰罗尼莫(Caster)★3": 3, "[192]喀耳刻(Caster)★4": 1, "[203]阿维斯布隆(Caster)★3": 2, "[348]張角(Caster)★3": 2, "[81]亨利·杰基尔＆海德(Assassin)★3": 1, "[124]静谧哈桑(Assassin)★3": 1, "[41]斯忒诺(Assassin)★4": 1, "[42]匕见(Assassin)★3": 3, "[109]卫宫〔Assassin〕(Assassin)★4": 1, "[117]风魔小太郎(Assassin)★3": 2, "[49]虎狼(Berserker)★3": 3, "[55]大流士三世(Berserker)★3": 2, "[1]玛修·基列莱特(Shielder)★3": 1, "[352]徐福(Alterego)★3": 1}
礼装: {"[39]抹大拉的圣骸布★4": 1, "[40]宇宙棱镜★5": 1, "[48]黑之圣杯★5": 1, "[56]指令咏唱★4": 3, "[89]柳洞寺★3": 2, "[91]爱之灵药★3": 1, "[98]千年黄金树★4": 1, "[243]Bronze-Link Manipulators★3": 1, "[244]四枝之浅滩★3": 1, "[333]许德拉匕首★3": 1, "[246]特辣麻婆豆腐★3": 1, "[265]卡姆兰之战★3": 2, "[331]佛拉格拉克★3": 1, "[418]固有结界★3": 2, "[419]返老还童的灵药★3": 2, "[420]谜之面具群★3": 3, "[580]瓦砾的圣堂★3": 2, "[581]手无寸铁慎二君★3": 1, "[582]阿特拉斯院★3": 1, "[691]噬魂★3": 1, "[1270]庆祝回忆★5": 7, "[1271]头脑风暴★4": 3, "[1272]散状花★3": 11, "[1316]王者的气质★4": 1, "[1414]愿望之容器★4": 1, "[1415]匮乏之人★3": 1, "[1513]穂群原学園生徒会長★3": 2, "[1610]枯れない花★3": 4, "[1670]狩人の夢★4": 1, "[1691]逆堕つ泥雨★5": 1}

编号[8a0404e1b7acaf14e097aa30441901c6]
等级: 1
圣晶石: 139
圣晶片: 3
呼符: 50
金/银/铜/青苹果: 44/0/0/0
登陆天数: 15天 / 90天
从者: {"[7]盖乌斯·尤利乌斯·恺撒(Saber)★3": 1, "[9]吉尔·德·雷(Saber)★3": 1, "[223]迪尔姆德·奥迪那(Saber)★4": 1, "[13]罗宾汉(Archer)★3": 1, "[105]比利小子(Archer)★3": 2, "[125]俵藤太(Archer)★3": 2, "[71]迪尔姆德·奥迪那(Lancer)★3": 1, "[20]库·丘林〔Prototype〕(Lancer)★3": 2, "[22]罗穆路斯(Lancer)★3": 1, "[64]赫克托耳(Lancer)★3": 2, "[23]歌果(Rider)★3": 1, "[94]阿斯托尔福(Rider)★4": 2, "[26]布狄卡(Rider)★3": 1, "[28]亚历山大(Rider)★3": 1, "[31]美狄亚(Caster)★3": 1, "[79]冯·霍恩海姆·帕拉塞尔苏斯(Caster)★3": 2, "[120]尼托克丽丝(Caster)★4": 1, "[35]梅菲斯托费勒斯(Caster)★3": 2, "[284]阿尔托莉雅·卡斯特(Caster)★5": 1, "[348]張角(Caster)★3": 1, "[110]百貌哈桑(Assassin)★3": 1, "[81]亨利·杰基尔＆海德(Assassin)★3": 2, "[42]匕见(Assassin)★3": 2, "[49]虎狼(Berserker)★3": 1, "[55]大流士三世(Berserker)★3": 1, "[56]清姬(Berserker)★3": 1, "[58]玉藻猫(Berserker)★4": 1, "[116]茨木童子(Berserker)★4": 1, "[1]玛修·基列莱特(Shielder)★3": 1, "[352]徐福(Alterego)★3": 1}
礼装: {"[28]虚数魔术★4": 1, "[39]抹大拉的圣骸布★4": 1, "[56]指令咏唱★4": 1, "[89]柳洞寺★3": 2, "[246]特辣麻婆豆腐★3": 1, "[331]佛拉格拉克★3": 1, "[332]天之逆月★3": 2, "[419]返老还童的灵药★3": 2, "[580]瓦砾的圣堂★3": 1, "[582]阿特拉斯院★3": 1, "[585]幻想种★3": 1, "[674]神造兵器★3": 3, "[1270]庆祝回忆★5": 2, "[1271]头脑风暴★4": 3, "[1272]散状花★3": 4, "[1415]匮乏之人★3": 1, "[1513]穂群原学園生徒会長★3": 1, "[1609]代償魔術★4": 1, "[1610]枯れない花★3": 1}

编号[eff06eba8ed39f245217d9ac4862e341]
等级: 1
圣晶石: 2
圣晶片: 3
呼符: 0
金/银/铜/青苹果: 44/0/0/0
登陆天数: 15天 / 90天
从者: {"[7]盖乌斯·尤利乌斯·恺撒(Saber)★3": 1, "[72]弗格斯·马克·罗伊(Saber)★3": 4, "[121]兰斯洛特(Saber)★4": 1, "[9]吉尔·德·雷(Saber)★3": 2, "[245]拉克什米·芭伊(Saber)★4": 1, "[13]罗宾汉(Archer)★3": 1, "[63]大卫(Archer)★3": 1, "[105]比利小子(Archer)★3": 1, "[15]尤瑞艾莉(Archer)★3": 2, "[125]俵藤太(Archer)★3": 2, "[95]幼吉尔(Archer)★3": 2, "[17]库·丘林(Lancer)★3": 3, "[71]迪尔姆德·奥迪那(Lancer)★3": 2, "[20]库·丘林〔Prototype〕(Lancer)★3": 3, "[22]罗穆路斯(Lancer)★3": 3, "[186]宝藏院胤舜(Lancer)★3": 2, "[64]赫克托耳(Lancer)★3": 1, "[183]帕尔瓦蒂(Lancer)★4": 1, "[23]歌果(Rider)★3": 3, "[94]阿斯托尔福(Rider)★4": 2, "[26]布狄卡(Rider)★3": 6, "[27]牛若丸(Rider)★3": 2, "[28]亚历山大(Rider)★3": 2, "[31]美狄亚(Caster)★3": 3, "[74]童谣(Caster)★4": 1, "[79]冯·霍恩海姆·帕拉塞尔苏斯(Caster)★3": 1, "[80]查尔斯·巴贝奇(Caster)★3": 3, "[35]梅菲斯托费勒斯(Caster)★3": 2, "[100]海伦娜·布拉瓦茨基(Caster)★4": 1, "[203]阿维斯布隆(Caster)★3": 1, "[348]張角(Caster)★3": 3, "[81]亨利·杰基尔＆海德(Assassin)★3": 3, "[124]静谧哈桑(Assassin)★3": 2, "[42]匕见(Assassin)★3": 1, "[109]卫宫〔Assassin〕(Assassin)★4": 1, "[46]卡米拉(Assassin)★4": 1, "[117]风魔小太郎(Assassin)★3": 2, "[159]燕青(Assassin)★4": 1, "[185]望月千代女(Assassin)★4": 1, "[49]虎狼(Berserker)★3": 3, "[55]大流士三世(Berserker)★3": 1, "[56]清姬(Berserker)★3": 1, "[116]茨木童子(Berserker)★4": 1, "[1]玛修·基列莱特(Shielder)★3": 1}
礼装: {"[21]钢之锻炼★4": 2, "[26]宝石魔术·对影★4": 1, "[74]觉醒的意志★4": 1, "[89]柳洞寺★3": 1, "[91]爱之灵药★3": 2, "[98]千年黄金树★4": 1, "[243]Bronze-Link Manipulators★3": 2, "[333]许德拉匕首★3": 4, "[246]特辣麻婆豆腐★3": 1, "[247]宝石剑泽尔里奇★3": 1, "[265]卡姆兰之战★3": 2, "[331]佛拉格拉克★3": 4, "[401]私室警备员★4": 2, "[418]固有结界★3": 2, "[420]谜之面具群★3": 5, "[580]瓦砾的圣堂★3": 1, "[581]手无寸铁慎二君★3": 2, "[582]阿特拉斯院★3": 3, "[691]噬魂★3": 1, "[774]最后的叙述者★4": 3, "[815]樱的特制便当★3": 2, "[913]远方的前路★4": 1, "[1130]野心的嚆矢★4": 3, "[1270]庆祝回忆★5": 6, "[1271]头脑风暴★4": 7, "[1272]散状花★3": 9, "[1412]宝石的魔弹★4": 1, "[1414]愿望之容器★4": 1, "[1415]匮乏之人★3": 5, "[1485]冬之结晶★4": 1, "[1513]穂群原学園生徒会長★3": 3, "[1576]華の楽土★4": 1, "[1577]告解の惑い場★4": 1, "[1607]投影装填★4": 1, "[1608]悲願の継承★4": 1, "[1610]枯れない花★3": 2, "[1692]免許皆伝★4": 1}

编号[e83afede26688797c0fdecf80d0db7f6]
等级: 1
圣晶石: 148
圣晶片: 3
呼符: 50
金/银/铜/青苹果: 44/0/0/0
登陆天数: 15天 / 90天
从者: {"[72]弗格斯·马克·罗伊(Saber)★3": 1, "[9]吉尔·德·雷(Saber)★3": 2, "[13]罗宾汉(Archer)★3": 2, "[125]俵藤太(Archer)★3": 2, "[95]幼吉尔(Archer)★3": 2, "[20]库·丘林〔Prototype〕(Lancer)★3": 2, "[186]宝藏院胤舜(Lancer)★3": 1, "[64]赫克托耳(Lancer)★3": 2, "[23]歌果(Rider)★3": 1, "[26]布狄卡(Rider)★3": 1, "[28]亚历山大(Rider)★3": 1, "[79]冯·霍恩海姆·帕拉塞尔苏斯(Caster)★3": 1, "[80]查尔斯·巴贝奇(Caster)★3": 2, "[35]梅菲斯托费勒斯(Caster)★3": 1, "[104]杰罗尼莫(Caster)★3": 1, "[192]喀耳刻(Caster)★4": 1, "[284]阿尔托莉雅·卡斯特(Caster)★5": 1, "[110]百貌哈桑(Assassin)★3": 2, "[124]静谧哈桑(Assassin)★3": 2, "[42]匕见(Assassin)★3": 1, "[117]风魔小太郎(Assassin)★3": 1, "[55]大流士三世(Berserker)★3": 1, "[56]清姬(Berserker)★3": 1, "[58]玉藻猫(Berserker)★4": 2, "[1]玛修·基列莱特(Shielder)★3": 1}
礼装: {"[39]抹大拉的圣骸布★4": 2, "[89]柳洞寺★3": 1, "[91]爱之灵药★3": 1, "[183]死之艺术★4": 1, "[244]四枝之浅滩★3": 2, "[246]特辣麻婆豆腐★3": 1, "[247]宝石剑泽尔里奇★3": 1, "[265]卡姆兰之战★3": 2, "[419]返老还童的灵药★3": 1, "[582]阿特拉斯院★3": 1, "[691]噬魂★3": 1, "[913]远方的前路★4": 1, "[1130]野心的嚆矢★4": 1, "[1270]庆祝回忆★5": 4, "[1271]头脑风暴★4": 3, "[1272]散状花★3": 5, "[1513]穂群原学園生徒会長★3": 1, "[1610]枯れない花★3": 1, "[1669]熾天の王★5": 1}

编号[a52bb1caad2e613e3aac2b31cfdf1c20]
等级: 1
圣晶石: 2
圣晶片: 3
呼符: 0
金/银/铜/青苹果: 44/0/0/0
登陆天数: 15天 / 90天
从者: {"[6]齐格飞(Saber)★4": 1, "[7]盖乌斯·尤利乌斯·恺撒(Saber)★3": 2, "[72]弗格斯·马克·罗伊(Saber)★3": 2, "[9]吉尔·德·雷(Saber)★3": 1, "[245]拉克什米·芭伊(Saber)★4": 1, "[298]渡边纲(Saber)★4": 2, "[63]大卫(Archer)★3": 1, "[105]比利小子(Archer)★3": 1, "[15]尤瑞艾莉(Archer)★3": 2, "[125]俵藤太(Archer)★3": 2, "[95]幼吉尔(Archer)★3": 2, "[246]威廉·退尔(Archer)★3": 1, "[350]源為朝(Archer)★5": 1, "[17]库·丘林(Lancer)★3": 2, "[71]迪尔姆德·奥迪那(Lancer)★3": 3, "[20]库·丘林〔Prototype〕(Lancer)★3": 1, "[186]宝藏院胤舜(Lancer)★3": 4, "[64]赫克托耳(Lancer)★3": 1, "[232]布拉达曼特(Lancer)★5": 1, "[23]歌果(Rider)★3": 1, "[26]布狄卡(Rider)★3": 2, "[27]牛若丸(Rider)★3": 2, "[28]亚历山大(Rider)★3": 3, "[273]曼迪卡尔多(Rider)★3": 2, "[31]美狄亚(Caster)★3": 3, "[79]冯·霍恩海姆·帕拉塞尔苏斯(Caster)★3": 1, "[80]查尔斯·巴贝奇(Caster)★3": 2, "[35]梅菲斯托费勒斯(Caster)★3": 1, "[104]杰罗尼莫(Caster)★3": 2, "[348]張角(Caster)★3": 5, "[81]亨利·杰基尔＆海德(Assassin)★3": 1, "[124]静谧哈桑(Assassin)★3": 2, "[49]虎狼(Berserker)★3": 2, "[55]大流士三世(Berserker)★3": 3, "[56]清姬(Berserker)★3": 2, "[1]玛修·基列莱特(Shielder)★3": 1, "[352]徐福(Alterego)★3": 2}
礼装: {"[21]钢之锻炼★4": 2, "[24]Gandr★4": 1, "[56]指令咏唱★4": 1, "[67]2030年的碎片★5": 1, "[73]死灵魔术★4": 1, "[75]五百年的执着★5": 1, "[89]柳洞寺★3": 1, "[98]千年黄金树★4": 1, "[183]死之艺术★4": 1, "[246]特辣麻婆豆腐★3": 2, "[265]卡姆兰之战★3": 1, "[331]佛拉格拉克★3": 2, "[332]天之逆月★3": 1, "[401]私室警备员★4": 1, "[420]谜之面具群★3": 6, "[581]手无寸铁慎二君★3": 1, "[582]阿特拉斯院★3": 1, "[585]幻想种★3": 1, "[674]神造兵器★3": 2, "[774]最后的叙述者★4": 1, "[1130]野心的嚆矢★4": 1, "[1270]庆祝回忆★5": 6, "[1271]头脑风暴★4": 5, "[1272]散状花★3": 19, "[1412]宝石的魔弹★4": 1, "[1415]匮乏之人★3": 2, "[1485]冬之结晶★4": 1, "[1512]庭園の守り人★4": 2, "[1513]穂群原学園生徒会長★3": 3, "[1575]幻想の姫★5": 1, "[1610]枯れない花★3": 1, "[1670]狩人の夢★4": 2}

编号[f780bc1ca734680bdd47e65abebae8dd]
等级: 1
圣晶石: 127
圣晶片: 3
呼符: 50
金/银/铜/青苹果: 44/0/0/0
登陆天数: 15天 / 90天
从者: {"[13]罗宾汉(Archer)★3": 1, "[63]大卫(Archer)★3": 1, "[105]比利小子(Archer)★3": 2, "[15]尤瑞艾莉(Archer)★3": 1, "[95]幼吉尔(Archer)★3": 2, "[22]罗穆路斯(Lancer)★3": 1, "[64]赫克托耳(Lancer)★3": 1, "[228]忠贞(Lancer)★4": 1, "[23]歌果(Rider)★3": 3, "[26]布狄卡(Rider)★3": 1, "[273]曼迪卡尔多(Rider)★3": 2, "[366]黄飛虎(Rider)★4": 1, "[31]美狄亚(Caster)★3": 1, "[74]童谣(Caster)★4": 1, "[79]冯·霍恩海姆·帕拉塞尔苏斯(Caster)★3": 2, "[80]查尔斯·巴贝奇(Caster)★3": 1, "[35]梅菲斯托费勒斯(Caster)★3": 1, "[192]喀耳刻(Caster)★4": 2, "[284]阿尔托莉雅·卡斯特(Caster)★5": 1, "[124]静谧哈桑(Assassin)★3": 1, "[42]匕见(Assassin)★3": 1, "[117]风魔小太郎(Assassin)★3": 3, "[49]虎狼(Berserker)★3": 1, "[58]玉藻猫(Berserker)★4": 1, "[1]玛修·基列莱特(Shielder)★3": 1, "[352]徐福(Alterego)★3": 1}
礼装: {"[21]钢之锻炼★4": 1, "[56]指令咏唱★4": 1, "[75]五百年的执着★5": 1, "[91]爱之灵药★3": 2, "[243]Bronze-Link Manipulators★3": 2, "[246]特辣麻婆豆腐★3": 1, "[247]宝石剑泽尔里奇★3": 1, "[331]佛拉格拉克★3": 2, "[332]天之逆月★3": 3, "[418]固有结界★3": 2, "[419]返老还童的灵药★3": 1, "[420]谜之面具群★3": 1, "[674]神造兵器★3": 3, "[774]最后的叙述者★4": 1, "[1270]庆祝回忆★5": 3, "[1271]头脑风暴★4": 4, "[1272]散状花★3": 3, "[1415]匮乏之人★3": 1, "[1610]枯れない花★3": 3, "[1691]逆堕つ泥雨★5": 1, "[1692]免許皆伝★4": 1}

编号[27fa2c2b11a1e8dc503ddeec4d270285]
等级: 1
圣晶石: 163
圣晶片: 3
呼符: 50
金/银/铜/青苹果: 44/0/0/0
登陆天数: 15天 / 90天
从者: {"[7]盖乌斯·尤利乌斯·恺撒(Saber)★3": 1, "[72]弗格斯·马克·罗伊(Saber)★3": 1, "[298]渡边纲(Saber)★4": 2, "[13]罗宾汉(Archer)★3": 1, "[63]大卫(Archer)★3": 2, "[17]库·丘林(Lancer)★3": 2, "[186]宝藏院胤舜(Lancer)★3": 1, "[27]牛若丸(Rider)★3": 2, "[28]亚历山大(Rider)★3": 1, "[31]美狄亚(Caster)★3": 1, "[79]冯·霍恩海姆·帕拉塞尔苏斯(Caster)★3": 1, "[80]查尔斯·巴贝奇(Caster)★3": 1, "[35]梅菲斯托费勒斯(Caster)★3": 1, "[104]杰罗尼莫(Caster)★3": 1, "[284]阿尔托莉雅·卡斯特(Caster)★5": 1, "[124]静谧哈桑(Assassin)★3": 1, "[46]卡米拉(Assassin)★4": 1, "[117]风魔小太郎(Assassin)★3": 1, "[55]大流士三世(Berserker)★3": 1, "[1]玛修·基列莱特(Shielder)★3": 1}
礼装: {"[56]指令咏唱★4": 1, "[91]爱之灵药★3": 2, "[98]千年黄金树★4": 1, "[176]记录保持者★4": 1, "[184]柔软的慈爱★4": 1, "[243]Bronze-Link Manipulators★3": 2, "[244]四枝之浅滩★3": 2, "[333]许德拉匕首★3": 3, "[246]特辣麻婆豆腐★3": 2, "[247]宝石剑泽尔里奇★3": 1, "[265]卡姆兰之战★3": 1, "[331]佛拉格拉克★3": 1, "[418]固有结界★3": 1, "[420]谜之面具群★3": 1, "[580]瓦砾的圣堂★3": 2, "[581]手无寸铁慎二君★3": 1, "[582]阿特拉斯院★3": 1, "[1270]庆祝回忆★5": 1, "[1271]头脑风暴★4": 4, "[1272]散状花★3": 4, "[1415]匮乏之人★3": 1, "[1458]魔道元帅★5": 1, "[1513]穂群原学園生徒会長★3": 1, "[1608]悲願の継承★4": 1}

编号[076a07baff850f725161adbcecf22b16]
等级: 1
圣晶石: 41
圣晶片: 3
呼符: 26
金/银/铜/青苹果: 44/0/0/0
登陆天数: 15天 / 90天
从者: {"[72]弗格斯·马克·罗伊(Saber)★3": 1, "[101]罗摩(Saber)★4": 1, "[10]骑士迪昂(Saber)★4": 1, "[11]卫宫(Archer)★4": 1, "[13]罗宾汉(Archer)★3": 1, "[63]大卫(Archer)★3": 1, "[15]尤瑞艾莉(Archer)★3": 1, "[125]俵藤太(Archer)★3": 1, "[95]幼吉尔(Archer)★3": 2, "[246]威廉·退尔(Archer)★3": 2, "[325]芝诺比阿(Archer)★4": 1, "[17]库·丘林(Lancer)★3": 1, "[71]迪尔姆德·奥迪那(Lancer)★3": 1, "[18]伊丽莎白·巴托里(Lancer)★4": 2, "[20]库·丘林〔Prototype〕(Lancer)★3": 1, "[64]赫克托耳(Lancer)★3": 2, "[94]阿斯托尔福(Rider)★4": 1, "[27]牛若丸(Rider)★3": 2, "[28]亚历山大(Rider)★3": 2, "[273]曼迪卡尔多(Rider)★3": 1, "[31]美狄亚(Caster)★3": 1, "[74]童谣(Caster)★4": 1, "[80]查尔斯·巴贝奇(Caster)★3": 2, "[35]梅菲斯托费勒斯(Caster)★3": 1, "[104]杰罗尼莫(Caster)★3": 1, "[100]海伦娜·布拉瓦茨基(Caster)★4": 1, "[203]阿维斯布隆(Caster)★3": 1, "[284]阿尔托莉雅·卡斯特(Caster)★5": 1, "[348]張角(Caster)★3": 4, "[110]百貌哈桑(Assassin)★3": 1, "[81]亨利·杰基尔＆海德(Assassin)★3": 2, "[124]静谧哈桑(Assassin)★3": 1, "[42]匕见(Assassin)★3": 1, "[117]风魔小太郎(Assassin)★3": 2, "[159]燕青(Assassin)★4": 1, "[49]虎狼(Berserker)★3": 2, "[56]清姬(Berserker)★3": 1, "[1]玛修·基列莱特(Shielder)★3": 1, "[352]徐福(Alterego)★3": 1}
礼装: {"[21]钢之锻炼★4": 2, "[56]指令咏唱★4": 1, "[57]月之胜利者★5": 1, "[91]爱之灵药★3": 1, "[186]情窦未开的千金★4": 1, "[332]天之逆月★3": 1, "[401]私室警备员★4": 1, "[418]固有结界★3": 1, "[585]幻想种★3": 2, "[674]神造兵器★3": 1, "[1270]庆祝回忆★5": 1, "[1271]头脑风暴★4": 10, "[1272]散状花★3": 10, "[1413]虚数属性★4": 1, "[1415]匮乏之人★3": 1, "[1485]冬之结晶★4": 1, "[1512]庭園の守り人★4": 2, "[1513]穂群原学園生徒会長★3": 2, "[1577]告解の惑い場★4": 1, "[1608]悲願の継承★4": 1, "[1610]枯れない花★3": 2}

编号[f603c85b67d6adacaff8e711cb6f223c]
等级: 1
圣晶石: 62
圣晶片: 3
呼符: 0
金/银/铜/青苹果: 44/0/0/0
登陆天数: 15天 / 90天
从者: {"[7]盖乌斯·尤利乌斯·恺撒(Saber)★3": 2, "[121]兰斯洛特(Saber)★4": 1, "[9]吉尔·德·雷(Saber)★3": 1, "[10]骑士迪昂(Saber)★4": 1, "[245]拉克什米·芭伊(Saber)★4": 1, "[298]渡边纲(Saber)★4": 1, "[13]罗宾汉(Archer)★3": 1, "[63]大卫(Archer)★3": 2, "[105]比利小子(Archer)★3": 1, "[15]尤瑞艾莉(Archer)★3": 1, "[125]俵藤太(Archer)★3": 2, "[246]威廉·退尔(Archer)★3": 2, "[17]库·丘林(Lancer)★3": 2, "[71]迪尔姆德·奥迪那(Lancer)★3": 1, "[20]库·丘林〔Prototype〕(Lancer)★3": 1, "[22]罗穆路斯(Lancer)★3": 4, "[186]宝藏院胤舜(Lancer)★3": 2, "[64]赫克托耳(Lancer)★3": 2, "[228]忠贞(Lancer)★4": 1, "[23]歌果(Rider)★3": 1, "[94]阿斯托尔福(Rider)★4": 2, "[26]布狄卡(Rider)★3": 2, "[27]牛若丸(Rider)★3": 3, "[28]亚历山大(Rider)★3": 1, "[273]曼迪卡尔多(Rider)★3": 1, "[31]美狄亚(Caster)★3": 1, "[79]冯·霍恩海姆·帕拉塞尔苏斯(Caster)★3": 2, "[80]查尔斯·巴贝奇(Caster)★3": 1, "[35]梅菲斯托费勒斯(Caster)★3": 2, "[203]阿维斯布隆(Caster)★3": 1, "[284]阿尔托莉雅·卡斯特(Caster)★5": 1, "[348]張角(Caster)★3": 1, "[110]百貌哈桑(Assassin)★3": 2, "[81]亨利·杰基尔＆海德(Assassin)★3": 1, "[124]静谧哈桑(Assassin)★3": 2, "[117]风魔小太郎(Assassin)★3": 1, "[47]赫拉克勒斯(Berserker)★4": 1, "[82]弗兰肯斯坦(Berserker)★4": 1, "[89]贝奥武夫(Berserker)★4": 1, "[55]大流士三世(Berserker)★3": 2, "[56]清姬(Berserker)★3": 3, "[1]玛修·基列莱特(Shielder)★3": 1, "[352]徐福(Alterego)★3": 2}
礼装: {"[21]钢之锻炼★4": 1, "[40]宇宙棱镜★5": 1, "[56]指令咏唱★4": 2, "[89]柳洞寺★3": 1, "[243]Bronze-Link Manipulators★3": 1, "[244]四枝之浅滩★3": 1, "[333]许德拉匕首★3": 1, "[246]特辣麻婆豆腐★3": 1, "[247]宝石剑泽尔里奇★3": 1, "[265]卡姆兰之战★3": 1, "[418]固有结界★3": 2, "[419]返老还童的灵药★3": 1, "[420]谜之面具群★3": 6, "[581]手无寸铁慎二君★3": 1, "[585]幻想种★3": 1, "[674]神造兵器★3": 1, "[1016]狂舞曲★4": 1, "[1270]庆祝回忆★5": 9, "[1271]头脑风暴★4": 8, "[1272]散状花★3": 13, "[1414]愿望之容器★4": 1, "[1415]匮乏之人★3": 2, "[1511]冬の聖女★5": 1, "[1512]庭園の守り人★4": 1, "[1513]穂群原学園生徒会長★3": 6, "[1576]華の楽土★4": 1, "[1607]投影装填★4": 1, "[1610]枯れない花★3": 1, "[1670]狩人の夢★4": 2}

编号[a97f8554709c2ea57b35f568c0140668]
等级: 1
圣晶石: 265
圣晶片: 3
呼符: 50
金/银/铜/青苹果: 44/0/0/0
登陆天数: 15天 / 90天
从者: {"[72]弗格斯·马克·罗伊(Saber)★3": 1, "[245]拉克什米·芭伊(Saber)★4": 1, "[105]比利小子(Archer)★3": 1, "[15]尤瑞艾莉(Archer)★3": 1, "[95]幼吉尔(Archer)★3": 2, "[22]罗穆路斯(Lancer)★3": 1, "[284]阿尔托莉雅·卡斯特(Caster)★5": 1, "[81]亨利·杰基尔＆海德(Assassin)★3": 1, "[124]静谧哈桑(Assassin)★3": 2, "[41]斯忒诺(Assassin)★4": 1, "[117]风魔小太郎(Assassin)★3": 1, "[47]赫拉克勒斯(Berserker)★4": 1, "[49]虎狼(Berserker)★3": 1, "[55]大流士三世(Berserker)★3": 1, "[1]玛修·基列莱特(Shielder)★3": 1}
礼装: {"[581]手无寸铁慎二君★3": 1, "[1271]头脑风暴★4": 1, "[1513]穂群原学園生徒会長★3": 1, "[1576]華の楽土★4": 1}

编号[a3a42dd1c33bcf9c60b60c19f67c03e5]
等级: 1
圣晶石: 2
圣晶片: 3
呼符: 0
金/银/铜/青苹果: 44/0/0/0
登陆天数: 15天 / 90天
从者: {"[7]盖乌斯·尤利乌斯·恺撒(Saber)★3": 1, "[72]弗格斯·马克·罗伊(Saber)★3": 6, "[121]兰斯洛特(Saber)★4": 1, "[9]吉尔·德·雷(Saber)★3": 1, "[227]兰陵王(Saber)★4": 1, "[13]罗宾汉(Archer)★3": 1, "[63]大卫(Archer)★3": 1, "[105]比利小子(Archer)★3": 2, "[95]幼吉尔(Archer)★3": 2, "[207]喀戎(Archer)★4": 1, "[17]库·丘林(Lancer)★3": 1, "[71]迪尔姆德·奥迪那(Lancer)★3": 3, "[18]伊丽莎白·巴托里(Lancer)★4": 1, "[20]库·丘林〔Prototype〕(Lancer)★3": 2, "[22]罗穆路斯(Lancer)★3": 1, "[186]宝藏院胤舜(Lancer)★3": 2, "[64]赫克托耳(Lancer)★3": 1, "[23]歌果(Rider)★3": 2, "[26]布狄卡(Rider)★3": 1, "[27]牛若丸(Rider)★3": 2, "[28]亚历山大(Rider)★3": 2, "[273]曼迪卡尔多(Rider)★3": 2, "[332]ドブルイニャ・ニキチッチ(Rider)★4": 1, "[31]美狄亚(Caster)★3": 1, "[35]梅菲斯托费勒斯(Caster)★3": 3, "[104]杰罗尼莫(Caster)★3": 1, "[100]海伦娜·布拉瓦茨基(Caster)★4": 1, "[203]阿维斯布隆(Caster)★3": 1, "[348]張角(Caster)★3": 3, "[110]百貌哈桑(Assassin)★3": 2, "[81]亨利·杰基尔＆海德(Assassin)★3": 2, "[124]静谧哈桑(Assassin)★3": 1, "[42]匕见(Assassin)★3": 2, "[109]卫宫〔Assassin〕(Assassin)★4": 2, "[117]风魔小太郎(Assassin)★3": 1, "[159]燕青(Assassin)★4": 1, "[48]兰斯洛特(Berserker)★4": 1, "[49]虎狼(Berserker)★3": 4, "[55]大流士三世(Berserker)★3": 2, "[58]玉藻猫(Berserker)★4": 1, "[171]彭忒西勒亚(Berserker)★4": 1, "[1]玛修·基列莱特(Shielder)★3": 1, "[352]徐福(Alterego)★3": 3, "[158]黑森·罗伯(Avenger)★4": 1}
礼装: {"[21]钢之锻炼★4": 1, "[37]芦苇海★3": 1, "[56]指令咏唱★4": 1, "[74]觉醒的意志★4": 1, "[89]柳洞寺★3": 1, "[91]爱之灵药★3": 1, "[93]阿兰若★3": 1, "[183]死之艺术★4": 1, "[243]Bronze-Link Manipulators★3": 2, "[244]四枝之浅滩★3": 1, "[247]宝石剑泽尔里奇★3": 1, "[263]起源弹★5": 1, "[265]卡姆兰之战★3": 2, "[331]佛拉格拉克★3": 3, "[332]天之逆月★3": 1, "[419]返老还童的灵药★3": 2, "[582]阿特拉斯院★3": 1, "[674]神造兵器★3": 3, "[691]噬魂★3": 1, "[774]最后的叙述者★4": 1, "[815]樱的特制便当★3": 1, "[1208]韵律诗节★4": 1, "[1270]庆祝回忆★5": 4, "[1271]头脑风暴★4": 6, "[1272]散状花★3": 10, "[1412]宝石的魔弹★4": 2, "[1414]愿望之容器★4": 1, "[1415]匮乏之人★3": 4, "[1512]庭園の守り人★4": 2, "[1513]穂群原学園生徒会長★3": 4, "[1576]華の楽土★4": 2, "[1607]投影装填★4": 1}

编号[a7609bbed9d2423aed8acf852670cb28]
等级: 1
圣晶石: 151
圣晶片: 3
呼符: 50
金/银/铜/青苹果: 44/0/0/0
登陆天数: 15天 / 90天
从者: {"[7]盖乌斯·尤利乌斯·恺撒(Saber)★3": 1, "[165]铃鹿御前(Saber)★4": 1, "[13]罗宾汉(Archer)★3": 1, "[105]比利小子(Archer)★3": 1, "[125]俵藤太(Archer)★3": 1, "[71]迪尔姆德·奥迪那(Lancer)★3": 2, "[20]库·丘林〔Prototype〕(Lancer)★3": 2, "[143]恩奇都(Lancer)★5": 1, "[146]美杜莎(Lancer)★4": 1, "[214]瓦尔基里(Lancer)★4": 1, "[23]歌果(Rider)★3": 1, "[26]布狄卡(Rider)★3": 1, "[27]牛若丸(Rider)★3": 2, "[273]曼迪卡尔多(Rider)★3": 2, "[31]美狄亚(Caster)★3": 1, "[80]查尔斯·巴贝奇(Caster)★3": 1, "[37]诸葛孔明〔埃尔梅罗Ⅱ世〕(Caster)★5": 1, "[284]阿尔托莉雅·卡斯特(Caster)★5": 1, "[348]張角(Caster)★3": 2, "[110]百貌哈桑(Assassin)★3": 1, "[81]亨利·杰基尔＆海德(Assassin)★3": 1, "[42]匕见(Assassin)★3": 1, "[49]虎狼(Berserker)★3": 1, "[55]大流士三世(Berserker)★3": 1, "[1]玛修·基列莱特(Shielder)★3": 1}
礼装: {"[26]宝石魔术·对影★4": 1, "[48]黑之圣杯★5": 1, "[73]死灵魔术★4": 1, "[89]柳洞寺★3": 3, "[91]爱之灵药★3": 1, "[176]记录保持者★4": 2, "[182]毒蛇一艺★4": 1, "[186]情窦未开的千金★4": 1, "[243]Bronze-Link Manipulators★3": 1, "[244]四枝之浅滩★3": 1, "[331]佛拉格拉克★3": 1, "[418]固有结界★3": 1, "[420]谜之面具群★3": 1, "[581]手无寸铁慎二君★3": 1, "[674]神造兵器★3": 1, "[691]噬魂★3": 1, "[815]樱的特制便当★3": 2, "[1270]庆祝回忆★5": 2, "[1271]头脑风暴★4": 4, "[1272]散状花★3": 4, "[1412]宝石的魔弹★4": 1, "[1415]匮乏之人★3": 1}

编号[28d41f15e229ba0076021bb9528fc86d]
等级: 1
圣晶石: 214
圣晶片: 3
呼符: 50
金/银/铜/青苹果: 44/0/0/0
登陆天数: 15天 / 90天
从者: {"[7]盖乌斯·尤利乌斯·恺撒(Saber)★3": 1, "[72]弗格斯·马克·罗伊(Saber)★3": 2, "[9]吉尔·德·雷(Saber)★3": 2, "[105]比利小子(Archer)★3": 1, "[125]俵藤太(Archer)★3": 1, "[325]芝诺比阿(Archer)★4": 1, "[17]库·丘林(Lancer)★3": 1, "[20]库·丘林〔Prototype〕(Lancer)★3": 1, "[22]罗穆路斯(Lancer)★3": 1, "[214]瓦尔基里(Lancer)★4": 1, "[332]ドブルイニャ・ニキチッチ(Rider)★4": 1, "[31]美狄亚(Caster)★3": 2, "[79]冯·霍恩海姆·帕拉塞尔苏斯(Caster)★3": 1, "[35]梅菲斯托费勒斯(Caster)★3": 1, "[104]杰罗尼莫(Caster)★3": 1, "[192]喀耳刻(Caster)★4": 1, "[284]阿尔托莉雅·卡斯特(Caster)★5": 1, "[41]斯忒诺(Assassin)★4": 2, "[46]卡米拉(Assassin)★4": 1, "[117]风魔小太郎(Assassin)★3": 1, "[49]虎狼(Berserker)★3": 1, "[1]玛修·基列莱特(Shielder)★3": 1, "[352]徐福(Alterego)★3": 1}
礼装: {"[39]抹大拉的圣骸布★4": 1, "[93]阿兰若★3": 1, "[419]返老还童的灵药★3": 1, "[581]手无寸铁慎二君★3": 1, "[585]幻想种★3": 1, "[815]樱的特制便当★3": 1, "[1270]庆祝回忆★5": 2, "[1271]头脑风暴★4": 1, "[1272]散状花★3": 2, "[1414]愿望之容器★4": 1, "[1512]庭園の守り人★4": 1, "[1610]枯れない花★3": 1}

编号[b2c47fc047450d7088b0d63aca33575c]
等级: 1
圣晶石: 46
圣晶片: 3
呼符: 50
金/银/铜/青苹果: 44/0/0/0
登陆天数: 15天 / 90天
从者: {"[9]吉尔·德·雷(Saber)★3": 1, "[13]罗宾汉(Archer)★3": 4, "[63]大卫(Archer)★3": 1, "[105]比利小子(Archer)★3": 2, "[125]俵藤太(Archer)★3": 1, "[207]喀戎(Archer)★4": 1, "[246]威廉·退尔(Archer)★3": 1, "[17]库·丘林(Lancer)★3": 1, "[71]迪尔姆德·奥迪那(Lancer)★3": 2, "[20]库·丘林〔Prototype〕(Lancer)★3": 1, "[22]罗穆路斯(Lancer)★3": 3, "[186]宝藏院胤舜(Lancer)★3": 2, "[64]赫克托耳(Lancer)★3": 2, "[23]歌果(Rider)★3": 1, "[26]布狄卡(Rider)★3": 2, "[27]牛若丸(Rider)★3": 1, "[28]亚历山大(Rider)★3": 3, "[273]曼迪卡尔多(Rider)★3": 1, "[31]美狄亚(Caster)★3": 1, "[35]梅菲斯托费勒斯(Caster)★3": 1, "[104]杰罗尼莫(Caster)★3": 2, "[284]阿尔托莉雅·卡斯特(Caster)★5": 1, "[110]百貌哈桑(Assassin)★3": 1, "[81]亨利·杰基尔＆海德(Assassin)★3": 2, "[117]风魔小太郎(Assassin)★3": 1, "[159]燕青(Assassin)★4": 1, "[185]望月千代女(Assassin)★4": 1, "[49]虎狼(Berserker)★3": 2, "[1]玛修·基列莱特(Shielder)★3": 1}
礼装: {"[26]宝石魔术·对影★4": 1, "[39]抹大拉的圣骸布★4": 1, "[56]指令咏唱★4": 1, "[74]觉醒的意志★4": 1, "[243]Bronze-Link Manipulators★3": 2, "[244]四枝之浅滩★3": 1, "[333]许德拉匕首★3": 2, "[246]特辣麻婆豆腐★3": 1, "[264]援护射击★4": 1, "[265]卡姆兰之战★3": 3, "[331]佛拉格拉克★3": 3, "[332]天之逆月★3": 2, "[418]固有结界★3": 1, "[419]返老还童的灵药★3": 1, "[420]谜之面具群★3": 3, "[580]瓦砾的圣堂★3": 3, "[581]手无寸铁慎二君★3": 4, "[585]幻想种★3": 2, "[674]神造兵器★3": 1, "[691]噬魂★3": 2, "[815]樱的特制便当★3": 3, "[913]远方的前路★4": 1, "[1270]庆祝回忆★5": 4, "[1271]头脑风暴★4": 1, "[1272]散状花★3": 4, "[1513]穂群原学園生徒会長★3": 2, "[1607]投影装填★4": 1, "[1610]枯れない花★3": 4, "[1670]狩人の夢★4": 2}

编号[116654a2900b221943aad60b1878aeff]
等级: 1
圣晶石: 41
圣晶片: 3
呼符: 9
金/银/铜/青苹果: 44/0/0/0
登陆天数: 15天 / 90天
从者: {"[7]盖乌斯·尤利乌斯·恺撒(Saber)★3": 1, "[72]弗格斯·马克·罗伊(Saber)★3": 1, "[9]吉尔·德·雷(Saber)★3": 4, "[13]罗宾汉(Archer)★3": 2, "[63]大卫(Archer)★3": 2, "[105]比利小子(Archer)★3": 1, "[125]俵藤太(Archer)★3": 1, "[95]幼吉尔(Archer)★3": 2, "[246]威廉·退尔(Archer)★3": 1, "[325]芝诺比阿(Archer)★4": 1, "[17]库·丘林(Lancer)★3": 1, "[71]迪尔姆德·奥迪那(Lancer)★3": 1, "[22]罗穆路斯(Lancer)★3": 2, "[186]宝藏院胤舜(Lancer)★3": 1, "[64]赫克托耳(Lancer)★3": 2, "[183]帕尔瓦蒂(Lancer)★4": 1, "[23]歌果(Rider)★3": 1, "[66]安妮·伯妮＆玛莉·瑞德(Rider)★4": 1, "[27]牛若丸(Rider)★3": 1, "[28]亚历山大(Rider)★3": 2, "[273]曼迪卡尔多(Rider)★3": 1, "[366]黄飛虎(Rider)★4": 1, "[31]美狄亚(Caster)★3": 2, "[79]冯·霍恩海姆·帕拉塞尔苏斯(Caster)★3": 2, "[80]查尔斯·巴贝奇(Caster)★3": 1, "[120]尼托克丽丝(Caster)★4": 1, "[35]梅菲斯托费勒斯(Caster)★3": 2, "[203]阿维斯布隆(Caster)★3": 1, "[348]張角(Caster)★3": 2, "[110]百貌哈桑(Assassin)★3": 2, "[81]亨利·杰基尔＆海德(Assassin)★3": 1, "[124]静谧哈桑(Assassin)★3": 1, "[41]斯忒诺(Assassin)★4": 1, "[42]匕见(Assassin)★3": 1, "[159]燕青(Assassin)★4": 1, "[47]赫拉克勒斯(Berserker)★4": 1, "[49]虎狼(Berserker)★3": 1, "[55]大流士三世(Berserker)★3": 1, "[56]清姬(Berserker)★3": 1, "[1]玛修·基列莱特(Shielder)★3": 1, "[242]阿斯特赖亚(Ruler)★4": 1, "[352]徐福(Alterego)★3": 2}
礼装: {"[21]钢之锻炼★4": 1, "[22]原始咒术★4": 1, "[33]限制/零毁★5": 1, "[37]芦苇海★3": 1, "[48]黑之圣杯★5": 1, "[56]指令咏唱★4": 1, "[73]死灵魔术★4": 1, "[175]理想的王圣★5": 1, "[182]毒蛇一艺★4": 1, "[243]Bronze-Link Manipulators★3": 2, "[333]许德拉匕首★3": 1, "[246]特辣麻婆豆腐★3": 1, "[263]起源弹★5": 1, "[331]佛拉格拉克★3": 1, "[401]私室警备员★4": 1, "[420]谜之面具群★3": 4, "[581]手无寸铁慎二君★3": 1, "[582]阿特拉斯院★3": 1, "[585]幻想种★3": 1, "[815]樱的特制便当★3": 1, "[913]远方的前路★4": 1, "[1207]黑魔术★5": 1, "[1270]庆祝回忆★5": 2, "[1271]头脑风暴★4": 2, "[1272]散状花★3": 13, "[1316]王者的气质★4": 1, "[1412]宝石的魔弹★4": 1, "[1513]穂群原学園生徒会長★3": 2, "[1576]華の楽土★4": 1, "[1608]悲願の継承★4": 1, "[1610]枯れない花★3": 2, "[1670]狩人の夢★4": 2}

编号[6e61880200cd5e557950cf6598681666]
等级: 1
圣晶石: 121
圣晶片: 3
呼符: 50
金/银/铜/青苹果: 44/0/0/0
登陆天数: 15天 / 90天
从者: {"[7]盖乌斯·尤利乌斯·恺撒(Saber)★3": 2, "[72]弗格斯·马克·罗伊(Saber)★3": 1, "[13]罗宾汉(Archer)★3": 2, "[63]大卫(Archer)★3": 1, "[105]比利小子(Archer)★3": 1, "[125]俵藤太(Archer)★3": 2, "[246]威廉·退尔(Archer)★3": 1, "[71]迪尔姆德·奥迪那(Lancer)★3": 2, "[140]弗拉德三世〔EXTRA〕(Lancer)★4": 1, "[20]库·丘林〔Prototype〕(Lancer)★3": 1, "[22]罗穆路斯(Lancer)★3": 2, "[64]赫克托耳(Lancer)★3": 1, "[23]歌果(Rider)★3": 1, "[26]布狄卡(Rider)★3": 2, "[28]亚历山大(Rider)★3": 1, "[273]曼迪卡尔多(Rider)★3": 1, "[31]美狄亚(Caster)★3": 2, "[79]冯·霍恩海姆·帕拉塞尔苏斯(Caster)★3": 3, "[35]梅菲斯托费勒斯(Caster)★3": 3, "[284]阿尔托莉雅·卡斯特(Caster)★5": 1, "[42]匕见(Assassin)★3": 3, "[159]燕青(Assassin)★4": 2, "[49]虎狼(Berserker)★3": 1, "[1]玛修·基列莱特(Shielder)★3": 1}
礼装: {"[26]宝石魔术·对影★4": 2, "[39]抹大拉的圣骸布★4": 1, "[89]柳洞寺★3": 1, "[91]爱之灵药★3": 1, "[176]记录保持者★4": 1, "[188]觉醒之前★5": 1, "[243]Bronze-Link Manipulators★3": 1, "[244]四枝之浅滩★3": 1, "[246]特辣麻婆豆腐★3": 2, "[247]宝石剑泽尔里奇★3": 1, "[265]卡姆兰之战★3": 1, "[331]佛拉格拉克★3": 1, "[418]固有结界★3": 1, "[419]返老还童的灵药★3": 1, "[420]谜之面具群★3": 1, "[585]幻想种★3": 1, "[674]神造兵器★3": 1, "[774]最后的叙述者★4": 1, "[814]清扫者★4": 1, "[815]樱的特制便当★3": 2, "[1208]韵律诗节★4": 1, "[1270]庆祝回忆★5": 3, "[1271]头脑风暴★4": 5, "[1272]散状花★3": 2, "[1415]匮乏之人★3": 1, "[1513]穂群原学園生徒会長★3": 1, "[1610]枯れない花★3": 1}

编号[3ce42b1d2de661af1a8318bdc8fdaeff]
等级: 1
圣晶石: 2
圣晶片: 3
呼符: 0
金/银/铜/青苹果: 44/0/0/0
登陆天数: 15天 / 90天
从者: {"[7]盖乌斯·尤利乌斯·恺撒(Saber)★3": 2, "[72]弗格斯·马克·罗伊(Saber)★3": 2, "[10]骑士迪昂(Saber)★4": 1, "[223]迪尔姆德·奥迪那(Saber)★4": 1, "[245]拉克什米·芭伊(Saber)★4": 1, "[13]罗宾汉(Archer)★3": 3, "[63]大卫(Archer)★3": 1, "[105]比利小子(Archer)★3": 3, "[15]尤瑞艾莉(Archer)★3": 4, "[125]俵藤太(Archer)★3": 3, "[95]幼吉尔(Archer)★3": 5, "[246]威廉·退尔(Archer)★3": 1, "[17]库·丘林(Lancer)★3": 3, "[71]迪尔姆德·奥迪那(Lancer)★3": 1, "[22]罗穆路斯(Lancer)★3": 2, "[186]宝藏院胤舜(Lancer)★3": 2, "[64]赫克托耳(Lancer)★3": 1, "[23]歌果(Rider)★3": 1, "[66]安妮·伯妮＆玛莉·瑞德(Rider)★4": 1, "[26]布狄卡(Rider)★3": 1, "[27]牛若丸(Rider)★3": 1, "[28]亚历山大(Rider)★3": 1, "[273]曼迪卡尔多(Rider)★3": 1, "[31]美狄亚(Caster)★3": 1, "[79]冯·霍恩海姆·帕拉塞尔苏斯(Caster)★3": 3, "[80]查尔斯·巴贝奇(Caster)★3": 2, "[120]尼托克丽丝(Caster)★4": 1, "[100]海伦娜·布拉瓦茨基(Caster)★4": 2, "[203]阿维斯布隆(Caster)★3": 2, "[348]張角(Caster)★3": 1, "[110]百貌哈桑(Assassin)★3": 1, "[81]亨利·杰基尔＆海德(Assassin)★3": 1, "[124]静谧哈桑(Assassin)★3": 2, "[42]匕见(Assassin)★3": 3, "[55]大流士三世(Berserker)★3": 2, "[56]清姬(Berserker)★3": 1, "[58]玉藻猫(Berserker)★4": 1, "[1]玛修·基列莱特(Shielder)★3": 1, "[242]阿斯特赖亚(Ruler)★4": 1, "[352]徐福(Alterego)★3": 4}
礼装: {"[42]Mooncell Automaton★3": 1, "[56]指令咏唱★4": 2, "[98]千年黄金树★4": 2, "[176]记录保持者★4": 2, "[186]情窦未开的千金★4": 1, "[333]许德拉匕首★3": 1, "[246]特辣麻婆豆腐★3": 1, "[247]宝石剑泽尔里奇★3": 2, "[265]卡姆兰之战★3": 1, "[331]佛拉格拉克★3": 2, "[332]天之逆月★3": 1, "[418]固有结界★3": 1, "[419]返老还童的灵药★3": 1, "[420]谜之面具群★3": 4, "[580]瓦砾的圣堂★3": 1, "[582]阿特拉斯院★3": 1, "[691]噬魂★3": 1, "[1270]庆祝回忆★5": 4, "[1271]头脑风暴★4": 4, "[1272]散状花★3": 20, "[1413]虚数属性★4": 1, "[1414]愿望之容器★4": 2, "[1415]匮乏之人★3": 1, "[1512]庭園の守り人★4": 2, "[1513]穂群原学園生徒会長★3": 4, "[1577]告解の惑い場★4": 1, "[1608]悲願の継承★4": 1, "[1609]代償魔術★4": 1}

编号[ae5d271de7a1fb9f33ec224a899060ea]
等级: 1
圣晶石: 2
圣晶片: 3
呼符: 0
金/银/铜/青苹果: 44/0/0/0
登陆天数: 15天 / 90天
从者: {"[6]齐格飞(Saber)★4": 1, "[7]盖乌斯·尤利乌斯·恺撒(Saber)★3": 2, "[72]弗格斯·马克·罗伊(Saber)★3": 1, "[9]吉尔·德·雷(Saber)★3": 1, "[13]罗宾汉(Archer)★3": 1, "[14]阿塔兰忒(Archer)★4": 1, "[63]大卫(Archer)★3": 2, "[105]比利小子(Archer)★3": 1, "[125]俵藤太(Archer)★3": 2, "[95]幼吉尔(Archer)★3": 1, "[246]威廉·退尔(Archer)★3": 2, "[17]库·丘林(Lancer)★3": 2, "[71]迪尔姆德·奥迪那(Lancer)★3": 3, "[20]库·丘林〔Prototype〕(Lancer)★3": 2, "[22]罗穆路斯(Lancer)★3": 1, "[186]宝藏院胤舜(Lancer)★3": 2, "[64]赫克托耳(Lancer)★3": 2, "[193]莲偶(Lancer)★4": 1, "[214]瓦尔基里(Lancer)★4": 1, "[23]歌果(Rider)★3": 1, "[27]牛若丸(Rider)★3": 2, "[28]亚历山大(Rider)★3": 1, "[273]曼迪卡尔多(Rider)★3": 3, "[31]美狄亚(Caster)★3": 2, "[79]冯·霍恩海姆·帕拉塞尔苏斯(Caster)★3": 1, "[80]查尔斯·巴贝奇(Caster)★3": 1, "[35]梅菲斯托费勒斯(Caster)★3": 4, "[104]杰罗尼莫(Caster)★3": 3, "[203]阿维斯布隆(Caster)★3": 2, "[348]張角(Caster)★3": 2, "[110]百貌哈桑(Assassin)★3": 2, "[81]亨利·杰基尔＆海德(Assassin)★3": 1, "[124]静谧哈桑(Assassin)★3": 1, "[42]匕见(Assassin)★3": 3, "[117]风魔小太郎(Assassin)★3": 1, "[159]燕青(Assassin)★4": 1, "[48]兰斯洛特(Berserker)★4": 1, "[49]虎狼(Berserker)★3": 2, "[55]大流士三世(Berserker)★3": 3, "[56]清姬(Berserker)★3": 1, "[1]玛修·基列莱特(Shielder)★3": 1}
礼装: {"[21]钢之锻炼★4": 1, "[24]Gandr★4": 1, "[40]宇宙棱镜★5": 1, "[56]指令咏唱★4": 1, "[89]柳洞寺★3": 2, "[91]爱之灵药★3": 2, "[93]阿兰若★3": 1, "[97]圣者凭依之躯★5": 1, "[333]许德拉匕首★3": 1, "[246]特辣麻婆豆腐★3": 2, "[247]宝石剑泽尔里奇★3": 2, "[264]援护射击★4": 1, "[265]卡姆兰之战★3": 1, "[331]佛拉格拉克★3": 4, "[332]天之逆月★3": 2, "[401]私室警备员★4": 1, "[418]固有结界★3": 1, "[419]返老还童的灵药★3": 3, "[420]谜之面具群★3": 1, "[582]阿特拉斯院★3": 1, "[691]噬魂★3": 1, "[815]樱的特制便当★3": 3, "[1208]韵律诗节★4": 1, "[1270]庆祝回忆★5": 6, "[1271]头脑风暴★4": 5, "[1272]散状花★3": 12, "[1413]虚数属性★4": 1, "[1414]愿望之容器★4": 1, "[1415]匮乏之人★3": 1, "[1606]五大元素使い★5": 1, "[1610]枯れない花★3": 2, "[1691]逆堕つ泥雨★5": 2}

编号[6059b31093ddf994430bbf25ae09b20d]
等级: 1
圣晶石: 41
圣晶片: 3
呼符: 40
金/银/铜/青苹果: 44/0/0/0
登陆天数: 15天 / 90天
从者: {"[72]弗格斯·马克·罗伊(Saber)★3": 2, "[9]吉尔·德·雷(Saber)★3": 1, "[227]兰陵王(Saber)★4": 1, "[245]拉克什米·芭伊(Saber)★4": 1, "[344]ローラン(Saber)★4": 1, "[14]阿塔兰忒(Archer)★4": 1, "[63]大卫(Archer)★3": 1, "[105]比利小子(Archer)★3": 1, "[15]尤瑞艾莉(Archer)★3": 1, "[125]俵藤太(Archer)★3": 1, "[95]幼吉尔(Archer)★3": 1, "[246]威廉·退尔(Archer)★3": 1, "[17]库·丘林(Lancer)★3": 1, "[71]迪尔姆德·奥迪那(Lancer)★3": 1, "[20]库·丘林〔Prototype〕(Lancer)★3": 1, "[22]罗穆路斯(Lancer)★3": 1, "[64]赫克托耳(Lancer)★3": 2, "[23]歌果(Rider)★3": 2, "[26]布狄卡(Rider)★3": 1, "[27]牛若丸(Rider)★3": 1, "[28]亚历山大(Rider)★3": 1, "[31]美狄亚(Caster)★3": 1, "[80]查尔斯·巴贝奇(Caster)★3": 1, "[104]杰罗尼莫(Caster)★3": 2, "[203]阿维斯布隆(Caster)★3": 1, "[284]阿尔托莉雅·卡斯特(Caster)★5": 1, "[348]張角(Caster)★3": 1, "[81]亨利·杰基尔＆海德(Assassin)★3": 1, "[117]风魔小太郎(Assassin)★3": 1, "[49]虎狼(Berserker)★3": 2, "[55]大流士三世(Berserker)★3": 1, "[56]清姬(Berserker)★3": 1, "[202]阿塔兰忒〔Alter〕(Berserker)★4": 1, "[1]玛修·基列莱特(Shielder)★3": 1, "[352]徐福(Alterego)★3": 1}
礼装: {"[26]宝石魔术·对影★4": 1, "[28]虚数魔术★4": 1, "[57]月之胜利者★5": 1, "[91]爱之灵药★3": 1, "[401]私室警备员★4": 1, "[418]固有结界★3": 2, "[420]谜之面具群★3": 3, "[774]最后的叙述者★4": 1, "[1270]庆祝回忆★5": 4, "[1271]头脑风暴★4": 4, "[1272]散状花★3": 13, "[1413]虚数属性★4": 1, "[1485]冬之结晶★4": 1, "[1512]庭園の守り人★4": 1, "[1576]華の楽土★4": 1, "[1577]告解の惑い場★4": 1, "[1610]枯れない花★3": 2, "[1670]狩人の夢★4": 1, "[1692]免許皆伝★4": 1}

编号[48bdaaaba23994c06a8ed5ccb712ef21]
等级: 1
圣晶石: 2
圣晶片: 3
呼符: 0
金/银/铜/青苹果: 44/0/0/0
登陆天数: 15天 / 90天
从者: {"[7]盖乌斯·尤利乌斯·恺撒(Saber)★3": 3, "[72]弗格斯·马克·罗伊(Saber)★3": 1, "[9]吉尔·德·雷(Saber)★3": 2, "[223]迪尔姆德·奥迪那(Saber)★4": 1, "[245]拉克什米·芭伊(Saber)★4": 1, "[13]罗宾汉(Archer)★3": 1, "[14]阿塔兰忒(Archer)★4": 1, "[63]大卫(Archer)★3": 2, "[105]比利小子(Archer)★3": 1, "[125]俵藤太(Archer)★3": 1, "[84]阿周那(Archer)★5": 1, "[246]威廉·退尔(Archer)★3": 1, "[325]芝诺比阿(Archer)★4": 1, "[17]库·丘林(Lancer)★3": 2, "[71]迪尔姆德·奥迪那(Lancer)★3": 1, "[140]弗拉德三世〔EXTRA〕(Lancer)★4": 1, "[20]库·丘林〔Prototype〕(Lancer)★3": 1, "[22]罗穆路斯(Lancer)★3": 1, "[186]宝藏院胤舜(Lancer)★3": 1, "[64]赫克托耳(Lancer)★3": 1, "[214]瓦尔基里(Lancer)★4": 1, "[23]歌果(Rider)★3": 1, "[26]布狄卡(Rider)★3": 1, "[27]牛若丸(Rider)★3": 2, "[28]亚历山大(Rider)★3": 2, "[273]曼迪卡尔多(Rider)★3": 1, "[31]美狄亚(Caster)★3": 3, "[79]冯·霍恩海姆·帕拉塞尔苏斯(Caster)★3": 1, "[80]查尔斯·巴贝奇(Caster)★3": 1, "[120]尼托克丽丝(Caster)★4": 1, "[35]梅菲斯托费勒斯(Caster)★3": 4, "[104]杰罗尼莫(Caster)★3": 3, "[203]阿维斯布隆(Caster)★3": 1, "[110]百貌哈桑(Assassin)★3": 1, "[81]亨利·杰基尔＆海德(Assassin)★3": 1, "[124]静谧哈桑(Assassin)★3": 3, "[42]匕见(Assassin)★3": 2, "[117]风魔小太郎(Assassin)★3": 2, "[159]燕青(Assassin)★4": 1, "[49]虎狼(Berserker)★3": 1, "[89]贝奥武夫(Berserker)★4": 1, "[55]大流士三世(Berserker)★3": 1, "[56]清姬(Berserker)★3": 2, "[1]玛修·基列莱特(Shielder)★3": 1, "[352]徐福(Alterego)★3": 2}
礼装: {"[21]钢之锻炼★4": 2, "[24]Gandr★4": 1, "[26]宝石魔术·对影★4": 2, "[89]柳洞寺★3": 2, "[91]爱之灵药★3": 1, "[175]理想的王圣★5": 1, "[182]毒蛇一艺★4": 1, "[186]情窦未开的千金★4": 2, "[243]Bronze-Link Manipulators★3": 4, "[246]特辣麻婆豆腐★3": 2, "[265]卡姆兰之战★3": 1, "[331]佛拉格拉克★3": 2, "[401]私室警备员★4": 1, "[418]固有结界★3": 1, "[419]返老还童的灵药★3": 2, "[420]谜之面具群★3": 4, "[580]瓦砾的圣堂★3": 1, "[581]手无寸铁慎二君★3": 1, "[582]阿特拉斯院★3": 1, "[585]幻想种★3": 2, "[674]神造兵器★3": 1, "[814]清扫者★4": 1, "[913]远方的前路★4": 2, "[1016]狂舞曲★4": 1, "[1208]韵律诗节★4": 1, "[1270]庆祝回忆★5": 4, "[1271]头脑风暴★4": 7, "[1272]散状花★3": 13, "[1316]王者的气质★4": 1, "[1415]匮乏之人★3": 3, "[1513]穂群原学園生徒会長★3": 2, "[1576]華の楽土★4": 1, "[1607]投影装填★4": 1, "[1610]枯れない花★3": 2, "[1692]免許皆伝★4": 1}

编号[3d92c5fc40ebbb1dbea9a05dcbdb9f42]
等级: 1
圣晶石: 172
圣晶片: 3
呼符: 50
金/银/铜/青苹果: 44/0/0/0
登陆天数: 15天 / 90天
从者: {"[7]盖乌斯·尤利乌斯·恺撒(Saber)★3": 3, "[9]吉尔·德·雷(Saber)★3": 1, "[10]骑士迪昂(Saber)★4": 1, "[13]罗宾汉(Archer)★3": 1, "[105]比利小子(Archer)★3": 1, "[246]威廉·退尔(Archer)★3": 1, "[17]库·丘林(Lancer)★3": 1, "[71]迪尔姆德·奥迪那(Lancer)★3": 2, "[87]芬恩·麦克库尔(Lancer)★4": 1, "[186]宝藏院胤舜(Lancer)★3": 1, "[23]歌果(Rider)★3": 2, "[28]亚历山大(Rider)★3": 1, "[332]ドブルイニャ・ニキチッチ(Rider)★4": 1, "[79]冯·霍恩海姆·帕拉塞尔苏斯(Caster)★3": 2, "[120]尼托克丽丝(Caster)★4": 1, "[35]梅菲斯托费勒斯(Caster)★3": 1, "[104]杰罗尼莫(Caster)★3": 1, "[192]喀耳刻(Caster)★4": 1, "[284]阿尔托莉雅·卡斯特(Caster)★5": 1, "[41]斯忒诺(Assassin)★4": 1, "[42]匕见(Assassin)★3": 1, "[117]风魔小太郎(Assassin)★3": 1, "[49]虎狼(Berserker)★3": 1, "[56]清姬(Berserker)★3": 1, "[1]玛修·基列莱特(Shielder)★3": 1, "[352]徐福(Alterego)★3": 1}
礼装: {"[21]钢之锻炼★4": 1, "[31]元素转换★5": 1, "[89]柳洞寺★3": 1, "[183]死之艺术★4": 1, "[184]柔软的慈爱★4": 1, "[243]Bronze-Link Manipulators★3": 1, "[333]许德拉匕首★3": 1, "[331]佛拉格拉克★3": 1, "[419]返老还童的灵药★3": 1, "[585]幻想种★3": 2, "[674]神造兵器★3": 1, "[1270]庆祝回忆★5": 3, "[1271]头脑风暴★4": 4, "[1272]散状花★3": 3, "[1513]穂群原学園生徒会長★3": 1, "[1670]狩人の夢★4": 1, "[1692]免許皆伝★4": 1}

编号[501930a9429435cc0bb9b3fe2af7b9be]
等级: 1
圣晶石: 41
圣晶片: 3
呼符: 32
金/银/铜/青苹果: 44/0/0/0
登陆天数: 15天 / 90天
从者: {"[72]弗格斯·马克·罗伊(Saber)★3": 1, "[9]吉尔·德·雷(Saber)★3": 1, "[227]兰陵王(Saber)★4": 1, "[13]罗宾汉(Archer)★3": 1, "[63]大卫(Archer)★3": 1, "[105]比利小子(Archer)★3": 1, "[15]尤瑞艾莉(Archer)★3": 1, "[125]俵藤太(Archer)★3": 2, "[20]库·丘林〔Prototype〕(Lancer)★3": 1, "[22]罗穆路斯(Lancer)★3": 1, "[193]莲偶(Lancer)★4": 1, "[313]珀西瓦尔(Lancer)★4": 1, "[23]歌果(Rider)★3": 2, "[26]布狄卡(Rider)★3": 3, "[27]牛若丸(Rider)★3": 1, "[28]亚历山大(Rider)★3": 1, "[273]曼迪卡尔多(Rider)★3": 1, "[31]美狄亚(Caster)★3": 2, "[79]冯·霍恩海姆·帕拉塞尔苏斯(Caster)★3": 2, "[80]查尔斯·巴贝奇(Caster)★3": 1, "[35]梅菲斯托费勒斯(Caster)★3": 1, "[104]杰罗尼莫(Caster)★3": 1, "[284]阿尔托莉雅·卡斯特(Caster)★5": 1, "[348]張角(Caster)★3": 4, "[110]百貌哈桑(Assassin)★3": 1, "[81]亨利·杰基尔＆海德(Assassin)★3": 2, "[42]匕见(Assassin)★3": 1, "[109]卫宫〔Assassin〕(Assassin)★4": 1, "[159]燕青(Assassin)★4": 1, "[47]赫拉克勒斯(Berserker)★4": 1, "[49]虎狼(Berserker)★3": 1, "[1]玛修·基列莱特(Shielder)★3": 1, "[352]徐福(Alterego)★3": 1}
礼装: {"[21]钢之锻炼★4": 1, "[26]宝石魔术·对影★4": 1, "[28]虚数魔术★4": 1, "[57]月之胜利者★5": 1, "[74]觉醒的意志★4": 1, "[89]柳洞寺★3": 1, "[91]爱之灵药★3": 2, "[186]情窦未开的千金★4": 1, "[244]四枝之浅滩★3": 1, "[246]特辣麻婆豆腐★3": 1, "[247]宝石剑泽尔里奇★3": 1, "[331]佛拉格拉克★3": 1, "[420]谜之面具群★3": 2, "[582]阿特拉斯院★3": 1, "[815]樱的特制便当★3": 1, "[1270]庆祝回忆★5": 2, "[1271]头脑风暴★4": 5, "[1272]散状花★3": 10, "[1412]宝石的魔弹★4": 1, "[1415]匮乏之人★3": 1, "[1513]穂群原学園生徒会長★3": 2, "[1610]枯れない花★3": 1}

编号[9b6aae0a5ecae3469fa411c292d44a43]
等级: 1
圣晶石: 289
圣晶片: 3
呼符: 50
金/银/铜/青苹果: 44/0/0/0
登陆天数: 15天 / 90天
从者: {"[298]渡边纲(Saber)★4": 1, "[17]库·丘林(Lancer)★3": 1, "[23]歌果(Rider)★3": 1, "[94]阿斯托尔福(Rider)★4": 1, "[27]牛若丸(Rider)★3": 1, "[332]ドブルイニャ・ニキチッチ(Rider)★4": 1, "[120]尼托克丽丝(Caster)★4": 1, "[284]阿尔托莉雅·卡斯特(Caster)★5": 1, "[56]清姬(Berserker)★3": 1, "[1]玛修·基列莱特(Shielder)★3": 1}
礼装: {"[28]虚数魔术★4": 1, "[1271]头脑风暴★4": 1}

编号[9f7fe47a35b03a23cd5db2b30d5dd0b5]
等级: 1
圣晶石: 190
圣晶片: 3
呼符: 50
金/银/铜/青苹果: 44/0/0/0
登陆天数: 15天 / 90天
从者: {"[13]罗宾汉(Archer)★3": 2, "[105]比利小子(Archer)★3": 1, "[15]尤瑞艾莉(Archer)★3": 1, "[17]库·丘林(Lancer)★3": 2, "[71]迪尔姆德·奥迪那(Lancer)★3": 1, "[22]罗穆路斯(Lancer)★3": 1, "[23]歌果(Rider)★3": 1, "[28]亚历山大(Rider)★3": 2, "[273]曼迪卡尔多(Rider)★3": 1, "[31]美狄亚(Caster)★3": 1, "[80]查尔斯·巴贝奇(Caster)★3": 1, "[35]梅菲斯托费勒斯(Caster)★3": 1, "[203]阿维斯布隆(Caster)★3": 2, "[284]阿尔托莉雅·卡斯特(Caster)★5": 1, "[110]百貌哈桑(Assassin)★3": 1, "[81]亨利·杰基尔＆海德(Assassin)★3": 1, "[124]静谧哈桑(Assassin)★3": 1, "[47]赫拉克勒斯(Berserker)★4": 1, "[56]清姬(Berserker)★3": 1, "[1]玛修·基列莱特(Shielder)★3": 1}
礼装: {"[56]指令咏唱★4": 2, "[184]柔软的慈爱★4": 1, "[418]固有结界★3": 1, "[419]返老还童的灵药★3": 1, "[420]谜之面具群★3": 1, "[580]瓦砾的圣堂★3": 1, "[585]幻想种★3": 1, "[814]清扫者★4": 1, "[815]樱的特制便当★3": 2, "[1270]庆祝回忆★5": 1, "[1271]头脑风暴★4": 1, "[1272]散状花★3": 6, "[1413]虚数属性★4": 1, "[1415]匮乏之人★3": 2, "[1513]穂群原学園生徒会長★3": 1, "[1608]悲願の継承★4": 1}

编号[a00afe4eb82083731903f6c500a8c489]
等级: 1
圣晶石: 31
圣晶片: 3
呼符: 50
金/银/铜/青苹果: 44/0/0/0
登陆天数: 15天 / 90天
从者: {"[7]盖乌斯·尤利乌斯·恺撒(Saber)★3": 3, "[72]弗格斯·马克·罗伊(Saber)★3": 1, "[9]吉尔·德·雷(Saber)★3": 1, "[298]渡边纲(Saber)★4": 1, "[13]罗宾汉(Archer)★3": 1, "[63]大卫(Archer)★3": 2, "[105]比利小子(Archer)★3": 1, "[15]尤瑞艾莉(Archer)★3": 1, "[125]俵藤太(Archer)★3": 3, "[246]威廉·退尔(Archer)★3": 1, "[71]迪尔姆德·奥迪那(Lancer)★3": 1, "[20]库·丘林〔Prototype〕(Lancer)★3": 3, "[22]罗穆路斯(Lancer)★3": 2, "[186]宝藏院胤舜(Lancer)★3": 2, "[64]赫克托耳(Lancer)★3": 2, "[214]瓦尔基里(Lancer)★4": 2, "[273]曼迪卡尔多(Rider)★3": 1, "[79]冯·霍恩海姆·帕拉塞尔苏斯(Caster)★3": 1, "[120]尼托克丽丝(Caster)★4": 1, "[35]梅菲斯托费勒斯(Caster)★3": 1, "[284]阿尔托莉雅·卡斯特(Caster)★5": 1, "[348]張角(Caster)★3": 1, "[110]百貌哈桑(Assassin)★3": 3, "[124]静谧哈桑(Assassin)★3": 1, "[42]匕见(Assassin)★3": 1, "[109]卫宫〔Assassin〕(Assassin)★4": 1, "[117]风魔小太郎(Assassin)★3": 2, "[49]虎狼(Berserker)★3": 2, "[55]大流士三世(Berserker)★3": 1, "[56]清姬(Berserker)★3": 4, "[1]玛修·基列莱特(Shielder)★3": 1}
礼装: {"[26]宝石魔术·对影★4": 1, "[39]抹大拉的圣骸布★4": 1, "[74]觉醒的意志★4": 1, "[91]爱之灵药★3": 5, "[97]圣者凭依之躯★5": 1, "[98]千年黄金树★4": 1, "[243]Bronze-Link Manipulators★3": 3, "[244]四枝之浅滩★3": 3, "[333]许德拉匕首★3": 2, "[246]特辣麻婆豆腐★3": 1, "[247]宝石剑泽尔里奇★3": 2, "[265]卡姆兰之战★3": 1, "[331]佛拉格拉克★3": 1, "[401]私室警备员★4": 1, "[418]固有结界★3": 2, "[419]返老还童的灵药★3": 2, "[420]谜之面具群★3": 3, "[581]手无寸铁慎二君★3": 1, "[582]阿特拉斯院★3": 3, "[674]神造兵器★3": 2, "[691]噬魂★3": 1, "[815]樱的特制便当★3": 1, "[1270]庆祝回忆★5": 3, "[1271]头脑风暴★4": 5, "[1272]散状花★3": 7, "[1576]華の楽土★4": 1, "[1577]告解の惑い場★4": 2, "[1609]代償魔術★4": 1, "[1610]枯れない花★3": 2, "[1670]狩人の夢★4": 1}

编号[7cb12836c1d1f881b1b3cde8a29bf006]
等级: 1
圣晶石: 206
圣晶片: 3
呼符: 3
金/银/铜/青苹果: 44/0/0/0
登陆天数: 15天 / 90天
从者: {"[7]盖乌斯·尤利乌斯·恺撒(Saber)★3": 1, "[72]弗格斯·马克·罗伊(Saber)★3": 1, "[9]吉尔·德·雷(Saber)★3": 1, "[13]罗宾汉(Archer)★3": 2, "[14]阿塔兰忒(Archer)★4": 1, "[63]大卫(Archer)★3": 1, "[15]尤瑞艾莉(Archer)★3": 2, "[125]俵藤太(Archer)★3": 2, "[95]幼吉尔(Archer)★3": 3, "[17]库·丘林(Lancer)★3": 2, "[71]迪尔姆德·奥迪那(Lancer)★3": 1, "[193]莲偶(Lancer)★4": 1, "[94]阿斯托尔福(Rider)★4": 1, "[26]布狄卡(Rider)★3": 1, "[27]牛若丸(Rider)★3": 1, "[28]亚历山大(Rider)★3": 1, "[80]查尔斯·巴贝奇(Caster)★3": 1, "[35]梅菲斯托费勒斯(Caster)★3": 1, "[203]阿维斯布隆(Caster)★3": 1, "[284]阿尔托莉雅·卡斯特(Caster)★5": 1, "[81]亨利·杰基尔＆海德(Assassin)★3": 1, "[124]静谧哈桑(Assassin)★3": 2, "[42]匕见(Assassin)★3": 2, "[117]风魔小太郎(Assassin)★3": 1, "[49]虎狼(Berserker)★3": 2, "[56]清姬(Berserker)★3": 1, "[1]玛修·基列莱特(Shielder)★3": 1, "[352]徐福(Alterego)★3": 1}
礼装: {"[39]抹大拉的圣骸布★4": 1, "[91]爱之灵药★3": 2, "[243]Bronze-Link Manipulators★3": 1, "[244]四枝之浅滩★3": 2, "[247]宝石剑泽尔里奇★3": 2, "[332]天之逆月★3": 2, "[419]返老还童的灵药★3": 3, "[420]谜之面具群★3": 1, "[580]瓦砾的圣堂★3": 1, "[581]手无寸铁慎二君★3": 1, "[582]阿特拉斯院★3": 2, "[585]幻想种★3": 3, "[674]神造兵器★3": 1, "[773]艳阳之下★5": 1, "[815]樱的特制便当★3": 2, "[1270]庆祝回忆★5": 2, "[1271]头脑风暴★4": 5, "[1272]散状花★3": 8, "[1411]重责者孤寂于此★5": 1, "[1412]宝石的魔弹★4": 1, "[1414]愿望之容器★4": 1, "[1415]匮乏之人★3": 1, "[1577]告解の惑い場★4": 1, "[1606]五大元素使い★5": 1, "[1607]投影装填★4": 1, "[1610]枯れない花★3": 1}

编号[fd73a081b7ead251d9185ec4447fa2f0]
等级: 1
圣晶石: 244
圣晶片: 3
呼符: 50
金/银/铜/青苹果: 44/0/0/0
登陆天数: 15天 / 90天
从者: {"[7]盖乌斯·尤利乌斯·恺撒(Saber)★3": 2, "[72]弗格斯·马克·罗伊(Saber)★3": 1, "[11]卫宫(Archer)★4": 1, "[64]赫克托耳(Lancer)★3": 1, "[26]布狄卡(Rider)★3": 1, "[27]牛若丸(Rider)★3": 1, "[79]冯·霍恩海姆·帕拉塞尔苏斯(Caster)★3": 1, "[80]查尔斯·巴贝奇(Caster)★3": 2, "[284]阿尔托莉雅·卡斯特(Caster)★5": 1, "[124]静谧哈桑(Assassin)★3": 1, "[42]匕见(Assassin)★3": 1, "[117]风魔小太郎(Assassin)★3": 2, "[56]清姬(Berserker)★3": 1, "[1]玛修·基列莱特(Shielder)★3": 1}
礼装: {"[28]虚数魔术★4": 1, "[89]柳洞寺★3": 1, "[91]爱之灵药★3": 1, "[247]宝石剑泽尔里奇★3": 1, "[582]阿特拉斯院★3": 1, "[1271]头脑风暴★4": 3, "[1272]散状花★3": 1, "[1576]華の楽土★4": 1}

