编号[1019104ec89d30668f9cb672a9263eca]
等级: 1
圣晶石: 248
圣晶片: 3
呼符: 36
金/银/铜/青苹果: 44/0/0/0
登陆天数: 19天 / 94天
从者: {"[7]盖乌斯·尤利乌斯·恺撒(Saber)★3": 1, "[72]弗格斯·马克·罗伊(Saber)★3": 1, "[9]吉尔·德·雷(Saber)★3": 1, "[15]尤瑞艾莉(Archer)★3": 1, "[125]俵藤太(Archer)★3": 1, "[95]幼吉尔(Archer)★3": 1, "[325]芝诺比阿(Archer)★4": 1, "[17]库·丘林(Lancer)★3": 1, "[71]迪尔姆德·奥迪那(Lancer)★3": 1, "[85]迦尔纳(Lancer)★5": 1, "[20]库·丘林〔Prototype〕(Lancer)★3": 2, "[22]罗穆路斯(Lancer)★3": 1, "[27]牛若丸(Rider)★3": 1, "[31]美狄亚(Caster)★3": 1, "[79]冯·霍恩海姆·帕拉塞尔苏斯(Caster)★3": 1, "[80]查尔斯·巴贝奇(Caster)★3": 3, "[203]阿维斯布隆(Caster)★3": 2, "[284]阿尔托莉雅·卡斯特(Caster)★5": 1, "[110]百貌哈桑(Assassin)★3": 1, "[81]亨利·杰基尔＆海德(Assassin)★3": 1, "[124]静谧哈桑(Assassin)★3": 1, "[41]斯忒诺(Assassin)★4": 1, "[117]风魔小太郎(Assassin)★3": 1, "[159]燕青(Assassin)★4": 1, "[49]虎狼(Berserker)★3": 1, "[55]大流士三世(Berserker)★3": 1, "[56]清姬(Berserker)★3": 1, "[202]阿塔兰忒〔Alter〕(Berserker)★4": 1, "[1]玛修·基列莱特(Shielder)★3": 1, "[352]徐福(Alterego)★3": 1}
礼装: {"[48]黑之圣杯★5": 1, "[247]宝石剑泽尔里奇★3": 2, "[331]佛拉格拉克★3": 1, "[1270]庆祝回忆★5": 1, "[1271]头脑风暴★4": 2, "[1272]散状花★3": 5, "[1512]庭園の守り人★4": 1, "[1513]穂群原学園生徒会長★3": 3, "[1576]華の楽土★4": 1}

编号[c03dbf1def2d7e659af9279a770bf366]
等级: 1
圣晶石: 1
圣晶片: 3
呼符: 50
金/银/铜/青苹果: 44/0/0/0
登陆天数: 19天 / 94天
从者: {"[7]盖乌斯·尤利乌斯·恺撒(Saber)★3": 4, "[72]弗格斯·马克·罗伊(Saber)★3": 1, "[9]吉尔·德·雷(Saber)★3": 1, "[11]卫宫(Archer)★4": 1, "[13]罗宾汉(Archer)★3": 1, "[63]大卫(Archer)★3": 2, "[105]比利小子(Archer)★3": 2, "[15]尤瑞艾莉(Archer)★3": 2, "[125]俵藤太(Archer)★3": 1, "[95]幼吉尔(Archer)★3": 1, "[246]威廉·退尔(Archer)★3": 2, "[325]芝诺比阿(Archer)★4": 2, "[17]库·丘林(Lancer)★3": 2, "[71]迪尔姆德·奥迪那(Lancer)★3": 1, "[140]弗拉德三世〔EXTRA〕(Lancer)★4": 1, "[20]库·丘林〔Prototype〕(Lancer)★3": 2, "[22]罗穆路斯(Lancer)★3": 2, "[186]宝藏院胤舜(Lancer)★3": 3, "[214]瓦尔基里(Lancer)★4": 2, "[23]歌果(Rider)★3": 2, "[26]布狄卡(Rider)★3": 1, "[27]牛若丸(Rider)★3": 1, "[28]亚历山大(Rider)★3": 4, "[273]曼迪卡尔多(Rider)★3": 3, "[31]美狄亚(Caster)★3": 2, "[79]冯·霍恩海姆·帕拉塞尔苏斯(Caster)★3": 1, "[35]梅菲斯托费勒斯(Caster)★3": 2, "[348]張角(Caster)★3": 1, "[110]百貌哈桑(Assassin)★3": 1, "[81]亨利·杰基尔＆海德(Assassin)★3": 1, "[124]静谧哈桑(Assassin)★3": 1, "[42]匕见(Assassin)★3": 1, "[117]风魔小太郎(Assassin)★3": 1, "[49]虎狼(Berserker)★3": 2, "[55]大流士三世(Berserker)★3": 1, "[56]清姬(Berserker)★3": 1, "[1]玛修·基列莱特(Shielder)★3": 1, "[352]徐福(Alterego)★3": 1}
礼装: {"[24]Gandr★4": 1, "[26]宝石魔术·对影★4": 1, "[32]虚数环★5": 1, "[39]抹大拉的圣骸布★4": 1, "[67]2030年的碎片★5": 1, "[73]死灵魔术★4": 2, "[89]柳洞寺★3": 1, "[183]死之艺术★4": 1, "[243]Bronze-Link Manipulators★3": 1, "[244]四枝之浅滩★3": 1, "[333]许德拉匕首★3": 1, "[246]特辣麻婆豆腐★3": 3, "[247]宝石剑泽尔里奇★3": 1, "[332]天之逆月★3": 3, "[401]私室警备员★4": 1, "[418]固有结界★3": 1, "[419]返老还童的灵药★3": 2, "[582]阿特拉斯院★3": 2, "[585]幻想种★3": 3, "[674]神造兵器★3": 1, "[691]噬魂★3": 1, "[773]艳阳之下★5": 1, "[774]最后的叙述者★4": 1, "[813]阿特拉斯的婴儿★5": 1, "[815]樱的特制便当★3": 1, "[1016]狂舞曲★4": 1, "[1208]韵律诗节★4": 1, "[1270]庆祝回忆★5": 3, "[1271]头脑风暴★4": 5, "[1272]散状花★3": 9, "[1415]匮乏之人★3": 2, "[1485]冬之结晶★4": 1, "[1513]穂群原学園生徒会長★3": 1, "[1608]悲願の継承★4": 1}

编号[4c568faa29c62c64035f691a264b87dc]
等级: 1
圣晶石: 271
圣晶片: 3
呼符: 50
金/银/铜/青苹果: 44/0/0/0
登陆天数: 19天 / 94天
从者: {"[245]拉克什米·芭伊(Saber)★4": 1, "[298]渡边纲(Saber)★4": 1, "[15]尤瑞艾莉(Archer)★3": 1, "[18]伊丽莎白·巴托里(Lancer)★4": 1, "[26]布狄卡(Rider)★3": 1, "[80]查尔斯·巴贝奇(Caster)★3": 1, "[284]阿尔托莉雅·卡斯特(Caster)★5": 1, "[110]百貌哈桑(Assassin)★3": 1, "[159]燕青(Assassin)★4": 1, "[49]虎狼(Berserker)★3": 1, "[56]清姬(Berserker)★3": 1, "[1]玛修·基列莱特(Shielder)★3": 1}
礼装: {"[56]指令咏唱★4": 1, "[246]特辣麻婆豆腐★3": 1, "[331]佛拉格拉克★3": 1, "[332]天之逆月★3": 1, "[1271]头脑风暴★4": 1, "[1272]散状花★3": 1, "[1513]穂群原学園生徒会長★3": 1}

编号[74491e9500cc62c9637727c7bd8db2f8]
等级: 1
圣晶石: 214
圣晶片: 3
呼符: 50
金/银/铜/青苹果: 44/0/0/0
登陆天数: 19天 / 94天
从者: {"[7]盖乌斯·尤利乌斯·恺撒(Saber)★3": 2, "[9]吉尔·德·雷(Saber)★3": 2, "[63]大卫(Archer)★3": 1, "[125]俵藤太(Archer)★3": 1, "[20]库·丘林〔Prototype〕(Lancer)★3": 2, "[22]罗穆路斯(Lancer)★3": 2, "[273]曼迪卡尔多(Rider)★3": 1, "[104]杰罗尼莫(Caster)★3": 1, "[113]西行者(Caster)★5": 1, "[192]喀耳刻(Caster)★4": 1, "[284]阿尔托莉雅·卡斯特(Caster)★5": 1, "[47]赫拉克勒斯(Berserker)★4": 1, "[49]虎狼(Berserker)★3": 1, "[55]大流士三世(Berserker)★3": 1, "[56]清姬(Berserker)★3": 1, "[1]玛修·基列莱特(Shielder)★3": 1, "[352]徐福(Alterego)★3": 1}
礼装: {"[28]虚数魔术★4": 1, "[33]限制/零毁★5": 1, "[39]抹大拉的圣骸布★4": 1, "[243]Bronze-Link Manipulators★3": 1, "[332]天之逆月★3": 1, "[582]阿特拉斯院★3": 1, "[815]樱的特制便当★3": 2, "[913]远方的前路★4": 1, "[1208]韵律诗节★4": 1, "[1270]庆祝回忆★5": 1, "[1271]头脑风暴★4": 1, "[1272]散状花★3": 2, "[1412]宝石的魔弹★4": 1, "[1414]愿望之容器★4": 1, "[1415]匮乏之人★3": 1, "[1513]穂群原学園生徒会長★3": 1, "[1577]告解の惑い場★4": 1, "[1609]代償魔術★4": 1, "[1610]枯れない花★3": 1}

编号[1190d2ce3e43f9becf4986a73fc5d416]
等级: 1
圣晶石: 2
圣晶片: 3
呼符: 0
金/银/铜/青苹果: 44/0/0/0
登陆天数: 19天 / 94天
从者: {"[7]盖乌斯·尤利乌斯·恺撒(Saber)★3": 3, "[72]弗格斯·马克·罗伊(Saber)★3": 2, "[121]兰斯洛特(Saber)★4": 1, "[9]吉尔·德·雷(Saber)★3": 1, "[227]兰陵王(Saber)★4": 1, "[245]拉克什米·芭伊(Saber)★4": 1, "[298]渡边纲(Saber)★4": 1, "[14]阿塔兰忒(Archer)★4": 1, "[63]大卫(Archer)★3": 1, "[105]比利小子(Archer)★3": 1, "[15]尤瑞艾莉(Archer)★3": 1, "[95]幼吉尔(Archer)★3": 2, "[207]喀戎(Archer)★4": 1, "[246]威廉·退尔(Archer)★3": 1, "[17]库·丘林(Lancer)★3": 2, "[71]迪尔姆德·奥迪那(Lancer)★3": 1, "[20]库·丘林〔Prototype〕(Lancer)★3": 3, "[22]罗穆路斯(Lancer)★3": 1, "[186]宝藏院胤舜(Lancer)★3": 1, "[64]赫克托耳(Lancer)★3": 2, "[214]瓦尔基里(Lancer)★4": 1, "[228]忠贞(Lancer)★4": 1, "[23]歌果(Rider)★3": 1, "[26]布狄卡(Rider)★3": 2, "[27]牛若丸(Rider)★3": 1, "[28]亚历山大(Rider)★3": 1, "[29]玛丽·安托瓦内特(Rider)★4": 1, "[273]曼迪卡尔多(Rider)★3": 1, "[31]美狄亚(Caster)★3": 2, "[79]冯·霍恩海姆·帕拉塞尔苏斯(Caster)★3": 2, "[80]查尔斯·巴贝奇(Caster)★3": 2, "[120]尼托克丽丝(Caster)★4": 1, "[35]梅菲斯托费勒斯(Caster)★3": 1, "[104]杰罗尼莫(Caster)★3": 3, "[203]阿维斯布隆(Caster)★3": 1, "[348]張角(Caster)★3": 2, "[110]百貌哈桑(Assassin)★3": 2, "[81]亨利·杰基尔＆海德(Assassin)★3": 1, "[42]匕见(Assassin)★3": 1, "[109]卫宫〔Assassin〕(Assassin)★4": 1, "[117]风魔小太郎(Assassin)★3": 2, "[49]虎狼(Berserker)★3": 1, "[55]大流士三世(Berserker)★3": 2, "[56]清姬(Berserker)★3": 1, "[202]阿塔兰忒〔Alter〕(Berserker)★4": 1, "[1]玛修·基列莱特(Shielder)★3": 1, "[352]徐福(Alterego)★3": 1, "[335]ヘファイスティオン(Pretender)★4": 1}
礼装: {"[21]钢之锻炼★4": 1, "[26]宝石魔术·对影★4": 2, "[42]Mooncell Automaton★3": 1, "[89]柳洞寺★3": 1, "[91]爱之灵药★3": 2, "[98]千年黄金树★4": 2, "[186]情窦未开的千金★4": 1, "[243]Bronze-Link Manipulators★3": 1, "[333]许德拉匕首★3": 1, "[246]特辣麻婆豆腐★3": 1, "[247]宝石剑泽尔里奇★3": 1, "[265]卡姆兰之战★3": 1, "[331]佛拉格拉克★3": 2, "[332]天之逆月★3": 2, "[418]固有结界★3": 1, "[419]返老还童的灵药★3": 1, "[420]谜之面具群★3": 2, "[580]瓦砾的圣堂★3": 2, "[581]手无寸铁慎二君★3": 3, "[582]阿特拉斯院★3": 1, "[585]幻想种★3": 4, "[674]神造兵器★3": 1, "[691]噬魂★3": 1, "[774]最后的叙述者★4": 1, "[815]樱的特制便当★3": 1, "[1208]韵律诗节★4": 1, "[1270]庆祝回忆★5": 6, "[1271]头脑风暴★4": 9, "[1272]散状花★3": 12, "[1316]王者的气质★4": 1, "[1411]重责者孤寂于此★5": 1, "[1415]匮乏之人★3": 1, "[1513]穂群原学園生徒会長★3": 4, "[1610]枯れない花★3": 1}

编号[f54e10880c6789da3094d5e9e0dca1ff]
等级: 1
圣晶石: 2
圣晶片: 3
呼符: 0
金/银/铜/青苹果: 44/0/0/0
登陆天数: 19天 / 94天
从者: {"[7]盖乌斯·尤利乌斯·恺撒(Saber)★3": 1, "[72]弗格斯·马克·罗伊(Saber)★3": 1, "[9]吉尔·德·雷(Saber)★3": 1, "[13]罗宾汉(Archer)★3": 1, "[63]大卫(Archer)★3": 2, "[105]比利小子(Archer)★3": 2, "[15]尤瑞艾莉(Archer)★3": 1, "[125]俵藤太(Archer)★3": 1, "[95]幼吉尔(Archer)★3": 1, "[246]威廉·退尔(Archer)★3": 2, "[17]库·丘林(Lancer)★3": 1, "[71]迪尔姆德·奥迪那(Lancer)★3": 2, "[20]库·丘林〔Prototype〕(Lancer)★3": 1, "[22]罗穆路斯(Lancer)★3": 1, "[87]芬恩·麦克库尔(Lancer)★4": 1, "[186]宝藏院胤舜(Lancer)★3": 4, "[64]赫克托耳(Lancer)★3": 1, "[23]歌果(Rider)★3": 1, "[26]布狄卡(Rider)★3": 2, "[27]牛若丸(Rider)★3": 1, "[28]亚历山大(Rider)★3": 1, "[273]曼迪卡尔多(Rider)★3": 2, "[31]美狄亚(Caster)★3": 1, "[79]冯·霍恩海姆·帕拉塞尔苏斯(Caster)★3": 3, "[80]查尔斯·巴贝奇(Caster)★3": 3, "[35]梅菲斯托费勒斯(Caster)★3": 3, "[104]杰罗尼莫(Caster)★3": 1, "[203]阿维斯布隆(Caster)★3": 3, "[348]張角(Caster)★3": 2, "[110]百貌哈桑(Assassin)★3": 1, "[81]亨利·杰基尔＆海德(Assassin)★3": 1, "[124]静谧哈桑(Assassin)★3": 1, "[42]匕见(Assassin)★3": 3, "[117]风魔小太郎(Assassin)★3": 1, "[49]虎狼(Berserker)★3": 2, "[55]大流士三世(Berserker)★3": 1, "[56]清姬(Berserker)★3": 1, "[58]玉藻猫(Berserker)★4": 1, "[1]玛修·基列莱特(Shielder)★3": 1, "[352]徐福(Alterego)★3": 2, "[335]ヘファイスティオン(Pretender)★4": 1}
礼装: {"[21]钢之锻炼★4": 1, "[28]虚数魔术★4": 1, "[35]天之杯★5": 1, "[91]爱之灵药★3": 2, "[182]毒蛇一艺★4": 1, "[184]柔软的慈爱★4": 1, "[186]情窦未开的千金★4": 1, "[244]四枝之浅滩★3": 1, "[333]许德拉匕首★3": 2, "[246]特辣麻婆豆腐★3": 1, "[331]佛拉格拉克★3": 2, "[418]固有结界★3": 1, "[419]返老还童的灵药★3": 3, "[420]谜之面具群★3": 2, "[580]瓦砾的圣堂★3": 1, "[582]阿特拉斯院★3": 2, "[674]神造兵器★3": 1, "[691]噬魂★3": 1, "[815]樱的特制便当★3": 1, "[1016]狂舞曲★4": 1, "[1207]黑魔术★5": 1, "[1208]韵律诗节★4": 1, "[1270]庆祝回忆★5": 3, "[1271]头脑风暴★4": 8, "[1272]散状花★3": 20, "[1414]愿望之容器★4": 2, "[1415]匮乏之人★3": 4, "[1485]冬之结晶★4": 2, "[1512]庭園の守り人★4": 1, "[1513]穂群原学園生徒会長★3": 1, "[1576]華の楽土★4": 3, "[1608]悲願の継承★4": 1, "[1610]枯れない花★3": 3, "[1670]狩人の夢★4": 1}

编号[843282f0bd9ac29d7410e68c729f8593]
等级: 1
圣晶石: 2
圣晶片: 3
呼符: 0
金/银/铜/青苹果: 44/0/0/0
登陆天数: 19天 / 94天
从者: {"[7]盖乌斯·尤利乌斯·恺撒(Saber)★3": 2, "[72]弗格斯·马克·罗伊(Saber)★3": 1, "[101]罗摩(Saber)★4": 1, "[121]兰斯洛特(Saber)★4": 1, "[9]吉尔·德·雷(Saber)★3": 3, "[298]渡边纲(Saber)★4": 1, "[11]卫宫(Archer)★4": 1, "[13]罗宾汉(Archer)★3": 1, "[63]大卫(Archer)★3": 1, "[105]比利小子(Archer)★3": 2, "[15]尤瑞艾莉(Archer)★3": 1, "[125]俵藤太(Archer)★3": 2, "[95]幼吉尔(Archer)★3": 1, "[17]库·丘林(Lancer)★3": 2, "[20]库·丘林〔Prototype〕(Lancer)★3": 4, "[22]罗穆路斯(Lancer)★3": 1, "[186]宝藏院胤舜(Lancer)★3": 3, "[214]瓦尔基里(Lancer)★4": 1, "[23]歌果(Rider)★3": 1, "[26]布狄卡(Rider)★3": 1, "[28]亚历山大(Rider)★3": 2, "[273]曼迪卡尔多(Rider)★3": 3, "[31]美狄亚(Caster)★3": 1, "[74]童谣(Caster)★4": 2, "[79]冯·霍恩海姆·帕拉塞尔苏斯(Caster)★3": 1, "[80]查尔斯·巴贝奇(Caster)★3": 1, "[120]尼托克丽丝(Caster)★4": 1, "[35]梅菲斯托费勒斯(Caster)★3": 2, "[104]杰罗尼莫(Caster)★3": 2, "[192]喀耳刻(Caster)★4": 1, "[348]張角(Caster)★3": 2, "[110]百貌哈桑(Assassin)★3": 1, "[81]亨利·杰基尔＆海德(Assassin)★3": 2, "[124]静谧哈桑(Assassin)★3": 1, "[42]匕见(Assassin)★3": 1, "[117]风魔小太郎(Assassin)★3": 5, "[49]虎狼(Berserker)★3": 3, "[55]大流士三世(Berserker)★3": 1, "[56]清姬(Berserker)★3": 1, "[58]玉藻猫(Berserker)★4": 1, "[116]茨木童子(Berserker)★4": 1, "[1]玛修·基列莱特(Shielder)★3": 1, "[335]ヘファイスティオン(Pretender)★4": 1}
礼装: {"[26]宝石魔术·对影★4": 1, "[31]元素转换★5": 1, "[89]柳洞寺★3": 2, "[91]爱之灵药★3": 2, "[98]千年黄金树★4": 1, "[243]Bronze-Link Manipulators★3": 1, "[333]许德拉匕首★3": 2, "[246]特辣麻婆豆腐★3": 1, "[247]宝石剑泽尔里奇★3": 2, "[332]天之逆月★3": 1, "[400]天堂之孔★5": 1, "[419]返老还童的灵药★3": 2, "[420]谜之面具群★3": 4, "[581]手无寸铁慎二君★3": 1, "[582]阿特拉斯院★3": 2, "[585]幻想种★3": 2, "[674]神造兵器★3": 4, "[691]噬魂★3": 2, "[774]最后的叙述者★4": 1, "[814]清扫者★4": 1, "[815]樱的特制便当★3": 1, "[1270]庆祝回忆★5": 4, "[1271]头脑风暴★4": 6, "[1272]散状花★3": 10, "[1414]愿望之容器★4": 1, "[1415]匮乏之人★3": 1, "[1511]冬の聖女★5": 1, "[1513]穂群原学園生徒会長★3": 2, "[1610]枯れない花★3": 2}

编号[5053cf85c9fa6a9c3f6d96153b0dcb89]
等级: 1
圣晶石: 41
圣晶片: 3
呼符: 37
金/银/铜/青苹果: 44/0/0/0
登陆天数: 19天 / 94天
从者: {"[7]盖乌斯·尤利乌斯·恺撒(Saber)★3": 1, "[72]弗格斯·马克·罗伊(Saber)★3": 1, "[9]吉尔·德·雷(Saber)★3": 1, "[245]拉克什米·芭伊(Saber)★4": 1, "[298]渡边纲(Saber)★4": 1, "[13]罗宾汉(Archer)★3": 1, "[14]阿塔兰忒(Archer)★4": 1, "[63]大卫(Archer)★3": 1, "[105]比利小子(Archer)★3": 2, "[15]尤瑞艾莉(Archer)★3": 1, "[125]俵藤太(Archer)★3": 1, "[246]威廉·退尔(Archer)★3": 1, "[17]库·丘林(Lancer)★3": 1, "[71]迪尔姆德·奥迪那(Lancer)★3": 1, "[186]宝藏院胤舜(Lancer)★3": 1, "[64]赫克托耳(Lancer)★3": 1, "[193]莲偶(Lancer)★4": 1, "[23]歌果(Rider)★3": 1, "[65]弗朗西斯·德雷克(Rider)★5": 1, "[27]牛若丸(Rider)★3": 2, "[28]亚历山大(Rider)★3": 1, "[273]曼迪卡尔多(Rider)★3": 1, "[332]ドブルイニャ・ニキチッチ(Rider)★4": 1, "[31]美狄亚(Caster)★3": 1, "[79]冯·霍恩海姆·帕拉塞尔苏斯(Caster)★3": 1, "[35]梅菲斯托费勒斯(Caster)★3": 1, "[104]杰罗尼莫(Caster)★3": 1, "[192]喀耳刻(Caster)★4": 2, "[203]阿维斯布隆(Caster)★3": 1, "[284]阿尔托莉雅·卡斯特(Caster)★5": 1, "[348]張角(Caster)★3": 1, "[110]百貌哈桑(Assassin)★3": 1, "[81]亨利·杰基尔＆海德(Assassin)★3": 1, "[124]静谧哈桑(Assassin)★3": 1, "[42]匕见(Assassin)★3": 1, "[117]风魔小太郎(Assassin)★3": 2, "[49]虎狼(Berserker)★3": 4, "[55]大流士三世(Berserker)★3": 1, "[56]清姬(Berserker)★3": 1, "[171]彭忒西勒亚(Berserker)★4": 1, "[1]玛修·基列莱特(Shielder)★3": 1, "[352]徐福(Alterego)★3": 1}
礼装: {"[32]虚数环★5": 1, "[37]芦苇海★3": 1, "[176]记录保持者★4": 1, "[243]Bronze-Link Manipulators★3": 1, "[244]四枝之浅滩★3": 1, "[263]起源弹★5": 1, "[331]佛拉格拉克★3": 1, "[400]天堂之孔★5": 1, "[420]谜之面具群★3": 2, "[1270]庆祝回忆★5": 3, "[1271]头脑风暴★4": 6, "[1272]散状花★3": 10, "[1413]虚数属性★4": 1, "[1414]愿望之容器★4": 2, "[1415]匮乏之人★3": 1, "[1576]華の楽土★4": 2, "[1608]悲願の継承★4": 1, "[1610]枯れない花★3": 2, "[1670]狩人の夢★4": 1}

编号[50c305dd76d5817627aa7cb50bf61135]
等级: 1
圣晶石: 2
圣晶片: 3
呼符: 0
金/银/铜/青苹果: 44/0/0/0
登陆天数: 19天 / 94天
从者: {"[7]盖乌斯·尤利乌斯·恺撒(Saber)★3": 2, "[72]弗格斯·马克·罗伊(Saber)★3": 1, "[101]罗摩(Saber)★4": 1, "[9]吉尔·德·雷(Saber)★3": 2, "[13]罗宾汉(Archer)★3": 1, "[63]大卫(Archer)★3": 1, "[105]比利小子(Archer)★3": 1, "[15]尤瑞艾莉(Archer)★3": 2, "[125]俵藤太(Archer)★3": 2, "[95]幼吉尔(Archer)★3": 2, "[207]喀戎(Archer)★4": 1, "[246]威廉·退尔(Archer)★3": 1, "[17]库·丘林(Lancer)★3": 4, "[71]迪尔姆德·奥迪那(Lancer)★3": 1, "[20]库·丘林〔Prototype〕(Lancer)★3": 2, "[22]罗穆路斯(Lancer)★3": 2, "[186]宝藏院胤舜(Lancer)★3": 3, "[64]赫克托耳(Lancer)★3": 1, "[146]美杜莎(Lancer)★4": 1, "[183]帕尔瓦蒂(Lancer)★4": 1, "[193]莲偶(Lancer)★4": 1, "[23]歌果(Rider)★3": 1, "[26]布狄卡(Rider)★3": 2, "[27]牛若丸(Rider)★3": 1, "[28]亚历山大(Rider)★3": 2, "[273]曼迪卡尔多(Rider)★3": 2, "[332]ドブルイニャ・ニキチッチ(Rider)★4": 1, "[31]美狄亚(Caster)★3": 1, "[79]冯·霍恩海姆·帕拉塞尔苏斯(Caster)★3": 1, "[35]梅菲斯托费勒斯(Caster)★3": 2, "[104]杰罗尼莫(Caster)★3": 3, "[100]海伦娜·布拉瓦茨基(Caster)★4": 1, "[203]阿维斯布隆(Caster)★3": 3, "[348]張角(Caster)★3": 2, "[110]百貌哈桑(Assassin)★3": 3, "[81]亨利·杰基尔＆海德(Assassin)★3": 1, "[124]静谧哈桑(Assassin)★3": 2, "[42]匕见(Assassin)★3": 1, "[89]贝奥武夫(Berserker)★4": 1, "[55]大流士三世(Berserker)★3": 1, "[56]清姬(Berserker)★3": 1, "[171]彭忒西勒亚(Berserker)★4": 1, "[1]玛修·基列莱特(Shielder)★3": 1, "[352]徐福(Alterego)★3": 1}
礼装: {"[26]宝石魔术·对影★4": 3, "[40]宇宙棱镜★5": 1, "[89]柳洞寺★3": 1, "[91]爱之灵药★3": 1, "[98]千年黄金树★4": 1, "[244]四枝之浅滩★3": 2, "[247]宝石剑泽尔里奇★3": 2, "[331]佛拉格拉克★3": 4, "[332]天之逆月★3": 1, "[400]天堂之孔★5": 1, "[418]固有结界★3": 2, "[419]返老还童的灵药★3": 1, "[420]谜之面具群★3": 1, "[581]手无寸铁慎二君★3": 1, "[585]幻想种★3": 1, "[691]噬魂★3": 1, "[815]樱的特制便当★3": 1, "[912]火炎伯爵★5": 1, "[1270]庆祝回忆★5": 4, "[1271]头脑风暴★4": 6, "[1272]散状花★3": 11, "[1414]愿望之容器★4": 1, "[1415]匮乏之人★3": 1, "[1512]庭園の守り人★4": 3, "[1513]穂群原学園生徒会長★3": 8, "[1608]悲願の継承★4": 1, "[1610]枯れない花★3": 1, "[1692]免許皆伝★4": 1}

编号[ba47124a699b4442540d6f0c3fd77bbf]
等级: 1
圣晶石: 2
圣晶片: 3
呼符: 0
金/银/铜/青苹果: 44/0/0/0
登陆天数: 19天 / 94天
从者: {"[7]盖乌斯·尤利乌斯·恺撒(Saber)★3": 1, "[72]弗格斯·马克·罗伊(Saber)★3": 1, "[9]吉尔·德·雷(Saber)★3": 2, "[165]铃鹿御前(Saber)★4": 1, "[245]拉克什米·芭伊(Saber)★4": 1, "[344]ローラン(Saber)★4": 1, "[13]罗宾汉(Archer)★3": 2, "[63]大卫(Archer)★3": 5, "[105]比利小子(Archer)★3": 1, "[15]尤瑞艾莉(Archer)★3": 1, "[95]幼吉尔(Archer)★3": 1, "[71]迪尔姆德·奥迪那(Lancer)★3": 1, "[20]库·丘林〔Prototype〕(Lancer)★3": 3, "[22]罗穆路斯(Lancer)★3": 1, "[186]宝藏院胤舜(Lancer)★3": 2, "[64]赫克托耳(Lancer)★3": 1, "[228]忠贞(Lancer)★4": 1, "[23]歌果(Rider)★3": 3, "[26]布狄卡(Rider)★3": 1, "[28]亚历山大(Rider)★3": 1, "[273]曼迪卡尔多(Rider)★3": 1, "[31]美狄亚(Caster)★3": 1, "[79]冯·霍恩海姆·帕拉塞尔苏斯(Caster)★3": 2, "[80]查尔斯·巴贝奇(Caster)★3": 1, "[120]尼托克丽丝(Caster)★4": 1, "[35]梅菲斯托费勒斯(Caster)★3": 3, "[104]杰罗尼莫(Caster)★3": 4, "[203]阿维斯布隆(Caster)★3": 1, "[348]張角(Caster)★3": 2, "[110]百貌哈桑(Assassin)★3": 1, "[81]亨利·杰基尔＆海德(Assassin)★3": 1, "[124]静谧哈桑(Assassin)★3": 1, "[42]匕见(Assassin)★3": 3, "[117]风魔小太郎(Assassin)★3": 2, "[49]虎狼(Berserker)★3": 5, "[55]大流士三世(Berserker)★3": 3, "[56]清姬(Berserker)★3": 2, "[171]彭忒西勒亚(Berserker)★4": 1, "[1]玛修·基列莱特(Shielder)★3": 1, "[352]徐福(Alterego)★3": 2}
礼装: {"[21]钢之锻炼★4": 1, "[32]虚数环★5": 1, "[56]指令咏唱★4": 1, "[91]爱之灵药★3": 1, "[331]佛拉格拉克★3": 4, "[332]天之逆月★3": 3, "[419]返老还童的灵药★3": 1, "[420]谜之面具群★3": 1, "[581]手无寸铁慎二君★3": 1, "[585]幻想种★3": 1, "[691]噬魂★3": 1, "[773]艳阳之下★5": 1, "[815]樱的特制便当★3": 2, "[913]远方的前路★4": 1, "[1207]黑魔术★5": 1, "[1208]韵律诗节★4": 1, "[1270]庆祝回忆★5": 7, "[1271]头脑风暴★4": 11, "[1272]散状花★3": 15, "[1412]宝石的魔弹★4": 1, "[1414]愿望之容器★4": 1, "[1415]匮乏之人★3": 2, "[1485]冬之结晶★4": 1, "[1513]穂群原学園生徒会長★3": 2, "[1577]告解の惑い場★4": 2, "[1610]枯れない花★3": 2}

编号[62f6765f3f2617271923a463728a9ae5]
等级: 1
圣晶石: 226
圣晶片: 3
呼符: 50
金/银/铜/青苹果: 44/0/0/0
登陆天数: 19天 / 94天
从者: {"[72]弗格斯·马克·罗伊(Saber)★3": 1, "[245]拉克什米·芭伊(Saber)★4": 1, "[17]库·丘林(Lancer)★3": 1, "[71]迪尔姆德·奥迪那(Lancer)★3": 1, "[186]宝藏院胤舜(Lancer)★3": 1, "[214]瓦尔基里(Lancer)★4": 1, "[94]阿斯托尔福(Rider)★4": 1, "[28]亚历山大(Rider)★3": 1, "[31]美狄亚(Caster)★3": 1, "[80]查尔斯·巴贝奇(Caster)★3": 1, "[35]梅菲斯托费勒斯(Caster)★3": 1, "[104]杰罗尼莫(Caster)★3": 1, "[203]阿维斯布隆(Caster)★3": 1, "[284]阿尔托莉雅·卡斯特(Caster)★5": 1, "[110]百貌哈桑(Assassin)★3": 1, "[81]亨利·杰基尔＆海德(Assassin)★3": 3, "[124]静谧哈桑(Assassin)★3": 1, "[1]玛修·基列莱特(Shielder)★3": 1, "[352]徐福(Alterego)★3": 1}
礼装: {"[89]柳洞寺★3": 1, "[333]许德拉匕首★3": 1, "[331]佛拉格拉克★3": 1, "[332]天之逆月★3": 1, "[420]谜之面具群★3": 1, "[691]噬魂★3": 1, "[815]樱的特制便当★3": 1, "[1270]庆祝回忆★5": 1, "[1271]头脑风暴★4": 4, "[1272]散状花★3": 1, "[1577]告解の惑い場★4": 1}

编号[88b8721e5a90ff2584f2889ac66d4dec]
等级: 1
圣晶石: 31
圣晶片: 3
呼符: 50
金/银/铜/青苹果: 44/0/0/0
登陆天数: 19天 / 94天
从者: {"[7]盖乌斯·尤利乌斯·恺撒(Saber)★3": 1, "[72]弗格斯·马克·罗伊(Saber)★3": 1, "[9]吉尔·德·雷(Saber)★3": 1, "[10]骑士迪昂(Saber)★4": 1, "[223]迪尔姆德·奥迪那(Saber)★4": 1, "[245]拉克什米·芭伊(Saber)★4": 1, "[15]尤瑞艾莉(Archer)★3": 2, "[95]幼吉尔(Archer)★3": 1, "[17]库·丘林(Lancer)★3": 3, "[71]迪尔姆德·奥迪那(Lancer)★3": 2, "[20]库·丘林〔Prototype〕(Lancer)★3": 1, "[22]罗穆路斯(Lancer)★3": 2, "[186]宝藏院胤舜(Lancer)★3": 1, "[64]赫克托耳(Lancer)★3": 1, "[228]忠贞(Lancer)★4": 1, "[23]歌果(Rider)★3": 1, "[94]阿斯托尔福(Rider)★4": 2, "[26]布狄卡(Rider)★3": 1, "[27]牛若丸(Rider)★3": 2, "[28]亚历山大(Rider)★3": 5, "[332]ドブルイニャ・ニキチッチ(Rider)★4": 1, "[366]黄飛虎(Rider)★4": 1, "[79]冯·霍恩海姆·帕拉塞尔苏斯(Caster)★3": 2, "[35]梅菲斯托费勒斯(Caster)★3": 3, "[104]杰罗尼莫(Caster)★3": 1, "[192]喀耳刻(Caster)★4": 1, "[203]阿维斯布隆(Caster)★3": 1, "[284]阿尔托莉雅·卡斯特(Caster)★5": 1, "[109]卫宫〔Assassin〕(Assassin)★4": 2, "[117]风魔小太郎(Assassin)★3": 3, "[49]虎狼(Berserker)★3": 5, "[55]大流士三世(Berserker)★3": 1, "[56]清姬(Berserker)★3": 1, "[1]玛修·基列莱特(Shielder)★3": 1, "[335]ヘファイスティオン(Pretender)★4": 1}
礼装: {"[21]钢之锻炼★4": 1, "[24]Gandr★4": 1, "[56]指令咏唱★4": 1, "[73]死灵魔术★4": 1, "[89]柳洞寺★3": 3, "[91]爱之灵药★3": 3, "[183]死之艺术★4": 1, "[185]月灵髓液★5": 1, "[243]Bronze-Link Manipulators★3": 1, "[246]特辣麻婆豆腐★3": 1, "[264]援护射击★4": 1, "[265]卡姆兰之战★3": 2, "[331]佛拉格拉克★3": 1, "[332]天之逆月★3": 2, "[418]固有结界★3": 1, "[419]返老还童的灵药★3": 2, "[580]瓦砾的圣堂★3": 1, "[581]手无寸铁慎二君★3": 2, "[582]阿特拉斯院★3": 1, "[585]幻想种★3": 2, "[674]神造兵器★3": 1, "[691]噬魂★3": 1, "[773]艳阳之下★5": 1, "[815]樱的特制便当★3": 1, "[1270]庆祝回忆★5": 3, "[1271]头脑风暴★4": 4, "[1272]散状花★3": 10, "[1412]宝石的魔弹★4": 1, "[1513]穂群原学園生徒会長★3": 1, "[1670]狩人の夢★4": 1, "[1692]免許皆伝★4": 1}

编号[96af3f9660c3afc0bcd0314a025b8cf9]
等级: 1
圣晶石: 2
圣晶片: 3
呼符: 0
金/银/铜/青苹果: 44/0/0/0
登陆天数: 19天 / 94天
从者: {"[72]弗格斯·马克·罗伊(Saber)★3": 2, "[9]吉尔·德·雷(Saber)★3": 2, "[165]铃鹿御前(Saber)★4": 1, "[223]迪尔姆德·奥迪那(Saber)★4": 1, "[11]卫宫(Archer)★4": 1, "[13]罗宾汉(Archer)★3": 2, "[63]大卫(Archer)★3": 4, "[105]比利小子(Archer)★3": 2, "[15]尤瑞艾莉(Archer)★3": 2, "[95]幼吉尔(Archer)★3": 2, "[246]威廉·退尔(Archer)★3": 1, "[325]芝诺比阿(Archer)★4": 1, "[17]库·丘林(Lancer)★3": 3, "[20]库·丘林〔Prototype〕(Lancer)★3": 2, "[186]宝藏院胤舜(Lancer)★3": 1, "[64]赫克托耳(Lancer)★3": 2, "[23]歌果(Rider)★3": 2, "[66]安妮·伯妮＆玛莉·瑞德(Rider)★4": 1, "[26]布狄卡(Rider)★3": 2, "[27]牛若丸(Rider)★3": 1, "[28]亚历山大(Rider)★3": 1, "[29]玛丽·安托瓦内特(Rider)★4": 2, "[30]玛尔达(Rider)★4": 1, "[31]美狄亚(Caster)★3": 2, "[79]冯·霍恩海姆·帕拉塞尔苏斯(Caster)★3": 1, "[80]查尔斯·巴贝奇(Caster)★3": 1, "[35]梅菲斯托费勒斯(Caster)★3": 2, "[104]杰罗尼莫(Caster)★3": 2, "[145]吉尔伽美什(Caster)★4": 1, "[113]西行者(Caster)★5": 1, "[203]阿维斯布隆(Caster)★3": 1, "[348]張角(Caster)★3": 1, "[110]百貌哈桑(Assassin)★3": 2, "[81]亨利·杰基尔＆海德(Assassin)★3": 1, "[124]静谧哈桑(Assassin)★3": 2, "[42]匕见(Assassin)★3": 1, "[49]虎狼(Berserker)★3": 1, "[55]大流士三世(Berserker)★3": 4, "[56]清姬(Berserker)★3": 1, "[1]玛修·基列莱特(Shielder)★3": 1, "[352]徐福(Alterego)★3": 3}
礼装: {"[21]钢之锻炼★4": 1, "[26]宝石魔术·对影★4": 2, "[39]抹大拉的圣骸布★4": 1, "[57]月之胜利者★5": 1, "[74]觉醒的意志★4": 2, "[89]柳洞寺★3": 1, "[91]爱之灵药★3": 4, "[98]千年黄金树★4": 3, "[186]情窦未开的千金★4": 1, "[244]四枝之浅滩★3": 1, "[333]许德拉匕首★3": 1, "[247]宝石剑泽尔里奇★3": 2, "[264]援护射击★4": 1, "[265]卡姆兰之战★3": 2, "[418]固有结界★3": 1, "[419]返老还童的灵药★3": 3, "[420]谜之面具群★3": 3, "[580]瓦砾的圣堂★3": 1, "[582]阿特拉斯院★3": 1, "[691]噬魂★3": 2, "[774]最后的叙述者★4": 3, "[1270]庆祝回忆★5": 3, "[1271]头脑风暴★4": 6, "[1272]散状花★3": 17, "[1415]匮乏之人★3": 2, "[1485]冬之结晶★4": 1, "[1513]穂群原学園生徒会長★3": 1, "[1576]華の楽土★4": 1, "[1608]悲願の継承★4": 1, "[1609]代償魔術★4": 1, "[1610]枯れない花★3": 1}

编号[08bcb6c36e492f9310825eeeff70cbbe]
等级: 1
圣晶石: 2
圣晶片: 3
呼符: 0
金/银/铜/青苹果: 44/0/0/0
登陆天数: 19天 / 94天
从者: {"[7]盖乌斯·尤利乌斯·恺撒(Saber)★3": 1, "[72]弗格斯·马克·罗伊(Saber)★3": 2, "[9]吉尔·德·雷(Saber)★3": 1, "[223]迪尔姆德·奥迪那(Saber)★4": 1, "[13]罗宾汉(Archer)★3": 1, "[105]比利小子(Archer)★3": 2, "[15]尤瑞艾莉(Archer)★3": 2, "[125]俵藤太(Archer)★3": 1, "[95]幼吉尔(Archer)★3": 1, "[246]威廉·退尔(Archer)★3": 1, "[17]库·丘林(Lancer)★3": 1, "[71]迪尔姆德·奥迪那(Lancer)★3": 1, "[18]伊丽莎白·巴托里(Lancer)★4": 1, "[20]库·丘林〔Prototype〕(Lancer)★3": 1, "[22]罗穆路斯(Lancer)★3": 1, "[64]赫克托耳(Lancer)★3": 1, "[26]布狄卡(Rider)★3": 1, "[27]牛若丸(Rider)★3": 2, "[28]亚历山大(Rider)★3": 2, "[273]曼迪卡尔多(Rider)★3": 1, "[332]ドブルイニャ・ニキチッチ(Rider)★4": 1, "[79]冯·霍恩海姆·帕拉塞尔苏斯(Caster)★3": 1, "[80]查尔斯·巴贝奇(Caster)★3": 1, "[35]梅菲斯托费勒斯(Caster)★3": 1, "[100]海伦娜·布拉瓦茨基(Caster)★4": 1, "[203]阿维斯布隆(Caster)★3": 3, "[348]張角(Caster)★3": 3, "[110]百貌哈桑(Assassin)★3": 1, "[81]亨利·杰基尔＆海德(Assassin)★3": 1, "[124]静谧哈桑(Assassin)★3": 1, "[41]斯忒诺(Assassin)★4": 1, "[42]匕见(Assassin)★3": 1, "[46]卡米拉(Assassin)★4": 1, "[117]风魔小太郎(Assassin)★3": 1, "[49]虎狼(Berserker)★3": 6, "[89]贝奥武夫(Berserker)★4": 1, "[55]大流士三世(Berserker)★3": 1, "[56]清姬(Berserker)★3": 1, "[171]彭忒西勒亚(Berserker)★4": 1, "[1]玛修·基列莱特(Shielder)★3": 1, "[352]徐福(Alterego)★3": 2}
礼装: {"[21]钢之锻炼★4": 1, "[22]原始咒术★4": 1, "[42]Mooncell Automaton★3": 1, "[56]指令咏唱★4": 1, "[243]Bronze-Link Manipulators★3": 1, "[420]谜之面具群★3": 1, "[582]阿特拉斯院★3": 1, "[691]噬魂★3": 1, "[1015]黄昏的王圣★5": 1, "[1270]庆祝回忆★5": 6, "[1271]头脑风暴★4": 9, "[1272]散状花★3": 20, "[1316]王者的气质★4": 1, "[1412]宝石的魔弹★4": 1, "[1415]匮乏之人★3": 3, "[1485]冬之结晶★4": 1, "[1511]冬の聖女★5": 2, "[1576]華の楽土★4": 2, "[1607]投影装填★4": 1, "[1610]枯れない花★3": 3, "[1670]狩人の夢★4": 1, "[1692]免許皆伝★4": 1}

编号[35786abdcc309d8a4fdb58a8305f739f]
等级: 1
圣晶石: 2
圣晶片: 3
呼符: 0
金/银/铜/青苹果: 44/0/0/0
登陆天数: 19天 / 94天
从者: {"[6]齐格飞(Saber)★4": 2, "[7]盖乌斯·尤利乌斯·恺撒(Saber)★3": 1, "[72]弗格斯·马克·罗伊(Saber)★3": 4, "[9]吉尔·德·雷(Saber)★3": 3, "[13]罗宾汉(Archer)★3": 2, "[14]阿塔兰忒(Archer)★4": 1, "[63]大卫(Archer)★3": 2, "[105]比利小子(Archer)★3": 2, "[15]尤瑞艾莉(Archer)★3": 1, "[125]俵藤太(Archer)★3": 3, "[95]幼吉尔(Archer)★3": 3, "[71]迪尔姆德·奥迪那(Lancer)★3": 1, "[20]库·丘林〔Prototype〕(Lancer)★3": 1, "[22]罗穆路斯(Lancer)★3": 1, "[186]宝藏院胤舜(Lancer)★3": 2, "[64]赫克托耳(Lancer)★3": 2, "[94]阿斯托尔福(Rider)★4": 1, "[26]布狄卡(Rider)★3": 1, "[118]奥斯曼狄斯(Rider)★5": 1, "[27]牛若丸(Rider)★3": 2, "[28]亚历山大(Rider)★3": 3, "[273]曼迪卡尔多(Rider)★3": 2, "[31]美狄亚(Caster)★3": 1, "[74]童谣(Caster)★4": 1, "[79]冯·霍恩海姆·帕拉塞尔苏斯(Caster)★3": 4, "[80]查尔斯·巴贝奇(Caster)★3": 2, "[35]梅菲斯托费勒斯(Caster)★3": 1, "[104]杰罗尼莫(Caster)★3": 1, "[100]海伦娜·布拉瓦茨基(Caster)★4": 1, "[203]阿维斯布隆(Caster)★3": 1, "[348]張角(Caster)★3": 3, "[110]百貌哈桑(Assassin)★3": 1, "[81]亨利·杰基尔＆海德(Assassin)★3": 5, "[124]静谧哈桑(Assassin)★3": 1, "[42]匕见(Assassin)★3": 2, "[117]风魔小太郎(Assassin)★3": 1, "[159]燕青(Assassin)★4": 1, "[170]周照(Assassin)★4": 1, "[47]赫拉克勒斯(Berserker)★4": 1, "[49]虎狼(Berserker)★3": 2, "[55]大流士三世(Berserker)★3": 1, "[56]清姬(Berserker)★3": 1, "[1]玛修·基列莱特(Shielder)★3": 1, "[352]徐福(Alterego)★3": 2}
礼装: {"[89]柳洞寺★3": 1, "[93]阿兰若★3": 1, "[243]Bronze-Link Manipulators★3": 3, "[244]四枝之浅滩★3": 1, "[264]援护射击★4": 1, "[265]卡姆兰之战★3": 2, "[331]佛拉格拉克★3": 1, "[401]私室警备员★4": 3, "[418]固有结界★3": 1, "[419]返老还童的灵药★3": 2, "[420]谜之面具群★3": 3, "[580]瓦砾的圣堂★3": 1, "[674]神造兵器★3": 2, "[814]清扫者★4": 2, "[815]樱的特制便当★3": 2, "[913]远方的前路★4": 2, "[1270]庆祝回忆★5": 7, "[1271]头脑风暴★4": 8, "[1272]散状花★3": 6, "[1316]王者的气质★4": 2, "[1415]匮乏之人★3": 4, "[1513]穂群原学園生徒会長★3": 2, "[1608]悲願の継承★4": 1, "[1610]枯れない花★3": 2, "[1670]狩人の夢★4": 2}

编号[6be9b91a9a0b33fe0918349574a75bcc]
等级: 1
圣晶石: 164
圣晶片: 3
呼符: 0
金/银/铜/青苹果: 44/0/0/0
登陆天数: 19天 / 94天
从者: {"[7]盖乌斯·尤利乌斯·恺撒(Saber)★3": 2, "[9]吉尔·德·雷(Saber)★3": 1, "[223]迪尔姆德·奥迪那(Saber)★4": 1, "[13]罗宾汉(Archer)★3": 2, "[63]大卫(Archer)★3": 1, "[105]比利小子(Archer)★3": 2, "[15]尤瑞艾莉(Archer)★3": 1, "[125]俵藤太(Archer)★3": 2, "[95]幼吉尔(Archer)★3": 1, "[246]威廉·退尔(Archer)★3": 1, "[17]库·丘林(Lancer)★3": 1, "[71]迪尔姆德·奥迪那(Lancer)★3": 1, "[18]伊丽莎白·巴托里(Lancer)★4": 1, "[20]库·丘林〔Prototype〕(Lancer)★3": 1, "[22]罗穆路斯(Lancer)★3": 3, "[186]宝藏院胤舜(Lancer)★3": 2, "[193]莲偶(Lancer)★4": 1, "[94]阿斯托尔福(Rider)★4": 1, "[27]牛若丸(Rider)★3": 1, "[28]亚历山大(Rider)★3": 3, "[273]曼迪卡尔多(Rider)★3": 1, "[79]冯·霍恩海姆·帕拉塞尔苏斯(Caster)★3": 1, "[80]查尔斯·巴贝奇(Caster)★3": 2, "[104]杰罗尼莫(Caster)★3": 2, "[100]海伦娜·布拉瓦茨基(Caster)★4": 1, "[203]阿维斯布隆(Caster)★3": 2, "[348]張角(Caster)★3": 2, "[110]百貌哈桑(Assassin)★3": 3, "[81]亨利·杰基尔＆海德(Assassin)★3": 1, "[124]静谧哈桑(Assassin)★3": 2, "[117]风魔小太郎(Assassin)★3": 1, "[185]望月千代女(Assassin)★4": 1, "[55]大流士三世(Berserker)★3": 1, "[1]玛修·基列莱特(Shielder)★3": 1, "[352]徐福(Alterego)★3": 5}
礼装: {"[26]宝石魔术·对影★4": 2, "[33]限制/零毁★5": 1, "[37]芦苇海★3": 1, "[89]柳洞寺★3": 1, "[184]柔软的慈爱★4": 1, "[186]情窦未开的千金★4": 1, "[243]Bronze-Link Manipulators★3": 3, "[244]四枝之浅滩★3": 1, "[333]许德拉匕首★3": 1, "[246]特辣麻婆豆腐★3": 2, "[332]天之逆月★3": 2, "[401]私室警备员★4": 1, "[419]返老还童的灵药★3": 1, "[420]谜之面具群★3": 3, "[581]手无寸铁慎二君★3": 1, "[582]阿特拉斯院★3": 1, "[585]幻想种★3": 1, "[674]神造兵器★3": 2, "[691]噬魂★3": 1, "[774]最后的叙述者★4": 1, "[1270]庆祝回忆★5": 3, "[1272]散状花★3": 11, "[1316]王者的气质★4": 2, "[1415]匮乏之人★3": 1, "[1485]冬之结晶★4": 1, "[1513]穂群原学園生徒会長★3": 3, "[1575]幻想の姫★5": 1, "[1576]華の楽土★4": 2, "[1577]告解の惑い場★4": 1, "[1692]免許皆伝★4": 1}

编号[7a401e8c7504b92d2104670acffe10dd]
等级: 1
圣晶石: 2
圣晶片: 3
呼符: 0
金/银/铜/青苹果: 44/0/0/0
登陆天数: 19天 / 94天
从者: {"[7]盖乌斯·尤利乌斯·恺撒(Saber)★3": 1, "[72]弗格斯·马克·罗伊(Saber)★3": 2, "[121]兰斯洛特(Saber)★4": 1, "[9]吉尔·德·雷(Saber)★3": 1, "[13]罗宾汉(Archer)★3": 2, "[63]大卫(Archer)★3": 2, "[105]比利小子(Archer)★3": 1, "[15]尤瑞艾莉(Archer)★3": 3, "[125]俵藤太(Archer)★3": 1, "[95]幼吉尔(Archer)★3": 1, "[246]威廉·退尔(Archer)★3": 1, "[325]芝诺比阿(Archer)★4": 3, "[71]迪尔姆德·奥迪那(Lancer)★3": 1, "[18]伊丽莎白·巴托里(Lancer)★4": 1, "[20]库·丘林〔Prototype〕(Lancer)★3": 2, "[22]罗穆路斯(Lancer)★3": 2, "[186]宝藏院胤舜(Lancer)★3": 3, "[64]赫克托耳(Lancer)★3": 3, "[23]歌果(Rider)★3": 2, "[26]布狄卡(Rider)★3": 2, "[27]牛若丸(Rider)★3": 3, "[28]亚历山大(Rider)★3": 1, "[29]玛丽·安托瓦内特(Rider)★4": 1, "[31]美狄亚(Caster)★3": 1, "[79]冯·霍恩海姆·帕拉塞尔苏斯(Caster)★3": 2, "[80]查尔斯·巴贝奇(Caster)★3": 1, "[35]梅菲斯托费勒斯(Caster)★3": 2, "[104]杰罗尼莫(Caster)★3": 3, "[192]喀耳刻(Caster)★4": 1, "[203]阿维斯布隆(Caster)★3": 1, "[348]張角(Caster)★3": 4, "[110]百貌哈桑(Assassin)★3": 5, "[81]亨利·杰基尔＆海德(Assassin)★3": 2, "[124]静谧哈桑(Assassin)★3": 1, "[41]斯忒诺(Assassin)★4": 1, "[117]风魔小太郎(Assassin)★3": 4, "[185]望月千代女(Assassin)★4": 2, "[49]虎狼(Berserker)★3": 2, "[82]弗兰肯斯坦(Berserker)★4": 1, "[89]贝奥武夫(Berserker)★4": 1, "[55]大流士三世(Berserker)★3": 4, "[56]清姬(Berserker)★3": 2, "[202]阿塔兰忒〔Alter〕(Berserker)★4": 1, "[1]玛修·基列莱特(Shielder)★3": 1, "[352]徐福(Alterego)★3": 4}
礼装: {"[34]万华镜★5": 1, "[56]指令咏唱★4": 2, "[73]死灵魔术★4": 1, "[91]爱之灵药★3": 3, "[98]千年黄金树★4": 1, "[244]四枝之浅滩★3": 1, "[331]佛拉格拉克★3": 1, "[420]谜之面具群★3": 5, "[580]瓦砾的圣堂★3": 2, "[585]幻想种★3": 1, "[674]神造兵器★3": 1, "[815]樱的特制便当★3": 2, "[913]远方的前路★4": 2, "[1270]庆祝回忆★5": 2, "[1271]头脑风暴★4": 5, "[1272]散状花★3": 16, "[1316]王者的气质★4": 1, "[1413]虚数属性★4": 1, "[1513]穂群原学園生徒会長★3": 3, "[1610]枯れない花★3": 4, "[1692]免許皆伝★4": 1}

编号[5c63be8fa28e516b15f4c34a959d7950]
等级: 1
圣晶石: 203
圣晶片: 3
呼符: 18
金/银/铜/青苹果: 44/0/0/0
登陆天数: 19天 / 94天
从者: {"[7]盖乌斯·尤利乌斯·恺撒(Saber)★3": 1, "[72]弗格斯·马克·罗伊(Saber)★3": 1, "[9]吉尔·德·雷(Saber)★3": 1, "[13]罗宾汉(Archer)★3": 2, "[63]大卫(Archer)★3": 1, "[15]尤瑞艾莉(Archer)★3": 1, "[125]俵藤太(Archer)★3": 1, "[246]威廉·退尔(Archer)★3": 1, "[17]库·丘林(Lancer)★3": 1, "[22]罗穆路斯(Lancer)★3": 1, "[186]宝藏院胤舜(Lancer)★3": 1, "[23]歌果(Rider)★3": 1, "[28]亚历山大(Rider)★3": 2, "[273]曼迪卡尔多(Rider)★3": 1, "[31]美狄亚(Caster)★3": 2, "[79]冯·霍恩海姆·帕拉塞尔苏斯(Caster)★3": 1, "[80]查尔斯·巴贝奇(Caster)★3": 1, "[35]梅菲斯托费勒斯(Caster)★3": 1, "[104]杰罗尼莫(Caster)★3": 1, "[145]吉尔伽美什(Caster)★4": 1, "[100]海伦娜·布拉瓦茨基(Caster)★4": 1, "[192]喀耳刻(Caster)★4": 1, "[203]阿维斯布隆(Caster)★3": 1, "[284]阿尔托莉雅·卡斯特(Caster)★5": 1, "[348]張角(Caster)★3": 2, "[110]百貌哈桑(Assassin)★3": 1, "[42]匕见(Assassin)★3": 1, "[117]风魔小太郎(Assassin)★3": 1, "[49]虎狼(Berserker)★3": 1, "[55]大流士三世(Berserker)★3": 1, "[56]清姬(Berserker)★3": 1, "[1]玛修·基列莱特(Shielder)★3": 1}
礼装: {"[21]钢之锻炼★4": 2, "[89]柳洞寺★3": 2, "[186]情窦未开的千金★4": 1, "[333]许德拉匕首★3": 1, "[246]特辣麻婆豆腐★3": 1, "[247]宝石剑泽尔里奇★3": 1, "[265]卡姆兰之战★3": 1, "[419]返老还童的灵药★3": 1, "[580]瓦砾的圣堂★3": 1, "[691]噬魂★3": 2, "[815]樱的特制便当★3": 1, "[1130]野心的嚆矢★4": 1, "[1270]庆祝回忆★5": 2, "[1271]头脑风暴★4": 5, "[1272]散状花★3": 4, "[1413]虚数属性★4": 1, "[1513]穂群原学園生徒会長★3": 1, "[1576]華の楽土★4": 2, "[1609]代償魔術★4": 2, "[1610]枯れない花★3": 2, "[1692]免許皆伝★4": 2}

编号[a8341d4aa62a8e17decfa99f589ce2e7]
等级: 1
圣晶石: 41
圣晶片: 3
呼符: 7
金/银/铜/青苹果: 44/0/0/0
登陆天数: 19天 / 94天
从者: {"[7]盖乌斯·尤利乌斯·恺撒(Saber)★3": 1, "[72]弗格斯·马克·罗伊(Saber)★3": 3, "[9]吉尔·德·雷(Saber)★3": 1, "[223]迪尔姆德·奥迪那(Saber)★4": 1, "[13]罗宾汉(Archer)★3": 3, "[63]大卫(Archer)★3": 1, "[105]比利小子(Archer)★3": 2, "[15]尤瑞艾莉(Archer)★3": 1, "[125]俵藤太(Archer)★3": 2, "[246]威廉·退尔(Archer)★3": 1, "[17]库·丘林(Lancer)★3": 2, "[71]迪尔姆德·奥迪那(Lancer)★3": 2, "[20]库·丘林〔Prototype〕(Lancer)★3": 1, "[22]罗穆路斯(Lancer)★3": 1, "[186]宝藏院胤舜(Lancer)★3": 3, "[64]赫克托耳(Lancer)★3": 2, "[23]歌果(Rider)★3": 2, "[94]阿斯托尔福(Rider)★4": 1, "[26]布狄卡(Rider)★3": 1, "[28]亚历山大(Rider)★3": 1, "[273]曼迪卡尔多(Rider)★3": 2, "[31]美狄亚(Caster)★3": 2, "[79]冯·霍恩海姆·帕拉塞尔苏斯(Caster)★3": 1, "[35]梅菲斯托费勒斯(Caster)★3": 1, "[104]杰罗尼莫(Caster)★3": 1, "[169]山鲁佐德(Caster)★5": 1, "[192]喀耳刻(Caster)★4": 1, "[203]阿维斯布隆(Caster)★3": 1, "[284]阿尔托莉雅·卡斯特(Caster)★5": 1, "[348]張角(Caster)★3": 3, "[110]百貌哈桑(Assassin)★3": 1, "[81]亨利·杰基尔＆海德(Assassin)★3": 1, "[124]静谧哈桑(Assassin)★3": 1, "[42]匕见(Assassin)★3": 1, "[117]风魔小太郎(Assassin)★3": 1, "[49]虎狼(Berserker)★3": 2, "[55]大流士三世(Berserker)★3": 2, "[58]玉藻猫(Berserker)★4": 1, "[116]茨木童子(Berserker)★4": 1, "[1]玛修·基列莱特(Shielder)★3": 1}
礼装: {"[24]Gandr★4": 1, "[89]柳洞寺★3": 1, "[91]爱之灵药★3": 2, "[98]千年黄金树★4": 1, "[176]记录保持者★4": 1, "[185]月灵髓液★5": 1, "[265]卡姆兰之战★3": 1, "[418]固有结界★3": 1, "[419]返老还童的灵药★3": 1, "[420]谜之面具群★3": 1, "[580]瓦砾的圣堂★3": 1, "[582]阿特拉斯院★3": 1, "[585]幻想种★3": 1, "[774]最后的叙述者★4": 1, "[815]樱的特制便当★3": 2, "[1208]韵律诗节★4": 1, "[1270]庆祝回忆★5": 5, "[1271]头脑风暴★4": 7, "[1272]散状花★3": 17, "[1413]虚数属性★4": 1, "[1414]愿望之容器★4": 1, "[1458]魔道元帅★5": 1, "[1485]冬之结晶★4": 1, "[1512]庭園の守り人★4": 2, "[1577]告解の惑い場★4": 1, "[1610]枯れない花★3": 2, "[1670]狩人の夢★4": 2}

编号[67fa07891a716254f2a1106626abe31d]
等级: 1
圣晶石: 187
圣晶片: 3
呼符: 50
金/银/铜/青苹果: 44/0/0/0
登陆天数: 19天 / 94天
从者: {"[245]拉克什米·芭伊(Saber)★4": 1, "[298]渡边纲(Saber)★4": 1, "[13]罗宾汉(Archer)★3": 1, "[63]大卫(Archer)★3": 1, "[105]比利小子(Archer)★3": 1, "[15]尤瑞艾莉(Archer)★3": 1, "[207]喀戎(Archer)★4": 1, "[246]威廉·退尔(Archer)★3": 1, "[20]库·丘林〔Prototype〕(Lancer)★3": 2, "[64]赫克托耳(Lancer)★3": 1, "[26]布狄卡(Rider)★3": 1, "[31]美狄亚(Caster)★3": 1, "[79]冯·霍恩海姆·帕拉塞尔苏斯(Caster)★3": 1, "[80]查尔斯·巴贝奇(Caster)★3": 1, "[284]阿尔托莉雅·卡斯特(Caster)★5": 1, "[110]百貌哈桑(Assassin)★3": 1, "[124]静谧哈桑(Assassin)★3": 1, "[41]斯忒诺(Assassin)★4": 1, "[56]清姬(Berserker)★3": 1, "[58]玉藻猫(Berserker)★4": 1, "[1]玛修·基列莱特(Shielder)★3": 1, "[335]ヘファイスティオン(Pretender)★4": 1}
礼装: {"[21]钢之锻炼★4": 1, "[186]情窦未开的千金★4": 1, "[244]四枝之浅滩★3": 1, "[333]许德拉匕首★3": 1, "[265]卡姆兰之战★3": 1, "[331]佛拉格拉克★3": 1, "[418]固有结界★3": 1, "[420]谜之面具群★3": 2, "[580]瓦砾的圣堂★3": 1, "[581]手无寸铁慎二君★3": 1, "[582]阿特拉斯院★3": 1, "[585]幻想种★3": 1, "[1015]黄昏的王圣★5": 1, "[1208]韵律诗节★4": 1, "[1270]庆祝回忆★5": 1, "[1271]头脑风暴★4": 2, "[1415]匮乏之人★3": 1, "[1485]冬之结晶★4": 1, "[1513]穂群原学園生徒会長★3": 2, "[1606]五大元素使い★5": 1, "[1607]投影装填★4": 1, "[1610]枯れない花★3": 1, "[1669]熾天の王★5": 1}

编号[b7e43573d86998613f24df0bd5350915]
等级: 1
圣晶石: 41
圣晶片: 3
呼符: 8
金/银/铜/青苹果: 44/0/0/0
登陆天数: 19天 / 94天
从者: {"[7]盖乌斯·尤利乌斯·恺撒(Saber)★3": 1, "[72]弗格斯·马克·罗伊(Saber)★3": 2, "[9]吉尔·德·雷(Saber)★3": 3, "[298]渡边纲(Saber)★4": 1, "[11]卫宫(Archer)★4": 1, "[13]罗宾汉(Archer)★3": 1, "[105]比利小子(Archer)★3": 1, "[15]尤瑞艾莉(Archer)★3": 1, "[125]俵藤太(Archer)★3": 2, "[95]幼吉尔(Archer)★3": 2, "[184]巴御前(Archer)★4": 1, "[246]威廉·退尔(Archer)★3": 2, "[17]库·丘林(Lancer)★3": 1, "[71]迪尔姆德·奥迪那(Lancer)★3": 2, "[18]伊丽莎白·巴托里(Lancer)★4": 1, "[22]罗穆路斯(Lancer)★3": 1, "[186]宝藏院胤舜(Lancer)★3": 1, "[23]歌果(Rider)★3": 1, "[26]布狄卡(Rider)★3": 1, "[27]牛若丸(Rider)★3": 2, "[28]亚历山大(Rider)★3": 1, "[332]ドブルイニャ・ニキチッチ(Rider)★4": 1, "[31]美狄亚(Caster)★3": 2, "[79]冯·霍恩海姆·帕拉塞尔苏斯(Caster)★3": 2, "[80]查尔斯·巴贝奇(Caster)★3": 1, "[35]梅菲斯托费勒斯(Caster)★3": 2, "[104]杰罗尼莫(Caster)★3": 1, "[145]吉尔伽美什(Caster)★4": 1, "[203]阿维斯布隆(Caster)★3": 1, "[284]阿尔托莉雅·卡斯特(Caster)★5": 1, "[348]張角(Caster)★3": 1, "[81]亨利·杰基尔＆海德(Assassin)★3": 1, "[124]静谧哈桑(Assassin)★3": 1, "[117]风魔小太郎(Assassin)★3": 1, "[49]虎狼(Berserker)★3": 2, "[55]大流士三世(Berserker)★3": 1, "[56]清姬(Berserker)★3": 1, "[58]玉藻猫(Berserker)★4": 1, "[1]玛修·基列莱特(Shielder)★3": 1, "[352]徐福(Alterego)★3": 2}
礼装: {"[21]钢之锻炼★4": 3, "[26]宝石魔术·对影★4": 1, "[34]万华镜★5": 1, "[91]爱之灵药★3": 3, "[184]柔软的慈爱★4": 1, "[333]许德拉匕首★3": 3, "[247]宝石剑泽尔里奇★3": 2, "[265]卡姆兰之战★3": 1, "[332]天之逆月★3": 1, "[401]私室警备员★4": 1, "[419]返老还童的灵药★3": 1, "[420]谜之面具群★3": 3, "[580]瓦砾的圣堂★3": 1, "[581]手无寸铁慎二君★3": 2, "[674]神造兵器★3": 1, "[815]樱的特制便当★3": 1, "[1270]庆祝回忆★5": 2, "[1271]头脑风暴★4": 6, "[1272]散状花★3": 7, "[1415]匮乏之人★3": 1, "[1485]冬之结晶★4": 1, "[1513]穂群原学園生徒会長★3": 3, "[1576]華の楽土★4": 2, "[1609]代償魔術★4": 1, "[1610]枯れない花★3": 4}

编号[7db1ecda2bd1dc2e243680c05fd52877]
等级: 1
圣晶石: 265
圣晶片: 3
呼符: 50
金/银/铜/青苹果: 44/0/0/0
登陆天数: 19天 / 94天
从者: {"[6]齐格飞(Saber)★4": 1, "[72]弗格斯·马克·罗伊(Saber)★3": 2, "[71]迪尔姆德·奥迪那(Lancer)★3": 1, "[18]伊丽莎白·巴托里(Lancer)★4": 1, "[64]赫克托耳(Lancer)★3": 1, "[28]亚历山大(Rider)★3": 1, "[80]查尔斯·巴贝奇(Caster)★3": 1, "[35]梅菲斯托费勒斯(Caster)★3": 1, "[284]阿尔托莉雅·卡斯特(Caster)★5": 1, "[348]張角(Caster)★3": 1, "[159]燕青(Assassin)★4": 1, "[1]玛修·基列莱特(Shielder)★3": 1}
礼装: {"[333]许德拉匕首★3": 1, "[246]特辣麻婆豆腐★3": 1, "[332]天之逆月★3": 1, "[1272]散状花★3": 3, "[1610]枯れない花★3": 2}

编号[b0ba4622cbe81c0ad586bf6fb943041a]
等级: 1
圣晶石: 244
圣晶片: 3
呼符: 50
金/银/铜/青苹果: 44/0/0/0
登陆天数: 19天 / 94天
从者: {"[298]渡边纲(Saber)★4": 1, "[63]大卫(Archer)★3": 1, "[18]伊丽莎白·巴托里(Lancer)★4": 1, "[20]库·丘林〔Prototype〕(Lancer)★3": 1, "[214]瓦尔基里(Lancer)★4": 1, "[26]布狄卡(Rider)★3": 1, "[27]牛若丸(Rider)★3": 1, "[28]亚历山大(Rider)★3": 1, "[31]美狄亚(Caster)★3": 1, "[35]梅菲斯托费勒斯(Caster)★3": 2, "[104]杰罗尼莫(Caster)★3": 1, "[203]阿维斯布隆(Caster)★3": 3, "[284]阿尔托莉雅·卡斯特(Caster)★5": 1, "[42]匕见(Assassin)★3": 1, "[117]风魔小太郎(Assassin)★3": 1, "[55]大流士三世(Berserker)★3": 1, "[56]清姬(Berserker)★3": 2, "[1]玛修·基列莱特(Shielder)★3": 1}
礼装: {"[331]佛拉格拉克★3": 1, "[419]返老还童的灵药★3": 1, "[913]远方的前路★4": 1, "[1270]庆祝回忆★5": 1, "[1271]头脑风暴★4": 1, "[1511]冬の聖女★5": 1, "[1576]華の楽土★4": 1, "[1609]代償魔術★4": 1}

编号[95b97ce532d6d5a1529382c855db4e81]
等级: 1
圣晶石: 118
圣晶片: 3
呼符: 50
金/银/铜/青苹果: 44/0/0/0
登陆天数: 19天 / 94天
从者: {"[11]卫宫(Archer)★4": 1, "[63]大卫(Archer)★3": 1, "[105]比利小子(Archer)★3": 1, "[15]尤瑞艾莉(Archer)★3": 2, "[125]俵藤太(Archer)★3": 3, "[246]威廉·退尔(Archer)★3": 2, "[20]库·丘林〔Prototype〕(Lancer)★3": 4, "[186]宝藏院胤舜(Lancer)★3": 1, "[64]赫克托耳(Lancer)★3": 1, "[26]布狄卡(Rider)★3": 1, "[27]牛若丸(Rider)★3": 2, "[29]玛丽·安托瓦内特(Rider)★4": 1, "[273]曼迪卡尔多(Rider)★3": 1, "[284]阿尔托莉雅·卡斯特(Caster)★5": 1, "[110]百貌哈桑(Assassin)★3": 1, "[81]亨利·杰基尔＆海德(Assassin)★3": 1, "[41]斯忒诺(Assassin)★4": 2, "[42]匕见(Assassin)★3": 1, "[49]虎狼(Berserker)★3": 2, "[82]弗兰肯斯坦(Berserker)★4": 1, "[55]大流士三世(Berserker)★3": 1, "[56]清姬(Berserker)★3": 1, "[1]玛修·基列莱特(Shielder)★3": 1, "[352]徐福(Alterego)★3": 1}
礼装: {"[56]指令咏唱★4": 1, "[89]柳洞寺★3": 1, "[182]毒蛇一艺★4": 1, "[183]死之艺术★4": 1, "[333]许德拉匕首★3": 3, "[246]特辣麻婆豆腐★3": 2, "[265]卡姆兰之战★3": 3, "[331]佛拉格拉克★3": 2, "[332]天之逆月★3": 1, "[401]私室警备员★4": 2, "[419]返老还童的灵药★3": 2, "[580]瓦砾的圣堂★3": 3, "[585]幻想种★3": 1, "[674]神造兵器★3": 1, "[1016]狂舞曲★4": 1, "[1130]野心的嚆矢★4": 1, "[1270]庆祝回忆★5": 4, "[1271]头脑风暴★4": 2, "[1272]散状花★3": 8, "[1415]匮乏之人★3": 1, "[1513]穂群原学園生徒会長★3": 1}

编号[cac52af0c30638e3f794581be31c5631]
等级: 1
圣晶石: 41
圣晶片: 3
呼符: 15
金/银/铜/青苹果: 44/0/0/0
登陆天数: 19天 / 94天
从者: {"[7]盖乌斯·尤利乌斯·恺撒(Saber)★3": 2, "[72]弗格斯·马克·罗伊(Saber)★3": 1, "[9]吉尔·德·雷(Saber)★3": 3, "[298]渡边纲(Saber)★4": 1, "[13]罗宾汉(Archer)★3": 2, "[63]大卫(Archer)★3": 1, "[105]比利小子(Archer)★3": 2, "[15]尤瑞艾莉(Archer)★3": 2, "[246]威廉·退尔(Archer)★3": 1, "[17]库·丘林(Lancer)★3": 2, "[71]迪尔姆德·奥迪那(Lancer)★3": 4, "[18]伊丽莎白·巴托里(Lancer)★4": 1, "[20]库·丘林〔Prototype〕(Lancer)★3": 2, "[186]宝藏院胤舜(Lancer)★3": 1, "[23]歌果(Rider)★3": 1, "[26]布狄卡(Rider)★3": 1, "[27]牛若丸(Rider)★3": 1, "[28]亚历山大(Rider)★3": 1, "[273]曼迪卡尔多(Rider)★3": 1, "[332]ドブルイニャ・ニキチッチ(Rider)★4": 1, "[31]美狄亚(Caster)★3": 2, "[79]冯·霍恩海姆·帕拉塞尔苏斯(Caster)★3": 1, "[80]查尔斯·巴贝奇(Caster)★3": 2, "[35]梅菲斯托费勒斯(Caster)★3": 1, "[104]杰罗尼莫(Caster)★3": 2, "[203]阿维斯布隆(Caster)★3": 1, "[284]阿尔托莉雅·卡斯特(Caster)★5": 1, "[348]張角(Caster)★3": 1, "[110]百貌哈桑(Assassin)★3": 2, "[124]静谧哈桑(Assassin)★3": 1, "[42]匕见(Assassin)★3": 1, "[117]风魔小太郎(Assassin)★3": 1, "[185]望月千代女(Assassin)★4": 1, "[49]虎狼(Berserker)★3": 2, "[55]大流士三世(Berserker)★3": 1, "[56]清姬(Berserker)★3": 1, "[1]玛修·基列莱特(Shielder)★3": 1, "[352]徐福(Alterego)★3": 1}
礼装: {"[42]Mooncell Automaton★3": 1, "[56]指令咏唱★4": 1, "[185]月灵髓液★5": 1, "[243]Bronze-Link Manipulators★3": 3, "[333]许德拉匕首★3": 1, "[265]卡姆兰之战★3": 2, "[401]私室警备员★4": 1, "[418]固有结界★3": 2, "[420]谜之面具群★3": 1, "[580]瓦砾的圣堂★3": 1, "[581]手无寸铁慎二君★3": 1, "[582]阿特拉斯院★3": 1, "[585]幻想种★3": 1, "[674]神造兵器★3": 1, "[691]噬魂★3": 1, "[815]樱的特制便当★3": 1, "[1207]黑魔术★5": 1, "[1208]韵律诗节★4": 1, "[1270]庆祝回忆★5": 5, "[1271]头脑风暴★4": 1, "[1272]散状花★3": 18, "[1412]宝石的魔弹★4": 1, "[1415]匮乏之人★3": 1, "[1513]穂群原学園生徒会長★3": 2, "[1609]代償魔術★4": 1, "[1610]枯れない花★3": 6, "[1692]免許皆伝★4": 1}

编号[74029f0be1bf8cab5ec21aedca92faa1]
等级: 1
圣晶石: 121
圣晶片: 3
呼符: 50
金/银/铜/青苹果: 44/0/0/0
登陆天数: 19天 / 94天
从者: {"[7]盖乌斯·尤利乌斯·恺撒(Saber)★3": 2, "[72]弗格斯·马克·罗伊(Saber)★3": 1, "[9]吉尔·德·雷(Saber)★3": 1, "[13]罗宾汉(Archer)★3": 1, "[105]比利小子(Archer)★3": 1, "[125]俵藤太(Archer)★3": 1, "[184]巴御前(Archer)★4": 1, "[17]库·丘林(Lancer)★3": 2, "[20]库·丘林〔Prototype〕(Lancer)★3": 1, "[186]宝藏院胤舜(Lancer)★3": 2, "[64]赫克托耳(Lancer)★3": 2, "[23]歌果(Rider)★3": 2, "[94]阿斯托尔福(Rider)★4": 1, "[26]布狄卡(Rider)★3": 2, "[28]亚历山大(Rider)★3": 2, "[296]尼莫(Rider)★5": 1, "[31]美狄亚(Caster)★3": 1, "[74]童谣(Caster)★4": 1, "[79]冯·霍恩海姆·帕拉塞尔苏斯(Caster)★3": 1, "[80]查尔斯·巴贝奇(Caster)★3": 2, "[35]梅菲斯托费勒斯(Caster)★3": 1, "[104]杰罗尼莫(Caster)★3": 1, "[203]阿维斯布隆(Caster)★3": 1, "[284]阿尔托莉雅·卡斯特(Caster)★5": 1, "[348]張角(Caster)★3": 1, "[110]百貌哈桑(Assassin)★3": 1, "[42]匕见(Assassin)★3": 2, "[117]风魔小太郎(Assassin)★3": 1, "[47]赫拉克勒斯(Berserker)★4": 1, "[55]大流士三世(Berserker)★3": 1, "[56]清姬(Berserker)★3": 1, "[1]玛修·基列莱特(Shielder)★3": 1}
礼装: {"[74]觉醒的意志★4": 1, "[89]柳洞寺★3": 1, "[91]爱之灵药★3": 1, "[243]Bronze-Link Manipulators★3": 1, "[246]特辣麻婆豆腐★3": 3, "[265]卡姆兰之战★3": 1, "[331]佛拉格拉克★3": 1, "[401]私室警备员★4": 1, "[419]返老还童的灵药★3": 1, "[420]谜之面具群★3": 3, "[585]幻想种★3": 1, "[674]神造兵器★3": 2, "[691]噬魂★3": 1, "[913]远方的前路★4": 1, "[1270]庆祝回忆★5": 1, "[1271]头脑风暴★4": 5, "[1272]散状花★3": 5, "[1414]愿望之容器★4": 1, "[1415]匮乏之人★3": 1, "[1610]枯れない花★3": 1}

编号[65eef97d875f8d6bd45be7bcfaa44977]
等级: 1
圣晶石: 125
圣晶片: 3
呼符: 31
金/银/铜/青苹果: 44/0/0/0
登陆天数: 19天 / 94天
从者: {"[7]盖乌斯·尤利乌斯·恺撒(Saber)★3": 1, "[72]弗格斯·马克·罗伊(Saber)★3": 1, "[9]吉尔·德·雷(Saber)★3": 1, "[10]骑士迪昂(Saber)★4": 1, "[165]铃鹿御前(Saber)★4": 1, "[245]拉克什米·芭伊(Saber)★4": 1, "[13]罗宾汉(Archer)★3": 1, "[15]尤瑞艾莉(Archer)★3": 1, "[95]幼吉尔(Archer)★3": 1, "[246]威廉·退尔(Archer)★3": 2, "[17]库·丘林(Lancer)★3": 1, "[71]迪尔姆德·奥迪那(Lancer)★3": 1, "[20]库·丘林〔Prototype〕(Lancer)★3": 1, "[186]宝藏院胤舜(Lancer)★3": 1, "[64]赫克托耳(Lancer)★3": 1, "[23]歌果(Rider)★3": 1, "[26]布狄卡(Rider)★3": 2, "[27]牛若丸(Rider)★3": 1, "[28]亚历山大(Rider)★3": 1, "[273]曼迪卡尔多(Rider)★3": 1, "[31]美狄亚(Caster)★3": 1, "[79]冯·霍恩海姆·帕拉塞尔苏斯(Caster)★3": 1, "[35]梅菲斯托费勒斯(Caster)★3": 1, "[203]阿维斯布隆(Caster)★3": 1, "[284]阿尔托莉雅·卡斯特(Caster)★5": 1, "[348]張角(Caster)★3": 3, "[81]亨利·杰基尔＆海德(Assassin)★3": 1, "[42]匕见(Assassin)★3": 1, "[117]风魔小太郎(Assassin)★3": 1, "[159]燕青(Assassin)★4": 1, "[56]清姬(Berserker)★3": 1, "[1]玛修·基列莱特(Shielder)★3": 1}
礼装: {"[21]钢之锻炼★4": 1, "[42]Mooncell Automaton★3": 1, "[244]四枝之浅滩★3": 2, "[333]许德拉匕首★3": 2, "[246]特辣麻婆豆腐★3": 1, "[265]卡姆兰之战★3": 2, "[420]谜之面具群★3": 1, "[581]手无寸铁慎二君★3": 1, "[585]幻想种★3": 1, "[1208]韵律诗节★4": 1, "[1270]庆祝回忆★5": 2, "[1271]头脑风暴★4": 5, "[1272]散状花★3": 8, "[1415]匮乏之人★3": 3, "[1512]庭園の守り人★4": 1, "[1513]穂群原学園生徒会長★3": 2, "[1577]告解の惑い場★4": 1, "[1607]投影装填★4": 1, "[1608]悲願の継承★4": 1, "[1610]枯れない花★3": 1}

编号[f822147253440498583aad7d0b65d26c]
等级: 1
圣晶石: 43
圣晶片: 3
呼符: 50
金/银/铜/青苹果: 44/0/0/0
登陆天数: 19天 / 94天
从者: {"[7]盖乌斯·尤利乌斯·恺撒(Saber)★3": 1, "[72]弗格斯·马克·罗伊(Saber)★3": 1, "[9]吉尔·德·雷(Saber)★3": 1, "[298]渡边纲(Saber)★4": 1, "[13]罗宾汉(Archer)★3": 1, "[105]比利小子(Archer)★3": 1, "[15]尤瑞艾莉(Archer)★3": 1, "[125]俵藤太(Archer)★3": 2, "[246]威廉·退尔(Archer)★3": 2, "[71]迪尔姆德·奥迪那(Lancer)★3": 1, "[20]库·丘林〔Prototype〕(Lancer)★3": 1, "[22]罗穆路斯(Lancer)★3": 1, "[186]宝藏院胤舜(Lancer)★3": 1, "[23]歌果(Rider)★3": 2, "[26]布狄卡(Rider)★3": 2, "[27]牛若丸(Rider)★3": 2, "[28]亚历山大(Rider)★3": 1, "[31]美狄亚(Caster)★3": 1, "[79]冯·霍恩海姆·帕拉塞尔苏斯(Caster)★3": 1, "[80]查尔斯·巴贝奇(Caster)★3": 1, "[35]梅菲斯托费勒斯(Caster)★3": 1, "[104]杰罗尼莫(Caster)★3": 2, "[284]阿尔托莉雅·卡斯特(Caster)★5": 1, "[348]張角(Caster)★3": 1, "[124]静谧哈桑(Assassin)★3": 1, "[41]斯忒诺(Assassin)★4": 1, "[42]匕见(Assassin)★3": 4, "[117]风魔小太郎(Assassin)★3": 1, "[55]大流士三世(Berserker)★3": 1, "[56]清姬(Berserker)★3": 3, "[1]玛修·基列莱特(Shielder)★3": 1, "[352]徐福(Alterego)★3": 2}
礼装: {"[24]Gandr★4": 1, "[26]宝石魔术·对影★4": 1, "[74]觉醒的意志★4": 1, "[91]爱之灵药★3": 2, "[243]Bronze-Link Manipulators★3": 4, "[244]四枝之浅滩★3": 3, "[333]许德拉匕首★3": 4, "[246]特辣麻婆豆腐★3": 4, "[247]宝石剑泽尔里奇★3": 3, "[265]卡姆兰之战★3": 1, "[332]天之逆月★3": 1, "[418]固有结界★3": 3, "[419]返老还童的灵药★3": 2, "[580]瓦砾的圣堂★3": 1, "[581]手无寸铁慎二君★3": 3, "[582]阿特拉斯院★3": 1, "[585]幻想种★3": 1, "[674]神造兵器★3": 1, "[691]噬魂★3": 1, "[815]樱的特制便当★3": 1, "[1208]韵律诗节★4": 1, "[1270]庆祝回忆★5": 3, "[1271]头脑风暴★4": 2, "[1272]散状花★3": 9, "[1415]匮乏之人★3": 1, "[1513]穂群原学園生徒会長★3": 1, "[1610]枯れない花★3": 2, "[1692]免許皆伝★4": 2}

编号[64118cb52c91643415140892ca0d46b0]
等级: 1
圣晶石: 118
圣晶片: 3
呼符: 50
金/银/铜/青苹果: 44/0/0/0
登陆天数: 19天 / 94天
从者: {"[7]盖乌斯·尤利乌斯·恺撒(Saber)★3": 1, "[72]弗格斯·马克·罗伊(Saber)★3": 2, "[9]吉尔·德·雷(Saber)★3": 1, "[13]罗宾汉(Archer)★3": 1, "[63]大卫(Archer)★3": 1, "[105]比利小子(Archer)★3": 1, "[15]尤瑞艾莉(Archer)★3": 1, "[95]幼吉尔(Archer)★3": 1, "[20]库·丘林〔Prototype〕(Lancer)★3": 1, "[22]罗穆路斯(Lancer)★3": 2, "[186]宝藏院胤舜(Lancer)★3": 1, "[64]赫克托耳(Lancer)★3": 1, "[23]歌果(Rider)★3": 3, "[26]布狄卡(Rider)★3": 1, "[273]曼迪卡尔多(Rider)★3": 1, "[79]冯·霍恩海姆·帕拉塞尔苏斯(Caster)★3": 3, "[80]查尔斯·巴贝奇(Caster)★3": 1, "[35]梅菲斯托费勒斯(Caster)★3": 3, "[104]杰罗尼莫(Caster)★3": 2, "[100]海伦娜·布拉瓦茨基(Caster)★4": 1, "[203]阿维斯布隆(Caster)★3": 1, "[284]阿尔托莉雅·卡斯特(Caster)★5": 1, "[81]亨利·杰基尔＆海德(Assassin)★3": 2, "[124]静谧哈桑(Assassin)★3": 1, "[41]斯忒诺(Assassin)★4": 1, "[56]清姬(Berserker)★3": 1, "[1]玛修·基列莱特(Shielder)★3": 1, "[352]徐福(Alterego)★3": 1}
礼装: {"[22]原始咒术★4": 1, "[57]月之胜利者★5": 1, "[89]柳洞寺★3": 1, "[91]爱之灵药★3": 2, "[98]千年黄金树★4": 2, "[182]毒蛇一艺★4": 1, "[184]柔软的慈爱★4": 1, "[243]Bronze-Link Manipulators★3": 1, "[244]四枝之浅滩★3": 2, "[246]特辣麻婆豆腐★3": 1, "[247]宝石剑泽尔里奇★3": 3, "[263]起源弹★5": 1, "[264]援护射击★4": 1, "[265]卡姆兰之战★3": 1, "[419]返老还童的灵药★3": 2, "[580]瓦砾的圣堂★3": 2, "[582]阿特拉斯院★3": 1, "[585]幻想种★3": 1, "[674]神造兵器★3": 1, "[691]噬魂★3": 1, "[774]最后的叙述者★4": 1, "[815]樱的特制便当★3": 1, "[1270]庆祝回忆★5": 1, "[1272]散状花★3": 4, "[1415]匮乏之人★3": 1, "[1513]穂群原学園生徒会長★3": 1, "[1577]告解の惑い場★4": 1}

编号[de02b6bbf64245fd6264541abf45114a]
等级: 1
圣晶石: 2
圣晶片: 3
呼符: 0
金/银/铜/青苹果: 44/0/0/0
登陆天数: 19天 / 94天
从者: {"[7]盖乌斯·尤利乌斯·恺撒(Saber)★3": 1, "[72]弗格斯·马克·罗伊(Saber)★3": 2, "[9]吉尔·德·雷(Saber)★3": 1, "[245]拉克什米·芭伊(Saber)★4": 1, "[11]卫宫(Archer)★4": 1, "[13]罗宾汉(Archer)★3": 2, "[63]大卫(Archer)★3": 1, "[105]比利小子(Archer)★3": 1, "[125]俵藤太(Archer)★3": 1, "[95]幼吉尔(Archer)★3": 1, "[207]喀戎(Archer)★4": 1, "[246]威廉·退尔(Archer)★3": 1, "[325]芝诺比阿(Archer)★4": 1, "[17]库·丘林(Lancer)★3": 1, "[71]迪尔姆德·奥迪那(Lancer)★3": 1, "[18]伊丽莎白·巴托里(Lancer)★4": 1, "[20]库·丘林〔Prototype〕(Lancer)★3": 2, "[22]罗穆路斯(Lancer)★3": 2, "[186]宝藏院胤舜(Lancer)★3": 4, "[64]赫克托耳(Lancer)★3": 1, "[232]布拉达曼特(Lancer)★5": 1, "[23]歌果(Rider)★3": 1, "[26]布狄卡(Rider)★3": 1, "[27]牛若丸(Rider)★3": 1, "[28]亚历山大(Rider)★3": 1, "[273]曼迪卡尔多(Rider)★3": 1, "[31]美狄亚(Caster)★3": 1, "[79]冯·霍恩海姆·帕拉塞尔苏斯(Caster)★3": 1, "[80]查尔斯·巴贝奇(Caster)★3": 1, "[35]梅菲斯托费勒斯(Caster)★3": 1, "[37]诸葛孔明〔埃尔梅罗Ⅱ世〕(Caster)★5": 1, "[203]阿维斯布隆(Caster)★3": 2, "[348]張角(Caster)★3": 2, "[110]百貌哈桑(Assassin)★3": 1, "[81]亨利·杰基尔＆海德(Assassin)★3": 1, "[124]静谧哈桑(Assassin)★3": 1, "[42]匕见(Assassin)★3": 1, "[117]风魔小太郎(Assassin)★3": 1, "[159]燕青(Assassin)★4": 1, "[185]望月千代女(Assassin)★4": 1, "[48]兰斯洛特(Berserker)★4": 2, "[49]虎狼(Berserker)★3": 3, "[55]大流士三世(Berserker)★3": 2, "[56]清姬(Berserker)★3": 1, "[1]玛修·基列莱特(Shielder)★3": 1, "[352]徐福(Alterego)★3": 1, "[335]ヘファイスティオン(Pretender)★4": 1}
礼装: {"[21]钢之锻炼★4": 1, "[40]宇宙棱镜★5": 1, "[73]死灵魔术★4": 1, "[89]柳洞寺★3": 2, "[91]爱之灵药★3": 2, "[243]Bronze-Link Manipulators★3": 2, "[244]四枝之浅滩★3": 4, "[265]卡姆兰之战★3": 2, "[331]佛拉格拉克★3": 1, "[332]天之逆月★3": 2, "[418]固有结界★3": 2, "[419]返老还童的灵药★3": 1, "[420]谜之面具群★3": 5, "[580]瓦砾的圣堂★3": 2, "[585]幻想种★3": 2, "[674]神造兵器★3": 1, "[691]噬魂★3": 1, "[913]远方的前路★4": 1, "[1270]庆祝回忆★5": 3, "[1271]头脑风暴★4": 8, "[1272]散状花★3": 14, "[1315]恋之诅咒★5": 1, "[1316]王者的气质★4": 1, "[1412]宝石的魔弹★4": 1, "[1414]愿望之容器★4": 1, "[1415]匮乏之人★3": 3, "[1485]冬之结晶★4": 1, "[1512]庭園の守り人★4": 1, "[1513]穂群原学園生徒会長★3": 1, "[1577]告解の惑い場★4": 2, "[1610]枯れない花★3": 3, "[1691]逆堕つ泥雨★5": 1}

编号[ce57fa79777937871af2b07290ec21e6]
等级: 1
圣晶石: 113
圣晶片: 3
呼符: 18
金/银/铜/青苹果: 44/0/0/0
登陆天数: 19天 / 94天
从者: {"[7]盖乌斯·尤利乌斯·恺撒(Saber)★3": 1, "[9]吉尔·德·雷(Saber)★3": 1, "[13]罗宾汉(Archer)★3": 1, "[14]阿塔兰忒(Archer)★4": 1, "[105]比利小子(Archer)★3": 2, "[125]俵藤太(Archer)★3": 1, "[95]幼吉尔(Archer)★3": 1, "[246]威廉·退尔(Archer)★3": 1, "[17]库·丘林(Lancer)★3": 2, "[71]迪尔姆德·奥迪那(Lancer)★3": 2, "[20]库·丘林〔Prototype〕(Lancer)★3": 2, "[22]罗穆路斯(Lancer)★3": 2, "[186]宝藏院胤舜(Lancer)★3": 2, "[64]赫克托耳(Lancer)★3": 1, "[23]歌果(Rider)★3": 2, "[26]布狄卡(Rider)★3": 1, "[28]亚历山大(Rider)★3": 1, "[273]曼迪卡尔多(Rider)★3": 1, "[31]美狄亚(Caster)★3": 1, "[74]童谣(Caster)★4": 1, "[79]冯·霍恩海姆·帕拉塞尔苏斯(Caster)★3": 1, "[120]尼托克丽丝(Caster)★4": 1, "[203]阿维斯布隆(Caster)★3": 1, "[284]阿尔托莉雅·卡斯特(Caster)★5": 1, "[348]張角(Caster)★3": 2, "[110]百貌哈桑(Assassin)★3": 1, "[81]亨利·杰基尔＆海德(Assassin)★3": 1, "[124]静谧哈桑(Assassin)★3": 1, "[41]斯忒诺(Assassin)★4": 1, "[42]匕见(Assassin)★3": 1, "[117]风魔小太郎(Assassin)★3": 4, "[47]赫拉克勒斯(Berserker)★4": 1, "[49]虎狼(Berserker)★3": 4, "[56]清姬(Berserker)★3": 2, "[58]玉藻猫(Berserker)★4": 1, "[1]玛修·基列莱特(Shielder)★3": 1, "[352]徐福(Alterego)★3": 1}
礼装: {"[33]限制/零毁★5": 1, "[35]天之杯★5": 1, "[91]爱之灵药★3": 1, "[93]阿兰若★3": 1, "[243]Bronze-Link Manipulators★3": 1, "[333]许德拉匕首★3": 2, "[247]宝石剑泽尔里奇★3": 1, "[400]天堂之孔★5": 1, "[418]固有结界★3": 1, "[419]返老还童的灵药★3": 1, "[420]谜之面具群★3": 2, "[691]噬魂★3": 1, "[774]最后的叙述者★4": 1, "[913]远方的前路★4": 1, "[1270]庆祝回忆★5": 4, "[1271]头脑风暴★4": 6, "[1272]散状花★3": 9, "[1316]王者的气质★4": 1, "[1412]宝石的魔弹★4": 1, "[1415]匮乏之人★3": 1, "[1513]穂群原学園生徒会長★3": 1}

编号[a7ccfcb25fa94adc4a19b75f410519dd]
等级: 1
圣晶石: 2
圣晶片: 3
呼符: 0
金/银/铜/青苹果: 44/0/0/0
登陆天数: 19天 / 94天
从者: {"[6]齐格飞(Saber)★4": 2, "[7]盖乌斯·尤利乌斯·恺撒(Saber)★3": 2, "[72]弗格斯·马克·罗伊(Saber)★3": 2, "[121]兰斯洛特(Saber)★4": 1, "[9]吉尔·德·雷(Saber)★3": 1, "[13]罗宾汉(Archer)★3": 1, "[63]大卫(Archer)★3": 1, "[105]比利小子(Archer)★3": 1, "[15]尤瑞艾莉(Archer)★3": 2, "[125]俵藤太(Archer)★3": 5, "[95]幼吉尔(Archer)★3": 4, "[207]喀戎(Archer)★4": 1, "[325]芝诺比阿(Archer)★4": 1, "[17]库·丘林(Lancer)★3": 1, "[71]迪尔姆德·奥迪那(Lancer)★3": 2, "[20]库·丘林〔Prototype〕(Lancer)★3": 2, "[186]宝藏院胤舜(Lancer)★3": 2, "[64]赫克托耳(Lancer)★3": 4, "[23]歌果(Rider)★3": 2, "[26]布狄卡(Rider)★3": 2, "[27]牛若丸(Rider)★3": 1, "[28]亚历山大(Rider)★3": 2, "[273]曼迪卡尔多(Rider)★3": 2, "[31]美狄亚(Caster)★3": 1, "[79]冯·霍恩海姆·帕拉塞尔苏斯(Caster)★3": 1, "[80]查尔斯·巴贝奇(Caster)★3": 4, "[35]梅菲斯托费勒斯(Caster)★3": 1, "[203]阿维斯布隆(Caster)★3": 1, "[348]張角(Caster)★3": 1, "[110]百貌哈桑(Assassin)★3": 1, "[81]亨利·杰基尔＆海德(Assassin)★3": 1, "[124]静谧哈桑(Assassin)★3": 1, "[42]匕见(Assassin)★3": 2, "[49]虎狼(Berserker)★3": 4, "[52]弗拉德三世(Berserker)★5": 1, "[89]贝奥武夫(Berserker)★4": 1, "[56]清姬(Berserker)★3": 1, "[202]阿塔兰忒〔Alter〕(Berserker)★4": 1, "[1]玛修·基列莱特(Shielder)★3": 1, "[352]徐福(Alterego)★3": 4}
礼装: {"[89]柳洞寺★3": 3, "[91]爱之灵药★3": 1, "[98]千年黄金树★4": 1, "[176]记录保持者★4": 1, "[183]死之艺术★4": 1, "[186]情窦未开的千金★4": 2, "[243]Bronze-Link Manipulators★3": 1, "[246]特辣麻婆豆腐★3": 2, "[247]宝石剑泽尔里奇★3": 3, "[332]天之逆月★3": 2, "[419]返老还童的灵药★3": 2, "[420]谜之面具群★3": 2, "[580]瓦砾的圣堂★3": 1, "[582]阿特拉斯院★3": 1, "[585]幻想种★3": 1, "[691]噬魂★3": 1, "[815]樱的特制便当★3": 2, "[1270]庆祝回忆★5": 8, "[1271]头脑风暴★4": 5, "[1272]散状花★3": 14, "[1315]恋之诅咒★5": 1, "[1415]匮乏之人★3": 3, "[1512]庭園の守り人★4": 1, "[1513]穂群原学園生徒会長★3": 3, "[1576]華の楽土★4": 1, "[1608]悲願の継承★4": 1, "[1691]逆堕つ泥雨★5": 2}

编号[f3d14360fcf6f4a7bf37be236154f8f2]
等级: 1
圣晶石: 41
圣晶片: 3
呼符: 8
金/银/铜/青苹果: 44/0/0/0
登陆天数: 19天 / 94天
从者: {"[7]盖乌斯·尤利乌斯·恺撒(Saber)★3": 1, "[72]弗格斯·马克·罗伊(Saber)★3": 2, "[9]吉尔·德·雷(Saber)★3": 1, "[13]罗宾汉(Archer)★3": 1, "[63]大卫(Archer)★3": 1, "[15]尤瑞艾莉(Archer)★3": 1, "[125]俵藤太(Archer)★3": 2, "[95]幼吉尔(Archer)★3": 2, "[184]巴御前(Archer)★4": 1, "[246]威廉·退尔(Archer)★3": 1, "[17]库·丘林(Lancer)★3": 1, "[71]迪尔姆德·奥迪那(Lancer)★3": 1, "[20]库·丘林〔Prototype〕(Lancer)★3": 1, "[22]罗穆路斯(Lancer)★3": 1, "[64]赫克托耳(Lancer)★3": 2, "[313]珀西瓦尔(Lancer)★4": 1, "[27]牛若丸(Rider)★3": 1, "[28]亚历山大(Rider)★3": 1, "[273]曼迪卡尔多(Rider)★3": 1, "[79]冯·霍恩海姆·帕拉塞尔苏斯(Caster)★3": 1, "[80]查尔斯·巴贝奇(Caster)★3": 1, "[104]杰罗尼莫(Caster)★3": 3, "[203]阿维斯布隆(Caster)★3": 2, "[284]阿尔托莉雅·卡斯特(Caster)★5": 1, "[348]張角(Caster)★3": 4, "[110]百貌哈桑(Assassin)★3": 1, "[81]亨利·杰基尔＆海德(Assassin)★3": 1, "[124]静谧哈桑(Assassin)★3": 1, "[41]斯忒诺(Assassin)★4": 1, "[42]匕见(Assassin)★3": 2, "[117]风魔小太郎(Assassin)★3": 2, "[159]燕青(Assassin)★4": 2, "[47]赫拉克勒斯(Berserker)★4": 1, "[49]虎狼(Berserker)★3": 4, "[55]大流士三世(Berserker)★3": 1, "[56]清姬(Berserker)★3": 1, "[202]阿塔兰忒〔Alter〕(Berserker)★4": 1, "[1]玛修·基列莱特(Shielder)★3": 1, "[352]徐福(Alterego)★3": 1}
礼装: {"[21]钢之锻炼★4": 3, "[98]千年黄金树★4": 1, "[176]记录保持者★4": 1, "[184]柔软的慈爱★4": 1, "[186]情窦未开的千金★4": 1, "[188]觉醒之前★5": 1, "[244]四枝之浅滩★3": 1, "[246]特辣麻婆豆腐★3": 1, "[419]返老还童的灵药★3": 1, "[420]谜之面具群★3": 5, "[581]手无寸铁慎二君★3": 1, "[582]阿特拉斯院★3": 1, "[1016]狂舞曲★4": 1, "[1270]庆祝回忆★5": 4, "[1271]头脑风暴★4": 6, "[1272]散状花★3": 11, "[1315]恋之诅咒★5": 1, "[1316]王者的气质★4": 1, "[1413]虚数属性★4": 1, "[1485]冬之结晶★4": 1, "[1513]穂群原学園生徒会長★3": 2, "[1576]華の楽土★4": 1, "[1608]悲願の継承★4": 2, "[1610]枯れない花★3": 3, "[1669]熾天の王★5": 1}

编号[494c265286f895141326f7680b611c0b]
等级: 1
圣晶石: 2
圣晶片: 3
呼符: 0
金/银/铜/青苹果: 44/0/0/0
登陆天数: 19天 / 94天
从者: {"[6]齐格飞(Saber)★4": 1, "[7]盖乌斯·尤利乌斯·恺撒(Saber)★3": 2, "[72]弗格斯·马克·罗伊(Saber)★3": 2, "[9]吉尔·德·雷(Saber)★3": 1, "[165]铃鹿御前(Saber)★4": 1, "[13]罗宾汉(Archer)★3": 2, "[63]大卫(Archer)★3": 3, "[105]比利小子(Archer)★3": 2, "[125]俵藤太(Archer)★3": 1, "[184]巴御前(Archer)★4": 1, "[246]威廉·退尔(Archer)★3": 2, "[325]芝诺比阿(Archer)★4": 1, "[17]库·丘林(Lancer)★3": 2, "[71]迪尔姆德·奥迪那(Lancer)★3": 2, "[140]弗拉德三世〔EXTRA〕(Lancer)★4": 1, "[20]库·丘林〔Prototype〕(Lancer)★3": 2, "[22]罗穆路斯(Lancer)★3": 2, "[186]宝藏院胤舜(Lancer)★3": 1, "[64]赫克托耳(Lancer)★3": 2, "[23]歌果(Rider)★3": 3, "[66]安妮·伯妮＆玛莉·瑞德(Rider)★4": 1, "[26]布狄卡(Rider)★3": 2, "[27]牛若丸(Rider)★3": 1, "[28]亚历山大(Rider)★3": 1, "[273]曼迪卡尔多(Rider)★3": 3, "[366]黄飛虎(Rider)★4": 1, "[31]美狄亚(Caster)★3": 2, "[79]冯·霍恩海姆·帕拉塞尔苏斯(Caster)★3": 1, "[35]梅菲斯托费勒斯(Caster)★3": 2, "[203]阿维斯布隆(Caster)★3": 1, "[348]張角(Caster)★3": 1, "[110]百貌哈桑(Assassin)★3": 2, "[81]亨利·杰基尔＆海德(Assassin)★3": 1, "[124]静谧哈桑(Assassin)★3": 4, "[42]匕见(Assassin)★3": 2, "[117]风魔小太郎(Assassin)★3": 1, "[159]燕青(Assassin)★4": 1, "[49]虎狼(Berserker)★3": 5, "[89]贝奥武夫(Berserker)★4": 1, "[55]大流士三世(Berserker)★3": 1, "[56]清姬(Berserker)★3": 3, "[116]茨木童子(Berserker)★4": 1, "[1]玛修·基列莱特(Shielder)★3": 1}
礼装: {"[26]宝石魔术·对影★4": 1, "[40]宇宙棱镜★5": 1, "[89]柳洞寺★3": 1, "[91]爱之灵药★3": 2, "[176]记录保持者★4": 1, "[182]毒蛇一艺★4": 1, "[244]四枝之浅滩★3": 2, "[247]宝石剑泽尔里奇★3": 1, "[400]天堂之孔★5": 1, "[401]私室警备员★4": 1, "[419]返老还童的灵药★3": 1, "[420]谜之面具群★3": 3, "[580]瓦砾的圣堂★3": 1, "[582]阿特拉斯院★3": 1, "[691]噬魂★3": 1, "[774]最后的叙述者★4": 1, "[815]樱的特制便当★3": 1, "[913]远方的前路★4": 1, "[1270]庆祝回忆★5": 7, "[1271]头脑风暴★4": 13, "[1272]散状花★3": 14, "[1414]愿望之容器★4": 2, "[1485]冬之结晶★4": 1, "[1512]庭園の守り人★4": 2, "[1513]穂群原学園生徒会長★3": 4, "[1576]華の楽土★4": 1, "[1577]告解の惑い場★4": 1, "[1607]投影装填★4": 2, "[1610]枯れない花★3": 3, "[1691]逆堕つ泥雨★5": 1}

编号[d39021d8273b8b1b20f9a8ce11644b87]
等级: 1
圣晶石: 2
圣晶片: 3
呼符: 0
金/银/铜/青苹果: 44/0/0/0
登陆天数: 19天 / 94天
从者: {"[72]弗格斯·马克·罗伊(Saber)★3": 3, "[9]吉尔·德·雷(Saber)★3": 3, "[223]迪尔姆德·奥迪那(Saber)★4": 1, "[344]ローラン(Saber)★4": 1, "[298]渡边纲(Saber)★4": 1, "[13]罗宾汉(Archer)★3": 1, "[63]大卫(Archer)★3": 1, "[105]比利小子(Archer)★3": 1, "[15]尤瑞艾莉(Archer)★3": 1, "[125]俵藤太(Archer)★3": 1, "[95]幼吉尔(Archer)★3": 1, "[246]威廉·退尔(Archer)★3": 1, "[17]库·丘林(Lancer)★3": 1, "[71]迪尔姆德·奥迪那(Lancer)★3": 1, "[20]库·丘林〔Prototype〕(Lancer)★3": 2, "[22]罗穆路斯(Lancer)★3": 3, "[186]宝藏院胤舜(Lancer)★3": 3, "[64]赫克托耳(Lancer)★3": 2, "[193]莲偶(Lancer)★4": 1, "[23]歌果(Rider)★3": 1, "[94]阿斯托尔福(Rider)★4": 1, "[27]牛若丸(Rider)★3": 1, "[28]亚历山大(Rider)★3": 2, "[30]玛尔达(Rider)★4": 1, "[31]美狄亚(Caster)★3": 1, "[79]冯·霍恩海姆·帕拉塞尔苏斯(Caster)★3": 1, "[80]查尔斯·巴贝奇(Caster)★3": 2, "[35]梅菲斯托费勒斯(Caster)★3": 1, "[104]杰罗尼莫(Caster)★3": 2, "[203]阿维斯布隆(Caster)★3": 2, "[110]百貌哈桑(Assassin)★3": 4, "[81]亨利·杰基尔＆海德(Assassin)★3": 1, "[124]静谧哈桑(Assassin)★3": 1, "[41]斯忒诺(Assassin)★4": 1, "[42]匕见(Assassin)★3": 1, "[109]卫宫〔Assassin〕(Assassin)★4": 1, "[117]风魔小太郎(Assassin)★3": 3, "[185]望月千代女(Assassin)★4": 1, "[49]虎狼(Berserker)★3": 1, "[55]大流士三世(Berserker)★3": 1, "[56]清姬(Berserker)★3": 1, "[1]玛修·基列莱特(Shielder)★3": 1, "[352]徐福(Alterego)★3": 4}
礼装: {"[26]宝石魔术·对影★4": 1, "[33]限制/零毁★5": 1, "[73]死灵魔术★4": 1, "[91]爱之灵药★3": 1, "[93]阿兰若★3": 1, "[176]记录保持者★4": 2, "[182]毒蛇一艺★4": 2, "[333]许德拉匕首★3": 2, "[246]特辣麻婆豆腐★3": 1, "[265]卡姆兰之战★3": 1, "[331]佛拉格拉克★3": 2, "[332]天之逆月★3": 4, "[420]谜之面具群★3": 3, "[582]阿特拉斯院★3": 2, "[585]幻想种★3": 1, "[674]神造兵器★3": 1, "[774]最后的叙述者★4": 1, "[813]阿特拉斯的婴儿★5": 1, "[814]清扫者★4": 1, "[912]火炎伯爵★5": 1, "[1016]狂舞曲★4": 1, "[1270]庆祝回忆★5": 3, "[1271]头脑风暴★4": 1, "[1272]散状花★3": 16, "[1412]宝石的魔弹★4": 1, "[1414]愿望之容器★4": 1, "[1415]匮乏之人★3": 3, "[1458]魔道元帅★5": 1, "[1485]冬之结晶★4": 1, "[1511]冬の聖女★5": 1, "[1512]庭園の守り人★4": 1, "[1513]穂群原学園生徒会長★3": 3, "[1576]華の楽土★4": 1, "[1577]告解の惑い場★4": 1, "[1608]悲願の継承★4": 2, "[1610]枯れない花★3": 4, "[1669]熾天の王★5": 1, "[1670]狩人の夢★4": 1}

编号[aecf1384e41dfda9c088d903bce6e93e]
等级: 1
圣晶石: 151
圣晶片: 3
呼符: 50
金/银/铜/青苹果: 44/0/0/0
登陆天数: 19天 / 94天
从者: {"[72]弗格斯·马克·罗伊(Saber)★3": 1, "[9]吉尔·德·雷(Saber)★3": 1, "[13]罗宾汉(Archer)★3": 1, "[63]大卫(Archer)★3": 1, "[105]比利小子(Archer)★3": 1, "[125]俵藤太(Archer)★3": 1, "[246]威廉·退尔(Archer)★3": 1, "[17]库·丘林(Lancer)★3": 2, "[20]库·丘林〔Prototype〕(Lancer)★3": 1, "[22]罗穆路斯(Lancer)★3": 1, "[64]赫克托耳(Lancer)★3": 1, "[94]阿斯托尔福(Rider)★4": 1, "[26]布狄卡(Rider)★3": 1, "[28]亚历山大(Rider)★3": 2, "[273]曼迪卡尔多(Rider)★3": 1, "[79]冯·霍恩海姆·帕拉塞尔苏斯(Caster)★3": 1, "[80]查尔斯·巴贝奇(Caster)★3": 1, "[192]喀耳刻(Caster)★4": 1, "[284]阿尔托莉雅·卡斯特(Caster)★5": 1, "[110]百貌哈桑(Assassin)★3": 2, "[117]风魔小太郎(Assassin)★3": 1, "[47]赫拉克勒斯(Berserker)★4": 1, "[55]大流士三世(Berserker)★3": 1, "[1]玛修·基列莱特(Shielder)★3": 1}
礼装: {"[22]原始咒术★4": 1, "[42]Mooncell Automaton★3": 1, "[57]月之胜利者★5": 1, "[91]爱之灵药★3": 1, "[182]毒蛇一艺★4": 1, "[184]柔软的慈爱★4": 1, "[243]Bronze-Link Manipulators★3": 2, "[244]四枝之浅滩★3": 1, "[333]许德拉匕首★3": 1, "[246]特辣麻婆豆腐★3": 1, "[265]卡姆兰之战★3": 2, "[418]固有结界★3": 1, "[419]返老还童的灵药★3": 1, "[420]谜之面具群★3": 1, "[585]幻想种★3": 2, "[674]神造兵器★3": 2, "[815]樱的特制便当★3": 2, "[1130]野心的嚆矢★4": 1, "[1208]韵律诗节★4": 1, "[1270]庆祝回忆★5": 1, "[1271]头脑风暴★4": 1, "[1272]散状花★3": 5, "[1414]愿望之容器★4": 1, "[1513]穂群原学園生徒会長★3": 2, "[1609]代償魔術★4": 1, "[1610]枯れない花★3": 1, "[1691]逆堕つ泥雨★5": 1}

编号[ef16fc8f0142cb01d88dd41b140d77d7]
等级: 1
圣晶石: 248
圣晶片: 3
呼符: 35
金/银/铜/青苹果: 44/0/0/0
登陆天数: 19天 / 94天
从者: {"[72]弗格斯·马克·罗伊(Saber)★3": 1, "[63]大卫(Archer)★3": 1, "[15]尤瑞艾莉(Archer)★3": 1, "[17]库·丘林(Lancer)★3": 1, "[22]罗穆路斯(Lancer)★3": 1, "[186]宝藏院胤舜(Lancer)★3": 1, "[23]歌果(Rider)★3": 1, "[94]阿斯托尔福(Rider)★4": 1, "[26]布狄卡(Rider)★3": 1, "[28]亚历山大(Rider)★3": 1, "[273]曼迪卡尔多(Rider)★3": 1, "[31]美狄亚(Caster)★3": 1, "[79]冯·霍恩海姆·帕拉塞尔苏斯(Caster)★3": 1, "[35]梅菲斯托费勒斯(Caster)★3": 1, "[104]杰罗尼莫(Caster)★3": 1, "[203]阿维斯布隆(Caster)★3": 1, "[284]阿尔托莉雅·卡斯特(Caster)★5": 1, "[348]張角(Caster)★3": 1, "[110]百貌哈桑(Assassin)★3": 1, "[41]斯忒诺(Assassin)★4": 2, "[42]匕见(Assassin)★3": 1, "[117]风魔小太郎(Assassin)★3": 1, "[49]虎狼(Berserker)★3": 2, "[55]大流士三世(Berserker)★3": 1, "[1]玛修·基列莱特(Shielder)★3": 1, "[352]徐福(Alterego)★3": 1}
礼装: {"[21]钢之锻炼★4": 1, "[22]原始咒术★4": 1, "[28]虚数魔术★4": 1, "[34]万华镜★5": 1, "[42]Mooncell Automaton★3": 2, "[243]Bronze-Link Manipulators★3": 1, "[333]许德拉匕首★3": 2, "[331]佛拉格拉克★3": 2, "[419]返老还童的灵药★3": 1, "[691]噬魂★3": 1, "[774]最后的叙述者★4": 2, "[813]阿特拉斯的婴儿★5": 1, "[1270]庆祝回忆★5": 1, "[1271]头脑风暴★4": 2, "[1272]散状花★3": 2, "[1415]匮乏之人★3": 1, "[1513]穂群原学園生徒会長★3": 1, "[1610]枯れない花★3": 2}

编号[7520739a4b3684ecccce5bf7a974cd5a]
等级: 1
圣晶石: 142
圣晶片: 3
呼符: 50
金/银/铜/青苹果: 44/0/0/0
登陆天数: 19天 / 94天
从者: {"[7]盖乌斯·尤利乌斯·恺撒(Saber)★3": 1, "[72]弗格斯·马克·罗伊(Saber)★3": 1, "[9]吉尔·德·雷(Saber)★3": 1, "[13]罗宾汉(Archer)★3": 1, "[105]比利小子(Archer)★3": 1, "[95]幼吉尔(Archer)★3": 1, "[246]威廉·退尔(Archer)★3": 2, "[71]迪尔姆德·奥迪那(Lancer)★3": 1, "[20]库·丘林〔Prototype〕(Lancer)★3": 4, "[64]赫克托耳(Lancer)★3": 3, "[27]牛若丸(Rider)★3": 1, "[273]曼迪卡尔多(Rider)★3": 1, "[332]ドブルイニャ・ニキチッチ(Rider)★4": 1, "[31]美狄亚(Caster)★3": 1, "[80]查尔斯·巴贝奇(Caster)★3": 1, "[120]尼托克丽丝(Caster)★4": 1, "[35]梅菲斯托费勒斯(Caster)★3": 2, "[104]杰罗尼莫(Caster)★3": 1, "[284]阿尔托莉雅·卡斯特(Caster)★5": 1, "[81]亨利·杰基尔＆海德(Assassin)★3": 1, "[124]静谧哈桑(Assassin)★3": 2, "[117]风魔小太郎(Assassin)★3": 2, "[159]燕青(Assassin)★4": 1, "[56]清姬(Berserker)★3": 1, "[1]玛修·基列莱特(Shielder)★3": 1, "[352]徐福(Alterego)★3": 1}
礼装: {"[21]钢之锻炼★4": 2, "[67]2030年的碎片★5": 1, "[89]柳洞寺★3": 1, "[91]爱之灵药★3": 1, "[183]死之艺术★4": 1, "[184]柔软的慈爱★4": 1, "[188]觉醒之前★5": 1, "[244]四枝之浅滩★3": 1, "[333]许德拉匕首★3": 1, "[246]特辣麻婆豆腐★3": 2, "[247]宝石剑泽尔里奇★3": 2, "[264]援护射击★4": 1, "[265]卡姆兰之战★3": 2, "[418]固有结界★3": 1, "[419]返老还童的灵药★3": 1, "[581]手无寸铁慎二君★3": 1, "[691]噬魂★3": 2, "[815]樱的特制便当★3": 1, "[1270]庆祝回忆★5": 1, "[1271]头脑风暴★4": 2, "[1272]散状花★3": 2, "[1316]王者的气质★4": 1, "[1415]匮乏之人★3": 1, "[1512]庭園の守り人★4": 1, "[1513]穂群原学園生徒会長★3": 1, "[1692]免許皆伝★4": 1}

编号[5f4aa73df05a1d720b1c08fa812b79c8]
等级: 1
圣晶石: 41
圣晶片: 3
呼符: 37
金/银/铜/青苹果: 44/0/0/0
登陆天数: 19天 / 94天
从者: {"[7]盖乌斯·尤利乌斯·恺撒(Saber)★3": 1, "[72]弗格斯·马克·罗伊(Saber)★3": 1, "[13]罗宾汉(Archer)★3": 1, "[14]阿塔兰忒(Archer)★4": 1, "[63]大卫(Archer)★3": 1, "[105]比利小子(Archer)★3": 1, "[15]尤瑞艾莉(Archer)★3": 3, "[125]俵藤太(Archer)★3": 1, "[246]威廉·退尔(Archer)★3": 1, "[71]迪尔姆德·奥迪那(Lancer)★3": 1, "[18]伊丽莎白·巴托里(Lancer)★4": 1, "[20]库·丘林〔Prototype〕(Lancer)★3": 1, "[22]罗穆路斯(Lancer)★3": 1, "[186]宝藏院胤舜(Lancer)★3": 1, "[64]赫克托耳(Lancer)★3": 1, "[146]美杜莎(Lancer)★4": 2, "[23]歌果(Rider)★3": 1, "[27]牛若丸(Rider)★3": 1, "[28]亚历山大(Rider)★3": 1, "[29]玛丽·安托瓦内特(Rider)★4": 1, "[273]曼迪卡尔多(Rider)★3": 1, "[31]美狄亚(Caster)★3": 2, "[74]童谣(Caster)★4": 1, "[80]查尔斯·巴贝奇(Caster)★3": 1, "[104]杰罗尼莫(Caster)★3": 1, "[203]阿维斯布隆(Caster)★3": 1, "[284]阿尔托莉雅·卡斯特(Caster)★5": 1, "[348]張角(Caster)★3": 1, "[110]百貌哈桑(Assassin)★3": 1, "[81]亨利·杰基尔＆海德(Assassin)★3": 1, "[124]静谧哈桑(Assassin)★3": 1, "[42]匕见(Assassin)★3": 1, "[159]燕青(Assassin)★4": 1, "[47]赫拉克勒斯(Berserker)★4": 1, "[49]虎狼(Berserker)★3": 2, "[55]大流士三世(Berserker)★3": 1, "[56]清姬(Berserker)★3": 1, "[1]玛修·基列莱特(Shielder)★3": 1, "[352]徐福(Alterego)★3": 2, "[158]黑森·罗伯(Avenger)★4": 1}
礼装: {"[26]宝石魔术·对影★4": 2, "[48]黑之圣杯★5": 1, "[58]另一个结局★5": 1, "[89]柳洞寺★3": 1, "[98]千年黄金树★4": 2, "[244]四枝之浅滩★3": 1, "[333]许德拉匕首★3": 1, "[246]特辣麻婆豆腐★3": 1, "[331]佛拉格拉克★3": 1, "[401]私室警备员★4": 1, "[419]返老还童的灵药★3": 2, "[420]谜之面具群★3": 1, "[913]远方的前路★4": 1, "[1015]黄昏的王圣★5": 1, "[1270]庆祝回忆★5": 4, "[1271]头脑风暴★4": 9, "[1272]散状花★3": 12, "[1412]宝石的魔弹★4": 1, "[1415]匮乏之人★3": 2, "[1513]穂群原学園生徒会長★3": 1, "[1577]告解の惑い場★4": 1, "[1610]枯れない花★3": 2}

编号[cc8e6bbb63754e132ef00552f9fdac1c]
等级: 1
圣晶石: 2
圣晶片: 3
呼符: 0
金/银/铜/青苹果: 44/0/0/0
登陆天数: 19天 / 94天
从者: {"[7]盖乌斯·尤利乌斯·恺撒(Saber)★3": 2, "[72]弗格斯·马克·罗伊(Saber)★3": 1, "[101]罗摩(Saber)★4": 1, "[9]吉尔·德·雷(Saber)★3": 3, "[165]铃鹿御前(Saber)★4": 1, "[13]罗宾汉(Archer)★3": 1, "[105]比利小子(Archer)★3": 2, "[15]尤瑞艾莉(Archer)★3": 2, "[125]俵藤太(Archer)★3": 2, "[95]幼吉尔(Archer)★3": 1, "[246]威廉·退尔(Archer)★3": 1, "[325]芝诺比阿(Archer)★4": 1, "[17]库·丘林(Lancer)★3": 1, "[71]迪尔姆德·奥迪那(Lancer)★3": 2, "[20]库·丘林〔Prototype〕(Lancer)★3": 4, "[186]宝藏院胤舜(Lancer)★3": 1, "[64]赫克托耳(Lancer)★3": 3, "[214]瓦尔基里(Lancer)★4": 1, "[23]歌果(Rider)★3": 2, "[26]布狄卡(Rider)★3": 1, "[28]亚历山大(Rider)★3": 1, "[273]曼迪卡尔多(Rider)★3": 2, "[332]ドブルイニャ・ニキチッチ(Rider)★4": 1, "[31]美狄亚(Caster)★3": 1, "[79]冯·霍恩海姆·帕拉塞尔苏斯(Caster)★3": 2, "[80]查尔斯·巴贝奇(Caster)★3": 1, "[35]梅菲斯托费勒斯(Caster)★3": 2, "[104]杰罗尼莫(Caster)★3": 1, "[203]阿维斯布隆(Caster)★3": 4, "[348]張角(Caster)★3": 7, "[81]亨利·杰基尔＆海德(Assassin)★3": 2, "[124]静谧哈桑(Assassin)★3": 2, "[42]匕见(Assassin)★3": 3, "[117]风魔小太郎(Assassin)★3": 1, "[49]虎狼(Berserker)★3": 2, "[55]大流士三世(Berserker)★3": 1, "[58]玉藻猫(Berserker)★4": 1, "[1]玛修·基列莱特(Shielder)★3": 1}
礼装: {"[24]Gandr★4": 1, "[26]宝石魔术·对影★4": 1, "[42]Mooncell Automaton★3": 2, "[56]指令咏唱★4": 3, "[58]另一个结局★5": 1, "[74]觉醒的意志★4": 1, "[91]爱之灵药★3": 1, "[98]千年黄金树★4": 1, "[176]记录保持者★4": 1, "[183]死之艺术★4": 1, "[186]情窦未开的千金★4": 2, "[243]Bronze-Link Manipulators★3": 1, "[244]四枝之浅滩★3": 1, "[333]许德拉匕首★3": 1, "[247]宝石剑泽尔里奇★3": 1, "[265]卡姆兰之战★3": 2, "[331]佛拉格拉克★3": 1, "[332]天之逆月★3": 3, "[401]私室警备员★4": 1, "[418]固有结界★3": 3, "[420]谜之面具群★3": 4, "[582]阿特拉斯院★3": 2, "[674]神造兵器★3": 2, "[1130]野心的嚆矢★4": 1, "[1270]庆祝回忆★5": 3, "[1271]头脑风暴★4": 9, "[1272]散状花★3": 12, "[1315]恋之诅咒★5": 1, "[1316]王者的气质★4": 1, "[1412]宝石的魔弹★4": 1, "[1414]愿望之容器★4": 1, "[1415]匮乏之人★3": 2, "[1513]穂群原学園生徒会長★3": 2, "[1576]華の楽土★4": 1, "[1577]告解の惑い場★4": 1, "[1609]代償魔術★4": 4, "[1610]枯れない花★3": 1}

编号[4b424e42f8b8a3e8dad7110e127f79e8]
等级: 1
圣晶石: 193
圣晶片: 3
呼符: 50
金/银/铜/青苹果: 44/0/0/0
登陆天数: 19天 / 94天
从者: {"[7]盖乌斯·尤利乌斯·恺撒(Saber)★3": 1, "[9]吉尔·德·雷(Saber)★3": 1, "[227]兰陵王(Saber)★4": 1, "[15]尤瑞艾莉(Archer)★3": 2, "[71]迪尔姆德·奥迪那(Lancer)★3": 3, "[186]宝藏院胤舜(Lancer)★3": 1, "[26]布狄卡(Rider)★3": 2, "[27]牛若丸(Rider)★3": 1, "[28]亚历山大(Rider)★3": 1, "[31]美狄亚(Caster)★3": 2, "[79]冯·霍恩海姆·帕拉塞尔苏斯(Caster)★3": 1, "[203]阿维斯布隆(Caster)★3": 2, "[284]阿尔托莉雅·卡斯特(Caster)★5": 1, "[81]亨利·杰基尔＆海德(Assassin)★3": 1, "[124]静谧哈桑(Assassin)★3": 1, "[41]斯忒诺(Assassin)★4": 2, "[42]匕见(Assassin)★3": 1, "[109]卫宫〔Assassin〕(Assassin)★4": 1, "[49]虎狼(Berserker)★3": 2, "[1]玛修·基列莱特(Shielder)★3": 1}
礼装: {"[37]芦苇海★3": 1, "[73]死灵魔术★4": 1, "[89]柳洞寺★3": 1, "[183]死之艺术★4": 1, "[246]特辣麻婆豆腐★3": 1, "[332]天之逆月★3": 1, "[419]返老还童的灵药★3": 1, "[581]手无寸铁慎二君★3": 1, "[582]阿特拉斯院★3": 1, "[691]噬魂★3": 1, "[1016]狂舞曲★4": 1, "[1207]黑魔术★5": 1, "[1271]头脑风暴★4": 2, "[1272]散状花★3": 4, "[1485]冬之结晶★4": 1, "[1610]枯れない花★3": 2}

编号[2a16d51f83ccae60960f849431d0ff60]
等级: 1
圣晶石: 271
圣晶片: 3
呼符: 50
金/银/铜/青苹果: 44/0/0/0
登陆天数: 19天 / 94天
从者: {"[72]弗格斯·马克·罗伊(Saber)★3": 2, "[26]布狄卡(Rider)★3": 1, "[28]亚历山大(Rider)★3": 1, "[273]曼迪卡尔多(Rider)★3": 1, "[79]冯·霍恩海姆·帕拉塞尔苏斯(Caster)★3": 1, "[104]杰罗尼莫(Caster)★3": 1, "[284]阿尔托莉雅·卡斯特(Caster)★5": 1, "[47]赫拉克勒斯(Berserker)★4": 1, "[49]虎狼(Berserker)★3": 1, "[55]大流士三世(Berserker)★3": 1, "[56]清姬(Berserker)★3": 1, "[1]玛修·基列莱特(Shielder)★3": 1}
礼装: {"[21]钢之锻炼★4": 1, "[22]原始咒术★4": 1, "[420]谜之面具群★3": 1, "[1207]黑魔术★5": 1, "[1208]韵律诗节★4": 1, "[1271]头脑风暴★4": 2, "[1415]匮乏之人★3": 1}

编号[58637fbe6e01eff37f0cc1e6283f1619]
等级: 1
圣晶石: 124
圣晶片: 3
呼符: 50
金/银/铜/青苹果: 44/0/0/0
登陆天数: 19天 / 94天
从者: {"[6]齐格飞(Saber)★4": 1, "[7]盖乌斯·尤利乌斯·恺撒(Saber)★3": 3, "[13]罗宾汉(Archer)★3": 1, "[125]俵藤太(Archer)★3": 1, "[246]威廉·退尔(Archer)★3": 2, "[71]迪尔姆德·奥迪那(Lancer)★3": 1, "[20]库·丘林〔Prototype〕(Lancer)★3": 1, "[22]罗穆路斯(Lancer)★3": 2, "[186]宝藏院胤舜(Lancer)★3": 1, "[64]赫克托耳(Lancer)★3": 1, "[23]歌果(Rider)★3": 1, "[66]安妮·伯妮＆玛莉·瑞德(Rider)★4": 1, "[27]牛若丸(Rider)★3": 2, "[332]ドブルイニャ・ニキチッチ(Rider)★4": 1, "[79]冯·霍恩海姆·帕拉塞尔苏斯(Caster)★3": 1, "[80]查尔斯·巴贝奇(Caster)★3": 2, "[35]梅菲斯托费勒斯(Caster)★3": 1, "[192]喀耳刻(Caster)★4": 1, "[284]阿尔托莉雅·卡斯特(Caster)★5": 1, "[110]百貌哈桑(Assassin)★3": 1, "[81]亨利·杰基尔＆海德(Assassin)★3": 1, "[41]斯忒诺(Assassin)★4": 1, "[42]匕见(Assassin)★3": 1, "[117]风魔小太郎(Assassin)★3": 1, "[185]望月千代女(Assassin)★4": 1, "[47]赫拉克勒斯(Berserker)★4": 1, "[55]大流士三世(Berserker)★3": 1, "[1]玛修·基列莱特(Shielder)★3": 1}
礼装: {"[22]原始咒术★4": 1, "[26]宝石魔术·对影★4": 1, "[56]指令咏唱★4": 2, "[58]另一个结局★5": 1, "[89]柳洞寺★3": 1, "[91]爱之灵药★3": 1, "[243]Bronze-Link Manipulators★3": 2, "[246]特辣麻婆豆腐★3": 1, "[332]天之逆月★3": 1, "[419]返老还童的灵药★3": 1, "[580]瓦砾的圣堂★3": 1, "[581]手无寸铁慎二君★3": 2, "[582]阿特拉斯院★3": 2, "[585]幻想种★3": 2, "[674]神造兵器★3": 2, "[691]噬魂★3": 1, "[1016]狂舞曲★4": 1, "[1270]庆祝回忆★5": 2, "[1271]头脑风暴★4": 4, "[1272]散状花★3": 6, "[1316]王者的气质★4": 1, "[1412]宝石的魔弹★4": 1, "[1415]匮乏之人★3": 2, "[1513]穂群原学園生徒会長★3": 2, "[1607]投影装填★4": 1}

编号[604744e0f3518d473ae03ccc9fe86f8e]
等级: 1
圣晶石: 229
圣晶片: 3
呼符: 50
金/银/铜/青苹果: 44/0/0/0
登陆天数: 19天 / 94天
从者: {"[6]齐格飞(Saber)★4": 1, "[72]弗格斯·马克·罗伊(Saber)★3": 2, "[9]吉尔·德·雷(Saber)★3": 1, "[15]尤瑞艾莉(Archer)★3": 1, "[246]威廉·退尔(Archer)★3": 2, "[325]芝诺比阿(Archer)★4": 1, "[64]赫克托耳(Lancer)★3": 2, "[23]歌果(Rider)★3": 1, "[27]牛若丸(Rider)★3": 1, "[332]ドブルイニャ・ニキチッチ(Rider)★4": 1, "[79]冯·霍恩海姆·帕拉塞尔苏斯(Caster)★3": 1, "[80]查尔斯·巴贝奇(Caster)★3": 1, "[35]梅菲斯托费勒斯(Caster)★3": 1, "[203]阿维斯布隆(Caster)★3": 1, "[284]阿尔托莉雅·卡斯特(Caster)★5": 1, "[348]張角(Caster)★3": 1, "[42]匕见(Assassin)★3": 1, "[117]风魔小太郎(Assassin)★3": 1, "[1]玛修·基列莱特(Shielder)★3": 1}
礼装: {"[26]宝石魔术·对影★4": 2, "[48]黑之圣杯★5": 1, "[74]觉醒的意志★4": 1, "[400]天堂之孔★5": 1, "[585]幻想种★3": 1, "[674]神造兵器★3": 1, "[913]远方的前路★4": 1, "[1270]庆祝回忆★5": 1, "[1272]散状花★3": 2, "[1513]穂群原学園生徒会長★3": 1, "[1692]免許皆伝★4": 1}

编号[0408233f15ccddeb8a44fb6255399e0e]
等级: 1
圣晶石: 25
圣晶片: 3
呼符: 50
金/银/铜/青苹果: 44/0/0/0
登陆天数: 19天 / 94天
从者: {"[7]盖乌斯·尤利乌斯·恺撒(Saber)★3": 2, "[72]弗格斯·马克·罗伊(Saber)★3": 2, "[9]吉尔·德·雷(Saber)★3": 1, "[13]罗宾汉(Archer)★3": 1, "[63]大卫(Archer)★3": 2, "[15]尤瑞艾莉(Archer)★3": 1, "[125]俵藤太(Archer)★3": 2, "[95]幼吉尔(Archer)★3": 2, "[246]威廉·退尔(Archer)★3": 1, "[325]芝诺比阿(Archer)★4": 1, "[71]迪尔姆德·奥迪那(Lancer)★3": 1, "[20]库·丘林〔Prototype〕(Lancer)★3": 1, "[22]罗穆路斯(Lancer)★3": 2, "[23]歌果(Rider)★3": 1, "[27]牛若丸(Rider)★3": 1, "[28]亚历山大(Rider)★3": 1, "[273]曼迪卡尔多(Rider)★3": 1, "[332]ドブルイニャ・ニキチッチ(Rider)★4": 1, "[31]美狄亚(Caster)★3": 2, "[80]查尔斯·巴贝奇(Caster)★3": 1, "[35]梅菲斯托费勒斯(Caster)★3": 1, "[104]杰罗尼莫(Caster)★3": 3, "[203]阿维斯布隆(Caster)★3": 2, "[284]阿尔托莉雅·卡斯特(Caster)★5": 1, "[348]張角(Caster)★3": 1, "[110]百貌哈桑(Assassin)★3": 3, "[81]亨利·杰基尔＆海德(Assassin)★3": 1, "[124]静谧哈桑(Assassin)★3": 3, "[42]匕见(Assassin)★3": 1, "[117]风魔小太郎(Assassin)★3": 1, "[49]虎狼(Berserker)★3": 1, "[55]大流士三世(Berserker)★3": 3, "[1]玛修·基列莱特(Shielder)★3": 1, "[352]徐福(Alterego)★3": 1}
礼装: {"[33]限制/零毁★5": 1, "[37]芦苇海★3": 1, "[73]死灵魔术★4": 1, "[89]柳洞寺★3": 2, "[183]死之艺术★4": 1, "[186]情窦未开的千金★4": 1, "[243]Bronze-Link Manipulators★3": 3, "[333]许德拉匕首★3": 6, "[246]特辣麻婆豆腐★3": 2, "[247]宝石剑泽尔里奇★3": 1, "[265]卡姆兰之战★3": 1, "[331]佛拉格拉克★3": 2, "[332]天之逆月★3": 2, "[418]固有结界★3": 1, "[419]返老还童的灵药★3": 1, "[420]谜之面具群★3": 1, "[580]瓦砾的圣堂★3": 2, "[581]手无寸铁慎二君★3": 1, "[582]阿特拉斯院★3": 1, "[585]幻想种★3": 1, "[691]噬魂★3": 2, "[815]樱的特制便当★3": 1, "[913]远方的前路★4": 1, "[1208]韵律诗节★4": 1, "[1270]庆祝回忆★5": 4, "[1271]头脑风暴★4": 5, "[1272]散状花★3": 8, "[1513]穂群原学園生徒会長★3": 3, "[1606]五大元素使い★5": 1, "[1610]枯れない花★3": 1}

编号[7df56a3e4b200abc46c8f84455d7761f]
等级: 1
圣晶石: 154
圣晶片: 3
呼符: 50
金/银/铜/青苹果: 44/0/0/0
登陆天数: 19天 / 94天
从者: {"[7]盖乌斯·尤利乌斯·恺撒(Saber)★3": 1, "[9]吉尔·德·雷(Saber)★3": 1, "[245]拉克什米·芭伊(Saber)★4": 2, "[63]大卫(Archer)★3": 1, "[105]比利小子(Archer)★3": 2, "[95]幼吉尔(Archer)★3": 1, "[246]威廉·退尔(Archer)★3": 1, "[71]迪尔姆德·奥迪那(Lancer)★3": 1, "[20]库·丘林〔Prototype〕(Lancer)★3": 2, "[22]罗穆路斯(Lancer)★3": 1, "[214]瓦尔基里(Lancer)★4": 1, "[23]歌果(Rider)★3": 1, "[273]曼迪卡尔多(Rider)★3": 1, "[31]美狄亚(Caster)★3": 2, "[120]尼托克丽丝(Caster)★4": 1, "[35]梅菲斯托费勒斯(Caster)★3": 1, "[104]杰罗尼莫(Caster)★3": 2, "[203]阿维斯布隆(Caster)★3": 1, "[284]阿尔托莉雅·卡斯特(Caster)★5": 1, "[348]張角(Caster)★3": 1, "[110]百貌哈桑(Assassin)★3": 1, "[42]匕见(Assassin)★3": 1, "[170]周照(Assassin)★4": 1, "[56]清姬(Berserker)★3": 1, "[1]玛修·基列莱特(Shielder)★3": 1}
礼装: {"[24]Gandr★4": 1, "[37]芦苇海★3": 1, "[176]记录保持者★4": 1, "[183]死之艺术★4": 1, "[246]特辣麻婆豆腐★3": 1, "[247]宝石剑泽尔里奇★3": 3, "[420]谜之面具群★3": 3, "[580]瓦砾的圣堂★3": 1, "[581]手无寸铁慎二君★3": 3, "[674]神造兵器★3": 1, "[691]噬魂★3": 1, "[815]樱的特制便当★3": 1, "[1270]庆祝回忆★5": 1, "[1271]头脑风暴★4": 3, "[1272]散状花★3": 5, "[1316]王者的气质★4": 1, "[1512]庭園の守り人★4": 2, "[1513]穂群原学園生徒会長★3": 1, "[1609]代償魔術★4": 1, "[1610]枯れない花★3": 1}

编号[2e2a405f89c1145e62fdaa6f8ec364e6]
等级: 1
圣晶石: 292
圣晶片: 3
呼符: 50
金/银/铜/青苹果: 44/0/0/0
登陆天数: 19天 / 94天
从者: {"[7]盖乌斯·尤利乌斯·恺撒(Saber)★3": 1, "[63]大卫(Archer)★3": 1, "[18]伊丽莎白·巴托里(Lancer)★4": 1, "[22]罗穆路斯(Lancer)★3": 1, "[23]歌果(Rider)★3": 1, "[27]牛若丸(Rider)★3": 1, "[35]梅菲斯托费勒斯(Caster)★3": 1, "[284]阿尔托莉雅·卡斯特(Caster)★5": 1, "[1]玛修·基列莱特(Shielder)★3": 1}
礼装: {"[1272]散状花★3": 1}

编号[cc46e2e69514ce35a9d69de4694b4cfb]
等级: 1
圣晶石: 2
圣晶片: 3
呼符: 0
金/银/铜/青苹果: 44/0/0/0
登陆天数: 19天 / 94天
从者: {"[7]盖乌斯·尤利乌斯·恺撒(Saber)★3": 1, "[72]弗格斯·马克·罗伊(Saber)★3": 3, "[9]吉尔·德·雷(Saber)★3": 1, "[298]渡边纲(Saber)★4": 1, "[13]罗宾汉(Archer)★3": 2, "[63]大卫(Archer)★3": 1, "[105]比利小子(Archer)★3": 1, "[15]尤瑞艾莉(Archer)★3": 1, "[125]俵藤太(Archer)★3": 3, "[95]幼吉尔(Archer)★3": 1, "[246]威廉·退尔(Archer)★3": 2, "[17]库·丘林(Lancer)★3": 3, "[71]迪尔姆德·奥迪那(Lancer)★3": 1, "[20]库·丘林〔Prototype〕(Lancer)★3": 2, "[22]罗穆路斯(Lancer)★3": 4, "[186]宝藏院胤舜(Lancer)★3": 1, "[64]赫克托耳(Lancer)★3": 3, "[183]帕尔瓦蒂(Lancer)★4": 1, "[23]歌果(Rider)★3": 3, "[26]布狄卡(Rider)★3": 1, "[27]牛若丸(Rider)★3": 3, "[28]亚历山大(Rider)★3": 2, "[273]曼迪卡尔多(Rider)★3": 1, "[332]ドブルイニャ・ニキチッチ(Rider)★4": 1, "[366]黄飛虎(Rider)★4": 1, "[79]冯·霍恩海姆·帕拉塞尔苏斯(Caster)★3": 2, "[80]查尔斯·巴贝奇(Caster)★3": 5, "[35]梅菲斯托费勒斯(Caster)★3": 3, "[104]杰罗尼莫(Caster)★3": 3, "[348]張角(Caster)★3": 3, "[110]百貌哈桑(Assassin)★3": 1, "[81]亨利·杰基尔＆海德(Assassin)★3": 2, "[124]静谧哈桑(Assassin)★3": 2, "[42]匕见(Assassin)★3": 1, "[117]风魔小太郎(Assassin)★3": 3, "[170]周照(Assassin)★4": 1, "[47]赫拉克勒斯(Berserker)★4": 1, "[49]虎狼(Berserker)★3": 3, "[55]大流士三世(Berserker)★3": 1, "[56]清姬(Berserker)★3": 2, "[1]玛修·基列莱特(Shielder)★3": 1, "[352]徐福(Alterego)★3": 1}
礼装: {"[73]死灵魔术★4": 1, "[89]柳洞寺★3": 2, "[91]爱之灵药★3": 1, "[98]千年黄金树★4": 1, "[186]情窦未开的千金★4": 2, "[243]Bronze-Link Manipulators★3": 2, "[244]四枝之浅滩★3": 1, "[333]许德拉匕首★3": 2, "[246]特辣麻婆豆腐★3": 1, "[265]卡姆兰之战★3": 2, "[331]佛拉格拉克★3": 1, "[332]天之逆月★3": 1, "[419]返老还童的灵药★3": 1, "[580]瓦砾的圣堂★3": 1, "[581]手无寸铁慎二君★3": 2, "[582]阿特拉斯院★3": 3, "[585]幻想种★3": 1, "[691]噬魂★3": 1, "[815]樱的特制便当★3": 1, "[913]远方的前路★4": 1, "[1270]庆祝回忆★5": 4, "[1271]头脑风暴★4": 7, "[1272]散状花★3": 12, "[1316]王者的气质★4": 1, "[1412]宝石的魔弹★4": 1, "[1415]匮乏之人★3": 3, "[1485]冬之结晶★4": 4, "[1512]庭園の守り人★4": 1, "[1513]穂群原学園生徒会長★3": 5, "[1576]華の楽土★4": 1, "[1577]告解の惑い場★4": 1, "[1609]代償魔術★4": 1, "[1669]熾天の王★5": 1, "[1692]免許皆伝★4": 2}

编号[f2190461b56d4d72a54a716bb2c098e4]
等级: 1
圣晶石: 2
圣晶片: 3
呼符: 0
金/银/铜/青苹果: 44/0/0/0
登陆天数: 19天 / 94天
从者: {"[7]盖乌斯·尤利乌斯·恺撒(Saber)★3": 1, "[72]弗格斯·马克·罗伊(Saber)★3": 3, "[9]吉尔·德·雷(Saber)★3": 1, "[245]拉克什米·芭伊(Saber)★4": 1, "[13]罗宾汉(Archer)★3": 1, "[63]大卫(Archer)★3": 1, "[105]比利小子(Archer)★3": 2, "[15]尤瑞艾莉(Archer)★3": 2, "[125]俵藤太(Archer)★3": 2, "[95]幼吉尔(Archer)★3": 1, "[246]威廉·退尔(Archer)★3": 2, "[325]芝诺比阿(Archer)★4": 1, "[17]库·丘林(Lancer)★3": 1, "[71]迪尔姆德·奥迪那(Lancer)★3": 1, "[140]弗拉德三世〔EXTRA〕(Lancer)★4": 1, "[20]库·丘林〔Prototype〕(Lancer)★3": 1, "[22]罗穆路斯(Lancer)★3": 2, "[186]宝藏院胤舜(Lancer)★3": 1, "[64]赫克托耳(Lancer)★3": 2, "[23]歌果(Rider)★3": 2, "[66]安妮·伯妮＆玛莉·瑞德(Rider)★4": 1, "[26]布狄卡(Rider)★3": 2, "[27]牛若丸(Rider)★3": 1, "[28]亚历山大(Rider)★3": 3, "[31]美狄亚(Caster)★3": 2, "[79]冯·霍恩海姆·帕拉塞尔苏斯(Caster)★3": 1, "[80]查尔斯·巴贝奇(Caster)★3": 1, "[120]尼托克丽丝(Caster)★4": 1, "[35]梅菲斯托费勒斯(Caster)★3": 1, "[104]杰罗尼莫(Caster)★3": 2, "[100]海伦娜·布拉瓦茨基(Caster)★4": 1, "[203]阿维斯布隆(Caster)★3": 1, "[348]張角(Caster)★3": 2, "[110]百貌哈桑(Assassin)★3": 1, "[81]亨利·杰基尔＆海德(Assassin)★3": 1, "[124]静谧哈桑(Assassin)★3": 1, "[42]匕见(Assassin)★3": 1, "[117]风魔小太郎(Assassin)★3": 1, "[47]赫拉克勒斯(Berserker)★4": 1, "[49]虎狼(Berserker)★3": 1, "[55]大流士三世(Berserker)★3": 1, "[56]清姬(Berserker)★3": 1, "[202]阿塔兰忒〔Alter〕(Berserker)★4": 1, "[1]玛修·基列莱特(Shielder)★3": 1, "[352]徐福(Alterego)★3": 2}
礼装: {"[21]钢之锻炼★4": 2, "[24]Gandr★4": 1, "[26]宝石魔术·对影★4": 1, "[33]限制/零毁★5": 1, "[89]柳洞寺★3": 1, "[91]爱之灵药★3": 1, "[244]四枝之浅滩★3": 4, "[333]许德拉匕首★3": 1, "[246]特辣麻婆豆腐★3": 1, "[263]起源弹★5": 1, "[420]谜之面具群★3": 2, "[581]手无寸铁慎二君★3": 1, "[674]神造兵器★3": 1, "[691]噬魂★3": 1, "[815]樱的特制便当★3": 2, "[913]远方的前路★4": 1, "[1270]庆祝回忆★5": 5, "[1271]头脑风暴★4": 13, "[1272]散状花★3": 11, "[1315]恋之诅咒★5": 1, "[1414]愿望之容器★4": 1, "[1485]冬之结晶★4": 1, "[1513]穂群原学園生徒会長★3": 3, "[1576]華の楽土★4": 1, "[1607]投影装填★4": 1, "[1609]代償魔術★4": 1, "[1610]枯れない花★3": 3, "[1692]免許皆伝★4": 1}

编号[6ceea77bc1f3072a65076af3b5e127d9]
等级: 1
圣晶石: 106
圣晶片: 3
呼符: 50
金/银/铜/青苹果: 44/0/0/0
登陆天数: 19天 / 94天
从者: {"[7]盖乌斯·尤利乌斯·恺撒(Saber)★3": 2, "[72]弗格斯·马克·罗伊(Saber)★3": 2, "[9]吉尔·德·雷(Saber)★3": 2, "[245]拉克什米·芭伊(Saber)★4": 1, "[13]罗宾汉(Archer)★3": 1, "[105]比利小子(Archer)★3": 1, "[15]尤瑞艾莉(Archer)★3": 1, "[95]幼吉尔(Archer)★3": 2, "[184]巴御前(Archer)★4": 1, "[246]威廉·退尔(Archer)★3": 3, "[17]库·丘林(Lancer)★3": 1, "[20]库·丘林〔Prototype〕(Lancer)★3": 1, "[22]罗穆路斯(Lancer)★3": 2, "[64]赫克托耳(Lancer)★3": 1, "[273]曼迪卡尔多(Rider)★3": 1, "[332]ドブルイニャ・ニキチッチ(Rider)★4": 1, "[31]美狄亚(Caster)★3": 2, "[79]冯·霍恩海姆·帕拉塞尔苏斯(Caster)★3": 2, "[35]梅菲斯托费勒斯(Caster)★3": 1, "[104]杰罗尼莫(Caster)★3": 1, "[192]喀耳刻(Caster)★4": 1, "[284]阿尔托莉雅·卡斯特(Caster)★5": 1, "[348]張角(Caster)★3": 1, "[81]亨利·杰基尔＆海德(Assassin)★3": 1, "[124]静谧哈桑(Assassin)★3": 1, "[42]匕见(Assassin)★3": 1, "[49]虎狼(Berserker)★3": 1, "[56]清姬(Berserker)★3": 3, "[97]南丁格尔(Berserker)★5": 1, "[58]玉藻猫(Berserker)★4": 1, "[1]玛修·基列莱特(Shielder)★3": 1, "[352]徐福(Alterego)★3": 1}
礼装: {"[21]钢之锻炼★4": 1, "[56]指令咏唱★4": 1, "[91]爱之灵药★3": 2, "[97]圣者凭依之躯★5": 1, "[246]特辣麻婆豆腐★3": 1, "[265]卡姆兰之战★3": 1, "[331]佛拉格拉克★3": 1, "[332]天之逆月★3": 2, "[419]返老还童的灵药★3": 2, "[580]瓦砾的圣堂★3": 3, "[581]手无寸铁慎二君★3": 3, "[582]阿特拉斯院★3": 2, "[585]幻想种★3": 1, "[674]神造兵器★3": 1, "[814]清扫者★4": 1, "[1208]韵律诗节★4": 1, "[1270]庆祝回忆★5": 3, "[1271]头脑风暴★4": 3, "[1272]散状花★3": 2, "[1412]宝石的魔弹★4": 1, "[1513]穂群原学園生徒会長★3": 1, "[1576]華の楽土★4": 1, "[1610]枯れない花★3": 2, "[1692]免許皆伝★4": 1}

