编号[6311f10845fcdd8b12971ec0d13f40c2]
等级: 1
圣晶石: 253
圣晶片: 3
呼符: 50
金/银/铜/青苹果: 44/0/0/0
登陆天数: 6天 / 81天
从者: {"[7]盖乌斯·尤利乌斯·恺撒(Saber)★3": 1, "[9]吉尔·德·雷(Saber)★3": 1, "[13]罗宾汉(Archer)★3": 1, "[64]赫克托耳(Lancer)★3": 1, "[26]布狄卡(Rider)★3": 1, "[273]曼迪卡尔多(Rider)★3": 1, "[31]美狄亚(Caster)★3": 1, "[284]阿尔托莉雅·卡斯特(Caster)★5": 1, "[348]張角(Caster)★3": 1, "[41]斯忒诺(Assassin)★4": 1, "[47]赫拉克勒斯(Berserker)★4": 1, "[58]玉藻猫(Berserker)★4": 1, "[1]玛修·基列莱特(Shielder)★3": 1, "[352]徐福(Alterego)★3": 1}
礼装: {"[24]Gandr★4": 1, "[73]死灵魔术★4": 1, "[91]爱之灵药★3": 1, "[98]千年黄金树★4": 2, "[246]特辣麻婆豆腐★3": 2, "[265]卡姆兰之战★3": 1, "[580]瓦砾的圣堂★3": 1, "[581]手无寸铁慎二君★3": 1, "[1130]野心的嚆矢★4": 1, "[1270]庆祝回忆★5": 1, "[1272]散状花★3": 1}

编号[419210c223e3aae5dfe98da1203a0a8c]
等级: 1
圣晶石: 118
圣晶片: 3
呼符: 50
金/银/铜/青苹果: 44/0/0/0
登陆天数: 6天 / 81天
从者: {"[6]齐格飞(Saber)★4": 1, "[72]弗格斯·马克·罗伊(Saber)★3": 1, "[227]兰陵王(Saber)★4": 1, "[15]尤瑞艾莉(Archer)★3": 1, "[125]俵藤太(Archer)★3": 1, "[95]幼吉尔(Archer)★3": 1, "[246]威廉·退尔(Archer)★3": 1, "[17]库·丘林(Lancer)★3": 1, "[20]库·丘林〔Prototype〕(Lancer)★3": 1, "[22]罗穆路斯(Lancer)★3": 2, "[186]宝藏院胤舜(Lancer)★3": 3, "[64]赫克托耳(Lancer)★3": 1, "[214]瓦尔基里(Lancer)★4": 1, "[23]歌果(Rider)★3": 1, "[26]布狄卡(Rider)★3": 1, "[27]牛若丸(Rider)★3": 2, "[28]亚历山大(Rider)★3": 1, "[80]查尔斯·巴贝奇(Caster)★3": 1, "[120]尼托克丽丝(Caster)★4": 1, "[104]杰罗尼莫(Caster)★3": 1, "[203]阿维斯布隆(Caster)★3": 1, "[284]阿尔托莉雅·卡斯特(Caster)★5": 1, "[81]亨利·杰基尔＆海德(Assassin)★3": 2, "[117]风魔小太郎(Assassin)★3": 1, "[55]大流士三世(Berserker)★3": 1, "[56]清姬(Berserker)★3": 2, "[58]玉藻猫(Berserker)★4": 1, "[1]玛修·基列莱特(Shielder)★3": 1}
礼装: {"[40]宇宙棱镜★5": 1, "[91]爱之灵药★3": 4, "[182]毒蛇一艺★4": 1, "[243]Bronze-Link Manipulators★3": 2, "[244]四枝之浅滩★3": 2, "[246]特辣麻婆豆腐★3": 1, "[247]宝石剑泽尔里奇★3": 1, "[265]卡姆兰之战★3": 1, "[331]佛拉格拉克★3": 1, "[419]返老还童的灵药★3": 1, "[420]谜之面具群★3": 1, "[580]瓦砾的圣堂★3": 1, "[581]手无寸铁慎二君★3": 2, "[582]阿特拉斯院★3": 1, "[585]幻想种★3": 2, "[674]神造兵器★3": 1, "[691]噬魂★3": 1, "[814]清扫者★4": 1, "[1208]韵律诗节★4": 1, "[1270]庆祝回忆★5": 2, "[1271]头脑风暴★4": 1, "[1272]散状花★3": 7, "[1412]宝石的魔弹★4": 1, "[1485]冬之结晶★4": 1, "[1513]穂群原学園生徒会長★3": 1, "[1610]枯れない花★3": 1}

编号[7ca8ffd9c0abae4914df44ea8c429a61]
等级: 1
圣晶石: 220
圣晶片: 3
呼符: 50
金/银/铜/青苹果: 44/0/0/0
登陆天数: 6天 / 81天
从者: {"[72]弗格斯·马克·罗伊(Saber)★3": 1, "[9]吉尔·德·雷(Saber)★3": 1, "[15]尤瑞艾莉(Archer)★3": 1, "[17]库·丘林(Lancer)★3": 1, "[20]库·丘林〔Prototype〕(Lancer)★3": 1, "[64]赫克托耳(Lancer)★3": 1, "[214]瓦尔基里(Lancer)★4": 1, "[26]布狄卡(Rider)★3": 1, "[28]亚历山大(Rider)★3": 1, "[35]梅菲斯托费勒斯(Caster)★3": 1, "[192]喀耳刻(Caster)★4": 1, "[203]阿维斯布隆(Caster)★3": 1, "[284]阿尔托莉雅·卡斯特(Caster)★5": 1, "[81]亨利·杰基尔＆海德(Assassin)★3": 2, "[42]匕见(Assassin)★3": 1, "[117]风魔小太郎(Assassin)★3": 1, "[58]玉藻猫(Berserker)★4": 1, "[1]玛修·基列莱特(Shielder)★3": 1}
礼装: {"[26]宝石魔术·对影★4": 1, "[89]柳洞寺★3": 1, "[91]爱之灵药★3": 1, "[264]援护射击★4": 1, "[418]固有结界★3": 1, "[419]返老还童的灵药★3": 1, "[420]谜之面具群★3": 2, "[582]阿特拉斯院★3": 1, "[691]噬魂★3": 2, "[1270]庆祝回忆★5": 1, "[1272]散状花★3": 6}

编号[cb9bc1ac729084ac0200c39de0ed0006]
等级: 1
圣晶石: 163
圣晶片: 3
呼符: 50
金/银/铜/青苹果: 44/0/0/0
登陆天数: 6天 / 81天
从者: {"[7]盖乌斯·尤利乌斯·恺撒(Saber)★3": 2, "[63]大卫(Archer)★3": 1, "[95]幼吉尔(Archer)★3": 1, "[64]赫克托耳(Lancer)★3": 1, "[146]美杜莎(Lancer)★4": 1, "[332]ドブルイニャ・ニキチッチ(Rider)★4": 1, "[31]美狄亚(Caster)★3": 1, "[104]杰罗尼莫(Caster)★3": 2, "[192]喀耳刻(Caster)★4": 1, "[203]阿维斯布隆(Caster)★3": 3, "[284]阿尔托莉雅·卡斯特(Caster)★5": 1, "[348]張角(Caster)★3": 1, "[81]亨利·杰基尔＆海德(Assassin)★3": 1, "[41]斯忒诺(Assassin)★4": 1, "[42]匕见(Assassin)★3": 3, "[117]风魔小太郎(Assassin)★3": 2, "[49]虎狼(Berserker)★3": 1, "[89]贝奥武夫(Berserker)★4": 1, "[55]大流士三世(Berserker)★3": 2, "[1]玛修·基列莱特(Shielder)★3": 1, "[352]徐福(Alterego)★3": 1}
礼装: {"[26]宝石魔术·对影★4": 1, "[35]天之杯★5": 1, "[39]抹大拉的圣骸布★4": 2, "[48]黑之圣杯★5": 1, "[98]千年黄金树★4": 1, "[243]Bronze-Link Manipulators★3": 1, "[244]四枝之浅滩★3": 1, "[333]许德拉匕首★3": 1, "[247]宝石剑泽尔里奇★3": 1, "[264]援护射击★4": 1, "[331]佛拉格拉克★3": 1, "[418]固有结界★3": 2, "[420]谜之面具群★3": 2, "[580]瓦砾的圣堂★3": 2, "[581]手无寸铁慎二君★3": 1, "[674]神造兵器★3": 1, "[815]樱的特制便当★3": 1, "[1271]头脑风暴★4": 2, "[1272]散状花★3": 3, "[1316]王者的气质★4": 1, "[1415]匮乏之人★3": 1, "[1513]穂群原学園生徒会長★3": 2}

编号[e6d22f4269b52f5e3bd4353588bf27a5]
等级: 1
圣晶石: 115
圣晶片: 3
呼符: 50
金/银/铜/青苹果: 44/0/0/0
登陆天数: 6天 / 81天
从者: {"[72]弗格斯·马克·罗伊(Saber)★3": 1, "[11]卫宫(Archer)★4": 1, "[63]大卫(Archer)★3": 1, "[105]比利小子(Archer)★3": 1, "[15]尤瑞艾莉(Archer)★3": 1, "[125]俵藤太(Archer)★3": 1, "[246]威廉·退尔(Archer)★3": 1, "[20]库·丘林〔Prototype〕(Lancer)★3": 1, "[22]罗穆路斯(Lancer)★3": 5, "[186]宝藏院胤舜(Lancer)★3": 2, "[64]赫克托耳(Lancer)★3": 1, "[23]歌果(Rider)★3": 1, "[27]牛若丸(Rider)★3": 2, "[28]亚历山大(Rider)★3": 1, "[79]冯·霍恩海姆·帕拉塞尔苏斯(Caster)★3": 1, "[80]查尔斯·巴贝奇(Caster)★3": 1, "[104]杰罗尼莫(Caster)★3": 2, "[203]阿维斯布隆(Caster)★3": 2, "[284]阿尔托莉雅·卡斯特(Caster)★5": 1, "[348]張角(Caster)★3": 1, "[124]静谧哈桑(Assassin)★3": 2, "[42]匕见(Assassin)★3": 1, "[159]燕青(Assassin)★4": 1, "[49]虎狼(Berserker)★3": 1, "[1]玛修·基列莱特(Shielder)★3": 1}
礼装: {"[24]Gandr★4": 1, "[37]芦苇海★3": 1, "[89]柳洞寺★3": 1, "[98]千年黄金树★4": 1, "[182]毒蛇一艺★4": 1, "[186]情窦未开的千金★4": 1, "[243]Bronze-Link Manipulators★3": 1, "[244]四枝之浅滩★3": 1, "[333]许德拉匕首★3": 2, "[246]特辣麻婆豆腐★3": 2, "[247]宝石剑泽尔里奇★3": 2, "[265]卡姆兰之战★3": 2, "[331]佛拉格拉克★3": 1, "[419]返老还童的灵药★3": 2, "[582]阿特拉斯院★3": 1, "[585]幻想种★3": 1, "[674]神造兵器★3": 2, "[691]噬魂★3": 2, "[815]樱的特制便当★3": 1, "[1207]黑魔术★5": 1, "[1270]庆祝回忆★5": 2, "[1271]头脑风暴★4": 2, "[1272]散状花★3": 9, "[1415]匮乏之人★3": 1, "[1511]冬の聖女★5": 1, "[1513]穂群原学園生徒会長★3": 1, "[1610]枯れない花★3": 1}

编号[c60fbf05ae3c264427be21a1b3b6d979]
等级: 1
圣晶石: 112
圣晶片: 3
呼符: 50
金/银/铜/青苹果: 44/0/0/0
登陆天数: 6天 / 81天
从者: {"[72]弗格斯·马克·罗伊(Saber)★3": 1, "[9]吉尔·德·雷(Saber)★3": 2, "[298]渡边纲(Saber)★4": 1, "[13]罗宾汉(Archer)★3": 1, "[105]比利小子(Archer)★3": 1, "[15]尤瑞艾莉(Archer)★3": 1, "[125]俵藤太(Archer)★3": 1, "[95]幼吉尔(Archer)★3": 1, "[246]威廉·退尔(Archer)★3": 1, "[22]罗穆路斯(Lancer)★3": 1, "[186]宝藏院胤舜(Lancer)★3": 1, "[64]赫克托耳(Lancer)★3": 1, "[214]瓦尔基里(Lancer)★4": 1, "[23]歌果(Rider)★3": 2, "[26]布狄卡(Rider)★3": 1, "[28]亚历山大(Rider)★3": 1, "[31]美狄亚(Caster)★3": 1, "[35]梅菲斯托费勒斯(Caster)★3": 2, "[104]杰罗尼莫(Caster)★3": 1, "[284]阿尔托莉雅·卡斯特(Caster)★5": 1, "[81]亨利·杰基尔＆海德(Assassin)★3": 1, "[42]匕见(Assassin)★3": 2, "[117]风魔小太郎(Assassin)★3": 1, "[49]虎狼(Berserker)★3": 1, "[56]清姬(Berserker)★3": 2, "[1]玛修·基列莱特(Shielder)★3": 1, "[352]徐福(Alterego)★3": 2}
礼装: {"[21]钢之锻炼★4": 1, "[26]宝石魔术·对影★4": 1, "[73]死灵魔术★4": 1, "[89]柳洞寺★3": 1, "[91]爱之灵药★3": 1, "[98]千年黄金树★4": 1, "[243]Bronze-Link Manipulators★3": 1, "[244]四枝之浅滩★3": 1, "[333]许德拉匕首★3": 1, "[246]特辣麻婆豆腐★3": 2, "[264]援护射击★4": 1, "[265]卡姆兰之战★3": 1, "[331]佛拉格拉克★3": 2, "[332]天之逆月★3": 1, "[418]固有结界★3": 1, "[419]返老还童的灵药★3": 1, "[420]谜之面具群★3": 2, "[582]阿特拉斯院★3": 2, "[585]幻想种★3": 1, "[674]神造兵器★3": 1, "[691]噬魂★3": 2, "[815]樱的特制便当★3": 1, "[1270]庆祝回忆★5": 3, "[1271]头脑风暴★4": 4, "[1272]散状花★3": 6, "[1316]王者的气质★4": 1, "[1412]宝石的魔弹★4": 1, "[1415]匮乏之人★3": 2, "[1610]枯れない花★3": 1}

编号[4e2efa2828de31b0e12376389a20d4b5]
等级: 1
圣晶石: 2
圣晶片: 3
呼符: 0
金/银/铜/青苹果: 44/0/0/0
登陆天数: 6天 / 81天
从者: {"[7]盖乌斯·尤利乌斯·恺撒(Saber)★3": 2, "[9]吉尔·德·雷(Saber)★3": 3, "[245]拉克什米·芭伊(Saber)★4": 1, "[63]大卫(Archer)★3": 1, "[105]比利小子(Archer)★3": 1, "[15]尤瑞艾莉(Archer)★3": 2, "[125]俵藤太(Archer)★3": 4, "[95]幼吉尔(Archer)★3": 2, "[246]威廉·退尔(Archer)★3": 1, "[17]库·丘林(Lancer)★3": 1, "[18]伊丽莎白·巴托里(Lancer)★4": 1, "[20]库·丘林〔Prototype〕(Lancer)★3": 2, "[186]宝藏院胤舜(Lancer)★3": 1, "[64]赫克托耳(Lancer)★3": 1, "[146]美杜莎(Lancer)★4": 1, "[193]莲偶(Lancer)★4": 2, "[214]瓦尔基里(Lancer)★4": 2, "[23]歌果(Rider)★3": 1, "[26]布狄卡(Rider)★3": 2, "[27]牛若丸(Rider)★3": 1, "[28]亚历山大(Rider)★3": 1, "[273]曼迪卡尔多(Rider)★3": 1, "[366]黄飛虎(Rider)★4": 2, "[31]美狄亚(Caster)★3": 1, "[79]冯·霍恩海姆·帕拉塞尔苏斯(Caster)★3": 1, "[80]查尔斯·巴贝奇(Caster)★3": 2, "[35]梅菲斯托费勒斯(Caster)★3": 2, "[203]阿维斯布隆(Caster)★3": 3, "[348]張角(Caster)★3": 1, "[81]亨利·杰基尔＆海德(Assassin)★3": 1, "[124]静谧哈桑(Assassin)★3": 1, "[41]斯忒诺(Assassin)★4": 1, "[109]卫宫〔Assassin〕(Assassin)★4": 1, "[117]风魔小太郎(Assassin)★3": 2, "[47]赫拉克勒斯(Berserker)★4": 1, "[48]兰斯洛特(Berserker)★4": 1, "[49]虎狼(Berserker)★3": 5, "[55]大流士三世(Berserker)★3": 2, "[56]清姬(Berserker)★3": 1, "[1]玛修·基列莱特(Shielder)★3": 1, "[352]徐福(Alterego)★3": 2, "[335]ヘファイスティオン(Pretender)★4": 1}
礼装: {"[24]Gandr★4": 1, "[42]Mooncell Automaton★3": 2, "[56]指令咏唱★4": 1, "[58]另一个结局★5": 1, "[89]柳洞寺★3": 1, "[182]毒蛇一艺★4": 1, "[186]情窦未开的千金★4": 1, "[244]四枝之浅滩★3": 1, "[333]许德拉匕首★3": 1, "[246]特辣麻婆豆腐★3": 1, "[265]卡姆兰之战★3": 1, "[332]天之逆月★3": 2, "[418]固有结界★3": 1, "[419]返老还童的灵药★3": 2, "[420]谜之面具群★3": 1, "[582]阿特拉斯院★3": 2, "[585]幻想种★3": 2, "[674]神造兵器★3": 3, "[691]噬魂★3": 1, "[774]最后的叙述者★4": 2, "[1270]庆祝回忆★5": 13, "[1271]头脑风暴★4": 6, "[1272]散状花★3": 20, "[1413]虚数属性★4": 1, "[1415]匮乏之人★3": 8, "[1513]穂群原学園生徒会長★3": 5, "[1576]華の楽土★4": 1, "[1577]告解の惑い場★4": 1, "[1607]投影装填★4": 1, "[1610]枯れない花★3": 2, "[1692]免許皆伝★4": 2}

编号[2f20b1964367b64287a180236baa49ed]
等级: 1
圣晶石: 41
圣晶片: 3
呼符: 9
金/银/铜/青苹果: 44/0/0/0
登陆天数: 6天 / 81天
从者: {"[7]盖乌斯·尤利乌斯·恺撒(Saber)★3": 2, "[9]吉尔·德·雷(Saber)★3": 1, "[298]渡边纲(Saber)★4": 1, "[13]罗宾汉(Archer)★3": 1, "[63]大卫(Archer)★3": 2, "[105]比利小子(Archer)★3": 1, "[15]尤瑞艾莉(Archer)★3": 1, "[125]俵藤太(Archer)★3": 1, "[95]幼吉尔(Archer)★3": 2, "[246]威廉·退尔(Archer)★3": 2, "[17]库·丘林(Lancer)★3": 3, "[71]迪尔姆德·奥迪那(Lancer)★3": 1, "[20]库·丘林〔Prototype〕(Lancer)★3": 2, "[22]罗穆路斯(Lancer)★3": 1, "[186]宝藏院胤舜(Lancer)★3": 4, "[64]赫克托耳(Lancer)★3": 1, "[214]瓦尔基里(Lancer)★4": 1, "[27]牛若丸(Rider)★3": 1, "[28]亚历山大(Rider)★3": 2, "[273]曼迪卡尔多(Rider)★3": 1, "[31]美狄亚(Caster)★3": 2, "[79]冯·霍恩海姆·帕拉塞尔苏斯(Caster)★3": 1, "[80]查尔斯·巴贝奇(Caster)★3": 1, "[35]梅菲斯托费勒斯(Caster)★3": 2, "[192]喀耳刻(Caster)★4": 2, "[203]阿维斯布隆(Caster)★3": 2, "[284]阿尔托莉雅·卡斯特(Caster)★5": 1, "[348]張角(Caster)★3": 5, "[110]百貌哈桑(Assassin)★3": 1, "[81]亨利·杰基尔＆海德(Assassin)★3": 2, "[124]静谧哈桑(Assassin)★3": 2, "[42]匕见(Assassin)★3": 1, "[117]风魔小太郎(Assassin)★3": 1, "[49]虎狼(Berserker)★3": 2, "[89]贝奥武夫(Berserker)★4": 1, "[55]大流士三世(Berserker)★3": 1, "[56]清姬(Berserker)★3": 1, "[1]玛修·基列莱特(Shielder)★3": 1, "[352]徐福(Alterego)★3": 3}
礼装: {"[56]指令咏唱★4": 1, "[333]许德拉匕首★3": 1, "[265]卡姆兰之战★3": 1, "[418]固有结界★3": 2, "[580]瓦砾的圣堂★3": 2, "[581]手无寸铁慎二君★3": 1, "[585]幻想种★3": 1, "[691]噬魂★3": 2, "[773]艳阳之下★5": 1, "[774]最后的叙述者★4": 1, "[815]樱的特制便当★3": 1, "[1015]黄昏的王圣★5": 1, "[1270]庆祝回忆★5": 3, "[1271]头脑风暴★4": 10, "[1272]散状花★3": 16, "[1316]王者的气质★4": 1, "[1412]宝石的魔弹★4": 1, "[1415]匮乏之人★3": 3, "[1513]穂群原学園生徒会長★3": 1, "[1575]幻想の姫★5": 1, "[1577]告解の惑い場★4": 1, "[1606]五大元素使い★5": 1, "[1608]悲願の継承★4": 1, "[1610]枯れない花★3": 1, "[1670]狩人の夢★4": 1}

编号[0f1a8f9e2e99bcb355962b7457d13366]
等级: 1
圣晶石: 226
圣晶片: 3
呼符: 50
金/银/铜/青苹果: 44/0/0/0
登陆天数: 6天 / 81天
从者: {"[7]盖乌斯·尤利乌斯·恺撒(Saber)★3": 1, "[72]弗格斯·马克·罗伊(Saber)★3": 1, "[63]大卫(Archer)★3": 2, "[15]尤瑞艾莉(Archer)★3": 1, "[71]迪尔姆德·奥迪那(Lancer)★3": 1, "[186]宝藏院胤舜(Lancer)★3": 1, "[31]美狄亚(Caster)★3": 1, "[120]尼托克丽丝(Caster)★4": 1, "[284]阿尔托莉雅·卡斯特(Caster)★5": 1, "[42]匕见(Assassin)★3": 2, "[117]风魔小太郎(Assassin)★3": 1, "[159]燕青(Assassin)★4": 1, "[1]玛修·基列莱特(Shielder)★3": 1, "[352]徐福(Alterego)★3": 1}
礼装: {"[56]指令咏唱★4": 1, "[91]爱之灵药★3": 2, "[243]Bronze-Link Manipulators★3": 1, "[333]许德拉匕首★3": 1, "[331]佛拉格拉克★3": 1, "[418]固有结界★3": 1, "[420]谜之面具群★3": 1, "[580]瓦砾的圣堂★3": 2, "[581]手无寸铁慎二君★3": 1, "[582]阿特拉斯院★3": 1, "[814]清扫者★4": 1, "[1016]狂舞曲★4": 1, "[1208]韵律诗节★4": 1, "[1272]散状花★3": 3, "[1513]穂群原学園生徒会長★3": 2}

编号[14d9eed23e23e68241fb1784af3d3f3f]
等级: 1
圣晶石: 193
圣晶片: 3
呼符: 50
金/银/铜/青苹果: 44/0/0/0
登陆天数: 6天 / 81天
从者: {"[72]弗格斯·马克·罗伊(Saber)★3": 1, "[245]拉克什米·芭伊(Saber)★4": 1, "[63]大卫(Archer)★3": 1, "[15]尤瑞艾莉(Archer)★3": 1, "[95]幼吉尔(Archer)★3": 1, "[17]库·丘林(Lancer)★3": 1, "[20]库·丘林〔Prototype〕(Lancer)★3": 1, "[22]罗穆路斯(Lancer)★3": 1, "[87]芬恩·麦克库尔(Lancer)★4": 1, "[186]宝藏院胤舜(Lancer)★3": 2, "[64]赫克托耳(Lancer)★3": 1, "[214]瓦尔基里(Lancer)★4": 1, "[26]布狄卡(Rider)★3": 1, "[28]亚历山大(Rider)★3": 1, "[79]冯·霍恩海姆·帕拉塞尔苏斯(Caster)★3": 1, "[203]阿维斯布隆(Caster)★3": 1, "[284]阿尔托莉雅·卡斯特(Caster)★5": 1, "[348]張角(Caster)★3": 1, "[41]斯忒诺(Assassin)★4": 1, "[117]风魔小太郎(Assassin)★3": 2, "[159]燕青(Assassin)★4": 2, "[49]虎狼(Berserker)★3": 2, "[1]玛修·基列莱特(Shielder)★3": 1}
礼装: {"[243]Bronze-Link Manipulators★3": 1, "[333]许德拉匕首★3": 1, "[246]特辣麻婆豆腐★3": 1, "[247]宝石剑泽尔里奇★3": 1, "[418]固有结界★3": 1, "[420]谜之面具群★3": 2, "[585]幻想种★3": 1, "[691]噬魂★3": 1, "[815]樱的特制便当★3": 1, "[1270]庆祝回忆★5": 3, "[1271]头脑风暴★4": 4, "[1272]散状花★3": 3, "[1415]匮乏之人★3": 1}

编号[0532531ea8862f01e9a2529511732b1d]
等级: 1
圣晶石: 263
圣晶片: 3
呼符: 42
金/银/铜/青苹果: 44/0/0/0
登陆天数: 6天 / 81天
从者: {"[9]吉尔·德·雷(Saber)★3": 1, "[11]卫宫(Archer)★4": 1, "[63]大卫(Archer)★3": 1, "[246]威廉·退尔(Archer)★3": 1, "[17]库·丘林(Lancer)★3": 1, "[22]罗穆路斯(Lancer)★3": 1, "[186]宝藏院胤舜(Lancer)★3": 1, "[64]赫克托耳(Lancer)★3": 1, "[23]歌果(Rider)★3": 1, "[94]阿斯托尔福(Rider)★4": 1, "[27]牛若丸(Rider)★3": 1, "[120]尼托克丽丝(Caster)★4": 1, "[284]阿尔托莉雅·卡斯特(Caster)★5": 1, "[41]斯忒诺(Assassin)★4": 1, "[56]清姬(Berserker)★3": 1, "[1]玛修·基列莱特(Shielder)★3": 1, "[352]徐福(Alterego)★3": 1}
礼装: {"[21]钢之锻炼★4": 1, "[22]原始咒术★4": 1, "[243]Bronze-Link Manipulators★3": 2, "[331]佛拉格拉克★3": 1, "[582]阿特拉斯院★3": 1, "[691]噬魂★3": 1, "[1270]庆祝回忆★5": 1, "[1271]头脑风暴★4": 3, "[1272]散状花★3": 3, "[1412]宝石的魔弹★4": 1, "[1413]虚数属性★4": 1, "[1415]匮乏之人★3": 1, "[1458]魔道元帅★5": 1, "[1513]穂群原学園生徒会長★3": 1, "[1608]悲願の継承★4": 1, "[1692]免許皆伝★4": 1}

编号[64141cde952b9b07892c56efc03e9124]
等级: 1
圣晶石: 235
圣晶片: 3
呼符: 50
金/银/铜/青苹果: 44/0/0/0
登陆天数: 6天 / 81天
从者: {"[7]盖乌斯·尤利乌斯·恺撒(Saber)★3": 1, "[13]罗宾汉(Archer)★3": 1, "[15]尤瑞艾莉(Archer)★3": 1, "[95]幼吉尔(Archer)★3": 1, "[246]威廉·退尔(Archer)★3": 1, "[17]库·丘林(Lancer)★3": 1, "[71]迪尔姆德·奥迪那(Lancer)★3": 1, "[186]宝藏院胤舜(Lancer)★3": 1, "[214]瓦尔基里(Lancer)★4": 1, "[94]阿斯托尔福(Rider)★4": 1, "[27]牛若丸(Rider)★3": 1, "[79]冯·霍恩海姆·帕拉塞尔苏斯(Caster)★3": 1, "[80]查尔斯·巴贝奇(Caster)★3": 1, "[35]梅菲斯托费勒斯(Caster)★3": 1, "[284]阿尔托莉雅·卡斯特(Caster)★5": 1, "[348]張角(Caster)★3": 2, "[110]百貌哈桑(Assassin)★3": 2, "[55]大流士三世(Berserker)★3": 1, "[1]玛修·基列莱特(Shielder)★3": 1}
礼装: {"[26]宝石魔术·对影★4": 2, "[246]特辣麻婆豆腐★3": 1, "[265]卡姆兰之战★3": 2, "[332]天之逆月★3": 1, "[582]阿特拉斯院★3": 1, "[1016]狂舞曲★4": 1, "[1270]庆祝回忆★5": 3, "[1272]散状花★3": 1, "[1513]穂群原学園生徒会長★3": 1, "[1610]枯れない花★3": 1}

编号[026ea96b7164135ec0e892666416e839]
等级: 1
圣晶石: 118
圣晶片: 3
呼符: 50
金/银/铜/青苹果: 44/0/0/0
登陆天数: 6天 / 81天
从者: {"[72]弗格斯·马克·罗伊(Saber)★3": 1, "[105]比利小子(Archer)★3": 1, "[15]尤瑞艾莉(Archer)★3": 1, "[95]幼吉尔(Archer)★3": 2, "[17]库·丘林(Lancer)★3": 2, "[71]迪尔姆德·奥迪那(Lancer)★3": 2, "[18]伊丽莎白·巴托里(Lancer)★4": 2, "[20]库·丘林〔Prototype〕(Lancer)★3": 3, "[22]罗穆路斯(Lancer)★3": 1, "[186]宝藏院胤舜(Lancer)★3": 1, "[27]牛若丸(Rider)★3": 1, "[273]曼迪卡尔多(Rider)★3": 2, "[79]冯·霍恩海姆·帕拉塞尔苏斯(Caster)★3": 4, "[192]喀耳刻(Caster)★4": 1, "[203]阿维斯布隆(Caster)★3": 1, "[284]阿尔托莉雅·卡斯特(Caster)★5": 1, "[348]張角(Caster)★3": 2, "[110]百貌哈桑(Assassin)★3": 1, "[81]亨利·杰基尔＆海德(Assassin)★3": 1, "[124]静谧哈桑(Assassin)★3": 1, "[41]斯忒诺(Assassin)★4": 1, "[42]匕见(Assassin)★3": 1, "[117]风魔小太郎(Assassin)★3": 1, "[55]大流士三世(Berserker)★3": 1, "[202]阿塔兰忒〔Alter〕(Berserker)★4": 1, "[1]玛修·基列莱特(Shielder)★3": 1, "[352]徐福(Alterego)★3": 1}
礼装: {"[21]钢之锻炼★4": 1, "[74]觉醒的意志★4": 1, "[91]爱之灵药★3": 1, "[243]Bronze-Link Manipulators★3": 2, "[244]四枝之浅滩★3": 1, "[333]许德拉匕首★3": 2, "[264]援护射击★4": 1, "[265]卡姆兰之战★3": 3, "[332]天之逆月★3": 1, "[401]私室警备员★4": 1, "[420]谜之面具群★3": 2, "[582]阿特拉斯院★3": 2, "[585]幻想种★3": 1, "[674]神造兵器★3": 1, "[691]噬魂★3": 1, "[1270]庆祝回忆★5": 2, "[1272]散状花★3": 7, "[1414]愿望之容器★4": 1, "[1415]匮乏之人★3": 2, "[1485]冬之结晶★4": 1, "[1513]穂群原学園生徒会長★3": 1, "[1576]華の楽土★4": 1, "[1577]告解の惑い場★4": 2}

编号[87e1b95f9a102c24d40cfcdf99bfae78]
等级: 1
圣晶石: 116
圣晶片: 3
呼符: 0
金/银/铜/青苹果: 44/0/0/0
登陆天数: 6天 / 81天
从者: {"[7]盖乌斯·尤利乌斯·恺撒(Saber)★3": 2, "[121]兰斯洛特(Saber)★4": 1, "[9]吉尔·德·雷(Saber)★3": 3, "[298]渡边纲(Saber)★4": 1, "[13]罗宾汉(Archer)★3": 1, "[63]大卫(Archer)★3": 5, "[105]比利小子(Archer)★3": 3, "[15]尤瑞艾莉(Archer)★3": 2, "[125]俵藤太(Archer)★3": 1, "[246]威廉·退尔(Archer)★3": 1, "[17]库·丘林(Lancer)★3": 2, "[71]迪尔姆德·奥迪那(Lancer)★3": 2, "[186]宝藏院胤舜(Lancer)★3": 4, "[64]赫克托耳(Lancer)★3": 3, "[193]莲偶(Lancer)★4": 1, "[23]歌果(Rider)★3": 1, "[26]布狄卡(Rider)★3": 1, "[28]亚历山大(Rider)★3": 1, "[273]曼迪卡尔多(Rider)★3": 2, "[31]美狄亚(Caster)★3": 1, "[79]冯·霍恩海姆·帕拉塞尔苏斯(Caster)★3": 3, "[80]查尔斯·巴贝奇(Caster)★3": 3, "[120]尼托克丽丝(Caster)★4": 1, "[35]梅菲斯托费勒斯(Caster)★3": 4, "[203]阿维斯布隆(Caster)★3": 2, "[284]阿尔托莉雅·卡斯特(Caster)★5": 1, "[348]張角(Caster)★3": 1, "[110]百貌哈桑(Assassin)★3": 2, "[81]亨利·杰基尔＆海德(Assassin)★3": 4, "[124]静谧哈桑(Assassin)★3": 1, "[42]匕见(Assassin)★3": 3, "[117]风魔小太郎(Assassin)★3": 1, "[49]虎狼(Berserker)★3": 3, "[1]玛修·基列莱特(Shielder)★3": 1, "[352]徐福(Alterego)★3": 2}
礼装: {"[26]宝石魔术·对影★4": 1, "[42]Mooncell Automaton★3": 1, "[73]死灵魔术★4": 1, "[89]柳洞寺★3": 2, "[91]爱之灵药★3": 1, "[182]毒蛇一艺★4": 2, "[186]情窦未开的千金★4": 1, "[243]Bronze-Link Manipulators★3": 1, "[244]四枝之浅滩★3": 1, "[246]特辣麻婆豆腐★3": 1, "[247]宝石剑泽尔里奇★3": 1, "[265]卡姆兰之战★3": 1, "[331]佛拉格拉克★3": 1, "[401]私室警备员★4": 1, "[418]固有结界★3": 2, "[419]返老还童的灵药★3": 2, "[580]瓦砾的圣堂★3": 2, "[581]手无寸铁慎二君★3": 5, "[582]阿特拉斯院★3": 2, "[585]幻想种★3": 1, "[674]神造兵器★3": 3, "[691]噬魂★3": 2, "[774]最后的叙述者★4": 1, "[814]清扫者★4": 1, "[1130]野心的嚆矢★4": 1, "[1270]庆祝回忆★5": 3, "[1271]头脑风暴★4": 6, "[1272]散状花★3": 9, "[1512]庭園の守り人★4": 1, "[1513]穂群原学園生徒会長★3": 1, "[1610]枯れない花★3": 2, "[1669]熾天の王★5": 1, "[1670]狩人の夢★4": 2, "[1692]免許皆伝★4": 1}

编号[a513f99d3b1e4443499afe53481ab37c]
等级: 1
圣晶石: 2
圣晶片: 3
呼符: 0
金/银/铜/青苹果: 44/0/0/0
登陆天数: 6天 / 81天
从者: {"[7]盖乌斯·尤利乌斯·恺撒(Saber)★3": 1, "[72]弗格斯·马克·罗伊(Saber)★3": 2, "[9]吉尔·德·雷(Saber)★3": 1, "[223]迪尔姆德·奥迪那(Saber)★4": 1, "[227]兰陵王(Saber)★4": 1, "[13]罗宾汉(Archer)★3": 1, "[63]大卫(Archer)★3": 1, "[15]尤瑞艾莉(Archer)★3": 2, "[125]俵藤太(Archer)★3": 3, "[95]幼吉尔(Archer)★3": 1, "[246]威廉·退尔(Archer)★3": 1, "[17]库·丘林(Lancer)★3": 1, "[71]迪尔姆德·奥迪那(Lancer)★3": 1, "[18]伊丽莎白·巴托里(Lancer)★4": 2, "[20]库·丘林〔Prototype〕(Lancer)★3": 2, "[22]罗穆路斯(Lancer)★3": 3, "[186]宝藏院胤舜(Lancer)★3": 1, "[64]赫克托耳(Lancer)★3": 1, "[146]美杜莎(Lancer)★4": 1, "[23]歌果(Rider)★3": 1, "[26]布狄卡(Rider)★3": 2, "[27]牛若丸(Rider)★3": 3, "[28]亚历山大(Rider)★3": 3, "[273]曼迪卡尔多(Rider)★3": 2, "[31]美狄亚(Caster)★3": 1, "[79]冯·霍恩海姆·帕拉塞尔苏斯(Caster)★3": 1, "[80]查尔斯·巴贝奇(Caster)★3": 1, "[120]尼托克丽丝(Caster)★4": 1, "[35]梅菲斯托费勒斯(Caster)★3": 2, "[203]阿维斯布隆(Caster)★3": 2, "[348]張角(Caster)★3": 4, "[110]百貌哈桑(Assassin)★3": 1, "[81]亨利·杰基尔＆海德(Assassin)★3": 1, "[124]静谧哈桑(Assassin)★3": 2, "[42]匕见(Assassin)★3": 1, "[109]卫宫〔Assassin〕(Assassin)★4": 1, "[46]卡米拉(Assassin)★4": 1, "[117]风魔小太郎(Assassin)★3": 1, "[170]周照(Assassin)★4": 1, "[47]赫拉克勒斯(Berserker)★4": 1, "[49]虎狼(Berserker)★3": 7, "[55]大流士三世(Berserker)★3": 1, "[1]玛修·基列莱特(Shielder)★3": 1, "[352]徐福(Alterego)★3": 1}
礼装: {"[48]黑之圣杯★5": 2, "[89]柳洞寺★3": 1, "[91]爱之灵药★3": 1, "[176]记录保持者★4": 1, "[243]Bronze-Link Manipulators★3": 2, "[244]四枝之浅滩★3": 2, "[333]许德拉匕首★3": 2, "[246]特辣麻婆豆腐★3": 3, "[247]宝石剑泽尔里奇★3": 1, "[331]佛拉格拉克★3": 2, "[332]天之逆月★3": 1, "[418]固有结界★3": 3, "[420]谜之面具群★3": 5, "[580]瓦砾的圣堂★3": 1, "[674]神造兵器★3": 3, "[774]最后的叙述者★4": 1, "[815]樱的特制便当★3": 1, "[913]远方的前路★4": 1, "[1270]庆祝回忆★5": 4, "[1271]头脑风暴★4": 5, "[1272]散状花★3": 20, "[1316]王者的气质★4": 2, "[1414]愿望之容器★4": 1, "[1415]匮乏之人★3": 2, "[1512]庭園の守り人★4": 1, "[1513]穂群原学園生徒会長★3": 4, "[1577]告解の惑い場★4": 1, "[1691]逆堕つ泥雨★5": 1}

编号[b9aee6238db0a2fac21ece4e0379119f]
等级: 1
圣晶石: 2
圣晶片: 3
呼符: 0
金/银/铜/青苹果: 44/0/0/0
登陆天数: 6天 / 81天
从者: {"[7]盖乌斯·尤利乌斯·恺撒(Saber)★3": 1, "[72]弗格斯·马克·罗伊(Saber)★3": 1, "[101]罗摩(Saber)★4": 1, "[9]吉尔·德·雷(Saber)★3": 1, "[10]骑士迪昂(Saber)★4": 2, "[227]兰陵王(Saber)★4": 1, "[245]拉克什米·芭伊(Saber)★4": 1, "[13]罗宾汉(Archer)★3": 4, "[63]大卫(Archer)★3": 1, "[105]比利小子(Archer)★3": 1, "[15]尤瑞艾莉(Archer)★3": 4, "[125]俵藤太(Archer)★3": 1, "[207]喀戎(Archer)★4": 1, "[246]威廉·退尔(Archer)★3": 2, "[17]库·丘林(Lancer)★3": 3, "[20]库·丘林〔Prototype〕(Lancer)★3": 2, "[22]罗穆路斯(Lancer)★3": 1, "[186]宝藏院胤舜(Lancer)★3": 1, "[64]赫克托耳(Lancer)★3": 2, "[228]忠贞(Lancer)★4": 1, "[94]阿斯托尔福(Rider)★4": 1, "[66]安妮·伯妮＆玛莉·瑞德(Rider)★4": 1, "[26]布狄卡(Rider)★3": 1, "[27]牛若丸(Rider)★3": 2, "[28]亚历山大(Rider)★3": 1, "[273]曼迪卡尔多(Rider)★3": 3, "[79]冯·霍恩海姆·帕拉塞尔苏斯(Caster)★3": 1, "[80]查尔斯·巴贝奇(Caster)★3": 2, "[35]梅菲斯托费勒斯(Caster)★3": 1, "[104]杰罗尼莫(Caster)★3": 5, "[203]阿维斯布隆(Caster)★3": 2, "[348]張角(Caster)★3": 3, "[110]百貌哈桑(Assassin)★3": 1, "[81]亨利·杰基尔＆海德(Assassin)★3": 2, "[124]静谧哈桑(Assassin)★3": 1, "[117]风魔小太郎(Assassin)★3": 2, "[49]虎狼(Berserker)★3": 3, "[55]大流士三世(Berserker)★3": 1, "[56]清姬(Berserker)★3": 2, "[116]茨木童子(Berserker)★4": 1, "[1]玛修·基列莱特(Shielder)★3": 1, "[352]徐福(Alterego)★3": 1}
礼装: {"[26]宝石魔术·对影★4": 1, "[91]爱之灵药★3": 1, "[98]千年黄金树★4": 1, "[182]毒蛇一艺★4": 1, "[185]月灵髓液★5": 2, "[186]情窦未开的千金★4": 2, "[243]Bronze-Link Manipulators★3": 1, "[333]许德拉匕首★3": 1, "[246]特辣麻婆豆腐★3": 3, "[265]卡姆兰之战★3": 2, "[331]佛拉格拉克★3": 1, "[332]天之逆月★3": 1, "[418]固有结界★3": 1, "[419]返老还童的灵药★3": 2, "[420]谜之面具群★3": 2, "[580]瓦砾的圣堂★3": 1, "[581]手无寸铁慎二君★3": 1, "[585]幻想种★3": 1, "[674]神造兵器★3": 1, "[774]最后的叙述者★4": 1, "[913]远方的前路★4": 1, "[1130]野心的嚆矢★4": 1, "[1208]韵律诗节★4": 1, "[1270]庆祝回忆★5": 11, "[1271]头脑风暴★4": 7, "[1272]散状花★3": 10, "[1413]虚数属性★4": 1, "[1415]匮乏之人★3": 3, "[1513]穂群原学園生徒会長★3": 2, "[1577]告解の惑い場★4": 1, "[1608]悲願の継承★4": 1, "[1609]代償魔術★4": 1, "[1610]枯れない花★3": 3, "[1692]免許皆伝★4": 1}

编号[c92b485f9eb4c9008e663800b402808c]
等级: 1
圣晶石: 2
圣晶片: 3
呼符: 0
金/银/铜/青苹果: 44/0/0/0
登陆天数: 6天 / 81天
从者: {"[7]盖乌斯·尤利乌斯·恺撒(Saber)★3": 2, "[101]罗摩(Saber)★4": 1, "[9]吉尔·德·雷(Saber)★3": 2, "[10]骑士迪昂(Saber)★4": 1, "[298]渡边纲(Saber)★4": 1, "[11]卫宫(Archer)★4": 1, "[13]罗宾汉(Archer)★3": 2, "[63]大卫(Archer)★3": 1, "[105]比利小子(Archer)★3": 2, "[125]俵藤太(Archer)★3": 1, "[95]幼吉尔(Archer)★3": 1, "[207]喀戎(Archer)★4": 2, "[246]威廉·退尔(Archer)★3": 1, "[71]迪尔姆德·奥迪那(Lancer)★3": 2, "[18]伊丽莎白·巴托里(Lancer)★4": 2, "[20]库·丘林〔Prototype〕(Lancer)★3": 2, "[22]罗穆路斯(Lancer)★3": 2, "[186]宝藏院胤舜(Lancer)★3": 1, "[64]赫克托耳(Lancer)★3": 2, "[228]忠贞(Lancer)★4": 1, "[23]歌果(Rider)★3": 2, "[94]阿斯托尔福(Rider)★4": 1, "[26]布狄卡(Rider)★3": 1, "[27]牛若丸(Rider)★3": 3, "[28]亚历山大(Rider)★3": 1, "[30]玛尔达(Rider)★4": 1, "[273]曼迪卡尔多(Rider)★3": 1, "[31]美狄亚(Caster)★3": 2, "[79]冯·霍恩海姆·帕拉塞尔苏斯(Caster)★3": 1, "[80]查尔斯·巴贝奇(Caster)★3": 1, "[35]梅菲斯托费勒斯(Caster)★3": 3, "[104]杰罗尼莫(Caster)★3": 2, "[203]阿维斯布隆(Caster)★3": 2, "[348]張角(Caster)★3": 2, "[110]百貌哈桑(Assassin)★3": 3, "[81]亨利·杰基尔＆海德(Assassin)★3": 2, "[124]静谧哈桑(Assassin)★3": 1, "[42]匕见(Assassin)★3": 2, "[49]虎狼(Berserker)★3": 4, "[55]大流士三世(Berserker)★3": 2, "[56]清姬(Berserker)★3": 1, "[1]玛修·基列莱特(Shielder)★3": 1, "[352]徐福(Alterego)★3": 1, "[335]ヘファイスティオン(Pretender)★4": 1}
礼装: {"[21]钢之锻炼★4": 2, "[42]Mooncell Automaton★3": 1, "[91]爱之灵药★3": 1, "[175]理想的王圣★5": 1, "[185]月灵髓液★5": 1, "[243]Bronze-Link Manipulators★3": 1, "[244]四枝之浅滩★3": 1, "[246]特辣麻婆豆腐★3": 3, "[265]卡姆兰之战★3": 1, "[331]佛拉格拉克★3": 2, "[332]天之逆月★3": 1, "[418]固有结界★3": 2, "[419]返老还童的灵药★3": 1, "[420]谜之面具群★3": 1, "[582]阿特拉斯院★3": 1, "[585]幻想种★3": 1, "[691]噬魂★3": 4, "[813]阿特拉斯的婴儿★5": 1, "[1208]韵律诗节★4": 1, "[1270]庆祝回忆★5": 2, "[1271]头脑风暴★4": 6, "[1272]散状花★3": 21, "[1316]王者的气质★4": 2, "[1412]宝石的魔弹★4": 1, "[1415]匮乏之人★3": 1, "[1513]穂群原学園生徒会長★3": 2, "[1576]華の楽土★4": 2, "[1577]告解の惑い場★4": 1, "[1610]枯れない花★3": 4, "[1692]免許皆伝★4": 2}

编号[7d38017cd1d8c303ab36b4e231e1cc81]
等级: 1
圣晶石: 2
圣晶片: 3
呼符: 0
金/银/铜/青苹果: 44/0/0/0
登陆天数: 6天 / 81天
从者: {"[7]盖乌斯·尤利乌斯·恺撒(Saber)★3": 1, "[72]弗格斯·马克·罗伊(Saber)★3": 3, "[9]吉尔·德·雷(Saber)★3": 1, "[13]罗宾汉(Archer)★3": 1, "[14]阿塔兰忒(Archer)★4": 1, "[63]大卫(Archer)★3": 1, "[105]比利小子(Archer)★3": 1, "[15]尤瑞艾莉(Archer)★3": 2, "[125]俵藤太(Archer)★3": 3, "[95]幼吉尔(Archer)★3": 1, "[184]巴御前(Archer)★4": 1, "[246]威廉·退尔(Archer)★3": 1, "[17]库·丘林(Lancer)★3": 2, "[71]迪尔姆德·奥迪那(Lancer)★3": 1, "[20]库·丘林〔Prototype〕(Lancer)★3": 1, "[22]罗穆路斯(Lancer)★3": 3, "[186]宝藏院胤舜(Lancer)★3": 1, "[64]赫克托耳(Lancer)★3": 1, "[214]瓦尔基里(Lancer)★4": 1, "[23]歌果(Rider)★3": 3, "[94]阿斯托尔福(Rider)★4": 1, "[26]布狄卡(Rider)★3": 2, "[28]亚历山大(Rider)★3": 2, "[29]玛丽·安托瓦内特(Rider)★4": 1, "[273]曼迪卡尔多(Rider)★3": 3, "[79]冯·霍恩海姆·帕拉塞尔苏斯(Caster)★3": 1, "[80]查尔斯·巴贝奇(Caster)★3": 2, "[104]杰罗尼莫(Caster)★3": 3, "[192]喀耳刻(Caster)★4": 2, "[203]阿维斯布隆(Caster)★3": 2, "[348]張角(Caster)★3": 3, "[110]百貌哈桑(Assassin)★3": 3, "[81]亨利·杰基尔＆海德(Assassin)★3": 1, "[124]静谧哈桑(Assassin)★3": 2, "[41]斯忒诺(Assassin)★4": 1, "[42]匕见(Assassin)★3": 3, "[117]风魔小太郎(Assassin)★3": 1, "[49]虎狼(Berserker)★3": 1, "[55]大流士三世(Berserker)★3": 1, "[56]清姬(Berserker)★3": 1, "[1]玛修·基列莱特(Shielder)★3": 1, "[158]黑森·罗伯(Avenger)★4": 1}
礼装: {"[24]Gandr★4": 1, "[34]万华镜★5": 1, "[56]指令咏唱★4": 2, "[58]另一个结局★5": 1, "[73]死灵魔术★4": 1, "[91]爱之灵药★3": 2, "[244]四枝之浅滩★3": 2, "[333]许德拉匕首★3": 1, "[246]特辣麻婆豆腐★3": 3, "[265]卡姆兰之战★3": 1, "[331]佛拉格拉克★3": 2, "[401]私室警备员★4": 1, "[418]固有结界★3": 3, "[419]返老还童的灵药★3": 1, "[420]谜之面具群★3": 4, "[580]瓦砾的圣堂★3": 1, "[581]手无寸铁慎二君★3": 3, "[582]阿特拉斯院★3": 2, "[585]幻想种★3": 2, "[674]神造兵器★3": 1, "[691]噬魂★3": 1, "[1270]庆祝回忆★5": 5, "[1271]头脑风暴★4": 9, "[1272]散状花★3": 16, "[1414]愿望之容器★4": 2, "[1415]匮乏之人★3": 2, "[1513]穂群原学園生徒会長★3": 2, "[1576]華の楽土★4": 1, "[1606]五大元素使い★5": 1, "[1608]悲願の継承★4": 1}

编号[86c7ef2ff3baf892ad7c18a8db981282]
等级: 1
圣晶石: 274
圣晶片: 3
呼符: 50
金/银/铜/青苹果: 44/0/0/0
登陆天数: 6天 / 81天
从者: {"[7]盖乌斯·尤利乌斯·恺撒(Saber)★3": 1, "[298]渡边纲(Saber)★4": 1, "[95]幼吉尔(Archer)★3": 1, "[17]库·丘林(Lancer)★3": 1, "[22]罗穆路斯(Lancer)★3": 1, "[28]亚历山大(Rider)★3": 1, "[120]尼托克丽丝(Caster)★4": 1, "[192]喀耳刻(Caster)★4": 1, "[284]阿尔托莉雅·卡斯特(Caster)★5": 1, "[56]清姬(Berserker)★3": 1, "[1]玛修·基列莱特(Shielder)★3": 1}
礼装: {"[26]宝石魔术·对影★4": 1, "[56]指令咏唱★4": 1, "[89]柳洞寺★3": 1, "[93]阿兰若★3": 1, "[691]噬魂★3": 1, "[815]樱的特制便当★3": 1, "[1271]头脑风暴★4": 1, "[1415]匮乏之人★3": 1}

编号[3a17c83ccae4cecad3cfed6bf624c841]
等级: 1
圣晶石: 2
圣晶片: 3
呼符: 0
金/银/铜/青苹果: 44/0/0/0
登陆天数: 6天 / 81天
从者: {"[7]盖乌斯·尤利乌斯·恺撒(Saber)★3": 2, "[9]吉尔·德·雷(Saber)★3": 1, "[227]兰陵王(Saber)★4": 1, "[13]罗宾汉(Archer)★3": 2, "[14]阿塔兰忒(Archer)★4": 1, "[63]大卫(Archer)★3": 3, "[105]比利小子(Archer)★3": 1, "[15]尤瑞艾莉(Archer)★3": 5, "[95]幼吉尔(Archer)★3": 2, "[246]威廉·退尔(Archer)★3": 1, "[17]库·丘林(Lancer)★3": 2, "[71]迪尔姆德·奥迪那(Lancer)★3": 1, "[20]库·丘林〔Prototype〕(Lancer)★3": 1, "[22]罗穆路斯(Lancer)★3": 1, "[186]宝藏院胤舜(Lancer)★3": 1, "[146]美杜莎(Lancer)★4": 1, "[23]歌果(Rider)★3": 4, "[94]阿斯托尔福(Rider)★4": 1, "[26]布狄卡(Rider)★3": 1, "[27]牛若丸(Rider)★3": 1, "[28]亚历山大(Rider)★3": 2, "[273]曼迪卡尔多(Rider)★3": 2, "[31]美狄亚(Caster)★3": 2, "[79]冯·霍恩海姆·帕拉塞尔苏斯(Caster)★3": 3, "[35]梅菲斯托费勒斯(Caster)★3": 1, "[104]杰罗尼莫(Caster)★3": 2, "[192]喀耳刻(Caster)★4": 1, "[203]阿维斯布隆(Caster)★3": 3, "[348]張角(Caster)★3": 2, "[110]百貌哈桑(Assassin)★3": 3, "[81]亨利·杰基尔＆海德(Assassin)★3": 2, "[124]静谧哈桑(Assassin)★3": 1, "[42]匕见(Assassin)★3": 1, "[117]风魔小太郎(Assassin)★3": 2, "[159]燕青(Assassin)★4": 1, "[49]虎狼(Berserker)★3": 1, "[56]清姬(Berserker)★3": 1, "[1]玛修·基列莱特(Shielder)★3": 1, "[352]徐福(Alterego)★3": 2, "[158]黑森·罗伯(Avenger)★4": 1}
礼装: {"[42]Mooncell Automaton★3": 1, "[48]黑之圣杯★5": 1, "[91]爱之灵药★3": 1, "[185]月灵髓液★5": 1, "[186]情窦未开的千金★4": 1, "[243]Bronze-Link Manipulators★3": 1, "[244]四枝之浅滩★3": 1, "[246]特辣麻婆豆腐★3": 3, "[265]卡姆兰之战★3": 2, "[331]佛拉格拉克★3": 2, "[332]天之逆月★3": 1, "[401]私室警备员★4": 1, "[418]固有结界★3": 1, "[419]返老还童的灵药★3": 1, "[420]谜之面具群★3": 1, "[581]手无寸铁慎二君★3": 1, "[585]幻想种★3": 2, "[674]神造兵器★3": 1, "[774]最后的叙述者★4": 1, "[815]樱的特制便当★3": 1, "[1208]韵律诗节★4": 1, "[1270]庆祝回忆★5": 6, "[1271]头脑风暴★4": 8, "[1272]散状花★3": 12, "[1413]虚数属性★4": 1, "[1414]愿望之容器★4": 1, "[1415]匮乏之人★3": 2, "[1513]穂群原学園生徒会長★3": 3, "[1610]枯れない花★3": 4, "[1692]免許皆伝★4": 1}

编号[ea0fc6acca44df06c75e99a9a63e495d]
等级: 1
圣晶石: 2
圣晶片: 3
呼符: 0
金/银/铜/青苹果: 44/0/0/0
登陆天数: 6天 / 81天
从者: {"[7]盖乌斯·尤利乌斯·恺撒(Saber)★3": 1, "[9]吉尔·德·雷(Saber)★3": 1, "[165]铃鹿御前(Saber)★4": 1, "[245]拉克什米·芭伊(Saber)★4": 2, "[11]卫宫(Archer)★4": 1, "[13]罗宾汉(Archer)★3": 2, "[63]大卫(Archer)★3": 1, "[105]比利小子(Archer)★3": 2, "[15]尤瑞艾莉(Archer)★3": 1, "[125]俵藤太(Archer)★3": 2, "[95]幼吉尔(Archer)★3": 2, "[184]巴御前(Archer)★4": 1, "[20]库·丘林〔Prototype〕(Lancer)★3": 3, "[22]罗穆路斯(Lancer)★3": 2, "[186]宝藏院胤舜(Lancer)★3": 1, "[64]赫克托耳(Lancer)★3": 1, "[23]歌果(Rider)★3": 2, "[26]布狄卡(Rider)★3": 1, "[27]牛若丸(Rider)★3": 2, "[28]亚历山大(Rider)★3": 3, "[273]曼迪卡尔多(Rider)★3": 1, "[31]美狄亚(Caster)★3": 3, "[79]冯·霍恩海姆·帕拉塞尔苏斯(Caster)★3": 2, "[80]查尔斯·巴贝奇(Caster)★3": 1, "[120]尼托克丽丝(Caster)★4": 1, "[35]梅菲斯托费勒斯(Caster)★3": 3, "[104]杰罗尼莫(Caster)★3": 2, "[348]張角(Caster)★3": 2, "[110]百貌哈桑(Assassin)★3": 1, "[81]亨利·杰基尔＆海德(Assassin)★3": 1, "[124]静谧哈桑(Assassin)★3": 2, "[42]匕见(Assassin)★3": 3, "[117]风魔小太郎(Assassin)★3": 1, "[49]虎狼(Berserker)★3": 1, "[56]清姬(Berserker)★3": 2, "[116]茨木童子(Berserker)★4": 1, "[171]彭忒西勒亚(Berserker)★4": 1, "[1]玛修·基列莱特(Shielder)★3": 1, "[352]徐福(Alterego)★3": 5}
礼装: {"[21]钢之锻炼★4": 1, "[26]宝石魔术·对影★4": 1, "[56]指令咏唱★4": 2, "[74]觉醒的意志★4": 2, "[91]爱之灵药★3": 1, "[175]理想的王圣★5": 1, "[186]情窦未开的千金★4": 1, "[243]Bronze-Link Manipulators★3": 3, "[244]四枝之浅滩★3": 2, "[333]许德拉匕首★3": 1, "[246]特辣麻婆豆腐★3": 1, "[247]宝石剑泽尔里奇★3": 2, "[331]佛拉格拉克★3": 2, "[401]私室警备员★4": 2, "[420]谜之面具群★3": 4, "[580]瓦砾的圣堂★3": 2, "[585]幻想种★3": 2, "[1015]黄昏的王圣★5": 1, "[1270]庆祝回忆★5": 2, "[1271]头脑风暴★4": 11, "[1272]散状花★3": 10, "[1316]王者的气质★4": 1, "[1412]宝石的魔弹★4": 1, "[1413]虚数属性★4": 1, "[1415]匮乏之人★3": 2, "[1512]庭園の守り人★4": 1, "[1513]穂群原学園生徒会長★3": 2, "[1576]華の楽土★4": 1, "[1606]五大元素使い★5": 1, "[1608]悲願の継承★4": 1, "[1610]枯れない花★3": 4}

编号[ec3498b3df1904e2eaaaa2aecb9a2064]
等级: 1
圣晶石: 38
圣晶片: 3
呼符: 0
金/银/铜/青苹果: 44/0/0/0
登陆天数: 6天 / 81天
从者: {"[7]盖乌斯·尤利乌斯·恺撒(Saber)★3": 1, "[72]弗格斯·马克·罗伊(Saber)★3": 1, "[9]吉尔·德·雷(Saber)★3": 1, "[13]罗宾汉(Archer)★3": 1, "[14]阿塔兰忒(Archer)★4": 1, "[63]大卫(Archer)★3": 1, "[105]比利小子(Archer)★3": 2, "[15]尤瑞艾莉(Archer)★3": 4, "[207]喀戎(Archer)★4": 1, "[246]威廉·退尔(Archer)★3": 2, "[71]迪尔姆德·奥迪那(Lancer)★3": 1, "[18]伊丽莎白·巴托里(Lancer)★4": 1, "[20]库·丘林〔Prototype〕(Lancer)★3": 1, "[22]罗穆路斯(Lancer)★3": 3, "[186]宝藏院胤舜(Lancer)★3": 1, "[214]瓦尔基里(Lancer)★4": 1, "[23]歌果(Rider)★3": 2, "[94]阿斯托尔福(Rider)★4": 2, "[27]牛若丸(Rider)★3": 2, "[28]亚历山大(Rider)★3": 1, "[273]曼迪卡尔多(Rider)★3": 1, "[79]冯·霍恩海姆·帕拉塞尔苏斯(Caster)★3": 1, "[35]梅菲斯托费勒斯(Caster)★3": 1, "[104]杰罗尼莫(Caster)★3": 1, "[145]吉尔伽美什(Caster)★4": 1, "[201]阿纳斯塔西娅(Caster)★5": 1, "[203]阿维斯布隆(Caster)★3": 1, "[284]阿尔托莉雅·卡斯特(Caster)★5": 1, "[348]張角(Caster)★3": 1, "[110]百貌哈桑(Assassin)★3": 1, "[124]静谧哈桑(Assassin)★3": 3, "[42]匕见(Assassin)★3": 3, "[117]风魔小太郎(Assassin)★3": 1, "[170]周照(Assassin)★4": 1, "[49]虎狼(Berserker)★3": 3, "[89]贝奥武夫(Berserker)★4": 1, "[56]清姬(Berserker)★3": 1, "[1]玛修·基列莱特(Shielder)★3": 1, "[352]徐福(Alterego)★3": 1}
礼装: {"[21]钢之锻炼★4": 1, "[42]Mooncell Automaton★3": 1, "[75]五百年的执着★5": 1, "[89]柳洞寺★3": 2, "[91]爱之灵药★3": 1, "[243]Bronze-Link Manipulators★3": 2, "[244]四枝之浅滩★3": 2, "[333]许德拉匕首★3": 4, "[246]特辣麻婆豆腐★3": 2, "[247]宝石剑泽尔里奇★3": 1, "[265]卡姆兰之战★3": 2, "[331]佛拉格拉克★3": 1, "[332]天之逆月★3": 1, "[420]谜之面具群★3": 2, "[581]手无寸铁慎二君★3": 1, "[582]阿特拉斯院★3": 2, "[585]幻想种★3": 1, "[674]神造兵器★3": 2, "[691]噬魂★3": 2, "[1016]狂舞曲★4": 1, "[1208]韵律诗节★4": 1, "[1270]庆祝回忆★5": 5, "[1271]头脑风暴★4": 10, "[1272]散状花★3": 15, "[1412]宝石的魔弹★4": 1, "[1413]虚数属性★4": 1, "[1415]匮乏之人★3": 2, "[1485]冬之结晶★4": 2, "[1512]庭園の守り人★4": 1, "[1513]穂群原学園生徒会長★3": 2, "[1577]告解の惑い場★4": 1, "[1610]枯れない花★3": 1}

编号[78b3d7b13f0a2c0fc48305cecb21ca11]
等级: 1
圣晶石: 41
圣晶片: 3
呼符: 39
金/银/铜/青苹果: 44/0/0/0
登陆天数: 6天 / 81天
从者: {"[72]弗格斯·马克·罗伊(Saber)★3": 1, "[9]吉尔·德·雷(Saber)★3": 1, "[10]骑士迪昂(Saber)★4": 1, "[298]渡边纲(Saber)★4": 1, "[13]罗宾汉(Archer)★3": 1, "[63]大卫(Archer)★3": 1, "[105]比利小子(Archer)★3": 1, "[15]尤瑞艾莉(Archer)★3": 1, "[95]幼吉尔(Archer)★3": 2, "[325]芝诺比阿(Archer)★4": 1, "[71]迪尔姆德·奥迪那(Lancer)★3": 1, "[20]库·丘林〔Prototype〕(Lancer)★3": 1, "[64]赫克托耳(Lancer)★3": 1, "[23]歌果(Rider)★3": 1, "[26]布狄卡(Rider)★3": 3, "[27]牛若丸(Rider)★3": 1, "[28]亚历山大(Rider)★3": 1, "[273]曼迪卡尔多(Rider)★3": 2, "[332]ドブルイニャ・ニキチッチ(Rider)★4": 1, "[366]黄飛虎(Rider)★4": 1, "[31]美狄亚(Caster)★3": 1, "[80]查尔斯·巴贝奇(Caster)★3": 1, "[35]梅菲斯托费勒斯(Caster)★3": 1, "[104]杰罗尼莫(Caster)★3": 1, "[284]阿尔托莉雅·卡斯特(Caster)★5": 1, "[348]張角(Caster)★3": 2, "[110]百貌哈桑(Assassin)★3": 1, "[124]静谧哈桑(Assassin)★3": 1, "[42]匕见(Assassin)★3": 1, "[117]风魔小太郎(Assassin)★3": 1, "[49]虎狼(Berserker)★3": 1, "[56]清姬(Berserker)★3": 1, "[1]玛修·基列莱特(Shielder)★3": 1, "[352]徐福(Alterego)★3": 1}
礼装: {"[21]钢之锻炼★4": 1, "[26]宝石魔术·对影★4": 2, "[89]柳洞寺★3": 1, "[91]爱之灵药★3": 1, "[97]圣者凭依之躯★5": 1, "[333]许德拉匕首★3": 1, "[264]援护射击★4": 1, "[332]天之逆月★3": 1, "[418]固有结界★3": 2, "[420]谜之面具群★3": 2, "[674]神造兵器★3": 1, "[774]最后的叙述者★4": 1, "[1270]庆祝回忆★5": 3, "[1271]头脑风暴★4": 2, "[1272]散状花★3": 8, "[1412]宝石的魔弹★4": 1, "[1413]虚数属性★4": 1, "[1414]愿望之容器★4": 1, "[1415]匮乏之人★3": 2, "[1513]穂群原学園生徒会長★3": 2, "[1577]告解の惑い場★4": 2, "[1608]悲願の継承★4": 1, "[1609]代償魔術★4": 1, "[1610]枯れない花★3": 1, "[1670]狩人の夢★4": 1}

编号[5ad1a7eb0e825c94da829ab9ace87c58]
等级: 1
圣晶石: 2
圣晶片: 3
呼符: 0
金/银/铜/青苹果: 44/0/0/0
登陆天数: 6天 / 81天
从者: {"[7]盖乌斯·尤利乌斯·恺撒(Saber)★3": 1, "[72]弗格斯·马克·罗伊(Saber)★3": 3, "[9]吉尔·德·雷(Saber)★3": 3, "[13]罗宾汉(Archer)★3": 3, "[14]阿塔兰忒(Archer)★4": 1, "[63]大卫(Archer)★3": 2, "[105]比利小子(Archer)★3": 1, "[15]尤瑞艾莉(Archer)★3": 1, "[125]俵藤太(Archer)★3": 1, "[95]幼吉尔(Archer)★3": 1, "[246]威廉·退尔(Archer)★3": 2, "[17]库·丘林(Lancer)★3": 4, "[71]迪尔姆德·奥迪那(Lancer)★3": 2, "[20]库·丘林〔Prototype〕(Lancer)★3": 1, "[22]罗穆路斯(Lancer)★3": 4, "[186]宝藏院胤舜(Lancer)★3": 3, "[64]赫克托耳(Lancer)★3": 1, "[193]莲偶(Lancer)★4": 1, "[232]布拉达曼特(Lancer)★5": 1, "[23]歌果(Rider)★3": 3, "[27]牛若丸(Rider)★3": 3, "[28]亚历山大(Rider)★3": 5, "[366]黄飛虎(Rider)★4": 1, "[31]美狄亚(Caster)★3": 1, "[79]冯·霍恩海姆·帕拉塞尔苏斯(Caster)★3": 1, "[80]查尔斯·巴贝奇(Caster)★3": 5, "[120]尼托克丽丝(Caster)★4": 2, "[35]梅菲斯托费勒斯(Caster)★3": 2, "[104]杰罗尼莫(Caster)★3": 1, "[203]阿维斯布隆(Caster)★3": 4, "[110]百貌哈桑(Assassin)★3": 2, "[81]亨利·杰基尔＆海德(Assassin)★3": 6, "[124]静谧哈桑(Assassin)★3": 3, "[41]斯忒诺(Assassin)★4": 1, "[42]匕见(Assassin)★3": 1, "[117]风魔小太郎(Assassin)★3": 2, "[159]燕青(Assassin)★4": 1, "[49]虎狼(Berserker)★3": 1, "[55]大流士三世(Berserker)★3": 1, "[56]清姬(Berserker)★3": 1, "[58]玉藻猫(Berserker)★4": 1, "[1]玛修·基列莱特(Shielder)★3": 1, "[352]徐福(Alterego)★3": 5}
礼装: {"[21]钢之锻炼★4": 2, "[26]宝石魔术·对影★4": 2, "[73]死灵魔术★4": 1, "[74]觉醒的意志★4": 2, "[89]柳洞寺★3": 2, "[91]爱之灵药★3": 1, "[182]毒蛇一艺★4": 1, "[183]死之艺术★4": 2, "[188]觉醒之前★5": 1, "[243]Bronze-Link Manipulators★3": 1, "[244]四枝之浅滩★3": 5, "[333]许德拉匕首★3": 2, "[246]特辣麻婆豆腐★3": 3, "[247]宝石剑泽尔里奇★3": 2, "[265]卡姆兰之战★3": 1, "[331]佛拉格拉克★3": 1, "[332]天之逆月★3": 3, "[400]天堂之孔★5": 1, "[418]固有结界★3": 4, "[419]返老还童的灵药★3": 1, "[420]谜之面具群★3": 2, "[580]瓦砾的圣堂★3": 4, "[582]阿特拉斯院★3": 4, "[585]幻想种★3": 2, "[674]神造兵器★3": 2, "[691]噬魂★3": 1, "[774]最后的叙述者★4": 1, "[814]清扫者★4": 1, "[815]樱的特制便当★3": 2, "[913]远方的前路★4": 1, "[1130]野心的嚆矢★4": 1, "[1270]庆祝回忆★5": 6, "[1271]头脑风暴★4": 9, "[1272]散状花★3": 18, "[1413]虚数属性★4": 2, "[1414]愿望之容器★4": 1, "[1485]冬之结晶★4": 1, "[1511]冬の聖女★5": 1, "[1513]穂群原学園生徒会長★3": 1, "[1576]華の楽土★4": 2, "[1609]代償魔術★4": 1}

编号[e07742ce2f98bb99f3bdd8517a285713]
等级: 1
圣晶石: 91
圣晶片: 3
呼符: 50
金/银/铜/青苹果: 44/0/0/0
登陆天数: 6天 / 81天
从者: {"[9]吉尔·德·雷(Saber)★3": 3, "[344]ローラン(Saber)★4": 1, "[13]罗宾汉(Archer)★3": 2, "[15]尤瑞艾莉(Archer)★3": 1, "[95]幼吉尔(Archer)★3": 1, "[246]威廉·退尔(Archer)★3": 1, "[17]库·丘林(Lancer)★3": 1, "[20]库·丘林〔Prototype〕(Lancer)★3": 2, "[22]罗穆路斯(Lancer)★3": 1, "[64]赫克托耳(Lancer)★3": 1, "[94]阿斯托尔福(Rider)★4": 1, "[27]牛若丸(Rider)★3": 2, "[28]亚历山大(Rider)★3": 1, "[273]曼迪卡尔多(Rider)★3": 2, "[332]ドブルイニャ・ニキチッチ(Rider)★4": 1, "[31]美狄亚(Caster)★3": 3, "[79]冯·霍恩海姆·帕拉塞尔苏斯(Caster)★3": 1, "[35]梅菲斯托费勒斯(Caster)★3": 1, "[145]吉尔伽美什(Caster)★4": 1, "[203]阿维斯布隆(Caster)★3": 1, "[284]阿尔托莉雅·卡斯特(Caster)★5": 1, "[348]張角(Caster)★3": 2, "[81]亨利·杰基尔＆海德(Assassin)★3": 2, "[124]静谧哈桑(Assassin)★3": 1, "[117]风魔小太郎(Assassin)★3": 1, "[47]赫拉克勒斯(Berserker)★4": 1, "[49]虎狼(Berserker)★3": 1, "[55]大流士三世(Berserker)★3": 1, "[1]玛修·基列莱特(Shielder)★3": 1, "[352]徐福(Alterego)★3": 1}
礼装: {"[56]指令咏唱★4": 1, "[91]爱之灵药★3": 2, "[98]千年黄金树★4": 2, "[243]Bronze-Link Manipulators★3": 2, "[246]特辣麻婆豆腐★3": 3, "[265]卡姆兰之战★3": 1, "[331]佛拉格拉克★3": 2, "[332]天之逆月★3": 1, "[401]私室警备员★4": 1, "[418]固有结界★3": 3, "[419]返老还童的灵药★3": 1, "[420]谜之面具群★3": 2, "[580]瓦砾的圣堂★3": 1, "[581]手无寸铁慎二君★3": 1, "[585]幻想种★3": 1, "[674]神造兵器★3": 1, "[691]噬魂★3": 1, "[814]清扫者★4": 1, "[1270]庆祝回忆★5": 2, "[1271]头脑风暴★4": 2, "[1272]散状花★3": 5, "[1316]王者的气质★4": 1, "[1412]宝石的魔弹★4": 1, "[1414]愿望之容器★4": 1, "[1415]匮乏之人★3": 1, "[1513]穂群原学園生徒会長★3": 2, "[1610]枯れない花★3": 3}

编号[d79fd432a5c0ae4bf4798e7ad2cc490d]
等级: 1
圣晶石: 91
圣晶片: 3
呼符: 50
金/银/铜/青苹果: 44/0/0/0
登陆天数: 6天 / 81天
从者: {"[7]盖乌斯·尤利乌斯·恺撒(Saber)★3": 2, "[72]弗格斯·马克·罗伊(Saber)★3": 1, "[9]吉尔·德·雷(Saber)★3": 2, "[245]拉克什米·芭伊(Saber)★4": 1, "[11]卫宫(Archer)★4": 1, "[15]尤瑞艾莉(Archer)★3": 1, "[95]幼吉尔(Archer)★3": 1, "[17]库·丘林(Lancer)★3": 1, "[20]库·丘林〔Prototype〕(Lancer)★3": 1, "[22]罗穆路斯(Lancer)★3": 3, "[186]宝藏院胤舜(Lancer)★3": 1, "[64]赫克托耳(Lancer)★3": 3, "[313]珀西瓦尔(Lancer)★4": 1, "[23]歌果(Rider)★3": 1, "[27]牛若丸(Rider)★3": 2, "[30]玛尔达(Rider)★4": 1, "[273]曼迪卡尔多(Rider)★3": 1, "[31]美狄亚(Caster)★3": 1, "[284]阿尔托莉雅·卡斯特(Caster)★5": 1, "[81]亨利·杰基尔＆海德(Assassin)★3": 2, "[42]匕见(Assassin)★3": 2, "[159]燕青(Assassin)★4": 1, "[47]赫拉克勒斯(Berserker)★4": 1, "[49]虎狼(Berserker)★3": 1, "[55]大流士三世(Berserker)★3": 1, "[1]玛修·基列莱特(Shielder)★3": 1}
礼装: {"[21]钢之锻炼★4": 1, "[37]芦苇海★3": 1, "[89]柳洞寺★3": 1, "[91]爱之灵药★3": 1, "[243]Bronze-Link Manipulators★3": 2, "[244]四枝之浅滩★3": 1, "[246]特辣麻婆豆腐★3": 1, "[247]宝石剑泽尔里奇★3": 2, "[265]卡姆兰之战★3": 3, "[331]佛拉格拉克★3": 2, "[332]天之逆月★3": 1, "[420]谜之面具群★3": 1, "[580]瓦砾的圣堂★3": 1, "[581]手无寸铁慎二君★3": 2, "[582]阿特拉斯院★3": 1, "[585]幻想种★3": 2, "[674]神造兵器★3": 4, "[691]噬魂★3": 1, "[774]最后的叙述者★4": 1, "[815]樱的特制便当★3": 5, "[1016]狂舞曲★4": 1, "[1270]庆祝回忆★5": 2, "[1271]头脑风暴★4": 1, "[1272]散状花★3": 8, "[1412]宝石的魔弹★4": 1, "[1513]穂群原学園生徒会長★3": 2, "[1576]華の楽土★4": 1, "[1610]枯れない花★3": 2, "[1670]狩人の夢★4": 1}

编号[ea04b85d5dcd14ab2af0c666051efbc2]
等级: 1
圣晶石: 124
圣晶片: 3
呼符: 50
金/银/铜/青苹果: 44/0/0/0
登陆天数: 6天 / 81天
从者: {"[7]盖乌斯·尤利乌斯·恺撒(Saber)★3": 1, "[72]弗格斯·马克·罗伊(Saber)★3": 1, "[13]罗宾汉(Archer)★3": 1, "[63]大卫(Archer)★3": 1, "[15]尤瑞艾莉(Archer)★3": 2, "[125]俵藤太(Archer)★3": 1, "[17]库·丘林(Lancer)★3": 2, "[20]库·丘林〔Prototype〕(Lancer)★3": 2, "[146]美杜莎(Lancer)★4": 1, "[94]阿斯托尔福(Rider)★4": 1, "[26]布狄卡(Rider)★3": 3, "[27]牛若丸(Rider)★3": 1, "[28]亚历山大(Rider)★3": 2, "[35]梅菲斯托费勒斯(Caster)★3": 2, "[284]阿尔托莉雅·卡斯特(Caster)★5": 1, "[81]亨利·杰基尔＆海德(Assassin)★3": 1, "[42]匕见(Assassin)★3": 1, "[159]燕青(Assassin)★4": 1, "[47]赫拉克勒斯(Berserker)★4": 1, "[49]虎狼(Berserker)★3": 1, "[56]清姬(Berserker)★3": 1, "[1]玛修·基列莱特(Shielder)★3": 1}
礼装: {"[26]宝石魔术·对影★4": 2, "[48]黑之圣杯★5": 1, "[89]柳洞寺★3": 1, "[91]爱之灵药★3": 5, "[186]情窦未开的千金★4": 1, "[246]特辣麻婆豆腐★3": 1, "[247]宝石剑泽尔里奇★3": 3, "[265]卡姆兰之战★3": 1, "[420]谜之面具群★3": 2, "[580]瓦砾的圣堂★3": 1, "[581]手无寸铁慎二君★3": 1, "[585]幻想种★3": 2, "[691]噬魂★3": 2, "[774]最后的叙述者★4": 1, "[815]樱的特制便当★3": 1, "[1207]黑魔术★5": 1, "[1270]庆祝回忆★5": 2, "[1272]散状花★3": 7, "[1415]匮乏之人★3": 1, "[1513]穂群原学園生徒会長★3": 1, "[1607]投影装填★4": 1, "[1670]狩人の夢★4": 1, "[1691]逆堕つ泥雨★5": 1, "[1692]免許皆伝★4": 1}

编号[c7f831385a2ecb3e85115f3f3764508b]
等级: 1
圣晶石: 2
圣晶片: 3
呼符: 0
金/银/铜/青苹果: 44/0/0/0
登陆天数: 6天 / 81天
从者: {"[7]盖乌斯·尤利乌斯·恺撒(Saber)★3": 1, "[72]弗格斯·马克·罗伊(Saber)★3": 1, "[9]吉尔·德·雷(Saber)★3": 2, "[344]ローラン(Saber)★4": 1, "[11]卫宫(Archer)★4": 1, "[13]罗宾汉(Archer)★3": 3, "[14]阿塔兰忒(Archer)★4": 1, "[63]大卫(Archer)★3": 3, "[105]比利小子(Archer)★3": 2, "[125]俵藤太(Archer)★3": 2, "[95]幼吉尔(Archer)★3": 3, "[246]威廉·退尔(Archer)★3": 1, "[325]芝诺比阿(Archer)★4": 1, "[17]库·丘林(Lancer)★3": 1, "[71]迪尔姆德·奥迪那(Lancer)★3": 2, "[20]库·丘林〔Prototype〕(Lancer)★3": 1, "[22]罗穆路斯(Lancer)★3": 1, "[186]宝藏院胤舜(Lancer)★3": 2, "[64]赫克托耳(Lancer)★3": 3, "[228]忠贞(Lancer)★4": 1, "[23]歌果(Rider)★3": 1, "[27]牛若丸(Rider)★3": 1, "[28]亚历山大(Rider)★3": 1, "[273]曼迪卡尔多(Rider)★3": 2, "[31]美狄亚(Caster)★3": 1, "[79]冯·霍恩海姆·帕拉塞尔苏斯(Caster)★3": 2, "[80]查尔斯·巴贝奇(Caster)★3": 1, "[120]尼托克丽丝(Caster)★4": 1, "[35]梅菲斯托费勒斯(Caster)★3": 3, "[104]杰罗尼莫(Caster)★3": 1, "[201]阿纳斯塔西娅(Caster)★5": 1, "[203]阿维斯布隆(Caster)★3": 2, "[348]張角(Caster)★3": 2, "[81]亨利·杰基尔＆海德(Assassin)★3": 1, "[124]静谧哈桑(Assassin)★3": 2, "[42]匕见(Assassin)★3": 2, "[185]望月千代女(Assassin)★4": 1, "[49]虎狼(Berserker)★3": 5, "[82]弗兰肯斯坦(Berserker)★4": 1, "[56]清姬(Berserker)★3": 3, "[1]玛修·基列莱特(Shielder)★3": 1, "[352]徐福(Alterego)★3": 3}
礼装: {"[21]钢之锻炼★4": 1, "[89]柳洞寺★3": 2, "[98]千年黄金树★4": 1, "[176]记录保持者★4": 1, "[185]月灵髓液★5": 1, "[333]许德拉匕首★3": 3, "[246]特辣麻婆豆腐★3": 2, "[247]宝石剑泽尔里奇★3": 1, "[332]天之逆月★3": 3, "[401]私室警备员★4": 2, "[419]返老还童的灵药★3": 2, "[420]谜之面具群★3": 3, "[581]手无寸铁慎二君★3": 1, "[582]阿特拉斯院★3": 1, "[815]樱的特制便当★3": 2, "[1270]庆祝回忆★5": 4, "[1271]头脑风暴★4": 7, "[1272]散状花★3": 11, "[1412]宝石的魔弹★4": 1, "[1413]虚数属性★4": 1, "[1415]匮乏之人★3": 9, "[1485]冬之结晶★4": 1, "[1610]枯れない花★3": 3, "[1692]免許皆伝★4": 1}

编号[623febef8df3803b7d1b3b3469de7721]
等级: 1
圣晶石: 31
圣晶片: 3
呼符: 50
金/银/铜/青苹果: 44/0/0/0
登陆天数: 6天 / 81天
从者: {"[72]弗格斯·马克·罗伊(Saber)★3": 1, "[9]吉尔·德·雷(Saber)★3": 4, "[344]ローラン(Saber)★4": 1, "[298]渡边纲(Saber)★4": 1, "[11]卫宫(Archer)★4": 1, "[13]罗宾汉(Archer)★3": 1, "[63]大卫(Archer)★3": 3, "[105]比利小子(Archer)★3": 2, "[15]尤瑞艾莉(Archer)★3": 1, "[125]俵藤太(Archer)★3": 1, "[246]威廉·退尔(Archer)★3": 2, "[17]库·丘林(Lancer)★3": 1, "[71]迪尔姆德·奥迪那(Lancer)★3": 3, "[22]罗穆路斯(Lancer)★3": 1, "[186]宝藏院胤舜(Lancer)★3": 2, "[64]赫克托耳(Lancer)★3": 2, "[23]歌果(Rider)★3": 4, "[26]布狄卡(Rider)★3": 1, "[27]牛若丸(Rider)★3": 4, "[28]亚历山大(Rider)★3": 1, "[31]美狄亚(Caster)★3": 1, "[79]冯·霍恩海姆·帕拉塞尔苏斯(Caster)★3": 4, "[80]查尔斯·巴贝奇(Caster)★3": 1, "[35]梅菲斯托费勒斯(Caster)★3": 3, "[203]阿维斯布隆(Caster)★3": 1, "[284]阿尔托莉雅·卡斯特(Caster)★5": 1, "[110]百貌哈桑(Assassin)★3": 1, "[81]亨利·杰基尔＆海德(Assassin)★3": 3, "[117]风魔小太郎(Assassin)★3": 2, "[159]燕青(Assassin)★4": 1, "[49]虎狼(Berserker)★3": 1, "[1]玛修·基列莱特(Shielder)★3": 1, "[352]徐福(Alterego)★3": 3}
礼装: {"[22]原始咒术★4": 1, "[26]宝石魔术·对影★4": 1, "[56]指令咏唱★4": 1, "[89]柳洞寺★3": 1, "[184]柔软的慈爱★4": 1, "[243]Bronze-Link Manipulators★3": 2, "[244]四枝之浅滩★3": 1, "[333]许德拉匕首★3": 3, "[246]特辣麻婆豆腐★3": 1, "[331]佛拉格拉克★3": 1, "[419]返老还童的灵药★3": 1, "[420]谜之面具群★3": 3, "[580]瓦砾的圣堂★3": 2, "[581]手无寸铁慎二君★3": 1, "[582]阿特拉斯院★3": 1, "[674]神造兵器★3": 2, "[1130]野心的嚆矢★4": 1, "[1270]庆祝回忆★5": 3, "[1271]头脑风暴★4": 8, "[1272]散状花★3": 5, "[1414]愿望之容器★4": 1, "[1415]匮乏之人★3": 5, "[1609]代償魔術★4": 1, "[1610]枯れない花★3": 1, "[1692]免許皆伝★4": 1}

编号[56ad4ea5de27680d47410464f66ecf24]
等级: 1
圣晶石: 82
圣晶片: 3
呼符: 50
金/银/铜/青苹果: 44/0/0/0
登陆天数: 6天 / 81天
从者: {"[7]盖乌斯·尤利乌斯·恺撒(Saber)★3": 2, "[9]吉尔·德·雷(Saber)★3": 1, "[13]罗宾汉(Archer)★3": 2, "[63]大卫(Archer)★3": 1, "[105]比利小子(Archer)★3": 1, "[15]尤瑞艾莉(Archer)★3": 3, "[95]幼吉尔(Archer)★3": 1, "[17]库·丘林(Lancer)★3": 3, "[71]迪尔姆德·奥迪那(Lancer)★3": 1, "[22]罗穆路斯(Lancer)★3": 1, "[64]赫克托耳(Lancer)★3": 1, "[183]帕尔瓦蒂(Lancer)★4": 1, "[23]歌果(Rider)★3": 1, "[26]布狄卡(Rider)★3": 1, "[28]亚历山大(Rider)★3": 1, "[332]ドブルイニャ・ニキチッチ(Rider)★4": 1, "[31]美狄亚(Caster)★3": 1, "[80]查尔斯·巴贝奇(Caster)★3": 1, "[104]杰罗尼莫(Caster)★3": 1, "[192]喀耳刻(Caster)★4": 1, "[203]阿维斯布隆(Caster)★3": 1, "[284]阿尔托莉雅·卡斯特(Caster)★5": 1, "[348]張角(Caster)★3": 1, "[110]百貌哈桑(Assassin)★3": 1, "[81]亨利·杰基尔＆海德(Assassin)★3": 1, "[124]静谧哈桑(Assassin)★3": 1, "[47]赫拉克勒斯(Berserker)★4": 1, "[49]虎狼(Berserker)★3": 2, "[55]大流士三世(Berserker)★3": 2, "[56]清姬(Berserker)★3": 2, "[1]玛修·基列莱特(Shielder)★3": 1, "[242]阿斯特赖亚(Ruler)★4": 1}
礼装: {"[22]原始咒术★4": 1, "[48]黑之圣杯★5": 1, "[73]死灵魔术★4": 1, "[89]柳洞寺★3": 3, "[91]爱之灵药★3": 1, "[98]千年黄金树★4": 1, "[186]情窦未开的千金★4": 1, "[243]Bronze-Link Manipulators★3": 2, "[244]四枝之浅滩★3": 1, "[333]许德拉匕首★3": 1, "[246]特辣麻婆豆腐★3": 3, "[247]宝石剑泽尔里奇★3": 1, "[265]卡姆兰之战★3": 1, "[331]佛拉格拉克★3": 1, "[332]天之逆月★3": 1, "[418]固有结界★3": 2, "[582]阿特拉斯院★3": 1, "[585]幻想种★3": 1, "[674]神造兵器★3": 3, "[691]噬魂★3": 1, "[815]樱的特制便当★3": 2, "[1270]庆祝回忆★5": 5, "[1271]头脑风暴★4": 3, "[1272]散状花★3": 6, "[1412]宝石的魔弹★4": 1, "[1413]虚数属性★4": 1, "[1513]穂群原学園生徒会長★3": 1, "[1610]枯れない花★3": 1, "[1670]狩人の夢★4": 1}

编号[73bec5a93498f832c7d589fadf48652b]
等级: 1
圣晶石: 235
圣晶片: 3
呼符: 50
金/银/铜/青苹果: 44/0/0/0
登陆天数: 6天 / 81天
从者: {"[9]吉尔·德·雷(Saber)★3": 1, "[298]渡边纲(Saber)★4": 1, "[13]罗宾汉(Archer)★3": 1, "[15]尤瑞艾莉(Archer)★3": 1, "[125]俵藤太(Archer)★3": 1, "[17]库·丘林(Lancer)★3": 1, "[22]罗穆路斯(Lancer)★3": 2, "[23]歌果(Rider)★3": 1, "[26]布狄卡(Rider)★3": 2, "[273]曼迪卡尔多(Rider)★3": 1, "[31]美狄亚(Caster)★3": 1, "[35]梅菲斯托费勒斯(Caster)★3": 1, "[192]喀耳刻(Caster)★4": 1, "[284]阿尔托莉雅·卡斯特(Caster)★5": 1, "[159]燕青(Assassin)★4": 1, "[89]贝奥武夫(Berserker)★4": 1, "[55]大流士三世(Berserker)★3": 1, "[1]玛修·基列莱特(Shielder)★3": 1, "[352]徐福(Alterego)★3": 1}
礼装: {"[39]抹大拉的圣骸布★4": 1, "[89]柳洞寺★3": 1, "[91]爱之灵药★3": 2, "[333]许德拉匕首★3": 1, "[247]宝石剑泽尔里奇★3": 2, "[332]天之逆月★3": 2, "[580]瓦砾的圣堂★3": 1, "[581]手无寸铁慎二君★3": 1, "[674]神造兵器★3": 1, "[1610]枯れない花★3": 1}

编号[2e34fa68ba0a41f454182306ab16c0fe]
等级: 1
圣晶石: 2
圣晶片: 3
呼符: 0
金/银/铜/青苹果: 44/0/0/0
登陆天数: 6天 / 81天
从者: {"[7]盖乌斯·尤利乌斯·恺撒(Saber)★3": 2, "[72]弗格斯·马克·罗伊(Saber)★3": 2, "[9]吉尔·德·雷(Saber)★3": 1, "[227]兰陵王(Saber)★4": 1, "[245]拉克什米·芭伊(Saber)★4": 1, "[63]大卫(Archer)★3": 1, "[105]比利小子(Archer)★3": 1, "[15]尤瑞艾莉(Archer)★3": 1, "[125]俵藤太(Archer)★3": 2, "[246]威廉·退尔(Archer)★3": 3, "[17]库·丘林(Lancer)★3": 1, "[71]迪尔姆德·奥迪那(Lancer)★3": 2, "[20]库·丘林〔Prototype〕(Lancer)★3": 2, "[22]罗穆路斯(Lancer)★3": 1, "[87]芬恩·麦克库尔(Lancer)★4": 1, "[186]宝藏院胤舜(Lancer)★3": 4, "[64]赫克托耳(Lancer)★3": 1, "[23]歌果(Rider)★3": 2, "[26]布狄卡(Rider)★3": 3, "[27]牛若丸(Rider)★3": 1, "[28]亚历山大(Rider)★3": 2, "[273]曼迪卡尔多(Rider)★3": 2, "[332]ドブルイニャ・ニキチッチ(Rider)★4": 1, "[31]美狄亚(Caster)★3": 1, "[74]童谣(Caster)★4": 1, "[79]冯·霍恩海姆·帕拉塞尔苏斯(Caster)★3": 1, "[80]查尔斯·巴贝奇(Caster)★3": 1, "[35]梅菲斯托费勒斯(Caster)★3": 2, "[104]杰罗尼莫(Caster)★3": 1, "[203]阿维斯布隆(Caster)★3": 1, "[348]張角(Caster)★3": 2, "[110]百貌哈桑(Assassin)★3": 1, "[81]亨利·杰基尔＆海德(Assassin)★3": 4, "[124]静谧哈桑(Assassin)★3": 1, "[42]匕见(Assassin)★3": 2, "[170]周照(Assassin)★4": 1, "[47]赫拉克勒斯(Berserker)★4": 1, "[49]虎狼(Berserker)★3": 5, "[82]弗兰肯斯坦(Berserker)★4": 1, "[55]大流士三世(Berserker)★3": 2, "[56]清姬(Berserker)★3": 1, "[1]玛修·基列莱特(Shielder)★3": 1, "[352]徐福(Alterego)★3": 2}
礼装: {"[56]指令咏唱★4": 2, "[91]爱之灵药★3": 1, "[98]千年黄金树★4": 1, "[183]死之艺术★4": 1, "[243]Bronze-Link Manipulators★3": 2, "[246]特辣麻婆豆腐★3": 1, "[247]宝石剑泽尔里奇★3": 1, "[265]卡姆兰之战★3": 1, "[331]佛拉格拉克★3": 1, "[401]私室警备员★4": 1, "[418]固有结界★3": 2, "[419]返老还童的灵药★3": 1, "[420]谜之面具群★3": 1, "[580]瓦砾的圣堂★3": 2, "[581]手无寸铁慎二君★3": 1, "[674]神造兵器★3": 2, "[691]噬魂★3": 2, "[774]最后的叙述者★4": 1, "[815]樱的特制便当★3": 3, "[913]远方的前路★4": 1, "[1208]韵律诗节★4": 1, "[1270]庆祝回忆★5": 8, "[1271]头脑风暴★4": 7, "[1272]散状花★3": 18, "[1412]宝石的魔弹★4": 1, "[1513]穂群原学園生徒会長★3": 1, "[1577]告解の惑い場★4": 1, "[1610]枯れない花★3": 1, "[1669]熾天の王★5": 1}

编号[1b4525aa7656e01612dfd50c59187b69]
等级: 1
圣晶石: 2
圣晶片: 3
呼符: 0
金/银/铜/青苹果: 44/0/0/0
登陆天数: 6天 / 81天
从者: {"[7]盖乌斯·尤利乌斯·恺撒(Saber)★3": 1, "[72]弗格斯·马克·罗伊(Saber)★3": 2, "[9]吉尔·德·雷(Saber)★3": 1, "[223]迪尔姆德·奥迪那(Saber)★4": 1, "[13]罗宾汉(Archer)★3": 3, "[63]大卫(Archer)★3": 2, "[105]比利小子(Archer)★3": 1, "[15]尤瑞艾莉(Archer)★3": 1, "[125]俵藤太(Archer)★3": 1, "[95]幼吉尔(Archer)★3": 2, "[246]威廉·退尔(Archer)★3": 1, "[350]源為朝(Archer)★5": 1, "[17]库·丘林(Lancer)★3": 3, "[71]迪尔姆德·奥迪那(Lancer)★3": 2, "[20]库·丘林〔Prototype〕(Lancer)★3": 1, "[22]罗穆路斯(Lancer)★3": 2, "[186]宝藏院胤舜(Lancer)★3": 2, "[64]赫克托耳(Lancer)★3": 2, "[183]帕尔瓦蒂(Lancer)★4": 1, "[193]莲偶(Lancer)★4": 1, "[313]珀西瓦尔(Lancer)★4": 1, "[94]阿斯托尔福(Rider)★4": 1, "[26]布狄卡(Rider)★3": 1, "[27]牛若丸(Rider)★3": 1, "[28]亚历山大(Rider)★3": 1, "[31]美狄亚(Caster)★3": 2, "[79]冯·霍恩海姆·帕拉塞尔苏斯(Caster)★3": 1, "[80]查尔斯·巴贝奇(Caster)★3": 1, "[35]梅菲斯托费勒斯(Caster)★3": 2, "[104]杰罗尼莫(Caster)★3": 2, "[192]喀耳刻(Caster)★4": 2, "[203]阿维斯布隆(Caster)★3": 4, "[348]張角(Caster)★3": 3, "[81]亨利·杰基尔＆海德(Assassin)★3": 4, "[124]静谧哈桑(Assassin)★3": 1, "[42]匕见(Assassin)★3": 1, "[117]风魔小太郎(Assassin)★3": 1, "[47]赫拉克勒斯(Berserker)★4": 3, "[49]虎狼(Berserker)★3": 3, "[82]弗兰肯斯坦(Berserker)★4": 1, "[55]大流士三世(Berserker)★3": 2, "[56]清姬(Berserker)★3": 1, "[1]玛修·基列莱特(Shielder)★3": 1, "[352]徐福(Alterego)★3": 3}
礼装: {"[21]钢之锻炼★4": 2, "[26]宝石魔术·对影★4": 1, "[74]觉醒的意志★4": 1, "[89]柳洞寺★3": 1, "[91]爱之灵药★3": 1, "[98]千年黄金树★4": 1, "[243]Bronze-Link Manipulators★3": 1, "[333]许德拉匕首★3": 1, "[246]特辣麻婆豆腐★3": 2, "[247]宝石剑泽尔里奇★3": 1, "[265]卡姆兰之战★3": 1, "[331]佛拉格拉克★3": 1, "[401]私室警备员★4": 1, "[418]固有结界★3": 1, "[419]返老还童的灵药★3": 1, "[420]谜之面具群★3": 2, "[582]阿特拉斯院★3": 4, "[815]樱的特制便当★3": 1, "[1016]狂舞曲★4": 2, "[1130]野心的嚆矢★4": 1, "[1270]庆祝回忆★5": 8, "[1271]头脑风暴★4": 8, "[1272]散状花★3": 19, "[1316]王者的气质★4": 2, "[1413]虚数属性★4": 1, "[1414]愿望之容器★4": 1, "[1415]匮乏之人★3": 1, "[1513]穂群原学園生徒会長★3": 1, "[1610]枯れない花★3": 2, "[1670]狩人の夢★4": 1}

编号[15f98a70828592c5321b208ac26a7153]
等级: 1
圣晶石: 211
圣晶片: 3
呼符: 50
金/银/铜/青苹果: 44/0/0/0
登陆天数: 6天 / 81天
从者: {"[72]弗格斯·马克·罗伊(Saber)★3": 1, "[13]罗宾汉(Archer)★3": 1, "[14]阿塔兰忒(Archer)★4": 1, "[15]尤瑞艾莉(Archer)★3": 1, "[17]库·丘林(Lancer)★3": 2, "[18]伊丽莎白·巴托里(Lancer)★4": 1, "[22]罗穆路斯(Lancer)★3": 1, "[64]赫克托耳(Lancer)★3": 1, "[79]冯·霍恩海姆·帕拉塞尔苏斯(Caster)★3": 1, "[80]查尔斯·巴贝奇(Caster)★3": 1, "[35]梅菲斯托费勒斯(Caster)★3": 1, "[104]杰罗尼莫(Caster)★3": 1, "[284]阿尔托莉雅·卡斯特(Caster)★5": 1, "[110]百貌哈桑(Assassin)★3": 1, "[49]虎狼(Berserker)★3": 1, "[55]大流士三世(Berserker)★3": 1, "[56]清姬(Berserker)★3": 1, "[1]玛修·基列莱特(Shielder)★3": 1, "[352]徐福(Alterego)★3": 1}
礼装: {"[89]柳洞寺★3": 2, "[98]千年黄金树★4": 1, "[183]死之艺术★4": 1, "[186]情窦未开的千金★4": 1, "[244]四枝之浅滩★3": 1, "[333]许德拉匕首★3": 1, "[263]起源弹★5": 1, "[265]卡姆兰之战★3": 1, "[331]佛拉格拉克★3": 1, "[419]返老还童的灵药★3": 1, "[580]瓦砾的圣堂★3": 1, "[581]手无寸铁慎二君★3": 1, "[582]阿特拉斯院★3": 1, "[585]幻想种★3": 1, "[1270]庆祝回忆★5": 1, "[1271]头脑风暴★4": 2, "[1272]散状花★3": 4}

编号[65bd8a8bbe5ce2c7468dcd808c2dbca6]
等级: 1
圣晶石: 4
圣晶片: 3
呼符: 50
金/银/铜/青苹果: 44/0/0/0
登陆天数: 6天 / 81天
从者: {"[72]弗格斯·马克·罗伊(Saber)★3": 1, "[9]吉尔·德·雷(Saber)★3": 1, "[63]大卫(Archer)★3": 1, "[15]尤瑞艾莉(Archer)★3": 2, "[125]俵藤太(Archer)★3": 4, "[246]威廉·退尔(Archer)★3": 1, "[17]库·丘林(Lancer)★3": 2, "[71]迪尔姆德·奥迪那(Lancer)★3": 2, "[18]伊丽莎白·巴托里(Lancer)★4": 1, "[20]库·丘林〔Prototype〕(Lancer)★3": 1, "[22]罗穆路斯(Lancer)★3": 2, "[186]宝藏院胤舜(Lancer)★3": 3, "[64]赫克托耳(Lancer)★3": 1, "[66]安妮·伯妮＆玛莉·瑞德(Rider)★4": 1, "[26]布狄卡(Rider)★3": 1, "[27]牛若丸(Rider)★3": 1, "[28]亚历山大(Rider)★3": 3, "[273]曼迪卡尔多(Rider)★3": 2, "[79]冯·霍恩海姆·帕拉塞尔苏斯(Caster)★3": 2, "[80]查尔斯·巴贝奇(Caster)★3": 2, "[35]梅菲斯托费勒斯(Caster)★3": 3, "[104]杰罗尼莫(Caster)★3": 3, "[37]诸葛孔明〔埃尔梅罗Ⅱ世〕(Caster)★5": 1, "[284]阿尔托莉雅·卡斯特(Caster)★5": 1, "[348]張角(Caster)★3": 1, "[110]百貌哈桑(Assassin)★3": 2, "[124]静谧哈桑(Assassin)★3": 3, "[42]匕见(Assassin)★3": 3, "[159]燕青(Assassin)★4": 1, "[55]大流士三世(Berserker)★3": 2, "[56]清姬(Berserker)★3": 6, "[1]玛修·基列莱特(Shielder)★3": 1, "[352]徐福(Alterego)★3": 1}
礼装: {"[28]虚数魔术★4": 1, "[89]柳洞寺★3": 2, "[243]Bronze-Link Manipulators★3": 4, "[244]四枝之浅滩★3": 4, "[333]许德拉匕首★3": 1, "[246]特辣麻婆豆腐★3": 4, "[247]宝石剑泽尔里奇★3": 4, "[265]卡姆兰之战★3": 1, "[331]佛拉格拉克★3": 1, "[332]天之逆月★3": 2, "[418]固有结界★3": 2, "[419]返老还童的灵药★3": 1, "[420]谜之面具群★3": 2, "[580]瓦砾的圣堂★3": 1, "[581]手无寸铁慎二君★3": 1, "[582]阿特拉斯院★3": 1, "[585]幻想种★3": 4, "[814]清扫者★4": 1, "[912]火炎伯爵★5": 1, "[1208]韵律诗节★4": 1, "[1270]庆祝回忆★5": 3, "[1271]头脑风暴★4": 1, "[1272]散状花★3": 6, "[1411]重责者孤寂于此★5": 1, "[1413]虚数属性★4": 2, "[1577]告解の惑い場★4": 1, "[1609]代償魔術★4": 1, "[1610]枯れない花★3": 1}

编号[f1ed109807b63126c5a64a46008c21f7]
等级: 1
圣晶石: 172
圣晶片: 3
呼符: 50
金/银/铜/青苹果: 44/0/0/0
登陆天数: 6天 / 81天
从者: {"[7]盖乌斯·尤利乌斯·恺撒(Saber)★3": 1, "[9]吉尔·德·雷(Saber)★3": 1, "[13]罗宾汉(Archer)★3": 2, "[15]尤瑞艾莉(Archer)★3": 1, "[95]幼吉尔(Archer)★3": 2, "[325]芝诺比阿(Archer)★4": 2, "[17]库·丘林(Lancer)★3": 2, "[22]罗穆路斯(Lancer)★3": 1, "[64]赫克托耳(Lancer)★3": 2, "[214]瓦尔基里(Lancer)★4": 1, "[228]忠贞(Lancer)★4": 1, "[28]亚历山大(Rider)★3": 1, "[31]美狄亚(Caster)★3": 1, "[79]冯·霍恩海姆·帕拉塞尔苏斯(Caster)★3": 3, "[80]查尔斯·巴贝奇(Caster)★3": 1, "[284]阿尔托莉雅·卡斯特(Caster)★5": 1, "[348]張角(Caster)★3": 1, "[124]静谧哈桑(Assassin)★3": 1, "[49]虎狼(Berserker)★3": 1, "[82]弗兰肯斯坦(Berserker)★4": 2, "[55]大流士三世(Berserker)★3": 1, "[58]玉藻猫(Berserker)★4": 1, "[1]玛修·基列莱特(Shielder)★3": 1, "[242]阿斯特赖亚(Ruler)★4": 1}
礼装: {"[26]宝石魔术·对影★4": 3, "[91]爱之灵药★3": 2, "[186]情窦未开的千金★4": 1, "[246]特辣麻婆豆腐★3": 1, "[265]卡姆兰之战★3": 1, "[331]佛拉格拉克★3": 1, "[418]固有结界★3": 1, "[585]幻想种★3": 2, "[674]神造兵器★3": 2, "[691]噬魂★3": 1, "[913]远方的前路★4": 1, "[1130]野心的嚆矢★4": 1, "[1270]庆祝回忆★5": 1, "[1271]头脑风暴★4": 3, "[1272]散状花★3": 4, "[1415]匮乏之人★3": 1}

编号[20ed9b38e0524507c3bce8b7ac1db1b9]
等级: 1
圣晶石: 28
圣晶片: 3
呼符: 50
金/银/铜/青苹果: 44/0/0/0
登陆天数: 6天 / 81天
从者: {"[7]盖乌斯·尤利乌斯·恺撒(Saber)★3": 1, "[9]吉尔·德·雷(Saber)★3": 2, "[227]兰陵王(Saber)★4": 1, "[13]罗宾汉(Archer)★3": 2, "[105]比利小子(Archer)★3": 5, "[125]俵藤太(Archer)★3": 1, "[95]幼吉尔(Archer)★3": 3, "[246]威廉·退尔(Archer)★3": 2, "[17]库·丘林(Lancer)★3": 2, "[71]迪尔姆德·奥迪那(Lancer)★3": 1, "[20]库·丘林〔Prototype〕(Lancer)★3": 3, "[64]赫克托耳(Lancer)★3": 1, "[214]瓦尔基里(Lancer)★4": 2, "[26]布狄卡(Rider)★3": 2, "[27]牛若丸(Rider)★3": 5, "[28]亚历山大(Rider)★3": 2, "[79]冯·霍恩海姆·帕拉塞尔苏斯(Caster)★3": 1, "[80]查尔斯·巴贝奇(Caster)★3": 1, "[203]阿维斯布隆(Caster)★3": 2, "[284]阿尔托莉雅·卡斯特(Caster)★5": 1, "[348]張角(Caster)★3": 1, "[110]百貌哈桑(Assassin)★3": 1, "[81]亨利·杰基尔＆海德(Assassin)★3": 1, "[42]匕见(Assassin)★3": 1, "[117]风魔小太郎(Assassin)★3": 1, "[55]大流士三世(Berserker)★3": 5, "[56]清姬(Berserker)★3": 2, "[1]玛修·基列莱特(Shielder)★3": 1}
礼装: {"[22]原始咒术★4": 1, "[26]宝石魔术·对影★4": 1, "[89]柳洞寺★3": 2, "[91]爱之灵药★3": 2, "[97]圣者凭依之躯★5": 1, "[243]Bronze-Link Manipulators★3": 1, "[244]四枝之浅滩★3": 1, "[333]许德拉匕首★3": 3, "[246]特辣麻婆豆腐★3": 2, "[247]宝石剑泽尔里奇★3": 2, "[401]私室警备员★4": 1, "[420]谜之面具群★3": 1, "[580]瓦砾的圣堂★3": 2, "[581]手无寸铁慎二君★3": 1, "[582]阿特拉斯院★3": 2, "[585]幻想种★3": 2, "[691]噬魂★3": 1, "[814]清扫者★4": 1, "[815]樱的特制便当★3": 2, "[912]火炎伯爵★5": 1, "[1016]狂舞曲★4": 1, "[1130]野心的嚆矢★4": 1, "[1208]韵律诗节★4": 1, "[1270]庆祝回忆★5": 3, "[1271]头脑风暴★4": 3, "[1272]散状花★3": 10, "[1316]王者的气质★4": 2, "[1412]宝石的魔弹★4": 1, "[1609]代償魔術★4": 2, "[1610]枯れない花★3": 4}

编号[02a6ea3901f619967d749295c20ef54b]
等级: 1
圣晶石: 142
圣晶片: 3
呼符: 50
金/银/铜/青苹果: 44/0/0/0
登陆天数: 6天 / 81天
从者: {"[72]弗格斯·马克·罗伊(Saber)★3": 1, "[245]拉克什米·芭伊(Saber)★4": 1, "[63]大卫(Archer)★3": 1, "[105]比利小子(Archer)★3": 2, "[15]尤瑞艾莉(Archer)★3": 1, "[95]幼吉尔(Archer)★3": 1, "[325]芝诺比阿(Archer)★4": 1, "[71]迪尔姆德·奥迪那(Lancer)★3": 1, "[20]库·丘林〔Prototype〕(Lancer)★3": 1, "[64]赫克托耳(Lancer)★3": 3, "[23]歌果(Rider)★3": 1, "[94]阿斯托尔福(Rider)★4": 1, "[27]牛若丸(Rider)★3": 2, "[28]亚历山大(Rider)★3": 1, "[273]曼迪卡尔多(Rider)★3": 1, "[31]美狄亚(Caster)★3": 2, "[79]冯·霍恩海姆·帕拉塞尔苏斯(Caster)★3": 1, "[284]阿尔托莉雅·卡斯特(Caster)★5": 1, "[348]張角(Caster)★3": 1, "[110]百貌哈桑(Assassin)★3": 1, "[81]亨利·杰基尔＆海德(Assassin)★3": 1, "[124]静谧哈桑(Assassin)★3": 1, "[159]燕青(Assassin)★4": 1, "[49]虎狼(Berserker)★3": 1, "[1]玛修·基列莱特(Shielder)★3": 1, "[352]徐福(Alterego)★3": 1}
礼装: {"[34]万华镜★5": 1, "[184]柔软的慈爱★4": 1, "[186]情窦未开的千金★4": 1, "[243]Bronze-Link Manipulators★3": 2, "[244]四枝之浅滩★3": 2, "[333]许德拉匕首★3": 3, "[247]宝石剑泽尔里奇★3": 1, "[265]卡姆兰之战★3": 1, "[331]佛拉格拉克★3": 1, "[581]手无寸铁慎二君★3": 1, "[582]阿特拉斯院★3": 1, "[585]幻想种★3": 2, "[674]神造兵器★3": 2, "[814]清扫者★4": 1, "[815]樱的特制便当★3": 1, "[1016]狂舞曲★4": 1, "[1270]庆祝回忆★5": 1, "[1271]头脑风暴★4": 1, "[1272]散状花★3": 6, "[1413]虚数属性★4": 1, "[1415]匮乏之人★3": 1, "[1513]穂群原学園生徒会長★3": 2, "[1577]告解の惑い場★4": 1, "[1608]悲願の継承★4": 1}

编号[59f5ca6847d9a34a0e2e3a4a0b2d19ed]
等级: 1
圣晶石: 154
圣晶片: 3
呼符: 50
金/银/铜/青苹果: 44/0/0/0
登陆天数: 6天 / 81天
从者: {"[7]盖乌斯·尤利乌斯·恺撒(Saber)★3": 1, "[72]弗格斯·马克·罗伊(Saber)★3": 3, "[298]渡边纲(Saber)★4": 1, "[63]大卫(Archer)★3": 1, "[105]比利小子(Archer)★3": 3, "[15]尤瑞艾莉(Archer)★3": 1, "[20]库·丘林〔Prototype〕(Lancer)★3": 1, "[22]罗穆路斯(Lancer)★3": 1, "[64]赫克托耳(Lancer)★3": 1, "[273]曼迪卡尔多(Rider)★3": 1, "[31]美狄亚(Caster)★3": 2, "[79]冯·霍恩海姆·帕拉塞尔苏斯(Caster)★3": 2, "[35]梅菲斯托费勒斯(Caster)★3": 1, "[104]杰罗尼莫(Caster)★3": 2, "[284]阿尔托莉雅·卡斯特(Caster)★5": 1, "[110]百貌哈桑(Assassin)★3": 1, "[49]虎狼(Berserker)★3": 2, "[55]大流士三世(Berserker)★3": 3, "[1]玛修·基列莱特(Shielder)★3": 1}
礼装: {"[42]Mooncell Automaton★3": 1, "[182]毒蛇一艺★4": 1, "[243]Bronze-Link Manipulators★3": 1, "[333]许德拉匕首★3": 4, "[247]宝石剑泽尔里奇★3": 1, "[418]固有结界★3": 1, "[419]返老还童的灵药★3": 1, "[420]谜之面具群★3": 1, "[581]手无寸铁慎二君★3": 2, "[582]阿特拉斯院★3": 1, "[585]幻想种★3": 3, "[691]噬魂★3": 1, "[815]樱的特制便当★3": 1, "[1270]庆祝回忆★5": 3, "[1271]头脑风暴★4": 4, "[1272]散状花★3": 5, "[1607]投影装填★4": 1, "[1609]代償魔術★4": 1}

编号[1c97b62541f42238531a3f6933344a77]
等级: 1
圣晶石: 41
圣晶片: 3
呼符: 4
金/银/铜/青苹果: 44/0/0/0
登陆天数: 6天 / 81天
从者: {"[72]弗格斯·马克·罗伊(Saber)★3": 2, "[9]吉尔·德·雷(Saber)★3": 2, "[227]兰陵王(Saber)★4": 1, "[245]拉克什米·芭伊(Saber)★4": 1, "[11]卫宫(Archer)★4": 1, "[13]罗宾汉(Archer)★3": 1, "[63]大卫(Archer)★3": 1, "[105]比利小子(Archer)★3": 1, "[95]幼吉尔(Archer)★3": 1, "[246]威廉·退尔(Archer)★3": 1, "[17]库·丘林(Lancer)★3": 1, "[20]库·丘林〔Prototype〕(Lancer)★3": 2, "[22]罗穆路斯(Lancer)★3": 2, "[186]宝藏院胤舜(Lancer)★3": 1, "[64]赫克托耳(Lancer)★3": 3, "[214]瓦尔基里(Lancer)★4": 2, "[228]忠贞(Lancer)★4": 1, "[23]歌果(Rider)★3": 2, "[26]布狄卡(Rider)★3": 1, "[28]亚历山大(Rider)★3": 2, "[273]曼迪卡尔多(Rider)★3": 4, "[366]黄飛虎(Rider)★4": 1, "[31]美狄亚(Caster)★3": 1, "[79]冯·霍恩海姆·帕拉塞尔苏斯(Caster)★3": 1, "[80]查尔斯·巴贝奇(Caster)★3": 1, "[120]尼托克丽丝(Caster)★4": 1, "[35]梅菲斯托费勒斯(Caster)★3": 1, "[104]杰罗尼莫(Caster)★3": 2, "[284]阿尔托莉雅·卡斯特(Caster)★5": 1, "[348]張角(Caster)★3": 5, "[110]百貌哈桑(Assassin)★3": 2, "[81]亨利·杰基尔＆海德(Assassin)★3": 3, "[46]卡米拉(Assassin)★4": 1, "[117]风魔小太郎(Assassin)★3": 2, "[49]虎狼(Berserker)★3": 1, "[55]大流士三世(Berserker)★3": 2, "[56]清姬(Berserker)★3": 1, "[1]玛修·基列莱特(Shielder)★3": 1, "[352]徐福(Alterego)★3": 1}
礼装: {"[56]指令咏唱★4": 1, "[89]柳洞寺★3": 1, "[98]千年黄金树★4": 1, "[243]Bronze-Link Manipulators★3": 1, "[244]四枝之浅滩★3": 3, "[246]特辣麻婆豆腐★3": 1, "[247]宝石剑泽尔里奇★3": 1, "[332]天之逆月★3": 1, "[418]固有结界★3": 1, "[420]谜之面具群★3": 1, "[585]幻想种★3": 2, "[674]神造兵器★3": 1, "[691]噬魂★3": 1, "[815]樱的特制便当★3": 1, "[913]远方的前路★4": 1, "[1130]野心的嚆矢★4": 1, "[1208]韵律诗节★4": 1, "[1270]庆祝回忆★5": 3, "[1271]头脑风暴★4": 9, "[1272]散状花★3": 14, "[1316]王者的气质★4": 1, "[1413]虚数属性★4": 2, "[1414]愿望之容器★4": 1, "[1415]匮乏之人★3": 3, "[1485]冬之结晶★4": 1, "[1513]穂群原学園生徒会長★3": 1, "[1576]華の楽土★4": 1, "[1577]告解の惑い場★4": 2, "[1610]枯れない花★3": 2, "[1692]免許皆伝★4": 2}

编号[1850a7d36ff73dd8a84ca1e2cca04287]
等级: 1
圣晶石: 2
圣晶片: 3
呼符: 0
金/银/铜/青苹果: 44/0/0/0
登陆天数: 6天 / 81天
从者: {"[7]盖乌斯·尤利乌斯·恺撒(Saber)★3": 3, "[101]罗摩(Saber)★4": 1, "[9]吉尔·德·雷(Saber)★3": 1, "[298]渡边纲(Saber)★4": 2, "[13]罗宾汉(Archer)★3": 2, "[63]大卫(Archer)★3": 1, "[105]比利小子(Archer)★3": 1, "[15]尤瑞艾莉(Archer)★3": 1, "[125]俵藤太(Archer)★3": 1, "[95]幼吉尔(Archer)★3": 2, "[207]喀戎(Archer)★4": 1, "[246]威廉·退尔(Archer)★3": 1, "[325]芝诺比阿(Archer)★4": 1, "[350]源為朝(Archer)★5": 1, "[17]库·丘林(Lancer)★3": 2, "[71]迪尔姆德·奥迪那(Lancer)★3": 2, "[20]库·丘林〔Prototype〕(Lancer)★3": 1, "[22]罗穆路斯(Lancer)★3": 2, "[186]宝藏院胤舜(Lancer)★3": 2, "[64]赫克托耳(Lancer)★3": 3, "[23]歌果(Rider)★3": 2, "[26]布狄卡(Rider)★3": 4, "[27]牛若丸(Rider)★3": 2, "[28]亚历山大(Rider)★3": 2, "[273]曼迪卡尔多(Rider)★3": 3, "[31]美狄亚(Caster)★3": 2, "[79]冯·霍恩海姆·帕拉塞尔苏斯(Caster)★3": 4, "[80]查尔斯·巴贝奇(Caster)★3": 3, "[35]梅菲斯托费勒斯(Caster)★3": 2, "[104]杰罗尼莫(Caster)★3": 1, "[203]阿维斯布隆(Caster)★3": 1, "[110]百貌哈桑(Assassin)★3": 2, "[81]亨利·杰基尔＆海德(Assassin)★3": 1, "[124]静谧哈桑(Assassin)★3": 2, "[41]斯忒诺(Assassin)★4": 1, "[42]匕见(Assassin)★3": 1, "[117]风魔小太郎(Assassin)★3": 1, "[47]赫拉克勒斯(Berserker)★4": 1, "[89]贝奥武夫(Berserker)★4": 1, "[55]大流士三世(Berserker)★3": 3, "[56]清姬(Berserker)★3": 1, "[1]玛修·基列莱特(Shielder)★3": 1, "[352]徐福(Alterego)★3": 4}
礼装: {"[21]钢之锻炼★4": 1, "[26]宝石魔术·对影★4": 1, "[56]指令咏唱★4": 1, "[97]圣者凭依之躯★5": 2, "[98]千年黄金树★4": 1, "[182]毒蛇一艺★4": 1, "[186]情窦未开的千金★4": 1, "[244]四枝之浅滩★3": 2, "[246]特辣麻婆豆腐★3": 1, "[332]天之逆月★3": 1, "[401]私室警备员★4": 1, "[418]固有结界★3": 1, "[419]返老还童的灵药★3": 1, "[420]谜之面具群★3": 2, "[580]瓦砾的圣堂★3": 1, "[581]手无寸铁慎二君★3": 1, "[582]阿特拉斯院★3": 1, "[585]幻想种★3": 1, "[691]噬魂★3": 1, "[814]清扫者★4": 1, "[815]樱的特制便当★3": 2, "[1130]野心的嚆矢★4": 1, "[1270]庆祝回忆★5": 6, "[1271]头脑风暴★4": 2, "[1272]散状花★3": 14, "[1315]恋之诅咒★5": 1, "[1415]匮乏之人★3": 3, "[1512]庭園の守り人★4": 2, "[1513]穂群原学園生徒会長★3": 1, "[1576]華の楽土★4": 2, "[1577]告解の惑い場★4": 1, "[1609]代償魔術★4": 1, "[1610]枯れない花★3": 4, "[1691]逆堕つ泥雨★5": 1}

编号[a3162b5012b80c3e87dc947c725f2675]
等级: 1
圣晶石: 211
圣晶片: 3
呼符: 50
金/银/铜/青苹果: 44/0/0/0
登陆天数: 6天 / 81天
从者: {"[72]弗格斯·马克·罗伊(Saber)★3": 2, "[9]吉尔·德·雷(Saber)★3": 1, "[298]渡边纲(Saber)★4": 1, "[15]尤瑞艾莉(Archer)★3": 2, "[207]喀戎(Archer)★4": 1, "[17]库·丘林(Lancer)★3": 1, "[71]迪尔姆德·奥迪那(Lancer)★3": 1, "[22]罗穆路斯(Lancer)★3": 1, "[23]歌果(Rider)★3": 2, "[27]牛若丸(Rider)★3": 1, "[28]亚历山大(Rider)★3": 1, "[273]曼迪卡尔多(Rider)★3": 3, "[332]ドブルイニャ・ニキチッチ(Rider)★4": 1, "[284]阿尔托莉雅·卡斯特(Caster)★5": 1, "[42]匕见(Assassin)★3": 1, "[49]虎狼(Berserker)★3": 1, "[55]大流士三世(Berserker)★3": 2, "[56]清姬(Berserker)★3": 2, "[1]玛修·基列莱特(Shielder)★3": 1}
礼装: {"[22]原始咒术★4": 1, "[91]爱之灵药★3": 1, "[243]Bronze-Link Manipulators★3": 1, "[244]四枝之浅滩★3": 1, "[333]许德拉匕首★3": 2, "[246]特辣麻婆豆腐★3": 1, "[331]佛拉格拉克★3": 2, "[419]返老还童的灵药★3": 1, "[585]幻想种★3": 1, "[1271]头脑风暴★4": 1, "[1272]散状花★3": 3, "[1415]匮乏之人★3": 1}

编号[f8219be2b3ef6ee3b62b3a59da98785f]
等级: 1
圣晶石: 199
圣晶片: 3
呼符: 50
金/银/铜/青苹果: 44/0/0/0
登陆天数: 6天 / 81天
从者: {"[72]弗格斯·马克·罗伊(Saber)★3": 1, "[105]比利小子(Archer)★3": 1, "[125]俵藤太(Archer)★3": 1, "[246]威廉·退尔(Archer)★3": 1, "[17]库·丘林(Lancer)★3": 2, "[71]迪尔姆德·奥迪那(Lancer)★3": 1, "[20]库·丘林〔Prototype〕(Lancer)★3": 1, "[22]罗穆路斯(Lancer)★3": 1, "[186]宝藏院胤舜(Lancer)★3": 1, "[313]珀西瓦尔(Lancer)★4": 1, "[23]歌果(Rider)★3": 1, "[26]布狄卡(Rider)★3": 2, "[35]梅菲斯托费勒斯(Caster)★3": 1, "[284]阿尔托莉雅·卡斯特(Caster)★5": 1, "[348]張角(Caster)★3": 1, "[109]卫宫〔Assassin〕(Assassin)★4": 1, "[56]清姬(Berserker)★3": 1, "[58]玉藻猫(Berserker)★4": 1, "[1]玛修·基列莱特(Shielder)★3": 1}
礼装: {"[91]爱之灵药★3": 2, "[243]Bronze-Link Manipulators★3": 1, "[244]四枝之浅滩★3": 1, "[246]特辣麻婆豆腐★3": 1, "[247]宝石剑泽尔里奇★3": 3, "[331]佛拉格拉克★3": 1, "[419]返老还童的灵药★3": 1, "[580]瓦砾的圣堂★3": 1, "[581]手无寸铁慎二君★3": 1, "[582]阿特拉斯院★3": 2, "[815]樱的特制便当★3": 2, "[1270]庆祝回忆★5": 1, "[1271]头脑风暴★4": 1, "[1272]散状花★3": 2, "[1415]匮乏之人★3": 1, "[1606]五大元素使い★5": 1}

编号[ef0f791d5d895506aeae1c607b8bd468]
等级: 1
圣晶石: 34
圣晶片: 3
呼符: 50
金/银/铜/青苹果: 44/0/0/0
登陆天数: 6天 / 81天
从者: {"[7]盖乌斯·尤利乌斯·恺撒(Saber)★3": 1, "[72]弗格斯·马克·罗伊(Saber)★3": 1, "[9]吉尔·德·雷(Saber)★3": 2, "[245]拉克什米·芭伊(Saber)★4": 1, "[13]罗宾汉(Archer)★3": 3, "[15]尤瑞艾莉(Archer)★3": 3, "[125]俵藤太(Archer)★3": 1, "[95]幼吉尔(Archer)★3": 2, "[246]威廉·退尔(Archer)★3": 1, "[17]库·丘林(Lancer)★3": 1, "[71]迪尔姆德·奥迪那(Lancer)★3": 1, "[22]罗穆路斯(Lancer)★3": 2, "[186]宝藏院胤舜(Lancer)★3": 2, "[64]赫克托耳(Lancer)★3": 1, "[23]歌果(Rider)★3": 1, "[26]布狄卡(Rider)★3": 1, "[27]牛若丸(Rider)★3": 1, "[28]亚历山大(Rider)★3": 2, "[332]ドブルイニャ・ニキチッチ(Rider)★4": 1, "[31]美狄亚(Caster)★3": 1, "[80]查尔斯·巴贝奇(Caster)★3": 1, "[35]梅菲斯托费勒斯(Caster)★3": 3, "[104]杰罗尼莫(Caster)★3": 1, "[203]阿维斯布隆(Caster)★3": 1, "[284]阿尔托莉雅·卡斯特(Caster)★5": 1, "[348]張角(Caster)★3": 1, "[81]亨利·杰基尔＆海德(Assassin)★3": 3, "[124]静谧哈桑(Assassin)★3": 1, "[42]匕见(Assassin)★3": 1, "[117]风魔小太郎(Assassin)★3": 1, "[49]虎狼(Berserker)★3": 1, "[55]大流士三世(Berserker)★3": 1, "[56]清姬(Berserker)★3": 1, "[1]玛修·基列莱特(Shielder)★3": 1, "[352]徐福(Alterego)★3": 1}
礼装: {"[21]钢之锻炼★4": 1, "[26]宝石魔术·对影★4": 1, "[48]黑之圣杯★5": 1, "[56]指令咏唱★4": 1, "[89]柳洞寺★3": 2, "[91]爱之灵药★3": 3, "[244]四枝之浅滩★3": 2, "[333]许德拉匕首★3": 2, "[246]特辣麻婆豆腐★3": 1, "[247]宝石剑泽尔里奇★3": 2, "[264]援护射击★4": 1, "[265]卡姆兰之战★3": 2, "[331]佛拉格拉克★3": 1, "[401]私室警备员★4": 1, "[418]固有结界★3": 1, "[581]手无寸铁慎二君★3": 3, "[582]阿特拉斯院★3": 3, "[585]幻想种★3": 1, "[674]神造兵器★3": 1, "[691]噬魂★3": 3, "[913]远方的前路★4": 1, "[1270]庆祝回忆★5": 2, "[1271]头脑风暴★4": 1, "[1272]散状花★3": 15, "[1316]王者的气质★4": 1, "[1415]匮乏之人★3": 3, "[1485]冬之结晶★4": 1, "[1513]穂群原学園生徒会長★3": 2, "[1610]枯れない花★3": 1}

编号[06c16862e53fadd7f7e3d0180832088f]
等级: 1
圣晶石: 41
圣晶片: 3
呼符: 21
金/银/铜/青苹果: 44/0/0/0
登陆天数: 6天 / 81天
从者: {"[7]盖乌斯·尤利乌斯·恺撒(Saber)★3": 1, "[72]弗格斯·马克·罗伊(Saber)★3": 1, "[9]吉尔·德·雷(Saber)★3": 2, "[11]卫宫(Archer)★4": 1, "[13]罗宾汉(Archer)★3": 1, "[63]大卫(Archer)★3": 1, "[105]比利小子(Archer)★3": 1, "[15]尤瑞艾莉(Archer)★3": 1, "[246]威廉·退尔(Archer)★3": 1, "[17]库·丘林(Lancer)★3": 1, "[71]迪尔姆德·奥迪那(Lancer)★3": 2, "[22]罗穆路斯(Lancer)★3": 1, "[186]宝藏院胤舜(Lancer)★3": 1, "[313]珀西瓦尔(Lancer)★4": 1, "[23]歌果(Rider)★3": 1, "[26]布狄卡(Rider)★3": 1, "[27]牛若丸(Rider)★3": 1, "[31]美狄亚(Caster)★3": 2, "[79]冯·霍恩海姆·帕拉塞尔苏斯(Caster)★3": 1, "[80]查尔斯·巴贝奇(Caster)★3": 1, "[35]梅菲斯托费勒斯(Caster)★3": 1, "[104]杰罗尼莫(Caster)★3": 2, "[100]海伦娜·布拉瓦茨基(Caster)★4": 1, "[192]喀耳刻(Caster)★4": 2, "[203]阿维斯布隆(Caster)★3": 1, "[284]阿尔托莉雅·卡斯特(Caster)★5": 1, "[348]張角(Caster)★3": 2, "[110]百貌哈桑(Assassin)★3": 1, "[81]亨利·杰基尔＆海德(Assassin)★3": 1, "[124]静谧哈桑(Assassin)★3": 1, "[42]匕见(Assassin)★3": 1, "[159]燕青(Assassin)★4": 1, "[47]赫拉克勒斯(Berserker)★4": 1, "[48]兰斯洛特(Berserker)★4": 1, "[49]虎狼(Berserker)★3": 3, "[55]大流士三世(Berserker)★3": 1, "[56]清姬(Berserker)★3": 3, "[58]玉藻猫(Berserker)★4": 1, "[1]玛修·基列莱特(Shielder)★3": 1, "[352]徐福(Alterego)★3": 1}
礼装: {"[75]五百年的执着★5": 1, "[89]柳洞寺★3": 1, "[91]爱之灵药★3": 1, "[183]死之艺术★4": 1, "[243]Bronze-Link Manipulators★3": 1, "[333]许德拉匕首★3": 1, "[247]宝石剑泽尔里奇★3": 2, "[420]谜之面具群★3": 1, "[582]阿特拉斯院★3": 1, "[674]神造兵器★3": 1, "[691]噬魂★3": 1, "[815]樱的特制便当★3": 2, "[912]火炎伯爵★5": 1, "[1015]黄昏的王圣★5": 1, "[1208]韵律诗节★4": 1, "[1270]庆祝回忆★5": 2, "[1271]头脑风暴★4": 3, "[1272]散状花★3": 15, "[1415]匮乏之人★3": 2, "[1485]冬之结晶★4": 1, "[1513]穂群原学園生徒会長★3": 2, "[1576]華の楽土★4": 1, "[1577]告解の惑い場★4": 1, "[1608]悲願の継承★4": 1, "[1610]枯れない花★3": 4, "[1670]狩人の夢★4": 1}

编号[18c4c78eae69c1eaafefde5daceffcd3]
等级: 1
圣晶石: 70
圣晶片: 3
呼符: 50
金/银/铜/青苹果: 44/0/0/0
登陆天数: 6天 / 81天
从者: {"[7]盖乌斯·尤利乌斯·恺撒(Saber)★3": 1, "[8]阿蒂拉(Saber)★5": 1, "[9]吉尔·德·雷(Saber)★3": 2, "[13]罗宾汉(Archer)★3": 1, "[105]比利小子(Archer)★3": 1, "[125]俵藤太(Archer)★3": 1, "[95]幼吉尔(Archer)★3": 2, "[246]威廉·退尔(Archer)★3": 1, "[71]迪尔姆德·奥迪那(Lancer)★3": 2, "[20]库·丘林〔Prototype〕(Lancer)★3": 1, "[22]罗穆路斯(Lancer)★3": 1, "[186]宝藏院胤舜(Lancer)★3": 1, "[26]布狄卡(Rider)★3": 1, "[27]牛若丸(Rider)★3": 1, "[28]亚历山大(Rider)★3": 1, "[273]曼迪卡尔多(Rider)★3": 1, "[31]美狄亚(Caster)★3": 3, "[79]冯·霍恩海姆·帕拉塞尔苏斯(Caster)★3": 3, "[120]尼托克丽丝(Caster)★4": 1, "[35]梅菲斯托费勒斯(Caster)★3": 2, "[203]阿维斯布隆(Caster)★3": 1, "[284]阿尔托莉雅·卡斯特(Caster)★5": 1, "[110]百貌哈桑(Assassin)★3": 1, "[81]亨利·杰基尔＆海德(Assassin)★3": 2, "[41]斯忒诺(Assassin)★4": 1, "[42]匕见(Assassin)★3": 2, "[117]风魔小太郎(Assassin)★3": 1, "[55]大流士三世(Berserker)★3": 1, "[56]清姬(Berserker)★3": 1, "[1]玛修·基列莱特(Shielder)★3": 1, "[352]徐福(Alterego)★3": 1}
礼装: {"[26]宝石魔术·对影★4": 1, "[28]虚数魔术★4": 1, "[91]爱之灵药★3": 1, "[176]记录保持者★4": 2, "[186]情窦未开的千金★4": 2, "[243]Bronze-Link Manipulators★3": 1, "[244]四枝之浅滩★3": 2, "[333]许德拉匕首★3": 2, "[246]特辣麻婆豆腐★3": 2, "[247]宝石剑泽尔里奇★3": 3, "[264]援护射击★4": 1, "[265]卡姆兰之战★3": 1, "[331]佛拉格拉克★3": 2, "[418]固有结界★3": 2, "[419]返老还童的灵药★3": 1, "[420]谜之面具群★3": 1, "[580]瓦砾的圣堂★3": 2, "[582]阿特拉斯院★3": 3, "[815]樱的特制便当★3": 1, "[913]远方的前路★4": 1, "[1129]祈祷救济之人★5": 1, "[1207]黑魔术★5": 1, "[1270]庆祝回忆★5": 3, "[1271]头脑风暴★4": 2, "[1272]散状花★3": 6, "[1415]匮乏之人★3": 3, "[1513]穂群原学園生徒会長★3": 1, "[1607]投影装填★4": 1, "[1610]枯れない花★3": 1}

编号[b8e58ec7d512eca03ef4c91b32d0e108]
等级: 1
圣晶石: 35
圣晶片: 3
呼符: 0
金/银/铜/青苹果: 44/0/0/0
登陆天数: 6天 / 81天
从者: {"[7]盖乌斯·尤利乌斯·恺撒(Saber)★3": 2, "[72]弗格斯·马克·罗伊(Saber)★3": 1, "[13]罗宾汉(Archer)★3": 1, "[63]大卫(Archer)★3": 1, "[105]比利小子(Archer)★3": 2, "[15]尤瑞艾莉(Archer)★3": 1, "[95]幼吉尔(Archer)★3": 1, "[246]威廉·退尔(Archer)★3": 3, "[325]芝诺比阿(Archer)★4": 1, "[71]迪尔姆德·奥迪那(Lancer)★3": 3, "[20]库·丘林〔Prototype〕(Lancer)★3": 1, "[22]罗穆路斯(Lancer)★3": 2, "[186]宝藏院胤舜(Lancer)★3": 1, "[64]赫克托耳(Lancer)★3": 1, "[146]美杜莎(Lancer)★4": 2, "[23]歌果(Rider)★3": 2, "[26]布狄卡(Rider)★3": 3, "[27]牛若丸(Rider)★3": 2, "[28]亚历山大(Rider)★3": 3, "[273]曼迪卡尔多(Rider)★3": 2, "[332]ドブルイニャ・ニキチッチ(Rider)★4": 1, "[366]黄飛虎(Rider)★4": 1, "[31]美狄亚(Caster)★3": 3, "[80]查尔斯·巴贝奇(Caster)★3": 1, "[35]梅菲斯托费勒斯(Caster)★3": 1, "[104]杰罗尼莫(Caster)★3": 3, "[203]阿维斯布隆(Caster)★3": 2, "[284]阿尔托莉雅·卡斯特(Caster)★5": 1, "[348]張角(Caster)★3": 2, "[124]静谧哈桑(Assassin)★3": 1, "[42]匕见(Assassin)★3": 2, "[117]风魔小太郎(Assassin)★3": 1, "[159]燕青(Assassin)★4": 1, "[49]虎狼(Berserker)★3": 4, "[89]贝奥武夫(Berserker)★4": 2, "[55]大流士三世(Berserker)★3": 1, "[56]清姬(Berserker)★3": 2, "[58]玉藻猫(Berserker)★4": 1, "[1]玛修·基列莱特(Shielder)★3": 1, "[59]贞德(Ruler)★5": 1, "[352]徐福(Alterego)★3": 2}
礼装: {"[89]柳洞寺★3": 1, "[93]阿兰若★3": 1, "[184]柔软的慈爱★4": 1, "[243]Bronze-Link Manipulators★3": 3, "[246]特辣麻婆豆腐★3": 1, "[265]卡姆兰之战★3": 2, "[331]佛拉格拉克★3": 1, "[332]天之逆月★3": 1, "[418]固有结界★3": 3, "[420]谜之面具群★3": 2, "[674]神造兵器★3": 1, "[815]樱的特制便当★3": 2, "[1270]庆祝回忆★5": 8, "[1271]头脑风暴★4": 7, "[1272]散状花★3": 16, "[1316]王者的气质★4": 1, "[1413]虚数属性★4": 1, "[1485]冬之结晶★4": 1, "[1513]穂群原学園生徒会長★3": 2, "[1575]幻想の姫★5": 1, "[1609]代償魔術★4": 1, "[1610]枯れない花★3": 3}

编号[a6897d44e715b71842b423f59a9efe26]
等级: 1
圣晶石: 154
圣晶片: 3
呼符: 50
金/银/铜/青苹果: 44/0/0/0
登陆天数: 6天 / 81天
从者: {"[72]弗格斯·马克·罗伊(Saber)★3": 1, "[63]大卫(Archer)★3": 2, "[105]比利小子(Archer)★3": 1, "[15]尤瑞艾莉(Archer)★3": 1, "[246]威廉·退尔(Archer)★3": 1, "[17]库·丘林(Lancer)★3": 1, "[71]迪尔姆德·奥迪那(Lancer)★3": 1, "[20]库·丘林〔Prototype〕(Lancer)★3": 1, "[23]歌果(Rider)★3": 1, "[26]布狄卡(Rider)★3": 2, "[35]梅菲斯托费勒斯(Caster)★3": 1, "[203]阿维斯布隆(Caster)★3": 1, "[284]阿尔托莉雅·卡斯特(Caster)★5": 1, "[110]百貌哈桑(Assassin)★3": 1, "[159]燕青(Assassin)★4": 1, "[47]赫拉克勒斯(Berserker)★4": 1, "[56]清姬(Berserker)★3": 1, "[1]玛修·基列莱特(Shielder)★3": 1}
礼装: {"[26]宝石魔术·对影★4": 2, "[56]指令咏唱★4": 1, "[89]柳洞寺★3": 1, "[91]爱之灵药★3": 1, "[97]圣者凭依之躯★5": 1, "[98]千年黄金树★4": 1, "[333]许德拉匕首★3": 2, "[246]特辣麻婆豆腐★3": 1, "[265]卡姆兰之战★3": 2, "[331]佛拉格拉克★3": 1, "[332]天之逆月★3": 2, "[418]固有结界★3": 1, "[420]谜之面具群★3": 1, "[581]手无寸铁慎二君★3": 1, "[582]阿特拉斯院★3": 3, "[585]幻想种★3": 1, "[674]神造兵器★3": 1, "[691]噬魂★3": 2, "[1270]庆祝回忆★5": 2, "[1271]头脑风暴★4": 6, "[1272]散状花★3": 5, "[1415]匮乏之人★3": 1, "[1513]穂群原学園生徒会長★3": 1}

编号[e9b20eace703faf830144b320ee683ee]
等级: 1
圣晶石: 250
圣晶片: 3
呼符: 50
金/银/铜/青苹果: 44/0/0/0
登陆天数: 6天 / 81天
从者: {"[7]盖乌斯·尤利乌斯·恺撒(Saber)★3": 1, "[72]弗格斯·马克·罗伊(Saber)★3": 1, "[17]库·丘林(Lancer)★3": 1, "[20]库·丘林〔Prototype〕(Lancer)★3": 1, "[22]罗穆路斯(Lancer)★3": 1, "[64]赫克托耳(Lancer)★3": 1, "[214]瓦尔基里(Lancer)★4": 1, "[23]歌果(Rider)★3": 2, "[28]亚历山大(Rider)★3": 2, "[284]阿尔托莉雅·卡斯特(Caster)★5": 1, "[110]百貌哈桑(Assassin)★3": 1, "[117]风魔小太郎(Assassin)★3": 1, "[159]燕青(Assassin)★4": 1, "[49]虎狼(Berserker)★3": 1, "[1]玛修·基列莱特(Shielder)★3": 1}
礼装: {"[89]柳洞寺★3": 1, "[265]卡姆兰之战★3": 1, "[581]手无寸铁慎二君★3": 1, "[585]幻想种★3": 1, "[774]最后的叙述者★4": 1, "[1270]庆祝回忆★5": 1, "[1272]散状花★3": 2, "[1513]穂群原学園生徒会長★3": 2}

编号[d52f78d8ecd044015419fd8f82e0449a]
等级: 1
圣晶石: 242
圣晶片: 3
呼符: 16
金/银/铜/青苹果: 44/0/0/0
登陆天数: 6天 / 81天
从者: {"[7]盖乌斯·尤利乌斯·恺撒(Saber)★3": 2, "[72]弗格斯·马克·罗伊(Saber)★3": 1, "[9]吉尔·德·雷(Saber)★3": 1, "[13]罗宾汉(Archer)★3": 1, "[63]大卫(Archer)★3": 1, "[15]尤瑞艾莉(Archer)★3": 2, "[125]俵藤太(Archer)★3": 2, "[95]幼吉尔(Archer)★3": 1, "[246]威廉·退尔(Archer)★3": 1, "[20]库·丘林〔Prototype〕(Lancer)★3": 2, "[22]罗穆路斯(Lancer)★3": 1, "[214]瓦尔基里(Lancer)★4": 1, "[23]歌果(Rider)★3": 1, "[26]布狄卡(Rider)★3": 1, "[27]牛若丸(Rider)★3": 1, "[28]亚历山大(Rider)★3": 1, "[273]曼迪卡尔多(Rider)★3": 1, "[31]美狄亚(Caster)★3": 1, "[79]冯·霍恩海姆·帕拉塞尔苏斯(Caster)★3": 2, "[80]查尔斯·巴贝奇(Caster)★3": 1, "[284]阿尔托莉雅·卡斯特(Caster)★5": 1, "[348]張角(Caster)★3": 1, "[42]匕见(Assassin)★3": 1, "[117]风魔小太郎(Assassin)★3": 2, "[49]虎狼(Berserker)★3": 3, "[56]清姬(Berserker)★3": 1, "[202]阿塔兰忒〔Alter〕(Berserker)★4": 1, "[1]玛修·基列莱特(Shielder)★3": 1, "[352]徐福(Alterego)★3": 1}
礼装: {"[21]钢之锻炼★4": 1, "[26]宝石魔术·对影★4": 2, "[184]柔软的慈爱★4": 1, "[186]情窦未开的千金★4": 1, "[331]佛拉格拉克★3": 1, "[418]固有结界★3": 1, "[815]樱的特制便当★3": 1, "[1130]野心的嚆矢★4": 1, "[1270]庆祝回忆★5": 1, "[1271]头脑风暴★4": 4, "[1272]散状花★3": 5, "[1415]匮乏之人★3": 2, "[1513]穂群原学園生徒会長★3": 1, "[1576]華の楽土★4": 1, "[1610]枯れない花★3": 3, "[1692]免許皆伝★4": 1}

